<?xml version="1.0" encoding="UTF-8" ?>
<testsuite tests="110" failures="0" name="ma3s.fintech.test.SuiteTest" time="5.309" errors="110" skipped="0">
  <properties>
    <property name="java.runtime.name" value="Java(TM) SE Runtime Environment"/>
    <property name="sun.boot.library.path" value="C:\Program Files\Java\jdk1.8.0_202\jre\bin"/>
    <property name="java.vm.version" value="25.202-b08"/>
    <property name="java.vm.vendor" value="Oracle Corporation"/>
    <property name="maven.multiModuleProjectDirectory" value="C:\Users\Adrián\IdeaProjects\MA3S_Proyecto\fintech"/>
    <property name="java.vendor.url" value="http://java.oracle.com/"/>
    <property name="path.separator" value=";"/>
    <property name="guice.disable.misplaced.annotation.check" value="true"/>
    <property name="java.vm.name" value="Java HotSpot(TM) 64-Bit Server VM"/>
    <property name="file.encoding.pkg" value="sun.io"/>
    <property name="user.script" value=""/>
    <property name="user.country" value="ES"/>
    <property name="sun.java.launcher" value="SUN_STANDARD"/>
    <property name="sun.os.patch.level" value=""/>
    <property name="java.vm.specification.name" value="Java Virtual Machine Specification"/>
    <property name="user.dir" value="C:\Users\Adrián\IdeaProjects\MA3S_Proyecto\fintech"/>
    <property name="java.runtime.version" value="1.8.0_202-b08"/>
    <property name="java.awt.graphicsenv" value="sun.awt.Win32GraphicsEnvironment"/>
    <property name="java.endorsed.dirs" value="C:\Program Files\Java\jdk1.8.0_202\jre\lib\endorsed"/>
    <property name="os.arch" value="amd64"/>
    <property name="java.io.tmpdir" value="C:\Users\ADRIN~1\AppData\Local\Temp\"/>
    <property name="line.separator" value="
"/>
    <property name="java.vm.specification.vendor" value="Oracle Corporation"/>
    <property name="user.variant" value=""/>
    <property name="os.name" value="Windows 10"/>
    <property name="classworlds.conf" value="C:\Program Files\Maven\apache-maven-3.8.5\bin\m2.conf"/>
    <property name="sun.jnu.encoding" value="Cp1252"/>
    <property name="java.library.path" value="C:\Program Files\Java\jdk1.8.0_202\bin;C:\Windows\Sun\Java\bin;C:\Windows\system32;C:\Windows;C:\Program Files\Maven\apache-maven-3.8.5\bin;C:\Program Files (x86)\Common Files\Oracle\Java\javapath;C:\Program Files\Common Files\Oracle\Java\javapath;C:\Program Files\Haskell\bin;C:\Program Files\Haskell Platform\8.6.5\lib\extralibs\bin;C:\Program Files\Haskell Platform\8.6.5\bin;C:\Windows\system32;C:\Windows;C:\Windows\System32\Wbem;C:\Windows\System32\WindowsPowerShell\v1.0\;C:\Windows\System32\OpenSSH\;C:\Program Files\Haskell Platform\8.6.5\mingw\bin;C:\yagarto-20121222\bin;C:\Program Files\Git\cmd;C:\HashiCorp\Vagrant\bin;C:\Program Files\Docker\Docker\resources\bin;C:\ProgramData\DockerDesktop\version-bin;C:\Users\Adrián\AppData\Local\Programs\Python\Python39\Scripts\;C:\Users\Adrián\AppData\Local\Programs\Python\Python39\;C:\Users\Adrián\AppData\Roaming\cabal\bin;C:\Users\Adrián\AppData\Roaming\local\bin;C:\Users\Adrián\AppData\Local\Microsoft\WindowsApps;C:\Users\Adrián\AppData\Local\Programs\Microsoft VS Code\bin;."/>
    <property name="maven.conf" value="C:\Program Files\Maven\apache-maven-3.8.5/conf"/>
    <property name="java.specification.name" value="Java Platform API Specification"/>
    <property name="java.class.version" value="52.0"/>
    <property name="sun.management.compiler" value="HotSpot 64-Bit Tiered Compilers"/>
    <property name="os.version" value="10.0"/>
    <property name="library.jansi.path" value="C:\Program Files\Maven\apache-maven-3.8.5\lib\jansi-native"/>
    <property name="user.home" value="C:\Users\Adrián"/>
    <property name="user.timezone" value="Europe/Paris"/>
    <property name="java.awt.printerjob" value="sun.awt.windows.WPrinterJob"/>
    <property name="java.specification.version" value="1.8"/>
    <property name="file.encoding" value="Cp1252"/>
    <property name="user.name" value="Adrián"/>
    <property name="java.class.path" value="C:\Program Files\Maven\apache-maven-3.8.5\boot\plexus-classworlds-2.6.0.jar"/>
    <property name="java.vm.specification.version" value="1.8"/>
    <property name="sun.arch.data.model" value="64"/>
    <property name="java.home" value="C:\Program Files\Java\jdk1.8.0_202\jre"/>
    <property name="sun.java.command" value="org.codehaus.plexus.classworlds.launcher.Launcher test"/>
    <property name="java.specification.vendor" value="Oracle Corporation"/>
    <property name="user.language" value="es"/>
    <property name="awt.toolkit" value="sun.awt.windows.WToolkit"/>
    <property name="java.vm.info" value="mixed mode"/>
    <property name="java.version" value="1.8.0_202"/>
    <property name="java.ext.dirs" value="C:\Program Files\Java\jdk1.8.0_202\jre\lib\ext;C:\Windows\Sun\Java\lib\ext"/>
    <property name="sun.boot.class.path" value="C:\Program Files\Java\jdk1.8.0_202\jre\lib\resources.jar;C:\Program Files\Java\jdk1.8.0_202\jre\lib\rt.jar;C:\Program Files\Java\jdk1.8.0_202\jre\lib\sunrsasign.jar;C:\Program Files\Java\jdk1.8.0_202\jre\lib\jsse.jar;C:\Program Files\Java\jdk1.8.0_202\jre\lib\jce.jar;C:\Program Files\Java\jdk1.8.0_202\jre\lib\charsets.jar;C:\Program Files\Java\jdk1.8.0_202\jre\lib\jfr.jar;C:\Program Files\Java\jdk1.8.0_202\jre\classes"/>
    <property name="sun.stderr.encoding" value="cp850"/>
    <property name="java.vendor" value="Oracle Corporation"/>
    <property name="maven.home" value="C:\Program Files\Maven\apache-maven-3.8.5"/>
    <property name="file.separator" value="\"/>
    <property name="java.vendor.url.bug" value="http://bugreport.sun.com/bugreport/"/>
    <property name="sun.cpu.endian" value="little"/>
    <property name="sun.io.unicode.encoding" value="UnicodeLittle"/>
    <property name="sun.stdout.encoding" value="cp850"/>
    <property name="sun.desktop" value="windows"/>
    <property name="sun.cpu.isalist" value="amd64"/>
  </properties>
  <testcase classname="ma3s.fintech.test.Cuentas" name="testCierreCuentaOk" time="0.618">
    <error message="Exception [EclipseLink-4002] (Eclipse Persistence Services - 2.7.6.v20200131-b7c997804f): org.eclipse.persistence.exceptions.DatabaseException
Internal Exception: org.h2.jdbc.JdbcSQLIntegrityConstraintViolationException: La columna &quot;DIRECCION&quot; no permite valores nulos (NULL)
NULL not allowed for column &quot;DIRECCION&quot;; SQL statement:
INSERT INTO CLIENTE (ID, CIUDAD, CODIGOPOSTAL, DIRECCION, ESTADO, FECHAALTA, FECHABAJA, IDENTIFICACION, PAIS, TIPOCLIENTE, USER_USER, DTYPE) VALUES (?, ?, ?, ?, ?, ?, ?, ?, ?, ?, ?, ?) [23502-200]
Error Code: 23502
Call: INSERT INTO CLIENTE (ID, CIUDAD, CODIGOPOSTAL, DIRECCION, ESTADO, FECHAALTA, FECHABAJA, IDENTIFICACION, PAIS, TIPOCLIENTE, USER_USER, DTYPE) VALUES (?, ?, ?, ?, ?, ?, ?, ?, ?, ?, ?, ?)
	bind =&gt; [12 parameters bound]
Query: InsertObjectQuery(Cliente{
id=1
identificacion=Avenia Plutarco
tipoCliente=null
estado=Activo
fechaAlta=Thu Apr 28 17:23:35 CEST 2022
fechaBaja=null
direccion=null
ciudad=Malaga
codigopostal=29004
pais=Espana
cuentasFintech={[]}}Empresa{
razon_social=UMA})" type="javax.persistence.RollbackException">javax.persistence.RollbackException: Exception [EclipseLink-4002] (Eclipse Persistence Services - 2.7.6.v20200131-b7c997804f): org.eclipse.persistence.exceptions.DatabaseException
Internal Exception: org.h2.jdbc.JdbcSQLIntegrityConstraintViolationException: La columna &quot;DIRECCION&quot; no permite valores nulos (NULL)
NULL not allowed for column &quot;DIRECCION&quot;; SQL statement:
INSERT INTO CLIENTE (ID, CIUDAD, CODIGOPOSTAL, DIRECCION, ESTADO, FECHAALTA, FECHABAJA, IDENTIFICACION, PAIS, TIPOCLIENTE, USER_USER, DTYPE) VALUES (?, ?, ?, ?, ?, ?, ?, ?, ?, ?, ?, ?) [23502-200]
Error Code: 23502
Call: INSERT INTO CLIENTE (ID, CIUDAD, CODIGOPOSTAL, DIRECCION, ESTADO, FECHAALTA, FECHABAJA, IDENTIFICACION, PAIS, TIPOCLIENTE, USER_USER, DTYPE) VALUES (?, ?, ?, ?, ?, ?, ?, ?, ?, ?, ?, ?)
	bind =&gt; [12 parameters bound]
Query: InsertObjectQuery(Cliente{
id=1
identificacion=Avenia Plutarco
tipoCliente=null
estado=Activo
fechaAlta=Thu Apr 28 17:23:35 CEST 2022
fechaBaja=null
direccion=null
ciudad=Malaga
codigopostal=29004
pais=Espana
cuentasFintech={[]}}Empresa{
razon_social=UMA})
	at org.eclipse.persistence.internal.jpa.transaction.EntityTransactionImpl.commit(EntityTransactionImpl.java:161)
	at ma3s.fintech.test.BaseDatos.inicializaBaseDatos(BaseDatos.java:229)
	at ma3s.fintech.test.Cuentas.setup(Cuentas.java:28)
	at sun.reflect.NativeMethodAccessorImpl.invoke0(Native Method)
	at sun.reflect.NativeMethodAccessorImpl.invoke(NativeMethodAccessorImpl.java:62)
	at sun.reflect.DelegatingMethodAccessorImpl.invoke(DelegatingMethodAccessorImpl.java:43)
	at java.lang.reflect.Method.invoke(Method.java:498)
	at org.junit.runners.model.FrameworkMethod$1.runReflectiveCall(FrameworkMethod.java:59)
	at org.junit.internal.runners.model.ReflectiveCallable.run(ReflectiveCallable.java:12)
	at org.junit.runners.model.FrameworkMethod.invokeExplosively(FrameworkMethod.java:56)
	at org.junit.internal.runners.statements.RunBefores.invokeMethod(RunBefores.java:33)
	at org.junit.internal.runners.statements.RunBefores.evaluate(RunBefores.java:24)
	at org.junit.runners.ParentRunner$3.evaluate(ParentRunner.java:306)
	at org.junit.runners.BlockJUnit4ClassRunner$1.evaluate(BlockJUnit4ClassRunner.java:100)
	at org.junit.runners.ParentRunner.runLeaf(ParentRunner.java:366)
	at org.junit.runners.BlockJUnit4ClassRunner.runChild(BlockJUnit4ClassRunner.java:103)
	at org.junit.runners.BlockJUnit4ClassRunner.runChild(BlockJUnit4ClassRunner.java:63)
	at org.junit.runners.ParentRunner$4.run(ParentRunner.java:331)
	at org.junit.runners.ParentRunner$1.schedule(ParentRunner.java:79)
	at org.junit.runners.ParentRunner.runChildren(ParentRunner.java:329)
	at org.junit.runners.ParentRunner.access$100(ParentRunner.java:66)
	at org.junit.runners.ParentRunner$2.evaluate(ParentRunner.java:293)
	at org.junit.runners.ParentRunner$3.evaluate(ParentRunner.java:306)
	at org.junit.runners.ParentRunner.run(ParentRunner.java:413)
	at org.junit.runners.Suite.runChild(Suite.java:128)
	at org.junit.runners.Suite.runChild(Suite.java:27)
	at org.junit.runners.ParentRunner$4.run(ParentRunner.java:331)
	at org.junit.runners.ParentRunner$1.schedule(ParentRunner.java:79)
	at org.junit.runners.ParentRunner.runChildren(ParentRunner.java:329)
	at org.junit.runners.ParentRunner.access$100(ParentRunner.java:66)
	at org.junit.runners.ParentRunner$2.evaluate(ParentRunner.java:293)
	at org.junit.internal.runners.statements.RunBefores.evaluate(RunBefores.java:26)
	at org.junit.internal.runners.statements.RunAfters.evaluate(RunAfters.java:27)
	at org.junit.runners.ParentRunner$3.evaluate(ParentRunner.java:306)
	at org.junit.runners.ParentRunner.run(ParentRunner.java:413)
	at org.apache.maven.surefire.junit4.JUnit4Provider.execute(JUnit4Provider.java:252)
	at org.apache.maven.surefire.junit4.JUnit4Provider.executeTestSet(JUnit4Provider.java:141)
	at org.apache.maven.surefire.junit4.JUnit4Provider.invoke(JUnit4Provider.java:112)
	at sun.reflect.NativeMethodAccessorImpl.invoke0(Native Method)
	at sun.reflect.NativeMethodAccessorImpl.invoke(NativeMethodAccessorImpl.java:62)
	at sun.reflect.DelegatingMethodAccessorImpl.invoke(DelegatingMethodAccessorImpl.java:43)
	at java.lang.reflect.Method.invoke(Method.java:498)
	at org.apache.maven.surefire.util.ReflectionUtils.invokeMethodWithArray(ReflectionUtils.java:189)
	at org.apache.maven.surefire.booter.ProviderFactory$ProviderProxy.invoke(ProviderFactory.java:165)
	at org.apache.maven.surefire.booter.ProviderFactory.invokeProvider(ProviderFactory.java:85)
	at org.apache.maven.surefire.booter.ForkedBooter.runSuitesInProcess(ForkedBooter.java:115)
	at org.apache.maven.surefire.booter.ForkedBooter.main(ForkedBooter.java:75)
Caused by: Exception [EclipseLink-4002] (Eclipse Persistence Services - 2.7.6.v20200131-b7c997804f): org.eclipse.persistence.exceptions.DatabaseException
Internal Exception: org.h2.jdbc.JdbcSQLIntegrityConstraintViolationException: La columna &quot;DIRECCION&quot; no permite valores nulos (NULL)
NULL not allowed for column &quot;DIRECCION&quot;; SQL statement:
INSERT INTO CLIENTE (ID, CIUDAD, CODIGOPOSTAL, DIRECCION, ESTADO, FECHAALTA, FECHABAJA, IDENTIFICACION, PAIS, TIPOCLIENTE, USER_USER, DTYPE) VALUES (?, ?, ?, ?, ?, ?, ?, ?, ?, ?, ?, ?) [23502-200]
Error Code: 23502
Call: INSERT INTO CLIENTE (ID, CIUDAD, CODIGOPOSTAL, DIRECCION, ESTADO, FECHAALTA, FECHABAJA, IDENTIFICACION, PAIS, TIPOCLIENTE, USER_USER, DTYPE) VALUES (?, ?, ?, ?, ?, ?, ?, ?, ?, ?, ?, ?)
	bind =&gt; [12 parameters bound]
Query: InsertObjectQuery(Cliente{
id=1
identificacion=Avenia Plutarco
tipoCliente=null
estado=Activo
fechaAlta=Thu Apr 28 17:23:35 CEST 2022
fechaBaja=null
direccion=null
ciudad=Malaga
codigopostal=29004
pais=Espana
cuentasFintech={[]}}Empresa{
razon_social=UMA})
	at org.eclipse.persistence.exceptions.DatabaseException.sqlException(DatabaseException.java:333)
	at org.eclipse.persistence.internal.databaseaccess.DatabaseAccessor.executeDirectNoSelect(DatabaseAccessor.java:908)
	at org.eclipse.persistence.internal.databaseaccess.DatabaseAccessor.executeNoSelect(DatabaseAccessor.java:970)
	at org.eclipse.persistence.internal.databaseaccess.DatabaseAccessor.basicExecuteCall(DatabaseAccessor.java:640)
	at org.eclipse.persistence.internal.databaseaccess.DatabaseAccessor.executeCall(DatabaseAccessor.java:567)
	at org.eclipse.persistence.internal.sessions.AbstractSession.basicExecuteCall(AbstractSession.java:2099)
	at org.eclipse.persistence.sessions.server.ClientSession.executeCall(ClientSession.java:313)
	at org.eclipse.persistence.internal.queries.DatasourceCallQueryMechanism.executeCall(DatasourceCallQueryMechanism.java:275)
	at org.eclipse.persistence.internal.queries.DatasourceCallQueryMechanism.insertObject(DatasourceCallQueryMechanism.java:397)
	at org.eclipse.persistence.internal.queries.StatementQueryMechanism.insertObject(StatementQueryMechanism.java:167)
	at org.eclipse.persistence.internal.queries.StatementQueryMechanism.insertObject(StatementQueryMechanism.java:182)
	at org.eclipse.persistence.internal.queries.DatabaseQueryMechanism.insertObjectForWrite(DatabaseQueryMechanism.java:504)
	at org.eclipse.persistence.queries.InsertObjectQuery.executeCommit(InsertObjectQuery.java:82)
	at org.eclipse.persistence.queries.InsertObjectQuery.executeCommitWithChangeSet(InsertObjectQuery.java:92)
	at org.eclipse.persistence.internal.queries.DatabaseQueryMechanism.executeWriteWithChangeSet(DatabaseQueryMechanism.java:316)
	at org.eclipse.persistence.queries.WriteObjectQuery.executeDatabaseQuery(WriteObjectQuery.java:60)
	at org.eclipse.persistence.queries.DatabaseQuery.execute(DatabaseQuery.java:911)
	at org.eclipse.persistence.queries.DatabaseQuery.executeInUnitOfWork(DatabaseQuery.java:810)
	at org.eclipse.persistence.queries.ObjectLevelModifyQuery.executeInUnitOfWorkObjectLevelModifyQuery(ObjectLevelModifyQuery.java:110)
	at org.eclipse.persistence.queries.ObjectLevelModifyQuery.executeInUnitOfWork(ObjectLevelModifyQuery.java:87)
	at org.eclipse.persistence.internal.sessions.UnitOfWorkImpl.internalExecuteQuery(UnitOfWorkImpl.java:2983)
	at org.eclipse.persistence.internal.sessions.AbstractSession.executeQuery(AbstractSession.java:1898)
	at org.eclipse.persistence.internal.sessions.AbstractSession.executeQuery(AbstractSession.java:1880)
	at org.eclipse.persistence.internal.sessions.AbstractSession.executeQuery(AbstractSession.java:1830)
	at org.eclipse.persistence.internal.sessions.CommitManager.commitNewObjectsForClassWithChangeSet(CommitManager.java:229)
	at org.eclipse.persistence.internal.sessions.CommitManager.commitAllObjectsForClassWithChangeSet(CommitManager.java:196)
	at org.eclipse.persistence.internal.sessions.CommitManager.commitAllObjectsWithChangeSet(CommitManager.java:141)
	at org.eclipse.persistence.internal.sessions.AbstractSession.writeAllObjectsWithChangeSet(AbstractSession.java:4398)
	at org.eclipse.persistence.internal.sessions.UnitOfWorkImpl.commitToDatabase(UnitOfWorkImpl.java:1495)
	at org.eclipse.persistence.internal.sessions.UnitOfWorkImpl.commitToDatabaseWithChangeSet(UnitOfWorkImpl.java:1585)
	at org.eclipse.persistence.internal.sessions.RepeatableWriteUnitOfWork.commitRootUnitOfWork(RepeatableWriteUnitOfWork.java:280)
	at org.eclipse.persistence.internal.sessions.UnitOfWorkImpl.commitAndResume(UnitOfWorkImpl.java:1222)
	at org.eclipse.persistence.internal.jpa.transaction.EntityTransactionImpl.commit(EntityTransactionImpl.java:136)
	... 46 more
Caused by: org.h2.jdbc.JdbcSQLIntegrityConstraintViolationException: La columna &quot;DIRECCION&quot; no permite valores nulos (NULL)
NULL not allowed for column &quot;DIRECCION&quot;; SQL statement:
INSERT INTO CLIENTE (ID, CIUDAD, CODIGOPOSTAL, DIRECCION, ESTADO, FECHAALTA, FECHABAJA, IDENTIFICACION, PAIS, TIPOCLIENTE, USER_USER, DTYPE) VALUES (?, ?, ?, ?, ?, ?, ?, ?, ?, ?, ?, ?) [23502-200]
	at org.h2.message.DbException.getJdbcSQLException(DbException.java:459)
	at org.h2.message.DbException.getJdbcSQLException(DbException.java:429)
	at org.h2.message.DbException.get(DbException.java:205)
	at org.h2.message.DbException.get(DbException.java:181)
	at org.h2.table.Column.validateConvertUpdateSequence(Column.java:374)
	at org.h2.table.Table.validateConvertUpdateSequence(Table.java:845)
	at org.h2.command.dml.Insert.insertRows(Insert.java:187)
	at org.h2.command.dml.Insert.update(Insert.java:151)
	at org.h2.command.CommandContainer.update(CommandContainer.java:198)
	at org.h2.command.Command.executeUpdate(Command.java:251)
	at org.h2.jdbc.JdbcPreparedStatement.executeUpdateInternal(JdbcPreparedStatement.java:191)
	at org.h2.jdbc.JdbcPreparedStatement.executeUpdate(JdbcPreparedStatement.java:152)
	at org.eclipse.persistence.internal.databaseaccess.DatabaseAccessor.executeDirectNoSelect(DatabaseAccessor.java:898)
	... 77 more
</error>
    <system-out>[EL Info]: 2022-04-28 17:23:34.886--ServerSession(1969874628)--EclipseLink, version: Eclipse Persistence Services - 2.7.6.v20200131-b7c997804f
[EL Info]: connection: 2022-04-28 17:23:34.907--ServerSession(1969874628)--/file:/C:/Users/Adrián/IdeaProjects/MA3S_Proyecto/fintech/fintech-ejb/target/test-classes/_FintechEjbTest login successful
[EL Warning]: 2022-04-28 17:23:35.241--UnitOfWork(1690068334)--Exception [EclipseLink-4002] (Eclipse Persistence Services - 2.7.6.v20200131-b7c997804f): org.eclipse.persistence.exceptions.DatabaseException
Internal Exception: org.h2.jdbc.JdbcSQLIntegrityConstraintViolationException: La columna &quot;DIRECCION&quot; no permite valores nulos (NULL)
NULL not allowed for column &quot;DIRECCION&quot;; SQL statement:
INSERT INTO CLIENTE (ID, CIUDAD, CODIGOPOSTAL, DIRECCION, ESTADO, FECHAALTA, FECHABAJA, IDENTIFICACION, PAIS, TIPOCLIENTE, USER_USER, DTYPE) VALUES (?, ?, ?, ?, ?, ?, ?, ?, ?, ?, ?, ?) [23502-200]
Error Code: 23502
Call: INSERT INTO CLIENTE (ID, CIUDAD, CODIGOPOSTAL, DIRECCION, ESTADO, FECHAALTA, FECHABAJA, IDENTIFICACION, PAIS, TIPOCLIENTE, USER_USER, DTYPE) VALUES (?, ?, ?, ?, ?, ?, ?, ?, ?, ?, ?, ?)
	bind =&gt; [12 parameters bound]
Query: InsertObjectQuery(Cliente{
id=1
identificacion=Avenia Plutarco
tipoCliente=null
estado=Activo
fechaAlta=Thu Apr 28 17:23:35 CEST 2022
fechaBaja=null
direccion=null
ciudad=Malaga
codigopostal=29004
pais=Espana
cuentasFintech={[]}}Empresa{
razon_social=UMA})
</system-out>
    <system-err>abr 28, 2022 5:21:43 PM org.glassfish.ejb.embedded.EJBContainerProviderImpl getValidFile
ADVERTENCIA: EJB6008:Specified or calculated application server instance [C:\Users\Adrián\.m2\repository\org\glassfish\main\extras\glassfish-embedded-all\domains\domain1] does not exist.
abr 28, 2022 5:21:44 PM org.glassfish.ejb.embedded.EJBContainerProviderImpl createContainer
INFORMACIÓN: [EJBContainerProviderImpl] Using config file location: file:/C:/Users/ADRIN~1/AppData/Local/Temp/domain7180997929341768328xml
abr 28, 2022 5:21:44 PM org.glassfish.ejb.embedded.EJBContainerProviderImpl createContainer
INFORMACIÓN: [EJBContainerProviderImpl] Using runtime class: class com.sun.enterprise.glassfish.bootstrap.StaticGlassFishRuntime
abr 28, 2022 5:21:47 PM com.sun.enterprise.v3.server.CommonClassLoaderServiceImpl findDerbyClient
INFORMACIÓN: Cannot find javadb client jar file, derby jdbc driver will not be available by default.
abr 28, 2022 5:21:48 PM org.hibernate.validator.internal.util.Version &lt;clinit&gt;
INFO: HV000001: Hibernate Validator null
abr 28, 2022 5:21:50 PM org.glassfish.security.services.impl.authorization.AuthorizationServiceImpl initialize
INFORMACIÓN: Authorization Service has successfully initialized.
abr 28, 2022 5:21:52 PM com.sun.enterprise.security.ssl.impl.SecuritySupportImpl checkCertificateDates
GRAVE: The SSL certificate has expired: [
[
  Version: V3
  Subject: CN=localhost, OU=GlassFish, O=Sun Microsystems, L=Santa Clara, ST=California, C=US
  Signature Algorithm: SHA1withRSA, OID = 1.2.840.113549.1.1.5

  Key:  Sun RSA public key, 1024 bits
  modulus: 145607243452859689580129548866124791697266876389020072346169573106005067922351621693980274409566977123703120560397141987498630922827852965950283535196583826176478163336993643826795231487853960699742178569310586812871660687609669142799497192378661602695305819033929044820179434366507221428988785371476479913059
  public exponent: 65537
  Validity: [From: Tue Jul 07 10:27:35 CEST 2009,
               To: Fri Jul 05 10:27:35 CEST 2019]
  Issuer: CN=localhost, OU=GlassFish, O=Sun Microsystems, L=Santa Clara, ST=California, C=US
  SerialNumber: [    4a5306f7]

Certificate Extensions: 1
[1]: ObjectId: 2.5.29.14 Criticality=false
SubjectKeyIdentifier [
KeyIdentifier [
0000: 8F FB 7A 0A BF 38 54 A6   0D 9D CC 28 F8 7A B2 25  ..z..8T....(.z.%
0010: F2 F8 A1 99                                        ....
]
]

]
  Algorithm: [SHA1withRSA]
  Signature:
0000: 7A 53 96 EE 26 C0 6C 06   A5 68 45 43 49 A8 21 B7  zS..&amp;.l..hECI.!.
0010: 03 E3 3C 22 97 76 B0 EC   0C F1 11 C9 D7 67 20 CA  ..&lt;&quot;.v.......g .
0020: E5 0E 29 F8 64 FA C5 5A   FA D9 34 76 39 61 C4 21  ..).d..Z..4v9a.!
0030: 82 A1 C5 27 D8 B7 B3 1B   6C 95 3B 01 6C C3 15 0F  ...&apos;....l.;.l...
0040: B4 4D 50 E3 8F E9 CC 96   CC FF 95 2B 61 7C 30 D4  .MP........+a.0.
0050: B1 00 0F 9E 4C 1B F8 08   DC 4C 30 CC 0E CB FC 92  ....L....L0.....
0060: B3 C5 D5 F5 01 84 33 40   CA 42 B1 A3 2C 88 89 B9  ......3@.B..,...
0070: 04 90 F3 2C C5 FA E4 A2   DC 16 17 4A 02 A7 ED 94  ...,.......J....

]
abr 28, 2022 5:21:52 PM com.sun.enterprise.security.ssl.impl.SecuritySupportImpl checkCertificateDates
GRAVE: The SSL certificate has expired: [
[
  Version: V3
  Subject: CN=localhost, OU=GlassFish, O=Sun Microsystems, L=Santa Clara, ST=California, C=US
  Signature Algorithm: SHA1withRSA, OID = 1.2.840.113549.1.1.5

  Key:  Sun RSA public key, 1024 bits
  modulus: 145607243452859689580129548866124791697266876389020072346169573106005067922351621693980274409566977123703120560397141987498630922827852965950283535196583826176478163336993643826795231487853960699742178569310586812871660687609669142799497192378661602695305819033929044820179434366507221428988785371476479913059
  public exponent: 65537
  Validity: [From: Tue Jul 07 10:27:35 CEST 2009,
               To: Fri Jul 05 10:27:35 CEST 2019]
  Issuer: CN=localhost, OU=GlassFish, O=Sun Microsystems, L=Santa Clara, ST=California, C=US
  SerialNumber: [    4a5306f7]

Certificate Extensions: 1
[1]: ObjectId: 2.5.29.14 Criticality=false
SubjectKeyIdentifier [
KeyIdentifier [
0000: 8F FB 7A 0A BF 38 54 A6   0D 9D CC 28 F8 7A B2 25  ..z..8T....(.z.%
0010: F2 F8 A1 99                                        ....
]
]

]
  Algorithm: [SHA1withRSA]
  Signature:
0000: 7A 53 96 EE 26 C0 6C 06   A5 68 45 43 49 A8 21 B7  zS..&amp;.l..hECI.!.
0010: 03 E3 3C 22 97 76 B0 EC   0C F1 11 C9 D7 67 20 CA  ..&lt;&quot;.v.......g .
0020: E5 0E 29 F8 64 FA C5 5A   FA D9 34 76 39 61 C4 21  ..).d..Z..4v9a.!
0030: 82 A1 C5 27 D8 B7 B3 1B   6C 95 3B 01 6C C3 15 0F  ...&apos;....l.;.l...
0040: B4 4D 50 E3 8F E9 CC 96   CC FF 95 2B 61 7C 30 D4  .MP........+a.0.
0050: B1 00 0F 9E 4C 1B F8 08   DC 4C 30 CC 0E CB FC 92  ....L....L0.....
0060: B3 C5 D5 F5 01 84 33 40   CA 42 B1 A3 2C 88 89 B9  ......3@.B..,...
0070: 04 90 F3 2C C5 FA E4 A2   DC 16 17 4A 02 A7 ED 94  ...,.......J....

]
abr 28, 2022 5:21:52 PM com.sun.enterprise.v3.server.AppServerStartup postStartupJob
INFORMACIÓN: Undefined Product Name - define product and version info in config/branding  0.0.0  (0) startup time : Embedded (2.954ms), startup services(4.296ms), total(7.250ms)
abr 28, 2022 5:21:52 PM com.sun.jts.CosTransactions.DefaultTransactionService setServerName
INFORMACIÓN: JTS5014: Recoverable JTS instance, serverId = [100]
abr 28, 2022 5:21:52 PM org.glassfish.admin.mbeanserver.JMXStartupService$JMXConnectorsStarterThread run
INFORMACIÓN: JMXStartupService has disabled JMXConnector system
abr 28, 2022 5:21:52 PM com.sun.enterprise.connectors.jms.util.JmsRaUtil getInstalledMqVersion
ADVERTENCIA: Check for a new version of MQ installation failed : C:\Users\ADRIN~1\AppData\Local\Temp\gfembed7175612490556484144tmp\lib\install\applications\jmsra\..\imqjmsra.rar (El sistema no puede encontrar el archivo especificado):C:\Users\ADRIN~1\AppData\Local\Temp\gfembed7175612490556484144tmp\lib\install\applications\jmsra\imqjmsra.rar
abr 28, 2022 5:21:54 PM org.glassfish.ejb.embedded.EJBContainerProviderImpl skipJar
INFORMACIÓN: ... skipping entry with a Manifest file with a special attribute: glassfish-embedded-all-5.1.0.jar
abr 28, 2022 5:21:54 PM org.glassfish.deployment.common.GenericAnnotationDetector scanArchive
ADVERTENCIA: NCLS-DEPLOYMENT-00009
abr 28, 2022 5:21:54 PM org.glassfish.ejb.embedded.DeploymentElement getOrCreateApplication
INFORMACIÓN: [DeploymentElement] adding EJB module to ScatteredArchive classes
abr 28, 2022 5:21:54 PM org.glassfish.ejb.embedded.DeploymentElement getOrCreateApplication
INFORMACIÓN: [DeploymentElement] adding library to ScatteredArchive classes
abr 28, 2022 5:21:54 PM org.glassfish.ejb.embedded.DeploymentElement getOrCreateApplication
INFORMACIÓN: [DeploymentElement] adding library to ScatteredArchive test-classes
abr 28, 2022 5:21:54 PM org.glassfish.ejb.embedded.DeploymentElement getOrCreateApplication
INFORMACIÓN: [DeploymentElement] adding library to ScatteredArchive ojdbc8-21.5.0.0.jar
abr 28, 2022 5:21:54 PM org.glassfish.ejb.embedded.DeploymentElement getOrCreateApplication
INFORMACIÓN: [DeploymentElement] adding library to ScatteredArchive jakarta.persistence-2.2.3.jar
abr 28, 2022 5:21:54 PM org.glassfish.ejb.embedded.DeploymentElement getOrCreateApplication
INFORMACIÓN: [DeploymentElement] adding library to ScatteredArchive tools.jar
abr 28, 2022 5:21:54 PM org.glassfish.ejb.embedded.DeploymentElement getOrCreateApplication
INFORMACIÓN: [DeploymentElement] adding library to ScatteredArchive eclipselink-2.7.6.jar
abr 28, 2022 5:21:54 PM org.glassfish.ejb.embedded.DeploymentElement getOrCreateApplication
INFORMACIÓN: [DeploymentElement] adding library to ScatteredArchive activation-1.1.jar
abr 28, 2022 5:21:54 PM org.glassfish.ejb.embedded.DeploymentElement getOrCreateApplication
INFORMACIÓN: [DeploymentElement] adding library to ScatteredArchive anotaciones-1.0.0.jar
abr 28, 2022 5:21:54 PM org.glassfish.ejb.embedded.DeploymentElement getOrCreateApplication
INFORMACIÓN: [DeploymentElement] adding library to ScatteredArchive commonj.sdo-2.1.1.jar
abr 28, 2022 5:21:54 PM org.glassfish.ejb.embedded.DeploymentElement getOrCreateApplication
INFORMACIÓN: [DeploymentElement] adding library to ScatteredArchive javax.mail-1.6.0.jar
abr 28, 2022 5:21:54 PM org.glassfish.ejb.embedded.DeploymentElement getOrCreateApplication
INFORMACIÓN: [DeploymentElement] adding library to ScatteredArchive hamcrest-core-1.3.jar
abr 28, 2022 5:21:54 PM org.glassfish.ejb.embedded.DeploymentElement getOrCreateApplication
INFORMACIÓN: [DeploymentElement] adding library to ScatteredArchive commons-csv-1.9.0.jar
abr 28, 2022 5:21:54 PM org.glassfish.ejb.embedded.DeploymentElement getOrCreateApplication
INFORMACIÓN: [DeploymentElement] adding library to ScatteredArchive junit-4.13.jar
abr 28, 2022 5:21:54 PM org.glassfish.ejb.embedded.DeploymentElement getOrCreateApplication
INFORMACIÓN: [DeploymentElement] adding library to ScatteredArchive javaee-api-8.0.jar
abr 28, 2022 5:21:54 PM org.glassfish.ejb.embedded.DeploymentElement getOrCreateApplication
INFORMACIÓN: [DeploymentElement] adding library to ScatteredArchive h2-1.4.200.jar
abr 28, 2022 5:21:54 PM org.glassfish.ejb.embedded.EJBContainerImpl deploy
INFORMACIÓN: [EJBContainerImpl] Deploying app: org.glassfish.embeddable.archive.ScatteredArchive@7712c315
abr 28, 2022 5:21:54 PM org.glassfish.ejb.embedded.EJBContainerImpl deploy
INFORMACIÓN: [EJBContainerImpl] GlassFish status: STARTED
abr 28, 2022 5:21:54 PM org.glassfish.ejb.embedded.EJBContainerImpl deploy
INFORMACIÓN: [EJBContainerImpl] Deploying as a ScatteredArchive
abr 28, 2022 5:22:43 PM org.glassfish.hk2.classmodel.reflect.Parser$5 on
GRAVE: Exception while visiting META-INF/versions/10/org/h2/util/NetUtils2.class of size 876
java.lang.IllegalArgumentException
	at org.glassfish.hk2.external.org.objectweb.asm.ClassReader.&lt;init&gt;(ClassReader.java:160)
	at org.glassfish.hk2.external.org.objectweb.asm.ClassReader.&lt;init&gt;(ClassReader.java:143)
	at org.glassfish.hk2.external.org.objectweb.asm.ClassReader.&lt;init&gt;(ClassReader.java:418)
	at org.glassfish.hk2.classmodel.reflect.Parser$5.on(Parser.java:335)
	at com.sun.enterprise.v3.server.ReadableArchiveScannerAdapter.handleEntry(ReadableArchiveScannerAdapter.java:141)
	at com.sun.enterprise.v3.server.ReadableArchiveScannerAdapter.onSelectedEntries(ReadableArchiveScannerAdapter.java:103)
	at org.glassfish.hk2.classmodel.reflect.Parser.doJob(Parser.java:321)
	at org.glassfish.hk2.classmodel.reflect.Parser.access$300(Parser.java:44)
	at org.glassfish.hk2.classmodel.reflect.Parser$3.call(Parser.java:280)
	at org.glassfish.hk2.classmodel.reflect.Parser$3.call(Parser.java:269)
	at java.util.concurrent.FutureTask.run(FutureTask.java:266)
	at java.util.concurrent.ThreadPoolExecutor.runWorker(ThreadPoolExecutor.java:1149)
	at java.util.concurrent.ThreadPoolExecutor$Worker.run(ThreadPoolExecutor.java:624)
	at java.lang.Thread.run(Thread.java:748)

abr 28, 2022 5:23:02 PM com.sun.enterprise.security.SecurityLifecycle &lt;init&gt;
INFORMACIÓN: Java security manager is disabled.
abr 28, 2022 5:23:02 PM com.sun.enterprise.security.SecurityLifecycle onInitialization
INFORMACIÓN: Entering Security Startup Service.
abr 28, 2022 5:23:02 PM com.sun.enterprise.security.PolicyLoader loadPolicy
INFORMACIÓN: Loading policy provider com.sun.enterprise.security.jacc.provider.SimplePolicyProvider.
abr 28, 2022 5:23:02 PM com.sun.enterprise.security.auth.realm.Realm doInstantiate
INFORMACIÓN: Realm [admin-realm] of classtype [com.sun.enterprise.security.auth.realm.file.FileRealm] successfully created.
abr 28, 2022 5:23:02 PM com.sun.enterprise.security.auth.realm.Realm doInstantiate
INFORMACIÓN: Realm [file] of classtype [com.sun.enterprise.security.auth.realm.file.FileRealm] successfully created.
abr 28, 2022 5:23:02 PM com.sun.enterprise.security.auth.realm.Realm doInstantiate
INFORMACIÓN: Realm [certificate] of classtype [com.sun.enterprise.security.auth.realm.certificate.CertificateRealm] successfully created.
abr 28, 2022 5:23:02 PM com.sun.enterprise.security.SecurityLifecycle onInitialization
INFORMACIÓN: Security Service(s) started successfully.
abr 28, 2022 5:23:22 PM org.eclipse.persistence.session./file:/C:/Users/ADRIN~1/AppData/Local/Temp/gfembed7175612490556484144tmp/applications/classes/_FintechEjb
INFORMACIÓN: EclipseLink, version: Eclipse Persistence Services - 2.7.6.v20200131-b7c997804f
abr 28, 2022 5:23:23 PM org.eclipse.persistence.session./file:/C:/Users/ADRIN~1/AppData/Local/Temp/gfembed7175612490556484144tmp/applications/classes/_FintechEjb.connection
INFORMACIÓN: /file:/C:/Users/ADRIN~1/AppData/Local/Temp/gfembed7175612490556484144tmp/applications/classes/_FintechEjb login successful
abr 28, 2022 5:23:23 PM com.sun.ejb.containers.BaseContainer initializeHome
INFORMACIÓN: Portable JNDI names for EJB EliminarAutorizados: [java:global/classes/EliminarAutorizados, java:global/classes/EliminarAutorizados!ma3s.fintech.ejb.GestionEliminarAutorizados]
abr 28, 2022 5:23:23 PM com.sun.ejb.containers.BaseContainer initializeHome
INFORMACIÓN: Portable JNDI names for EJB AperturaCuenta: [java:global/classes/AperturaCuenta!ma3s.fintech.ejb.GestionAperturaCuenta, java:global/classes/AperturaCuenta]
abr 28, 2022 5:23:23 PM com.sun.ejb.containers.BaseContainer initializeHome
INFORMACIÓN: Portable JNDI names for EJB ConcesionAutorizacion: [java:global/classes/ConcesionAutorizacion!ma3s.fintech.ejb.GestionConcesionAutorizacion, java:global/classes/ConcesionAutorizacion]
abr 28, 2022 5:23:23 PM com.sun.ejb.containers.BaseContainer initializeHome
INFORMACIÓN: Portable JNDI names for EJB AnadirAutorizados: [java:global/classes/AnadirAutorizados, java:global/classes/AnadirAutorizados!ma3s.fintech.ejb.GestionAnadirAutorizados]
abr 28, 2022 5:23:23 PM com.sun.ejb.containers.BaseContainer initializeHome
INFORMACIÓN: Portable JNDI names for EJB GeneracionInfHolanda: [java:global/classes/GeneracionInfHolanda!ma3s.fintech.ejb.GestionInfHolanda, java:global/classes/GeneracionInfHolanda]
abr 28, 2022 5:23:23 PM com.sun.ejb.containers.BaseContainer initializeHome
INFORMACIÓN: Portable JNDI names for EJB ModificarPAutorizada: [java:global/classes/ModificarPAutorizada, java:global/classes/ModificarPAutorizada!ma3s.fintech.ejb.GestionModificarPAutorizada]
abr 28, 2022 5:23:23 PM com.sun.ejb.containers.BaseContainer initializeHome
INFORMACIÓN: Portable JNDI names for EJB ModificarCliente: [java:global/classes/ModificarCliente, java:global/classes/ModificarCliente!ma3s.fintech.ejb.GestionModificarCliente]
abr 28, 2022 5:23:23 PM com.sun.ejb.containers.BaseContainer initializeHome
INFORMACIÓN: Portable JNDI names for EJB CierreCuenta: [java:global/classes/CierreCuenta, java:global/classes/CierreCuenta!ma3s.fintech.ejb.GestionCierreCuenta]
abr 28, 2022 5:23:23 PM com.sun.ejb.containers.BaseContainer initializeHome
INFORMACIÓN: Portable JNDI names for EJB AccesoAplicacion: [java:global/classes/AccesoAplicacion, java:global/classes/AccesoAplicacion!ma3s.fintech.ejb.GestionAccesoAplicacion]
abr 28, 2022 5:23:23 PM com.sun.ejb.containers.BaseContainer initializeHome
INFORMACIÓN: Portable JNDI names for EJB GenerarCSV: [java:global/classes/GenerarCSV, java:global/classes/GenerarCSV!ma3s.fintech.ejb.GestionGenerarCSV]
abr 28, 2022 5:23:23 PM com.sun.ejb.containers.BaseContainer initializeHome
INFORMACIÓN: Portable JNDI names for EJB AltaCliente: [java:global/classes/AltaCliente, java:global/classes/AltaCliente!ma3s.fintech.ejb.GestionAltaCliente]
abr 28, 2022 5:23:23 PM com.sun.ejb.containers.BaseContainer initializeHome
INFORMACIÓN: Portable JNDI names for EJB BajaCliente: [java:global/classes/BajaCliente!ma3s.fintech.ejb.GestionBajaCliente, java:global/classes/BajaCliente]
abr 28, 2022 5:23:23 PM com.sun.ejb.containers.BaseContainer initializeHome
INFORMACIÓN: Portable JNDI names for EJB Transferencias: [java:global/classes/Transferencias!ma3s.fintech.ejb.GestionTransferencia, java:global/classes/Transferencias]
abr 28, 2022 5:23:23 PM com.sun.ejb.containers.BaseContainer initializeHome
INFORMACIÓN: Portable JNDI names for EJB AccesoPersonal: [java:global/classes/AccesoPersonal, java:global/classes/AccesoPersonal!ma3s.fintech.ejb.GestionAccesoPersonal]
abr 28, 2022 5:23:23 PM org.jboss.weld.bootstrap.WeldStartup &lt;clinit&gt;
INFO: WELD-000900: 3.0.0 (Final)
abr 28, 2022 5:23:32 PM org.jboss.weld.event.ExtensionObserverMethodImpl checkRequiredTypeAnnotations
INFO: WELD-000411: Observer method [BackedAnnotatedMethod] public org.hibernate.validator.cdi.ValidationExtension.processAnnotatedType(@Observes ProcessAnnotatedType&lt;T&gt;) receives events for all annotated types. Consider restricting events using @WithAnnotations or a generic type with bounds.
abr 28, 2022 5:23:32 PM org.jboss.weld.event.ExtensionObserverMethodImpl checkRequiredTypeAnnotations
INFO: WELD-000411: Observer method [BackedAnnotatedMethod] private org.glassfish.jersey.ext.cdi1x.internal.CdiComponentProvider.processAnnotatedType(@Observes ProcessAnnotatedType) receives events for all annotated types. Consider restricting events using @WithAnnotations or a generic type with bounds.
abr 28, 2022 5:23:32 PM org.jboss.weld.event.ExtensionObserverMethodImpl checkRequiredTypeAnnotations
INFO: WELD-000411: Observer method [BackedAnnotatedMethod] public org.glassfish.jms.injection.JMSCDIExtension.processAnnotatedType(@Observes ProcessAnnotatedType&lt;T&gt;) receives events for all annotated types. Consider restricting events using @WithAnnotations or a generic type with bounds.
abr 28, 2022 5:23:32 PM org.jboss.weld.event.ExtensionObserverMethodImpl checkRequiredTypeAnnotations
INFO: WELD-000411: Observer method [BackedAnnotatedMethod] org.glassfish.sse.impl.ServerSentEventCdiExtension.processAnnotatedType(@Observes ProcessAnnotatedType&lt;T&gt;, BeanManager) receives events for all annotated types. Consider restricting events using @WithAnnotations or a generic type with bounds.
abr 28, 2022 5:23:33 PM org.jboss.weld.bootstrap.events.BeforeBeanDiscoveryImpl addAnnotatedType
WARN: WELD-000146: BeforeBeanDiscovery.addAnnotatedType(AnnotatedType&lt;?&gt;) used for class com.sun.faces.flow.FlowDiscoveryCDIHelper is deprecated from CDI 1.1!
abr 28, 2022 5:23:33 PM org.jboss.weld.bootstrap.events.BeforeBeanDiscoveryImpl addAnnotatedType
WARN: WELD-000146: BeforeBeanDiscovery.addAnnotatedType(AnnotatedType&lt;?&gt;) used for class org.glassfish.jersey.ext.cdi1x.transaction.internal.WebAppExceptionHolder is deprecated from CDI 1.1!
abr 28, 2022 5:23:33 PM org.jboss.weld.bootstrap.events.BeforeBeanDiscoveryImpl addAnnotatedType
WARN: WELD-000146: BeforeBeanDiscovery.addAnnotatedType(AnnotatedType&lt;?&gt;) used for class org.glassfish.jersey.ext.cdi1x.transaction.internal.WebAppExceptionInterceptor is deprecated from CDI 1.1!
abr 28, 2022 5:23:33 PM org.jboss.weld.bootstrap.events.BeforeBeanDiscoveryImpl addAnnotatedType
WARN: WELD-000146: BeforeBeanDiscovery.addAnnotatedType(AnnotatedType&lt;?&gt;) used for class org.glassfish.jersey.ext.cdi1x.transaction.internal.TransactionalExceptionMapper is deprecated from CDI 1.1!
abr 28, 2022 5:23:33 PM org.jboss.weld.bootstrap.events.BeforeBeanDiscoveryImpl addAnnotatedType
WARN: WELD-000146: BeforeBeanDiscovery.addAnnotatedType(AnnotatedType&lt;?&gt;) used for class org.glassfish.cdi.transaction.TransactionalInterceptorMandatory is deprecated from CDI 1.1!
abr 28, 2022 5:23:33 PM org.jboss.weld.bootstrap.events.BeforeBeanDiscoveryImpl addAnnotatedType
WARN: WELD-000146: BeforeBeanDiscovery.addAnnotatedType(AnnotatedType&lt;?&gt;) used for class org.glassfish.cdi.transaction.TransactionalInterceptorNever is deprecated from CDI 1.1!
abr 28, 2022 5:23:33 PM org.jboss.weld.bootstrap.events.BeforeBeanDiscoveryImpl addAnnotatedType
WARN: WELD-000146: BeforeBeanDiscovery.addAnnotatedType(AnnotatedType&lt;?&gt;) used for class org.glassfish.cdi.transaction.TransactionalInterceptorNotSupported is deprecated from CDI 1.1!
abr 28, 2022 5:23:33 PM org.jboss.weld.bootstrap.events.BeforeBeanDiscoveryImpl addAnnotatedType
WARN: WELD-000146: BeforeBeanDiscovery.addAnnotatedType(AnnotatedType&lt;?&gt;) used for class org.glassfish.cdi.transaction.TransactionalInterceptorRequired is deprecated from CDI 1.1!
abr 28, 2022 5:23:33 PM org.jboss.weld.bootstrap.events.BeforeBeanDiscoveryImpl addAnnotatedType
WARN: WELD-000146: BeforeBeanDiscovery.addAnnotatedType(AnnotatedType&lt;?&gt;) used for class org.glassfish.cdi.transaction.TransactionalInterceptorRequiresNew is deprecated from CDI 1.1!
abr 28, 2022 5:23:33 PM org.jboss.weld.bootstrap.events.BeforeBeanDiscoveryImpl addAnnotatedType
WARN: WELD-000146: BeforeBeanDiscovery.addAnnotatedType(AnnotatedType&lt;?&gt;) used for class org.glassfish.cdi.transaction.TransactionalInterceptorSupports is deprecated from CDI 1.1!
abr 28, 2022 5:23:33 PM org.jboss.weld.bootstrap.events.BeforeBeanDiscoveryImpl addAnnotatedType
WARN: WELD-000146: BeforeBeanDiscovery.addAnnotatedType(AnnotatedType&lt;?&gt;) used for class com.ibm.jbatch.container.cdi.BatchProducerBean is deprecated from CDI 1.1!
abr 28, 2022 5:23:33 PM org.jboss.weld.bootstrap.events.BeforeBeanDiscoveryImpl addAnnotatedType
WARN: WELD-000146: BeforeBeanDiscovery.addAnnotatedType(AnnotatedType&lt;?&gt;) used for class org.glassfish.jersey.ext.cdi1x.internal.CdiComponentProvider$JaxRsParamProducer is deprecated from CDI 1.1!
abr 28, 2022 5:23:33 PM org.jboss.weld.bootstrap.events.BeforeBeanDiscoveryImpl addAnnotatedType
WARN: WELD-000146: BeforeBeanDiscovery.addAnnotatedType(AnnotatedType&lt;?&gt;) used for class org.glassfish.jersey.ext.cdi1x.servlet.internal.CdiExternalRequestScope is deprecated from CDI 1.1!
abr 28, 2022 5:23:34 PM org.glassfish.deployment.admin.DeployCommand execute
INFORMACIÓN: classes was successfully deployed in 87.293 milliseconds.
</system-err>
  </testcase>
  <testcase classname="ma3s.fintech.test.Cuentas" name="testCierreUsuarioNoEncontrado" time="0.037">
    <error message="Exception [EclipseLink-4002] (Eclipse Persistence Services - 2.7.6.v20200131-b7c997804f): org.eclipse.persistence.exceptions.DatabaseException
Internal Exception: org.h2.jdbc.JdbcSQLIntegrityConstraintViolationException: La columna &quot;DIRECCION&quot; no permite valores nulos (NULL)
NULL not allowed for column &quot;DIRECCION&quot;; SQL statement:
INSERT INTO CLIENTE (ID, CIUDAD, CODIGOPOSTAL, DIRECCION, ESTADO, FECHAALTA, FECHABAJA, IDENTIFICACION, PAIS, TIPOCLIENTE, USER_USER, DTYPE) VALUES (?, ?, ?, ?, ?, ?, ?, ?, ?, ?, ?, ?) [23502-200]
Error Code: 23502
Call: INSERT INTO CLIENTE (ID, CIUDAD, CODIGOPOSTAL, DIRECCION, ESTADO, FECHAALTA, FECHABAJA, IDENTIFICACION, PAIS, TIPOCLIENTE, USER_USER, DTYPE) VALUES (?, ?, ?, ?, ?, ?, ?, ?, ?, ?, ?, ?)
	bind =&gt; [12 parameters bound]
Query: InsertObjectQuery(Cliente{
id=1
identificacion=Avenia Plutarco
tipoCliente=null
estado=Activo
fechaAlta=Thu Apr 28 17:23:35 CEST 2022
fechaBaja=null
direccion=null
ciudad=Malaga
codigopostal=29004
pais=Espana
cuentasFintech={[]}}Empresa{
razon_social=UMA})" type="javax.persistence.RollbackException">javax.persistence.RollbackException: Exception [EclipseLink-4002] (Eclipse Persistence Services - 2.7.6.v20200131-b7c997804f): org.eclipse.persistence.exceptions.DatabaseException
Internal Exception: org.h2.jdbc.JdbcSQLIntegrityConstraintViolationException: La columna &quot;DIRECCION&quot; no permite valores nulos (NULL)
NULL not allowed for column &quot;DIRECCION&quot;; SQL statement:
INSERT INTO CLIENTE (ID, CIUDAD, CODIGOPOSTAL, DIRECCION, ESTADO, FECHAALTA, FECHABAJA, IDENTIFICACION, PAIS, TIPOCLIENTE, USER_USER, DTYPE) VALUES (?, ?, ?, ?, ?, ?, ?, ?, ?, ?, ?, ?) [23502-200]
Error Code: 23502
Call: INSERT INTO CLIENTE (ID, CIUDAD, CODIGOPOSTAL, DIRECCION, ESTADO, FECHAALTA, FECHABAJA, IDENTIFICACION, PAIS, TIPOCLIENTE, USER_USER, DTYPE) VALUES (?, ?, ?, ?, ?, ?, ?, ?, ?, ?, ?, ?)
	bind =&gt; [12 parameters bound]
Query: InsertObjectQuery(Cliente{
id=1
identificacion=Avenia Plutarco
tipoCliente=null
estado=Activo
fechaAlta=Thu Apr 28 17:23:35 CEST 2022
fechaBaja=null
direccion=null
ciudad=Malaga
codigopostal=29004
pais=Espana
cuentasFintech={[]}}Empresa{
razon_social=UMA})
	at org.eclipse.persistence.internal.jpa.transaction.EntityTransactionImpl.commit(EntityTransactionImpl.java:161)
	at ma3s.fintech.test.BaseDatos.inicializaBaseDatos(BaseDatos.java:229)
	at ma3s.fintech.test.Cuentas.setup(Cuentas.java:28)
	at sun.reflect.NativeMethodAccessorImpl.invoke0(Native Method)
	at sun.reflect.NativeMethodAccessorImpl.invoke(NativeMethodAccessorImpl.java:62)
	at sun.reflect.DelegatingMethodAccessorImpl.invoke(DelegatingMethodAccessorImpl.java:43)
	at java.lang.reflect.Method.invoke(Method.java:498)
	at org.junit.runners.model.FrameworkMethod$1.runReflectiveCall(FrameworkMethod.java:59)
	at org.junit.internal.runners.model.ReflectiveCallable.run(ReflectiveCallable.java:12)
	at org.junit.runners.model.FrameworkMethod.invokeExplosively(FrameworkMethod.java:56)
	at org.junit.internal.runners.statements.RunBefores.invokeMethod(RunBefores.java:33)
	at org.junit.internal.runners.statements.RunBefores.evaluate(RunBefores.java:24)
	at org.junit.runners.ParentRunner$3.evaluate(ParentRunner.java:306)
	at org.junit.runners.BlockJUnit4ClassRunner$1.evaluate(BlockJUnit4ClassRunner.java:100)
	at org.junit.runners.ParentRunner.runLeaf(ParentRunner.java:366)
	at org.junit.runners.BlockJUnit4ClassRunner.runChild(BlockJUnit4ClassRunner.java:103)
	at org.junit.runners.BlockJUnit4ClassRunner.runChild(BlockJUnit4ClassRunner.java:63)
	at org.junit.runners.ParentRunner$4.run(ParentRunner.java:331)
	at org.junit.runners.ParentRunner$1.schedule(ParentRunner.java:79)
	at org.junit.runners.ParentRunner.runChildren(ParentRunner.java:329)
	at org.junit.runners.ParentRunner.access$100(ParentRunner.java:66)
	at org.junit.runners.ParentRunner$2.evaluate(ParentRunner.java:293)
	at org.junit.runners.ParentRunner$3.evaluate(ParentRunner.java:306)
	at org.junit.runners.ParentRunner.run(ParentRunner.java:413)
	at org.junit.runners.Suite.runChild(Suite.java:128)
	at org.junit.runners.Suite.runChild(Suite.java:27)
	at org.junit.runners.ParentRunner$4.run(ParentRunner.java:331)
	at org.junit.runners.ParentRunner$1.schedule(ParentRunner.java:79)
	at org.junit.runners.ParentRunner.runChildren(ParentRunner.java:329)
	at org.junit.runners.ParentRunner.access$100(ParentRunner.java:66)
	at org.junit.runners.ParentRunner$2.evaluate(ParentRunner.java:293)
	at org.junit.internal.runners.statements.RunBefores.evaluate(RunBefores.java:26)
	at org.junit.internal.runners.statements.RunAfters.evaluate(RunAfters.java:27)
	at org.junit.runners.ParentRunner$3.evaluate(ParentRunner.java:306)
	at org.junit.runners.ParentRunner.run(ParentRunner.java:413)
	at org.apache.maven.surefire.junit4.JUnit4Provider.execute(JUnit4Provider.java:252)
	at org.apache.maven.surefire.junit4.JUnit4Provider.executeTestSet(JUnit4Provider.java:141)
	at org.apache.maven.surefire.junit4.JUnit4Provider.invoke(JUnit4Provider.java:112)
	at sun.reflect.NativeMethodAccessorImpl.invoke0(Native Method)
	at sun.reflect.NativeMethodAccessorImpl.invoke(NativeMethodAccessorImpl.java:62)
	at sun.reflect.DelegatingMethodAccessorImpl.invoke(DelegatingMethodAccessorImpl.java:43)
	at java.lang.reflect.Method.invoke(Method.java:498)
	at org.apache.maven.surefire.util.ReflectionUtils.invokeMethodWithArray(ReflectionUtils.java:189)
	at org.apache.maven.surefire.booter.ProviderFactory$ProviderProxy.invoke(ProviderFactory.java:165)
	at org.apache.maven.surefire.booter.ProviderFactory.invokeProvider(ProviderFactory.java:85)
	at org.apache.maven.surefire.booter.ForkedBooter.runSuitesInProcess(ForkedBooter.java:115)
	at org.apache.maven.surefire.booter.ForkedBooter.main(ForkedBooter.java:75)
Caused by: Exception [EclipseLink-4002] (Eclipse Persistence Services - 2.7.6.v20200131-b7c997804f): org.eclipse.persistence.exceptions.DatabaseException
Internal Exception: org.h2.jdbc.JdbcSQLIntegrityConstraintViolationException: La columna &quot;DIRECCION&quot; no permite valores nulos (NULL)
NULL not allowed for column &quot;DIRECCION&quot;; SQL statement:
INSERT INTO CLIENTE (ID, CIUDAD, CODIGOPOSTAL, DIRECCION, ESTADO, FECHAALTA, FECHABAJA, IDENTIFICACION, PAIS, TIPOCLIENTE, USER_USER, DTYPE) VALUES (?, ?, ?, ?, ?, ?, ?, ?, ?, ?, ?, ?) [23502-200]
Error Code: 23502
Call: INSERT INTO CLIENTE (ID, CIUDAD, CODIGOPOSTAL, DIRECCION, ESTADO, FECHAALTA, FECHABAJA, IDENTIFICACION, PAIS, TIPOCLIENTE, USER_USER, DTYPE) VALUES (?, ?, ?, ?, ?, ?, ?, ?, ?, ?, ?, ?)
	bind =&gt; [12 parameters bound]
Query: InsertObjectQuery(Cliente{
id=1
identificacion=Avenia Plutarco
tipoCliente=null
estado=Activo
fechaAlta=Thu Apr 28 17:23:35 CEST 2022
fechaBaja=null
direccion=null
ciudad=Malaga
codigopostal=29004
pais=Espana
cuentasFintech={[]}}Empresa{
razon_social=UMA})
	at org.eclipse.persistence.exceptions.DatabaseException.sqlException(DatabaseException.java:333)
	at org.eclipse.persistence.internal.databaseaccess.DatabaseAccessor.executeDirectNoSelect(DatabaseAccessor.java:908)
	at org.eclipse.persistence.internal.databaseaccess.DatabaseAccessor.executeNoSelect(DatabaseAccessor.java:970)
	at org.eclipse.persistence.internal.databaseaccess.DatabaseAccessor.basicExecuteCall(DatabaseAccessor.java:640)
	at org.eclipse.persistence.internal.databaseaccess.DatabaseAccessor.executeCall(DatabaseAccessor.java:567)
	at org.eclipse.persistence.internal.sessions.AbstractSession.basicExecuteCall(AbstractSession.java:2099)
	at org.eclipse.persistence.sessions.server.ClientSession.executeCall(ClientSession.java:313)
	at org.eclipse.persistence.internal.queries.DatasourceCallQueryMechanism.executeCall(DatasourceCallQueryMechanism.java:275)
	at org.eclipse.persistence.internal.queries.DatasourceCallQueryMechanism.insertObject(DatasourceCallQueryMechanism.java:397)
	at org.eclipse.persistence.internal.queries.StatementQueryMechanism.insertObject(StatementQueryMechanism.java:167)
	at org.eclipse.persistence.internal.queries.StatementQueryMechanism.insertObject(StatementQueryMechanism.java:182)
	at org.eclipse.persistence.internal.queries.DatabaseQueryMechanism.insertObjectForWrite(DatabaseQueryMechanism.java:504)
	at org.eclipse.persistence.queries.InsertObjectQuery.executeCommit(InsertObjectQuery.java:82)
	at org.eclipse.persistence.queries.InsertObjectQuery.executeCommitWithChangeSet(InsertObjectQuery.java:92)
	at org.eclipse.persistence.internal.queries.DatabaseQueryMechanism.executeWriteWithChangeSet(DatabaseQueryMechanism.java:316)
	at org.eclipse.persistence.queries.WriteObjectQuery.executeDatabaseQuery(WriteObjectQuery.java:60)
	at org.eclipse.persistence.queries.DatabaseQuery.execute(DatabaseQuery.java:911)
	at org.eclipse.persistence.queries.DatabaseQuery.executeInUnitOfWork(DatabaseQuery.java:810)
	at org.eclipse.persistence.queries.ObjectLevelModifyQuery.executeInUnitOfWorkObjectLevelModifyQuery(ObjectLevelModifyQuery.java:110)
	at org.eclipse.persistence.queries.ObjectLevelModifyQuery.executeInUnitOfWork(ObjectLevelModifyQuery.java:87)
	at org.eclipse.persistence.internal.sessions.UnitOfWorkImpl.internalExecuteQuery(UnitOfWorkImpl.java:2983)
	at org.eclipse.persistence.internal.sessions.AbstractSession.executeQuery(AbstractSession.java:1898)
	at org.eclipse.persistence.internal.sessions.AbstractSession.executeQuery(AbstractSession.java:1880)
	at org.eclipse.persistence.internal.sessions.AbstractSession.executeQuery(AbstractSession.java:1830)
	at org.eclipse.persistence.internal.sessions.CommitManager.commitNewObjectsForClassWithChangeSet(CommitManager.java:229)
	at org.eclipse.persistence.internal.sessions.CommitManager.commitAllObjectsForClassWithChangeSet(CommitManager.java:196)
	at org.eclipse.persistence.internal.sessions.CommitManager.commitAllObjectsWithChangeSet(CommitManager.java:141)
	at org.eclipse.persistence.internal.sessions.AbstractSession.writeAllObjectsWithChangeSet(AbstractSession.java:4398)
	at org.eclipse.persistence.internal.sessions.UnitOfWorkImpl.commitToDatabase(UnitOfWorkImpl.java:1495)
	at org.eclipse.persistence.internal.sessions.UnitOfWorkImpl.commitToDatabaseWithChangeSet(UnitOfWorkImpl.java:1585)
	at org.eclipse.persistence.internal.sessions.RepeatableWriteUnitOfWork.commitRootUnitOfWork(RepeatableWriteUnitOfWork.java:280)
	at org.eclipse.persistence.internal.sessions.UnitOfWorkImpl.commitAndResume(UnitOfWorkImpl.java:1222)
	at org.eclipse.persistence.internal.jpa.transaction.EntityTransactionImpl.commit(EntityTransactionImpl.java:136)
	... 46 more
Caused by: org.h2.jdbc.JdbcSQLIntegrityConstraintViolationException: La columna &quot;DIRECCION&quot; no permite valores nulos (NULL)
NULL not allowed for column &quot;DIRECCION&quot;; SQL statement:
INSERT INTO CLIENTE (ID, CIUDAD, CODIGOPOSTAL, DIRECCION, ESTADO, FECHAALTA, FECHABAJA, IDENTIFICACION, PAIS, TIPOCLIENTE, USER_USER, DTYPE) VALUES (?, ?, ?, ?, ?, ?, ?, ?, ?, ?, ?, ?) [23502-200]
	at org.h2.message.DbException.getJdbcSQLException(DbException.java:459)
	at org.h2.message.DbException.getJdbcSQLException(DbException.java:429)
	at org.h2.message.DbException.get(DbException.java:205)
	at org.h2.message.DbException.get(DbException.java:181)
	at org.h2.table.Column.validateConvertUpdateSequence(Column.java:374)
	at org.h2.table.Table.validateConvertUpdateSequence(Table.java:845)
	at org.h2.command.dml.Insert.insertRows(Insert.java:187)
	at org.h2.command.dml.Insert.update(Insert.java:151)
	at org.h2.command.CommandContainer.update(CommandContainer.java:198)
	at org.h2.command.Command.executeUpdate(Command.java:251)
	at org.h2.jdbc.JdbcPreparedStatement.executeUpdateInternal(JdbcPreparedStatement.java:191)
	at org.h2.jdbc.JdbcPreparedStatement.executeUpdate(JdbcPreparedStatement.java:152)
	at org.eclipse.persistence.internal.databaseaccess.DatabaseAccessor.executeDirectNoSelect(DatabaseAccessor.java:898)
	... 77 more
</error>
    <system-out>[EL Warning]: 2022-04-28 17:23:35.315--UnitOfWork(1396335664)--Exception [EclipseLink-4002] (Eclipse Persistence Services - 2.7.6.v20200131-b7c997804f): org.eclipse.persistence.exceptions.DatabaseException
Internal Exception: org.h2.jdbc.JdbcSQLIntegrityConstraintViolationException: La columna &quot;DIRECCION&quot; no permite valores nulos (NULL)
NULL not allowed for column &quot;DIRECCION&quot;; SQL statement:
INSERT INTO CLIENTE (ID, CIUDAD, CODIGOPOSTAL, DIRECCION, ESTADO, FECHAALTA, FECHABAJA, IDENTIFICACION, PAIS, TIPOCLIENTE, USER_USER, DTYPE) VALUES (?, ?, ?, ?, ?, ?, ?, ?, ?, ?, ?, ?) [23502-200]
Error Code: 23502
Call: INSERT INTO CLIENTE (ID, CIUDAD, CODIGOPOSTAL, DIRECCION, ESTADO, FECHAALTA, FECHABAJA, IDENTIFICACION, PAIS, TIPOCLIENTE, USER_USER, DTYPE) VALUES (?, ?, ?, ?, ?, ?, ?, ?, ?, ?, ?, ?)
	bind =&gt; [12 parameters bound]
Query: InsertObjectQuery(Cliente{
id=1
identificacion=Avenia Plutarco
tipoCliente=null
estado=Activo
fechaAlta=Thu Apr 28 17:23:35 CEST 2022
fechaBaja=null
direccion=null
ciudad=Malaga
codigopostal=29004
pais=Espana
cuentasFintech={[]}}Empresa{
razon_social=UMA})
</system-out>
  </testcase>
  <testcase classname="ma3s.fintech.test.Cuentas" name="testCierreCuentaUsuarioIncorrecto" time="0.042">
    <error message="Exception [EclipseLink-4002] (Eclipse Persistence Services - 2.7.6.v20200131-b7c997804f): org.eclipse.persistence.exceptions.DatabaseException
Internal Exception: org.h2.jdbc.JdbcSQLIntegrityConstraintViolationException: La columna &quot;DIRECCION&quot; no permite valores nulos (NULL)
NULL not allowed for column &quot;DIRECCION&quot;; SQL statement:
INSERT INTO CLIENTE (ID, CIUDAD, CODIGOPOSTAL, DIRECCION, ESTADO, FECHAALTA, FECHABAJA, IDENTIFICACION, PAIS, TIPOCLIENTE, USER_USER, DTYPE) VALUES (?, ?, ?, ?, ?, ?, ?, ?, ?, ?, ?, ?) [23502-200]
Error Code: 23502
Call: INSERT INTO CLIENTE (ID, CIUDAD, CODIGOPOSTAL, DIRECCION, ESTADO, FECHAALTA, FECHABAJA, IDENTIFICACION, PAIS, TIPOCLIENTE, USER_USER, DTYPE) VALUES (?, ?, ?, ?, ?, ?, ?, ?, ?, ?, ?, ?)
	bind =&gt; [12 parameters bound]
Query: InsertObjectQuery(Cliente{
id=1
identificacion=Avenia Plutarco
tipoCliente=null
estado=Activo
fechaAlta=Thu Apr 28 17:23:35 CEST 2022
fechaBaja=null
direccion=null
ciudad=Malaga
codigopostal=29004
pais=Espana
cuentasFintech={[]}}Empresa{
razon_social=UMA})" type="javax.persistence.RollbackException">javax.persistence.RollbackException: Exception [EclipseLink-4002] (Eclipse Persistence Services - 2.7.6.v20200131-b7c997804f): org.eclipse.persistence.exceptions.DatabaseException
Internal Exception: org.h2.jdbc.JdbcSQLIntegrityConstraintViolationException: La columna &quot;DIRECCION&quot; no permite valores nulos (NULL)
NULL not allowed for column &quot;DIRECCION&quot;; SQL statement:
INSERT INTO CLIENTE (ID, CIUDAD, CODIGOPOSTAL, DIRECCION, ESTADO, FECHAALTA, FECHABAJA, IDENTIFICACION, PAIS, TIPOCLIENTE, USER_USER, DTYPE) VALUES (?, ?, ?, ?, ?, ?, ?, ?, ?, ?, ?, ?) [23502-200]
Error Code: 23502
Call: INSERT INTO CLIENTE (ID, CIUDAD, CODIGOPOSTAL, DIRECCION, ESTADO, FECHAALTA, FECHABAJA, IDENTIFICACION, PAIS, TIPOCLIENTE, USER_USER, DTYPE) VALUES (?, ?, ?, ?, ?, ?, ?, ?, ?, ?, ?, ?)
	bind =&gt; [12 parameters bound]
Query: InsertObjectQuery(Cliente{
id=1
identificacion=Avenia Plutarco
tipoCliente=null
estado=Activo
fechaAlta=Thu Apr 28 17:23:35 CEST 2022
fechaBaja=null
direccion=null
ciudad=Malaga
codigopostal=29004
pais=Espana
cuentasFintech={[]}}Empresa{
razon_social=UMA})
	at org.eclipse.persistence.internal.jpa.transaction.EntityTransactionImpl.commit(EntityTransactionImpl.java:161)
	at ma3s.fintech.test.BaseDatos.inicializaBaseDatos(BaseDatos.java:229)
	at ma3s.fintech.test.Cuentas.setup(Cuentas.java:28)
	at sun.reflect.NativeMethodAccessorImpl.invoke0(Native Method)
	at sun.reflect.NativeMethodAccessorImpl.invoke(NativeMethodAccessorImpl.java:62)
	at sun.reflect.DelegatingMethodAccessorImpl.invoke(DelegatingMethodAccessorImpl.java:43)
	at java.lang.reflect.Method.invoke(Method.java:498)
	at org.junit.runners.model.FrameworkMethod$1.runReflectiveCall(FrameworkMethod.java:59)
	at org.junit.internal.runners.model.ReflectiveCallable.run(ReflectiveCallable.java:12)
	at org.junit.runners.model.FrameworkMethod.invokeExplosively(FrameworkMethod.java:56)
	at org.junit.internal.runners.statements.RunBefores.invokeMethod(RunBefores.java:33)
	at org.junit.internal.runners.statements.RunBefores.evaluate(RunBefores.java:24)
	at org.junit.runners.ParentRunner$3.evaluate(ParentRunner.java:306)
	at org.junit.runners.BlockJUnit4ClassRunner$1.evaluate(BlockJUnit4ClassRunner.java:100)
	at org.junit.runners.ParentRunner.runLeaf(ParentRunner.java:366)
	at org.junit.runners.BlockJUnit4ClassRunner.runChild(BlockJUnit4ClassRunner.java:103)
	at org.junit.runners.BlockJUnit4ClassRunner.runChild(BlockJUnit4ClassRunner.java:63)
	at org.junit.runners.ParentRunner$4.run(ParentRunner.java:331)
	at org.junit.runners.ParentRunner$1.schedule(ParentRunner.java:79)
	at org.junit.runners.ParentRunner.runChildren(ParentRunner.java:329)
	at org.junit.runners.ParentRunner.access$100(ParentRunner.java:66)
	at org.junit.runners.ParentRunner$2.evaluate(ParentRunner.java:293)
	at org.junit.runners.ParentRunner$3.evaluate(ParentRunner.java:306)
	at org.junit.runners.ParentRunner.run(ParentRunner.java:413)
	at org.junit.runners.Suite.runChild(Suite.java:128)
	at org.junit.runners.Suite.runChild(Suite.java:27)
	at org.junit.runners.ParentRunner$4.run(ParentRunner.java:331)
	at org.junit.runners.ParentRunner$1.schedule(ParentRunner.java:79)
	at org.junit.runners.ParentRunner.runChildren(ParentRunner.java:329)
	at org.junit.runners.ParentRunner.access$100(ParentRunner.java:66)
	at org.junit.runners.ParentRunner$2.evaluate(ParentRunner.java:293)
	at org.junit.internal.runners.statements.RunBefores.evaluate(RunBefores.java:26)
	at org.junit.internal.runners.statements.RunAfters.evaluate(RunAfters.java:27)
	at org.junit.runners.ParentRunner$3.evaluate(ParentRunner.java:306)
	at org.junit.runners.ParentRunner.run(ParentRunner.java:413)
	at org.apache.maven.surefire.junit4.JUnit4Provider.execute(JUnit4Provider.java:252)
	at org.apache.maven.surefire.junit4.JUnit4Provider.executeTestSet(JUnit4Provider.java:141)
	at org.apache.maven.surefire.junit4.JUnit4Provider.invoke(JUnit4Provider.java:112)
	at sun.reflect.NativeMethodAccessorImpl.invoke0(Native Method)
	at sun.reflect.NativeMethodAccessorImpl.invoke(NativeMethodAccessorImpl.java:62)
	at sun.reflect.DelegatingMethodAccessorImpl.invoke(DelegatingMethodAccessorImpl.java:43)
	at java.lang.reflect.Method.invoke(Method.java:498)
	at org.apache.maven.surefire.util.ReflectionUtils.invokeMethodWithArray(ReflectionUtils.java:189)
	at org.apache.maven.surefire.booter.ProviderFactory$ProviderProxy.invoke(ProviderFactory.java:165)
	at org.apache.maven.surefire.booter.ProviderFactory.invokeProvider(ProviderFactory.java:85)
	at org.apache.maven.surefire.booter.ForkedBooter.runSuitesInProcess(ForkedBooter.java:115)
	at org.apache.maven.surefire.booter.ForkedBooter.main(ForkedBooter.java:75)
Caused by: Exception [EclipseLink-4002] (Eclipse Persistence Services - 2.7.6.v20200131-b7c997804f): org.eclipse.persistence.exceptions.DatabaseException
Internal Exception: org.h2.jdbc.JdbcSQLIntegrityConstraintViolationException: La columna &quot;DIRECCION&quot; no permite valores nulos (NULL)
NULL not allowed for column &quot;DIRECCION&quot;; SQL statement:
INSERT INTO CLIENTE (ID, CIUDAD, CODIGOPOSTAL, DIRECCION, ESTADO, FECHAALTA, FECHABAJA, IDENTIFICACION, PAIS, TIPOCLIENTE, USER_USER, DTYPE) VALUES (?, ?, ?, ?, ?, ?, ?, ?, ?, ?, ?, ?) [23502-200]
Error Code: 23502
Call: INSERT INTO CLIENTE (ID, CIUDAD, CODIGOPOSTAL, DIRECCION, ESTADO, FECHAALTA, FECHABAJA, IDENTIFICACION, PAIS, TIPOCLIENTE, USER_USER, DTYPE) VALUES (?, ?, ?, ?, ?, ?, ?, ?, ?, ?, ?, ?)
	bind =&gt; [12 parameters bound]
Query: InsertObjectQuery(Cliente{
id=1
identificacion=Avenia Plutarco
tipoCliente=null
estado=Activo
fechaAlta=Thu Apr 28 17:23:35 CEST 2022
fechaBaja=null
direccion=null
ciudad=Malaga
codigopostal=29004
pais=Espana
cuentasFintech={[]}}Empresa{
razon_social=UMA})
	at org.eclipse.persistence.exceptions.DatabaseException.sqlException(DatabaseException.java:333)
	at org.eclipse.persistence.internal.databaseaccess.DatabaseAccessor.executeDirectNoSelect(DatabaseAccessor.java:908)
	at org.eclipse.persistence.internal.databaseaccess.DatabaseAccessor.executeNoSelect(DatabaseAccessor.java:970)
	at org.eclipse.persistence.internal.databaseaccess.DatabaseAccessor.basicExecuteCall(DatabaseAccessor.java:640)
	at org.eclipse.persistence.internal.databaseaccess.DatabaseAccessor.executeCall(DatabaseAccessor.java:567)
	at org.eclipse.persistence.internal.sessions.AbstractSession.basicExecuteCall(AbstractSession.java:2099)
	at org.eclipse.persistence.sessions.server.ClientSession.executeCall(ClientSession.java:313)
	at org.eclipse.persistence.internal.queries.DatasourceCallQueryMechanism.executeCall(DatasourceCallQueryMechanism.java:275)
	at org.eclipse.persistence.internal.queries.DatasourceCallQueryMechanism.insertObject(DatasourceCallQueryMechanism.java:397)
	at org.eclipse.persistence.internal.queries.StatementQueryMechanism.insertObject(StatementQueryMechanism.java:167)
	at org.eclipse.persistence.internal.queries.StatementQueryMechanism.insertObject(StatementQueryMechanism.java:182)
	at org.eclipse.persistence.internal.queries.DatabaseQueryMechanism.insertObjectForWrite(DatabaseQueryMechanism.java:504)
	at org.eclipse.persistence.queries.InsertObjectQuery.executeCommit(InsertObjectQuery.java:82)
	at org.eclipse.persistence.queries.InsertObjectQuery.executeCommitWithChangeSet(InsertObjectQuery.java:92)
	at org.eclipse.persistence.internal.queries.DatabaseQueryMechanism.executeWriteWithChangeSet(DatabaseQueryMechanism.java:316)
	at org.eclipse.persistence.queries.WriteObjectQuery.executeDatabaseQuery(WriteObjectQuery.java:60)
	at org.eclipse.persistence.queries.DatabaseQuery.execute(DatabaseQuery.java:911)
	at org.eclipse.persistence.queries.DatabaseQuery.executeInUnitOfWork(DatabaseQuery.java:810)
	at org.eclipse.persistence.queries.ObjectLevelModifyQuery.executeInUnitOfWorkObjectLevelModifyQuery(ObjectLevelModifyQuery.java:110)
	at org.eclipse.persistence.queries.ObjectLevelModifyQuery.executeInUnitOfWork(ObjectLevelModifyQuery.java:87)
	at org.eclipse.persistence.internal.sessions.UnitOfWorkImpl.internalExecuteQuery(UnitOfWorkImpl.java:2983)
	at org.eclipse.persistence.internal.sessions.AbstractSession.executeQuery(AbstractSession.java:1898)
	at org.eclipse.persistence.internal.sessions.AbstractSession.executeQuery(AbstractSession.java:1880)
	at org.eclipse.persistence.internal.sessions.AbstractSession.executeQuery(AbstractSession.java:1830)
	at org.eclipse.persistence.internal.sessions.CommitManager.commitNewObjectsForClassWithChangeSet(CommitManager.java:229)
	at org.eclipse.persistence.internal.sessions.CommitManager.commitAllObjectsForClassWithChangeSet(CommitManager.java:196)
	at org.eclipse.persistence.internal.sessions.CommitManager.commitAllObjectsWithChangeSet(CommitManager.java:141)
	at org.eclipse.persistence.internal.sessions.AbstractSession.writeAllObjectsWithChangeSet(AbstractSession.java:4398)
	at org.eclipse.persistence.internal.sessions.UnitOfWorkImpl.commitToDatabase(UnitOfWorkImpl.java:1495)
	at org.eclipse.persistence.internal.sessions.UnitOfWorkImpl.commitToDatabaseWithChangeSet(UnitOfWorkImpl.java:1585)
	at org.eclipse.persistence.internal.sessions.RepeatableWriteUnitOfWork.commitRootUnitOfWork(RepeatableWriteUnitOfWork.java:280)
	at org.eclipse.persistence.internal.sessions.UnitOfWorkImpl.commitAndResume(UnitOfWorkImpl.java:1222)
	at org.eclipse.persistence.internal.jpa.transaction.EntityTransactionImpl.commit(EntityTransactionImpl.java:136)
	... 46 more
Caused by: org.h2.jdbc.JdbcSQLIntegrityConstraintViolationException: La columna &quot;DIRECCION&quot; no permite valores nulos (NULL)
NULL not allowed for column &quot;DIRECCION&quot;; SQL statement:
INSERT INTO CLIENTE (ID, CIUDAD, CODIGOPOSTAL, DIRECCION, ESTADO, FECHAALTA, FECHABAJA, IDENTIFICACION, PAIS, TIPOCLIENTE, USER_USER, DTYPE) VALUES (?, ?, ?, ?, ?, ?, ?, ?, ?, ?, ?, ?) [23502-200]
	at org.h2.message.DbException.getJdbcSQLException(DbException.java:459)
	at org.h2.message.DbException.getJdbcSQLException(DbException.java:429)
	at org.h2.message.DbException.get(DbException.java:205)
	at org.h2.message.DbException.get(DbException.java:181)
	at org.h2.table.Column.validateConvertUpdateSequence(Column.java:374)
	at org.h2.table.Table.validateConvertUpdateSequence(Table.java:845)
	at org.h2.command.dml.Insert.insertRows(Insert.java:187)
	at org.h2.command.dml.Insert.update(Insert.java:151)
	at org.h2.command.CommandContainer.update(CommandContainer.java:198)
	at org.h2.command.Command.executeUpdate(Command.java:251)
	at org.h2.jdbc.JdbcPreparedStatement.executeUpdateInternal(JdbcPreparedStatement.java:191)
	at org.h2.jdbc.JdbcPreparedStatement.executeUpdate(JdbcPreparedStatement.java:152)
	at org.eclipse.persistence.internal.databaseaccess.DatabaseAccessor.executeDirectNoSelect(DatabaseAccessor.java:898)
	... 77 more
</error>
    <system-out>[EL Warning]: 2022-04-28 17:23:35.359--UnitOfWork(421101181)--Exception [EclipseLink-4002] (Eclipse Persistence Services - 2.7.6.v20200131-b7c997804f): org.eclipse.persistence.exceptions.DatabaseException
Internal Exception: org.h2.jdbc.JdbcSQLIntegrityConstraintViolationException: La columna &quot;DIRECCION&quot; no permite valores nulos (NULL)
NULL not allowed for column &quot;DIRECCION&quot;; SQL statement:
INSERT INTO CLIENTE (ID, CIUDAD, CODIGOPOSTAL, DIRECCION, ESTADO, FECHAALTA, FECHABAJA, IDENTIFICACION, PAIS, TIPOCLIENTE, USER_USER, DTYPE) VALUES (?, ?, ?, ?, ?, ?, ?, ?, ?, ?, ?, ?) [23502-200]
Error Code: 23502
Call: INSERT INTO CLIENTE (ID, CIUDAD, CODIGOPOSTAL, DIRECCION, ESTADO, FECHAALTA, FECHABAJA, IDENTIFICACION, PAIS, TIPOCLIENTE, USER_USER, DTYPE) VALUES (?, ?, ?, ?, ?, ?, ?, ?, ?, ?, ?, ?)
	bind =&gt; [12 parameters bound]
Query: InsertObjectQuery(Cliente{
id=1
identificacion=Avenia Plutarco
tipoCliente=null
estado=Activo
fechaAlta=Thu Apr 28 17:23:35 CEST 2022
fechaBaja=null
direccion=null
ciudad=Malaga
codigopostal=29004
pais=Espana
cuentasFintech={[]}}Empresa{
razon_social=UMA})
</system-out>
  </testcase>
  <testcase classname="ma3s.fintech.test.Cuentas" name="testAperturaCuentaSegregadaOk" time="0.043">
    <error message="Exception [EclipseLink-4002] (Eclipse Persistence Services - 2.7.6.v20200131-b7c997804f): org.eclipse.persistence.exceptions.DatabaseException
Internal Exception: org.h2.jdbc.JdbcSQLIntegrityConstraintViolationException: La columna &quot;DIRECCION&quot; no permite valores nulos (NULL)
NULL not allowed for column &quot;DIRECCION&quot;; SQL statement:
INSERT INTO CLIENTE (ID, CIUDAD, CODIGOPOSTAL, DIRECCION, ESTADO, FECHAALTA, FECHABAJA, IDENTIFICACION, PAIS, TIPOCLIENTE, USER_USER, DTYPE) VALUES (?, ?, ?, ?, ?, ?, ?, ?, ?, ?, ?, ?) [23502-200]
Error Code: 23502
Call: INSERT INTO CLIENTE (ID, CIUDAD, CODIGOPOSTAL, DIRECCION, ESTADO, FECHAALTA, FECHABAJA, IDENTIFICACION, PAIS, TIPOCLIENTE, USER_USER, DTYPE) VALUES (?, ?, ?, ?, ?, ?, ?, ?, ?, ?, ?, ?)
	bind =&gt; [12 parameters bound]
Query: InsertObjectQuery(Cliente{
id=2
identificacion=avenida de Murcia
tipoCliente=null
estado=Activo
fechaAlta=Thu Apr 28 17:23:35 CEST 2022
fechaBaja=null
direccion=null
ciudad=Murcia
codigopostal=29845
pais=Espana
cuentasFintech={[]}}Empresa{
razon_social=UCAM})" type="javax.persistence.RollbackException">javax.persistence.RollbackException: Exception [EclipseLink-4002] (Eclipse Persistence Services - 2.7.6.v20200131-b7c997804f): org.eclipse.persistence.exceptions.DatabaseException
Internal Exception: org.h2.jdbc.JdbcSQLIntegrityConstraintViolationException: La columna &quot;DIRECCION&quot; no permite valores nulos (NULL)
NULL not allowed for column &quot;DIRECCION&quot;; SQL statement:
INSERT INTO CLIENTE (ID, CIUDAD, CODIGOPOSTAL, DIRECCION, ESTADO, FECHAALTA, FECHABAJA, IDENTIFICACION, PAIS, TIPOCLIENTE, USER_USER, DTYPE) VALUES (?, ?, ?, ?, ?, ?, ?, ?, ?, ?, ?, ?) [23502-200]
Error Code: 23502
Call: INSERT INTO CLIENTE (ID, CIUDAD, CODIGOPOSTAL, DIRECCION, ESTADO, FECHAALTA, FECHABAJA, IDENTIFICACION, PAIS, TIPOCLIENTE, USER_USER, DTYPE) VALUES (?, ?, ?, ?, ?, ?, ?, ?, ?, ?, ?, ?)
	bind =&gt; [12 parameters bound]
Query: InsertObjectQuery(Cliente{
id=2
identificacion=avenida de Murcia
tipoCliente=null
estado=Activo
fechaAlta=Thu Apr 28 17:23:35 CEST 2022
fechaBaja=null
direccion=null
ciudad=Murcia
codigopostal=29845
pais=Espana
cuentasFintech={[]}}Empresa{
razon_social=UCAM})
	at org.eclipse.persistence.internal.jpa.transaction.EntityTransactionImpl.commit(EntityTransactionImpl.java:161)
	at ma3s.fintech.test.BaseDatos.inicializaBaseDatos(BaseDatos.java:229)
	at ma3s.fintech.test.Cuentas.setup(Cuentas.java:28)
	at sun.reflect.NativeMethodAccessorImpl.invoke0(Native Method)
	at sun.reflect.NativeMethodAccessorImpl.invoke(NativeMethodAccessorImpl.java:62)
	at sun.reflect.DelegatingMethodAccessorImpl.invoke(DelegatingMethodAccessorImpl.java:43)
	at java.lang.reflect.Method.invoke(Method.java:498)
	at org.junit.runners.model.FrameworkMethod$1.runReflectiveCall(FrameworkMethod.java:59)
	at org.junit.internal.runners.model.ReflectiveCallable.run(ReflectiveCallable.java:12)
	at org.junit.runners.model.FrameworkMethod.invokeExplosively(FrameworkMethod.java:56)
	at org.junit.internal.runners.statements.RunBefores.invokeMethod(RunBefores.java:33)
	at org.junit.internal.runners.statements.RunBefores.evaluate(RunBefores.java:24)
	at org.junit.runners.ParentRunner$3.evaluate(ParentRunner.java:306)
	at org.junit.runners.BlockJUnit4ClassRunner$1.evaluate(BlockJUnit4ClassRunner.java:100)
	at org.junit.runners.ParentRunner.runLeaf(ParentRunner.java:366)
	at org.junit.runners.BlockJUnit4ClassRunner.runChild(BlockJUnit4ClassRunner.java:103)
	at org.junit.runners.BlockJUnit4ClassRunner.runChild(BlockJUnit4ClassRunner.java:63)
	at org.junit.runners.ParentRunner$4.run(ParentRunner.java:331)
	at org.junit.runners.ParentRunner$1.schedule(ParentRunner.java:79)
	at org.junit.runners.ParentRunner.runChildren(ParentRunner.java:329)
	at org.junit.runners.ParentRunner.access$100(ParentRunner.java:66)
	at org.junit.runners.ParentRunner$2.evaluate(ParentRunner.java:293)
	at org.junit.runners.ParentRunner$3.evaluate(ParentRunner.java:306)
	at org.junit.runners.ParentRunner.run(ParentRunner.java:413)
	at org.junit.runners.Suite.runChild(Suite.java:128)
	at org.junit.runners.Suite.runChild(Suite.java:27)
	at org.junit.runners.ParentRunner$4.run(ParentRunner.java:331)
	at org.junit.runners.ParentRunner$1.schedule(ParentRunner.java:79)
	at org.junit.runners.ParentRunner.runChildren(ParentRunner.java:329)
	at org.junit.runners.ParentRunner.access$100(ParentRunner.java:66)
	at org.junit.runners.ParentRunner$2.evaluate(ParentRunner.java:293)
	at org.junit.internal.runners.statements.RunBefores.evaluate(RunBefores.java:26)
	at org.junit.internal.runners.statements.RunAfters.evaluate(RunAfters.java:27)
	at org.junit.runners.ParentRunner$3.evaluate(ParentRunner.java:306)
	at org.junit.runners.ParentRunner.run(ParentRunner.java:413)
	at org.apache.maven.surefire.junit4.JUnit4Provider.execute(JUnit4Provider.java:252)
	at org.apache.maven.surefire.junit4.JUnit4Provider.executeTestSet(JUnit4Provider.java:141)
	at org.apache.maven.surefire.junit4.JUnit4Provider.invoke(JUnit4Provider.java:112)
	at sun.reflect.NativeMethodAccessorImpl.invoke0(Native Method)
	at sun.reflect.NativeMethodAccessorImpl.invoke(NativeMethodAccessorImpl.java:62)
	at sun.reflect.DelegatingMethodAccessorImpl.invoke(DelegatingMethodAccessorImpl.java:43)
	at java.lang.reflect.Method.invoke(Method.java:498)
	at org.apache.maven.surefire.util.ReflectionUtils.invokeMethodWithArray(ReflectionUtils.java:189)
	at org.apache.maven.surefire.booter.ProviderFactory$ProviderProxy.invoke(ProviderFactory.java:165)
	at org.apache.maven.surefire.booter.ProviderFactory.invokeProvider(ProviderFactory.java:85)
	at org.apache.maven.surefire.booter.ForkedBooter.runSuitesInProcess(ForkedBooter.java:115)
	at org.apache.maven.surefire.booter.ForkedBooter.main(ForkedBooter.java:75)
Caused by: Exception [EclipseLink-4002] (Eclipse Persistence Services - 2.7.6.v20200131-b7c997804f): org.eclipse.persistence.exceptions.DatabaseException
Internal Exception: org.h2.jdbc.JdbcSQLIntegrityConstraintViolationException: La columna &quot;DIRECCION&quot; no permite valores nulos (NULL)
NULL not allowed for column &quot;DIRECCION&quot;; SQL statement:
INSERT INTO CLIENTE (ID, CIUDAD, CODIGOPOSTAL, DIRECCION, ESTADO, FECHAALTA, FECHABAJA, IDENTIFICACION, PAIS, TIPOCLIENTE, USER_USER, DTYPE) VALUES (?, ?, ?, ?, ?, ?, ?, ?, ?, ?, ?, ?) [23502-200]
Error Code: 23502
Call: INSERT INTO CLIENTE (ID, CIUDAD, CODIGOPOSTAL, DIRECCION, ESTADO, FECHAALTA, FECHABAJA, IDENTIFICACION, PAIS, TIPOCLIENTE, USER_USER, DTYPE) VALUES (?, ?, ?, ?, ?, ?, ?, ?, ?, ?, ?, ?)
	bind =&gt; [12 parameters bound]
Query: InsertObjectQuery(Cliente{
id=2
identificacion=avenida de Murcia
tipoCliente=null
estado=Activo
fechaAlta=Thu Apr 28 17:23:35 CEST 2022
fechaBaja=null
direccion=null
ciudad=Murcia
codigopostal=29845
pais=Espana
cuentasFintech={[]}}Empresa{
razon_social=UCAM})
	at org.eclipse.persistence.exceptions.DatabaseException.sqlException(DatabaseException.java:333)
	at org.eclipse.persistence.internal.databaseaccess.DatabaseAccessor.executeDirectNoSelect(DatabaseAccessor.java:908)
	at org.eclipse.persistence.internal.databaseaccess.DatabaseAccessor.executeNoSelect(DatabaseAccessor.java:970)
	at org.eclipse.persistence.internal.databaseaccess.DatabaseAccessor.basicExecuteCall(DatabaseAccessor.java:640)
	at org.eclipse.persistence.internal.databaseaccess.DatabaseAccessor.executeCall(DatabaseAccessor.java:567)
	at org.eclipse.persistence.internal.sessions.AbstractSession.basicExecuteCall(AbstractSession.java:2099)
	at org.eclipse.persistence.sessions.server.ClientSession.executeCall(ClientSession.java:313)
	at org.eclipse.persistence.internal.queries.DatasourceCallQueryMechanism.executeCall(DatasourceCallQueryMechanism.java:275)
	at org.eclipse.persistence.internal.queries.DatasourceCallQueryMechanism.insertObject(DatasourceCallQueryMechanism.java:397)
	at org.eclipse.persistence.internal.queries.StatementQueryMechanism.insertObject(StatementQueryMechanism.java:167)
	at org.eclipse.persistence.internal.queries.StatementQueryMechanism.insertObject(StatementQueryMechanism.java:182)
	at org.eclipse.persistence.internal.queries.DatabaseQueryMechanism.insertObjectForWrite(DatabaseQueryMechanism.java:504)
	at org.eclipse.persistence.queries.InsertObjectQuery.executeCommit(InsertObjectQuery.java:82)
	at org.eclipse.persistence.queries.InsertObjectQuery.executeCommitWithChangeSet(InsertObjectQuery.java:92)
	at org.eclipse.persistence.internal.queries.DatabaseQueryMechanism.executeWriteWithChangeSet(DatabaseQueryMechanism.java:316)
	at org.eclipse.persistence.queries.WriteObjectQuery.executeDatabaseQuery(WriteObjectQuery.java:60)
	at org.eclipse.persistence.queries.DatabaseQuery.execute(DatabaseQuery.java:911)
	at org.eclipse.persistence.queries.DatabaseQuery.executeInUnitOfWork(DatabaseQuery.java:810)
	at org.eclipse.persistence.queries.ObjectLevelModifyQuery.executeInUnitOfWorkObjectLevelModifyQuery(ObjectLevelModifyQuery.java:110)
	at org.eclipse.persistence.queries.ObjectLevelModifyQuery.executeInUnitOfWork(ObjectLevelModifyQuery.java:87)
	at org.eclipse.persistence.internal.sessions.UnitOfWorkImpl.internalExecuteQuery(UnitOfWorkImpl.java:2983)
	at org.eclipse.persistence.internal.sessions.AbstractSession.executeQuery(AbstractSession.java:1898)
	at org.eclipse.persistence.internal.sessions.AbstractSession.executeQuery(AbstractSession.java:1880)
	at org.eclipse.persistence.internal.sessions.AbstractSession.executeQuery(AbstractSession.java:1830)
	at org.eclipse.persistence.internal.sessions.CommitManager.commitNewObjectsForClassWithChangeSet(CommitManager.java:229)
	at org.eclipse.persistence.internal.sessions.CommitManager.commitAllObjectsForClassWithChangeSet(CommitManager.java:196)
	at org.eclipse.persistence.internal.sessions.CommitManager.commitAllObjectsWithChangeSet(CommitManager.java:141)
	at org.eclipse.persistence.internal.sessions.AbstractSession.writeAllObjectsWithChangeSet(AbstractSession.java:4398)
	at org.eclipse.persistence.internal.sessions.UnitOfWorkImpl.commitToDatabase(UnitOfWorkImpl.java:1495)
	at org.eclipse.persistence.internal.sessions.UnitOfWorkImpl.commitToDatabaseWithChangeSet(UnitOfWorkImpl.java:1585)
	at org.eclipse.persistence.internal.sessions.RepeatableWriteUnitOfWork.commitRootUnitOfWork(RepeatableWriteUnitOfWork.java:280)
	at org.eclipse.persistence.internal.sessions.UnitOfWorkImpl.commitAndResume(UnitOfWorkImpl.java:1222)
	at org.eclipse.persistence.internal.jpa.transaction.EntityTransactionImpl.commit(EntityTransactionImpl.java:136)
	... 46 more
Caused by: org.h2.jdbc.JdbcSQLIntegrityConstraintViolationException: La columna &quot;DIRECCION&quot; no permite valores nulos (NULL)
NULL not allowed for column &quot;DIRECCION&quot;; SQL statement:
INSERT INTO CLIENTE (ID, CIUDAD, CODIGOPOSTAL, DIRECCION, ESTADO, FECHAALTA, FECHABAJA, IDENTIFICACION, PAIS, TIPOCLIENTE, USER_USER, DTYPE) VALUES (?, ?, ?, ?, ?, ?, ?, ?, ?, ?, ?, ?) [23502-200]
	at org.h2.message.DbException.getJdbcSQLException(DbException.java:459)
	at org.h2.message.DbException.getJdbcSQLException(DbException.java:429)
	at org.h2.message.DbException.get(DbException.java:205)
	at org.h2.message.DbException.get(DbException.java:181)
	at org.h2.table.Column.validateConvertUpdateSequence(Column.java:374)
	at org.h2.table.Table.validateConvertUpdateSequence(Table.java:845)
	at org.h2.command.dml.Insert.insertRows(Insert.java:187)
	at org.h2.command.dml.Insert.update(Insert.java:151)
	at org.h2.command.CommandContainer.update(CommandContainer.java:198)
	at org.h2.command.Command.executeUpdate(Command.java:251)
	at org.h2.jdbc.JdbcPreparedStatement.executeUpdateInternal(JdbcPreparedStatement.java:191)
	at org.h2.jdbc.JdbcPreparedStatement.executeUpdate(JdbcPreparedStatement.java:152)
	at org.eclipse.persistence.internal.databaseaccess.DatabaseAccessor.executeDirectNoSelect(DatabaseAccessor.java:898)
	... 77 more
</error>
    <system-out>[EL Warning]: 2022-04-28 17:23:35.401--UnitOfWork(1161435015)--Exception [EclipseLink-4002] (Eclipse Persistence Services - 2.7.6.v20200131-b7c997804f): org.eclipse.persistence.exceptions.DatabaseException
Internal Exception: org.h2.jdbc.JdbcSQLIntegrityConstraintViolationException: La columna &quot;DIRECCION&quot; no permite valores nulos (NULL)
NULL not allowed for column &quot;DIRECCION&quot;; SQL statement:
INSERT INTO CLIENTE (ID, CIUDAD, CODIGOPOSTAL, DIRECCION, ESTADO, FECHAALTA, FECHABAJA, IDENTIFICACION, PAIS, TIPOCLIENTE, USER_USER, DTYPE) VALUES (?, ?, ?, ?, ?, ?, ?, ?, ?, ?, ?, ?) [23502-200]
Error Code: 23502
Call: INSERT INTO CLIENTE (ID, CIUDAD, CODIGOPOSTAL, DIRECCION, ESTADO, FECHAALTA, FECHABAJA, IDENTIFICACION, PAIS, TIPOCLIENTE, USER_USER, DTYPE) VALUES (?, ?, ?, ?, ?, ?, ?, ?, ?, ?, ?, ?)
	bind =&gt; [12 parameters bound]
Query: InsertObjectQuery(Cliente{
id=2
identificacion=avenida de Murcia
tipoCliente=null
estado=Activo
fechaAlta=Thu Apr 28 17:23:35 CEST 2022
fechaBaja=null
direccion=null
ciudad=Murcia
codigopostal=29845
pais=Espana
cuentasFintech={[]}}Empresa{
razon_social=UCAM})
</system-out>
  </testcase>
  <testcase classname="ma3s.fintech.test.Cuentas" name="testAperturaCuentaSegregada" time="0.056">
    <error message="Exception [EclipseLink-4002] (Eclipse Persistence Services - 2.7.6.v20200131-b7c997804f): org.eclipse.persistence.exceptions.DatabaseException
Internal Exception: org.h2.jdbc.JdbcSQLIntegrityConstraintViolationException: La columna &quot;DIRECCION&quot; no permite valores nulos (NULL)
NULL not allowed for column &quot;DIRECCION&quot;; SQL statement:
INSERT INTO CLIENTE (ID, CIUDAD, CODIGOPOSTAL, DIRECCION, ESTADO, FECHAALTA, FECHABAJA, IDENTIFICACION, PAIS, TIPOCLIENTE, USER_USER, DTYPE) VALUES (?, ?, ?, ?, ?, ?, ?, ?, ?, ?, ?, ?) [23502-200]
Error Code: 23502
Call: INSERT INTO CLIENTE (ID, CIUDAD, CODIGOPOSTAL, DIRECCION, ESTADO, FECHAALTA, FECHABAJA, IDENTIFICACION, PAIS, TIPOCLIENTE, USER_USER, DTYPE) VALUES (?, ?, ?, ?, ?, ?, ?, ?, ?, ?, ?, ?)
	bind =&gt; [12 parameters bound]
Query: InsertObjectQuery(Cliente{
id=2
identificacion=avenida de Murcia
tipoCliente=null
estado=Activo
fechaAlta=Thu Apr 28 17:23:35 CEST 2022
fechaBaja=null
direccion=null
ciudad=Murcia
codigopostal=29845
pais=Espana
cuentasFintech={[]}}Empresa{
razon_social=UCAM})" type="javax.persistence.RollbackException">javax.persistence.RollbackException: Exception [EclipseLink-4002] (Eclipse Persistence Services - 2.7.6.v20200131-b7c997804f): org.eclipse.persistence.exceptions.DatabaseException
Internal Exception: org.h2.jdbc.JdbcSQLIntegrityConstraintViolationException: La columna &quot;DIRECCION&quot; no permite valores nulos (NULL)
NULL not allowed for column &quot;DIRECCION&quot;; SQL statement:
INSERT INTO CLIENTE (ID, CIUDAD, CODIGOPOSTAL, DIRECCION, ESTADO, FECHAALTA, FECHABAJA, IDENTIFICACION, PAIS, TIPOCLIENTE, USER_USER, DTYPE) VALUES (?, ?, ?, ?, ?, ?, ?, ?, ?, ?, ?, ?) [23502-200]
Error Code: 23502
Call: INSERT INTO CLIENTE (ID, CIUDAD, CODIGOPOSTAL, DIRECCION, ESTADO, FECHAALTA, FECHABAJA, IDENTIFICACION, PAIS, TIPOCLIENTE, USER_USER, DTYPE) VALUES (?, ?, ?, ?, ?, ?, ?, ?, ?, ?, ?, ?)
	bind =&gt; [12 parameters bound]
Query: InsertObjectQuery(Cliente{
id=2
identificacion=avenida de Murcia
tipoCliente=null
estado=Activo
fechaAlta=Thu Apr 28 17:23:35 CEST 2022
fechaBaja=null
direccion=null
ciudad=Murcia
codigopostal=29845
pais=Espana
cuentasFintech={[]}}Empresa{
razon_social=UCAM})
	at org.eclipse.persistence.internal.jpa.transaction.EntityTransactionImpl.commit(EntityTransactionImpl.java:161)
	at ma3s.fintech.test.BaseDatos.inicializaBaseDatos(BaseDatos.java:229)
	at ma3s.fintech.test.Cuentas.setup(Cuentas.java:28)
	at sun.reflect.NativeMethodAccessorImpl.invoke0(Native Method)
	at sun.reflect.NativeMethodAccessorImpl.invoke(NativeMethodAccessorImpl.java:62)
	at sun.reflect.DelegatingMethodAccessorImpl.invoke(DelegatingMethodAccessorImpl.java:43)
	at java.lang.reflect.Method.invoke(Method.java:498)
	at org.junit.runners.model.FrameworkMethod$1.runReflectiveCall(FrameworkMethod.java:59)
	at org.junit.internal.runners.model.ReflectiveCallable.run(ReflectiveCallable.java:12)
	at org.junit.runners.model.FrameworkMethod.invokeExplosively(FrameworkMethod.java:56)
	at org.junit.internal.runners.statements.RunBefores.invokeMethod(RunBefores.java:33)
	at org.junit.internal.runners.statements.RunBefores.evaluate(RunBefores.java:24)
	at org.junit.runners.ParentRunner$3.evaluate(ParentRunner.java:306)
	at org.junit.runners.BlockJUnit4ClassRunner$1.evaluate(BlockJUnit4ClassRunner.java:100)
	at org.junit.runners.ParentRunner.runLeaf(ParentRunner.java:366)
	at org.junit.runners.BlockJUnit4ClassRunner.runChild(BlockJUnit4ClassRunner.java:103)
	at org.junit.runners.BlockJUnit4ClassRunner.runChild(BlockJUnit4ClassRunner.java:63)
	at org.junit.runners.ParentRunner$4.run(ParentRunner.java:331)
	at org.junit.runners.ParentRunner$1.schedule(ParentRunner.java:79)
	at org.junit.runners.ParentRunner.runChildren(ParentRunner.java:329)
	at org.junit.runners.ParentRunner.access$100(ParentRunner.java:66)
	at org.junit.runners.ParentRunner$2.evaluate(ParentRunner.java:293)
	at org.junit.runners.ParentRunner$3.evaluate(ParentRunner.java:306)
	at org.junit.runners.ParentRunner.run(ParentRunner.java:413)
	at org.junit.runners.Suite.runChild(Suite.java:128)
	at org.junit.runners.Suite.runChild(Suite.java:27)
	at org.junit.runners.ParentRunner$4.run(ParentRunner.java:331)
	at org.junit.runners.ParentRunner$1.schedule(ParentRunner.java:79)
	at org.junit.runners.ParentRunner.runChildren(ParentRunner.java:329)
	at org.junit.runners.ParentRunner.access$100(ParentRunner.java:66)
	at org.junit.runners.ParentRunner$2.evaluate(ParentRunner.java:293)
	at org.junit.internal.runners.statements.RunBefores.evaluate(RunBefores.java:26)
	at org.junit.internal.runners.statements.RunAfters.evaluate(RunAfters.java:27)
	at org.junit.runners.ParentRunner$3.evaluate(ParentRunner.java:306)
	at org.junit.runners.ParentRunner.run(ParentRunner.java:413)
	at org.apache.maven.surefire.junit4.JUnit4Provider.execute(JUnit4Provider.java:252)
	at org.apache.maven.surefire.junit4.JUnit4Provider.executeTestSet(JUnit4Provider.java:141)
	at org.apache.maven.surefire.junit4.JUnit4Provider.invoke(JUnit4Provider.java:112)
	at sun.reflect.NativeMethodAccessorImpl.invoke0(Native Method)
	at sun.reflect.NativeMethodAccessorImpl.invoke(NativeMethodAccessorImpl.java:62)
	at sun.reflect.DelegatingMethodAccessorImpl.invoke(DelegatingMethodAccessorImpl.java:43)
	at java.lang.reflect.Method.invoke(Method.java:498)
	at org.apache.maven.surefire.util.ReflectionUtils.invokeMethodWithArray(ReflectionUtils.java:189)
	at org.apache.maven.surefire.booter.ProviderFactory$ProviderProxy.invoke(ProviderFactory.java:165)
	at org.apache.maven.surefire.booter.ProviderFactory.invokeProvider(ProviderFactory.java:85)
	at org.apache.maven.surefire.booter.ForkedBooter.runSuitesInProcess(ForkedBooter.java:115)
	at org.apache.maven.surefire.booter.ForkedBooter.main(ForkedBooter.java:75)
Caused by: Exception [EclipseLink-4002] (Eclipse Persistence Services - 2.7.6.v20200131-b7c997804f): org.eclipse.persistence.exceptions.DatabaseException
Internal Exception: org.h2.jdbc.JdbcSQLIntegrityConstraintViolationException: La columna &quot;DIRECCION&quot; no permite valores nulos (NULL)
NULL not allowed for column &quot;DIRECCION&quot;; SQL statement:
INSERT INTO CLIENTE (ID, CIUDAD, CODIGOPOSTAL, DIRECCION, ESTADO, FECHAALTA, FECHABAJA, IDENTIFICACION, PAIS, TIPOCLIENTE, USER_USER, DTYPE) VALUES (?, ?, ?, ?, ?, ?, ?, ?, ?, ?, ?, ?) [23502-200]
Error Code: 23502
Call: INSERT INTO CLIENTE (ID, CIUDAD, CODIGOPOSTAL, DIRECCION, ESTADO, FECHAALTA, FECHABAJA, IDENTIFICACION, PAIS, TIPOCLIENTE, USER_USER, DTYPE) VALUES (?, ?, ?, ?, ?, ?, ?, ?, ?, ?, ?, ?)
	bind =&gt; [12 parameters bound]
Query: InsertObjectQuery(Cliente{
id=2
identificacion=avenida de Murcia
tipoCliente=null
estado=Activo
fechaAlta=Thu Apr 28 17:23:35 CEST 2022
fechaBaja=null
direccion=null
ciudad=Murcia
codigopostal=29845
pais=Espana
cuentasFintech={[]}}Empresa{
razon_social=UCAM})
	at org.eclipse.persistence.exceptions.DatabaseException.sqlException(DatabaseException.java:333)
	at org.eclipse.persistence.internal.databaseaccess.DatabaseAccessor.executeDirectNoSelect(DatabaseAccessor.java:908)
	at org.eclipse.persistence.internal.databaseaccess.DatabaseAccessor.executeNoSelect(DatabaseAccessor.java:970)
	at org.eclipse.persistence.internal.databaseaccess.DatabaseAccessor.basicExecuteCall(DatabaseAccessor.java:640)
	at org.eclipse.persistence.internal.databaseaccess.DatabaseAccessor.executeCall(DatabaseAccessor.java:567)
	at org.eclipse.persistence.internal.sessions.AbstractSession.basicExecuteCall(AbstractSession.java:2099)
	at org.eclipse.persistence.sessions.server.ClientSession.executeCall(ClientSession.java:313)
	at org.eclipse.persistence.internal.queries.DatasourceCallQueryMechanism.executeCall(DatasourceCallQueryMechanism.java:275)
	at org.eclipse.persistence.internal.queries.DatasourceCallQueryMechanism.insertObject(DatasourceCallQueryMechanism.java:397)
	at org.eclipse.persistence.internal.queries.StatementQueryMechanism.insertObject(StatementQueryMechanism.java:167)
	at org.eclipse.persistence.internal.queries.StatementQueryMechanism.insertObject(StatementQueryMechanism.java:182)
	at org.eclipse.persistence.internal.queries.DatabaseQueryMechanism.insertObjectForWrite(DatabaseQueryMechanism.java:504)
	at org.eclipse.persistence.queries.InsertObjectQuery.executeCommit(InsertObjectQuery.java:82)
	at org.eclipse.persistence.queries.InsertObjectQuery.executeCommitWithChangeSet(InsertObjectQuery.java:92)
	at org.eclipse.persistence.internal.queries.DatabaseQueryMechanism.executeWriteWithChangeSet(DatabaseQueryMechanism.java:316)
	at org.eclipse.persistence.queries.WriteObjectQuery.executeDatabaseQuery(WriteObjectQuery.java:60)
	at org.eclipse.persistence.queries.DatabaseQuery.execute(DatabaseQuery.java:911)
	at org.eclipse.persistence.queries.DatabaseQuery.executeInUnitOfWork(DatabaseQuery.java:810)
	at org.eclipse.persistence.queries.ObjectLevelModifyQuery.executeInUnitOfWorkObjectLevelModifyQuery(ObjectLevelModifyQuery.java:110)
	at org.eclipse.persistence.queries.ObjectLevelModifyQuery.executeInUnitOfWork(ObjectLevelModifyQuery.java:87)
	at org.eclipse.persistence.internal.sessions.UnitOfWorkImpl.internalExecuteQuery(UnitOfWorkImpl.java:2983)
	at org.eclipse.persistence.internal.sessions.AbstractSession.executeQuery(AbstractSession.java:1898)
	at org.eclipse.persistence.internal.sessions.AbstractSession.executeQuery(AbstractSession.java:1880)
	at org.eclipse.persistence.internal.sessions.AbstractSession.executeQuery(AbstractSession.java:1830)
	at org.eclipse.persistence.internal.sessions.CommitManager.commitNewObjectsForClassWithChangeSet(CommitManager.java:229)
	at org.eclipse.persistence.internal.sessions.CommitManager.commitAllObjectsForClassWithChangeSet(CommitManager.java:196)
	at org.eclipse.persistence.internal.sessions.CommitManager.commitAllObjectsWithChangeSet(CommitManager.java:141)
	at org.eclipse.persistence.internal.sessions.AbstractSession.writeAllObjectsWithChangeSet(AbstractSession.java:4398)
	at org.eclipse.persistence.internal.sessions.UnitOfWorkImpl.commitToDatabase(UnitOfWorkImpl.java:1495)
	at org.eclipse.persistence.internal.sessions.UnitOfWorkImpl.commitToDatabaseWithChangeSet(UnitOfWorkImpl.java:1585)
	at org.eclipse.persistence.internal.sessions.RepeatableWriteUnitOfWork.commitRootUnitOfWork(RepeatableWriteUnitOfWork.java:280)
	at org.eclipse.persistence.internal.sessions.UnitOfWorkImpl.commitAndResume(UnitOfWorkImpl.java:1222)
	at org.eclipse.persistence.internal.jpa.transaction.EntityTransactionImpl.commit(EntityTransactionImpl.java:136)
	... 46 more
Caused by: org.h2.jdbc.JdbcSQLIntegrityConstraintViolationException: La columna &quot;DIRECCION&quot; no permite valores nulos (NULL)
NULL not allowed for column &quot;DIRECCION&quot;; SQL statement:
INSERT INTO CLIENTE (ID, CIUDAD, CODIGOPOSTAL, DIRECCION, ESTADO, FECHAALTA, FECHABAJA, IDENTIFICACION, PAIS, TIPOCLIENTE, USER_USER, DTYPE) VALUES (?, ?, ?, ?, ?, ?, ?, ?, ?, ?, ?, ?) [23502-200]
	at org.h2.message.DbException.getJdbcSQLException(DbException.java:459)
	at org.h2.message.DbException.getJdbcSQLException(DbException.java:429)
	at org.h2.message.DbException.get(DbException.java:205)
	at org.h2.message.DbException.get(DbException.java:181)
	at org.h2.table.Column.validateConvertUpdateSequence(Column.java:374)
	at org.h2.table.Table.validateConvertUpdateSequence(Table.java:845)
	at org.h2.command.dml.Insert.insertRows(Insert.java:187)
	at org.h2.command.dml.Insert.update(Insert.java:151)
	at org.h2.command.CommandContainer.update(CommandContainer.java:198)
	at org.h2.command.Command.executeUpdate(Command.java:251)
	at org.h2.jdbc.JdbcPreparedStatement.executeUpdateInternal(JdbcPreparedStatement.java:191)
	at org.h2.jdbc.JdbcPreparedStatement.executeUpdate(JdbcPreparedStatement.java:152)
	at org.eclipse.persistence.internal.databaseaccess.DatabaseAccessor.executeDirectNoSelect(DatabaseAccessor.java:898)
	... 77 more
</error>
    <system-out>[EL Warning]: 2022-04-28 17:23:35.459--UnitOfWork(1683210360)--Exception [EclipseLink-4002] (Eclipse Persistence Services - 2.7.6.v20200131-b7c997804f): org.eclipse.persistence.exceptions.DatabaseException
Internal Exception: org.h2.jdbc.JdbcSQLIntegrityConstraintViolationException: La columna &quot;DIRECCION&quot; no permite valores nulos (NULL)
NULL not allowed for column &quot;DIRECCION&quot;; SQL statement:
INSERT INTO CLIENTE (ID, CIUDAD, CODIGOPOSTAL, DIRECCION, ESTADO, FECHAALTA, FECHABAJA, IDENTIFICACION, PAIS, TIPOCLIENTE, USER_USER, DTYPE) VALUES (?, ?, ?, ?, ?, ?, ?, ?, ?, ?, ?, ?) [23502-200]
Error Code: 23502
Call: INSERT INTO CLIENTE (ID, CIUDAD, CODIGOPOSTAL, DIRECCION, ESTADO, FECHAALTA, FECHABAJA, IDENTIFICACION, PAIS, TIPOCLIENTE, USER_USER, DTYPE) VALUES (?, ?, ?, ?, ?, ?, ?, ?, ?, ?, ?, ?)
	bind =&gt; [12 parameters bound]
Query: InsertObjectQuery(Cliente{
id=2
identificacion=avenida de Murcia
tipoCliente=null
estado=Activo
fechaAlta=Thu Apr 28 17:23:35 CEST 2022
fechaBaja=null
direccion=null
ciudad=Murcia
codigopostal=29845
pais=Espana
cuentasFintech={[]}}Empresa{
razon_social=UCAM})
</system-out>
  </testcase>
  <testcase classname="ma3s.fintech.test.Cuentas" name="testAperturaCuentaPooled" time="0.057">
    <error message="Exception [EclipseLink-4002] (Eclipse Persistence Services - 2.7.6.v20200131-b7c997804f): org.eclipse.persistence.exceptions.DatabaseException
Internal Exception: org.h2.jdbc.JdbcSQLIntegrityConstraintViolationException: La columna &quot;DIRECCION&quot; no permite valores nulos (NULL)
NULL not allowed for column &quot;DIRECCION&quot;; SQL statement:
INSERT INTO CLIENTE (ID, CIUDAD, CODIGOPOSTAL, DIRECCION, ESTADO, FECHAALTA, FECHABAJA, IDENTIFICACION, PAIS, TIPOCLIENTE, USER_USER, DTYPE) VALUES (?, ?, ?, ?, ?, ?, ?, ?, ?, ?, ?, ?) [23502-200]
Error Code: 23502
Call: INSERT INTO CLIENTE (ID, CIUDAD, CODIGOPOSTAL, DIRECCION, ESTADO, FECHAALTA, FECHABAJA, IDENTIFICACION, PAIS, TIPOCLIENTE, USER_USER, DTYPE) VALUES (?, ?, ?, ?, ?, ?, ?, ?, ?, ?, ?, ?)
	bind =&gt; [12 parameters bound]
Query: InsertObjectQuery(Cliente{
id=2
identificacion=avenida de Murcia
tipoCliente=null
estado=Activo
fechaAlta=Thu Apr 28 17:23:35 CEST 2022
fechaBaja=null
direccion=null
ciudad=Murcia
codigopostal=29845
pais=Espana
cuentasFintech={[]}}Empresa{
razon_social=UCAM})" type="javax.persistence.RollbackException">javax.persistence.RollbackException: Exception [EclipseLink-4002] (Eclipse Persistence Services - 2.7.6.v20200131-b7c997804f): org.eclipse.persistence.exceptions.DatabaseException
Internal Exception: org.h2.jdbc.JdbcSQLIntegrityConstraintViolationException: La columna &quot;DIRECCION&quot; no permite valores nulos (NULL)
NULL not allowed for column &quot;DIRECCION&quot;; SQL statement:
INSERT INTO CLIENTE (ID, CIUDAD, CODIGOPOSTAL, DIRECCION, ESTADO, FECHAALTA, FECHABAJA, IDENTIFICACION, PAIS, TIPOCLIENTE, USER_USER, DTYPE) VALUES (?, ?, ?, ?, ?, ?, ?, ?, ?, ?, ?, ?) [23502-200]
Error Code: 23502
Call: INSERT INTO CLIENTE (ID, CIUDAD, CODIGOPOSTAL, DIRECCION, ESTADO, FECHAALTA, FECHABAJA, IDENTIFICACION, PAIS, TIPOCLIENTE, USER_USER, DTYPE) VALUES (?, ?, ?, ?, ?, ?, ?, ?, ?, ?, ?, ?)
	bind =&gt; [12 parameters bound]
Query: InsertObjectQuery(Cliente{
id=2
identificacion=avenida de Murcia
tipoCliente=null
estado=Activo
fechaAlta=Thu Apr 28 17:23:35 CEST 2022
fechaBaja=null
direccion=null
ciudad=Murcia
codigopostal=29845
pais=Espana
cuentasFintech={[]}}Empresa{
razon_social=UCAM})
	at org.eclipse.persistence.internal.jpa.transaction.EntityTransactionImpl.commit(EntityTransactionImpl.java:161)
	at ma3s.fintech.test.BaseDatos.inicializaBaseDatos(BaseDatos.java:229)
	at ma3s.fintech.test.Cuentas.setup(Cuentas.java:28)
	at sun.reflect.NativeMethodAccessorImpl.invoke0(Native Method)
	at sun.reflect.NativeMethodAccessorImpl.invoke(NativeMethodAccessorImpl.java:62)
	at sun.reflect.DelegatingMethodAccessorImpl.invoke(DelegatingMethodAccessorImpl.java:43)
	at java.lang.reflect.Method.invoke(Method.java:498)
	at org.junit.runners.model.FrameworkMethod$1.runReflectiveCall(FrameworkMethod.java:59)
	at org.junit.internal.runners.model.ReflectiveCallable.run(ReflectiveCallable.java:12)
	at org.junit.runners.model.FrameworkMethod.invokeExplosively(FrameworkMethod.java:56)
	at org.junit.internal.runners.statements.RunBefores.invokeMethod(RunBefores.java:33)
	at org.junit.internal.runners.statements.RunBefores.evaluate(RunBefores.java:24)
	at org.junit.runners.ParentRunner$3.evaluate(ParentRunner.java:306)
	at org.junit.runners.BlockJUnit4ClassRunner$1.evaluate(BlockJUnit4ClassRunner.java:100)
	at org.junit.runners.ParentRunner.runLeaf(ParentRunner.java:366)
	at org.junit.runners.BlockJUnit4ClassRunner.runChild(BlockJUnit4ClassRunner.java:103)
	at org.junit.runners.BlockJUnit4ClassRunner.runChild(BlockJUnit4ClassRunner.java:63)
	at org.junit.runners.ParentRunner$4.run(ParentRunner.java:331)
	at org.junit.runners.ParentRunner$1.schedule(ParentRunner.java:79)
	at org.junit.runners.ParentRunner.runChildren(ParentRunner.java:329)
	at org.junit.runners.ParentRunner.access$100(ParentRunner.java:66)
	at org.junit.runners.ParentRunner$2.evaluate(ParentRunner.java:293)
	at org.junit.runners.ParentRunner$3.evaluate(ParentRunner.java:306)
	at org.junit.runners.ParentRunner.run(ParentRunner.java:413)
	at org.junit.runners.Suite.runChild(Suite.java:128)
	at org.junit.runners.Suite.runChild(Suite.java:27)
	at org.junit.runners.ParentRunner$4.run(ParentRunner.java:331)
	at org.junit.runners.ParentRunner$1.schedule(ParentRunner.java:79)
	at org.junit.runners.ParentRunner.runChildren(ParentRunner.java:329)
	at org.junit.runners.ParentRunner.access$100(ParentRunner.java:66)
	at org.junit.runners.ParentRunner$2.evaluate(ParentRunner.java:293)
	at org.junit.internal.runners.statements.RunBefores.evaluate(RunBefores.java:26)
	at org.junit.internal.runners.statements.RunAfters.evaluate(RunAfters.java:27)
	at org.junit.runners.ParentRunner$3.evaluate(ParentRunner.java:306)
	at org.junit.runners.ParentRunner.run(ParentRunner.java:413)
	at org.apache.maven.surefire.junit4.JUnit4Provider.execute(JUnit4Provider.java:252)
	at org.apache.maven.surefire.junit4.JUnit4Provider.executeTestSet(JUnit4Provider.java:141)
	at org.apache.maven.surefire.junit4.JUnit4Provider.invoke(JUnit4Provider.java:112)
	at sun.reflect.NativeMethodAccessorImpl.invoke0(Native Method)
	at sun.reflect.NativeMethodAccessorImpl.invoke(NativeMethodAccessorImpl.java:62)
	at sun.reflect.DelegatingMethodAccessorImpl.invoke(DelegatingMethodAccessorImpl.java:43)
	at java.lang.reflect.Method.invoke(Method.java:498)
	at org.apache.maven.surefire.util.ReflectionUtils.invokeMethodWithArray(ReflectionUtils.java:189)
	at org.apache.maven.surefire.booter.ProviderFactory$ProviderProxy.invoke(ProviderFactory.java:165)
	at org.apache.maven.surefire.booter.ProviderFactory.invokeProvider(ProviderFactory.java:85)
	at org.apache.maven.surefire.booter.ForkedBooter.runSuitesInProcess(ForkedBooter.java:115)
	at org.apache.maven.surefire.booter.ForkedBooter.main(ForkedBooter.java:75)
Caused by: Exception [EclipseLink-4002] (Eclipse Persistence Services - 2.7.6.v20200131-b7c997804f): org.eclipse.persistence.exceptions.DatabaseException
Internal Exception: org.h2.jdbc.JdbcSQLIntegrityConstraintViolationException: La columna &quot;DIRECCION&quot; no permite valores nulos (NULL)
NULL not allowed for column &quot;DIRECCION&quot;; SQL statement:
INSERT INTO CLIENTE (ID, CIUDAD, CODIGOPOSTAL, DIRECCION, ESTADO, FECHAALTA, FECHABAJA, IDENTIFICACION, PAIS, TIPOCLIENTE, USER_USER, DTYPE) VALUES (?, ?, ?, ?, ?, ?, ?, ?, ?, ?, ?, ?) [23502-200]
Error Code: 23502
Call: INSERT INTO CLIENTE (ID, CIUDAD, CODIGOPOSTAL, DIRECCION, ESTADO, FECHAALTA, FECHABAJA, IDENTIFICACION, PAIS, TIPOCLIENTE, USER_USER, DTYPE) VALUES (?, ?, ?, ?, ?, ?, ?, ?, ?, ?, ?, ?)
	bind =&gt; [12 parameters bound]
Query: InsertObjectQuery(Cliente{
id=2
identificacion=avenida de Murcia
tipoCliente=null
estado=Activo
fechaAlta=Thu Apr 28 17:23:35 CEST 2022
fechaBaja=null
direccion=null
ciudad=Murcia
codigopostal=29845
pais=Espana
cuentasFintech={[]}}Empresa{
razon_social=UCAM})
	at org.eclipse.persistence.exceptions.DatabaseException.sqlException(DatabaseException.java:333)
	at org.eclipse.persistence.internal.databaseaccess.DatabaseAccessor.executeDirectNoSelect(DatabaseAccessor.java:908)
	at org.eclipse.persistence.internal.databaseaccess.DatabaseAccessor.executeNoSelect(DatabaseAccessor.java:970)
	at org.eclipse.persistence.internal.databaseaccess.DatabaseAccessor.basicExecuteCall(DatabaseAccessor.java:640)
	at org.eclipse.persistence.internal.databaseaccess.DatabaseAccessor.executeCall(DatabaseAccessor.java:567)
	at org.eclipse.persistence.internal.sessions.AbstractSession.basicExecuteCall(AbstractSession.java:2099)
	at org.eclipse.persistence.sessions.server.ClientSession.executeCall(ClientSession.java:313)
	at org.eclipse.persistence.internal.queries.DatasourceCallQueryMechanism.executeCall(DatasourceCallQueryMechanism.java:275)
	at org.eclipse.persistence.internal.queries.DatasourceCallQueryMechanism.insertObject(DatasourceCallQueryMechanism.java:397)
	at org.eclipse.persistence.internal.queries.StatementQueryMechanism.insertObject(StatementQueryMechanism.java:167)
	at org.eclipse.persistence.internal.queries.StatementQueryMechanism.insertObject(StatementQueryMechanism.java:182)
	at org.eclipse.persistence.internal.queries.DatabaseQueryMechanism.insertObjectForWrite(DatabaseQueryMechanism.java:504)
	at org.eclipse.persistence.queries.InsertObjectQuery.executeCommit(InsertObjectQuery.java:82)
	at org.eclipse.persistence.queries.InsertObjectQuery.executeCommitWithChangeSet(InsertObjectQuery.java:92)
	at org.eclipse.persistence.internal.queries.DatabaseQueryMechanism.executeWriteWithChangeSet(DatabaseQueryMechanism.java:316)
	at org.eclipse.persistence.queries.WriteObjectQuery.executeDatabaseQuery(WriteObjectQuery.java:60)
	at org.eclipse.persistence.queries.DatabaseQuery.execute(DatabaseQuery.java:911)
	at org.eclipse.persistence.queries.DatabaseQuery.executeInUnitOfWork(DatabaseQuery.java:810)
	at org.eclipse.persistence.queries.ObjectLevelModifyQuery.executeInUnitOfWorkObjectLevelModifyQuery(ObjectLevelModifyQuery.java:110)
	at org.eclipse.persistence.queries.ObjectLevelModifyQuery.executeInUnitOfWork(ObjectLevelModifyQuery.java:87)
	at org.eclipse.persistence.internal.sessions.UnitOfWorkImpl.internalExecuteQuery(UnitOfWorkImpl.java:2983)
	at org.eclipse.persistence.internal.sessions.AbstractSession.executeQuery(AbstractSession.java:1898)
	at org.eclipse.persistence.internal.sessions.AbstractSession.executeQuery(AbstractSession.java:1880)
	at org.eclipse.persistence.internal.sessions.AbstractSession.executeQuery(AbstractSession.java:1830)
	at org.eclipse.persistence.internal.sessions.CommitManager.commitNewObjectsForClassWithChangeSet(CommitManager.java:229)
	at org.eclipse.persistence.internal.sessions.CommitManager.commitAllObjectsForClassWithChangeSet(CommitManager.java:196)
	at org.eclipse.persistence.internal.sessions.CommitManager.commitAllObjectsWithChangeSet(CommitManager.java:141)
	at org.eclipse.persistence.internal.sessions.AbstractSession.writeAllObjectsWithChangeSet(AbstractSession.java:4398)
	at org.eclipse.persistence.internal.sessions.UnitOfWorkImpl.commitToDatabase(UnitOfWorkImpl.java:1495)
	at org.eclipse.persistence.internal.sessions.UnitOfWorkImpl.commitToDatabaseWithChangeSet(UnitOfWorkImpl.java:1585)
	at org.eclipse.persistence.internal.sessions.RepeatableWriteUnitOfWork.commitRootUnitOfWork(RepeatableWriteUnitOfWork.java:280)
	at org.eclipse.persistence.internal.sessions.UnitOfWorkImpl.commitAndResume(UnitOfWorkImpl.java:1222)
	at org.eclipse.persistence.internal.jpa.transaction.EntityTransactionImpl.commit(EntityTransactionImpl.java:136)
	... 46 more
Caused by: org.h2.jdbc.JdbcSQLIntegrityConstraintViolationException: La columna &quot;DIRECCION&quot; no permite valores nulos (NULL)
NULL not allowed for column &quot;DIRECCION&quot;; SQL statement:
INSERT INTO CLIENTE (ID, CIUDAD, CODIGOPOSTAL, DIRECCION, ESTADO, FECHAALTA, FECHABAJA, IDENTIFICACION, PAIS, TIPOCLIENTE, USER_USER, DTYPE) VALUES (?, ?, ?, ?, ?, ?, ?, ?, ?, ?, ?, ?) [23502-200]
	at org.h2.message.DbException.getJdbcSQLException(DbException.java:459)
	at org.h2.message.DbException.getJdbcSQLException(DbException.java:429)
	at org.h2.message.DbException.get(DbException.java:205)
	at org.h2.message.DbException.get(DbException.java:181)
	at org.h2.table.Column.validateConvertUpdateSequence(Column.java:374)
	at org.h2.table.Table.validateConvertUpdateSequence(Table.java:845)
	at org.h2.command.dml.Insert.insertRows(Insert.java:187)
	at org.h2.command.dml.Insert.update(Insert.java:151)
	at org.h2.command.CommandContainer.update(CommandContainer.java:198)
	at org.h2.command.Command.executeUpdate(Command.java:251)
	at org.h2.jdbc.JdbcPreparedStatement.executeUpdateInternal(JdbcPreparedStatement.java:191)
	at org.h2.jdbc.JdbcPreparedStatement.executeUpdate(JdbcPreparedStatement.java:152)
	at org.eclipse.persistence.internal.databaseaccess.DatabaseAccessor.executeDirectNoSelect(DatabaseAccessor.java:898)
	... 77 more
</error>
    <system-out>[EL Warning]: 2022-04-28 17:23:35.516--UnitOfWork(619181819)--Exception [EclipseLink-4002] (Eclipse Persistence Services - 2.7.6.v20200131-b7c997804f): org.eclipse.persistence.exceptions.DatabaseException
Internal Exception: org.h2.jdbc.JdbcSQLIntegrityConstraintViolationException: La columna &quot;DIRECCION&quot; no permite valores nulos (NULL)
NULL not allowed for column &quot;DIRECCION&quot;; SQL statement:
INSERT INTO CLIENTE (ID, CIUDAD, CODIGOPOSTAL, DIRECCION, ESTADO, FECHAALTA, FECHABAJA, IDENTIFICACION, PAIS, TIPOCLIENTE, USER_USER, DTYPE) VALUES (?, ?, ?, ?, ?, ?, ?, ?, ?, ?, ?, ?) [23502-200]
Error Code: 23502
Call: INSERT INTO CLIENTE (ID, CIUDAD, CODIGOPOSTAL, DIRECCION, ESTADO, FECHAALTA, FECHABAJA, IDENTIFICACION, PAIS, TIPOCLIENTE, USER_USER, DTYPE) VALUES (?, ?, ?, ?, ?, ?, ?, ?, ?, ?, ?, ?)
	bind =&gt; [12 parameters bound]
Query: InsertObjectQuery(Cliente{
id=2
identificacion=avenida de Murcia
tipoCliente=null
estado=Activo
fechaAlta=Thu Apr 28 17:23:35 CEST 2022
fechaBaja=null
direccion=null
ciudad=Murcia
codigopostal=29845
pais=Espana
cuentasFintech={[]}}Empresa{
razon_social=UCAM})
</system-out>
  </testcase>
  <testcase classname="ma3s.fintech.test.Cuentas" name="testAperturaCuentaPooledOk" time="0.053">
    <error message="Exception [EclipseLink-4002] (Eclipse Persistence Services - 2.7.6.v20200131-b7c997804f): org.eclipse.persistence.exceptions.DatabaseException
Internal Exception: org.h2.jdbc.JdbcSQLIntegrityConstraintViolationException: La columna &quot;DIRECCION&quot; no permite valores nulos (NULL)
NULL not allowed for column &quot;DIRECCION&quot;; SQL statement:
INSERT INTO CLIENTE (ID, CIUDAD, CODIGOPOSTAL, DIRECCION, ESTADO, FECHAALTA, FECHABAJA, IDENTIFICACION, PAIS, TIPOCLIENTE, USER_USER, DTYPE) VALUES (?, ?, ?, ?, ?, ?, ?, ?, ?, ?, ?, ?) [23502-200]
Error Code: 23502
Call: INSERT INTO CLIENTE (ID, CIUDAD, CODIGOPOSTAL, DIRECCION, ESTADO, FECHAALTA, FECHABAJA, IDENTIFICACION, PAIS, TIPOCLIENTE, USER_USER, DTYPE) VALUES (?, ?, ?, ?, ?, ?, ?, ?, ?, ?, ?, ?)
	bind =&gt; [12 parameters bound]
Query: InsertObjectQuery(Cliente{
id=2
identificacion=avenida de Murcia
tipoCliente=null
estado=Activo
fechaAlta=Thu Apr 28 17:23:35 CEST 2022
fechaBaja=null
direccion=null
ciudad=Murcia
codigopostal=29845
pais=Espana
cuentasFintech={[]}}Empresa{
razon_social=UCAM})" type="javax.persistence.RollbackException">javax.persistence.RollbackException: Exception [EclipseLink-4002] (Eclipse Persistence Services - 2.7.6.v20200131-b7c997804f): org.eclipse.persistence.exceptions.DatabaseException
Internal Exception: org.h2.jdbc.JdbcSQLIntegrityConstraintViolationException: La columna &quot;DIRECCION&quot; no permite valores nulos (NULL)
NULL not allowed for column &quot;DIRECCION&quot;; SQL statement:
INSERT INTO CLIENTE (ID, CIUDAD, CODIGOPOSTAL, DIRECCION, ESTADO, FECHAALTA, FECHABAJA, IDENTIFICACION, PAIS, TIPOCLIENTE, USER_USER, DTYPE) VALUES (?, ?, ?, ?, ?, ?, ?, ?, ?, ?, ?, ?) [23502-200]
Error Code: 23502
Call: INSERT INTO CLIENTE (ID, CIUDAD, CODIGOPOSTAL, DIRECCION, ESTADO, FECHAALTA, FECHABAJA, IDENTIFICACION, PAIS, TIPOCLIENTE, USER_USER, DTYPE) VALUES (?, ?, ?, ?, ?, ?, ?, ?, ?, ?, ?, ?)
	bind =&gt; [12 parameters bound]
Query: InsertObjectQuery(Cliente{
id=2
identificacion=avenida de Murcia
tipoCliente=null
estado=Activo
fechaAlta=Thu Apr 28 17:23:35 CEST 2022
fechaBaja=null
direccion=null
ciudad=Murcia
codigopostal=29845
pais=Espana
cuentasFintech={[]}}Empresa{
razon_social=UCAM})
	at org.eclipse.persistence.internal.jpa.transaction.EntityTransactionImpl.commit(EntityTransactionImpl.java:161)
	at ma3s.fintech.test.BaseDatos.inicializaBaseDatos(BaseDatos.java:229)
	at ma3s.fintech.test.Cuentas.setup(Cuentas.java:28)
	at sun.reflect.NativeMethodAccessorImpl.invoke0(Native Method)
	at sun.reflect.NativeMethodAccessorImpl.invoke(NativeMethodAccessorImpl.java:62)
	at sun.reflect.DelegatingMethodAccessorImpl.invoke(DelegatingMethodAccessorImpl.java:43)
	at java.lang.reflect.Method.invoke(Method.java:498)
	at org.junit.runners.model.FrameworkMethod$1.runReflectiveCall(FrameworkMethod.java:59)
	at org.junit.internal.runners.model.ReflectiveCallable.run(ReflectiveCallable.java:12)
	at org.junit.runners.model.FrameworkMethod.invokeExplosively(FrameworkMethod.java:56)
	at org.junit.internal.runners.statements.RunBefores.invokeMethod(RunBefores.java:33)
	at org.junit.internal.runners.statements.RunBefores.evaluate(RunBefores.java:24)
	at org.junit.runners.ParentRunner$3.evaluate(ParentRunner.java:306)
	at org.junit.runners.BlockJUnit4ClassRunner$1.evaluate(BlockJUnit4ClassRunner.java:100)
	at org.junit.runners.ParentRunner.runLeaf(ParentRunner.java:366)
	at org.junit.runners.BlockJUnit4ClassRunner.runChild(BlockJUnit4ClassRunner.java:103)
	at org.junit.runners.BlockJUnit4ClassRunner.runChild(BlockJUnit4ClassRunner.java:63)
	at org.junit.runners.ParentRunner$4.run(ParentRunner.java:331)
	at org.junit.runners.ParentRunner$1.schedule(ParentRunner.java:79)
	at org.junit.runners.ParentRunner.runChildren(ParentRunner.java:329)
	at org.junit.runners.ParentRunner.access$100(ParentRunner.java:66)
	at org.junit.runners.ParentRunner$2.evaluate(ParentRunner.java:293)
	at org.junit.runners.ParentRunner$3.evaluate(ParentRunner.java:306)
	at org.junit.runners.ParentRunner.run(ParentRunner.java:413)
	at org.junit.runners.Suite.runChild(Suite.java:128)
	at org.junit.runners.Suite.runChild(Suite.java:27)
	at org.junit.runners.ParentRunner$4.run(ParentRunner.java:331)
	at org.junit.runners.ParentRunner$1.schedule(ParentRunner.java:79)
	at org.junit.runners.ParentRunner.runChildren(ParentRunner.java:329)
	at org.junit.runners.ParentRunner.access$100(ParentRunner.java:66)
	at org.junit.runners.ParentRunner$2.evaluate(ParentRunner.java:293)
	at org.junit.internal.runners.statements.RunBefores.evaluate(RunBefores.java:26)
	at org.junit.internal.runners.statements.RunAfters.evaluate(RunAfters.java:27)
	at org.junit.runners.ParentRunner$3.evaluate(ParentRunner.java:306)
	at org.junit.runners.ParentRunner.run(ParentRunner.java:413)
	at org.apache.maven.surefire.junit4.JUnit4Provider.execute(JUnit4Provider.java:252)
	at org.apache.maven.surefire.junit4.JUnit4Provider.executeTestSet(JUnit4Provider.java:141)
	at org.apache.maven.surefire.junit4.JUnit4Provider.invoke(JUnit4Provider.java:112)
	at sun.reflect.NativeMethodAccessorImpl.invoke0(Native Method)
	at sun.reflect.NativeMethodAccessorImpl.invoke(NativeMethodAccessorImpl.java:62)
	at sun.reflect.DelegatingMethodAccessorImpl.invoke(DelegatingMethodAccessorImpl.java:43)
	at java.lang.reflect.Method.invoke(Method.java:498)
	at org.apache.maven.surefire.util.ReflectionUtils.invokeMethodWithArray(ReflectionUtils.java:189)
	at org.apache.maven.surefire.booter.ProviderFactory$ProviderProxy.invoke(ProviderFactory.java:165)
	at org.apache.maven.surefire.booter.ProviderFactory.invokeProvider(ProviderFactory.java:85)
	at org.apache.maven.surefire.booter.ForkedBooter.runSuitesInProcess(ForkedBooter.java:115)
	at org.apache.maven.surefire.booter.ForkedBooter.main(ForkedBooter.java:75)
Caused by: Exception [EclipseLink-4002] (Eclipse Persistence Services - 2.7.6.v20200131-b7c997804f): org.eclipse.persistence.exceptions.DatabaseException
Internal Exception: org.h2.jdbc.JdbcSQLIntegrityConstraintViolationException: La columna &quot;DIRECCION&quot; no permite valores nulos (NULL)
NULL not allowed for column &quot;DIRECCION&quot;; SQL statement:
INSERT INTO CLIENTE (ID, CIUDAD, CODIGOPOSTAL, DIRECCION, ESTADO, FECHAALTA, FECHABAJA, IDENTIFICACION, PAIS, TIPOCLIENTE, USER_USER, DTYPE) VALUES (?, ?, ?, ?, ?, ?, ?, ?, ?, ?, ?, ?) [23502-200]
Error Code: 23502
Call: INSERT INTO CLIENTE (ID, CIUDAD, CODIGOPOSTAL, DIRECCION, ESTADO, FECHAALTA, FECHABAJA, IDENTIFICACION, PAIS, TIPOCLIENTE, USER_USER, DTYPE) VALUES (?, ?, ?, ?, ?, ?, ?, ?, ?, ?, ?, ?)
	bind =&gt; [12 parameters bound]
Query: InsertObjectQuery(Cliente{
id=2
identificacion=avenida de Murcia
tipoCliente=null
estado=Activo
fechaAlta=Thu Apr 28 17:23:35 CEST 2022
fechaBaja=null
direccion=null
ciudad=Murcia
codigopostal=29845
pais=Espana
cuentasFintech={[]}}Empresa{
razon_social=UCAM})
	at org.eclipse.persistence.exceptions.DatabaseException.sqlException(DatabaseException.java:333)
	at org.eclipse.persistence.internal.databaseaccess.DatabaseAccessor.executeDirectNoSelect(DatabaseAccessor.java:908)
	at org.eclipse.persistence.internal.databaseaccess.DatabaseAccessor.executeNoSelect(DatabaseAccessor.java:970)
	at org.eclipse.persistence.internal.databaseaccess.DatabaseAccessor.basicExecuteCall(DatabaseAccessor.java:640)
	at org.eclipse.persistence.internal.databaseaccess.DatabaseAccessor.executeCall(DatabaseAccessor.java:567)
	at org.eclipse.persistence.internal.sessions.AbstractSession.basicExecuteCall(AbstractSession.java:2099)
	at org.eclipse.persistence.sessions.server.ClientSession.executeCall(ClientSession.java:313)
	at org.eclipse.persistence.internal.queries.DatasourceCallQueryMechanism.executeCall(DatasourceCallQueryMechanism.java:275)
	at org.eclipse.persistence.internal.queries.DatasourceCallQueryMechanism.insertObject(DatasourceCallQueryMechanism.java:397)
	at org.eclipse.persistence.internal.queries.StatementQueryMechanism.insertObject(StatementQueryMechanism.java:167)
	at org.eclipse.persistence.internal.queries.StatementQueryMechanism.insertObject(StatementQueryMechanism.java:182)
	at org.eclipse.persistence.internal.queries.DatabaseQueryMechanism.insertObjectForWrite(DatabaseQueryMechanism.java:504)
	at org.eclipse.persistence.queries.InsertObjectQuery.executeCommit(InsertObjectQuery.java:82)
	at org.eclipse.persistence.queries.InsertObjectQuery.executeCommitWithChangeSet(InsertObjectQuery.java:92)
	at org.eclipse.persistence.internal.queries.DatabaseQueryMechanism.executeWriteWithChangeSet(DatabaseQueryMechanism.java:316)
	at org.eclipse.persistence.queries.WriteObjectQuery.executeDatabaseQuery(WriteObjectQuery.java:60)
	at org.eclipse.persistence.queries.DatabaseQuery.execute(DatabaseQuery.java:911)
	at org.eclipse.persistence.queries.DatabaseQuery.executeInUnitOfWork(DatabaseQuery.java:810)
	at org.eclipse.persistence.queries.ObjectLevelModifyQuery.executeInUnitOfWorkObjectLevelModifyQuery(ObjectLevelModifyQuery.java:110)
	at org.eclipse.persistence.queries.ObjectLevelModifyQuery.executeInUnitOfWork(ObjectLevelModifyQuery.java:87)
	at org.eclipse.persistence.internal.sessions.UnitOfWorkImpl.internalExecuteQuery(UnitOfWorkImpl.java:2983)
	at org.eclipse.persistence.internal.sessions.AbstractSession.executeQuery(AbstractSession.java:1898)
	at org.eclipse.persistence.internal.sessions.AbstractSession.executeQuery(AbstractSession.java:1880)
	at org.eclipse.persistence.internal.sessions.AbstractSession.executeQuery(AbstractSession.java:1830)
	at org.eclipse.persistence.internal.sessions.CommitManager.commitNewObjectsForClassWithChangeSet(CommitManager.java:229)
	at org.eclipse.persistence.internal.sessions.CommitManager.commitAllObjectsForClassWithChangeSet(CommitManager.java:196)
	at org.eclipse.persistence.internal.sessions.CommitManager.commitAllObjectsWithChangeSet(CommitManager.java:141)
	at org.eclipse.persistence.internal.sessions.AbstractSession.writeAllObjectsWithChangeSet(AbstractSession.java:4398)
	at org.eclipse.persistence.internal.sessions.UnitOfWorkImpl.commitToDatabase(UnitOfWorkImpl.java:1495)
	at org.eclipse.persistence.internal.sessions.UnitOfWorkImpl.commitToDatabaseWithChangeSet(UnitOfWorkImpl.java:1585)
	at org.eclipse.persistence.internal.sessions.RepeatableWriteUnitOfWork.commitRootUnitOfWork(RepeatableWriteUnitOfWork.java:280)
	at org.eclipse.persistence.internal.sessions.UnitOfWorkImpl.commitAndResume(UnitOfWorkImpl.java:1222)
	at org.eclipse.persistence.internal.jpa.transaction.EntityTransactionImpl.commit(EntityTransactionImpl.java:136)
	... 46 more
Caused by: org.h2.jdbc.JdbcSQLIntegrityConstraintViolationException: La columna &quot;DIRECCION&quot; no permite valores nulos (NULL)
NULL not allowed for column &quot;DIRECCION&quot;; SQL statement:
INSERT INTO CLIENTE (ID, CIUDAD, CODIGOPOSTAL, DIRECCION, ESTADO, FECHAALTA, FECHABAJA, IDENTIFICACION, PAIS, TIPOCLIENTE, USER_USER, DTYPE) VALUES (?, ?, ?, ?, ?, ?, ?, ?, ?, ?, ?, ?) [23502-200]
	at org.h2.message.DbException.getJdbcSQLException(DbException.java:459)
	at org.h2.message.DbException.getJdbcSQLException(DbException.java:429)
	at org.h2.message.DbException.get(DbException.java:205)
	at org.h2.message.DbException.get(DbException.java:181)
	at org.h2.table.Column.validateConvertUpdateSequence(Column.java:374)
	at org.h2.table.Table.validateConvertUpdateSequence(Table.java:845)
	at org.h2.command.dml.Insert.insertRows(Insert.java:187)
	at org.h2.command.dml.Insert.update(Insert.java:151)
	at org.h2.command.CommandContainer.update(CommandContainer.java:198)
	at org.h2.command.Command.executeUpdate(Command.java:251)
	at org.h2.jdbc.JdbcPreparedStatement.executeUpdateInternal(JdbcPreparedStatement.java:191)
	at org.h2.jdbc.JdbcPreparedStatement.executeUpdate(JdbcPreparedStatement.java:152)
	at org.eclipse.persistence.internal.databaseaccess.DatabaseAccessor.executeDirectNoSelect(DatabaseAccessor.java:898)
	... 77 more
</error>
    <system-out>[EL Warning]: 2022-04-28 17:23:35.567--UnitOfWork(1352515946)--Exception [EclipseLink-4002] (Eclipse Persistence Services - 2.7.6.v20200131-b7c997804f): org.eclipse.persistence.exceptions.DatabaseException
Internal Exception: org.h2.jdbc.JdbcSQLIntegrityConstraintViolationException: La columna &quot;DIRECCION&quot; no permite valores nulos (NULL)
NULL not allowed for column &quot;DIRECCION&quot;; SQL statement:
INSERT INTO CLIENTE (ID, CIUDAD, CODIGOPOSTAL, DIRECCION, ESTADO, FECHAALTA, FECHABAJA, IDENTIFICACION, PAIS, TIPOCLIENTE, USER_USER, DTYPE) VALUES (?, ?, ?, ?, ?, ?, ?, ?, ?, ?, ?, ?) [23502-200]
Error Code: 23502
Call: INSERT INTO CLIENTE (ID, CIUDAD, CODIGOPOSTAL, DIRECCION, ESTADO, FECHAALTA, FECHABAJA, IDENTIFICACION, PAIS, TIPOCLIENTE, USER_USER, DTYPE) VALUES (?, ?, ?, ?, ?, ?, ?, ?, ?, ?, ?, ?)
	bind =&gt; [12 parameters bound]
Query: InsertObjectQuery(Cliente{
id=2
identificacion=avenida de Murcia
tipoCliente=null
estado=Activo
fechaAlta=Thu Apr 28 17:23:35 CEST 2022
fechaBaja=null
direccion=null
ciudad=Murcia
codigopostal=29845
pais=Espana
cuentasFintech={[]}}Empresa{
razon_social=UCAM})
</system-out>
  </testcase>
  <testcase classname="ma3s.fintech.test.Cuentas" name="testCierreCuentaNoVacia" time="0.052">
    <error message="Exception [EclipseLink-4002] (Eclipse Persistence Services - 2.7.6.v20200131-b7c997804f): org.eclipse.persistence.exceptions.DatabaseException
Internal Exception: org.h2.jdbc.JdbcSQLIntegrityConstraintViolationException: La columna &quot;DIRECCION&quot; no permite valores nulos (NULL)
NULL not allowed for column &quot;DIRECCION&quot;; SQL statement:
INSERT INTO CLIENTE (ID, CIUDAD, CODIGOPOSTAL, DIRECCION, ESTADO, FECHAALTA, FECHABAJA, IDENTIFICACION, PAIS, TIPOCLIENTE, USER_USER, DTYPE) VALUES (?, ?, ?, ?, ?, ?, ?, ?, ?, ?, ?, ?) [23502-200]
Error Code: 23502
Call: INSERT INTO CLIENTE (ID, CIUDAD, CODIGOPOSTAL, DIRECCION, ESTADO, FECHAALTA, FECHABAJA, IDENTIFICACION, PAIS, TIPOCLIENTE, USER_USER, DTYPE) VALUES (?, ?, ?, ?, ?, ?, ?, ?, ?, ?, ?, ?)
	bind =&gt; [12 parameters bound]
Query: InsertObjectQuery(Cliente{
id=2
identificacion=avenida de Murcia
tipoCliente=null
estado=Activo
fechaAlta=Thu Apr 28 17:23:35 CEST 2022
fechaBaja=null
direccion=null
ciudad=Murcia
codigopostal=29845
pais=Espana
cuentasFintech={[]}}Empresa{
razon_social=UCAM})" type="javax.persistence.RollbackException">javax.persistence.RollbackException: Exception [EclipseLink-4002] (Eclipse Persistence Services - 2.7.6.v20200131-b7c997804f): org.eclipse.persistence.exceptions.DatabaseException
Internal Exception: org.h2.jdbc.JdbcSQLIntegrityConstraintViolationException: La columna &quot;DIRECCION&quot; no permite valores nulos (NULL)
NULL not allowed for column &quot;DIRECCION&quot;; SQL statement:
INSERT INTO CLIENTE (ID, CIUDAD, CODIGOPOSTAL, DIRECCION, ESTADO, FECHAALTA, FECHABAJA, IDENTIFICACION, PAIS, TIPOCLIENTE, USER_USER, DTYPE) VALUES (?, ?, ?, ?, ?, ?, ?, ?, ?, ?, ?, ?) [23502-200]
Error Code: 23502
Call: INSERT INTO CLIENTE (ID, CIUDAD, CODIGOPOSTAL, DIRECCION, ESTADO, FECHAALTA, FECHABAJA, IDENTIFICACION, PAIS, TIPOCLIENTE, USER_USER, DTYPE) VALUES (?, ?, ?, ?, ?, ?, ?, ?, ?, ?, ?, ?)
	bind =&gt; [12 parameters bound]
Query: InsertObjectQuery(Cliente{
id=2
identificacion=avenida de Murcia
tipoCliente=null
estado=Activo
fechaAlta=Thu Apr 28 17:23:35 CEST 2022
fechaBaja=null
direccion=null
ciudad=Murcia
codigopostal=29845
pais=Espana
cuentasFintech={[]}}Empresa{
razon_social=UCAM})
	at org.eclipse.persistence.internal.jpa.transaction.EntityTransactionImpl.commit(EntityTransactionImpl.java:161)
	at ma3s.fintech.test.BaseDatos.inicializaBaseDatos(BaseDatos.java:229)
	at ma3s.fintech.test.Cuentas.setup(Cuentas.java:28)
	at sun.reflect.NativeMethodAccessorImpl.invoke0(Native Method)
	at sun.reflect.NativeMethodAccessorImpl.invoke(NativeMethodAccessorImpl.java:62)
	at sun.reflect.DelegatingMethodAccessorImpl.invoke(DelegatingMethodAccessorImpl.java:43)
	at java.lang.reflect.Method.invoke(Method.java:498)
	at org.junit.runners.model.FrameworkMethod$1.runReflectiveCall(FrameworkMethod.java:59)
	at org.junit.internal.runners.model.ReflectiveCallable.run(ReflectiveCallable.java:12)
	at org.junit.runners.model.FrameworkMethod.invokeExplosively(FrameworkMethod.java:56)
	at org.junit.internal.runners.statements.RunBefores.invokeMethod(RunBefores.java:33)
	at org.junit.internal.runners.statements.RunBefores.evaluate(RunBefores.java:24)
	at org.junit.runners.ParentRunner$3.evaluate(ParentRunner.java:306)
	at org.junit.runners.BlockJUnit4ClassRunner$1.evaluate(BlockJUnit4ClassRunner.java:100)
	at org.junit.runners.ParentRunner.runLeaf(ParentRunner.java:366)
	at org.junit.runners.BlockJUnit4ClassRunner.runChild(BlockJUnit4ClassRunner.java:103)
	at org.junit.runners.BlockJUnit4ClassRunner.runChild(BlockJUnit4ClassRunner.java:63)
	at org.junit.runners.ParentRunner$4.run(ParentRunner.java:331)
	at org.junit.runners.ParentRunner$1.schedule(ParentRunner.java:79)
	at org.junit.runners.ParentRunner.runChildren(ParentRunner.java:329)
	at org.junit.runners.ParentRunner.access$100(ParentRunner.java:66)
	at org.junit.runners.ParentRunner$2.evaluate(ParentRunner.java:293)
	at org.junit.runners.ParentRunner$3.evaluate(ParentRunner.java:306)
	at org.junit.runners.ParentRunner.run(ParentRunner.java:413)
	at org.junit.runners.Suite.runChild(Suite.java:128)
	at org.junit.runners.Suite.runChild(Suite.java:27)
	at org.junit.runners.ParentRunner$4.run(ParentRunner.java:331)
	at org.junit.runners.ParentRunner$1.schedule(ParentRunner.java:79)
	at org.junit.runners.ParentRunner.runChildren(ParentRunner.java:329)
	at org.junit.runners.ParentRunner.access$100(ParentRunner.java:66)
	at org.junit.runners.ParentRunner$2.evaluate(ParentRunner.java:293)
	at org.junit.internal.runners.statements.RunBefores.evaluate(RunBefores.java:26)
	at org.junit.internal.runners.statements.RunAfters.evaluate(RunAfters.java:27)
	at org.junit.runners.ParentRunner$3.evaluate(ParentRunner.java:306)
	at org.junit.runners.ParentRunner.run(ParentRunner.java:413)
	at org.apache.maven.surefire.junit4.JUnit4Provider.execute(JUnit4Provider.java:252)
	at org.apache.maven.surefire.junit4.JUnit4Provider.executeTestSet(JUnit4Provider.java:141)
	at org.apache.maven.surefire.junit4.JUnit4Provider.invoke(JUnit4Provider.java:112)
	at sun.reflect.NativeMethodAccessorImpl.invoke0(Native Method)
	at sun.reflect.NativeMethodAccessorImpl.invoke(NativeMethodAccessorImpl.java:62)
	at sun.reflect.DelegatingMethodAccessorImpl.invoke(DelegatingMethodAccessorImpl.java:43)
	at java.lang.reflect.Method.invoke(Method.java:498)
	at org.apache.maven.surefire.util.ReflectionUtils.invokeMethodWithArray(ReflectionUtils.java:189)
	at org.apache.maven.surefire.booter.ProviderFactory$ProviderProxy.invoke(ProviderFactory.java:165)
	at org.apache.maven.surefire.booter.ProviderFactory.invokeProvider(ProviderFactory.java:85)
	at org.apache.maven.surefire.booter.ForkedBooter.runSuitesInProcess(ForkedBooter.java:115)
	at org.apache.maven.surefire.booter.ForkedBooter.main(ForkedBooter.java:75)
Caused by: Exception [EclipseLink-4002] (Eclipse Persistence Services - 2.7.6.v20200131-b7c997804f): org.eclipse.persistence.exceptions.DatabaseException
Internal Exception: org.h2.jdbc.JdbcSQLIntegrityConstraintViolationException: La columna &quot;DIRECCION&quot; no permite valores nulos (NULL)
NULL not allowed for column &quot;DIRECCION&quot;; SQL statement:
INSERT INTO CLIENTE (ID, CIUDAD, CODIGOPOSTAL, DIRECCION, ESTADO, FECHAALTA, FECHABAJA, IDENTIFICACION, PAIS, TIPOCLIENTE, USER_USER, DTYPE) VALUES (?, ?, ?, ?, ?, ?, ?, ?, ?, ?, ?, ?) [23502-200]
Error Code: 23502
Call: INSERT INTO CLIENTE (ID, CIUDAD, CODIGOPOSTAL, DIRECCION, ESTADO, FECHAALTA, FECHABAJA, IDENTIFICACION, PAIS, TIPOCLIENTE, USER_USER, DTYPE) VALUES (?, ?, ?, ?, ?, ?, ?, ?, ?, ?, ?, ?)
	bind =&gt; [12 parameters bound]
Query: InsertObjectQuery(Cliente{
id=2
identificacion=avenida de Murcia
tipoCliente=null
estado=Activo
fechaAlta=Thu Apr 28 17:23:35 CEST 2022
fechaBaja=null
direccion=null
ciudad=Murcia
codigopostal=29845
pais=Espana
cuentasFintech={[]}}Empresa{
razon_social=UCAM})
	at org.eclipse.persistence.exceptions.DatabaseException.sqlException(DatabaseException.java:333)
	at org.eclipse.persistence.internal.databaseaccess.DatabaseAccessor.executeDirectNoSelect(DatabaseAccessor.java:908)
	at org.eclipse.persistence.internal.databaseaccess.DatabaseAccessor.executeNoSelect(DatabaseAccessor.java:970)
	at org.eclipse.persistence.internal.databaseaccess.DatabaseAccessor.basicExecuteCall(DatabaseAccessor.java:640)
	at org.eclipse.persistence.internal.databaseaccess.DatabaseAccessor.executeCall(DatabaseAccessor.java:567)
	at org.eclipse.persistence.internal.sessions.AbstractSession.basicExecuteCall(AbstractSession.java:2099)
	at org.eclipse.persistence.sessions.server.ClientSession.executeCall(ClientSession.java:313)
	at org.eclipse.persistence.internal.queries.DatasourceCallQueryMechanism.executeCall(DatasourceCallQueryMechanism.java:275)
	at org.eclipse.persistence.internal.queries.DatasourceCallQueryMechanism.insertObject(DatasourceCallQueryMechanism.java:397)
	at org.eclipse.persistence.internal.queries.StatementQueryMechanism.insertObject(StatementQueryMechanism.java:167)
	at org.eclipse.persistence.internal.queries.StatementQueryMechanism.insertObject(StatementQueryMechanism.java:182)
	at org.eclipse.persistence.internal.queries.DatabaseQueryMechanism.insertObjectForWrite(DatabaseQueryMechanism.java:504)
	at org.eclipse.persistence.queries.InsertObjectQuery.executeCommit(InsertObjectQuery.java:82)
	at org.eclipse.persistence.queries.InsertObjectQuery.executeCommitWithChangeSet(InsertObjectQuery.java:92)
	at org.eclipse.persistence.internal.queries.DatabaseQueryMechanism.executeWriteWithChangeSet(DatabaseQueryMechanism.java:316)
	at org.eclipse.persistence.queries.WriteObjectQuery.executeDatabaseQuery(WriteObjectQuery.java:60)
	at org.eclipse.persistence.queries.DatabaseQuery.execute(DatabaseQuery.java:911)
	at org.eclipse.persistence.queries.DatabaseQuery.executeInUnitOfWork(DatabaseQuery.java:810)
	at org.eclipse.persistence.queries.ObjectLevelModifyQuery.executeInUnitOfWorkObjectLevelModifyQuery(ObjectLevelModifyQuery.java:110)
	at org.eclipse.persistence.queries.ObjectLevelModifyQuery.executeInUnitOfWork(ObjectLevelModifyQuery.java:87)
	at org.eclipse.persistence.internal.sessions.UnitOfWorkImpl.internalExecuteQuery(UnitOfWorkImpl.java:2983)
	at org.eclipse.persistence.internal.sessions.AbstractSession.executeQuery(AbstractSession.java:1898)
	at org.eclipse.persistence.internal.sessions.AbstractSession.executeQuery(AbstractSession.java:1880)
	at org.eclipse.persistence.internal.sessions.AbstractSession.executeQuery(AbstractSession.java:1830)
	at org.eclipse.persistence.internal.sessions.CommitManager.commitNewObjectsForClassWithChangeSet(CommitManager.java:229)
	at org.eclipse.persistence.internal.sessions.CommitManager.commitAllObjectsForClassWithChangeSet(CommitManager.java:196)
	at org.eclipse.persistence.internal.sessions.CommitManager.commitAllObjectsWithChangeSet(CommitManager.java:141)
	at org.eclipse.persistence.internal.sessions.AbstractSession.writeAllObjectsWithChangeSet(AbstractSession.java:4398)
	at org.eclipse.persistence.internal.sessions.UnitOfWorkImpl.commitToDatabase(UnitOfWorkImpl.java:1495)
	at org.eclipse.persistence.internal.sessions.UnitOfWorkImpl.commitToDatabaseWithChangeSet(UnitOfWorkImpl.java:1585)
	at org.eclipse.persistence.internal.sessions.RepeatableWriteUnitOfWork.commitRootUnitOfWork(RepeatableWriteUnitOfWork.java:280)
	at org.eclipse.persistence.internal.sessions.UnitOfWorkImpl.commitAndResume(UnitOfWorkImpl.java:1222)
	at org.eclipse.persistence.internal.jpa.transaction.EntityTransactionImpl.commit(EntityTransactionImpl.java:136)
	... 46 more
Caused by: org.h2.jdbc.JdbcSQLIntegrityConstraintViolationException: La columna &quot;DIRECCION&quot; no permite valores nulos (NULL)
NULL not allowed for column &quot;DIRECCION&quot;; SQL statement:
INSERT INTO CLIENTE (ID, CIUDAD, CODIGOPOSTAL, DIRECCION, ESTADO, FECHAALTA, FECHABAJA, IDENTIFICACION, PAIS, TIPOCLIENTE, USER_USER, DTYPE) VALUES (?, ?, ?, ?, ?, ?, ?, ?, ?, ?, ?, ?) [23502-200]
	at org.h2.message.DbException.getJdbcSQLException(DbException.java:459)
	at org.h2.message.DbException.getJdbcSQLException(DbException.java:429)
	at org.h2.message.DbException.get(DbException.java:205)
	at org.h2.message.DbException.get(DbException.java:181)
	at org.h2.table.Column.validateConvertUpdateSequence(Column.java:374)
	at org.h2.table.Table.validateConvertUpdateSequence(Table.java:845)
	at org.h2.command.dml.Insert.insertRows(Insert.java:187)
	at org.h2.command.dml.Insert.update(Insert.java:151)
	at org.h2.command.CommandContainer.update(CommandContainer.java:198)
	at org.h2.command.Command.executeUpdate(Command.java:251)
	at org.h2.jdbc.JdbcPreparedStatement.executeUpdateInternal(JdbcPreparedStatement.java:191)
	at org.h2.jdbc.JdbcPreparedStatement.executeUpdate(JdbcPreparedStatement.java:152)
	at org.eclipse.persistence.internal.databaseaccess.DatabaseAccessor.executeDirectNoSelect(DatabaseAccessor.java:898)
	... 77 more
</error>
    <system-out>[EL Warning]: 2022-04-28 17:23:35.619--UnitOfWork(581408460)--Exception [EclipseLink-4002] (Eclipse Persistence Services - 2.7.6.v20200131-b7c997804f): org.eclipse.persistence.exceptions.DatabaseException
Internal Exception: org.h2.jdbc.JdbcSQLIntegrityConstraintViolationException: La columna &quot;DIRECCION&quot; no permite valores nulos (NULL)
NULL not allowed for column &quot;DIRECCION&quot;; SQL statement:
INSERT INTO CLIENTE (ID, CIUDAD, CODIGOPOSTAL, DIRECCION, ESTADO, FECHAALTA, FECHABAJA, IDENTIFICACION, PAIS, TIPOCLIENTE, USER_USER, DTYPE) VALUES (?, ?, ?, ?, ?, ?, ?, ?, ?, ?, ?, ?) [23502-200]
Error Code: 23502
Call: INSERT INTO CLIENTE (ID, CIUDAD, CODIGOPOSTAL, DIRECCION, ESTADO, FECHAALTA, FECHABAJA, IDENTIFICACION, PAIS, TIPOCLIENTE, USER_USER, DTYPE) VALUES (?, ?, ?, ?, ?, ?, ?, ?, ?, ?, ?, ?)
	bind =&gt; [12 parameters bound]
Query: InsertObjectQuery(Cliente{
id=2
identificacion=avenida de Murcia
tipoCliente=null
estado=Activo
fechaAlta=Thu Apr 28 17:23:35 CEST 2022
fechaBaja=null
direccion=null
ciudad=Murcia
codigopostal=29845
pais=Espana
cuentasFintech={[]}}Empresa{
razon_social=UCAM})
</system-out>
  </testcase>
  <testcase classname="ma3s.fintech.test.Cuentas" name="testCierreCuentaNoExistente" time="0.047">
    <error message="Exception [EclipseLink-4002] (Eclipse Persistence Services - 2.7.6.v20200131-b7c997804f): org.eclipse.persistence.exceptions.DatabaseException
Internal Exception: org.h2.jdbc.JdbcSQLIntegrityConstraintViolationException: La columna &quot;DIRECCION&quot; no permite valores nulos (NULL)
NULL not allowed for column &quot;DIRECCION&quot;; SQL statement:
INSERT INTO CLIENTE (ID, CIUDAD, CODIGOPOSTAL, DIRECCION, ESTADO, FECHAALTA, FECHABAJA, IDENTIFICACION, PAIS, TIPOCLIENTE, USER_USER, DTYPE) VALUES (?, ?, ?, ?, ?, ?, ?, ?, ?, ?, ?, ?) [23502-200]
Error Code: 23502
Call: INSERT INTO CLIENTE (ID, CIUDAD, CODIGOPOSTAL, DIRECCION, ESTADO, FECHAALTA, FECHABAJA, IDENTIFICACION, PAIS, TIPOCLIENTE, USER_USER, DTYPE) VALUES (?, ?, ?, ?, ?, ?, ?, ?, ?, ?, ?, ?)
	bind =&gt; [12 parameters bound]
Query: InsertObjectQuery(Cliente{
id=1
identificacion=Avenia Plutarco
tipoCliente=null
estado=Activo
fechaAlta=Thu Apr 28 17:23:35 CEST 2022
fechaBaja=null
direccion=null
ciudad=Malaga
codigopostal=29004
pais=Espana
cuentasFintech={[]}}Empresa{
razon_social=UMA})" type="javax.persistence.RollbackException">javax.persistence.RollbackException: Exception [EclipseLink-4002] (Eclipse Persistence Services - 2.7.6.v20200131-b7c997804f): org.eclipse.persistence.exceptions.DatabaseException
Internal Exception: org.h2.jdbc.JdbcSQLIntegrityConstraintViolationException: La columna &quot;DIRECCION&quot; no permite valores nulos (NULL)
NULL not allowed for column &quot;DIRECCION&quot;; SQL statement:
INSERT INTO CLIENTE (ID, CIUDAD, CODIGOPOSTAL, DIRECCION, ESTADO, FECHAALTA, FECHABAJA, IDENTIFICACION, PAIS, TIPOCLIENTE, USER_USER, DTYPE) VALUES (?, ?, ?, ?, ?, ?, ?, ?, ?, ?, ?, ?) [23502-200]
Error Code: 23502
Call: INSERT INTO CLIENTE (ID, CIUDAD, CODIGOPOSTAL, DIRECCION, ESTADO, FECHAALTA, FECHABAJA, IDENTIFICACION, PAIS, TIPOCLIENTE, USER_USER, DTYPE) VALUES (?, ?, ?, ?, ?, ?, ?, ?, ?, ?, ?, ?)
	bind =&gt; [12 parameters bound]
Query: InsertObjectQuery(Cliente{
id=1
identificacion=Avenia Plutarco
tipoCliente=null
estado=Activo
fechaAlta=Thu Apr 28 17:23:35 CEST 2022
fechaBaja=null
direccion=null
ciudad=Malaga
codigopostal=29004
pais=Espana
cuentasFintech={[]}}Empresa{
razon_social=UMA})
	at org.eclipse.persistence.internal.jpa.transaction.EntityTransactionImpl.commit(EntityTransactionImpl.java:161)
	at ma3s.fintech.test.BaseDatos.inicializaBaseDatos(BaseDatos.java:229)
	at ma3s.fintech.test.Cuentas.setup(Cuentas.java:28)
	at sun.reflect.NativeMethodAccessorImpl.invoke0(Native Method)
	at sun.reflect.NativeMethodAccessorImpl.invoke(NativeMethodAccessorImpl.java:62)
	at sun.reflect.DelegatingMethodAccessorImpl.invoke(DelegatingMethodAccessorImpl.java:43)
	at java.lang.reflect.Method.invoke(Method.java:498)
	at org.junit.runners.model.FrameworkMethod$1.runReflectiveCall(FrameworkMethod.java:59)
	at org.junit.internal.runners.model.ReflectiveCallable.run(ReflectiveCallable.java:12)
	at org.junit.runners.model.FrameworkMethod.invokeExplosively(FrameworkMethod.java:56)
	at org.junit.internal.runners.statements.RunBefores.invokeMethod(RunBefores.java:33)
	at org.junit.internal.runners.statements.RunBefores.evaluate(RunBefores.java:24)
	at org.junit.runners.ParentRunner$3.evaluate(ParentRunner.java:306)
	at org.junit.runners.BlockJUnit4ClassRunner$1.evaluate(BlockJUnit4ClassRunner.java:100)
	at org.junit.runners.ParentRunner.runLeaf(ParentRunner.java:366)
	at org.junit.runners.BlockJUnit4ClassRunner.runChild(BlockJUnit4ClassRunner.java:103)
	at org.junit.runners.BlockJUnit4ClassRunner.runChild(BlockJUnit4ClassRunner.java:63)
	at org.junit.runners.ParentRunner$4.run(ParentRunner.java:331)
	at org.junit.runners.ParentRunner$1.schedule(ParentRunner.java:79)
	at org.junit.runners.ParentRunner.runChildren(ParentRunner.java:329)
	at org.junit.runners.ParentRunner.access$100(ParentRunner.java:66)
	at org.junit.runners.ParentRunner$2.evaluate(ParentRunner.java:293)
	at org.junit.runners.ParentRunner$3.evaluate(ParentRunner.java:306)
	at org.junit.runners.ParentRunner.run(ParentRunner.java:413)
	at org.junit.runners.Suite.runChild(Suite.java:128)
	at org.junit.runners.Suite.runChild(Suite.java:27)
	at org.junit.runners.ParentRunner$4.run(ParentRunner.java:331)
	at org.junit.runners.ParentRunner$1.schedule(ParentRunner.java:79)
	at org.junit.runners.ParentRunner.runChildren(ParentRunner.java:329)
	at org.junit.runners.ParentRunner.access$100(ParentRunner.java:66)
	at org.junit.runners.ParentRunner$2.evaluate(ParentRunner.java:293)
	at org.junit.internal.runners.statements.RunBefores.evaluate(RunBefores.java:26)
	at org.junit.internal.runners.statements.RunAfters.evaluate(RunAfters.java:27)
	at org.junit.runners.ParentRunner$3.evaluate(ParentRunner.java:306)
	at org.junit.runners.ParentRunner.run(ParentRunner.java:413)
	at org.apache.maven.surefire.junit4.JUnit4Provider.execute(JUnit4Provider.java:252)
	at org.apache.maven.surefire.junit4.JUnit4Provider.executeTestSet(JUnit4Provider.java:141)
	at org.apache.maven.surefire.junit4.JUnit4Provider.invoke(JUnit4Provider.java:112)
	at sun.reflect.NativeMethodAccessorImpl.invoke0(Native Method)
	at sun.reflect.NativeMethodAccessorImpl.invoke(NativeMethodAccessorImpl.java:62)
	at sun.reflect.DelegatingMethodAccessorImpl.invoke(DelegatingMethodAccessorImpl.java:43)
	at java.lang.reflect.Method.invoke(Method.java:498)
	at org.apache.maven.surefire.util.ReflectionUtils.invokeMethodWithArray(ReflectionUtils.java:189)
	at org.apache.maven.surefire.booter.ProviderFactory$ProviderProxy.invoke(ProviderFactory.java:165)
	at org.apache.maven.surefire.booter.ProviderFactory.invokeProvider(ProviderFactory.java:85)
	at org.apache.maven.surefire.booter.ForkedBooter.runSuitesInProcess(ForkedBooter.java:115)
	at org.apache.maven.surefire.booter.ForkedBooter.main(ForkedBooter.java:75)
Caused by: Exception [EclipseLink-4002] (Eclipse Persistence Services - 2.7.6.v20200131-b7c997804f): org.eclipse.persistence.exceptions.DatabaseException
Internal Exception: org.h2.jdbc.JdbcSQLIntegrityConstraintViolationException: La columna &quot;DIRECCION&quot; no permite valores nulos (NULL)
NULL not allowed for column &quot;DIRECCION&quot;; SQL statement:
INSERT INTO CLIENTE (ID, CIUDAD, CODIGOPOSTAL, DIRECCION, ESTADO, FECHAALTA, FECHABAJA, IDENTIFICACION, PAIS, TIPOCLIENTE, USER_USER, DTYPE) VALUES (?, ?, ?, ?, ?, ?, ?, ?, ?, ?, ?, ?) [23502-200]
Error Code: 23502
Call: INSERT INTO CLIENTE (ID, CIUDAD, CODIGOPOSTAL, DIRECCION, ESTADO, FECHAALTA, FECHABAJA, IDENTIFICACION, PAIS, TIPOCLIENTE, USER_USER, DTYPE) VALUES (?, ?, ?, ?, ?, ?, ?, ?, ?, ?, ?, ?)
	bind =&gt; [12 parameters bound]
Query: InsertObjectQuery(Cliente{
id=1
identificacion=Avenia Plutarco
tipoCliente=null
estado=Activo
fechaAlta=Thu Apr 28 17:23:35 CEST 2022
fechaBaja=null
direccion=null
ciudad=Malaga
codigopostal=29004
pais=Espana
cuentasFintech={[]}}Empresa{
razon_social=UMA})
	at org.eclipse.persistence.exceptions.DatabaseException.sqlException(DatabaseException.java:333)
	at org.eclipse.persistence.internal.databaseaccess.DatabaseAccessor.executeDirectNoSelect(DatabaseAccessor.java:908)
	at org.eclipse.persistence.internal.databaseaccess.DatabaseAccessor.executeNoSelect(DatabaseAccessor.java:970)
	at org.eclipse.persistence.internal.databaseaccess.DatabaseAccessor.basicExecuteCall(DatabaseAccessor.java:640)
	at org.eclipse.persistence.internal.databaseaccess.DatabaseAccessor.executeCall(DatabaseAccessor.java:567)
	at org.eclipse.persistence.internal.sessions.AbstractSession.basicExecuteCall(AbstractSession.java:2099)
	at org.eclipse.persistence.sessions.server.ClientSession.executeCall(ClientSession.java:313)
	at org.eclipse.persistence.internal.queries.DatasourceCallQueryMechanism.executeCall(DatasourceCallQueryMechanism.java:275)
	at org.eclipse.persistence.internal.queries.DatasourceCallQueryMechanism.insertObject(DatasourceCallQueryMechanism.java:397)
	at org.eclipse.persistence.internal.queries.StatementQueryMechanism.insertObject(StatementQueryMechanism.java:167)
	at org.eclipse.persistence.internal.queries.StatementQueryMechanism.insertObject(StatementQueryMechanism.java:182)
	at org.eclipse.persistence.internal.queries.DatabaseQueryMechanism.insertObjectForWrite(DatabaseQueryMechanism.java:504)
	at org.eclipse.persistence.queries.InsertObjectQuery.executeCommit(InsertObjectQuery.java:82)
	at org.eclipse.persistence.queries.InsertObjectQuery.executeCommitWithChangeSet(InsertObjectQuery.java:92)
	at org.eclipse.persistence.internal.queries.DatabaseQueryMechanism.executeWriteWithChangeSet(DatabaseQueryMechanism.java:316)
	at org.eclipse.persistence.queries.WriteObjectQuery.executeDatabaseQuery(WriteObjectQuery.java:60)
	at org.eclipse.persistence.queries.DatabaseQuery.execute(DatabaseQuery.java:911)
	at org.eclipse.persistence.queries.DatabaseQuery.executeInUnitOfWork(DatabaseQuery.java:810)
	at org.eclipse.persistence.queries.ObjectLevelModifyQuery.executeInUnitOfWorkObjectLevelModifyQuery(ObjectLevelModifyQuery.java:110)
	at org.eclipse.persistence.queries.ObjectLevelModifyQuery.executeInUnitOfWork(ObjectLevelModifyQuery.java:87)
	at org.eclipse.persistence.internal.sessions.UnitOfWorkImpl.internalExecuteQuery(UnitOfWorkImpl.java:2983)
	at org.eclipse.persistence.internal.sessions.AbstractSession.executeQuery(AbstractSession.java:1898)
	at org.eclipse.persistence.internal.sessions.AbstractSession.executeQuery(AbstractSession.java:1880)
	at org.eclipse.persistence.internal.sessions.AbstractSession.executeQuery(AbstractSession.java:1830)
	at org.eclipse.persistence.internal.sessions.CommitManager.commitNewObjectsForClassWithChangeSet(CommitManager.java:229)
	at org.eclipse.persistence.internal.sessions.CommitManager.commitAllObjectsForClassWithChangeSet(CommitManager.java:196)
	at org.eclipse.persistence.internal.sessions.CommitManager.commitAllObjectsWithChangeSet(CommitManager.java:141)
	at org.eclipse.persistence.internal.sessions.AbstractSession.writeAllObjectsWithChangeSet(AbstractSession.java:4398)
	at org.eclipse.persistence.internal.sessions.UnitOfWorkImpl.commitToDatabase(UnitOfWorkImpl.java:1495)
	at org.eclipse.persistence.internal.sessions.UnitOfWorkImpl.commitToDatabaseWithChangeSet(UnitOfWorkImpl.java:1585)
	at org.eclipse.persistence.internal.sessions.RepeatableWriteUnitOfWork.commitRootUnitOfWork(RepeatableWriteUnitOfWork.java:280)
	at org.eclipse.persistence.internal.sessions.UnitOfWorkImpl.commitAndResume(UnitOfWorkImpl.java:1222)
	at org.eclipse.persistence.internal.jpa.transaction.EntityTransactionImpl.commit(EntityTransactionImpl.java:136)
	... 46 more
Caused by: org.h2.jdbc.JdbcSQLIntegrityConstraintViolationException: La columna &quot;DIRECCION&quot; no permite valores nulos (NULL)
NULL not allowed for column &quot;DIRECCION&quot;; SQL statement:
INSERT INTO CLIENTE (ID, CIUDAD, CODIGOPOSTAL, DIRECCION, ESTADO, FECHAALTA, FECHABAJA, IDENTIFICACION, PAIS, TIPOCLIENTE, USER_USER, DTYPE) VALUES (?, ?, ?, ?, ?, ?, ?, ?, ?, ?, ?, ?) [23502-200]
	at org.h2.message.DbException.getJdbcSQLException(DbException.java:459)
	at org.h2.message.DbException.getJdbcSQLException(DbException.java:429)
	at org.h2.message.DbException.get(DbException.java:205)
	at org.h2.message.DbException.get(DbException.java:181)
	at org.h2.table.Column.validateConvertUpdateSequence(Column.java:374)
	at org.h2.table.Table.validateConvertUpdateSequence(Table.java:845)
	at org.h2.command.dml.Insert.insertRows(Insert.java:187)
	at org.h2.command.dml.Insert.update(Insert.java:151)
	at org.h2.command.CommandContainer.update(CommandContainer.java:198)
	at org.h2.command.Command.executeUpdate(Command.java:251)
	at org.h2.jdbc.JdbcPreparedStatement.executeUpdateInternal(JdbcPreparedStatement.java:191)
	at org.h2.jdbc.JdbcPreparedStatement.executeUpdate(JdbcPreparedStatement.java:152)
	at org.eclipse.persistence.internal.databaseaccess.DatabaseAccessor.executeDirectNoSelect(DatabaseAccessor.java:898)
	... 77 more
</error>
    <system-out>[EL Warning]: 2022-04-28 17:23:35.667--UnitOfWork(1063210594)--Exception [EclipseLink-4002] (Eclipse Persistence Services - 2.7.6.v20200131-b7c997804f): org.eclipse.persistence.exceptions.DatabaseException
Internal Exception: org.h2.jdbc.JdbcSQLIntegrityConstraintViolationException: La columna &quot;DIRECCION&quot; no permite valores nulos (NULL)
NULL not allowed for column &quot;DIRECCION&quot;; SQL statement:
INSERT INTO CLIENTE (ID, CIUDAD, CODIGOPOSTAL, DIRECCION, ESTADO, FECHAALTA, FECHABAJA, IDENTIFICACION, PAIS, TIPOCLIENTE, USER_USER, DTYPE) VALUES (?, ?, ?, ?, ?, ?, ?, ?, ?, ?, ?, ?) [23502-200]
Error Code: 23502
Call: INSERT INTO CLIENTE (ID, CIUDAD, CODIGOPOSTAL, DIRECCION, ESTADO, FECHAALTA, FECHABAJA, IDENTIFICACION, PAIS, TIPOCLIENTE, USER_USER, DTYPE) VALUES (?, ?, ?, ?, ?, ?, ?, ?, ?, ?, ?, ?)
	bind =&gt; [12 parameters bound]
Query: InsertObjectQuery(Cliente{
id=1
identificacion=Avenia Plutarco
tipoCliente=null
estado=Activo
fechaAlta=Thu Apr 28 17:23:35 CEST 2022
fechaBaja=null
direccion=null
ciudad=Malaga
codigopostal=29004
pais=Espana
cuentasFintech={[]}}Empresa{
razon_social=UMA})
</system-out>
  </testcase>
  <testcase classname="ma3s.fintech.test.Transacciones" name="TestTransferenciaClienteConCamposVacio" time="0.047">
    <error message="Exception [EclipseLink-4002] (Eclipse Persistence Services - 2.7.6.v20200131-b7c997804f): org.eclipse.persistence.exceptions.DatabaseException
Internal Exception: org.h2.jdbc.JdbcSQLIntegrityConstraintViolationException: La columna &quot;DIRECCION&quot; no permite valores nulos (NULL)
NULL not allowed for column &quot;DIRECCION&quot;; SQL statement:
INSERT INTO CLIENTE (ID, CIUDAD, CODIGOPOSTAL, DIRECCION, ESTADO, FECHAALTA, FECHABAJA, IDENTIFICACION, PAIS, TIPOCLIENTE, USER_USER, DTYPE) VALUES (?, ?, ?, ?, ?, ?, ?, ?, ?, ?, ?, ?) [23502-200]
Error Code: 23502
Call: INSERT INTO CLIENTE (ID, CIUDAD, CODIGOPOSTAL, DIRECCION, ESTADO, FECHAALTA, FECHABAJA, IDENTIFICACION, PAIS, TIPOCLIENTE, USER_USER, DTYPE) VALUES (?, ?, ?, ?, ?, ?, ?, ?, ?, ?, ?, ?)
	bind =&gt; [12 parameters bound]
Query: InsertObjectQuery(Cliente{
id=2
identificacion=avenida de Murcia
tipoCliente=null
estado=Activo
fechaAlta=Thu Apr 28 17:23:35 CEST 2022
fechaBaja=null
direccion=null
ciudad=Murcia
codigopostal=29845
pais=Espana
cuentasFintech={[]}}Empresa{
razon_social=UCAM})" type="javax.persistence.RollbackException">javax.persistence.RollbackException: Exception [EclipseLink-4002] (Eclipse Persistence Services - 2.7.6.v20200131-b7c997804f): org.eclipse.persistence.exceptions.DatabaseException
Internal Exception: org.h2.jdbc.JdbcSQLIntegrityConstraintViolationException: La columna &quot;DIRECCION&quot; no permite valores nulos (NULL)
NULL not allowed for column &quot;DIRECCION&quot;; SQL statement:
INSERT INTO CLIENTE (ID, CIUDAD, CODIGOPOSTAL, DIRECCION, ESTADO, FECHAALTA, FECHABAJA, IDENTIFICACION, PAIS, TIPOCLIENTE, USER_USER, DTYPE) VALUES (?, ?, ?, ?, ?, ?, ?, ?, ?, ?, ?, ?) [23502-200]
Error Code: 23502
Call: INSERT INTO CLIENTE (ID, CIUDAD, CODIGOPOSTAL, DIRECCION, ESTADO, FECHAALTA, FECHABAJA, IDENTIFICACION, PAIS, TIPOCLIENTE, USER_USER, DTYPE) VALUES (?, ?, ?, ?, ?, ?, ?, ?, ?, ?, ?, ?)
	bind =&gt; [12 parameters bound]
Query: InsertObjectQuery(Cliente{
id=2
identificacion=avenida de Murcia
tipoCliente=null
estado=Activo
fechaAlta=Thu Apr 28 17:23:35 CEST 2022
fechaBaja=null
direccion=null
ciudad=Murcia
codigopostal=29845
pais=Espana
cuentasFintech={[]}}Empresa{
razon_social=UCAM})
	at org.eclipse.persistence.internal.jpa.transaction.EntityTransactionImpl.commit(EntityTransactionImpl.java:161)
	at ma3s.fintech.test.BaseDatos.inicializaBaseDatos(BaseDatos.java:229)
	at ma3s.fintech.test.Transacciones.setup(Transacciones.java:30)
	at sun.reflect.NativeMethodAccessorImpl.invoke0(Native Method)
	at sun.reflect.NativeMethodAccessorImpl.invoke(NativeMethodAccessorImpl.java:62)
	at sun.reflect.DelegatingMethodAccessorImpl.invoke(DelegatingMethodAccessorImpl.java:43)
	at java.lang.reflect.Method.invoke(Method.java:498)
	at org.junit.runners.model.FrameworkMethod$1.runReflectiveCall(FrameworkMethod.java:59)
	at org.junit.internal.runners.model.ReflectiveCallable.run(ReflectiveCallable.java:12)
	at org.junit.runners.model.FrameworkMethod.invokeExplosively(FrameworkMethod.java:56)
	at org.junit.internal.runners.statements.RunBefores.invokeMethod(RunBefores.java:33)
	at org.junit.internal.runners.statements.RunBefores.evaluate(RunBefores.java:24)
	at org.junit.runners.ParentRunner$3.evaluate(ParentRunner.java:306)
	at org.junit.runners.BlockJUnit4ClassRunner$1.evaluate(BlockJUnit4ClassRunner.java:100)
	at org.junit.runners.ParentRunner.runLeaf(ParentRunner.java:366)
	at org.junit.runners.BlockJUnit4ClassRunner.runChild(BlockJUnit4ClassRunner.java:103)
	at org.junit.runners.BlockJUnit4ClassRunner.runChild(BlockJUnit4ClassRunner.java:63)
	at org.junit.runners.ParentRunner$4.run(ParentRunner.java:331)
	at org.junit.runners.ParentRunner$1.schedule(ParentRunner.java:79)
	at org.junit.runners.ParentRunner.runChildren(ParentRunner.java:329)
	at org.junit.runners.ParentRunner.access$100(ParentRunner.java:66)
	at org.junit.runners.ParentRunner$2.evaluate(ParentRunner.java:293)
	at org.junit.runners.ParentRunner$3.evaluate(ParentRunner.java:306)
	at org.junit.runners.ParentRunner.run(ParentRunner.java:413)
	at org.junit.runners.Suite.runChild(Suite.java:128)
	at org.junit.runners.Suite.runChild(Suite.java:27)
	at org.junit.runners.ParentRunner$4.run(ParentRunner.java:331)
	at org.junit.runners.ParentRunner$1.schedule(ParentRunner.java:79)
	at org.junit.runners.ParentRunner.runChildren(ParentRunner.java:329)
	at org.junit.runners.ParentRunner.access$100(ParentRunner.java:66)
	at org.junit.runners.ParentRunner$2.evaluate(ParentRunner.java:293)
	at org.junit.internal.runners.statements.RunBefores.evaluate(RunBefores.java:26)
	at org.junit.internal.runners.statements.RunAfters.evaluate(RunAfters.java:27)
	at org.junit.runners.ParentRunner$3.evaluate(ParentRunner.java:306)
	at org.junit.runners.ParentRunner.run(ParentRunner.java:413)
	at org.apache.maven.surefire.junit4.JUnit4Provider.execute(JUnit4Provider.java:252)
	at org.apache.maven.surefire.junit4.JUnit4Provider.executeTestSet(JUnit4Provider.java:141)
	at org.apache.maven.surefire.junit4.JUnit4Provider.invoke(JUnit4Provider.java:112)
	at sun.reflect.NativeMethodAccessorImpl.invoke0(Native Method)
	at sun.reflect.NativeMethodAccessorImpl.invoke(NativeMethodAccessorImpl.java:62)
	at sun.reflect.DelegatingMethodAccessorImpl.invoke(DelegatingMethodAccessorImpl.java:43)
	at java.lang.reflect.Method.invoke(Method.java:498)
	at org.apache.maven.surefire.util.ReflectionUtils.invokeMethodWithArray(ReflectionUtils.java:189)
	at org.apache.maven.surefire.booter.ProviderFactory$ProviderProxy.invoke(ProviderFactory.java:165)
	at org.apache.maven.surefire.booter.ProviderFactory.invokeProvider(ProviderFactory.java:85)
	at org.apache.maven.surefire.booter.ForkedBooter.runSuitesInProcess(ForkedBooter.java:115)
	at org.apache.maven.surefire.booter.ForkedBooter.main(ForkedBooter.java:75)
Caused by: Exception [EclipseLink-4002] (Eclipse Persistence Services - 2.7.6.v20200131-b7c997804f): org.eclipse.persistence.exceptions.DatabaseException
Internal Exception: org.h2.jdbc.JdbcSQLIntegrityConstraintViolationException: La columna &quot;DIRECCION&quot; no permite valores nulos (NULL)
NULL not allowed for column &quot;DIRECCION&quot;; SQL statement:
INSERT INTO CLIENTE (ID, CIUDAD, CODIGOPOSTAL, DIRECCION, ESTADO, FECHAALTA, FECHABAJA, IDENTIFICACION, PAIS, TIPOCLIENTE, USER_USER, DTYPE) VALUES (?, ?, ?, ?, ?, ?, ?, ?, ?, ?, ?, ?) [23502-200]
Error Code: 23502
Call: INSERT INTO CLIENTE (ID, CIUDAD, CODIGOPOSTAL, DIRECCION, ESTADO, FECHAALTA, FECHABAJA, IDENTIFICACION, PAIS, TIPOCLIENTE, USER_USER, DTYPE) VALUES (?, ?, ?, ?, ?, ?, ?, ?, ?, ?, ?, ?)
	bind =&gt; [12 parameters bound]
Query: InsertObjectQuery(Cliente{
id=2
identificacion=avenida de Murcia
tipoCliente=null
estado=Activo
fechaAlta=Thu Apr 28 17:23:35 CEST 2022
fechaBaja=null
direccion=null
ciudad=Murcia
codigopostal=29845
pais=Espana
cuentasFintech={[]}}Empresa{
razon_social=UCAM})
	at org.eclipse.persistence.exceptions.DatabaseException.sqlException(DatabaseException.java:333)
	at org.eclipse.persistence.internal.databaseaccess.DatabaseAccessor.executeDirectNoSelect(DatabaseAccessor.java:908)
	at org.eclipse.persistence.internal.databaseaccess.DatabaseAccessor.executeNoSelect(DatabaseAccessor.java:970)
	at org.eclipse.persistence.internal.databaseaccess.DatabaseAccessor.basicExecuteCall(DatabaseAccessor.java:640)
	at org.eclipse.persistence.internal.databaseaccess.DatabaseAccessor.executeCall(DatabaseAccessor.java:567)
	at org.eclipse.persistence.internal.sessions.AbstractSession.basicExecuteCall(AbstractSession.java:2099)
	at org.eclipse.persistence.sessions.server.ClientSession.executeCall(ClientSession.java:313)
	at org.eclipse.persistence.internal.queries.DatasourceCallQueryMechanism.executeCall(DatasourceCallQueryMechanism.java:275)
	at org.eclipse.persistence.internal.queries.DatasourceCallQueryMechanism.insertObject(DatasourceCallQueryMechanism.java:397)
	at org.eclipse.persistence.internal.queries.StatementQueryMechanism.insertObject(StatementQueryMechanism.java:167)
	at org.eclipse.persistence.internal.queries.StatementQueryMechanism.insertObject(StatementQueryMechanism.java:182)
	at org.eclipse.persistence.internal.queries.DatabaseQueryMechanism.insertObjectForWrite(DatabaseQueryMechanism.java:504)
	at org.eclipse.persistence.queries.InsertObjectQuery.executeCommit(InsertObjectQuery.java:82)
	at org.eclipse.persistence.queries.InsertObjectQuery.executeCommitWithChangeSet(InsertObjectQuery.java:92)
	at org.eclipse.persistence.internal.queries.DatabaseQueryMechanism.executeWriteWithChangeSet(DatabaseQueryMechanism.java:316)
	at org.eclipse.persistence.queries.WriteObjectQuery.executeDatabaseQuery(WriteObjectQuery.java:60)
	at org.eclipse.persistence.queries.DatabaseQuery.execute(DatabaseQuery.java:911)
	at org.eclipse.persistence.queries.DatabaseQuery.executeInUnitOfWork(DatabaseQuery.java:810)
	at org.eclipse.persistence.queries.ObjectLevelModifyQuery.executeInUnitOfWorkObjectLevelModifyQuery(ObjectLevelModifyQuery.java:110)
	at org.eclipse.persistence.queries.ObjectLevelModifyQuery.executeInUnitOfWork(ObjectLevelModifyQuery.java:87)
	at org.eclipse.persistence.internal.sessions.UnitOfWorkImpl.internalExecuteQuery(UnitOfWorkImpl.java:2983)
	at org.eclipse.persistence.internal.sessions.AbstractSession.executeQuery(AbstractSession.java:1898)
	at org.eclipse.persistence.internal.sessions.AbstractSession.executeQuery(AbstractSession.java:1880)
	at org.eclipse.persistence.internal.sessions.AbstractSession.executeQuery(AbstractSession.java:1830)
	at org.eclipse.persistence.internal.sessions.CommitManager.commitNewObjectsForClassWithChangeSet(CommitManager.java:229)
	at org.eclipse.persistence.internal.sessions.CommitManager.commitAllObjectsForClassWithChangeSet(CommitManager.java:196)
	at org.eclipse.persistence.internal.sessions.CommitManager.commitAllObjectsWithChangeSet(CommitManager.java:141)
	at org.eclipse.persistence.internal.sessions.AbstractSession.writeAllObjectsWithChangeSet(AbstractSession.java:4398)
	at org.eclipse.persistence.internal.sessions.UnitOfWorkImpl.commitToDatabase(UnitOfWorkImpl.java:1495)
	at org.eclipse.persistence.internal.sessions.UnitOfWorkImpl.commitToDatabaseWithChangeSet(UnitOfWorkImpl.java:1585)
	at org.eclipse.persistence.internal.sessions.RepeatableWriteUnitOfWork.commitRootUnitOfWork(RepeatableWriteUnitOfWork.java:280)
	at org.eclipse.persistence.internal.sessions.UnitOfWorkImpl.commitAndResume(UnitOfWorkImpl.java:1222)
	at org.eclipse.persistence.internal.jpa.transaction.EntityTransactionImpl.commit(EntityTransactionImpl.java:136)
	... 46 more
Caused by: org.h2.jdbc.JdbcSQLIntegrityConstraintViolationException: La columna &quot;DIRECCION&quot; no permite valores nulos (NULL)
NULL not allowed for column &quot;DIRECCION&quot;; SQL statement:
INSERT INTO CLIENTE (ID, CIUDAD, CODIGOPOSTAL, DIRECCION, ESTADO, FECHAALTA, FECHABAJA, IDENTIFICACION, PAIS, TIPOCLIENTE, USER_USER, DTYPE) VALUES (?, ?, ?, ?, ?, ?, ?, ?, ?, ?, ?, ?) [23502-200]
	at org.h2.message.DbException.getJdbcSQLException(DbException.java:459)
	at org.h2.message.DbException.getJdbcSQLException(DbException.java:429)
	at org.h2.message.DbException.get(DbException.java:205)
	at org.h2.message.DbException.get(DbException.java:181)
	at org.h2.table.Column.validateConvertUpdateSequence(Column.java:374)
	at org.h2.table.Table.validateConvertUpdateSequence(Table.java:845)
	at org.h2.command.dml.Insert.insertRows(Insert.java:187)
	at org.h2.command.dml.Insert.update(Insert.java:151)
	at org.h2.command.CommandContainer.update(CommandContainer.java:198)
	at org.h2.command.Command.executeUpdate(Command.java:251)
	at org.h2.jdbc.JdbcPreparedStatement.executeUpdateInternal(JdbcPreparedStatement.java:191)
	at org.h2.jdbc.JdbcPreparedStatement.executeUpdate(JdbcPreparedStatement.java:152)
	at org.eclipse.persistence.internal.databaseaccess.DatabaseAccessor.executeDirectNoSelect(DatabaseAccessor.java:898)
	... 77 more
</error>
    <system-out>[EL Warning]: 2022-04-28 17:23:35.717--UnitOfWork(2050380507)--Exception [EclipseLink-4002] (Eclipse Persistence Services - 2.7.6.v20200131-b7c997804f): org.eclipse.persistence.exceptions.DatabaseException
Internal Exception: org.h2.jdbc.JdbcSQLIntegrityConstraintViolationException: La columna &quot;DIRECCION&quot; no permite valores nulos (NULL)
NULL not allowed for column &quot;DIRECCION&quot;; SQL statement:
INSERT INTO CLIENTE (ID, CIUDAD, CODIGOPOSTAL, DIRECCION, ESTADO, FECHAALTA, FECHABAJA, IDENTIFICACION, PAIS, TIPOCLIENTE, USER_USER, DTYPE) VALUES (?, ?, ?, ?, ?, ?, ?, ?, ?, ?, ?, ?) [23502-200]
Error Code: 23502
Call: INSERT INTO CLIENTE (ID, CIUDAD, CODIGOPOSTAL, DIRECCION, ESTADO, FECHAALTA, FECHABAJA, IDENTIFICACION, PAIS, TIPOCLIENTE, USER_USER, DTYPE) VALUES (?, ?, ?, ?, ?, ?, ?, ?, ?, ?, ?, ?)
	bind =&gt; [12 parameters bound]
Query: InsertObjectQuery(Cliente{
id=2
identificacion=avenida de Murcia
tipoCliente=null
estado=Activo
fechaAlta=Thu Apr 28 17:23:35 CEST 2022
fechaBaja=null
direccion=null
ciudad=Murcia
codigopostal=29845
pais=Espana
cuentasFintech={[]}}Empresa{
razon_social=UCAM})
</system-out>
  </testcase>
  <testcase classname="ma3s.fintech.test.Transacciones" name="TestTransferenciaPAutorizadaErrorCuentaOrigen" time="0.049">
    <error message="Exception [EclipseLink-4002] (Eclipse Persistence Services - 2.7.6.v20200131-b7c997804f): org.eclipse.persistence.exceptions.DatabaseException
Internal Exception: org.h2.jdbc.JdbcSQLIntegrityConstraintViolationException: La columna &quot;DIRECCION&quot; no permite valores nulos (NULL)
NULL not allowed for column &quot;DIRECCION&quot;; SQL statement:
INSERT INTO CLIENTE (ID, CIUDAD, CODIGOPOSTAL, DIRECCION, ESTADO, FECHAALTA, FECHABAJA, IDENTIFICACION, PAIS, TIPOCLIENTE, USER_USER, DTYPE) VALUES (?, ?, ?, ?, ?, ?, ?, ?, ?, ?, ?, ?) [23502-200]
Error Code: 23502
Call: INSERT INTO CLIENTE (ID, CIUDAD, CODIGOPOSTAL, DIRECCION, ESTADO, FECHAALTA, FECHABAJA, IDENTIFICACION, PAIS, TIPOCLIENTE, USER_USER, DTYPE) VALUES (?, ?, ?, ?, ?, ?, ?, ?, ?, ?, ?, ?)
	bind =&gt; [12 parameters bound]
Query: InsertObjectQuery(Cliente{
id=2
identificacion=avenida de Murcia
tipoCliente=null
estado=Activo
fechaAlta=Thu Apr 28 17:23:35 CEST 2022
fechaBaja=null
direccion=null
ciudad=Murcia
codigopostal=29845
pais=Espana
cuentasFintech={[]}}Empresa{
razon_social=UCAM})" type="javax.persistence.RollbackException">javax.persistence.RollbackException: Exception [EclipseLink-4002] (Eclipse Persistence Services - 2.7.6.v20200131-b7c997804f): org.eclipse.persistence.exceptions.DatabaseException
Internal Exception: org.h2.jdbc.JdbcSQLIntegrityConstraintViolationException: La columna &quot;DIRECCION&quot; no permite valores nulos (NULL)
NULL not allowed for column &quot;DIRECCION&quot;; SQL statement:
INSERT INTO CLIENTE (ID, CIUDAD, CODIGOPOSTAL, DIRECCION, ESTADO, FECHAALTA, FECHABAJA, IDENTIFICACION, PAIS, TIPOCLIENTE, USER_USER, DTYPE) VALUES (?, ?, ?, ?, ?, ?, ?, ?, ?, ?, ?, ?) [23502-200]
Error Code: 23502
Call: INSERT INTO CLIENTE (ID, CIUDAD, CODIGOPOSTAL, DIRECCION, ESTADO, FECHAALTA, FECHABAJA, IDENTIFICACION, PAIS, TIPOCLIENTE, USER_USER, DTYPE) VALUES (?, ?, ?, ?, ?, ?, ?, ?, ?, ?, ?, ?)
	bind =&gt; [12 parameters bound]
Query: InsertObjectQuery(Cliente{
id=2
identificacion=avenida de Murcia
tipoCliente=null
estado=Activo
fechaAlta=Thu Apr 28 17:23:35 CEST 2022
fechaBaja=null
direccion=null
ciudad=Murcia
codigopostal=29845
pais=Espana
cuentasFintech={[]}}Empresa{
razon_social=UCAM})
	at org.eclipse.persistence.internal.jpa.transaction.EntityTransactionImpl.commit(EntityTransactionImpl.java:161)
	at ma3s.fintech.test.BaseDatos.inicializaBaseDatos(BaseDatos.java:229)
	at ma3s.fintech.test.Transacciones.setup(Transacciones.java:30)
	at sun.reflect.NativeMethodAccessorImpl.invoke0(Native Method)
	at sun.reflect.NativeMethodAccessorImpl.invoke(NativeMethodAccessorImpl.java:62)
	at sun.reflect.DelegatingMethodAccessorImpl.invoke(DelegatingMethodAccessorImpl.java:43)
	at java.lang.reflect.Method.invoke(Method.java:498)
	at org.junit.runners.model.FrameworkMethod$1.runReflectiveCall(FrameworkMethod.java:59)
	at org.junit.internal.runners.model.ReflectiveCallable.run(ReflectiveCallable.java:12)
	at org.junit.runners.model.FrameworkMethod.invokeExplosively(FrameworkMethod.java:56)
	at org.junit.internal.runners.statements.RunBefores.invokeMethod(RunBefores.java:33)
	at org.junit.internal.runners.statements.RunBefores.evaluate(RunBefores.java:24)
	at org.junit.runners.ParentRunner$3.evaluate(ParentRunner.java:306)
	at org.junit.runners.BlockJUnit4ClassRunner$1.evaluate(BlockJUnit4ClassRunner.java:100)
	at org.junit.runners.ParentRunner.runLeaf(ParentRunner.java:366)
	at org.junit.runners.BlockJUnit4ClassRunner.runChild(BlockJUnit4ClassRunner.java:103)
	at org.junit.runners.BlockJUnit4ClassRunner.runChild(BlockJUnit4ClassRunner.java:63)
	at org.junit.runners.ParentRunner$4.run(ParentRunner.java:331)
	at org.junit.runners.ParentRunner$1.schedule(ParentRunner.java:79)
	at org.junit.runners.ParentRunner.runChildren(ParentRunner.java:329)
	at org.junit.runners.ParentRunner.access$100(ParentRunner.java:66)
	at org.junit.runners.ParentRunner$2.evaluate(ParentRunner.java:293)
	at org.junit.runners.ParentRunner$3.evaluate(ParentRunner.java:306)
	at org.junit.runners.ParentRunner.run(ParentRunner.java:413)
	at org.junit.runners.Suite.runChild(Suite.java:128)
	at org.junit.runners.Suite.runChild(Suite.java:27)
	at org.junit.runners.ParentRunner$4.run(ParentRunner.java:331)
	at org.junit.runners.ParentRunner$1.schedule(ParentRunner.java:79)
	at org.junit.runners.ParentRunner.runChildren(ParentRunner.java:329)
	at org.junit.runners.ParentRunner.access$100(ParentRunner.java:66)
	at org.junit.runners.ParentRunner$2.evaluate(ParentRunner.java:293)
	at org.junit.internal.runners.statements.RunBefores.evaluate(RunBefores.java:26)
	at org.junit.internal.runners.statements.RunAfters.evaluate(RunAfters.java:27)
	at org.junit.runners.ParentRunner$3.evaluate(ParentRunner.java:306)
	at org.junit.runners.ParentRunner.run(ParentRunner.java:413)
	at org.apache.maven.surefire.junit4.JUnit4Provider.execute(JUnit4Provider.java:252)
	at org.apache.maven.surefire.junit4.JUnit4Provider.executeTestSet(JUnit4Provider.java:141)
	at org.apache.maven.surefire.junit4.JUnit4Provider.invoke(JUnit4Provider.java:112)
	at sun.reflect.NativeMethodAccessorImpl.invoke0(Native Method)
	at sun.reflect.NativeMethodAccessorImpl.invoke(NativeMethodAccessorImpl.java:62)
	at sun.reflect.DelegatingMethodAccessorImpl.invoke(DelegatingMethodAccessorImpl.java:43)
	at java.lang.reflect.Method.invoke(Method.java:498)
	at org.apache.maven.surefire.util.ReflectionUtils.invokeMethodWithArray(ReflectionUtils.java:189)
	at org.apache.maven.surefire.booter.ProviderFactory$ProviderProxy.invoke(ProviderFactory.java:165)
	at org.apache.maven.surefire.booter.ProviderFactory.invokeProvider(ProviderFactory.java:85)
	at org.apache.maven.surefire.booter.ForkedBooter.runSuitesInProcess(ForkedBooter.java:115)
	at org.apache.maven.surefire.booter.ForkedBooter.main(ForkedBooter.java:75)
Caused by: Exception [EclipseLink-4002] (Eclipse Persistence Services - 2.7.6.v20200131-b7c997804f): org.eclipse.persistence.exceptions.DatabaseException
Internal Exception: org.h2.jdbc.JdbcSQLIntegrityConstraintViolationException: La columna &quot;DIRECCION&quot; no permite valores nulos (NULL)
NULL not allowed for column &quot;DIRECCION&quot;; SQL statement:
INSERT INTO CLIENTE (ID, CIUDAD, CODIGOPOSTAL, DIRECCION, ESTADO, FECHAALTA, FECHABAJA, IDENTIFICACION, PAIS, TIPOCLIENTE, USER_USER, DTYPE) VALUES (?, ?, ?, ?, ?, ?, ?, ?, ?, ?, ?, ?) [23502-200]
Error Code: 23502
Call: INSERT INTO CLIENTE (ID, CIUDAD, CODIGOPOSTAL, DIRECCION, ESTADO, FECHAALTA, FECHABAJA, IDENTIFICACION, PAIS, TIPOCLIENTE, USER_USER, DTYPE) VALUES (?, ?, ?, ?, ?, ?, ?, ?, ?, ?, ?, ?)
	bind =&gt; [12 parameters bound]
Query: InsertObjectQuery(Cliente{
id=2
identificacion=avenida de Murcia
tipoCliente=null
estado=Activo
fechaAlta=Thu Apr 28 17:23:35 CEST 2022
fechaBaja=null
direccion=null
ciudad=Murcia
codigopostal=29845
pais=Espana
cuentasFintech={[]}}Empresa{
razon_social=UCAM})
	at org.eclipse.persistence.exceptions.DatabaseException.sqlException(DatabaseException.java:333)
	at org.eclipse.persistence.internal.databaseaccess.DatabaseAccessor.executeDirectNoSelect(DatabaseAccessor.java:908)
	at org.eclipse.persistence.internal.databaseaccess.DatabaseAccessor.executeNoSelect(DatabaseAccessor.java:970)
	at org.eclipse.persistence.internal.databaseaccess.DatabaseAccessor.basicExecuteCall(DatabaseAccessor.java:640)
	at org.eclipse.persistence.internal.databaseaccess.DatabaseAccessor.executeCall(DatabaseAccessor.java:567)
	at org.eclipse.persistence.internal.sessions.AbstractSession.basicExecuteCall(AbstractSession.java:2099)
	at org.eclipse.persistence.sessions.server.ClientSession.executeCall(ClientSession.java:313)
	at org.eclipse.persistence.internal.queries.DatasourceCallQueryMechanism.executeCall(DatasourceCallQueryMechanism.java:275)
	at org.eclipse.persistence.internal.queries.DatasourceCallQueryMechanism.insertObject(DatasourceCallQueryMechanism.java:397)
	at org.eclipse.persistence.internal.queries.StatementQueryMechanism.insertObject(StatementQueryMechanism.java:167)
	at org.eclipse.persistence.internal.queries.StatementQueryMechanism.insertObject(StatementQueryMechanism.java:182)
	at org.eclipse.persistence.internal.queries.DatabaseQueryMechanism.insertObjectForWrite(DatabaseQueryMechanism.java:504)
	at org.eclipse.persistence.queries.InsertObjectQuery.executeCommit(InsertObjectQuery.java:82)
	at org.eclipse.persistence.queries.InsertObjectQuery.executeCommitWithChangeSet(InsertObjectQuery.java:92)
	at org.eclipse.persistence.internal.queries.DatabaseQueryMechanism.executeWriteWithChangeSet(DatabaseQueryMechanism.java:316)
	at org.eclipse.persistence.queries.WriteObjectQuery.executeDatabaseQuery(WriteObjectQuery.java:60)
	at org.eclipse.persistence.queries.DatabaseQuery.execute(DatabaseQuery.java:911)
	at org.eclipse.persistence.queries.DatabaseQuery.executeInUnitOfWork(DatabaseQuery.java:810)
	at org.eclipse.persistence.queries.ObjectLevelModifyQuery.executeInUnitOfWorkObjectLevelModifyQuery(ObjectLevelModifyQuery.java:110)
	at org.eclipse.persistence.queries.ObjectLevelModifyQuery.executeInUnitOfWork(ObjectLevelModifyQuery.java:87)
	at org.eclipse.persistence.internal.sessions.UnitOfWorkImpl.internalExecuteQuery(UnitOfWorkImpl.java:2983)
	at org.eclipse.persistence.internal.sessions.AbstractSession.executeQuery(AbstractSession.java:1898)
	at org.eclipse.persistence.internal.sessions.AbstractSession.executeQuery(AbstractSession.java:1880)
	at org.eclipse.persistence.internal.sessions.AbstractSession.executeQuery(AbstractSession.java:1830)
	at org.eclipse.persistence.internal.sessions.CommitManager.commitNewObjectsForClassWithChangeSet(CommitManager.java:229)
	at org.eclipse.persistence.internal.sessions.CommitManager.commitAllObjectsForClassWithChangeSet(CommitManager.java:196)
	at org.eclipse.persistence.internal.sessions.CommitManager.commitAllObjectsWithChangeSet(CommitManager.java:141)
	at org.eclipse.persistence.internal.sessions.AbstractSession.writeAllObjectsWithChangeSet(AbstractSession.java:4398)
	at org.eclipse.persistence.internal.sessions.UnitOfWorkImpl.commitToDatabase(UnitOfWorkImpl.java:1495)
	at org.eclipse.persistence.internal.sessions.UnitOfWorkImpl.commitToDatabaseWithChangeSet(UnitOfWorkImpl.java:1585)
	at org.eclipse.persistence.internal.sessions.RepeatableWriteUnitOfWork.commitRootUnitOfWork(RepeatableWriteUnitOfWork.java:280)
	at org.eclipse.persistence.internal.sessions.UnitOfWorkImpl.commitAndResume(UnitOfWorkImpl.java:1222)
	at org.eclipse.persistence.internal.jpa.transaction.EntityTransactionImpl.commit(EntityTransactionImpl.java:136)
	... 46 more
Caused by: org.h2.jdbc.JdbcSQLIntegrityConstraintViolationException: La columna &quot;DIRECCION&quot; no permite valores nulos (NULL)
NULL not allowed for column &quot;DIRECCION&quot;; SQL statement:
INSERT INTO CLIENTE (ID, CIUDAD, CODIGOPOSTAL, DIRECCION, ESTADO, FECHAALTA, FECHABAJA, IDENTIFICACION, PAIS, TIPOCLIENTE, USER_USER, DTYPE) VALUES (?, ?, ?, ?, ?, ?, ?, ?, ?, ?, ?, ?) [23502-200]
	at org.h2.message.DbException.getJdbcSQLException(DbException.java:459)
	at org.h2.message.DbException.getJdbcSQLException(DbException.java:429)
	at org.h2.message.DbException.get(DbException.java:205)
	at org.h2.message.DbException.get(DbException.java:181)
	at org.h2.table.Column.validateConvertUpdateSequence(Column.java:374)
	at org.h2.table.Table.validateConvertUpdateSequence(Table.java:845)
	at org.h2.command.dml.Insert.insertRows(Insert.java:187)
	at org.h2.command.dml.Insert.update(Insert.java:151)
	at org.h2.command.CommandContainer.update(CommandContainer.java:198)
	at org.h2.command.Command.executeUpdate(Command.java:251)
	at org.h2.jdbc.JdbcPreparedStatement.executeUpdateInternal(JdbcPreparedStatement.java:191)
	at org.h2.jdbc.JdbcPreparedStatement.executeUpdate(JdbcPreparedStatement.java:152)
	at org.eclipse.persistence.internal.databaseaccess.DatabaseAccessor.executeDirectNoSelect(DatabaseAccessor.java:898)
	... 77 more
</error>
    <system-out>[EL Warning]: 2022-04-28 17:23:35.766--UnitOfWork(518141035)--Exception [EclipseLink-4002] (Eclipse Persistence Services - 2.7.6.v20200131-b7c997804f): org.eclipse.persistence.exceptions.DatabaseException
Internal Exception: org.h2.jdbc.JdbcSQLIntegrityConstraintViolationException: La columna &quot;DIRECCION&quot; no permite valores nulos (NULL)
NULL not allowed for column &quot;DIRECCION&quot;; SQL statement:
INSERT INTO CLIENTE (ID, CIUDAD, CODIGOPOSTAL, DIRECCION, ESTADO, FECHAALTA, FECHABAJA, IDENTIFICACION, PAIS, TIPOCLIENTE, USER_USER, DTYPE) VALUES (?, ?, ?, ?, ?, ?, ?, ?, ?, ?, ?, ?) [23502-200]
Error Code: 23502
Call: INSERT INTO CLIENTE (ID, CIUDAD, CODIGOPOSTAL, DIRECCION, ESTADO, FECHAALTA, FECHABAJA, IDENTIFICACION, PAIS, TIPOCLIENTE, USER_USER, DTYPE) VALUES (?, ?, ?, ?, ?, ?, ?, ?, ?, ?, ?, ?)
	bind =&gt; [12 parameters bound]
Query: InsertObjectQuery(Cliente{
id=2
identificacion=avenida de Murcia
tipoCliente=null
estado=Activo
fechaAlta=Thu Apr 28 17:23:35 CEST 2022
fechaBaja=null
direccion=null
ciudad=Murcia
codigopostal=29845
pais=Espana
cuentasFintech={[]}}Empresa{
razon_social=UCAM})
</system-out>
  </testcase>
  <testcase classname="ma3s.fintech.test.Transacciones" name="TestTransferenciaClientePorUsuarioNoExistente" time="0.056">
    <error message="Exception [EclipseLink-4002] (Eclipse Persistence Services - 2.7.6.v20200131-b7c997804f): org.eclipse.persistence.exceptions.DatabaseException
Internal Exception: org.h2.jdbc.JdbcSQLIntegrityConstraintViolationException: La columna &quot;DIRECCION&quot; no permite valores nulos (NULL)
NULL not allowed for column &quot;DIRECCION&quot;; SQL statement:
INSERT INTO CLIENTE (ID, CIUDAD, CODIGOPOSTAL, DIRECCION, ESTADO, FECHAALTA, FECHABAJA, IDENTIFICACION, PAIS, TIPOCLIENTE, USER_USER, DTYPE) VALUES (?, ?, ?, ?, ?, ?, ?, ?, ?, ?, ?, ?) [23502-200]
Error Code: 23502
Call: INSERT INTO CLIENTE (ID, CIUDAD, CODIGOPOSTAL, DIRECCION, ESTADO, FECHAALTA, FECHABAJA, IDENTIFICACION, PAIS, TIPOCLIENTE, USER_USER, DTYPE) VALUES (?, ?, ?, ?, ?, ?, ?, ?, ?, ?, ?, ?)
	bind =&gt; [12 parameters bound]
Query: InsertObjectQuery(Cliente{
id=2
identificacion=avenida de Murcia
tipoCliente=null
estado=Activo
fechaAlta=Thu Apr 28 17:23:35 CEST 2022
fechaBaja=null
direccion=null
ciudad=Murcia
codigopostal=29845
pais=Espana
cuentasFintech={[]}}Empresa{
razon_social=UCAM})" type="javax.persistence.RollbackException">javax.persistence.RollbackException: Exception [EclipseLink-4002] (Eclipse Persistence Services - 2.7.6.v20200131-b7c997804f): org.eclipse.persistence.exceptions.DatabaseException
Internal Exception: org.h2.jdbc.JdbcSQLIntegrityConstraintViolationException: La columna &quot;DIRECCION&quot; no permite valores nulos (NULL)
NULL not allowed for column &quot;DIRECCION&quot;; SQL statement:
INSERT INTO CLIENTE (ID, CIUDAD, CODIGOPOSTAL, DIRECCION, ESTADO, FECHAALTA, FECHABAJA, IDENTIFICACION, PAIS, TIPOCLIENTE, USER_USER, DTYPE) VALUES (?, ?, ?, ?, ?, ?, ?, ?, ?, ?, ?, ?) [23502-200]
Error Code: 23502
Call: INSERT INTO CLIENTE (ID, CIUDAD, CODIGOPOSTAL, DIRECCION, ESTADO, FECHAALTA, FECHABAJA, IDENTIFICACION, PAIS, TIPOCLIENTE, USER_USER, DTYPE) VALUES (?, ?, ?, ?, ?, ?, ?, ?, ?, ?, ?, ?)
	bind =&gt; [12 parameters bound]
Query: InsertObjectQuery(Cliente{
id=2
identificacion=avenida de Murcia
tipoCliente=null
estado=Activo
fechaAlta=Thu Apr 28 17:23:35 CEST 2022
fechaBaja=null
direccion=null
ciudad=Murcia
codigopostal=29845
pais=Espana
cuentasFintech={[]}}Empresa{
razon_social=UCAM})
	at org.eclipse.persistence.internal.jpa.transaction.EntityTransactionImpl.commit(EntityTransactionImpl.java:161)
	at ma3s.fintech.test.BaseDatos.inicializaBaseDatos(BaseDatos.java:229)
	at ma3s.fintech.test.Transacciones.setup(Transacciones.java:30)
	at sun.reflect.NativeMethodAccessorImpl.invoke0(Native Method)
	at sun.reflect.NativeMethodAccessorImpl.invoke(NativeMethodAccessorImpl.java:62)
	at sun.reflect.DelegatingMethodAccessorImpl.invoke(DelegatingMethodAccessorImpl.java:43)
	at java.lang.reflect.Method.invoke(Method.java:498)
	at org.junit.runners.model.FrameworkMethod$1.runReflectiveCall(FrameworkMethod.java:59)
	at org.junit.internal.runners.model.ReflectiveCallable.run(ReflectiveCallable.java:12)
	at org.junit.runners.model.FrameworkMethod.invokeExplosively(FrameworkMethod.java:56)
	at org.junit.internal.runners.statements.RunBefores.invokeMethod(RunBefores.java:33)
	at org.junit.internal.runners.statements.RunBefores.evaluate(RunBefores.java:24)
	at org.junit.runners.ParentRunner$3.evaluate(ParentRunner.java:306)
	at org.junit.runners.BlockJUnit4ClassRunner$1.evaluate(BlockJUnit4ClassRunner.java:100)
	at org.junit.runners.ParentRunner.runLeaf(ParentRunner.java:366)
	at org.junit.runners.BlockJUnit4ClassRunner.runChild(BlockJUnit4ClassRunner.java:103)
	at org.junit.runners.BlockJUnit4ClassRunner.runChild(BlockJUnit4ClassRunner.java:63)
	at org.junit.runners.ParentRunner$4.run(ParentRunner.java:331)
	at org.junit.runners.ParentRunner$1.schedule(ParentRunner.java:79)
	at org.junit.runners.ParentRunner.runChildren(ParentRunner.java:329)
	at org.junit.runners.ParentRunner.access$100(ParentRunner.java:66)
	at org.junit.runners.ParentRunner$2.evaluate(ParentRunner.java:293)
	at org.junit.runners.ParentRunner$3.evaluate(ParentRunner.java:306)
	at org.junit.runners.ParentRunner.run(ParentRunner.java:413)
	at org.junit.runners.Suite.runChild(Suite.java:128)
	at org.junit.runners.Suite.runChild(Suite.java:27)
	at org.junit.runners.ParentRunner$4.run(ParentRunner.java:331)
	at org.junit.runners.ParentRunner$1.schedule(ParentRunner.java:79)
	at org.junit.runners.ParentRunner.runChildren(ParentRunner.java:329)
	at org.junit.runners.ParentRunner.access$100(ParentRunner.java:66)
	at org.junit.runners.ParentRunner$2.evaluate(ParentRunner.java:293)
	at org.junit.internal.runners.statements.RunBefores.evaluate(RunBefores.java:26)
	at org.junit.internal.runners.statements.RunAfters.evaluate(RunAfters.java:27)
	at org.junit.runners.ParentRunner$3.evaluate(ParentRunner.java:306)
	at org.junit.runners.ParentRunner.run(ParentRunner.java:413)
	at org.apache.maven.surefire.junit4.JUnit4Provider.execute(JUnit4Provider.java:252)
	at org.apache.maven.surefire.junit4.JUnit4Provider.executeTestSet(JUnit4Provider.java:141)
	at org.apache.maven.surefire.junit4.JUnit4Provider.invoke(JUnit4Provider.java:112)
	at sun.reflect.NativeMethodAccessorImpl.invoke0(Native Method)
	at sun.reflect.NativeMethodAccessorImpl.invoke(NativeMethodAccessorImpl.java:62)
	at sun.reflect.DelegatingMethodAccessorImpl.invoke(DelegatingMethodAccessorImpl.java:43)
	at java.lang.reflect.Method.invoke(Method.java:498)
	at org.apache.maven.surefire.util.ReflectionUtils.invokeMethodWithArray(ReflectionUtils.java:189)
	at org.apache.maven.surefire.booter.ProviderFactory$ProviderProxy.invoke(ProviderFactory.java:165)
	at org.apache.maven.surefire.booter.ProviderFactory.invokeProvider(ProviderFactory.java:85)
	at org.apache.maven.surefire.booter.ForkedBooter.runSuitesInProcess(ForkedBooter.java:115)
	at org.apache.maven.surefire.booter.ForkedBooter.main(ForkedBooter.java:75)
Caused by: Exception [EclipseLink-4002] (Eclipse Persistence Services - 2.7.6.v20200131-b7c997804f): org.eclipse.persistence.exceptions.DatabaseException
Internal Exception: org.h2.jdbc.JdbcSQLIntegrityConstraintViolationException: La columna &quot;DIRECCION&quot; no permite valores nulos (NULL)
NULL not allowed for column &quot;DIRECCION&quot;; SQL statement:
INSERT INTO CLIENTE (ID, CIUDAD, CODIGOPOSTAL, DIRECCION, ESTADO, FECHAALTA, FECHABAJA, IDENTIFICACION, PAIS, TIPOCLIENTE, USER_USER, DTYPE) VALUES (?, ?, ?, ?, ?, ?, ?, ?, ?, ?, ?, ?) [23502-200]
Error Code: 23502
Call: INSERT INTO CLIENTE (ID, CIUDAD, CODIGOPOSTAL, DIRECCION, ESTADO, FECHAALTA, FECHABAJA, IDENTIFICACION, PAIS, TIPOCLIENTE, USER_USER, DTYPE) VALUES (?, ?, ?, ?, ?, ?, ?, ?, ?, ?, ?, ?)
	bind =&gt; [12 parameters bound]
Query: InsertObjectQuery(Cliente{
id=2
identificacion=avenida de Murcia
tipoCliente=null
estado=Activo
fechaAlta=Thu Apr 28 17:23:35 CEST 2022
fechaBaja=null
direccion=null
ciudad=Murcia
codigopostal=29845
pais=Espana
cuentasFintech={[]}}Empresa{
razon_social=UCAM})
	at org.eclipse.persistence.exceptions.DatabaseException.sqlException(DatabaseException.java:333)
	at org.eclipse.persistence.internal.databaseaccess.DatabaseAccessor.executeDirectNoSelect(DatabaseAccessor.java:908)
	at org.eclipse.persistence.internal.databaseaccess.DatabaseAccessor.executeNoSelect(DatabaseAccessor.java:970)
	at org.eclipse.persistence.internal.databaseaccess.DatabaseAccessor.basicExecuteCall(DatabaseAccessor.java:640)
	at org.eclipse.persistence.internal.databaseaccess.DatabaseAccessor.executeCall(DatabaseAccessor.java:567)
	at org.eclipse.persistence.internal.sessions.AbstractSession.basicExecuteCall(AbstractSession.java:2099)
	at org.eclipse.persistence.sessions.server.ClientSession.executeCall(ClientSession.java:313)
	at org.eclipse.persistence.internal.queries.DatasourceCallQueryMechanism.executeCall(DatasourceCallQueryMechanism.java:275)
	at org.eclipse.persistence.internal.queries.DatasourceCallQueryMechanism.insertObject(DatasourceCallQueryMechanism.java:397)
	at org.eclipse.persistence.internal.queries.StatementQueryMechanism.insertObject(StatementQueryMechanism.java:167)
	at org.eclipse.persistence.internal.queries.StatementQueryMechanism.insertObject(StatementQueryMechanism.java:182)
	at org.eclipse.persistence.internal.queries.DatabaseQueryMechanism.insertObjectForWrite(DatabaseQueryMechanism.java:504)
	at org.eclipse.persistence.queries.InsertObjectQuery.executeCommit(InsertObjectQuery.java:82)
	at org.eclipse.persistence.queries.InsertObjectQuery.executeCommitWithChangeSet(InsertObjectQuery.java:92)
	at org.eclipse.persistence.internal.queries.DatabaseQueryMechanism.executeWriteWithChangeSet(DatabaseQueryMechanism.java:316)
	at org.eclipse.persistence.queries.WriteObjectQuery.executeDatabaseQuery(WriteObjectQuery.java:60)
	at org.eclipse.persistence.queries.DatabaseQuery.execute(DatabaseQuery.java:911)
	at org.eclipse.persistence.queries.DatabaseQuery.executeInUnitOfWork(DatabaseQuery.java:810)
	at org.eclipse.persistence.queries.ObjectLevelModifyQuery.executeInUnitOfWorkObjectLevelModifyQuery(ObjectLevelModifyQuery.java:110)
	at org.eclipse.persistence.queries.ObjectLevelModifyQuery.executeInUnitOfWork(ObjectLevelModifyQuery.java:87)
	at org.eclipse.persistence.internal.sessions.UnitOfWorkImpl.internalExecuteQuery(UnitOfWorkImpl.java:2983)
	at org.eclipse.persistence.internal.sessions.AbstractSession.executeQuery(AbstractSession.java:1898)
	at org.eclipse.persistence.internal.sessions.AbstractSession.executeQuery(AbstractSession.java:1880)
	at org.eclipse.persistence.internal.sessions.AbstractSession.executeQuery(AbstractSession.java:1830)
	at org.eclipse.persistence.internal.sessions.CommitManager.commitNewObjectsForClassWithChangeSet(CommitManager.java:229)
	at org.eclipse.persistence.internal.sessions.CommitManager.commitAllObjectsForClassWithChangeSet(CommitManager.java:196)
	at org.eclipse.persistence.internal.sessions.CommitManager.commitAllObjectsWithChangeSet(CommitManager.java:141)
	at org.eclipse.persistence.internal.sessions.AbstractSession.writeAllObjectsWithChangeSet(AbstractSession.java:4398)
	at org.eclipse.persistence.internal.sessions.UnitOfWorkImpl.commitToDatabase(UnitOfWorkImpl.java:1495)
	at org.eclipse.persistence.internal.sessions.UnitOfWorkImpl.commitToDatabaseWithChangeSet(UnitOfWorkImpl.java:1585)
	at org.eclipse.persistence.internal.sessions.RepeatableWriteUnitOfWork.commitRootUnitOfWork(RepeatableWriteUnitOfWork.java:280)
	at org.eclipse.persistence.internal.sessions.UnitOfWorkImpl.commitAndResume(UnitOfWorkImpl.java:1222)
	at org.eclipse.persistence.internal.jpa.transaction.EntityTransactionImpl.commit(EntityTransactionImpl.java:136)
	... 46 more
Caused by: org.h2.jdbc.JdbcSQLIntegrityConstraintViolationException: La columna &quot;DIRECCION&quot; no permite valores nulos (NULL)
NULL not allowed for column &quot;DIRECCION&quot;; SQL statement:
INSERT INTO CLIENTE (ID, CIUDAD, CODIGOPOSTAL, DIRECCION, ESTADO, FECHAALTA, FECHABAJA, IDENTIFICACION, PAIS, TIPOCLIENTE, USER_USER, DTYPE) VALUES (?, ?, ?, ?, ?, ?, ?, ?, ?, ?, ?, ?) [23502-200]
	at org.h2.message.DbException.getJdbcSQLException(DbException.java:459)
	at org.h2.message.DbException.getJdbcSQLException(DbException.java:429)
	at org.h2.message.DbException.get(DbException.java:205)
	at org.h2.message.DbException.get(DbException.java:181)
	at org.h2.table.Column.validateConvertUpdateSequence(Column.java:374)
	at org.h2.table.Table.validateConvertUpdateSequence(Table.java:845)
	at org.h2.command.dml.Insert.insertRows(Insert.java:187)
	at org.h2.command.dml.Insert.update(Insert.java:151)
	at org.h2.command.CommandContainer.update(CommandContainer.java:198)
	at org.h2.command.Command.executeUpdate(Command.java:251)
	at org.h2.jdbc.JdbcPreparedStatement.executeUpdateInternal(JdbcPreparedStatement.java:191)
	at org.h2.jdbc.JdbcPreparedStatement.executeUpdate(JdbcPreparedStatement.java:152)
	at org.eclipse.persistence.internal.databaseaccess.DatabaseAccessor.executeDirectNoSelect(DatabaseAccessor.java:898)
	... 77 more
</error>
    <system-out>[EL Warning]: 2022-04-28 17:23:35.822--UnitOfWork(1199443651)--Exception [EclipseLink-4002] (Eclipse Persistence Services - 2.7.6.v20200131-b7c997804f): org.eclipse.persistence.exceptions.DatabaseException
Internal Exception: org.h2.jdbc.JdbcSQLIntegrityConstraintViolationException: La columna &quot;DIRECCION&quot; no permite valores nulos (NULL)
NULL not allowed for column &quot;DIRECCION&quot;; SQL statement:
INSERT INTO CLIENTE (ID, CIUDAD, CODIGOPOSTAL, DIRECCION, ESTADO, FECHAALTA, FECHABAJA, IDENTIFICACION, PAIS, TIPOCLIENTE, USER_USER, DTYPE) VALUES (?, ?, ?, ?, ?, ?, ?, ?, ?, ?, ?, ?) [23502-200]
Error Code: 23502
Call: INSERT INTO CLIENTE (ID, CIUDAD, CODIGOPOSTAL, DIRECCION, ESTADO, FECHAALTA, FECHABAJA, IDENTIFICACION, PAIS, TIPOCLIENTE, USER_USER, DTYPE) VALUES (?, ?, ?, ?, ?, ?, ?, ?, ?, ?, ?, ?)
	bind =&gt; [12 parameters bound]
Query: InsertObjectQuery(Cliente{
id=2
identificacion=avenida de Murcia
tipoCliente=null
estado=Activo
fechaAlta=Thu Apr 28 17:23:35 CEST 2022
fechaBaja=null
direccion=null
ciudad=Murcia
codigopostal=29845
pais=Espana
cuentasFintech={[]}}Empresa{
razon_social=UCAM})
</system-out>
  </testcase>
  <testcase classname="ma3s.fintech.test.Usuarios" name="testAutorizarLecturaOk" time="0.05">
    <error message="Exception [EclipseLink-4002] (Eclipse Persistence Services - 2.7.6.v20200131-b7c997804f): org.eclipse.persistence.exceptions.DatabaseException
Internal Exception: org.h2.jdbc.JdbcSQLIntegrityConstraintViolationException: La columna &quot;DIRECCION&quot; no permite valores nulos (NULL)
NULL not allowed for column &quot;DIRECCION&quot;; SQL statement:
INSERT INTO CLIENTE (ID, CIUDAD, CODIGOPOSTAL, DIRECCION, ESTADO, FECHAALTA, FECHABAJA, IDENTIFICACION, PAIS, TIPOCLIENTE, USER_USER, DTYPE) VALUES (?, ?, ?, ?, ?, ?, ?, ?, ?, ?, ?, ?) [23502-200]
Error Code: 23502
Call: INSERT INTO CLIENTE (ID, CIUDAD, CODIGOPOSTAL, DIRECCION, ESTADO, FECHAALTA, FECHABAJA, IDENTIFICACION, PAIS, TIPOCLIENTE, USER_USER, DTYPE) VALUES (?, ?, ?, ?, ?, ?, ?, ?, ?, ?, ?, ?)
	bind =&gt; [12 parameters bound]
Query: InsertObjectQuery(Cliente{
id=2
identificacion=avenida de Murcia
tipoCliente=null
estado=Activo
fechaAlta=Thu Apr 28 17:23:35 CEST 2022
fechaBaja=null
direccion=null
ciudad=Murcia
codigopostal=29845
pais=Espana
cuentasFintech={[]}}Empresa{
razon_social=UCAM})" type="javax.persistence.RollbackException">javax.persistence.RollbackException: Exception [EclipseLink-4002] (Eclipse Persistence Services - 2.7.6.v20200131-b7c997804f): org.eclipse.persistence.exceptions.DatabaseException
Internal Exception: org.h2.jdbc.JdbcSQLIntegrityConstraintViolationException: La columna &quot;DIRECCION&quot; no permite valores nulos (NULL)
NULL not allowed for column &quot;DIRECCION&quot;; SQL statement:
INSERT INTO CLIENTE (ID, CIUDAD, CODIGOPOSTAL, DIRECCION, ESTADO, FECHAALTA, FECHABAJA, IDENTIFICACION, PAIS, TIPOCLIENTE, USER_USER, DTYPE) VALUES (?, ?, ?, ?, ?, ?, ?, ?, ?, ?, ?, ?) [23502-200]
Error Code: 23502
Call: INSERT INTO CLIENTE (ID, CIUDAD, CODIGOPOSTAL, DIRECCION, ESTADO, FECHAALTA, FECHABAJA, IDENTIFICACION, PAIS, TIPOCLIENTE, USER_USER, DTYPE) VALUES (?, ?, ?, ?, ?, ?, ?, ?, ?, ?, ?, ?)
	bind =&gt; [12 parameters bound]
Query: InsertObjectQuery(Cliente{
id=2
identificacion=avenida de Murcia
tipoCliente=null
estado=Activo
fechaAlta=Thu Apr 28 17:23:35 CEST 2022
fechaBaja=null
direccion=null
ciudad=Murcia
codigopostal=29845
pais=Espana
cuentasFintech={[]}}Empresa{
razon_social=UCAM})
	at org.eclipse.persistence.internal.jpa.transaction.EntityTransactionImpl.commit(EntityTransactionImpl.java:161)
	at ma3s.fintech.test.BaseDatos.inicializaBaseDatos(BaseDatos.java:229)
	at ma3s.fintech.test.Usuarios.setup(Usuarios.java:31)
	at sun.reflect.NativeMethodAccessorImpl.invoke0(Native Method)
	at sun.reflect.NativeMethodAccessorImpl.invoke(NativeMethodAccessorImpl.java:62)
	at sun.reflect.DelegatingMethodAccessorImpl.invoke(DelegatingMethodAccessorImpl.java:43)
	at java.lang.reflect.Method.invoke(Method.java:498)
	at org.junit.runners.model.FrameworkMethod$1.runReflectiveCall(FrameworkMethod.java:59)
	at org.junit.internal.runners.model.ReflectiveCallable.run(ReflectiveCallable.java:12)
	at org.junit.runners.model.FrameworkMethod.invokeExplosively(FrameworkMethod.java:56)
	at org.junit.internal.runners.statements.RunBefores.invokeMethod(RunBefores.java:33)
	at org.junit.internal.runners.statements.RunBefores.evaluate(RunBefores.java:24)
	at org.junit.runners.ParentRunner$3.evaluate(ParentRunner.java:306)
	at org.junit.runners.BlockJUnit4ClassRunner$1.evaluate(BlockJUnit4ClassRunner.java:100)
	at org.junit.runners.ParentRunner.runLeaf(ParentRunner.java:366)
	at org.junit.runners.BlockJUnit4ClassRunner.runChild(BlockJUnit4ClassRunner.java:103)
	at org.junit.runners.BlockJUnit4ClassRunner.runChild(BlockJUnit4ClassRunner.java:63)
	at org.junit.runners.ParentRunner$4.run(ParentRunner.java:331)
	at org.junit.runners.ParentRunner$1.schedule(ParentRunner.java:79)
	at org.junit.runners.ParentRunner.runChildren(ParentRunner.java:329)
	at org.junit.runners.ParentRunner.access$100(ParentRunner.java:66)
	at org.junit.runners.ParentRunner$2.evaluate(ParentRunner.java:293)
	at org.junit.runners.ParentRunner$3.evaluate(ParentRunner.java:306)
	at org.junit.runners.ParentRunner.run(ParentRunner.java:413)
	at org.junit.runners.Suite.runChild(Suite.java:128)
	at org.junit.runners.Suite.runChild(Suite.java:27)
	at org.junit.runners.ParentRunner$4.run(ParentRunner.java:331)
	at org.junit.runners.ParentRunner$1.schedule(ParentRunner.java:79)
	at org.junit.runners.ParentRunner.runChildren(ParentRunner.java:329)
	at org.junit.runners.ParentRunner.access$100(ParentRunner.java:66)
	at org.junit.runners.ParentRunner$2.evaluate(ParentRunner.java:293)
	at org.junit.internal.runners.statements.RunBefores.evaluate(RunBefores.java:26)
	at org.junit.internal.runners.statements.RunAfters.evaluate(RunAfters.java:27)
	at org.junit.runners.ParentRunner$3.evaluate(ParentRunner.java:306)
	at org.junit.runners.ParentRunner.run(ParentRunner.java:413)
	at org.apache.maven.surefire.junit4.JUnit4Provider.execute(JUnit4Provider.java:252)
	at org.apache.maven.surefire.junit4.JUnit4Provider.executeTestSet(JUnit4Provider.java:141)
	at org.apache.maven.surefire.junit4.JUnit4Provider.invoke(JUnit4Provider.java:112)
	at sun.reflect.NativeMethodAccessorImpl.invoke0(Native Method)
	at sun.reflect.NativeMethodAccessorImpl.invoke(NativeMethodAccessorImpl.java:62)
	at sun.reflect.DelegatingMethodAccessorImpl.invoke(DelegatingMethodAccessorImpl.java:43)
	at java.lang.reflect.Method.invoke(Method.java:498)
	at org.apache.maven.surefire.util.ReflectionUtils.invokeMethodWithArray(ReflectionUtils.java:189)
	at org.apache.maven.surefire.booter.ProviderFactory$ProviderProxy.invoke(ProviderFactory.java:165)
	at org.apache.maven.surefire.booter.ProviderFactory.invokeProvider(ProviderFactory.java:85)
	at org.apache.maven.surefire.booter.ForkedBooter.runSuitesInProcess(ForkedBooter.java:115)
	at org.apache.maven.surefire.booter.ForkedBooter.main(ForkedBooter.java:75)
Caused by: Exception [EclipseLink-4002] (Eclipse Persistence Services - 2.7.6.v20200131-b7c997804f): org.eclipse.persistence.exceptions.DatabaseException
Internal Exception: org.h2.jdbc.JdbcSQLIntegrityConstraintViolationException: La columna &quot;DIRECCION&quot; no permite valores nulos (NULL)
NULL not allowed for column &quot;DIRECCION&quot;; SQL statement:
INSERT INTO CLIENTE (ID, CIUDAD, CODIGOPOSTAL, DIRECCION, ESTADO, FECHAALTA, FECHABAJA, IDENTIFICACION, PAIS, TIPOCLIENTE, USER_USER, DTYPE) VALUES (?, ?, ?, ?, ?, ?, ?, ?, ?, ?, ?, ?) [23502-200]
Error Code: 23502
Call: INSERT INTO CLIENTE (ID, CIUDAD, CODIGOPOSTAL, DIRECCION, ESTADO, FECHAALTA, FECHABAJA, IDENTIFICACION, PAIS, TIPOCLIENTE, USER_USER, DTYPE) VALUES (?, ?, ?, ?, ?, ?, ?, ?, ?, ?, ?, ?)
	bind =&gt; [12 parameters bound]
Query: InsertObjectQuery(Cliente{
id=2
identificacion=avenida de Murcia
tipoCliente=null
estado=Activo
fechaAlta=Thu Apr 28 17:23:35 CEST 2022
fechaBaja=null
direccion=null
ciudad=Murcia
codigopostal=29845
pais=Espana
cuentasFintech={[]}}Empresa{
razon_social=UCAM})
	at org.eclipse.persistence.exceptions.DatabaseException.sqlException(DatabaseException.java:333)
	at org.eclipse.persistence.internal.databaseaccess.DatabaseAccessor.executeDirectNoSelect(DatabaseAccessor.java:908)
	at org.eclipse.persistence.internal.databaseaccess.DatabaseAccessor.executeNoSelect(DatabaseAccessor.java:970)
	at org.eclipse.persistence.internal.databaseaccess.DatabaseAccessor.basicExecuteCall(DatabaseAccessor.java:640)
	at org.eclipse.persistence.internal.databaseaccess.DatabaseAccessor.executeCall(DatabaseAccessor.java:567)
	at org.eclipse.persistence.internal.sessions.AbstractSession.basicExecuteCall(AbstractSession.java:2099)
	at org.eclipse.persistence.sessions.server.ClientSession.executeCall(ClientSession.java:313)
	at org.eclipse.persistence.internal.queries.DatasourceCallQueryMechanism.executeCall(DatasourceCallQueryMechanism.java:275)
	at org.eclipse.persistence.internal.queries.DatasourceCallQueryMechanism.insertObject(DatasourceCallQueryMechanism.java:397)
	at org.eclipse.persistence.internal.queries.StatementQueryMechanism.insertObject(StatementQueryMechanism.java:167)
	at org.eclipse.persistence.internal.queries.StatementQueryMechanism.insertObject(StatementQueryMechanism.java:182)
	at org.eclipse.persistence.internal.queries.DatabaseQueryMechanism.insertObjectForWrite(DatabaseQueryMechanism.java:504)
	at org.eclipse.persistence.queries.InsertObjectQuery.executeCommit(InsertObjectQuery.java:82)
	at org.eclipse.persistence.queries.InsertObjectQuery.executeCommitWithChangeSet(InsertObjectQuery.java:92)
	at org.eclipse.persistence.internal.queries.DatabaseQueryMechanism.executeWriteWithChangeSet(DatabaseQueryMechanism.java:316)
	at org.eclipse.persistence.queries.WriteObjectQuery.executeDatabaseQuery(WriteObjectQuery.java:60)
	at org.eclipse.persistence.queries.DatabaseQuery.execute(DatabaseQuery.java:911)
	at org.eclipse.persistence.queries.DatabaseQuery.executeInUnitOfWork(DatabaseQuery.java:810)
	at org.eclipse.persistence.queries.ObjectLevelModifyQuery.executeInUnitOfWorkObjectLevelModifyQuery(ObjectLevelModifyQuery.java:110)
	at org.eclipse.persistence.queries.ObjectLevelModifyQuery.executeInUnitOfWork(ObjectLevelModifyQuery.java:87)
	at org.eclipse.persistence.internal.sessions.UnitOfWorkImpl.internalExecuteQuery(UnitOfWorkImpl.java:2983)
	at org.eclipse.persistence.internal.sessions.AbstractSession.executeQuery(AbstractSession.java:1898)
	at org.eclipse.persistence.internal.sessions.AbstractSession.executeQuery(AbstractSession.java:1880)
	at org.eclipse.persistence.internal.sessions.AbstractSession.executeQuery(AbstractSession.java:1830)
	at org.eclipse.persistence.internal.sessions.CommitManager.commitNewObjectsForClassWithChangeSet(CommitManager.java:229)
	at org.eclipse.persistence.internal.sessions.CommitManager.commitAllObjectsForClassWithChangeSet(CommitManager.java:196)
	at org.eclipse.persistence.internal.sessions.CommitManager.commitAllObjectsWithChangeSet(CommitManager.java:141)
	at org.eclipse.persistence.internal.sessions.AbstractSession.writeAllObjectsWithChangeSet(AbstractSession.java:4398)
	at org.eclipse.persistence.internal.sessions.UnitOfWorkImpl.commitToDatabase(UnitOfWorkImpl.java:1495)
	at org.eclipse.persistence.internal.sessions.UnitOfWorkImpl.commitToDatabaseWithChangeSet(UnitOfWorkImpl.java:1585)
	at org.eclipse.persistence.internal.sessions.RepeatableWriteUnitOfWork.commitRootUnitOfWork(RepeatableWriteUnitOfWork.java:280)
	at org.eclipse.persistence.internal.sessions.UnitOfWorkImpl.commitAndResume(UnitOfWorkImpl.java:1222)
	at org.eclipse.persistence.internal.jpa.transaction.EntityTransactionImpl.commit(EntityTransactionImpl.java:136)
	... 46 more
Caused by: org.h2.jdbc.JdbcSQLIntegrityConstraintViolationException: La columna &quot;DIRECCION&quot; no permite valores nulos (NULL)
NULL not allowed for column &quot;DIRECCION&quot;; SQL statement:
INSERT INTO CLIENTE (ID, CIUDAD, CODIGOPOSTAL, DIRECCION, ESTADO, FECHAALTA, FECHABAJA, IDENTIFICACION, PAIS, TIPOCLIENTE, USER_USER, DTYPE) VALUES (?, ?, ?, ?, ?, ?, ?, ?, ?, ?, ?, ?) [23502-200]
	at org.h2.message.DbException.getJdbcSQLException(DbException.java:459)
	at org.h2.message.DbException.getJdbcSQLException(DbException.java:429)
	at org.h2.message.DbException.get(DbException.java:205)
	at org.h2.message.DbException.get(DbException.java:181)
	at org.h2.table.Column.validateConvertUpdateSequence(Column.java:374)
	at org.h2.table.Table.validateConvertUpdateSequence(Table.java:845)
	at org.h2.command.dml.Insert.insertRows(Insert.java:187)
	at org.h2.command.dml.Insert.update(Insert.java:151)
	at org.h2.command.CommandContainer.update(CommandContainer.java:198)
	at org.h2.command.Command.executeUpdate(Command.java:251)
	at org.h2.jdbc.JdbcPreparedStatement.executeUpdateInternal(JdbcPreparedStatement.java:191)
	at org.h2.jdbc.JdbcPreparedStatement.executeUpdate(JdbcPreparedStatement.java:152)
	at org.eclipse.persistence.internal.databaseaccess.DatabaseAccessor.executeDirectNoSelect(DatabaseAccessor.java:898)
	... 77 more
</error>
    <system-out>[EL Warning]: 2022-04-28 17:23:35.876--UnitOfWork(3725802)--Exception [EclipseLink-4002] (Eclipse Persistence Services - 2.7.6.v20200131-b7c997804f): org.eclipse.persistence.exceptions.DatabaseException
Internal Exception: org.h2.jdbc.JdbcSQLIntegrityConstraintViolationException: La columna &quot;DIRECCION&quot; no permite valores nulos (NULL)
NULL not allowed for column &quot;DIRECCION&quot;; SQL statement:
INSERT INTO CLIENTE (ID, CIUDAD, CODIGOPOSTAL, DIRECCION, ESTADO, FECHAALTA, FECHABAJA, IDENTIFICACION, PAIS, TIPOCLIENTE, USER_USER, DTYPE) VALUES (?, ?, ?, ?, ?, ?, ?, ?, ?, ?, ?, ?) [23502-200]
Error Code: 23502
Call: INSERT INTO CLIENTE (ID, CIUDAD, CODIGOPOSTAL, DIRECCION, ESTADO, FECHAALTA, FECHABAJA, IDENTIFICACION, PAIS, TIPOCLIENTE, USER_USER, DTYPE) VALUES (?, ?, ?, ?, ?, ?, ?, ?, ?, ?, ?, ?)
	bind =&gt; [12 parameters bound]
Query: InsertObjectQuery(Cliente{
id=2
identificacion=avenida de Murcia
tipoCliente=null
estado=Activo
fechaAlta=Thu Apr 28 17:23:35 CEST 2022
fechaBaja=null
direccion=null
ciudad=Murcia
codigopostal=29845
pais=Espana
cuentasFintech={[]}}Empresa{
razon_social=UCAM})
</system-out>
  </testcase>
  <testcase classname="ma3s.fintech.test.Usuarios" name="testAutorizarOperacioOk" time="0.036">
    <error message="Exception [EclipseLink-4002] (Eclipse Persistence Services - 2.7.6.v20200131-b7c997804f): org.eclipse.persistence.exceptions.DatabaseException
Internal Exception: org.h2.jdbc.JdbcSQLIntegrityConstraintViolationException: La columna &quot;DIRECCION&quot; no permite valores nulos (NULL)
NULL not allowed for column &quot;DIRECCION&quot;; SQL statement:
INSERT INTO CLIENTE (ID, CIUDAD, CODIGOPOSTAL, DIRECCION, ESTADO, FECHAALTA, FECHABAJA, IDENTIFICACION, PAIS, TIPOCLIENTE, USER_USER, DTYPE) VALUES (?, ?, ?, ?, ?, ?, ?, ?, ?, ?, ?, ?) [23502-200]
Error Code: 23502
Call: INSERT INTO CLIENTE (ID, CIUDAD, CODIGOPOSTAL, DIRECCION, ESTADO, FECHAALTA, FECHABAJA, IDENTIFICACION, PAIS, TIPOCLIENTE, USER_USER, DTYPE) VALUES (?, ?, ?, ?, ?, ?, ?, ?, ?, ?, ?, ?)
	bind =&gt; [12 parameters bound]
Query: InsertObjectQuery(Cliente{
id=2
identificacion=avenida de Murcia
tipoCliente=null
estado=Activo
fechaAlta=Thu Apr 28 17:23:35 CEST 2022
fechaBaja=null
direccion=null
ciudad=Murcia
codigopostal=29845
pais=Espana
cuentasFintech={[]}}Empresa{
razon_social=UCAM})" type="javax.persistence.RollbackException">javax.persistence.RollbackException: Exception [EclipseLink-4002] (Eclipse Persistence Services - 2.7.6.v20200131-b7c997804f): org.eclipse.persistence.exceptions.DatabaseException
Internal Exception: org.h2.jdbc.JdbcSQLIntegrityConstraintViolationException: La columna &quot;DIRECCION&quot; no permite valores nulos (NULL)
NULL not allowed for column &quot;DIRECCION&quot;; SQL statement:
INSERT INTO CLIENTE (ID, CIUDAD, CODIGOPOSTAL, DIRECCION, ESTADO, FECHAALTA, FECHABAJA, IDENTIFICACION, PAIS, TIPOCLIENTE, USER_USER, DTYPE) VALUES (?, ?, ?, ?, ?, ?, ?, ?, ?, ?, ?, ?) [23502-200]
Error Code: 23502
Call: INSERT INTO CLIENTE (ID, CIUDAD, CODIGOPOSTAL, DIRECCION, ESTADO, FECHAALTA, FECHABAJA, IDENTIFICACION, PAIS, TIPOCLIENTE, USER_USER, DTYPE) VALUES (?, ?, ?, ?, ?, ?, ?, ?, ?, ?, ?, ?)
	bind =&gt; [12 parameters bound]
Query: InsertObjectQuery(Cliente{
id=2
identificacion=avenida de Murcia
tipoCliente=null
estado=Activo
fechaAlta=Thu Apr 28 17:23:35 CEST 2022
fechaBaja=null
direccion=null
ciudad=Murcia
codigopostal=29845
pais=Espana
cuentasFintech={[]}}Empresa{
razon_social=UCAM})
	at org.eclipse.persistence.internal.jpa.transaction.EntityTransactionImpl.commit(EntityTransactionImpl.java:161)
	at ma3s.fintech.test.BaseDatos.inicializaBaseDatos(BaseDatos.java:229)
	at ma3s.fintech.test.Usuarios.setup(Usuarios.java:31)
	at sun.reflect.NativeMethodAccessorImpl.invoke0(Native Method)
	at sun.reflect.NativeMethodAccessorImpl.invoke(NativeMethodAccessorImpl.java:62)
	at sun.reflect.DelegatingMethodAccessorImpl.invoke(DelegatingMethodAccessorImpl.java:43)
	at java.lang.reflect.Method.invoke(Method.java:498)
	at org.junit.runners.model.FrameworkMethod$1.runReflectiveCall(FrameworkMethod.java:59)
	at org.junit.internal.runners.model.ReflectiveCallable.run(ReflectiveCallable.java:12)
	at org.junit.runners.model.FrameworkMethod.invokeExplosively(FrameworkMethod.java:56)
	at org.junit.internal.runners.statements.RunBefores.invokeMethod(RunBefores.java:33)
	at org.junit.internal.runners.statements.RunBefores.evaluate(RunBefores.java:24)
	at org.junit.runners.ParentRunner$3.evaluate(ParentRunner.java:306)
	at org.junit.runners.BlockJUnit4ClassRunner$1.evaluate(BlockJUnit4ClassRunner.java:100)
	at org.junit.runners.ParentRunner.runLeaf(ParentRunner.java:366)
	at org.junit.runners.BlockJUnit4ClassRunner.runChild(BlockJUnit4ClassRunner.java:103)
	at org.junit.runners.BlockJUnit4ClassRunner.runChild(BlockJUnit4ClassRunner.java:63)
	at org.junit.runners.ParentRunner$4.run(ParentRunner.java:331)
	at org.junit.runners.ParentRunner$1.schedule(ParentRunner.java:79)
	at org.junit.runners.ParentRunner.runChildren(ParentRunner.java:329)
	at org.junit.runners.ParentRunner.access$100(ParentRunner.java:66)
	at org.junit.runners.ParentRunner$2.evaluate(ParentRunner.java:293)
	at org.junit.runners.ParentRunner$3.evaluate(ParentRunner.java:306)
	at org.junit.runners.ParentRunner.run(ParentRunner.java:413)
	at org.junit.runners.Suite.runChild(Suite.java:128)
	at org.junit.runners.Suite.runChild(Suite.java:27)
	at org.junit.runners.ParentRunner$4.run(ParentRunner.java:331)
	at org.junit.runners.ParentRunner$1.schedule(ParentRunner.java:79)
	at org.junit.runners.ParentRunner.runChildren(ParentRunner.java:329)
	at org.junit.runners.ParentRunner.access$100(ParentRunner.java:66)
	at org.junit.runners.ParentRunner$2.evaluate(ParentRunner.java:293)
	at org.junit.internal.runners.statements.RunBefores.evaluate(RunBefores.java:26)
	at org.junit.internal.runners.statements.RunAfters.evaluate(RunAfters.java:27)
	at org.junit.runners.ParentRunner$3.evaluate(ParentRunner.java:306)
	at org.junit.runners.ParentRunner.run(ParentRunner.java:413)
	at org.apache.maven.surefire.junit4.JUnit4Provider.execute(JUnit4Provider.java:252)
	at org.apache.maven.surefire.junit4.JUnit4Provider.executeTestSet(JUnit4Provider.java:141)
	at org.apache.maven.surefire.junit4.JUnit4Provider.invoke(JUnit4Provider.java:112)
	at sun.reflect.NativeMethodAccessorImpl.invoke0(Native Method)
	at sun.reflect.NativeMethodAccessorImpl.invoke(NativeMethodAccessorImpl.java:62)
	at sun.reflect.DelegatingMethodAccessorImpl.invoke(DelegatingMethodAccessorImpl.java:43)
	at java.lang.reflect.Method.invoke(Method.java:498)
	at org.apache.maven.surefire.util.ReflectionUtils.invokeMethodWithArray(ReflectionUtils.java:189)
	at org.apache.maven.surefire.booter.ProviderFactory$ProviderProxy.invoke(ProviderFactory.java:165)
	at org.apache.maven.surefire.booter.ProviderFactory.invokeProvider(ProviderFactory.java:85)
	at org.apache.maven.surefire.booter.ForkedBooter.runSuitesInProcess(ForkedBooter.java:115)
	at org.apache.maven.surefire.booter.ForkedBooter.main(ForkedBooter.java:75)
Caused by: Exception [EclipseLink-4002] (Eclipse Persistence Services - 2.7.6.v20200131-b7c997804f): org.eclipse.persistence.exceptions.DatabaseException
Internal Exception: org.h2.jdbc.JdbcSQLIntegrityConstraintViolationException: La columna &quot;DIRECCION&quot; no permite valores nulos (NULL)
NULL not allowed for column &quot;DIRECCION&quot;; SQL statement:
INSERT INTO CLIENTE (ID, CIUDAD, CODIGOPOSTAL, DIRECCION, ESTADO, FECHAALTA, FECHABAJA, IDENTIFICACION, PAIS, TIPOCLIENTE, USER_USER, DTYPE) VALUES (?, ?, ?, ?, ?, ?, ?, ?, ?, ?, ?, ?) [23502-200]
Error Code: 23502
Call: INSERT INTO CLIENTE (ID, CIUDAD, CODIGOPOSTAL, DIRECCION, ESTADO, FECHAALTA, FECHABAJA, IDENTIFICACION, PAIS, TIPOCLIENTE, USER_USER, DTYPE) VALUES (?, ?, ?, ?, ?, ?, ?, ?, ?, ?, ?, ?)
	bind =&gt; [12 parameters bound]
Query: InsertObjectQuery(Cliente{
id=2
identificacion=avenida de Murcia
tipoCliente=null
estado=Activo
fechaAlta=Thu Apr 28 17:23:35 CEST 2022
fechaBaja=null
direccion=null
ciudad=Murcia
codigopostal=29845
pais=Espana
cuentasFintech={[]}}Empresa{
razon_social=UCAM})
	at org.eclipse.persistence.exceptions.DatabaseException.sqlException(DatabaseException.java:333)
	at org.eclipse.persistence.internal.databaseaccess.DatabaseAccessor.executeDirectNoSelect(DatabaseAccessor.java:908)
	at org.eclipse.persistence.internal.databaseaccess.DatabaseAccessor.executeNoSelect(DatabaseAccessor.java:970)
	at org.eclipse.persistence.internal.databaseaccess.DatabaseAccessor.basicExecuteCall(DatabaseAccessor.java:640)
	at org.eclipse.persistence.internal.databaseaccess.DatabaseAccessor.executeCall(DatabaseAccessor.java:567)
	at org.eclipse.persistence.internal.sessions.AbstractSession.basicExecuteCall(AbstractSession.java:2099)
	at org.eclipse.persistence.sessions.server.ClientSession.executeCall(ClientSession.java:313)
	at org.eclipse.persistence.internal.queries.DatasourceCallQueryMechanism.executeCall(DatasourceCallQueryMechanism.java:275)
	at org.eclipse.persistence.internal.queries.DatasourceCallQueryMechanism.insertObject(DatasourceCallQueryMechanism.java:397)
	at org.eclipse.persistence.internal.queries.StatementQueryMechanism.insertObject(StatementQueryMechanism.java:167)
	at org.eclipse.persistence.internal.queries.StatementQueryMechanism.insertObject(StatementQueryMechanism.java:182)
	at org.eclipse.persistence.internal.queries.DatabaseQueryMechanism.insertObjectForWrite(DatabaseQueryMechanism.java:504)
	at org.eclipse.persistence.queries.InsertObjectQuery.executeCommit(InsertObjectQuery.java:82)
	at org.eclipse.persistence.queries.InsertObjectQuery.executeCommitWithChangeSet(InsertObjectQuery.java:92)
	at org.eclipse.persistence.internal.queries.DatabaseQueryMechanism.executeWriteWithChangeSet(DatabaseQueryMechanism.java:316)
	at org.eclipse.persistence.queries.WriteObjectQuery.executeDatabaseQuery(WriteObjectQuery.java:60)
	at org.eclipse.persistence.queries.DatabaseQuery.execute(DatabaseQuery.java:911)
	at org.eclipse.persistence.queries.DatabaseQuery.executeInUnitOfWork(DatabaseQuery.java:810)
	at org.eclipse.persistence.queries.ObjectLevelModifyQuery.executeInUnitOfWorkObjectLevelModifyQuery(ObjectLevelModifyQuery.java:110)
	at org.eclipse.persistence.queries.ObjectLevelModifyQuery.executeInUnitOfWork(ObjectLevelModifyQuery.java:87)
	at org.eclipse.persistence.internal.sessions.UnitOfWorkImpl.internalExecuteQuery(UnitOfWorkImpl.java:2983)
	at org.eclipse.persistence.internal.sessions.AbstractSession.executeQuery(AbstractSession.java:1898)
	at org.eclipse.persistence.internal.sessions.AbstractSession.executeQuery(AbstractSession.java:1880)
	at org.eclipse.persistence.internal.sessions.AbstractSession.executeQuery(AbstractSession.java:1830)
	at org.eclipse.persistence.internal.sessions.CommitManager.commitNewObjectsForClassWithChangeSet(CommitManager.java:229)
	at org.eclipse.persistence.internal.sessions.CommitManager.commitAllObjectsForClassWithChangeSet(CommitManager.java:196)
	at org.eclipse.persistence.internal.sessions.CommitManager.commitAllObjectsWithChangeSet(CommitManager.java:141)
	at org.eclipse.persistence.internal.sessions.AbstractSession.writeAllObjectsWithChangeSet(AbstractSession.java:4398)
	at org.eclipse.persistence.internal.sessions.UnitOfWorkImpl.commitToDatabase(UnitOfWorkImpl.java:1495)
	at org.eclipse.persistence.internal.sessions.UnitOfWorkImpl.commitToDatabaseWithChangeSet(UnitOfWorkImpl.java:1585)
	at org.eclipse.persistence.internal.sessions.RepeatableWriteUnitOfWork.commitRootUnitOfWork(RepeatableWriteUnitOfWork.java:280)
	at org.eclipse.persistence.internal.sessions.UnitOfWorkImpl.commitAndResume(UnitOfWorkImpl.java:1222)
	at org.eclipse.persistence.internal.jpa.transaction.EntityTransactionImpl.commit(EntityTransactionImpl.java:136)
	... 46 more
Caused by: org.h2.jdbc.JdbcSQLIntegrityConstraintViolationException: La columna &quot;DIRECCION&quot; no permite valores nulos (NULL)
NULL not allowed for column &quot;DIRECCION&quot;; SQL statement:
INSERT INTO CLIENTE (ID, CIUDAD, CODIGOPOSTAL, DIRECCION, ESTADO, FECHAALTA, FECHABAJA, IDENTIFICACION, PAIS, TIPOCLIENTE, USER_USER, DTYPE) VALUES (?, ?, ?, ?, ?, ?, ?, ?, ?, ?, ?, ?) [23502-200]
	at org.h2.message.DbException.getJdbcSQLException(DbException.java:459)
	at org.h2.message.DbException.getJdbcSQLException(DbException.java:429)
	at org.h2.message.DbException.get(DbException.java:205)
	at org.h2.message.DbException.get(DbException.java:181)
	at org.h2.table.Column.validateConvertUpdateSequence(Column.java:374)
	at org.h2.table.Table.validateConvertUpdateSequence(Table.java:845)
	at org.h2.command.dml.Insert.insertRows(Insert.java:187)
	at org.h2.command.dml.Insert.update(Insert.java:151)
	at org.h2.command.CommandContainer.update(CommandContainer.java:198)
	at org.h2.command.Command.executeUpdate(Command.java:251)
	at org.h2.jdbc.JdbcPreparedStatement.executeUpdateInternal(JdbcPreparedStatement.java:191)
	at org.h2.jdbc.JdbcPreparedStatement.executeUpdate(JdbcPreparedStatement.java:152)
	at org.eclipse.persistence.internal.databaseaccess.DatabaseAccessor.executeDirectNoSelect(DatabaseAccessor.java:898)
	... 77 more
</error>
    <system-out>[EL Warning]: 2022-04-28 17:23:35.913--UnitOfWork(560874738)--Exception [EclipseLink-4002] (Eclipse Persistence Services - 2.7.6.v20200131-b7c997804f): org.eclipse.persistence.exceptions.DatabaseException
Internal Exception: org.h2.jdbc.JdbcSQLIntegrityConstraintViolationException: La columna &quot;DIRECCION&quot; no permite valores nulos (NULL)
NULL not allowed for column &quot;DIRECCION&quot;; SQL statement:
INSERT INTO CLIENTE (ID, CIUDAD, CODIGOPOSTAL, DIRECCION, ESTADO, FECHAALTA, FECHABAJA, IDENTIFICACION, PAIS, TIPOCLIENTE, USER_USER, DTYPE) VALUES (?, ?, ?, ?, ?, ?, ?, ?, ?, ?, ?, ?) [23502-200]
Error Code: 23502
Call: INSERT INTO CLIENTE (ID, CIUDAD, CODIGOPOSTAL, DIRECCION, ESTADO, FECHAALTA, FECHABAJA, IDENTIFICACION, PAIS, TIPOCLIENTE, USER_USER, DTYPE) VALUES (?, ?, ?, ?, ?, ?, ?, ?, ?, ?, ?, ?)
	bind =&gt; [12 parameters bound]
Query: InsertObjectQuery(Cliente{
id=2
identificacion=avenida de Murcia
tipoCliente=null
estado=Activo
fechaAlta=Thu Apr 28 17:23:35 CEST 2022
fechaBaja=null
direccion=null
ciudad=Murcia
codigopostal=29845
pais=Espana
cuentasFintech={[]}}Empresa{
razon_social=UCAM})
</system-out>
  </testcase>
  <testcase classname="ma3s.fintech.test.Usuarios" name="testAccederAplicacion" time="0.032">
    <error message="Exception [EclipseLink-4002] (Eclipse Persistence Services - 2.7.6.v20200131-b7c997804f): org.eclipse.persistence.exceptions.DatabaseException
Internal Exception: org.h2.jdbc.JdbcSQLIntegrityConstraintViolationException: La columna &quot;DIRECCION&quot; no permite valores nulos (NULL)
NULL not allowed for column &quot;DIRECCION&quot;; SQL statement:
INSERT INTO CLIENTE (ID, CIUDAD, CODIGOPOSTAL, DIRECCION, ESTADO, FECHAALTA, FECHABAJA, IDENTIFICACION, PAIS, TIPOCLIENTE, USER_USER, DTYPE) VALUES (?, ?, ?, ?, ?, ?, ?, ?, ?, ?, ?, ?) [23502-200]
Error Code: 23502
Call: INSERT INTO CLIENTE (ID, CIUDAD, CODIGOPOSTAL, DIRECCION, ESTADO, FECHAALTA, FECHABAJA, IDENTIFICACION, PAIS, TIPOCLIENTE, USER_USER, DTYPE) VALUES (?, ?, ?, ?, ?, ?, ?, ?, ?, ?, ?, ?)
	bind =&gt; [12 parameters bound]
Query: InsertObjectQuery(Cliente{
id=1
identificacion=Avenia Plutarco
tipoCliente=null
estado=Activo
fechaAlta=Thu Apr 28 17:23:35 CEST 2022
fechaBaja=null
direccion=null
ciudad=Malaga
codigopostal=29004
pais=Espana
cuentasFintech={[]}}Empresa{
razon_social=UMA})" type="javax.persistence.RollbackException">javax.persistence.RollbackException: Exception [EclipseLink-4002] (Eclipse Persistence Services - 2.7.6.v20200131-b7c997804f): org.eclipse.persistence.exceptions.DatabaseException
Internal Exception: org.h2.jdbc.JdbcSQLIntegrityConstraintViolationException: La columna &quot;DIRECCION&quot; no permite valores nulos (NULL)
NULL not allowed for column &quot;DIRECCION&quot;; SQL statement:
INSERT INTO CLIENTE (ID, CIUDAD, CODIGOPOSTAL, DIRECCION, ESTADO, FECHAALTA, FECHABAJA, IDENTIFICACION, PAIS, TIPOCLIENTE, USER_USER, DTYPE) VALUES (?, ?, ?, ?, ?, ?, ?, ?, ?, ?, ?, ?) [23502-200]
Error Code: 23502
Call: INSERT INTO CLIENTE (ID, CIUDAD, CODIGOPOSTAL, DIRECCION, ESTADO, FECHAALTA, FECHABAJA, IDENTIFICACION, PAIS, TIPOCLIENTE, USER_USER, DTYPE) VALUES (?, ?, ?, ?, ?, ?, ?, ?, ?, ?, ?, ?)
	bind =&gt; [12 parameters bound]
Query: InsertObjectQuery(Cliente{
id=1
identificacion=Avenia Plutarco
tipoCliente=null
estado=Activo
fechaAlta=Thu Apr 28 17:23:35 CEST 2022
fechaBaja=null
direccion=null
ciudad=Malaga
codigopostal=29004
pais=Espana
cuentasFintech={[]}}Empresa{
razon_social=UMA})
	at org.eclipse.persistence.internal.jpa.transaction.EntityTransactionImpl.commit(EntityTransactionImpl.java:161)
	at ma3s.fintech.test.BaseDatos.inicializaBaseDatos(BaseDatos.java:229)
	at ma3s.fintech.test.Usuarios.setup(Usuarios.java:31)
	at sun.reflect.NativeMethodAccessorImpl.invoke0(Native Method)
	at sun.reflect.NativeMethodAccessorImpl.invoke(NativeMethodAccessorImpl.java:62)
	at sun.reflect.DelegatingMethodAccessorImpl.invoke(DelegatingMethodAccessorImpl.java:43)
	at java.lang.reflect.Method.invoke(Method.java:498)
	at org.junit.runners.model.FrameworkMethod$1.runReflectiveCall(FrameworkMethod.java:59)
	at org.junit.internal.runners.model.ReflectiveCallable.run(ReflectiveCallable.java:12)
	at org.junit.runners.model.FrameworkMethod.invokeExplosively(FrameworkMethod.java:56)
	at org.junit.internal.runners.statements.RunBefores.invokeMethod(RunBefores.java:33)
	at org.junit.internal.runners.statements.RunBefores.evaluate(RunBefores.java:24)
	at org.junit.runners.ParentRunner$3.evaluate(ParentRunner.java:306)
	at org.junit.runners.BlockJUnit4ClassRunner$1.evaluate(BlockJUnit4ClassRunner.java:100)
	at org.junit.runners.ParentRunner.runLeaf(ParentRunner.java:366)
	at org.junit.runners.BlockJUnit4ClassRunner.runChild(BlockJUnit4ClassRunner.java:103)
	at org.junit.runners.BlockJUnit4ClassRunner.runChild(BlockJUnit4ClassRunner.java:63)
	at org.junit.runners.ParentRunner$4.run(ParentRunner.java:331)
	at org.junit.runners.ParentRunner$1.schedule(ParentRunner.java:79)
	at org.junit.runners.ParentRunner.runChildren(ParentRunner.java:329)
	at org.junit.runners.ParentRunner.access$100(ParentRunner.java:66)
	at org.junit.runners.ParentRunner$2.evaluate(ParentRunner.java:293)
	at org.junit.runners.ParentRunner$3.evaluate(ParentRunner.java:306)
	at org.junit.runners.ParentRunner.run(ParentRunner.java:413)
	at org.junit.runners.Suite.runChild(Suite.java:128)
	at org.junit.runners.Suite.runChild(Suite.java:27)
	at org.junit.runners.ParentRunner$4.run(ParentRunner.java:331)
	at org.junit.runners.ParentRunner$1.schedule(ParentRunner.java:79)
	at org.junit.runners.ParentRunner.runChildren(ParentRunner.java:329)
	at org.junit.runners.ParentRunner.access$100(ParentRunner.java:66)
	at org.junit.runners.ParentRunner$2.evaluate(ParentRunner.java:293)
	at org.junit.internal.runners.statements.RunBefores.evaluate(RunBefores.java:26)
	at org.junit.internal.runners.statements.RunAfters.evaluate(RunAfters.java:27)
	at org.junit.runners.ParentRunner$3.evaluate(ParentRunner.java:306)
	at org.junit.runners.ParentRunner.run(ParentRunner.java:413)
	at org.apache.maven.surefire.junit4.JUnit4Provider.execute(JUnit4Provider.java:252)
	at org.apache.maven.surefire.junit4.JUnit4Provider.executeTestSet(JUnit4Provider.java:141)
	at org.apache.maven.surefire.junit4.JUnit4Provider.invoke(JUnit4Provider.java:112)
	at sun.reflect.NativeMethodAccessorImpl.invoke0(Native Method)
	at sun.reflect.NativeMethodAccessorImpl.invoke(NativeMethodAccessorImpl.java:62)
	at sun.reflect.DelegatingMethodAccessorImpl.invoke(DelegatingMethodAccessorImpl.java:43)
	at java.lang.reflect.Method.invoke(Method.java:498)
	at org.apache.maven.surefire.util.ReflectionUtils.invokeMethodWithArray(ReflectionUtils.java:189)
	at org.apache.maven.surefire.booter.ProviderFactory$ProviderProxy.invoke(ProviderFactory.java:165)
	at org.apache.maven.surefire.booter.ProviderFactory.invokeProvider(ProviderFactory.java:85)
	at org.apache.maven.surefire.booter.ForkedBooter.runSuitesInProcess(ForkedBooter.java:115)
	at org.apache.maven.surefire.booter.ForkedBooter.main(ForkedBooter.java:75)
Caused by: Exception [EclipseLink-4002] (Eclipse Persistence Services - 2.7.6.v20200131-b7c997804f): org.eclipse.persistence.exceptions.DatabaseException
Internal Exception: org.h2.jdbc.JdbcSQLIntegrityConstraintViolationException: La columna &quot;DIRECCION&quot; no permite valores nulos (NULL)
NULL not allowed for column &quot;DIRECCION&quot;; SQL statement:
INSERT INTO CLIENTE (ID, CIUDAD, CODIGOPOSTAL, DIRECCION, ESTADO, FECHAALTA, FECHABAJA, IDENTIFICACION, PAIS, TIPOCLIENTE, USER_USER, DTYPE) VALUES (?, ?, ?, ?, ?, ?, ?, ?, ?, ?, ?, ?) [23502-200]
Error Code: 23502
Call: INSERT INTO CLIENTE (ID, CIUDAD, CODIGOPOSTAL, DIRECCION, ESTADO, FECHAALTA, FECHABAJA, IDENTIFICACION, PAIS, TIPOCLIENTE, USER_USER, DTYPE) VALUES (?, ?, ?, ?, ?, ?, ?, ?, ?, ?, ?, ?)
	bind =&gt; [12 parameters bound]
Query: InsertObjectQuery(Cliente{
id=1
identificacion=Avenia Plutarco
tipoCliente=null
estado=Activo
fechaAlta=Thu Apr 28 17:23:35 CEST 2022
fechaBaja=null
direccion=null
ciudad=Malaga
codigopostal=29004
pais=Espana
cuentasFintech={[]}}Empresa{
razon_social=UMA})
	at org.eclipse.persistence.exceptions.DatabaseException.sqlException(DatabaseException.java:333)
	at org.eclipse.persistence.internal.databaseaccess.DatabaseAccessor.executeDirectNoSelect(DatabaseAccessor.java:908)
	at org.eclipse.persistence.internal.databaseaccess.DatabaseAccessor.executeNoSelect(DatabaseAccessor.java:970)
	at org.eclipse.persistence.internal.databaseaccess.DatabaseAccessor.basicExecuteCall(DatabaseAccessor.java:640)
	at org.eclipse.persistence.internal.databaseaccess.DatabaseAccessor.executeCall(DatabaseAccessor.java:567)
	at org.eclipse.persistence.internal.sessions.AbstractSession.basicExecuteCall(AbstractSession.java:2099)
	at org.eclipse.persistence.sessions.server.ClientSession.executeCall(ClientSession.java:313)
	at org.eclipse.persistence.internal.queries.DatasourceCallQueryMechanism.executeCall(DatasourceCallQueryMechanism.java:275)
	at org.eclipse.persistence.internal.queries.DatasourceCallQueryMechanism.insertObject(DatasourceCallQueryMechanism.java:397)
	at org.eclipse.persistence.internal.queries.StatementQueryMechanism.insertObject(StatementQueryMechanism.java:167)
	at org.eclipse.persistence.internal.queries.StatementQueryMechanism.insertObject(StatementQueryMechanism.java:182)
	at org.eclipse.persistence.internal.queries.DatabaseQueryMechanism.insertObjectForWrite(DatabaseQueryMechanism.java:504)
	at org.eclipse.persistence.queries.InsertObjectQuery.executeCommit(InsertObjectQuery.java:82)
	at org.eclipse.persistence.queries.InsertObjectQuery.executeCommitWithChangeSet(InsertObjectQuery.java:92)
	at org.eclipse.persistence.internal.queries.DatabaseQueryMechanism.executeWriteWithChangeSet(DatabaseQueryMechanism.java:316)
	at org.eclipse.persistence.queries.WriteObjectQuery.executeDatabaseQuery(WriteObjectQuery.java:60)
	at org.eclipse.persistence.queries.DatabaseQuery.execute(DatabaseQuery.java:911)
	at org.eclipse.persistence.queries.DatabaseQuery.executeInUnitOfWork(DatabaseQuery.java:810)
	at org.eclipse.persistence.queries.ObjectLevelModifyQuery.executeInUnitOfWorkObjectLevelModifyQuery(ObjectLevelModifyQuery.java:110)
	at org.eclipse.persistence.queries.ObjectLevelModifyQuery.executeInUnitOfWork(ObjectLevelModifyQuery.java:87)
	at org.eclipse.persistence.internal.sessions.UnitOfWorkImpl.internalExecuteQuery(UnitOfWorkImpl.java:2983)
	at org.eclipse.persistence.internal.sessions.AbstractSession.executeQuery(AbstractSession.java:1898)
	at org.eclipse.persistence.internal.sessions.AbstractSession.executeQuery(AbstractSession.java:1880)
	at org.eclipse.persistence.internal.sessions.AbstractSession.executeQuery(AbstractSession.java:1830)
	at org.eclipse.persistence.internal.sessions.CommitManager.commitNewObjectsForClassWithChangeSet(CommitManager.java:229)
	at org.eclipse.persistence.internal.sessions.CommitManager.commitAllObjectsForClassWithChangeSet(CommitManager.java:196)
	at org.eclipse.persistence.internal.sessions.CommitManager.commitAllObjectsWithChangeSet(CommitManager.java:141)
	at org.eclipse.persistence.internal.sessions.AbstractSession.writeAllObjectsWithChangeSet(AbstractSession.java:4398)
	at org.eclipse.persistence.internal.sessions.UnitOfWorkImpl.commitToDatabase(UnitOfWorkImpl.java:1495)
	at org.eclipse.persistence.internal.sessions.UnitOfWorkImpl.commitToDatabaseWithChangeSet(UnitOfWorkImpl.java:1585)
	at org.eclipse.persistence.internal.sessions.RepeatableWriteUnitOfWork.commitRootUnitOfWork(RepeatableWriteUnitOfWork.java:280)
	at org.eclipse.persistence.internal.sessions.UnitOfWorkImpl.commitAndResume(UnitOfWorkImpl.java:1222)
	at org.eclipse.persistence.internal.jpa.transaction.EntityTransactionImpl.commit(EntityTransactionImpl.java:136)
	... 46 more
Caused by: org.h2.jdbc.JdbcSQLIntegrityConstraintViolationException: La columna &quot;DIRECCION&quot; no permite valores nulos (NULL)
NULL not allowed for column &quot;DIRECCION&quot;; SQL statement:
INSERT INTO CLIENTE (ID, CIUDAD, CODIGOPOSTAL, DIRECCION, ESTADO, FECHAALTA, FECHABAJA, IDENTIFICACION, PAIS, TIPOCLIENTE, USER_USER, DTYPE) VALUES (?, ?, ?, ?, ?, ?, ?, ?, ?, ?, ?, ?) [23502-200]
	at org.h2.message.DbException.getJdbcSQLException(DbException.java:459)
	at org.h2.message.DbException.getJdbcSQLException(DbException.java:429)
	at org.h2.message.DbException.get(DbException.java:205)
	at org.h2.message.DbException.get(DbException.java:181)
	at org.h2.table.Column.validateConvertUpdateSequence(Column.java:374)
	at org.h2.table.Table.validateConvertUpdateSequence(Table.java:845)
	at org.h2.command.dml.Insert.insertRows(Insert.java:187)
	at org.h2.command.dml.Insert.update(Insert.java:151)
	at org.h2.command.CommandContainer.update(CommandContainer.java:198)
	at org.h2.command.Command.executeUpdate(Command.java:251)
	at org.h2.jdbc.JdbcPreparedStatement.executeUpdateInternal(JdbcPreparedStatement.java:191)
	at org.h2.jdbc.JdbcPreparedStatement.executeUpdate(JdbcPreparedStatement.java:152)
	at org.eclipse.persistence.internal.databaseaccess.DatabaseAccessor.executeDirectNoSelect(DatabaseAccessor.java:898)
	... 77 more
</error>
    <system-out>[EL Warning]: 2022-04-28 17:23:35.945--UnitOfWork(1899495665)--Exception [EclipseLink-4002] (Eclipse Persistence Services - 2.7.6.v20200131-b7c997804f): org.eclipse.persistence.exceptions.DatabaseException
Internal Exception: org.h2.jdbc.JdbcSQLIntegrityConstraintViolationException: La columna &quot;DIRECCION&quot; no permite valores nulos (NULL)
NULL not allowed for column &quot;DIRECCION&quot;; SQL statement:
INSERT INTO CLIENTE (ID, CIUDAD, CODIGOPOSTAL, DIRECCION, ESTADO, FECHAALTA, FECHABAJA, IDENTIFICACION, PAIS, TIPOCLIENTE, USER_USER, DTYPE) VALUES (?, ?, ?, ?, ?, ?, ?, ?, ?, ?, ?, ?) [23502-200]
Error Code: 23502
Call: INSERT INTO CLIENTE (ID, CIUDAD, CODIGOPOSTAL, DIRECCION, ESTADO, FECHAALTA, FECHABAJA, IDENTIFICACION, PAIS, TIPOCLIENTE, USER_USER, DTYPE) VALUES (?, ?, ?, ?, ?, ?, ?, ?, ?, ?, ?, ?)
	bind =&gt; [12 parameters bound]
Query: InsertObjectQuery(Cliente{
id=1
identificacion=Avenia Plutarco
tipoCliente=null
estado=Activo
fechaAlta=Thu Apr 28 17:23:35 CEST 2022
fechaBaja=null
direccion=null
ciudad=Malaga
codigopostal=29004
pais=Espana
cuentasFintech={[]}}Empresa{
razon_social=UMA})
</system-out>
  </testcase>
  <testcase classname="ma3s.fintech.test.Usuarios" name="testAutorizarLectura" time="0.038">
    <error message="Exception [EclipseLink-4002] (Eclipse Persistence Services - 2.7.6.v20200131-b7c997804f): org.eclipse.persistence.exceptions.DatabaseException
Internal Exception: org.h2.jdbc.JdbcSQLIntegrityConstraintViolationException: La columna &quot;DIRECCION&quot; no permite valores nulos (NULL)
NULL not allowed for column &quot;DIRECCION&quot;; SQL statement:
INSERT INTO CLIENTE (ID, CIUDAD, CODIGOPOSTAL, DIRECCION, ESTADO, FECHAALTA, FECHABAJA, IDENTIFICACION, PAIS, TIPOCLIENTE, USER_USER, DTYPE) VALUES (?, ?, ?, ?, ?, ?, ?, ?, ?, ?, ?, ?) [23502-200]
Error Code: 23502
Call: INSERT INTO CLIENTE (ID, CIUDAD, CODIGOPOSTAL, DIRECCION, ESTADO, FECHAALTA, FECHABAJA, IDENTIFICACION, PAIS, TIPOCLIENTE, USER_USER, DTYPE) VALUES (?, ?, ?, ?, ?, ?, ?, ?, ?, ?, ?, ?)
	bind =&gt; [12 parameters bound]
Query: InsertObjectQuery(Cliente{
id=2
identificacion=avenida de Murcia
tipoCliente=null
estado=Activo
fechaAlta=Thu Apr 28 17:23:35 CEST 2022
fechaBaja=null
direccion=null
ciudad=Murcia
codigopostal=29845
pais=Espana
cuentasFintech={[]}}Empresa{
razon_social=UCAM})" type="javax.persistence.RollbackException">javax.persistence.RollbackException: Exception [EclipseLink-4002] (Eclipse Persistence Services - 2.7.6.v20200131-b7c997804f): org.eclipse.persistence.exceptions.DatabaseException
Internal Exception: org.h2.jdbc.JdbcSQLIntegrityConstraintViolationException: La columna &quot;DIRECCION&quot; no permite valores nulos (NULL)
NULL not allowed for column &quot;DIRECCION&quot;; SQL statement:
INSERT INTO CLIENTE (ID, CIUDAD, CODIGOPOSTAL, DIRECCION, ESTADO, FECHAALTA, FECHABAJA, IDENTIFICACION, PAIS, TIPOCLIENTE, USER_USER, DTYPE) VALUES (?, ?, ?, ?, ?, ?, ?, ?, ?, ?, ?, ?) [23502-200]
Error Code: 23502
Call: INSERT INTO CLIENTE (ID, CIUDAD, CODIGOPOSTAL, DIRECCION, ESTADO, FECHAALTA, FECHABAJA, IDENTIFICACION, PAIS, TIPOCLIENTE, USER_USER, DTYPE) VALUES (?, ?, ?, ?, ?, ?, ?, ?, ?, ?, ?, ?)
	bind =&gt; [12 parameters bound]
Query: InsertObjectQuery(Cliente{
id=2
identificacion=avenida de Murcia
tipoCliente=null
estado=Activo
fechaAlta=Thu Apr 28 17:23:35 CEST 2022
fechaBaja=null
direccion=null
ciudad=Murcia
codigopostal=29845
pais=Espana
cuentasFintech={[]}}Empresa{
razon_social=UCAM})
	at org.eclipse.persistence.internal.jpa.transaction.EntityTransactionImpl.commit(EntityTransactionImpl.java:161)
	at ma3s.fintech.test.BaseDatos.inicializaBaseDatos(BaseDatos.java:229)
	at ma3s.fintech.test.Usuarios.setup(Usuarios.java:31)
	at sun.reflect.NativeMethodAccessorImpl.invoke0(Native Method)
	at sun.reflect.NativeMethodAccessorImpl.invoke(NativeMethodAccessorImpl.java:62)
	at sun.reflect.DelegatingMethodAccessorImpl.invoke(DelegatingMethodAccessorImpl.java:43)
	at java.lang.reflect.Method.invoke(Method.java:498)
	at org.junit.runners.model.FrameworkMethod$1.runReflectiveCall(FrameworkMethod.java:59)
	at org.junit.internal.runners.model.ReflectiveCallable.run(ReflectiveCallable.java:12)
	at org.junit.runners.model.FrameworkMethod.invokeExplosively(FrameworkMethod.java:56)
	at org.junit.internal.runners.statements.RunBefores.invokeMethod(RunBefores.java:33)
	at org.junit.internal.runners.statements.RunBefores.evaluate(RunBefores.java:24)
	at org.junit.runners.ParentRunner$3.evaluate(ParentRunner.java:306)
	at org.junit.runners.BlockJUnit4ClassRunner$1.evaluate(BlockJUnit4ClassRunner.java:100)
	at org.junit.runners.ParentRunner.runLeaf(ParentRunner.java:366)
	at org.junit.runners.BlockJUnit4ClassRunner.runChild(BlockJUnit4ClassRunner.java:103)
	at org.junit.runners.BlockJUnit4ClassRunner.runChild(BlockJUnit4ClassRunner.java:63)
	at org.junit.runners.ParentRunner$4.run(ParentRunner.java:331)
	at org.junit.runners.ParentRunner$1.schedule(ParentRunner.java:79)
	at org.junit.runners.ParentRunner.runChildren(ParentRunner.java:329)
	at org.junit.runners.ParentRunner.access$100(ParentRunner.java:66)
	at org.junit.runners.ParentRunner$2.evaluate(ParentRunner.java:293)
	at org.junit.runners.ParentRunner$3.evaluate(ParentRunner.java:306)
	at org.junit.runners.ParentRunner.run(ParentRunner.java:413)
	at org.junit.runners.Suite.runChild(Suite.java:128)
	at org.junit.runners.Suite.runChild(Suite.java:27)
	at org.junit.runners.ParentRunner$4.run(ParentRunner.java:331)
	at org.junit.runners.ParentRunner$1.schedule(ParentRunner.java:79)
	at org.junit.runners.ParentRunner.runChildren(ParentRunner.java:329)
	at org.junit.runners.ParentRunner.access$100(ParentRunner.java:66)
	at org.junit.runners.ParentRunner$2.evaluate(ParentRunner.java:293)
	at org.junit.internal.runners.statements.RunBefores.evaluate(RunBefores.java:26)
	at org.junit.internal.runners.statements.RunAfters.evaluate(RunAfters.java:27)
	at org.junit.runners.ParentRunner$3.evaluate(ParentRunner.java:306)
	at org.junit.runners.ParentRunner.run(ParentRunner.java:413)
	at org.apache.maven.surefire.junit4.JUnit4Provider.execute(JUnit4Provider.java:252)
	at org.apache.maven.surefire.junit4.JUnit4Provider.executeTestSet(JUnit4Provider.java:141)
	at org.apache.maven.surefire.junit4.JUnit4Provider.invoke(JUnit4Provider.java:112)
	at sun.reflect.NativeMethodAccessorImpl.invoke0(Native Method)
	at sun.reflect.NativeMethodAccessorImpl.invoke(NativeMethodAccessorImpl.java:62)
	at sun.reflect.DelegatingMethodAccessorImpl.invoke(DelegatingMethodAccessorImpl.java:43)
	at java.lang.reflect.Method.invoke(Method.java:498)
	at org.apache.maven.surefire.util.ReflectionUtils.invokeMethodWithArray(ReflectionUtils.java:189)
	at org.apache.maven.surefire.booter.ProviderFactory$ProviderProxy.invoke(ProviderFactory.java:165)
	at org.apache.maven.surefire.booter.ProviderFactory.invokeProvider(ProviderFactory.java:85)
	at org.apache.maven.surefire.booter.ForkedBooter.runSuitesInProcess(ForkedBooter.java:115)
	at org.apache.maven.surefire.booter.ForkedBooter.main(ForkedBooter.java:75)
Caused by: Exception [EclipseLink-4002] (Eclipse Persistence Services - 2.7.6.v20200131-b7c997804f): org.eclipse.persistence.exceptions.DatabaseException
Internal Exception: org.h2.jdbc.JdbcSQLIntegrityConstraintViolationException: La columna &quot;DIRECCION&quot; no permite valores nulos (NULL)
NULL not allowed for column &quot;DIRECCION&quot;; SQL statement:
INSERT INTO CLIENTE (ID, CIUDAD, CODIGOPOSTAL, DIRECCION, ESTADO, FECHAALTA, FECHABAJA, IDENTIFICACION, PAIS, TIPOCLIENTE, USER_USER, DTYPE) VALUES (?, ?, ?, ?, ?, ?, ?, ?, ?, ?, ?, ?) [23502-200]
Error Code: 23502
Call: INSERT INTO CLIENTE (ID, CIUDAD, CODIGOPOSTAL, DIRECCION, ESTADO, FECHAALTA, FECHABAJA, IDENTIFICACION, PAIS, TIPOCLIENTE, USER_USER, DTYPE) VALUES (?, ?, ?, ?, ?, ?, ?, ?, ?, ?, ?, ?)
	bind =&gt; [12 parameters bound]
Query: InsertObjectQuery(Cliente{
id=2
identificacion=avenida de Murcia
tipoCliente=null
estado=Activo
fechaAlta=Thu Apr 28 17:23:35 CEST 2022
fechaBaja=null
direccion=null
ciudad=Murcia
codigopostal=29845
pais=Espana
cuentasFintech={[]}}Empresa{
razon_social=UCAM})
	at org.eclipse.persistence.exceptions.DatabaseException.sqlException(DatabaseException.java:333)
	at org.eclipse.persistence.internal.databaseaccess.DatabaseAccessor.executeDirectNoSelect(DatabaseAccessor.java:908)
	at org.eclipse.persistence.internal.databaseaccess.DatabaseAccessor.executeNoSelect(DatabaseAccessor.java:970)
	at org.eclipse.persistence.internal.databaseaccess.DatabaseAccessor.basicExecuteCall(DatabaseAccessor.java:640)
	at org.eclipse.persistence.internal.databaseaccess.DatabaseAccessor.executeCall(DatabaseAccessor.java:567)
	at org.eclipse.persistence.internal.sessions.AbstractSession.basicExecuteCall(AbstractSession.java:2099)
	at org.eclipse.persistence.sessions.server.ClientSession.executeCall(ClientSession.java:313)
	at org.eclipse.persistence.internal.queries.DatasourceCallQueryMechanism.executeCall(DatasourceCallQueryMechanism.java:275)
	at org.eclipse.persistence.internal.queries.DatasourceCallQueryMechanism.insertObject(DatasourceCallQueryMechanism.java:397)
	at org.eclipse.persistence.internal.queries.StatementQueryMechanism.insertObject(StatementQueryMechanism.java:167)
	at org.eclipse.persistence.internal.queries.StatementQueryMechanism.insertObject(StatementQueryMechanism.java:182)
	at org.eclipse.persistence.internal.queries.DatabaseQueryMechanism.insertObjectForWrite(DatabaseQueryMechanism.java:504)
	at org.eclipse.persistence.queries.InsertObjectQuery.executeCommit(InsertObjectQuery.java:82)
	at org.eclipse.persistence.queries.InsertObjectQuery.executeCommitWithChangeSet(InsertObjectQuery.java:92)
	at org.eclipse.persistence.internal.queries.DatabaseQueryMechanism.executeWriteWithChangeSet(DatabaseQueryMechanism.java:316)
	at org.eclipse.persistence.queries.WriteObjectQuery.executeDatabaseQuery(WriteObjectQuery.java:60)
	at org.eclipse.persistence.queries.DatabaseQuery.execute(DatabaseQuery.java:911)
	at org.eclipse.persistence.queries.DatabaseQuery.executeInUnitOfWork(DatabaseQuery.java:810)
	at org.eclipse.persistence.queries.ObjectLevelModifyQuery.executeInUnitOfWorkObjectLevelModifyQuery(ObjectLevelModifyQuery.java:110)
	at org.eclipse.persistence.queries.ObjectLevelModifyQuery.executeInUnitOfWork(ObjectLevelModifyQuery.java:87)
	at org.eclipse.persistence.internal.sessions.UnitOfWorkImpl.internalExecuteQuery(UnitOfWorkImpl.java:2983)
	at org.eclipse.persistence.internal.sessions.AbstractSession.executeQuery(AbstractSession.java:1898)
	at org.eclipse.persistence.internal.sessions.AbstractSession.executeQuery(AbstractSession.java:1880)
	at org.eclipse.persistence.internal.sessions.AbstractSession.executeQuery(AbstractSession.java:1830)
	at org.eclipse.persistence.internal.sessions.CommitManager.commitNewObjectsForClassWithChangeSet(CommitManager.java:229)
	at org.eclipse.persistence.internal.sessions.CommitManager.commitAllObjectsForClassWithChangeSet(CommitManager.java:196)
	at org.eclipse.persistence.internal.sessions.CommitManager.commitAllObjectsWithChangeSet(CommitManager.java:141)
	at org.eclipse.persistence.internal.sessions.AbstractSession.writeAllObjectsWithChangeSet(AbstractSession.java:4398)
	at org.eclipse.persistence.internal.sessions.UnitOfWorkImpl.commitToDatabase(UnitOfWorkImpl.java:1495)
	at org.eclipse.persistence.internal.sessions.UnitOfWorkImpl.commitToDatabaseWithChangeSet(UnitOfWorkImpl.java:1585)
	at org.eclipse.persistence.internal.sessions.RepeatableWriteUnitOfWork.commitRootUnitOfWork(RepeatableWriteUnitOfWork.java:280)
	at org.eclipse.persistence.internal.sessions.UnitOfWorkImpl.commitAndResume(UnitOfWorkImpl.java:1222)
	at org.eclipse.persistence.internal.jpa.transaction.EntityTransactionImpl.commit(EntityTransactionImpl.java:136)
	... 46 more
Caused by: org.h2.jdbc.JdbcSQLIntegrityConstraintViolationException: La columna &quot;DIRECCION&quot; no permite valores nulos (NULL)
NULL not allowed for column &quot;DIRECCION&quot;; SQL statement:
INSERT INTO CLIENTE (ID, CIUDAD, CODIGOPOSTAL, DIRECCION, ESTADO, FECHAALTA, FECHABAJA, IDENTIFICACION, PAIS, TIPOCLIENTE, USER_USER, DTYPE) VALUES (?, ?, ?, ?, ?, ?, ?, ?, ?, ?, ?, ?) [23502-200]
	at org.h2.message.DbException.getJdbcSQLException(DbException.java:459)
	at org.h2.message.DbException.getJdbcSQLException(DbException.java:429)
	at org.h2.message.DbException.get(DbException.java:205)
	at org.h2.message.DbException.get(DbException.java:181)
	at org.h2.table.Column.validateConvertUpdateSequence(Column.java:374)
	at org.h2.table.Table.validateConvertUpdateSequence(Table.java:845)
	at org.h2.command.dml.Insert.insertRows(Insert.java:187)
	at org.h2.command.dml.Insert.update(Insert.java:151)
	at org.h2.command.CommandContainer.update(CommandContainer.java:198)
	at org.h2.command.Command.executeUpdate(Command.java:251)
	at org.h2.jdbc.JdbcPreparedStatement.executeUpdateInternal(JdbcPreparedStatement.java:191)
	at org.h2.jdbc.JdbcPreparedStatement.executeUpdate(JdbcPreparedStatement.java:152)
	at org.eclipse.persistence.internal.databaseaccess.DatabaseAccessor.executeDirectNoSelect(DatabaseAccessor.java:898)
	... 77 more
</error>
    <system-out>[EL Warning]: 2022-04-28 17:23:35.983--UnitOfWork(900746042)--Exception [EclipseLink-4002] (Eclipse Persistence Services - 2.7.6.v20200131-b7c997804f): org.eclipse.persistence.exceptions.DatabaseException
Internal Exception: org.h2.jdbc.JdbcSQLIntegrityConstraintViolationException: La columna &quot;DIRECCION&quot; no permite valores nulos (NULL)
NULL not allowed for column &quot;DIRECCION&quot;; SQL statement:
INSERT INTO CLIENTE (ID, CIUDAD, CODIGOPOSTAL, DIRECCION, ESTADO, FECHAALTA, FECHABAJA, IDENTIFICACION, PAIS, TIPOCLIENTE, USER_USER, DTYPE) VALUES (?, ?, ?, ?, ?, ?, ?, ?, ?, ?, ?, ?) [23502-200]
Error Code: 23502
Call: INSERT INTO CLIENTE (ID, CIUDAD, CODIGOPOSTAL, DIRECCION, ESTADO, FECHAALTA, FECHABAJA, IDENTIFICACION, PAIS, TIPOCLIENTE, USER_USER, DTYPE) VALUES (?, ?, ?, ?, ?, ?, ?, ?, ?, ?, ?, ?)
	bind =&gt; [12 parameters bound]
Query: InsertObjectQuery(Cliente{
id=2
identificacion=avenida de Murcia
tipoCliente=null
estado=Activo
fechaAlta=Thu Apr 28 17:23:35 CEST 2022
fechaBaja=null
direccion=null
ciudad=Murcia
codigopostal=29845
pais=Espana
cuentasFintech={[]}}Empresa{
razon_social=UCAM})
</system-out>
  </testcase>
  <testcase classname="ma3s.fintech.test.Usuarios" name="testAccederAplicacionErrorPersona" time="0.032">
    <error message="Exception [EclipseLink-4002] (Eclipse Persistence Services - 2.7.6.v20200131-b7c997804f): org.eclipse.persistence.exceptions.DatabaseException
Internal Exception: org.h2.jdbc.JdbcSQLIntegrityConstraintViolationException: La columna &quot;DIRECCION&quot; no permite valores nulos (NULL)
NULL not allowed for column &quot;DIRECCION&quot;; SQL statement:
INSERT INTO CLIENTE (ID, CIUDAD, CODIGOPOSTAL, DIRECCION, ESTADO, FECHAALTA, FECHABAJA, IDENTIFICACION, PAIS, TIPOCLIENTE, USER_USER, DTYPE) VALUES (?, ?, ?, ?, ?, ?, ?, ?, ?, ?, ?, ?) [23502-200]
Error Code: 23502
Call: INSERT INTO CLIENTE (ID, CIUDAD, CODIGOPOSTAL, DIRECCION, ESTADO, FECHAALTA, FECHABAJA, IDENTIFICACION, PAIS, TIPOCLIENTE, USER_USER, DTYPE) VALUES (?, ?, ?, ?, ?, ?, ?, ?, ?, ?, ?, ?)
	bind =&gt; [12 parameters bound]
Query: InsertObjectQuery(Cliente{
id=1
identificacion=Avenia Plutarco
tipoCliente=null
estado=Activo
fechaAlta=Thu Apr 28 17:23:36 CEST 2022
fechaBaja=null
direccion=null
ciudad=Malaga
codigopostal=29004
pais=Espana
cuentasFintech={[]}}Empresa{
razon_social=UMA})" type="javax.persistence.RollbackException">javax.persistence.RollbackException: Exception [EclipseLink-4002] (Eclipse Persistence Services - 2.7.6.v20200131-b7c997804f): org.eclipse.persistence.exceptions.DatabaseException
Internal Exception: org.h2.jdbc.JdbcSQLIntegrityConstraintViolationException: La columna &quot;DIRECCION&quot; no permite valores nulos (NULL)
NULL not allowed for column &quot;DIRECCION&quot;; SQL statement:
INSERT INTO CLIENTE (ID, CIUDAD, CODIGOPOSTAL, DIRECCION, ESTADO, FECHAALTA, FECHABAJA, IDENTIFICACION, PAIS, TIPOCLIENTE, USER_USER, DTYPE) VALUES (?, ?, ?, ?, ?, ?, ?, ?, ?, ?, ?, ?) [23502-200]
Error Code: 23502
Call: INSERT INTO CLIENTE (ID, CIUDAD, CODIGOPOSTAL, DIRECCION, ESTADO, FECHAALTA, FECHABAJA, IDENTIFICACION, PAIS, TIPOCLIENTE, USER_USER, DTYPE) VALUES (?, ?, ?, ?, ?, ?, ?, ?, ?, ?, ?, ?)
	bind =&gt; [12 parameters bound]
Query: InsertObjectQuery(Cliente{
id=1
identificacion=Avenia Plutarco
tipoCliente=null
estado=Activo
fechaAlta=Thu Apr 28 17:23:36 CEST 2022
fechaBaja=null
direccion=null
ciudad=Malaga
codigopostal=29004
pais=Espana
cuentasFintech={[]}}Empresa{
razon_social=UMA})
	at org.eclipse.persistence.internal.jpa.transaction.EntityTransactionImpl.commit(EntityTransactionImpl.java:161)
	at ma3s.fintech.test.BaseDatos.inicializaBaseDatos(BaseDatos.java:229)
	at ma3s.fintech.test.Usuarios.setup(Usuarios.java:31)
	at sun.reflect.NativeMethodAccessorImpl.invoke0(Native Method)
	at sun.reflect.NativeMethodAccessorImpl.invoke(NativeMethodAccessorImpl.java:62)
	at sun.reflect.DelegatingMethodAccessorImpl.invoke(DelegatingMethodAccessorImpl.java:43)
	at java.lang.reflect.Method.invoke(Method.java:498)
	at org.junit.runners.model.FrameworkMethod$1.runReflectiveCall(FrameworkMethod.java:59)
	at org.junit.internal.runners.model.ReflectiveCallable.run(ReflectiveCallable.java:12)
	at org.junit.runners.model.FrameworkMethod.invokeExplosively(FrameworkMethod.java:56)
	at org.junit.internal.runners.statements.RunBefores.invokeMethod(RunBefores.java:33)
	at org.junit.internal.runners.statements.RunBefores.evaluate(RunBefores.java:24)
	at org.junit.runners.ParentRunner$3.evaluate(ParentRunner.java:306)
	at org.junit.runners.BlockJUnit4ClassRunner$1.evaluate(BlockJUnit4ClassRunner.java:100)
	at org.junit.runners.ParentRunner.runLeaf(ParentRunner.java:366)
	at org.junit.runners.BlockJUnit4ClassRunner.runChild(BlockJUnit4ClassRunner.java:103)
	at org.junit.runners.BlockJUnit4ClassRunner.runChild(BlockJUnit4ClassRunner.java:63)
	at org.junit.runners.ParentRunner$4.run(ParentRunner.java:331)
	at org.junit.runners.ParentRunner$1.schedule(ParentRunner.java:79)
	at org.junit.runners.ParentRunner.runChildren(ParentRunner.java:329)
	at org.junit.runners.ParentRunner.access$100(ParentRunner.java:66)
	at org.junit.runners.ParentRunner$2.evaluate(ParentRunner.java:293)
	at org.junit.runners.ParentRunner$3.evaluate(ParentRunner.java:306)
	at org.junit.runners.ParentRunner.run(ParentRunner.java:413)
	at org.junit.runners.Suite.runChild(Suite.java:128)
	at org.junit.runners.Suite.runChild(Suite.java:27)
	at org.junit.runners.ParentRunner$4.run(ParentRunner.java:331)
	at org.junit.runners.ParentRunner$1.schedule(ParentRunner.java:79)
	at org.junit.runners.ParentRunner.runChildren(ParentRunner.java:329)
	at org.junit.runners.ParentRunner.access$100(ParentRunner.java:66)
	at org.junit.runners.ParentRunner$2.evaluate(ParentRunner.java:293)
	at org.junit.internal.runners.statements.RunBefores.evaluate(RunBefores.java:26)
	at org.junit.internal.runners.statements.RunAfters.evaluate(RunAfters.java:27)
	at org.junit.runners.ParentRunner$3.evaluate(ParentRunner.java:306)
	at org.junit.runners.ParentRunner.run(ParentRunner.java:413)
	at org.apache.maven.surefire.junit4.JUnit4Provider.execute(JUnit4Provider.java:252)
	at org.apache.maven.surefire.junit4.JUnit4Provider.executeTestSet(JUnit4Provider.java:141)
	at org.apache.maven.surefire.junit4.JUnit4Provider.invoke(JUnit4Provider.java:112)
	at sun.reflect.NativeMethodAccessorImpl.invoke0(Native Method)
	at sun.reflect.NativeMethodAccessorImpl.invoke(NativeMethodAccessorImpl.java:62)
	at sun.reflect.DelegatingMethodAccessorImpl.invoke(DelegatingMethodAccessorImpl.java:43)
	at java.lang.reflect.Method.invoke(Method.java:498)
	at org.apache.maven.surefire.util.ReflectionUtils.invokeMethodWithArray(ReflectionUtils.java:189)
	at org.apache.maven.surefire.booter.ProviderFactory$ProviderProxy.invoke(ProviderFactory.java:165)
	at org.apache.maven.surefire.booter.ProviderFactory.invokeProvider(ProviderFactory.java:85)
	at org.apache.maven.surefire.booter.ForkedBooter.runSuitesInProcess(ForkedBooter.java:115)
	at org.apache.maven.surefire.booter.ForkedBooter.main(ForkedBooter.java:75)
Caused by: Exception [EclipseLink-4002] (Eclipse Persistence Services - 2.7.6.v20200131-b7c997804f): org.eclipse.persistence.exceptions.DatabaseException
Internal Exception: org.h2.jdbc.JdbcSQLIntegrityConstraintViolationException: La columna &quot;DIRECCION&quot; no permite valores nulos (NULL)
NULL not allowed for column &quot;DIRECCION&quot;; SQL statement:
INSERT INTO CLIENTE (ID, CIUDAD, CODIGOPOSTAL, DIRECCION, ESTADO, FECHAALTA, FECHABAJA, IDENTIFICACION, PAIS, TIPOCLIENTE, USER_USER, DTYPE) VALUES (?, ?, ?, ?, ?, ?, ?, ?, ?, ?, ?, ?) [23502-200]
Error Code: 23502
Call: INSERT INTO CLIENTE (ID, CIUDAD, CODIGOPOSTAL, DIRECCION, ESTADO, FECHAALTA, FECHABAJA, IDENTIFICACION, PAIS, TIPOCLIENTE, USER_USER, DTYPE) VALUES (?, ?, ?, ?, ?, ?, ?, ?, ?, ?, ?, ?)
	bind =&gt; [12 parameters bound]
Query: InsertObjectQuery(Cliente{
id=1
identificacion=Avenia Plutarco
tipoCliente=null
estado=Activo
fechaAlta=Thu Apr 28 17:23:36 CEST 2022
fechaBaja=null
direccion=null
ciudad=Malaga
codigopostal=29004
pais=Espana
cuentasFintech={[]}}Empresa{
razon_social=UMA})
	at org.eclipse.persistence.exceptions.DatabaseException.sqlException(DatabaseException.java:333)
	at org.eclipse.persistence.internal.databaseaccess.DatabaseAccessor.executeDirectNoSelect(DatabaseAccessor.java:908)
	at org.eclipse.persistence.internal.databaseaccess.DatabaseAccessor.executeNoSelect(DatabaseAccessor.java:970)
	at org.eclipse.persistence.internal.databaseaccess.DatabaseAccessor.basicExecuteCall(DatabaseAccessor.java:640)
	at org.eclipse.persistence.internal.databaseaccess.DatabaseAccessor.executeCall(DatabaseAccessor.java:567)
	at org.eclipse.persistence.internal.sessions.AbstractSession.basicExecuteCall(AbstractSession.java:2099)
	at org.eclipse.persistence.sessions.server.ClientSession.executeCall(ClientSession.java:313)
	at org.eclipse.persistence.internal.queries.DatasourceCallQueryMechanism.executeCall(DatasourceCallQueryMechanism.java:275)
	at org.eclipse.persistence.internal.queries.DatasourceCallQueryMechanism.insertObject(DatasourceCallQueryMechanism.java:397)
	at org.eclipse.persistence.internal.queries.StatementQueryMechanism.insertObject(StatementQueryMechanism.java:167)
	at org.eclipse.persistence.internal.queries.StatementQueryMechanism.insertObject(StatementQueryMechanism.java:182)
	at org.eclipse.persistence.internal.queries.DatabaseQueryMechanism.insertObjectForWrite(DatabaseQueryMechanism.java:504)
	at org.eclipse.persistence.queries.InsertObjectQuery.executeCommit(InsertObjectQuery.java:82)
	at org.eclipse.persistence.queries.InsertObjectQuery.executeCommitWithChangeSet(InsertObjectQuery.java:92)
	at org.eclipse.persistence.internal.queries.DatabaseQueryMechanism.executeWriteWithChangeSet(DatabaseQueryMechanism.java:316)
	at org.eclipse.persistence.queries.WriteObjectQuery.executeDatabaseQuery(WriteObjectQuery.java:60)
	at org.eclipse.persistence.queries.DatabaseQuery.execute(DatabaseQuery.java:911)
	at org.eclipse.persistence.queries.DatabaseQuery.executeInUnitOfWork(DatabaseQuery.java:810)
	at org.eclipse.persistence.queries.ObjectLevelModifyQuery.executeInUnitOfWorkObjectLevelModifyQuery(ObjectLevelModifyQuery.java:110)
	at org.eclipse.persistence.queries.ObjectLevelModifyQuery.executeInUnitOfWork(ObjectLevelModifyQuery.java:87)
	at org.eclipse.persistence.internal.sessions.UnitOfWorkImpl.internalExecuteQuery(UnitOfWorkImpl.java:2983)
	at org.eclipse.persistence.internal.sessions.AbstractSession.executeQuery(AbstractSession.java:1898)
	at org.eclipse.persistence.internal.sessions.AbstractSession.executeQuery(AbstractSession.java:1880)
	at org.eclipse.persistence.internal.sessions.AbstractSession.executeQuery(AbstractSession.java:1830)
	at org.eclipse.persistence.internal.sessions.CommitManager.commitNewObjectsForClassWithChangeSet(CommitManager.java:229)
	at org.eclipse.persistence.internal.sessions.CommitManager.commitAllObjectsForClassWithChangeSet(CommitManager.java:196)
	at org.eclipse.persistence.internal.sessions.CommitManager.commitAllObjectsWithChangeSet(CommitManager.java:141)
	at org.eclipse.persistence.internal.sessions.AbstractSession.writeAllObjectsWithChangeSet(AbstractSession.java:4398)
	at org.eclipse.persistence.internal.sessions.UnitOfWorkImpl.commitToDatabase(UnitOfWorkImpl.java:1495)
	at org.eclipse.persistence.internal.sessions.UnitOfWorkImpl.commitToDatabaseWithChangeSet(UnitOfWorkImpl.java:1585)
	at org.eclipse.persistence.internal.sessions.RepeatableWriteUnitOfWork.commitRootUnitOfWork(RepeatableWriteUnitOfWork.java:280)
	at org.eclipse.persistence.internal.sessions.UnitOfWorkImpl.commitAndResume(UnitOfWorkImpl.java:1222)
	at org.eclipse.persistence.internal.jpa.transaction.EntityTransactionImpl.commit(EntityTransactionImpl.java:136)
	... 46 more
Caused by: org.h2.jdbc.JdbcSQLIntegrityConstraintViolationException: La columna &quot;DIRECCION&quot; no permite valores nulos (NULL)
NULL not allowed for column &quot;DIRECCION&quot;; SQL statement:
INSERT INTO CLIENTE (ID, CIUDAD, CODIGOPOSTAL, DIRECCION, ESTADO, FECHAALTA, FECHABAJA, IDENTIFICACION, PAIS, TIPOCLIENTE, USER_USER, DTYPE) VALUES (?, ?, ?, ?, ?, ?, ?, ?, ?, ?, ?, ?) [23502-200]
	at org.h2.message.DbException.getJdbcSQLException(DbException.java:459)
	at org.h2.message.DbException.getJdbcSQLException(DbException.java:429)
	at org.h2.message.DbException.get(DbException.java:205)
	at org.h2.message.DbException.get(DbException.java:181)
	at org.h2.table.Column.validateConvertUpdateSequence(Column.java:374)
	at org.h2.table.Table.validateConvertUpdateSequence(Table.java:845)
	at org.h2.command.dml.Insert.insertRows(Insert.java:187)
	at org.h2.command.dml.Insert.update(Insert.java:151)
	at org.h2.command.CommandContainer.update(CommandContainer.java:198)
	at org.h2.command.Command.executeUpdate(Command.java:251)
	at org.h2.jdbc.JdbcPreparedStatement.executeUpdateInternal(JdbcPreparedStatement.java:191)
	at org.h2.jdbc.JdbcPreparedStatement.executeUpdate(JdbcPreparedStatement.java:152)
	at org.eclipse.persistence.internal.databaseaccess.DatabaseAccessor.executeDirectNoSelect(DatabaseAccessor.java:898)
	... 77 more
</error>
    <system-out>[EL Warning]: 2022-04-28 17:23:36.015--UnitOfWork(1947245383)--Exception [EclipseLink-4002] (Eclipse Persistence Services - 2.7.6.v20200131-b7c997804f): org.eclipse.persistence.exceptions.DatabaseException
Internal Exception: org.h2.jdbc.JdbcSQLIntegrityConstraintViolationException: La columna &quot;DIRECCION&quot; no permite valores nulos (NULL)
NULL not allowed for column &quot;DIRECCION&quot;; SQL statement:
INSERT INTO CLIENTE (ID, CIUDAD, CODIGOPOSTAL, DIRECCION, ESTADO, FECHAALTA, FECHABAJA, IDENTIFICACION, PAIS, TIPOCLIENTE, USER_USER, DTYPE) VALUES (?, ?, ?, ?, ?, ?, ?, ?, ?, ?, ?, ?) [23502-200]
Error Code: 23502
Call: INSERT INTO CLIENTE (ID, CIUDAD, CODIGOPOSTAL, DIRECCION, ESTADO, FECHAALTA, FECHABAJA, IDENTIFICACION, PAIS, TIPOCLIENTE, USER_USER, DTYPE) VALUES (?, ?, ?, ?, ?, ?, ?, ?, ?, ?, ?, ?)
	bind =&gt; [12 parameters bound]
Query: InsertObjectQuery(Cliente{
id=1
identificacion=Avenia Plutarco
tipoCliente=null
estado=Activo
fechaAlta=Thu Apr 28 17:23:36 CEST 2022
fechaBaja=null
direccion=null
ciudad=Malaga
codigopostal=29004
pais=Espana
cuentasFintech={[]}}Empresa{
razon_social=UMA})
</system-out>
  </testcase>
  <testcase classname="ma3s.fintech.test.Usuarios" name="testAccederAplicacionErrorUsuario" time="0.04">
    <error message="Exception [EclipseLink-4002] (Eclipse Persistence Services - 2.7.6.v20200131-b7c997804f): org.eclipse.persistence.exceptions.DatabaseException
Internal Exception: org.h2.jdbc.JdbcSQLIntegrityConstraintViolationException: La columna &quot;DIRECCION&quot; no permite valores nulos (NULL)
NULL not allowed for column &quot;DIRECCION&quot;; SQL statement:
INSERT INTO CLIENTE (ID, CIUDAD, CODIGOPOSTAL, DIRECCION, ESTADO, FECHAALTA, FECHABAJA, IDENTIFICACION, PAIS, TIPOCLIENTE, USER_USER, DTYPE) VALUES (?, ?, ?, ?, ?, ?, ?, ?, ?, ?, ?, ?) [23502-200]
Error Code: 23502
Call: INSERT INTO CLIENTE (ID, CIUDAD, CODIGOPOSTAL, DIRECCION, ESTADO, FECHAALTA, FECHABAJA, IDENTIFICACION, PAIS, TIPOCLIENTE, USER_USER, DTYPE) VALUES (?, ?, ?, ?, ?, ?, ?, ?, ?, ?, ?, ?)
	bind =&gt; [12 parameters bound]
Query: InsertObjectQuery(Cliente{
id=1
identificacion=Avenia Plutarco
tipoCliente=null
estado=Activo
fechaAlta=Thu Apr 28 17:23:36 CEST 2022
fechaBaja=null
direccion=null
ciudad=Malaga
codigopostal=29004
pais=Espana
cuentasFintech={[]}}Empresa{
razon_social=UMA})" type="javax.persistence.RollbackException">javax.persistence.RollbackException: Exception [EclipseLink-4002] (Eclipse Persistence Services - 2.7.6.v20200131-b7c997804f): org.eclipse.persistence.exceptions.DatabaseException
Internal Exception: org.h2.jdbc.JdbcSQLIntegrityConstraintViolationException: La columna &quot;DIRECCION&quot; no permite valores nulos (NULL)
NULL not allowed for column &quot;DIRECCION&quot;; SQL statement:
INSERT INTO CLIENTE (ID, CIUDAD, CODIGOPOSTAL, DIRECCION, ESTADO, FECHAALTA, FECHABAJA, IDENTIFICACION, PAIS, TIPOCLIENTE, USER_USER, DTYPE) VALUES (?, ?, ?, ?, ?, ?, ?, ?, ?, ?, ?, ?) [23502-200]
Error Code: 23502
Call: INSERT INTO CLIENTE (ID, CIUDAD, CODIGOPOSTAL, DIRECCION, ESTADO, FECHAALTA, FECHABAJA, IDENTIFICACION, PAIS, TIPOCLIENTE, USER_USER, DTYPE) VALUES (?, ?, ?, ?, ?, ?, ?, ?, ?, ?, ?, ?)
	bind =&gt; [12 parameters bound]
Query: InsertObjectQuery(Cliente{
id=1
identificacion=Avenia Plutarco
tipoCliente=null
estado=Activo
fechaAlta=Thu Apr 28 17:23:36 CEST 2022
fechaBaja=null
direccion=null
ciudad=Malaga
codigopostal=29004
pais=Espana
cuentasFintech={[]}}Empresa{
razon_social=UMA})
	at org.eclipse.persistence.internal.jpa.transaction.EntityTransactionImpl.commit(EntityTransactionImpl.java:161)
	at ma3s.fintech.test.BaseDatos.inicializaBaseDatos(BaseDatos.java:229)
	at ma3s.fintech.test.Usuarios.setup(Usuarios.java:31)
	at sun.reflect.NativeMethodAccessorImpl.invoke0(Native Method)
	at sun.reflect.NativeMethodAccessorImpl.invoke(NativeMethodAccessorImpl.java:62)
	at sun.reflect.DelegatingMethodAccessorImpl.invoke(DelegatingMethodAccessorImpl.java:43)
	at java.lang.reflect.Method.invoke(Method.java:498)
	at org.junit.runners.model.FrameworkMethod$1.runReflectiveCall(FrameworkMethod.java:59)
	at org.junit.internal.runners.model.ReflectiveCallable.run(ReflectiveCallable.java:12)
	at org.junit.runners.model.FrameworkMethod.invokeExplosively(FrameworkMethod.java:56)
	at org.junit.internal.runners.statements.RunBefores.invokeMethod(RunBefores.java:33)
	at org.junit.internal.runners.statements.RunBefores.evaluate(RunBefores.java:24)
	at org.junit.runners.ParentRunner$3.evaluate(ParentRunner.java:306)
	at org.junit.runners.BlockJUnit4ClassRunner$1.evaluate(BlockJUnit4ClassRunner.java:100)
	at org.junit.runners.ParentRunner.runLeaf(ParentRunner.java:366)
	at org.junit.runners.BlockJUnit4ClassRunner.runChild(BlockJUnit4ClassRunner.java:103)
	at org.junit.runners.BlockJUnit4ClassRunner.runChild(BlockJUnit4ClassRunner.java:63)
	at org.junit.runners.ParentRunner$4.run(ParentRunner.java:331)
	at org.junit.runners.ParentRunner$1.schedule(ParentRunner.java:79)
	at org.junit.runners.ParentRunner.runChildren(ParentRunner.java:329)
	at org.junit.runners.ParentRunner.access$100(ParentRunner.java:66)
	at org.junit.runners.ParentRunner$2.evaluate(ParentRunner.java:293)
	at org.junit.runners.ParentRunner$3.evaluate(ParentRunner.java:306)
	at org.junit.runners.ParentRunner.run(ParentRunner.java:413)
	at org.junit.runners.Suite.runChild(Suite.java:128)
	at org.junit.runners.Suite.runChild(Suite.java:27)
	at org.junit.runners.ParentRunner$4.run(ParentRunner.java:331)
	at org.junit.runners.ParentRunner$1.schedule(ParentRunner.java:79)
	at org.junit.runners.ParentRunner.runChildren(ParentRunner.java:329)
	at org.junit.runners.ParentRunner.access$100(ParentRunner.java:66)
	at org.junit.runners.ParentRunner$2.evaluate(ParentRunner.java:293)
	at org.junit.internal.runners.statements.RunBefores.evaluate(RunBefores.java:26)
	at org.junit.internal.runners.statements.RunAfters.evaluate(RunAfters.java:27)
	at org.junit.runners.ParentRunner$3.evaluate(ParentRunner.java:306)
	at org.junit.runners.ParentRunner.run(ParentRunner.java:413)
	at org.apache.maven.surefire.junit4.JUnit4Provider.execute(JUnit4Provider.java:252)
	at org.apache.maven.surefire.junit4.JUnit4Provider.executeTestSet(JUnit4Provider.java:141)
	at org.apache.maven.surefire.junit4.JUnit4Provider.invoke(JUnit4Provider.java:112)
	at sun.reflect.NativeMethodAccessorImpl.invoke0(Native Method)
	at sun.reflect.NativeMethodAccessorImpl.invoke(NativeMethodAccessorImpl.java:62)
	at sun.reflect.DelegatingMethodAccessorImpl.invoke(DelegatingMethodAccessorImpl.java:43)
	at java.lang.reflect.Method.invoke(Method.java:498)
	at org.apache.maven.surefire.util.ReflectionUtils.invokeMethodWithArray(ReflectionUtils.java:189)
	at org.apache.maven.surefire.booter.ProviderFactory$ProviderProxy.invoke(ProviderFactory.java:165)
	at org.apache.maven.surefire.booter.ProviderFactory.invokeProvider(ProviderFactory.java:85)
	at org.apache.maven.surefire.booter.ForkedBooter.runSuitesInProcess(ForkedBooter.java:115)
	at org.apache.maven.surefire.booter.ForkedBooter.main(ForkedBooter.java:75)
Caused by: Exception [EclipseLink-4002] (Eclipse Persistence Services - 2.7.6.v20200131-b7c997804f): org.eclipse.persistence.exceptions.DatabaseException
Internal Exception: org.h2.jdbc.JdbcSQLIntegrityConstraintViolationException: La columna &quot;DIRECCION&quot; no permite valores nulos (NULL)
NULL not allowed for column &quot;DIRECCION&quot;; SQL statement:
INSERT INTO CLIENTE (ID, CIUDAD, CODIGOPOSTAL, DIRECCION, ESTADO, FECHAALTA, FECHABAJA, IDENTIFICACION, PAIS, TIPOCLIENTE, USER_USER, DTYPE) VALUES (?, ?, ?, ?, ?, ?, ?, ?, ?, ?, ?, ?) [23502-200]
Error Code: 23502
Call: INSERT INTO CLIENTE (ID, CIUDAD, CODIGOPOSTAL, DIRECCION, ESTADO, FECHAALTA, FECHABAJA, IDENTIFICACION, PAIS, TIPOCLIENTE, USER_USER, DTYPE) VALUES (?, ?, ?, ?, ?, ?, ?, ?, ?, ?, ?, ?)
	bind =&gt; [12 parameters bound]
Query: InsertObjectQuery(Cliente{
id=1
identificacion=Avenia Plutarco
tipoCliente=null
estado=Activo
fechaAlta=Thu Apr 28 17:23:36 CEST 2022
fechaBaja=null
direccion=null
ciudad=Malaga
codigopostal=29004
pais=Espana
cuentasFintech={[]}}Empresa{
razon_social=UMA})
	at org.eclipse.persistence.exceptions.DatabaseException.sqlException(DatabaseException.java:333)
	at org.eclipse.persistence.internal.databaseaccess.DatabaseAccessor.executeDirectNoSelect(DatabaseAccessor.java:908)
	at org.eclipse.persistence.internal.databaseaccess.DatabaseAccessor.executeNoSelect(DatabaseAccessor.java:970)
	at org.eclipse.persistence.internal.databaseaccess.DatabaseAccessor.basicExecuteCall(DatabaseAccessor.java:640)
	at org.eclipse.persistence.internal.databaseaccess.DatabaseAccessor.executeCall(DatabaseAccessor.java:567)
	at org.eclipse.persistence.internal.sessions.AbstractSession.basicExecuteCall(AbstractSession.java:2099)
	at org.eclipse.persistence.sessions.server.ClientSession.executeCall(ClientSession.java:313)
	at org.eclipse.persistence.internal.queries.DatasourceCallQueryMechanism.executeCall(DatasourceCallQueryMechanism.java:275)
	at org.eclipse.persistence.internal.queries.DatasourceCallQueryMechanism.insertObject(DatasourceCallQueryMechanism.java:397)
	at org.eclipse.persistence.internal.queries.StatementQueryMechanism.insertObject(StatementQueryMechanism.java:167)
	at org.eclipse.persistence.internal.queries.StatementQueryMechanism.insertObject(StatementQueryMechanism.java:182)
	at org.eclipse.persistence.internal.queries.DatabaseQueryMechanism.insertObjectForWrite(DatabaseQueryMechanism.java:504)
	at org.eclipse.persistence.queries.InsertObjectQuery.executeCommit(InsertObjectQuery.java:82)
	at org.eclipse.persistence.queries.InsertObjectQuery.executeCommitWithChangeSet(InsertObjectQuery.java:92)
	at org.eclipse.persistence.internal.queries.DatabaseQueryMechanism.executeWriteWithChangeSet(DatabaseQueryMechanism.java:316)
	at org.eclipse.persistence.queries.WriteObjectQuery.executeDatabaseQuery(WriteObjectQuery.java:60)
	at org.eclipse.persistence.queries.DatabaseQuery.execute(DatabaseQuery.java:911)
	at org.eclipse.persistence.queries.DatabaseQuery.executeInUnitOfWork(DatabaseQuery.java:810)
	at org.eclipse.persistence.queries.ObjectLevelModifyQuery.executeInUnitOfWorkObjectLevelModifyQuery(ObjectLevelModifyQuery.java:110)
	at org.eclipse.persistence.queries.ObjectLevelModifyQuery.executeInUnitOfWork(ObjectLevelModifyQuery.java:87)
	at org.eclipse.persistence.internal.sessions.UnitOfWorkImpl.internalExecuteQuery(UnitOfWorkImpl.java:2983)
	at org.eclipse.persistence.internal.sessions.AbstractSession.executeQuery(AbstractSession.java:1898)
	at org.eclipse.persistence.internal.sessions.AbstractSession.executeQuery(AbstractSession.java:1880)
	at org.eclipse.persistence.internal.sessions.AbstractSession.executeQuery(AbstractSession.java:1830)
	at org.eclipse.persistence.internal.sessions.CommitManager.commitNewObjectsForClassWithChangeSet(CommitManager.java:229)
	at org.eclipse.persistence.internal.sessions.CommitManager.commitAllObjectsForClassWithChangeSet(CommitManager.java:196)
	at org.eclipse.persistence.internal.sessions.CommitManager.commitAllObjectsWithChangeSet(CommitManager.java:141)
	at org.eclipse.persistence.internal.sessions.AbstractSession.writeAllObjectsWithChangeSet(AbstractSession.java:4398)
	at org.eclipse.persistence.internal.sessions.UnitOfWorkImpl.commitToDatabase(UnitOfWorkImpl.java:1495)
	at org.eclipse.persistence.internal.sessions.UnitOfWorkImpl.commitToDatabaseWithChangeSet(UnitOfWorkImpl.java:1585)
	at org.eclipse.persistence.internal.sessions.RepeatableWriteUnitOfWork.commitRootUnitOfWork(RepeatableWriteUnitOfWork.java:280)
	at org.eclipse.persistence.internal.sessions.UnitOfWorkImpl.commitAndResume(UnitOfWorkImpl.java:1222)
	at org.eclipse.persistence.internal.jpa.transaction.EntityTransactionImpl.commit(EntityTransactionImpl.java:136)
	... 46 more
Caused by: org.h2.jdbc.JdbcSQLIntegrityConstraintViolationException: La columna &quot;DIRECCION&quot; no permite valores nulos (NULL)
NULL not allowed for column &quot;DIRECCION&quot;; SQL statement:
INSERT INTO CLIENTE (ID, CIUDAD, CODIGOPOSTAL, DIRECCION, ESTADO, FECHAALTA, FECHABAJA, IDENTIFICACION, PAIS, TIPOCLIENTE, USER_USER, DTYPE) VALUES (?, ?, ?, ?, ?, ?, ?, ?, ?, ?, ?, ?) [23502-200]
	at org.h2.message.DbException.getJdbcSQLException(DbException.java:459)
	at org.h2.message.DbException.getJdbcSQLException(DbException.java:429)
	at org.h2.message.DbException.get(DbException.java:205)
	at org.h2.message.DbException.get(DbException.java:181)
	at org.h2.table.Column.validateConvertUpdateSequence(Column.java:374)
	at org.h2.table.Table.validateConvertUpdateSequence(Table.java:845)
	at org.h2.command.dml.Insert.insertRows(Insert.java:187)
	at org.h2.command.dml.Insert.update(Insert.java:151)
	at org.h2.command.CommandContainer.update(CommandContainer.java:198)
	at org.h2.command.Command.executeUpdate(Command.java:251)
	at org.h2.jdbc.JdbcPreparedStatement.executeUpdateInternal(JdbcPreparedStatement.java:191)
	at org.h2.jdbc.JdbcPreparedStatement.executeUpdate(JdbcPreparedStatement.java:152)
	at org.eclipse.persistence.internal.databaseaccess.DatabaseAccessor.executeDirectNoSelect(DatabaseAccessor.java:898)
	... 77 more
</error>
    <system-out>[EL Warning]: 2022-04-28 17:23:36.05--UnitOfWork(191961857)--Exception [EclipseLink-4002] (Eclipse Persistence Services - 2.7.6.v20200131-b7c997804f): org.eclipse.persistence.exceptions.DatabaseException
Internal Exception: org.h2.jdbc.JdbcSQLIntegrityConstraintViolationException: La columna &quot;DIRECCION&quot; no permite valores nulos (NULL)
NULL not allowed for column &quot;DIRECCION&quot;; SQL statement:
INSERT INTO CLIENTE (ID, CIUDAD, CODIGOPOSTAL, DIRECCION, ESTADO, FECHAALTA, FECHABAJA, IDENTIFICACION, PAIS, TIPOCLIENTE, USER_USER, DTYPE) VALUES (?, ?, ?, ?, ?, ?, ?, ?, ?, ?, ?, ?) [23502-200]
Error Code: 23502
Call: INSERT INTO CLIENTE (ID, CIUDAD, CODIGOPOSTAL, DIRECCION, ESTADO, FECHAALTA, FECHABAJA, IDENTIFICACION, PAIS, TIPOCLIENTE, USER_USER, DTYPE) VALUES (?, ?, ?, ?, ?, ?, ?, ?, ?, ?, ?, ?)
	bind =&gt; [12 parameters bound]
Query: InsertObjectQuery(Cliente{
id=1
identificacion=Avenia Plutarco
tipoCliente=null
estado=Activo
fechaAlta=Thu Apr 28 17:23:36 CEST 2022
fechaBaja=null
direccion=null
ciudad=Malaga
codigopostal=29004
pais=Espana
cuentasFintech={[]}}Empresa{
razon_social=UMA})
</system-out>
  </testcase>
  <testcase classname="ma3s.fintech.test.Usuarios" name="testAutorizarOperacion" time="0.047">
    <error message="Exception [EclipseLink-4002] (Eclipse Persistence Services - 2.7.6.v20200131-b7c997804f): org.eclipse.persistence.exceptions.DatabaseException
Internal Exception: org.h2.jdbc.JdbcSQLIntegrityConstraintViolationException: La columna &quot;DIRECCION&quot; no permite valores nulos (NULL)
NULL not allowed for column &quot;DIRECCION&quot;; SQL statement:
INSERT INTO CLIENTE (ID, CIUDAD, CODIGOPOSTAL, DIRECCION, ESTADO, FECHAALTA, FECHABAJA, IDENTIFICACION, PAIS, TIPOCLIENTE, USER_USER, DTYPE) VALUES (?, ?, ?, ?, ?, ?, ?, ?, ?, ?, ?, ?) [23502-200]
Error Code: 23502
Call: INSERT INTO CLIENTE (ID, CIUDAD, CODIGOPOSTAL, DIRECCION, ESTADO, FECHAALTA, FECHABAJA, IDENTIFICACION, PAIS, TIPOCLIENTE, USER_USER, DTYPE) VALUES (?, ?, ?, ?, ?, ?, ?, ?, ?, ?, ?, ?)
	bind =&gt; [12 parameters bound]
Query: InsertObjectQuery(Cliente{
id=2
identificacion=avenida de Murcia
tipoCliente=null
estado=Activo
fechaAlta=Thu Apr 28 17:23:36 CEST 2022
fechaBaja=null
direccion=null
ciudad=Murcia
codigopostal=29845
pais=Espana
cuentasFintech={[]}}Empresa{
razon_social=UCAM})" type="javax.persistence.RollbackException">javax.persistence.RollbackException: Exception [EclipseLink-4002] (Eclipse Persistence Services - 2.7.6.v20200131-b7c997804f): org.eclipse.persistence.exceptions.DatabaseException
Internal Exception: org.h2.jdbc.JdbcSQLIntegrityConstraintViolationException: La columna &quot;DIRECCION&quot; no permite valores nulos (NULL)
NULL not allowed for column &quot;DIRECCION&quot;; SQL statement:
INSERT INTO CLIENTE (ID, CIUDAD, CODIGOPOSTAL, DIRECCION, ESTADO, FECHAALTA, FECHABAJA, IDENTIFICACION, PAIS, TIPOCLIENTE, USER_USER, DTYPE) VALUES (?, ?, ?, ?, ?, ?, ?, ?, ?, ?, ?, ?) [23502-200]
Error Code: 23502
Call: INSERT INTO CLIENTE (ID, CIUDAD, CODIGOPOSTAL, DIRECCION, ESTADO, FECHAALTA, FECHABAJA, IDENTIFICACION, PAIS, TIPOCLIENTE, USER_USER, DTYPE) VALUES (?, ?, ?, ?, ?, ?, ?, ?, ?, ?, ?, ?)
	bind =&gt; [12 parameters bound]
Query: InsertObjectQuery(Cliente{
id=2
identificacion=avenida de Murcia
tipoCliente=null
estado=Activo
fechaAlta=Thu Apr 28 17:23:36 CEST 2022
fechaBaja=null
direccion=null
ciudad=Murcia
codigopostal=29845
pais=Espana
cuentasFintech={[]}}Empresa{
razon_social=UCAM})
	at org.eclipse.persistence.internal.jpa.transaction.EntityTransactionImpl.commit(EntityTransactionImpl.java:161)
	at ma3s.fintech.test.BaseDatos.inicializaBaseDatos(BaseDatos.java:229)
	at ma3s.fintech.test.Usuarios.setup(Usuarios.java:31)
	at sun.reflect.NativeMethodAccessorImpl.invoke0(Native Method)
	at sun.reflect.NativeMethodAccessorImpl.invoke(NativeMethodAccessorImpl.java:62)
	at sun.reflect.DelegatingMethodAccessorImpl.invoke(DelegatingMethodAccessorImpl.java:43)
	at java.lang.reflect.Method.invoke(Method.java:498)
	at org.junit.runners.model.FrameworkMethod$1.runReflectiveCall(FrameworkMethod.java:59)
	at org.junit.internal.runners.model.ReflectiveCallable.run(ReflectiveCallable.java:12)
	at org.junit.runners.model.FrameworkMethod.invokeExplosively(FrameworkMethod.java:56)
	at org.junit.internal.runners.statements.RunBefores.invokeMethod(RunBefores.java:33)
	at org.junit.internal.runners.statements.RunBefores.evaluate(RunBefores.java:24)
	at org.junit.runners.ParentRunner$3.evaluate(ParentRunner.java:306)
	at org.junit.runners.BlockJUnit4ClassRunner$1.evaluate(BlockJUnit4ClassRunner.java:100)
	at org.junit.runners.ParentRunner.runLeaf(ParentRunner.java:366)
	at org.junit.runners.BlockJUnit4ClassRunner.runChild(BlockJUnit4ClassRunner.java:103)
	at org.junit.runners.BlockJUnit4ClassRunner.runChild(BlockJUnit4ClassRunner.java:63)
	at org.junit.runners.ParentRunner$4.run(ParentRunner.java:331)
	at org.junit.runners.ParentRunner$1.schedule(ParentRunner.java:79)
	at org.junit.runners.ParentRunner.runChildren(ParentRunner.java:329)
	at org.junit.runners.ParentRunner.access$100(ParentRunner.java:66)
	at org.junit.runners.ParentRunner$2.evaluate(ParentRunner.java:293)
	at org.junit.runners.ParentRunner$3.evaluate(ParentRunner.java:306)
	at org.junit.runners.ParentRunner.run(ParentRunner.java:413)
	at org.junit.runners.Suite.runChild(Suite.java:128)
	at org.junit.runners.Suite.runChild(Suite.java:27)
	at org.junit.runners.ParentRunner$4.run(ParentRunner.java:331)
	at org.junit.runners.ParentRunner$1.schedule(ParentRunner.java:79)
	at org.junit.runners.ParentRunner.runChildren(ParentRunner.java:329)
	at org.junit.runners.ParentRunner.access$100(ParentRunner.java:66)
	at org.junit.runners.ParentRunner$2.evaluate(ParentRunner.java:293)
	at org.junit.internal.runners.statements.RunBefores.evaluate(RunBefores.java:26)
	at org.junit.internal.runners.statements.RunAfters.evaluate(RunAfters.java:27)
	at org.junit.runners.ParentRunner$3.evaluate(ParentRunner.java:306)
	at org.junit.runners.ParentRunner.run(ParentRunner.java:413)
	at org.apache.maven.surefire.junit4.JUnit4Provider.execute(JUnit4Provider.java:252)
	at org.apache.maven.surefire.junit4.JUnit4Provider.executeTestSet(JUnit4Provider.java:141)
	at org.apache.maven.surefire.junit4.JUnit4Provider.invoke(JUnit4Provider.java:112)
	at sun.reflect.NativeMethodAccessorImpl.invoke0(Native Method)
	at sun.reflect.NativeMethodAccessorImpl.invoke(NativeMethodAccessorImpl.java:62)
	at sun.reflect.DelegatingMethodAccessorImpl.invoke(DelegatingMethodAccessorImpl.java:43)
	at java.lang.reflect.Method.invoke(Method.java:498)
	at org.apache.maven.surefire.util.ReflectionUtils.invokeMethodWithArray(ReflectionUtils.java:189)
	at org.apache.maven.surefire.booter.ProviderFactory$ProviderProxy.invoke(ProviderFactory.java:165)
	at org.apache.maven.surefire.booter.ProviderFactory.invokeProvider(ProviderFactory.java:85)
	at org.apache.maven.surefire.booter.ForkedBooter.runSuitesInProcess(ForkedBooter.java:115)
	at org.apache.maven.surefire.booter.ForkedBooter.main(ForkedBooter.java:75)
Caused by: Exception [EclipseLink-4002] (Eclipse Persistence Services - 2.7.6.v20200131-b7c997804f): org.eclipse.persistence.exceptions.DatabaseException
Internal Exception: org.h2.jdbc.JdbcSQLIntegrityConstraintViolationException: La columna &quot;DIRECCION&quot; no permite valores nulos (NULL)
NULL not allowed for column &quot;DIRECCION&quot;; SQL statement:
INSERT INTO CLIENTE (ID, CIUDAD, CODIGOPOSTAL, DIRECCION, ESTADO, FECHAALTA, FECHABAJA, IDENTIFICACION, PAIS, TIPOCLIENTE, USER_USER, DTYPE) VALUES (?, ?, ?, ?, ?, ?, ?, ?, ?, ?, ?, ?) [23502-200]
Error Code: 23502
Call: INSERT INTO CLIENTE (ID, CIUDAD, CODIGOPOSTAL, DIRECCION, ESTADO, FECHAALTA, FECHABAJA, IDENTIFICACION, PAIS, TIPOCLIENTE, USER_USER, DTYPE) VALUES (?, ?, ?, ?, ?, ?, ?, ?, ?, ?, ?, ?)
	bind =&gt; [12 parameters bound]
Query: InsertObjectQuery(Cliente{
id=2
identificacion=avenida de Murcia
tipoCliente=null
estado=Activo
fechaAlta=Thu Apr 28 17:23:36 CEST 2022
fechaBaja=null
direccion=null
ciudad=Murcia
codigopostal=29845
pais=Espana
cuentasFintech={[]}}Empresa{
razon_social=UCAM})
	at org.eclipse.persistence.exceptions.DatabaseException.sqlException(DatabaseException.java:333)
	at org.eclipse.persistence.internal.databaseaccess.DatabaseAccessor.executeDirectNoSelect(DatabaseAccessor.java:908)
	at org.eclipse.persistence.internal.databaseaccess.DatabaseAccessor.executeNoSelect(DatabaseAccessor.java:970)
	at org.eclipse.persistence.internal.databaseaccess.DatabaseAccessor.basicExecuteCall(DatabaseAccessor.java:640)
	at org.eclipse.persistence.internal.databaseaccess.DatabaseAccessor.executeCall(DatabaseAccessor.java:567)
	at org.eclipse.persistence.internal.sessions.AbstractSession.basicExecuteCall(AbstractSession.java:2099)
	at org.eclipse.persistence.sessions.server.ClientSession.executeCall(ClientSession.java:313)
	at org.eclipse.persistence.internal.queries.DatasourceCallQueryMechanism.executeCall(DatasourceCallQueryMechanism.java:275)
	at org.eclipse.persistence.internal.queries.DatasourceCallQueryMechanism.insertObject(DatasourceCallQueryMechanism.java:397)
	at org.eclipse.persistence.internal.queries.StatementQueryMechanism.insertObject(StatementQueryMechanism.java:167)
	at org.eclipse.persistence.internal.queries.StatementQueryMechanism.insertObject(StatementQueryMechanism.java:182)
	at org.eclipse.persistence.internal.queries.DatabaseQueryMechanism.insertObjectForWrite(DatabaseQueryMechanism.java:504)
	at org.eclipse.persistence.queries.InsertObjectQuery.executeCommit(InsertObjectQuery.java:82)
	at org.eclipse.persistence.queries.InsertObjectQuery.executeCommitWithChangeSet(InsertObjectQuery.java:92)
	at org.eclipse.persistence.internal.queries.DatabaseQueryMechanism.executeWriteWithChangeSet(DatabaseQueryMechanism.java:316)
	at org.eclipse.persistence.queries.WriteObjectQuery.executeDatabaseQuery(WriteObjectQuery.java:60)
	at org.eclipse.persistence.queries.DatabaseQuery.execute(DatabaseQuery.java:911)
	at org.eclipse.persistence.queries.DatabaseQuery.executeInUnitOfWork(DatabaseQuery.java:810)
	at org.eclipse.persistence.queries.ObjectLevelModifyQuery.executeInUnitOfWorkObjectLevelModifyQuery(ObjectLevelModifyQuery.java:110)
	at org.eclipse.persistence.queries.ObjectLevelModifyQuery.executeInUnitOfWork(ObjectLevelModifyQuery.java:87)
	at org.eclipse.persistence.internal.sessions.UnitOfWorkImpl.internalExecuteQuery(UnitOfWorkImpl.java:2983)
	at org.eclipse.persistence.internal.sessions.AbstractSession.executeQuery(AbstractSession.java:1898)
	at org.eclipse.persistence.internal.sessions.AbstractSession.executeQuery(AbstractSession.java:1880)
	at org.eclipse.persistence.internal.sessions.AbstractSession.executeQuery(AbstractSession.java:1830)
	at org.eclipse.persistence.internal.sessions.CommitManager.commitNewObjectsForClassWithChangeSet(CommitManager.java:229)
	at org.eclipse.persistence.internal.sessions.CommitManager.commitAllObjectsForClassWithChangeSet(CommitManager.java:196)
	at org.eclipse.persistence.internal.sessions.CommitManager.commitAllObjectsWithChangeSet(CommitManager.java:141)
	at org.eclipse.persistence.internal.sessions.AbstractSession.writeAllObjectsWithChangeSet(AbstractSession.java:4398)
	at org.eclipse.persistence.internal.sessions.UnitOfWorkImpl.commitToDatabase(UnitOfWorkImpl.java:1495)
	at org.eclipse.persistence.internal.sessions.UnitOfWorkImpl.commitToDatabaseWithChangeSet(UnitOfWorkImpl.java:1585)
	at org.eclipse.persistence.internal.sessions.RepeatableWriteUnitOfWork.commitRootUnitOfWork(RepeatableWriteUnitOfWork.java:280)
	at org.eclipse.persistence.internal.sessions.UnitOfWorkImpl.commitAndResume(UnitOfWorkImpl.java:1222)
	at org.eclipse.persistence.internal.jpa.transaction.EntityTransactionImpl.commit(EntityTransactionImpl.java:136)
	... 46 more
Caused by: org.h2.jdbc.JdbcSQLIntegrityConstraintViolationException: La columna &quot;DIRECCION&quot; no permite valores nulos (NULL)
NULL not allowed for column &quot;DIRECCION&quot;; SQL statement:
INSERT INTO CLIENTE (ID, CIUDAD, CODIGOPOSTAL, DIRECCION, ESTADO, FECHAALTA, FECHABAJA, IDENTIFICACION, PAIS, TIPOCLIENTE, USER_USER, DTYPE) VALUES (?, ?, ?, ?, ?, ?, ?, ?, ?, ?, ?, ?) [23502-200]
	at org.h2.message.DbException.getJdbcSQLException(DbException.java:459)
	at org.h2.message.DbException.getJdbcSQLException(DbException.java:429)
	at org.h2.message.DbException.get(DbException.java:205)
	at org.h2.message.DbException.get(DbException.java:181)
	at org.h2.table.Column.validateConvertUpdateSequence(Column.java:374)
	at org.h2.table.Table.validateConvertUpdateSequence(Table.java:845)
	at org.h2.command.dml.Insert.insertRows(Insert.java:187)
	at org.h2.command.dml.Insert.update(Insert.java:151)
	at org.h2.command.CommandContainer.update(CommandContainer.java:198)
	at org.h2.command.Command.executeUpdate(Command.java:251)
	at org.h2.jdbc.JdbcPreparedStatement.executeUpdateInternal(JdbcPreparedStatement.java:191)
	at org.h2.jdbc.JdbcPreparedStatement.executeUpdate(JdbcPreparedStatement.java:152)
	at org.eclipse.persistence.internal.databaseaccess.DatabaseAccessor.executeDirectNoSelect(DatabaseAccessor.java:898)
	... 77 more
</error>
    <system-out>[EL Warning]: 2022-04-28 17:23:36.101--UnitOfWork(743662921)--Exception [EclipseLink-4002] (Eclipse Persistence Services - 2.7.6.v20200131-b7c997804f): org.eclipse.persistence.exceptions.DatabaseException
Internal Exception: org.h2.jdbc.JdbcSQLIntegrityConstraintViolationException: La columna &quot;DIRECCION&quot; no permite valores nulos (NULL)
NULL not allowed for column &quot;DIRECCION&quot;; SQL statement:
INSERT INTO CLIENTE (ID, CIUDAD, CODIGOPOSTAL, DIRECCION, ESTADO, FECHAALTA, FECHABAJA, IDENTIFICACION, PAIS, TIPOCLIENTE, USER_USER, DTYPE) VALUES (?, ?, ?, ?, ?, ?, ?, ?, ?, ?, ?, ?) [23502-200]
Error Code: 23502
Call: INSERT INTO CLIENTE (ID, CIUDAD, CODIGOPOSTAL, DIRECCION, ESTADO, FECHAALTA, FECHABAJA, IDENTIFICACION, PAIS, TIPOCLIENTE, USER_USER, DTYPE) VALUES (?, ?, ?, ?, ?, ?, ?, ?, ?, ?, ?, ?)
	bind =&gt; [12 parameters bound]
Query: InsertObjectQuery(Cliente{
id=2
identificacion=avenida de Murcia
tipoCliente=null
estado=Activo
fechaAlta=Thu Apr 28 17:23:36 CEST 2022
fechaBaja=null
direccion=null
ciudad=Murcia
codigopostal=29845
pais=Espana
cuentasFintech={[]}}Empresa{
razon_social=UCAM})
</system-out>
  </testcase>
  <testcase classname="ma3s.fintech.test.Reportes" name="testPAutoError" time="0.047">
    <error message="Exception [EclipseLink-4002] (Eclipse Persistence Services - 2.7.6.v20200131-b7c997804f): org.eclipse.persistence.exceptions.DatabaseException
Internal Exception: org.h2.jdbc.JdbcSQLIntegrityConstraintViolationException: La columna &quot;DIRECCION&quot; no permite valores nulos (NULL)
NULL not allowed for column &quot;DIRECCION&quot;; SQL statement:
INSERT INTO CLIENTE (ID, CIUDAD, CODIGOPOSTAL, DIRECCION, ESTADO, FECHAALTA, FECHABAJA, IDENTIFICACION, PAIS, TIPOCLIENTE, USER_USER, DTYPE) VALUES (?, ?, ?, ?, ?, ?, ?, ?, ?, ?, ?, ?) [23502-200]
Error Code: 23502
Call: INSERT INTO CLIENTE (ID, CIUDAD, CODIGOPOSTAL, DIRECCION, ESTADO, FECHAALTA, FECHABAJA, IDENTIFICACION, PAIS, TIPOCLIENTE, USER_USER, DTYPE) VALUES (?, ?, ?, ?, ?, ?, ?, ?, ?, ?, ?, ?)
	bind =&gt; [12 parameters bound]
Query: InsertObjectQuery(Cliente{
id=2
identificacion=avenida de Murcia
tipoCliente=null
estado=Activo
fechaAlta=Thu Apr 28 17:23:36 CEST 2022
fechaBaja=null
direccion=null
ciudad=Murcia
codigopostal=29845
pais=Espana
cuentasFintech={[]}}Empresa{
razon_social=UCAM})" type="javax.persistence.RollbackException">javax.persistence.RollbackException: Exception [EclipseLink-4002] (Eclipse Persistence Services - 2.7.6.v20200131-b7c997804f): org.eclipse.persistence.exceptions.DatabaseException
Internal Exception: org.h2.jdbc.JdbcSQLIntegrityConstraintViolationException: La columna &quot;DIRECCION&quot; no permite valores nulos (NULL)
NULL not allowed for column &quot;DIRECCION&quot;; SQL statement:
INSERT INTO CLIENTE (ID, CIUDAD, CODIGOPOSTAL, DIRECCION, ESTADO, FECHAALTA, FECHABAJA, IDENTIFICACION, PAIS, TIPOCLIENTE, USER_USER, DTYPE) VALUES (?, ?, ?, ?, ?, ?, ?, ?, ?, ?, ?, ?) [23502-200]
Error Code: 23502
Call: INSERT INTO CLIENTE (ID, CIUDAD, CODIGOPOSTAL, DIRECCION, ESTADO, FECHAALTA, FECHABAJA, IDENTIFICACION, PAIS, TIPOCLIENTE, USER_USER, DTYPE) VALUES (?, ?, ?, ?, ?, ?, ?, ?, ?, ?, ?, ?)
	bind =&gt; [12 parameters bound]
Query: InsertObjectQuery(Cliente{
id=2
identificacion=avenida de Murcia
tipoCliente=null
estado=Activo
fechaAlta=Thu Apr 28 17:23:36 CEST 2022
fechaBaja=null
direccion=null
ciudad=Murcia
codigopostal=29845
pais=Espana
cuentasFintech={[]}}Empresa{
razon_social=UCAM})
	at org.eclipse.persistence.internal.jpa.transaction.EntityTransactionImpl.commit(EntityTransactionImpl.java:161)
	at ma3s.fintech.test.BaseDatos.inicializaBaseDatos(BaseDatos.java:229)
	at ma3s.fintech.test.Reportes.setup(Reportes.java:26)
	at sun.reflect.NativeMethodAccessorImpl.invoke0(Native Method)
	at sun.reflect.NativeMethodAccessorImpl.invoke(NativeMethodAccessorImpl.java:62)
	at sun.reflect.DelegatingMethodAccessorImpl.invoke(DelegatingMethodAccessorImpl.java:43)
	at java.lang.reflect.Method.invoke(Method.java:498)
	at org.junit.runners.model.FrameworkMethod$1.runReflectiveCall(FrameworkMethod.java:59)
	at org.junit.internal.runners.model.ReflectiveCallable.run(ReflectiveCallable.java:12)
	at org.junit.runners.model.FrameworkMethod.invokeExplosively(FrameworkMethod.java:56)
	at org.junit.internal.runners.statements.RunBefores.invokeMethod(RunBefores.java:33)
	at org.junit.internal.runners.statements.RunBefores.evaluate(RunBefores.java:24)
	at org.junit.runners.ParentRunner$3.evaluate(ParentRunner.java:306)
	at org.junit.runners.BlockJUnit4ClassRunner$1.evaluate(BlockJUnit4ClassRunner.java:100)
	at org.junit.runners.ParentRunner.runLeaf(ParentRunner.java:366)
	at org.junit.runners.BlockJUnit4ClassRunner.runChild(BlockJUnit4ClassRunner.java:103)
	at org.junit.runners.BlockJUnit4ClassRunner.runChild(BlockJUnit4ClassRunner.java:63)
	at org.junit.runners.ParentRunner$4.run(ParentRunner.java:331)
	at org.junit.runners.ParentRunner$1.schedule(ParentRunner.java:79)
	at org.junit.runners.ParentRunner.runChildren(ParentRunner.java:329)
	at org.junit.runners.ParentRunner.access$100(ParentRunner.java:66)
	at org.junit.runners.ParentRunner$2.evaluate(ParentRunner.java:293)
	at org.junit.runners.ParentRunner$3.evaluate(ParentRunner.java:306)
	at org.junit.runners.ParentRunner.run(ParentRunner.java:413)
	at org.junit.runners.Suite.runChild(Suite.java:128)
	at org.junit.runners.Suite.runChild(Suite.java:27)
	at org.junit.runners.ParentRunner$4.run(ParentRunner.java:331)
	at org.junit.runners.ParentRunner$1.schedule(ParentRunner.java:79)
	at org.junit.runners.ParentRunner.runChildren(ParentRunner.java:329)
	at org.junit.runners.ParentRunner.access$100(ParentRunner.java:66)
	at org.junit.runners.ParentRunner$2.evaluate(ParentRunner.java:293)
	at org.junit.internal.runners.statements.RunBefores.evaluate(RunBefores.java:26)
	at org.junit.internal.runners.statements.RunAfters.evaluate(RunAfters.java:27)
	at org.junit.runners.ParentRunner$3.evaluate(ParentRunner.java:306)
	at org.junit.runners.ParentRunner.run(ParentRunner.java:413)
	at org.apache.maven.surefire.junit4.JUnit4Provider.execute(JUnit4Provider.java:252)
	at org.apache.maven.surefire.junit4.JUnit4Provider.executeTestSet(JUnit4Provider.java:141)
	at org.apache.maven.surefire.junit4.JUnit4Provider.invoke(JUnit4Provider.java:112)
	at sun.reflect.NativeMethodAccessorImpl.invoke0(Native Method)
	at sun.reflect.NativeMethodAccessorImpl.invoke(NativeMethodAccessorImpl.java:62)
	at sun.reflect.DelegatingMethodAccessorImpl.invoke(DelegatingMethodAccessorImpl.java:43)
	at java.lang.reflect.Method.invoke(Method.java:498)
	at org.apache.maven.surefire.util.ReflectionUtils.invokeMethodWithArray(ReflectionUtils.java:189)
	at org.apache.maven.surefire.booter.ProviderFactory$ProviderProxy.invoke(ProviderFactory.java:165)
	at org.apache.maven.surefire.booter.ProviderFactory.invokeProvider(ProviderFactory.java:85)
	at org.apache.maven.surefire.booter.ForkedBooter.runSuitesInProcess(ForkedBooter.java:115)
	at org.apache.maven.surefire.booter.ForkedBooter.main(ForkedBooter.java:75)
Caused by: Exception [EclipseLink-4002] (Eclipse Persistence Services - 2.7.6.v20200131-b7c997804f): org.eclipse.persistence.exceptions.DatabaseException
Internal Exception: org.h2.jdbc.JdbcSQLIntegrityConstraintViolationException: La columna &quot;DIRECCION&quot; no permite valores nulos (NULL)
NULL not allowed for column &quot;DIRECCION&quot;; SQL statement:
INSERT INTO CLIENTE (ID, CIUDAD, CODIGOPOSTAL, DIRECCION, ESTADO, FECHAALTA, FECHABAJA, IDENTIFICACION, PAIS, TIPOCLIENTE, USER_USER, DTYPE) VALUES (?, ?, ?, ?, ?, ?, ?, ?, ?, ?, ?, ?) [23502-200]
Error Code: 23502
Call: INSERT INTO CLIENTE (ID, CIUDAD, CODIGOPOSTAL, DIRECCION, ESTADO, FECHAALTA, FECHABAJA, IDENTIFICACION, PAIS, TIPOCLIENTE, USER_USER, DTYPE) VALUES (?, ?, ?, ?, ?, ?, ?, ?, ?, ?, ?, ?)
	bind =&gt; [12 parameters bound]
Query: InsertObjectQuery(Cliente{
id=2
identificacion=avenida de Murcia
tipoCliente=null
estado=Activo
fechaAlta=Thu Apr 28 17:23:36 CEST 2022
fechaBaja=null
direccion=null
ciudad=Murcia
codigopostal=29845
pais=Espana
cuentasFintech={[]}}Empresa{
razon_social=UCAM})
	at org.eclipse.persistence.exceptions.DatabaseException.sqlException(DatabaseException.java:333)
	at org.eclipse.persistence.internal.databaseaccess.DatabaseAccessor.executeDirectNoSelect(DatabaseAccessor.java:908)
	at org.eclipse.persistence.internal.databaseaccess.DatabaseAccessor.executeNoSelect(DatabaseAccessor.java:970)
	at org.eclipse.persistence.internal.databaseaccess.DatabaseAccessor.basicExecuteCall(DatabaseAccessor.java:640)
	at org.eclipse.persistence.internal.databaseaccess.DatabaseAccessor.executeCall(DatabaseAccessor.java:567)
	at org.eclipse.persistence.internal.sessions.AbstractSession.basicExecuteCall(AbstractSession.java:2099)
	at org.eclipse.persistence.sessions.server.ClientSession.executeCall(ClientSession.java:313)
	at org.eclipse.persistence.internal.queries.DatasourceCallQueryMechanism.executeCall(DatasourceCallQueryMechanism.java:275)
	at org.eclipse.persistence.internal.queries.DatasourceCallQueryMechanism.insertObject(DatasourceCallQueryMechanism.java:397)
	at org.eclipse.persistence.internal.queries.StatementQueryMechanism.insertObject(StatementQueryMechanism.java:167)
	at org.eclipse.persistence.internal.queries.StatementQueryMechanism.insertObject(StatementQueryMechanism.java:182)
	at org.eclipse.persistence.internal.queries.DatabaseQueryMechanism.insertObjectForWrite(DatabaseQueryMechanism.java:504)
	at org.eclipse.persistence.queries.InsertObjectQuery.executeCommit(InsertObjectQuery.java:82)
	at org.eclipse.persistence.queries.InsertObjectQuery.executeCommitWithChangeSet(InsertObjectQuery.java:92)
	at org.eclipse.persistence.internal.queries.DatabaseQueryMechanism.executeWriteWithChangeSet(DatabaseQueryMechanism.java:316)
	at org.eclipse.persistence.queries.WriteObjectQuery.executeDatabaseQuery(WriteObjectQuery.java:60)
	at org.eclipse.persistence.queries.DatabaseQuery.execute(DatabaseQuery.java:911)
	at org.eclipse.persistence.queries.DatabaseQuery.executeInUnitOfWork(DatabaseQuery.java:810)
	at org.eclipse.persistence.queries.ObjectLevelModifyQuery.executeInUnitOfWorkObjectLevelModifyQuery(ObjectLevelModifyQuery.java:110)
	at org.eclipse.persistence.queries.ObjectLevelModifyQuery.executeInUnitOfWork(ObjectLevelModifyQuery.java:87)
	at org.eclipse.persistence.internal.sessions.UnitOfWorkImpl.internalExecuteQuery(UnitOfWorkImpl.java:2983)
	at org.eclipse.persistence.internal.sessions.AbstractSession.executeQuery(AbstractSession.java:1898)
	at org.eclipse.persistence.internal.sessions.AbstractSession.executeQuery(AbstractSession.java:1880)
	at org.eclipse.persistence.internal.sessions.AbstractSession.executeQuery(AbstractSession.java:1830)
	at org.eclipse.persistence.internal.sessions.CommitManager.commitNewObjectsForClassWithChangeSet(CommitManager.java:229)
	at org.eclipse.persistence.internal.sessions.CommitManager.commitAllObjectsForClassWithChangeSet(CommitManager.java:196)
	at org.eclipse.persistence.internal.sessions.CommitManager.commitAllObjectsWithChangeSet(CommitManager.java:141)
	at org.eclipse.persistence.internal.sessions.AbstractSession.writeAllObjectsWithChangeSet(AbstractSession.java:4398)
	at org.eclipse.persistence.internal.sessions.UnitOfWorkImpl.commitToDatabase(UnitOfWorkImpl.java:1495)
	at org.eclipse.persistence.internal.sessions.UnitOfWorkImpl.commitToDatabaseWithChangeSet(UnitOfWorkImpl.java:1585)
	at org.eclipse.persistence.internal.sessions.RepeatableWriteUnitOfWork.commitRootUnitOfWork(RepeatableWriteUnitOfWork.java:280)
	at org.eclipse.persistence.internal.sessions.UnitOfWorkImpl.commitAndResume(UnitOfWorkImpl.java:1222)
	at org.eclipse.persistence.internal.jpa.transaction.EntityTransactionImpl.commit(EntityTransactionImpl.java:136)
	... 46 more
Caused by: org.h2.jdbc.JdbcSQLIntegrityConstraintViolationException: La columna &quot;DIRECCION&quot; no permite valores nulos (NULL)
NULL not allowed for column &quot;DIRECCION&quot;; SQL statement:
INSERT INTO CLIENTE (ID, CIUDAD, CODIGOPOSTAL, DIRECCION, ESTADO, FECHAALTA, FECHABAJA, IDENTIFICACION, PAIS, TIPOCLIENTE, USER_USER, DTYPE) VALUES (?, ?, ?, ?, ?, ?, ?, ?, ?, ?, ?, ?) [23502-200]
	at org.h2.message.DbException.getJdbcSQLException(DbException.java:459)
	at org.h2.message.DbException.getJdbcSQLException(DbException.java:429)
	at org.h2.message.DbException.get(DbException.java:205)
	at org.h2.message.DbException.get(DbException.java:181)
	at org.h2.table.Column.validateConvertUpdateSequence(Column.java:374)
	at org.h2.table.Table.validateConvertUpdateSequence(Table.java:845)
	at org.h2.command.dml.Insert.insertRows(Insert.java:187)
	at org.h2.command.dml.Insert.update(Insert.java:151)
	at org.h2.command.CommandContainer.update(CommandContainer.java:198)
	at org.h2.command.Command.executeUpdate(Command.java:251)
	at org.h2.jdbc.JdbcPreparedStatement.executeUpdateInternal(JdbcPreparedStatement.java:191)
	at org.h2.jdbc.JdbcPreparedStatement.executeUpdate(JdbcPreparedStatement.java:152)
	at org.eclipse.persistence.internal.databaseaccess.DatabaseAccessor.executeDirectNoSelect(DatabaseAccessor.java:898)
	... 77 more
</error>
    <system-out>[EL Warning]: 2022-04-28 17:23:36.144--UnitOfWork(30786851)--Exception [EclipseLink-4002] (Eclipse Persistence Services - 2.7.6.v20200131-b7c997804f): org.eclipse.persistence.exceptions.DatabaseException
Internal Exception: org.h2.jdbc.JdbcSQLIntegrityConstraintViolationException: La columna &quot;DIRECCION&quot; no permite valores nulos (NULL)
NULL not allowed for column &quot;DIRECCION&quot;; SQL statement:
INSERT INTO CLIENTE (ID, CIUDAD, CODIGOPOSTAL, DIRECCION, ESTADO, FECHAALTA, FECHABAJA, IDENTIFICACION, PAIS, TIPOCLIENTE, USER_USER, DTYPE) VALUES (?, ?, ?, ?, ?, ?, ?, ?, ?, ?, ?, ?) [23502-200]
Error Code: 23502
Call: INSERT INTO CLIENTE (ID, CIUDAD, CODIGOPOSTAL, DIRECCION, ESTADO, FECHAALTA, FECHABAJA, IDENTIFICACION, PAIS, TIPOCLIENTE, USER_USER, DTYPE) VALUES (?, ?, ?, ?, ?, ?, ?, ?, ?, ?, ?, ?)
	bind =&gt; [12 parameters bound]
Query: InsertObjectQuery(Cliente{
id=2
identificacion=avenida de Murcia
tipoCliente=null
estado=Activo
fechaAlta=Thu Apr 28 17:23:36 CEST 2022
fechaBaja=null
direccion=null
ciudad=Murcia
codigopostal=29845
pais=Espana
cuentasFintech={[]}}Empresa{
razon_social=UCAM})
</system-out>
  </testcase>
  <testcase classname="ma3s.fintech.test.Reportes" name="testGestionInfNoValido" time="0.041">
    <error message="Exception [EclipseLink-4002] (Eclipse Persistence Services - 2.7.6.v20200131-b7c997804f): org.eclipse.persistence.exceptions.DatabaseException
Internal Exception: org.h2.jdbc.JdbcSQLIntegrityConstraintViolationException: La columna &quot;DIRECCION&quot; no permite valores nulos (NULL)
NULL not allowed for column &quot;DIRECCION&quot;; SQL statement:
INSERT INTO CLIENTE (ID, CIUDAD, CODIGOPOSTAL, DIRECCION, ESTADO, FECHAALTA, FECHABAJA, IDENTIFICACION, PAIS, TIPOCLIENTE, USER_USER, DTYPE) VALUES (?, ?, ?, ?, ?, ?, ?, ?, ?, ?, ?, ?) [23502-200]
Error Code: 23502
Call: INSERT INTO CLIENTE (ID, CIUDAD, CODIGOPOSTAL, DIRECCION, ESTADO, FECHAALTA, FECHABAJA, IDENTIFICACION, PAIS, TIPOCLIENTE, USER_USER, DTYPE) VALUES (?, ?, ?, ?, ?, ?, ?, ?, ?, ?, ?, ?)
	bind =&gt; [12 parameters bound]
Query: InsertObjectQuery(Cliente{
id=2
identificacion=avenida de Murcia
tipoCliente=null
estado=Activo
fechaAlta=Thu Apr 28 17:23:36 CEST 2022
fechaBaja=null
direccion=null
ciudad=Murcia
codigopostal=29845
pais=Espana
cuentasFintech={[]}}Empresa{
razon_social=UCAM})" type="javax.persistence.RollbackException">javax.persistence.RollbackException: Exception [EclipseLink-4002] (Eclipse Persistence Services - 2.7.6.v20200131-b7c997804f): org.eclipse.persistence.exceptions.DatabaseException
Internal Exception: org.h2.jdbc.JdbcSQLIntegrityConstraintViolationException: La columna &quot;DIRECCION&quot; no permite valores nulos (NULL)
NULL not allowed for column &quot;DIRECCION&quot;; SQL statement:
INSERT INTO CLIENTE (ID, CIUDAD, CODIGOPOSTAL, DIRECCION, ESTADO, FECHAALTA, FECHABAJA, IDENTIFICACION, PAIS, TIPOCLIENTE, USER_USER, DTYPE) VALUES (?, ?, ?, ?, ?, ?, ?, ?, ?, ?, ?, ?) [23502-200]
Error Code: 23502
Call: INSERT INTO CLIENTE (ID, CIUDAD, CODIGOPOSTAL, DIRECCION, ESTADO, FECHAALTA, FECHABAJA, IDENTIFICACION, PAIS, TIPOCLIENTE, USER_USER, DTYPE) VALUES (?, ?, ?, ?, ?, ?, ?, ?, ?, ?, ?, ?)
	bind =&gt; [12 parameters bound]
Query: InsertObjectQuery(Cliente{
id=2
identificacion=avenida de Murcia
tipoCliente=null
estado=Activo
fechaAlta=Thu Apr 28 17:23:36 CEST 2022
fechaBaja=null
direccion=null
ciudad=Murcia
codigopostal=29845
pais=Espana
cuentasFintech={[]}}Empresa{
razon_social=UCAM})
	at org.eclipse.persistence.internal.jpa.transaction.EntityTransactionImpl.commit(EntityTransactionImpl.java:161)
	at ma3s.fintech.test.BaseDatos.inicializaBaseDatos(BaseDatos.java:229)
	at ma3s.fintech.test.Reportes.setup(Reportes.java:26)
	at sun.reflect.NativeMethodAccessorImpl.invoke0(Native Method)
	at sun.reflect.NativeMethodAccessorImpl.invoke(NativeMethodAccessorImpl.java:62)
	at sun.reflect.DelegatingMethodAccessorImpl.invoke(DelegatingMethodAccessorImpl.java:43)
	at java.lang.reflect.Method.invoke(Method.java:498)
	at org.junit.runners.model.FrameworkMethod$1.runReflectiveCall(FrameworkMethod.java:59)
	at org.junit.internal.runners.model.ReflectiveCallable.run(ReflectiveCallable.java:12)
	at org.junit.runners.model.FrameworkMethod.invokeExplosively(FrameworkMethod.java:56)
	at org.junit.internal.runners.statements.RunBefores.invokeMethod(RunBefores.java:33)
	at org.junit.internal.runners.statements.RunBefores.evaluate(RunBefores.java:24)
	at org.junit.runners.ParentRunner$3.evaluate(ParentRunner.java:306)
	at org.junit.runners.BlockJUnit4ClassRunner$1.evaluate(BlockJUnit4ClassRunner.java:100)
	at org.junit.runners.ParentRunner.runLeaf(ParentRunner.java:366)
	at org.junit.runners.BlockJUnit4ClassRunner.runChild(BlockJUnit4ClassRunner.java:103)
	at org.junit.runners.BlockJUnit4ClassRunner.runChild(BlockJUnit4ClassRunner.java:63)
	at org.junit.runners.ParentRunner$4.run(ParentRunner.java:331)
	at org.junit.runners.ParentRunner$1.schedule(ParentRunner.java:79)
	at org.junit.runners.ParentRunner.runChildren(ParentRunner.java:329)
	at org.junit.runners.ParentRunner.access$100(ParentRunner.java:66)
	at org.junit.runners.ParentRunner$2.evaluate(ParentRunner.java:293)
	at org.junit.runners.ParentRunner$3.evaluate(ParentRunner.java:306)
	at org.junit.runners.ParentRunner.run(ParentRunner.java:413)
	at org.junit.runners.Suite.runChild(Suite.java:128)
	at org.junit.runners.Suite.runChild(Suite.java:27)
	at org.junit.runners.ParentRunner$4.run(ParentRunner.java:331)
	at org.junit.runners.ParentRunner$1.schedule(ParentRunner.java:79)
	at org.junit.runners.ParentRunner.runChildren(ParentRunner.java:329)
	at org.junit.runners.ParentRunner.access$100(ParentRunner.java:66)
	at org.junit.runners.ParentRunner$2.evaluate(ParentRunner.java:293)
	at org.junit.internal.runners.statements.RunBefores.evaluate(RunBefores.java:26)
	at org.junit.internal.runners.statements.RunAfters.evaluate(RunAfters.java:27)
	at org.junit.runners.ParentRunner$3.evaluate(ParentRunner.java:306)
	at org.junit.runners.ParentRunner.run(ParentRunner.java:413)
	at org.apache.maven.surefire.junit4.JUnit4Provider.execute(JUnit4Provider.java:252)
	at org.apache.maven.surefire.junit4.JUnit4Provider.executeTestSet(JUnit4Provider.java:141)
	at org.apache.maven.surefire.junit4.JUnit4Provider.invoke(JUnit4Provider.java:112)
	at sun.reflect.NativeMethodAccessorImpl.invoke0(Native Method)
	at sun.reflect.NativeMethodAccessorImpl.invoke(NativeMethodAccessorImpl.java:62)
	at sun.reflect.DelegatingMethodAccessorImpl.invoke(DelegatingMethodAccessorImpl.java:43)
	at java.lang.reflect.Method.invoke(Method.java:498)
	at org.apache.maven.surefire.util.ReflectionUtils.invokeMethodWithArray(ReflectionUtils.java:189)
	at org.apache.maven.surefire.booter.ProviderFactory$ProviderProxy.invoke(ProviderFactory.java:165)
	at org.apache.maven.surefire.booter.ProviderFactory.invokeProvider(ProviderFactory.java:85)
	at org.apache.maven.surefire.booter.ForkedBooter.runSuitesInProcess(ForkedBooter.java:115)
	at org.apache.maven.surefire.booter.ForkedBooter.main(ForkedBooter.java:75)
Caused by: Exception [EclipseLink-4002] (Eclipse Persistence Services - 2.7.6.v20200131-b7c997804f): org.eclipse.persistence.exceptions.DatabaseException
Internal Exception: org.h2.jdbc.JdbcSQLIntegrityConstraintViolationException: La columna &quot;DIRECCION&quot; no permite valores nulos (NULL)
NULL not allowed for column &quot;DIRECCION&quot;; SQL statement:
INSERT INTO CLIENTE (ID, CIUDAD, CODIGOPOSTAL, DIRECCION, ESTADO, FECHAALTA, FECHABAJA, IDENTIFICACION, PAIS, TIPOCLIENTE, USER_USER, DTYPE) VALUES (?, ?, ?, ?, ?, ?, ?, ?, ?, ?, ?, ?) [23502-200]
Error Code: 23502
Call: INSERT INTO CLIENTE (ID, CIUDAD, CODIGOPOSTAL, DIRECCION, ESTADO, FECHAALTA, FECHABAJA, IDENTIFICACION, PAIS, TIPOCLIENTE, USER_USER, DTYPE) VALUES (?, ?, ?, ?, ?, ?, ?, ?, ?, ?, ?, ?)
	bind =&gt; [12 parameters bound]
Query: InsertObjectQuery(Cliente{
id=2
identificacion=avenida de Murcia
tipoCliente=null
estado=Activo
fechaAlta=Thu Apr 28 17:23:36 CEST 2022
fechaBaja=null
direccion=null
ciudad=Murcia
codigopostal=29845
pais=Espana
cuentasFintech={[]}}Empresa{
razon_social=UCAM})
	at org.eclipse.persistence.exceptions.DatabaseException.sqlException(DatabaseException.java:333)
	at org.eclipse.persistence.internal.databaseaccess.DatabaseAccessor.executeDirectNoSelect(DatabaseAccessor.java:908)
	at org.eclipse.persistence.internal.databaseaccess.DatabaseAccessor.executeNoSelect(DatabaseAccessor.java:970)
	at org.eclipse.persistence.internal.databaseaccess.DatabaseAccessor.basicExecuteCall(DatabaseAccessor.java:640)
	at org.eclipse.persistence.internal.databaseaccess.DatabaseAccessor.executeCall(DatabaseAccessor.java:567)
	at org.eclipse.persistence.internal.sessions.AbstractSession.basicExecuteCall(AbstractSession.java:2099)
	at org.eclipse.persistence.sessions.server.ClientSession.executeCall(ClientSession.java:313)
	at org.eclipse.persistence.internal.queries.DatasourceCallQueryMechanism.executeCall(DatasourceCallQueryMechanism.java:275)
	at org.eclipse.persistence.internal.queries.DatasourceCallQueryMechanism.insertObject(DatasourceCallQueryMechanism.java:397)
	at org.eclipse.persistence.internal.queries.StatementQueryMechanism.insertObject(StatementQueryMechanism.java:167)
	at org.eclipse.persistence.internal.queries.StatementQueryMechanism.insertObject(StatementQueryMechanism.java:182)
	at org.eclipse.persistence.internal.queries.DatabaseQueryMechanism.insertObjectForWrite(DatabaseQueryMechanism.java:504)
	at org.eclipse.persistence.queries.InsertObjectQuery.executeCommit(InsertObjectQuery.java:82)
	at org.eclipse.persistence.queries.InsertObjectQuery.executeCommitWithChangeSet(InsertObjectQuery.java:92)
	at org.eclipse.persistence.internal.queries.DatabaseQueryMechanism.executeWriteWithChangeSet(DatabaseQueryMechanism.java:316)
	at org.eclipse.persistence.queries.WriteObjectQuery.executeDatabaseQuery(WriteObjectQuery.java:60)
	at org.eclipse.persistence.queries.DatabaseQuery.execute(DatabaseQuery.java:911)
	at org.eclipse.persistence.queries.DatabaseQuery.executeInUnitOfWork(DatabaseQuery.java:810)
	at org.eclipse.persistence.queries.ObjectLevelModifyQuery.executeInUnitOfWorkObjectLevelModifyQuery(ObjectLevelModifyQuery.java:110)
	at org.eclipse.persistence.queries.ObjectLevelModifyQuery.executeInUnitOfWork(ObjectLevelModifyQuery.java:87)
	at org.eclipse.persistence.internal.sessions.UnitOfWorkImpl.internalExecuteQuery(UnitOfWorkImpl.java:2983)
	at org.eclipse.persistence.internal.sessions.AbstractSession.executeQuery(AbstractSession.java:1898)
	at org.eclipse.persistence.internal.sessions.AbstractSession.executeQuery(AbstractSession.java:1880)
	at org.eclipse.persistence.internal.sessions.AbstractSession.executeQuery(AbstractSession.java:1830)
	at org.eclipse.persistence.internal.sessions.CommitManager.commitNewObjectsForClassWithChangeSet(CommitManager.java:229)
	at org.eclipse.persistence.internal.sessions.CommitManager.commitAllObjectsForClassWithChangeSet(CommitManager.java:196)
	at org.eclipse.persistence.internal.sessions.CommitManager.commitAllObjectsWithChangeSet(CommitManager.java:141)
	at org.eclipse.persistence.internal.sessions.AbstractSession.writeAllObjectsWithChangeSet(AbstractSession.java:4398)
	at org.eclipse.persistence.internal.sessions.UnitOfWorkImpl.commitToDatabase(UnitOfWorkImpl.java:1495)
	at org.eclipse.persistence.internal.sessions.UnitOfWorkImpl.commitToDatabaseWithChangeSet(UnitOfWorkImpl.java:1585)
	at org.eclipse.persistence.internal.sessions.RepeatableWriteUnitOfWork.commitRootUnitOfWork(RepeatableWriteUnitOfWork.java:280)
	at org.eclipse.persistence.internal.sessions.UnitOfWorkImpl.commitAndResume(UnitOfWorkImpl.java:1222)
	at org.eclipse.persistence.internal.jpa.transaction.EntityTransactionImpl.commit(EntityTransactionImpl.java:136)
	... 46 more
Caused by: org.h2.jdbc.JdbcSQLIntegrityConstraintViolationException: La columna &quot;DIRECCION&quot; no permite valores nulos (NULL)
NULL not allowed for column &quot;DIRECCION&quot;; SQL statement:
INSERT INTO CLIENTE (ID, CIUDAD, CODIGOPOSTAL, DIRECCION, ESTADO, FECHAALTA, FECHABAJA, IDENTIFICACION, PAIS, TIPOCLIENTE, USER_USER, DTYPE) VALUES (?, ?, ?, ?, ?, ?, ?, ?, ?, ?, ?, ?) [23502-200]
	at org.h2.message.DbException.getJdbcSQLException(DbException.java:459)
	at org.h2.message.DbException.getJdbcSQLException(DbException.java:429)
	at org.h2.message.DbException.get(DbException.java:205)
	at org.h2.message.DbException.get(DbException.java:181)
	at org.h2.table.Column.validateConvertUpdateSequence(Column.java:374)
	at org.h2.table.Table.validateConvertUpdateSequence(Table.java:845)
	at org.h2.command.dml.Insert.insertRows(Insert.java:187)
	at org.h2.command.dml.Insert.update(Insert.java:151)
	at org.h2.command.CommandContainer.update(CommandContainer.java:198)
	at org.h2.command.Command.executeUpdate(Command.java:251)
	at org.h2.jdbc.JdbcPreparedStatement.executeUpdateInternal(JdbcPreparedStatement.java:191)
	at org.h2.jdbc.JdbcPreparedStatement.executeUpdate(JdbcPreparedStatement.java:152)
	at org.eclipse.persistence.internal.databaseaccess.DatabaseAccessor.executeDirectNoSelect(DatabaseAccessor.java:898)
	... 77 more
</error>
    <system-out>[EL Warning]: 2022-04-28 17:23:36.19--UnitOfWork(657856337)--Exception [EclipseLink-4002] (Eclipse Persistence Services - 2.7.6.v20200131-b7c997804f): org.eclipse.persistence.exceptions.DatabaseException
Internal Exception: org.h2.jdbc.JdbcSQLIntegrityConstraintViolationException: La columna &quot;DIRECCION&quot; no permite valores nulos (NULL)
NULL not allowed for column &quot;DIRECCION&quot;; SQL statement:
INSERT INTO CLIENTE (ID, CIUDAD, CODIGOPOSTAL, DIRECCION, ESTADO, FECHAALTA, FECHABAJA, IDENTIFICACION, PAIS, TIPOCLIENTE, USER_USER, DTYPE) VALUES (?, ?, ?, ?, ?, ?, ?, ?, ?, ?, ?, ?) [23502-200]
Error Code: 23502
Call: INSERT INTO CLIENTE (ID, CIUDAD, CODIGOPOSTAL, DIRECCION, ESTADO, FECHAALTA, FECHABAJA, IDENTIFICACION, PAIS, TIPOCLIENTE, USER_USER, DTYPE) VALUES (?, ?, ?, ?, ?, ?, ?, ?, ?, ?, ?, ?)
	bind =&gt; [12 parameters bound]
Query: InsertObjectQuery(Cliente{
id=2
identificacion=avenida de Murcia
tipoCliente=null
estado=Activo
fechaAlta=Thu Apr 28 17:23:36 CEST 2022
fechaBaja=null
direccion=null
ciudad=Murcia
codigopostal=29845
pais=Espana
cuentasFintech={[]}}Empresa{
razon_social=UCAM})
</system-out>
  </testcase>
  <testcase classname="ma3s.fintech.test.Reportes" name="testPAuto" time="0.054">
    <error message="Exception [EclipseLink-4002] (Eclipse Persistence Services - 2.7.6.v20200131-b7c997804f): org.eclipse.persistence.exceptions.DatabaseException
Internal Exception: org.h2.jdbc.JdbcSQLIntegrityConstraintViolationException: La columna &quot;DIRECCION&quot; no permite valores nulos (NULL)
NULL not allowed for column &quot;DIRECCION&quot;; SQL statement:
INSERT INTO CLIENTE (ID, CIUDAD, CODIGOPOSTAL, DIRECCION, ESTADO, FECHAALTA, FECHABAJA, IDENTIFICACION, PAIS, TIPOCLIENTE, USER_USER, DTYPE) VALUES (?, ?, ?, ?, ?, ?, ?, ?, ?, ?, ?, ?) [23502-200]
Error Code: 23502
Call: INSERT INTO CLIENTE (ID, CIUDAD, CODIGOPOSTAL, DIRECCION, ESTADO, FECHAALTA, FECHABAJA, IDENTIFICACION, PAIS, TIPOCLIENTE, USER_USER, DTYPE) VALUES (?, ?, ?, ?, ?, ?, ?, ?, ?, ?, ?, ?)
	bind =&gt; [12 parameters bound]
Query: InsertObjectQuery(Cliente{
id=2
identificacion=avenida de Murcia
tipoCliente=null
estado=Activo
fechaAlta=Thu Apr 28 17:23:36 CEST 2022
fechaBaja=null
direccion=null
ciudad=Murcia
codigopostal=29845
pais=Espana
cuentasFintech={[]}}Empresa{
razon_social=UCAM})" type="javax.persistence.RollbackException">javax.persistence.RollbackException: Exception [EclipseLink-4002] (Eclipse Persistence Services - 2.7.6.v20200131-b7c997804f): org.eclipse.persistence.exceptions.DatabaseException
Internal Exception: org.h2.jdbc.JdbcSQLIntegrityConstraintViolationException: La columna &quot;DIRECCION&quot; no permite valores nulos (NULL)
NULL not allowed for column &quot;DIRECCION&quot;; SQL statement:
INSERT INTO CLIENTE (ID, CIUDAD, CODIGOPOSTAL, DIRECCION, ESTADO, FECHAALTA, FECHABAJA, IDENTIFICACION, PAIS, TIPOCLIENTE, USER_USER, DTYPE) VALUES (?, ?, ?, ?, ?, ?, ?, ?, ?, ?, ?, ?) [23502-200]
Error Code: 23502
Call: INSERT INTO CLIENTE (ID, CIUDAD, CODIGOPOSTAL, DIRECCION, ESTADO, FECHAALTA, FECHABAJA, IDENTIFICACION, PAIS, TIPOCLIENTE, USER_USER, DTYPE) VALUES (?, ?, ?, ?, ?, ?, ?, ?, ?, ?, ?, ?)
	bind =&gt; [12 parameters bound]
Query: InsertObjectQuery(Cliente{
id=2
identificacion=avenida de Murcia
tipoCliente=null
estado=Activo
fechaAlta=Thu Apr 28 17:23:36 CEST 2022
fechaBaja=null
direccion=null
ciudad=Murcia
codigopostal=29845
pais=Espana
cuentasFintech={[]}}Empresa{
razon_social=UCAM})
	at org.eclipse.persistence.internal.jpa.transaction.EntityTransactionImpl.commit(EntityTransactionImpl.java:161)
	at ma3s.fintech.test.BaseDatos.inicializaBaseDatos(BaseDatos.java:229)
	at ma3s.fintech.test.Reportes.setup(Reportes.java:26)
	at sun.reflect.NativeMethodAccessorImpl.invoke0(Native Method)
	at sun.reflect.NativeMethodAccessorImpl.invoke(NativeMethodAccessorImpl.java:62)
	at sun.reflect.DelegatingMethodAccessorImpl.invoke(DelegatingMethodAccessorImpl.java:43)
	at java.lang.reflect.Method.invoke(Method.java:498)
	at org.junit.runners.model.FrameworkMethod$1.runReflectiveCall(FrameworkMethod.java:59)
	at org.junit.internal.runners.model.ReflectiveCallable.run(ReflectiveCallable.java:12)
	at org.junit.runners.model.FrameworkMethod.invokeExplosively(FrameworkMethod.java:56)
	at org.junit.internal.runners.statements.RunBefores.invokeMethod(RunBefores.java:33)
	at org.junit.internal.runners.statements.RunBefores.evaluate(RunBefores.java:24)
	at org.junit.runners.ParentRunner$3.evaluate(ParentRunner.java:306)
	at org.junit.runners.BlockJUnit4ClassRunner$1.evaluate(BlockJUnit4ClassRunner.java:100)
	at org.junit.runners.ParentRunner.runLeaf(ParentRunner.java:366)
	at org.junit.runners.BlockJUnit4ClassRunner.runChild(BlockJUnit4ClassRunner.java:103)
	at org.junit.runners.BlockJUnit4ClassRunner.runChild(BlockJUnit4ClassRunner.java:63)
	at org.junit.runners.ParentRunner$4.run(ParentRunner.java:331)
	at org.junit.runners.ParentRunner$1.schedule(ParentRunner.java:79)
	at org.junit.runners.ParentRunner.runChildren(ParentRunner.java:329)
	at org.junit.runners.ParentRunner.access$100(ParentRunner.java:66)
	at org.junit.runners.ParentRunner$2.evaluate(ParentRunner.java:293)
	at org.junit.runners.ParentRunner$3.evaluate(ParentRunner.java:306)
	at org.junit.runners.ParentRunner.run(ParentRunner.java:413)
	at org.junit.runners.Suite.runChild(Suite.java:128)
	at org.junit.runners.Suite.runChild(Suite.java:27)
	at org.junit.runners.ParentRunner$4.run(ParentRunner.java:331)
	at org.junit.runners.ParentRunner$1.schedule(ParentRunner.java:79)
	at org.junit.runners.ParentRunner.runChildren(ParentRunner.java:329)
	at org.junit.runners.ParentRunner.access$100(ParentRunner.java:66)
	at org.junit.runners.ParentRunner$2.evaluate(ParentRunner.java:293)
	at org.junit.internal.runners.statements.RunBefores.evaluate(RunBefores.java:26)
	at org.junit.internal.runners.statements.RunAfters.evaluate(RunAfters.java:27)
	at org.junit.runners.ParentRunner$3.evaluate(ParentRunner.java:306)
	at org.junit.runners.ParentRunner.run(ParentRunner.java:413)
	at org.apache.maven.surefire.junit4.JUnit4Provider.execute(JUnit4Provider.java:252)
	at org.apache.maven.surefire.junit4.JUnit4Provider.executeTestSet(JUnit4Provider.java:141)
	at org.apache.maven.surefire.junit4.JUnit4Provider.invoke(JUnit4Provider.java:112)
	at sun.reflect.NativeMethodAccessorImpl.invoke0(Native Method)
	at sun.reflect.NativeMethodAccessorImpl.invoke(NativeMethodAccessorImpl.java:62)
	at sun.reflect.DelegatingMethodAccessorImpl.invoke(DelegatingMethodAccessorImpl.java:43)
	at java.lang.reflect.Method.invoke(Method.java:498)
	at org.apache.maven.surefire.util.ReflectionUtils.invokeMethodWithArray(ReflectionUtils.java:189)
	at org.apache.maven.surefire.booter.ProviderFactory$ProviderProxy.invoke(ProviderFactory.java:165)
	at org.apache.maven.surefire.booter.ProviderFactory.invokeProvider(ProviderFactory.java:85)
	at org.apache.maven.surefire.booter.ForkedBooter.runSuitesInProcess(ForkedBooter.java:115)
	at org.apache.maven.surefire.booter.ForkedBooter.main(ForkedBooter.java:75)
Caused by: Exception [EclipseLink-4002] (Eclipse Persistence Services - 2.7.6.v20200131-b7c997804f): org.eclipse.persistence.exceptions.DatabaseException
Internal Exception: org.h2.jdbc.JdbcSQLIntegrityConstraintViolationException: La columna &quot;DIRECCION&quot; no permite valores nulos (NULL)
NULL not allowed for column &quot;DIRECCION&quot;; SQL statement:
INSERT INTO CLIENTE (ID, CIUDAD, CODIGOPOSTAL, DIRECCION, ESTADO, FECHAALTA, FECHABAJA, IDENTIFICACION, PAIS, TIPOCLIENTE, USER_USER, DTYPE) VALUES (?, ?, ?, ?, ?, ?, ?, ?, ?, ?, ?, ?) [23502-200]
Error Code: 23502
Call: INSERT INTO CLIENTE (ID, CIUDAD, CODIGOPOSTAL, DIRECCION, ESTADO, FECHAALTA, FECHABAJA, IDENTIFICACION, PAIS, TIPOCLIENTE, USER_USER, DTYPE) VALUES (?, ?, ?, ?, ?, ?, ?, ?, ?, ?, ?, ?)
	bind =&gt; [12 parameters bound]
Query: InsertObjectQuery(Cliente{
id=2
identificacion=avenida de Murcia
tipoCliente=null
estado=Activo
fechaAlta=Thu Apr 28 17:23:36 CEST 2022
fechaBaja=null
direccion=null
ciudad=Murcia
codigopostal=29845
pais=Espana
cuentasFintech={[]}}Empresa{
razon_social=UCAM})
	at org.eclipse.persistence.exceptions.DatabaseException.sqlException(DatabaseException.java:333)
	at org.eclipse.persistence.internal.databaseaccess.DatabaseAccessor.executeDirectNoSelect(DatabaseAccessor.java:908)
	at org.eclipse.persistence.internal.databaseaccess.DatabaseAccessor.executeNoSelect(DatabaseAccessor.java:970)
	at org.eclipse.persistence.internal.databaseaccess.DatabaseAccessor.basicExecuteCall(DatabaseAccessor.java:640)
	at org.eclipse.persistence.internal.databaseaccess.DatabaseAccessor.executeCall(DatabaseAccessor.java:567)
	at org.eclipse.persistence.internal.sessions.AbstractSession.basicExecuteCall(AbstractSession.java:2099)
	at org.eclipse.persistence.sessions.server.ClientSession.executeCall(ClientSession.java:313)
	at org.eclipse.persistence.internal.queries.DatasourceCallQueryMechanism.executeCall(DatasourceCallQueryMechanism.java:275)
	at org.eclipse.persistence.internal.queries.DatasourceCallQueryMechanism.insertObject(DatasourceCallQueryMechanism.java:397)
	at org.eclipse.persistence.internal.queries.StatementQueryMechanism.insertObject(StatementQueryMechanism.java:167)
	at org.eclipse.persistence.internal.queries.StatementQueryMechanism.insertObject(StatementQueryMechanism.java:182)
	at org.eclipse.persistence.internal.queries.DatabaseQueryMechanism.insertObjectForWrite(DatabaseQueryMechanism.java:504)
	at org.eclipse.persistence.queries.InsertObjectQuery.executeCommit(InsertObjectQuery.java:82)
	at org.eclipse.persistence.queries.InsertObjectQuery.executeCommitWithChangeSet(InsertObjectQuery.java:92)
	at org.eclipse.persistence.internal.queries.DatabaseQueryMechanism.executeWriteWithChangeSet(DatabaseQueryMechanism.java:316)
	at org.eclipse.persistence.queries.WriteObjectQuery.executeDatabaseQuery(WriteObjectQuery.java:60)
	at org.eclipse.persistence.queries.DatabaseQuery.execute(DatabaseQuery.java:911)
	at org.eclipse.persistence.queries.DatabaseQuery.executeInUnitOfWork(DatabaseQuery.java:810)
	at org.eclipse.persistence.queries.ObjectLevelModifyQuery.executeInUnitOfWorkObjectLevelModifyQuery(ObjectLevelModifyQuery.java:110)
	at org.eclipse.persistence.queries.ObjectLevelModifyQuery.executeInUnitOfWork(ObjectLevelModifyQuery.java:87)
	at org.eclipse.persistence.internal.sessions.UnitOfWorkImpl.internalExecuteQuery(UnitOfWorkImpl.java:2983)
	at org.eclipse.persistence.internal.sessions.AbstractSession.executeQuery(AbstractSession.java:1898)
	at org.eclipse.persistence.internal.sessions.AbstractSession.executeQuery(AbstractSession.java:1880)
	at org.eclipse.persistence.internal.sessions.AbstractSession.executeQuery(AbstractSession.java:1830)
	at org.eclipse.persistence.internal.sessions.CommitManager.commitNewObjectsForClassWithChangeSet(CommitManager.java:229)
	at org.eclipse.persistence.internal.sessions.CommitManager.commitAllObjectsForClassWithChangeSet(CommitManager.java:196)
	at org.eclipse.persistence.internal.sessions.CommitManager.commitAllObjectsWithChangeSet(CommitManager.java:141)
	at org.eclipse.persistence.internal.sessions.AbstractSession.writeAllObjectsWithChangeSet(AbstractSession.java:4398)
	at org.eclipse.persistence.internal.sessions.UnitOfWorkImpl.commitToDatabase(UnitOfWorkImpl.java:1495)
	at org.eclipse.persistence.internal.sessions.UnitOfWorkImpl.commitToDatabaseWithChangeSet(UnitOfWorkImpl.java:1585)
	at org.eclipse.persistence.internal.sessions.RepeatableWriteUnitOfWork.commitRootUnitOfWork(RepeatableWriteUnitOfWork.java:280)
	at org.eclipse.persistence.internal.sessions.UnitOfWorkImpl.commitAndResume(UnitOfWorkImpl.java:1222)
	at org.eclipse.persistence.internal.jpa.transaction.EntityTransactionImpl.commit(EntityTransactionImpl.java:136)
	... 46 more
Caused by: org.h2.jdbc.JdbcSQLIntegrityConstraintViolationException: La columna &quot;DIRECCION&quot; no permite valores nulos (NULL)
NULL not allowed for column &quot;DIRECCION&quot;; SQL statement:
INSERT INTO CLIENTE (ID, CIUDAD, CODIGOPOSTAL, DIRECCION, ESTADO, FECHAALTA, FECHABAJA, IDENTIFICACION, PAIS, TIPOCLIENTE, USER_USER, DTYPE) VALUES (?, ?, ?, ?, ?, ?, ?, ?, ?, ?, ?, ?) [23502-200]
	at org.h2.message.DbException.getJdbcSQLException(DbException.java:459)
	at org.h2.message.DbException.getJdbcSQLException(DbException.java:429)
	at org.h2.message.DbException.get(DbException.java:205)
	at org.h2.message.DbException.get(DbException.java:181)
	at org.h2.table.Column.validateConvertUpdateSequence(Column.java:374)
	at org.h2.table.Table.validateConvertUpdateSequence(Table.java:845)
	at org.h2.command.dml.Insert.insertRows(Insert.java:187)
	at org.h2.command.dml.Insert.update(Insert.java:151)
	at org.h2.command.CommandContainer.update(CommandContainer.java:198)
	at org.h2.command.Command.executeUpdate(Command.java:251)
	at org.h2.jdbc.JdbcPreparedStatement.executeUpdateInternal(JdbcPreparedStatement.java:191)
	at org.h2.jdbc.JdbcPreparedStatement.executeUpdate(JdbcPreparedStatement.java:152)
	at org.eclipse.persistence.internal.databaseaccess.DatabaseAccessor.executeDirectNoSelect(DatabaseAccessor.java:898)
	... 77 more
</error>
    <system-out>[EL Warning]: 2022-04-28 17:23:36.243--UnitOfWork(563453261)--Exception [EclipseLink-4002] (Eclipse Persistence Services - 2.7.6.v20200131-b7c997804f): org.eclipse.persistence.exceptions.DatabaseException
Internal Exception: org.h2.jdbc.JdbcSQLIntegrityConstraintViolationException: La columna &quot;DIRECCION&quot; no permite valores nulos (NULL)
NULL not allowed for column &quot;DIRECCION&quot;; SQL statement:
INSERT INTO CLIENTE (ID, CIUDAD, CODIGOPOSTAL, DIRECCION, ESTADO, FECHAALTA, FECHABAJA, IDENTIFICACION, PAIS, TIPOCLIENTE, USER_USER, DTYPE) VALUES (?, ?, ?, ?, ?, ?, ?, ?, ?, ?, ?, ?) [23502-200]
Error Code: 23502
Call: INSERT INTO CLIENTE (ID, CIUDAD, CODIGOPOSTAL, DIRECCION, ESTADO, FECHAALTA, FECHABAJA, IDENTIFICACION, PAIS, TIPOCLIENTE, USER_USER, DTYPE) VALUES (?, ?, ?, ?, ?, ?, ?, ?, ?, ?, ?, ?)
	bind =&gt; [12 parameters bound]
Query: InsertObjectQuery(Cliente{
id=2
identificacion=avenida de Murcia
tipoCliente=null
estado=Activo
fechaAlta=Thu Apr 28 17:23:36 CEST 2022
fechaBaja=null
direccion=null
ciudad=Murcia
codigopostal=29845
pais=Espana
cuentasFintech={[]}}Empresa{
razon_social=UCAM})
</system-out>
  </testcase>
  <testcase classname="ma3s.fintech.test.Reportes" name="testGestionInfValido" time="0.048">
    <error message="Exception [EclipseLink-4002] (Eclipse Persistence Services - 2.7.6.v20200131-b7c997804f): org.eclipse.persistence.exceptions.DatabaseException
Internal Exception: org.h2.jdbc.JdbcSQLIntegrityConstraintViolationException: La columna &quot;DIRECCION&quot; no permite valores nulos (NULL)
NULL not allowed for column &quot;DIRECCION&quot;; SQL statement:
INSERT INTO CLIENTE (ID, CIUDAD, CODIGOPOSTAL, DIRECCION, ESTADO, FECHAALTA, FECHABAJA, IDENTIFICACION, PAIS, TIPOCLIENTE, USER_USER, DTYPE) VALUES (?, ?, ?, ?, ?, ?, ?, ?, ?, ?, ?, ?) [23502-200]
Error Code: 23502
Call: INSERT INTO CLIENTE (ID, CIUDAD, CODIGOPOSTAL, DIRECCION, ESTADO, FECHAALTA, FECHABAJA, IDENTIFICACION, PAIS, TIPOCLIENTE, USER_USER, DTYPE) VALUES (?, ?, ?, ?, ?, ?, ?, ?, ?, ?, ?, ?)
	bind =&gt; [12 parameters bound]
Query: InsertObjectQuery(Cliente{
id=2
identificacion=avenida de Murcia
tipoCliente=null
estado=Activo
fechaAlta=Thu Apr 28 17:23:36 CEST 2022
fechaBaja=null
direccion=null
ciudad=Murcia
codigopostal=29845
pais=Espana
cuentasFintech={[]}}Empresa{
razon_social=UCAM})" type="javax.persistence.RollbackException">javax.persistence.RollbackException: Exception [EclipseLink-4002] (Eclipse Persistence Services - 2.7.6.v20200131-b7c997804f): org.eclipse.persistence.exceptions.DatabaseException
Internal Exception: org.h2.jdbc.JdbcSQLIntegrityConstraintViolationException: La columna &quot;DIRECCION&quot; no permite valores nulos (NULL)
NULL not allowed for column &quot;DIRECCION&quot;; SQL statement:
INSERT INTO CLIENTE (ID, CIUDAD, CODIGOPOSTAL, DIRECCION, ESTADO, FECHAALTA, FECHABAJA, IDENTIFICACION, PAIS, TIPOCLIENTE, USER_USER, DTYPE) VALUES (?, ?, ?, ?, ?, ?, ?, ?, ?, ?, ?, ?) [23502-200]
Error Code: 23502
Call: INSERT INTO CLIENTE (ID, CIUDAD, CODIGOPOSTAL, DIRECCION, ESTADO, FECHAALTA, FECHABAJA, IDENTIFICACION, PAIS, TIPOCLIENTE, USER_USER, DTYPE) VALUES (?, ?, ?, ?, ?, ?, ?, ?, ?, ?, ?, ?)
	bind =&gt; [12 parameters bound]
Query: InsertObjectQuery(Cliente{
id=2
identificacion=avenida de Murcia
tipoCliente=null
estado=Activo
fechaAlta=Thu Apr 28 17:23:36 CEST 2022
fechaBaja=null
direccion=null
ciudad=Murcia
codigopostal=29845
pais=Espana
cuentasFintech={[]}}Empresa{
razon_social=UCAM})
	at org.eclipse.persistence.internal.jpa.transaction.EntityTransactionImpl.commit(EntityTransactionImpl.java:161)
	at ma3s.fintech.test.BaseDatos.inicializaBaseDatos(BaseDatos.java:229)
	at ma3s.fintech.test.Reportes.setup(Reportes.java:26)
	at sun.reflect.NativeMethodAccessorImpl.invoke0(Native Method)
	at sun.reflect.NativeMethodAccessorImpl.invoke(NativeMethodAccessorImpl.java:62)
	at sun.reflect.DelegatingMethodAccessorImpl.invoke(DelegatingMethodAccessorImpl.java:43)
	at java.lang.reflect.Method.invoke(Method.java:498)
	at org.junit.runners.model.FrameworkMethod$1.runReflectiveCall(FrameworkMethod.java:59)
	at org.junit.internal.runners.model.ReflectiveCallable.run(ReflectiveCallable.java:12)
	at org.junit.runners.model.FrameworkMethod.invokeExplosively(FrameworkMethod.java:56)
	at org.junit.internal.runners.statements.RunBefores.invokeMethod(RunBefores.java:33)
	at org.junit.internal.runners.statements.RunBefores.evaluate(RunBefores.java:24)
	at org.junit.runners.ParentRunner$3.evaluate(ParentRunner.java:306)
	at org.junit.runners.BlockJUnit4ClassRunner$1.evaluate(BlockJUnit4ClassRunner.java:100)
	at org.junit.runners.ParentRunner.runLeaf(ParentRunner.java:366)
	at org.junit.runners.BlockJUnit4ClassRunner.runChild(BlockJUnit4ClassRunner.java:103)
	at org.junit.runners.BlockJUnit4ClassRunner.runChild(BlockJUnit4ClassRunner.java:63)
	at org.junit.runners.ParentRunner$4.run(ParentRunner.java:331)
	at org.junit.runners.ParentRunner$1.schedule(ParentRunner.java:79)
	at org.junit.runners.ParentRunner.runChildren(ParentRunner.java:329)
	at org.junit.runners.ParentRunner.access$100(ParentRunner.java:66)
	at org.junit.runners.ParentRunner$2.evaluate(ParentRunner.java:293)
	at org.junit.runners.ParentRunner$3.evaluate(ParentRunner.java:306)
	at org.junit.runners.ParentRunner.run(ParentRunner.java:413)
	at org.junit.runners.Suite.runChild(Suite.java:128)
	at org.junit.runners.Suite.runChild(Suite.java:27)
	at org.junit.runners.ParentRunner$4.run(ParentRunner.java:331)
	at org.junit.runners.ParentRunner$1.schedule(ParentRunner.java:79)
	at org.junit.runners.ParentRunner.runChildren(ParentRunner.java:329)
	at org.junit.runners.ParentRunner.access$100(ParentRunner.java:66)
	at org.junit.runners.ParentRunner$2.evaluate(ParentRunner.java:293)
	at org.junit.internal.runners.statements.RunBefores.evaluate(RunBefores.java:26)
	at org.junit.internal.runners.statements.RunAfters.evaluate(RunAfters.java:27)
	at org.junit.runners.ParentRunner$3.evaluate(ParentRunner.java:306)
	at org.junit.runners.ParentRunner.run(ParentRunner.java:413)
	at org.apache.maven.surefire.junit4.JUnit4Provider.execute(JUnit4Provider.java:252)
	at org.apache.maven.surefire.junit4.JUnit4Provider.executeTestSet(JUnit4Provider.java:141)
	at org.apache.maven.surefire.junit4.JUnit4Provider.invoke(JUnit4Provider.java:112)
	at sun.reflect.NativeMethodAccessorImpl.invoke0(Native Method)
	at sun.reflect.NativeMethodAccessorImpl.invoke(NativeMethodAccessorImpl.java:62)
	at sun.reflect.DelegatingMethodAccessorImpl.invoke(DelegatingMethodAccessorImpl.java:43)
	at java.lang.reflect.Method.invoke(Method.java:498)
	at org.apache.maven.surefire.util.ReflectionUtils.invokeMethodWithArray(ReflectionUtils.java:189)
	at org.apache.maven.surefire.booter.ProviderFactory$ProviderProxy.invoke(ProviderFactory.java:165)
	at org.apache.maven.surefire.booter.ProviderFactory.invokeProvider(ProviderFactory.java:85)
	at org.apache.maven.surefire.booter.ForkedBooter.runSuitesInProcess(ForkedBooter.java:115)
	at org.apache.maven.surefire.booter.ForkedBooter.main(ForkedBooter.java:75)
Caused by: Exception [EclipseLink-4002] (Eclipse Persistence Services - 2.7.6.v20200131-b7c997804f): org.eclipse.persistence.exceptions.DatabaseException
Internal Exception: org.h2.jdbc.JdbcSQLIntegrityConstraintViolationException: La columna &quot;DIRECCION&quot; no permite valores nulos (NULL)
NULL not allowed for column &quot;DIRECCION&quot;; SQL statement:
INSERT INTO CLIENTE (ID, CIUDAD, CODIGOPOSTAL, DIRECCION, ESTADO, FECHAALTA, FECHABAJA, IDENTIFICACION, PAIS, TIPOCLIENTE, USER_USER, DTYPE) VALUES (?, ?, ?, ?, ?, ?, ?, ?, ?, ?, ?, ?) [23502-200]
Error Code: 23502
Call: INSERT INTO CLIENTE (ID, CIUDAD, CODIGOPOSTAL, DIRECCION, ESTADO, FECHAALTA, FECHABAJA, IDENTIFICACION, PAIS, TIPOCLIENTE, USER_USER, DTYPE) VALUES (?, ?, ?, ?, ?, ?, ?, ?, ?, ?, ?, ?)
	bind =&gt; [12 parameters bound]
Query: InsertObjectQuery(Cliente{
id=2
identificacion=avenida de Murcia
tipoCliente=null
estado=Activo
fechaAlta=Thu Apr 28 17:23:36 CEST 2022
fechaBaja=null
direccion=null
ciudad=Murcia
codigopostal=29845
pais=Espana
cuentasFintech={[]}}Empresa{
razon_social=UCAM})
	at org.eclipse.persistence.exceptions.DatabaseException.sqlException(DatabaseException.java:333)
	at org.eclipse.persistence.internal.databaseaccess.DatabaseAccessor.executeDirectNoSelect(DatabaseAccessor.java:908)
	at org.eclipse.persistence.internal.databaseaccess.DatabaseAccessor.executeNoSelect(DatabaseAccessor.java:970)
	at org.eclipse.persistence.internal.databaseaccess.DatabaseAccessor.basicExecuteCall(DatabaseAccessor.java:640)
	at org.eclipse.persistence.internal.databaseaccess.DatabaseAccessor.executeCall(DatabaseAccessor.java:567)
	at org.eclipse.persistence.internal.sessions.AbstractSession.basicExecuteCall(AbstractSession.java:2099)
	at org.eclipse.persistence.sessions.server.ClientSession.executeCall(ClientSession.java:313)
	at org.eclipse.persistence.internal.queries.DatasourceCallQueryMechanism.executeCall(DatasourceCallQueryMechanism.java:275)
	at org.eclipse.persistence.internal.queries.DatasourceCallQueryMechanism.insertObject(DatasourceCallQueryMechanism.java:397)
	at org.eclipse.persistence.internal.queries.StatementQueryMechanism.insertObject(StatementQueryMechanism.java:167)
	at org.eclipse.persistence.internal.queries.StatementQueryMechanism.insertObject(StatementQueryMechanism.java:182)
	at org.eclipse.persistence.internal.queries.DatabaseQueryMechanism.insertObjectForWrite(DatabaseQueryMechanism.java:504)
	at org.eclipse.persistence.queries.InsertObjectQuery.executeCommit(InsertObjectQuery.java:82)
	at org.eclipse.persistence.queries.InsertObjectQuery.executeCommitWithChangeSet(InsertObjectQuery.java:92)
	at org.eclipse.persistence.internal.queries.DatabaseQueryMechanism.executeWriteWithChangeSet(DatabaseQueryMechanism.java:316)
	at org.eclipse.persistence.queries.WriteObjectQuery.executeDatabaseQuery(WriteObjectQuery.java:60)
	at org.eclipse.persistence.queries.DatabaseQuery.execute(DatabaseQuery.java:911)
	at org.eclipse.persistence.queries.DatabaseQuery.executeInUnitOfWork(DatabaseQuery.java:810)
	at org.eclipse.persistence.queries.ObjectLevelModifyQuery.executeInUnitOfWorkObjectLevelModifyQuery(ObjectLevelModifyQuery.java:110)
	at org.eclipse.persistence.queries.ObjectLevelModifyQuery.executeInUnitOfWork(ObjectLevelModifyQuery.java:87)
	at org.eclipse.persistence.internal.sessions.UnitOfWorkImpl.internalExecuteQuery(UnitOfWorkImpl.java:2983)
	at org.eclipse.persistence.internal.sessions.AbstractSession.executeQuery(AbstractSession.java:1898)
	at org.eclipse.persistence.internal.sessions.AbstractSession.executeQuery(AbstractSession.java:1880)
	at org.eclipse.persistence.internal.sessions.AbstractSession.executeQuery(AbstractSession.java:1830)
	at org.eclipse.persistence.internal.sessions.CommitManager.commitNewObjectsForClassWithChangeSet(CommitManager.java:229)
	at org.eclipse.persistence.internal.sessions.CommitManager.commitAllObjectsForClassWithChangeSet(CommitManager.java:196)
	at org.eclipse.persistence.internal.sessions.CommitManager.commitAllObjectsWithChangeSet(CommitManager.java:141)
	at org.eclipse.persistence.internal.sessions.AbstractSession.writeAllObjectsWithChangeSet(AbstractSession.java:4398)
	at org.eclipse.persistence.internal.sessions.UnitOfWorkImpl.commitToDatabase(UnitOfWorkImpl.java:1495)
	at org.eclipse.persistence.internal.sessions.UnitOfWorkImpl.commitToDatabaseWithChangeSet(UnitOfWorkImpl.java:1585)
	at org.eclipse.persistence.internal.sessions.RepeatableWriteUnitOfWork.commitRootUnitOfWork(RepeatableWriteUnitOfWork.java:280)
	at org.eclipse.persistence.internal.sessions.UnitOfWorkImpl.commitAndResume(UnitOfWorkImpl.java:1222)
	at org.eclipse.persistence.internal.jpa.transaction.EntityTransactionImpl.commit(EntityTransactionImpl.java:136)
	... 46 more
Caused by: org.h2.jdbc.JdbcSQLIntegrityConstraintViolationException: La columna &quot;DIRECCION&quot; no permite valores nulos (NULL)
NULL not allowed for column &quot;DIRECCION&quot;; SQL statement:
INSERT INTO CLIENTE (ID, CIUDAD, CODIGOPOSTAL, DIRECCION, ESTADO, FECHAALTA, FECHABAJA, IDENTIFICACION, PAIS, TIPOCLIENTE, USER_USER, DTYPE) VALUES (?, ?, ?, ?, ?, ?, ?, ?, ?, ?, ?, ?) [23502-200]
	at org.h2.message.DbException.getJdbcSQLException(DbException.java:459)
	at org.h2.message.DbException.getJdbcSQLException(DbException.java:429)
	at org.h2.message.DbException.get(DbException.java:205)
	at org.h2.message.DbException.get(DbException.java:181)
	at org.h2.table.Column.validateConvertUpdateSequence(Column.java:374)
	at org.h2.table.Table.validateConvertUpdateSequence(Table.java:845)
	at org.h2.command.dml.Insert.insertRows(Insert.java:187)
	at org.h2.command.dml.Insert.update(Insert.java:151)
	at org.h2.command.CommandContainer.update(CommandContainer.java:198)
	at org.h2.command.Command.executeUpdate(Command.java:251)
	at org.h2.jdbc.JdbcPreparedStatement.executeUpdateInternal(JdbcPreparedStatement.java:191)
	at org.h2.jdbc.JdbcPreparedStatement.executeUpdate(JdbcPreparedStatement.java:152)
	at org.eclipse.persistence.internal.databaseaccess.DatabaseAccessor.executeDirectNoSelect(DatabaseAccessor.java:898)
	... 77 more
</error>
    <system-out>[EL Warning]: 2022-04-28 17:23:36.291--UnitOfWork(999336164)--Exception [EclipseLink-4002] (Eclipse Persistence Services - 2.7.6.v20200131-b7c997804f): org.eclipse.persistence.exceptions.DatabaseException
Internal Exception: org.h2.jdbc.JdbcSQLIntegrityConstraintViolationException: La columna &quot;DIRECCION&quot; no permite valores nulos (NULL)
NULL not allowed for column &quot;DIRECCION&quot;; SQL statement:
INSERT INTO CLIENTE (ID, CIUDAD, CODIGOPOSTAL, DIRECCION, ESTADO, FECHAALTA, FECHABAJA, IDENTIFICACION, PAIS, TIPOCLIENTE, USER_USER, DTYPE) VALUES (?, ?, ?, ?, ?, ?, ?, ?, ?, ?, ?, ?) [23502-200]
Error Code: 23502
Call: INSERT INTO CLIENTE (ID, CIUDAD, CODIGOPOSTAL, DIRECCION, ESTADO, FECHAALTA, FECHABAJA, IDENTIFICACION, PAIS, TIPOCLIENTE, USER_USER, DTYPE) VALUES (?, ?, ?, ?, ?, ?, ?, ?, ?, ?, ?, ?)
	bind =&gt; [12 parameters bound]
Query: InsertObjectQuery(Cliente{
id=2
identificacion=avenida de Murcia
tipoCliente=null
estado=Activo
fechaAlta=Thu Apr 28 17:23:36 CEST 2022
fechaBaja=null
direccion=null
ciudad=Murcia
codigopostal=29845
pais=Espana
cuentasFintech={[]}}Empresa{
razon_social=UCAM})
</system-out>
  </testcase>
  <testcase classname="ma3s.fintech.test.Reportes" name="testGestionClienteApiError" time="0.051">
    <error message="Exception [EclipseLink-4002] (Eclipse Persistence Services - 2.7.6.v20200131-b7c997804f): org.eclipse.persistence.exceptions.DatabaseException
Internal Exception: org.h2.jdbc.JdbcSQLIntegrityConstraintViolationException: La columna &quot;DIRECCION&quot; no permite valores nulos (NULL)
NULL not allowed for column &quot;DIRECCION&quot;; SQL statement:
INSERT INTO CLIENTE (ID, CIUDAD, CODIGOPOSTAL, DIRECCION, ESTADO, FECHAALTA, FECHABAJA, IDENTIFICACION, PAIS, TIPOCLIENTE, USER_USER, DTYPE) VALUES (?, ?, ?, ?, ?, ?, ?, ?, ?, ?, ?, ?) [23502-200]
Error Code: 23502
Call: INSERT INTO CLIENTE (ID, CIUDAD, CODIGOPOSTAL, DIRECCION, ESTADO, FECHAALTA, FECHABAJA, IDENTIFICACION, PAIS, TIPOCLIENTE, USER_USER, DTYPE) VALUES (?, ?, ?, ?, ?, ?, ?, ?, ?, ?, ?, ?)
	bind =&gt; [12 parameters bound]
Query: InsertObjectQuery(Cliente{
id=1
identificacion=Avenia Plutarco
tipoCliente=null
estado=Activo
fechaAlta=Thu Apr 28 17:23:36 CEST 2022
fechaBaja=null
direccion=null
ciudad=Malaga
codigopostal=29004
pais=Espana
cuentasFintech={[]}}Empresa{
razon_social=UMA})" type="javax.persistence.RollbackException">javax.persistence.RollbackException: Exception [EclipseLink-4002] (Eclipse Persistence Services - 2.7.6.v20200131-b7c997804f): org.eclipse.persistence.exceptions.DatabaseException
Internal Exception: org.h2.jdbc.JdbcSQLIntegrityConstraintViolationException: La columna &quot;DIRECCION&quot; no permite valores nulos (NULL)
NULL not allowed for column &quot;DIRECCION&quot;; SQL statement:
INSERT INTO CLIENTE (ID, CIUDAD, CODIGOPOSTAL, DIRECCION, ESTADO, FECHAALTA, FECHABAJA, IDENTIFICACION, PAIS, TIPOCLIENTE, USER_USER, DTYPE) VALUES (?, ?, ?, ?, ?, ?, ?, ?, ?, ?, ?, ?) [23502-200]
Error Code: 23502
Call: INSERT INTO CLIENTE (ID, CIUDAD, CODIGOPOSTAL, DIRECCION, ESTADO, FECHAALTA, FECHABAJA, IDENTIFICACION, PAIS, TIPOCLIENTE, USER_USER, DTYPE) VALUES (?, ?, ?, ?, ?, ?, ?, ?, ?, ?, ?, ?)
	bind =&gt; [12 parameters bound]
Query: InsertObjectQuery(Cliente{
id=1
identificacion=Avenia Plutarco
tipoCliente=null
estado=Activo
fechaAlta=Thu Apr 28 17:23:36 CEST 2022
fechaBaja=null
direccion=null
ciudad=Malaga
codigopostal=29004
pais=Espana
cuentasFintech={[]}}Empresa{
razon_social=UMA})
	at org.eclipse.persistence.internal.jpa.transaction.EntityTransactionImpl.commit(EntityTransactionImpl.java:161)
	at ma3s.fintech.test.BaseDatos.inicializaBaseDatos(BaseDatos.java:229)
	at ma3s.fintech.test.Reportes.setup(Reportes.java:26)
	at sun.reflect.NativeMethodAccessorImpl.invoke0(Native Method)
	at sun.reflect.NativeMethodAccessorImpl.invoke(NativeMethodAccessorImpl.java:62)
	at sun.reflect.DelegatingMethodAccessorImpl.invoke(DelegatingMethodAccessorImpl.java:43)
	at java.lang.reflect.Method.invoke(Method.java:498)
	at org.junit.runners.model.FrameworkMethod$1.runReflectiveCall(FrameworkMethod.java:59)
	at org.junit.internal.runners.model.ReflectiveCallable.run(ReflectiveCallable.java:12)
	at org.junit.runners.model.FrameworkMethod.invokeExplosively(FrameworkMethod.java:56)
	at org.junit.internal.runners.statements.RunBefores.invokeMethod(RunBefores.java:33)
	at org.junit.internal.runners.statements.RunBefores.evaluate(RunBefores.java:24)
	at org.junit.runners.ParentRunner$3.evaluate(ParentRunner.java:306)
	at org.junit.runners.BlockJUnit4ClassRunner$1.evaluate(BlockJUnit4ClassRunner.java:100)
	at org.junit.runners.ParentRunner.runLeaf(ParentRunner.java:366)
	at org.junit.runners.BlockJUnit4ClassRunner.runChild(BlockJUnit4ClassRunner.java:103)
	at org.junit.runners.BlockJUnit4ClassRunner.runChild(BlockJUnit4ClassRunner.java:63)
	at org.junit.runners.ParentRunner$4.run(ParentRunner.java:331)
	at org.junit.runners.ParentRunner$1.schedule(ParentRunner.java:79)
	at org.junit.runners.ParentRunner.runChildren(ParentRunner.java:329)
	at org.junit.runners.ParentRunner.access$100(ParentRunner.java:66)
	at org.junit.runners.ParentRunner$2.evaluate(ParentRunner.java:293)
	at org.junit.runners.ParentRunner$3.evaluate(ParentRunner.java:306)
	at org.junit.runners.ParentRunner.run(ParentRunner.java:413)
	at org.junit.runners.Suite.runChild(Suite.java:128)
	at org.junit.runners.Suite.runChild(Suite.java:27)
	at org.junit.runners.ParentRunner$4.run(ParentRunner.java:331)
	at org.junit.runners.ParentRunner$1.schedule(ParentRunner.java:79)
	at org.junit.runners.ParentRunner.runChildren(ParentRunner.java:329)
	at org.junit.runners.ParentRunner.access$100(ParentRunner.java:66)
	at org.junit.runners.ParentRunner$2.evaluate(ParentRunner.java:293)
	at org.junit.internal.runners.statements.RunBefores.evaluate(RunBefores.java:26)
	at org.junit.internal.runners.statements.RunAfters.evaluate(RunAfters.java:27)
	at org.junit.runners.ParentRunner$3.evaluate(ParentRunner.java:306)
	at org.junit.runners.ParentRunner.run(ParentRunner.java:413)
	at org.apache.maven.surefire.junit4.JUnit4Provider.execute(JUnit4Provider.java:252)
	at org.apache.maven.surefire.junit4.JUnit4Provider.executeTestSet(JUnit4Provider.java:141)
	at org.apache.maven.surefire.junit4.JUnit4Provider.invoke(JUnit4Provider.java:112)
	at sun.reflect.NativeMethodAccessorImpl.invoke0(Native Method)
	at sun.reflect.NativeMethodAccessorImpl.invoke(NativeMethodAccessorImpl.java:62)
	at sun.reflect.DelegatingMethodAccessorImpl.invoke(DelegatingMethodAccessorImpl.java:43)
	at java.lang.reflect.Method.invoke(Method.java:498)
	at org.apache.maven.surefire.util.ReflectionUtils.invokeMethodWithArray(ReflectionUtils.java:189)
	at org.apache.maven.surefire.booter.ProviderFactory$ProviderProxy.invoke(ProviderFactory.java:165)
	at org.apache.maven.surefire.booter.ProviderFactory.invokeProvider(ProviderFactory.java:85)
	at org.apache.maven.surefire.booter.ForkedBooter.runSuitesInProcess(ForkedBooter.java:115)
	at org.apache.maven.surefire.booter.ForkedBooter.main(ForkedBooter.java:75)
Caused by: Exception [EclipseLink-4002] (Eclipse Persistence Services - 2.7.6.v20200131-b7c997804f): org.eclipse.persistence.exceptions.DatabaseException
Internal Exception: org.h2.jdbc.JdbcSQLIntegrityConstraintViolationException: La columna &quot;DIRECCION&quot; no permite valores nulos (NULL)
NULL not allowed for column &quot;DIRECCION&quot;; SQL statement:
INSERT INTO CLIENTE (ID, CIUDAD, CODIGOPOSTAL, DIRECCION, ESTADO, FECHAALTA, FECHABAJA, IDENTIFICACION, PAIS, TIPOCLIENTE, USER_USER, DTYPE) VALUES (?, ?, ?, ?, ?, ?, ?, ?, ?, ?, ?, ?) [23502-200]
Error Code: 23502
Call: INSERT INTO CLIENTE (ID, CIUDAD, CODIGOPOSTAL, DIRECCION, ESTADO, FECHAALTA, FECHABAJA, IDENTIFICACION, PAIS, TIPOCLIENTE, USER_USER, DTYPE) VALUES (?, ?, ?, ?, ?, ?, ?, ?, ?, ?, ?, ?)
	bind =&gt; [12 parameters bound]
Query: InsertObjectQuery(Cliente{
id=1
identificacion=Avenia Plutarco
tipoCliente=null
estado=Activo
fechaAlta=Thu Apr 28 17:23:36 CEST 2022
fechaBaja=null
direccion=null
ciudad=Malaga
codigopostal=29004
pais=Espana
cuentasFintech={[]}}Empresa{
razon_social=UMA})
	at org.eclipse.persistence.exceptions.DatabaseException.sqlException(DatabaseException.java:333)
	at org.eclipse.persistence.internal.databaseaccess.DatabaseAccessor.executeDirectNoSelect(DatabaseAccessor.java:908)
	at org.eclipse.persistence.internal.databaseaccess.DatabaseAccessor.executeNoSelect(DatabaseAccessor.java:970)
	at org.eclipse.persistence.internal.databaseaccess.DatabaseAccessor.basicExecuteCall(DatabaseAccessor.java:640)
	at org.eclipse.persistence.internal.databaseaccess.DatabaseAccessor.executeCall(DatabaseAccessor.java:567)
	at org.eclipse.persistence.internal.sessions.AbstractSession.basicExecuteCall(AbstractSession.java:2099)
	at org.eclipse.persistence.sessions.server.ClientSession.executeCall(ClientSession.java:313)
	at org.eclipse.persistence.internal.queries.DatasourceCallQueryMechanism.executeCall(DatasourceCallQueryMechanism.java:275)
	at org.eclipse.persistence.internal.queries.DatasourceCallQueryMechanism.insertObject(DatasourceCallQueryMechanism.java:397)
	at org.eclipse.persistence.internal.queries.StatementQueryMechanism.insertObject(StatementQueryMechanism.java:167)
	at org.eclipse.persistence.internal.queries.StatementQueryMechanism.insertObject(StatementQueryMechanism.java:182)
	at org.eclipse.persistence.internal.queries.DatabaseQueryMechanism.insertObjectForWrite(DatabaseQueryMechanism.java:504)
	at org.eclipse.persistence.queries.InsertObjectQuery.executeCommit(InsertObjectQuery.java:82)
	at org.eclipse.persistence.queries.InsertObjectQuery.executeCommitWithChangeSet(InsertObjectQuery.java:92)
	at org.eclipse.persistence.internal.queries.DatabaseQueryMechanism.executeWriteWithChangeSet(DatabaseQueryMechanism.java:316)
	at org.eclipse.persistence.queries.WriteObjectQuery.executeDatabaseQuery(WriteObjectQuery.java:60)
	at org.eclipse.persistence.queries.DatabaseQuery.execute(DatabaseQuery.java:911)
	at org.eclipse.persistence.queries.DatabaseQuery.executeInUnitOfWork(DatabaseQuery.java:810)
	at org.eclipse.persistence.queries.ObjectLevelModifyQuery.executeInUnitOfWorkObjectLevelModifyQuery(ObjectLevelModifyQuery.java:110)
	at org.eclipse.persistence.queries.ObjectLevelModifyQuery.executeInUnitOfWork(ObjectLevelModifyQuery.java:87)
	at org.eclipse.persistence.internal.sessions.UnitOfWorkImpl.internalExecuteQuery(UnitOfWorkImpl.java:2983)
	at org.eclipse.persistence.internal.sessions.AbstractSession.executeQuery(AbstractSession.java:1898)
	at org.eclipse.persistence.internal.sessions.AbstractSession.executeQuery(AbstractSession.java:1880)
	at org.eclipse.persistence.internal.sessions.AbstractSession.executeQuery(AbstractSession.java:1830)
	at org.eclipse.persistence.internal.sessions.CommitManager.commitNewObjectsForClassWithChangeSet(CommitManager.java:229)
	at org.eclipse.persistence.internal.sessions.CommitManager.commitAllObjectsForClassWithChangeSet(CommitManager.java:196)
	at org.eclipse.persistence.internal.sessions.CommitManager.commitAllObjectsWithChangeSet(CommitManager.java:141)
	at org.eclipse.persistence.internal.sessions.AbstractSession.writeAllObjectsWithChangeSet(AbstractSession.java:4398)
	at org.eclipse.persistence.internal.sessions.UnitOfWorkImpl.commitToDatabase(UnitOfWorkImpl.java:1495)
	at org.eclipse.persistence.internal.sessions.UnitOfWorkImpl.commitToDatabaseWithChangeSet(UnitOfWorkImpl.java:1585)
	at org.eclipse.persistence.internal.sessions.RepeatableWriteUnitOfWork.commitRootUnitOfWork(RepeatableWriteUnitOfWork.java:280)
	at org.eclipse.persistence.internal.sessions.UnitOfWorkImpl.commitAndResume(UnitOfWorkImpl.java:1222)
	at org.eclipse.persistence.internal.jpa.transaction.EntityTransactionImpl.commit(EntityTransactionImpl.java:136)
	... 46 more
Caused by: org.h2.jdbc.JdbcSQLIntegrityConstraintViolationException: La columna &quot;DIRECCION&quot; no permite valores nulos (NULL)
NULL not allowed for column &quot;DIRECCION&quot;; SQL statement:
INSERT INTO CLIENTE (ID, CIUDAD, CODIGOPOSTAL, DIRECCION, ESTADO, FECHAALTA, FECHABAJA, IDENTIFICACION, PAIS, TIPOCLIENTE, USER_USER, DTYPE) VALUES (?, ?, ?, ?, ?, ?, ?, ?, ?, ?, ?, ?) [23502-200]
	at org.h2.message.DbException.getJdbcSQLException(DbException.java:459)
	at org.h2.message.DbException.getJdbcSQLException(DbException.java:429)
	at org.h2.message.DbException.get(DbException.java:205)
	at org.h2.message.DbException.get(DbException.java:181)
	at org.h2.table.Column.validateConvertUpdateSequence(Column.java:374)
	at org.h2.table.Table.validateConvertUpdateSequence(Table.java:845)
	at org.h2.command.dml.Insert.insertRows(Insert.java:187)
	at org.h2.command.dml.Insert.update(Insert.java:151)
	at org.h2.command.CommandContainer.update(CommandContainer.java:198)
	at org.h2.command.Command.executeUpdate(Command.java:251)
	at org.h2.jdbc.JdbcPreparedStatement.executeUpdateInternal(JdbcPreparedStatement.java:191)
	at org.h2.jdbc.JdbcPreparedStatement.executeUpdate(JdbcPreparedStatement.java:152)
	at org.eclipse.persistence.internal.databaseaccess.DatabaseAccessor.executeDirectNoSelect(DatabaseAccessor.java:898)
	... 77 more
</error>
    <system-out>[EL Warning]: 2022-04-28 17:23:36.345--UnitOfWork(643987127)--Exception [EclipseLink-4002] (Eclipse Persistence Services - 2.7.6.v20200131-b7c997804f): org.eclipse.persistence.exceptions.DatabaseException
Internal Exception: org.h2.jdbc.JdbcSQLIntegrityConstraintViolationException: La columna &quot;DIRECCION&quot; no permite valores nulos (NULL)
NULL not allowed for column &quot;DIRECCION&quot;; SQL statement:
INSERT INTO CLIENTE (ID, CIUDAD, CODIGOPOSTAL, DIRECCION, ESTADO, FECHAALTA, FECHABAJA, IDENTIFICACION, PAIS, TIPOCLIENTE, USER_USER, DTYPE) VALUES (?, ?, ?, ?, ?, ?, ?, ?, ?, ?, ?, ?) [23502-200]
Error Code: 23502
Call: INSERT INTO CLIENTE (ID, CIUDAD, CODIGOPOSTAL, DIRECCION, ESTADO, FECHAALTA, FECHABAJA, IDENTIFICACION, PAIS, TIPOCLIENTE, USER_USER, DTYPE) VALUES (?, ?, ?, ?, ?, ?, ?, ?, ?, ?, ?, ?)
	bind =&gt; [12 parameters bound]
Query: InsertObjectQuery(Cliente{
id=1
identificacion=Avenia Plutarco
tipoCliente=null
estado=Activo
fechaAlta=Thu Apr 28 17:23:36 CEST 2022
fechaBaja=null
direccion=null
ciudad=Malaga
codigopostal=29004
pais=Espana
cuentasFintech={[]}}Empresa{
razon_social=UMA})
</system-out>
  </testcase>
  <testcase classname="ma3s.fintech.test.Reportes" name="testGestionClienteApi" time="0.504">
    <error message="Exception [EclipseLink-4002] (Eclipse Persistence Services - 2.7.6.v20200131-b7c997804f): org.eclipse.persistence.exceptions.DatabaseException
Internal Exception: org.h2.jdbc.JdbcSQLIntegrityConstraintViolationException: La columna &quot;DIRECCION&quot; no permite valores nulos (NULL)
NULL not allowed for column &quot;DIRECCION&quot;; SQL statement:
INSERT INTO CLIENTE (ID, CIUDAD, CODIGOPOSTAL, DIRECCION, ESTADO, FECHAALTA, FECHABAJA, IDENTIFICACION, PAIS, TIPOCLIENTE, USER_USER, DTYPE) VALUES (?, ?, ?, ?, ?, ?, ?, ?, ?, ?, ?, ?) [23502-200]
Error Code: 23502
Call: INSERT INTO CLIENTE (ID, CIUDAD, CODIGOPOSTAL, DIRECCION, ESTADO, FECHAALTA, FECHABAJA, IDENTIFICACION, PAIS, TIPOCLIENTE, USER_USER, DTYPE) VALUES (?, ?, ?, ?, ?, ?, ?, ?, ?, ?, ?, ?)
	bind =&gt; [12 parameters bound]
Query: InsertObjectQuery(Cliente{
id=2
identificacion=avenida de Murcia
tipoCliente=null
estado=Activo
fechaAlta=Thu Apr 28 17:23:36 CEST 2022
fechaBaja=null
direccion=null
ciudad=Murcia
codigopostal=29845
pais=Espana
cuentasFintech={[]}}Empresa{
razon_social=UCAM})" type="javax.persistence.RollbackException">javax.persistence.RollbackException: Exception [EclipseLink-4002] (Eclipse Persistence Services - 2.7.6.v20200131-b7c997804f): org.eclipse.persistence.exceptions.DatabaseException
Internal Exception: org.h2.jdbc.JdbcSQLIntegrityConstraintViolationException: La columna &quot;DIRECCION&quot; no permite valores nulos (NULL)
NULL not allowed for column &quot;DIRECCION&quot;; SQL statement:
INSERT INTO CLIENTE (ID, CIUDAD, CODIGOPOSTAL, DIRECCION, ESTADO, FECHAALTA, FECHABAJA, IDENTIFICACION, PAIS, TIPOCLIENTE, USER_USER, DTYPE) VALUES (?, ?, ?, ?, ?, ?, ?, ?, ?, ?, ?, ?) [23502-200]
Error Code: 23502
Call: INSERT INTO CLIENTE (ID, CIUDAD, CODIGOPOSTAL, DIRECCION, ESTADO, FECHAALTA, FECHABAJA, IDENTIFICACION, PAIS, TIPOCLIENTE, USER_USER, DTYPE) VALUES (?, ?, ?, ?, ?, ?, ?, ?, ?, ?, ?, ?)
	bind =&gt; [12 parameters bound]
Query: InsertObjectQuery(Cliente{
id=2
identificacion=avenida de Murcia
tipoCliente=null
estado=Activo
fechaAlta=Thu Apr 28 17:23:36 CEST 2022
fechaBaja=null
direccion=null
ciudad=Murcia
codigopostal=29845
pais=Espana
cuentasFintech={[]}}Empresa{
razon_social=UCAM})
	at org.eclipse.persistence.internal.jpa.transaction.EntityTransactionImpl.commit(EntityTransactionImpl.java:161)
	at ma3s.fintech.test.BaseDatos.inicializaBaseDatos(BaseDatos.java:229)
	at ma3s.fintech.test.Reportes.setup(Reportes.java:26)
	at sun.reflect.NativeMethodAccessorImpl.invoke0(Native Method)
	at sun.reflect.NativeMethodAccessorImpl.invoke(NativeMethodAccessorImpl.java:62)
	at sun.reflect.DelegatingMethodAccessorImpl.invoke(DelegatingMethodAccessorImpl.java:43)
	at java.lang.reflect.Method.invoke(Method.java:498)
	at org.junit.runners.model.FrameworkMethod$1.runReflectiveCall(FrameworkMethod.java:59)
	at org.junit.internal.runners.model.ReflectiveCallable.run(ReflectiveCallable.java:12)
	at org.junit.runners.model.FrameworkMethod.invokeExplosively(FrameworkMethod.java:56)
	at org.junit.internal.runners.statements.RunBefores.invokeMethod(RunBefores.java:33)
	at org.junit.internal.runners.statements.RunBefores.evaluate(RunBefores.java:24)
	at org.junit.runners.ParentRunner$3.evaluate(ParentRunner.java:306)
	at org.junit.runners.BlockJUnit4ClassRunner$1.evaluate(BlockJUnit4ClassRunner.java:100)
	at org.junit.runners.ParentRunner.runLeaf(ParentRunner.java:366)
	at org.junit.runners.BlockJUnit4ClassRunner.runChild(BlockJUnit4ClassRunner.java:103)
	at org.junit.runners.BlockJUnit4ClassRunner.runChild(BlockJUnit4ClassRunner.java:63)
	at org.junit.runners.ParentRunner$4.run(ParentRunner.java:331)
	at org.junit.runners.ParentRunner$1.schedule(ParentRunner.java:79)
	at org.junit.runners.ParentRunner.runChildren(ParentRunner.java:329)
	at org.junit.runners.ParentRunner.access$100(ParentRunner.java:66)
	at org.junit.runners.ParentRunner$2.evaluate(ParentRunner.java:293)
	at org.junit.runners.ParentRunner$3.evaluate(ParentRunner.java:306)
	at org.junit.runners.ParentRunner.run(ParentRunner.java:413)
	at org.junit.runners.Suite.runChild(Suite.java:128)
	at org.junit.runners.Suite.runChild(Suite.java:27)
	at org.junit.runners.ParentRunner$4.run(ParentRunner.java:331)
	at org.junit.runners.ParentRunner$1.schedule(ParentRunner.java:79)
	at org.junit.runners.ParentRunner.runChildren(ParentRunner.java:329)
	at org.junit.runners.ParentRunner.access$100(ParentRunner.java:66)
	at org.junit.runners.ParentRunner$2.evaluate(ParentRunner.java:293)
	at org.junit.internal.runners.statements.RunBefores.evaluate(RunBefores.java:26)
	at org.junit.internal.runners.statements.RunAfters.evaluate(RunAfters.java:27)
	at org.junit.runners.ParentRunner$3.evaluate(ParentRunner.java:306)
	at org.junit.runners.ParentRunner.run(ParentRunner.java:413)
	at org.apache.maven.surefire.junit4.JUnit4Provider.execute(JUnit4Provider.java:252)
	at org.apache.maven.surefire.junit4.JUnit4Provider.executeTestSet(JUnit4Provider.java:141)
	at org.apache.maven.surefire.junit4.JUnit4Provider.invoke(JUnit4Provider.java:112)
	at sun.reflect.NativeMethodAccessorImpl.invoke0(Native Method)
	at sun.reflect.NativeMethodAccessorImpl.invoke(NativeMethodAccessorImpl.java:62)
	at sun.reflect.DelegatingMethodAccessorImpl.invoke(DelegatingMethodAccessorImpl.java:43)
	at java.lang.reflect.Method.invoke(Method.java:498)
	at org.apache.maven.surefire.util.ReflectionUtils.invokeMethodWithArray(ReflectionUtils.java:189)
	at org.apache.maven.surefire.booter.ProviderFactory$ProviderProxy.invoke(ProviderFactory.java:165)
	at org.apache.maven.surefire.booter.ProviderFactory.invokeProvider(ProviderFactory.java:85)
	at org.apache.maven.surefire.booter.ForkedBooter.runSuitesInProcess(ForkedBooter.java:115)
	at org.apache.maven.surefire.booter.ForkedBooter.main(ForkedBooter.java:75)
Caused by: Exception [EclipseLink-4002] (Eclipse Persistence Services - 2.7.6.v20200131-b7c997804f): org.eclipse.persistence.exceptions.DatabaseException
Internal Exception: org.h2.jdbc.JdbcSQLIntegrityConstraintViolationException: La columna &quot;DIRECCION&quot; no permite valores nulos (NULL)
NULL not allowed for column &quot;DIRECCION&quot;; SQL statement:
INSERT INTO CLIENTE (ID, CIUDAD, CODIGOPOSTAL, DIRECCION, ESTADO, FECHAALTA, FECHABAJA, IDENTIFICACION, PAIS, TIPOCLIENTE, USER_USER, DTYPE) VALUES (?, ?, ?, ?, ?, ?, ?, ?, ?, ?, ?, ?) [23502-200]
Error Code: 23502
Call: INSERT INTO CLIENTE (ID, CIUDAD, CODIGOPOSTAL, DIRECCION, ESTADO, FECHAALTA, FECHABAJA, IDENTIFICACION, PAIS, TIPOCLIENTE, USER_USER, DTYPE) VALUES (?, ?, ?, ?, ?, ?, ?, ?, ?, ?, ?, ?)
	bind =&gt; [12 parameters bound]
Query: InsertObjectQuery(Cliente{
id=2
identificacion=avenida de Murcia
tipoCliente=null
estado=Activo
fechaAlta=Thu Apr 28 17:23:36 CEST 2022
fechaBaja=null
direccion=null
ciudad=Murcia
codigopostal=29845
pais=Espana
cuentasFintech={[]}}Empresa{
razon_social=UCAM})
	at org.eclipse.persistence.exceptions.DatabaseException.sqlException(DatabaseException.java:333)
	at org.eclipse.persistence.internal.databaseaccess.DatabaseAccessor.executeDirectNoSelect(DatabaseAccessor.java:908)
	at org.eclipse.persistence.internal.databaseaccess.DatabaseAccessor.executeNoSelect(DatabaseAccessor.java:970)
	at org.eclipse.persistence.internal.databaseaccess.DatabaseAccessor.basicExecuteCall(DatabaseAccessor.java:640)
	at org.eclipse.persistence.internal.databaseaccess.DatabaseAccessor.executeCall(DatabaseAccessor.java:567)
	at org.eclipse.persistence.internal.sessions.AbstractSession.basicExecuteCall(AbstractSession.java:2099)
	at org.eclipse.persistence.sessions.server.ClientSession.executeCall(ClientSession.java:313)
	at org.eclipse.persistence.internal.queries.DatasourceCallQueryMechanism.executeCall(DatasourceCallQueryMechanism.java:275)
	at org.eclipse.persistence.internal.queries.DatasourceCallQueryMechanism.insertObject(DatasourceCallQueryMechanism.java:397)
	at org.eclipse.persistence.internal.queries.StatementQueryMechanism.insertObject(StatementQueryMechanism.java:167)
	at org.eclipse.persistence.internal.queries.StatementQueryMechanism.insertObject(StatementQueryMechanism.java:182)
	at org.eclipse.persistence.internal.queries.DatabaseQueryMechanism.insertObjectForWrite(DatabaseQueryMechanism.java:504)
	at org.eclipse.persistence.queries.InsertObjectQuery.executeCommit(InsertObjectQuery.java:82)
	at org.eclipse.persistence.queries.InsertObjectQuery.executeCommitWithChangeSet(InsertObjectQuery.java:92)
	at org.eclipse.persistence.internal.queries.DatabaseQueryMechanism.executeWriteWithChangeSet(DatabaseQueryMechanism.java:316)
	at org.eclipse.persistence.queries.WriteObjectQuery.executeDatabaseQuery(WriteObjectQuery.java:60)
	at org.eclipse.persistence.queries.DatabaseQuery.execute(DatabaseQuery.java:911)
	at org.eclipse.persistence.queries.DatabaseQuery.executeInUnitOfWork(DatabaseQuery.java:810)
	at org.eclipse.persistence.queries.ObjectLevelModifyQuery.executeInUnitOfWorkObjectLevelModifyQuery(ObjectLevelModifyQuery.java:110)
	at org.eclipse.persistence.queries.ObjectLevelModifyQuery.executeInUnitOfWork(ObjectLevelModifyQuery.java:87)
	at org.eclipse.persistence.internal.sessions.UnitOfWorkImpl.internalExecuteQuery(UnitOfWorkImpl.java:2983)
	at org.eclipse.persistence.internal.sessions.AbstractSession.executeQuery(AbstractSession.java:1898)
	at org.eclipse.persistence.internal.sessions.AbstractSession.executeQuery(AbstractSession.java:1880)
	at org.eclipse.persistence.internal.sessions.AbstractSession.executeQuery(AbstractSession.java:1830)
	at org.eclipse.persistence.internal.sessions.CommitManager.commitNewObjectsForClassWithChangeSet(CommitManager.java:229)
	at org.eclipse.persistence.internal.sessions.CommitManager.commitAllObjectsForClassWithChangeSet(CommitManager.java:196)
	at org.eclipse.persistence.internal.sessions.CommitManager.commitAllObjectsWithChangeSet(CommitManager.java:141)
	at org.eclipse.persistence.internal.sessions.AbstractSession.writeAllObjectsWithChangeSet(AbstractSession.java:4398)
	at org.eclipse.persistence.internal.sessions.UnitOfWorkImpl.commitToDatabase(UnitOfWorkImpl.java:1495)
	at org.eclipse.persistence.internal.sessions.UnitOfWorkImpl.commitToDatabaseWithChangeSet(UnitOfWorkImpl.java:1585)
	at org.eclipse.persistence.internal.sessions.RepeatableWriteUnitOfWork.commitRootUnitOfWork(RepeatableWriteUnitOfWork.java:280)
	at org.eclipse.persistence.internal.sessions.UnitOfWorkImpl.commitAndResume(UnitOfWorkImpl.java:1222)
	at org.eclipse.persistence.internal.jpa.transaction.EntityTransactionImpl.commit(EntityTransactionImpl.java:136)
	... 46 more
Caused by: org.h2.jdbc.JdbcSQLIntegrityConstraintViolationException: La columna &quot;DIRECCION&quot; no permite valores nulos (NULL)
NULL not allowed for column &quot;DIRECCION&quot;; SQL statement:
INSERT INTO CLIENTE (ID, CIUDAD, CODIGOPOSTAL, DIRECCION, ESTADO, FECHAALTA, FECHABAJA, IDENTIFICACION, PAIS, TIPOCLIENTE, USER_USER, DTYPE) VALUES (?, ?, ?, ?, ?, ?, ?, ?, ?, ?, ?, ?) [23502-200]
	at org.h2.message.DbException.getJdbcSQLException(DbException.java:459)
	at org.h2.message.DbException.getJdbcSQLException(DbException.java:429)
	at org.h2.message.DbException.get(DbException.java:205)
	at org.h2.message.DbException.get(DbException.java:181)
	at org.h2.table.Column.validateConvertUpdateSequence(Column.java:374)
	at org.h2.table.Table.validateConvertUpdateSequence(Table.java:845)
	at org.h2.command.dml.Insert.insertRows(Insert.java:187)
	at org.h2.command.dml.Insert.update(Insert.java:151)
	at org.h2.command.CommandContainer.update(CommandContainer.java:198)
	at org.h2.command.Command.executeUpdate(Command.java:251)
	at org.h2.jdbc.JdbcPreparedStatement.executeUpdateInternal(JdbcPreparedStatement.java:191)
	at org.h2.jdbc.JdbcPreparedStatement.executeUpdate(JdbcPreparedStatement.java:152)
	at org.eclipse.persistence.internal.databaseaccess.DatabaseAccessor.executeDirectNoSelect(DatabaseAccessor.java:898)
	... 77 more
</error>
    <system-out>[EL Warning]: 2022-04-28 17:23:36.844--UnitOfWork(725057223)--Exception [EclipseLink-4002] (Eclipse Persistence Services - 2.7.6.v20200131-b7c997804f): org.eclipse.persistence.exceptions.DatabaseException
Internal Exception: org.h2.jdbc.JdbcSQLIntegrityConstraintViolationException: La columna &quot;DIRECCION&quot; no permite valores nulos (NULL)
NULL not allowed for column &quot;DIRECCION&quot;; SQL statement:
INSERT INTO CLIENTE (ID, CIUDAD, CODIGOPOSTAL, DIRECCION, ESTADO, FECHAALTA, FECHABAJA, IDENTIFICACION, PAIS, TIPOCLIENTE, USER_USER, DTYPE) VALUES (?, ?, ?, ?, ?, ?, ?, ?, ?, ?, ?, ?) [23502-200]
Error Code: 23502
Call: INSERT INTO CLIENTE (ID, CIUDAD, CODIGOPOSTAL, DIRECCION, ESTADO, FECHAALTA, FECHABAJA, IDENTIFICACION, PAIS, TIPOCLIENTE, USER_USER, DTYPE) VALUES (?, ?, ?, ?, ?, ?, ?, ?, ?, ?, ?, ?)
	bind =&gt; [12 parameters bound]
Query: InsertObjectQuery(Cliente{
id=2
identificacion=avenida de Murcia
tipoCliente=null
estado=Activo
fechaAlta=Thu Apr 28 17:23:36 CEST 2022
fechaBaja=null
direccion=null
ciudad=Murcia
codigopostal=29845
pais=Espana
cuentasFintech={[]}}Empresa{
razon_social=UCAM})
</system-out>
  </testcase>
  <testcase classname="ma3s.fintech.test.Clientes" name="testModCiudadEmpresaCampoVacio" time="0.035">
    <error message="Exception [EclipseLink-4002] (Eclipse Persistence Services - 2.7.6.v20200131-b7c997804f): org.eclipse.persistence.exceptions.DatabaseException
Internal Exception: org.h2.jdbc.JdbcSQLIntegrityConstraintViolationException: La columna &quot;DIRECCION&quot; no permite valores nulos (NULL)
NULL not allowed for column &quot;DIRECCION&quot;; SQL statement:
INSERT INTO CLIENTE (ID, CIUDAD, CODIGOPOSTAL, DIRECCION, ESTADO, FECHAALTA, FECHABAJA, IDENTIFICACION, PAIS, TIPOCLIENTE, USER_USER, DTYPE) VALUES (?, ?, ?, ?, ?, ?, ?, ?, ?, ?, ?, ?) [23502-200]
Error Code: 23502
Call: INSERT INTO CLIENTE (ID, CIUDAD, CODIGOPOSTAL, DIRECCION, ESTADO, FECHAALTA, FECHABAJA, IDENTIFICACION, PAIS, TIPOCLIENTE, USER_USER, DTYPE) VALUES (?, ?, ?, ?, ?, ?, ?, ?, ?, ?, ?, ?)
	bind =&gt; [12 parameters bound]
Query: InsertObjectQuery(Cliente{
id=1
identificacion=Avenia Plutarco
tipoCliente=null
estado=Activo
fechaAlta=Thu Apr 28 17:23:36 CEST 2022
fechaBaja=null
direccion=null
ciudad=Malaga
codigopostal=29004
pais=Espana
cuentasFintech={[]}}Empresa{
razon_social=UMA})" type="javax.persistence.RollbackException">javax.persistence.RollbackException: Exception [EclipseLink-4002] (Eclipse Persistence Services - 2.7.6.v20200131-b7c997804f): org.eclipse.persistence.exceptions.DatabaseException
Internal Exception: org.h2.jdbc.JdbcSQLIntegrityConstraintViolationException: La columna &quot;DIRECCION&quot; no permite valores nulos (NULL)
NULL not allowed for column &quot;DIRECCION&quot;; SQL statement:
INSERT INTO CLIENTE (ID, CIUDAD, CODIGOPOSTAL, DIRECCION, ESTADO, FECHAALTA, FECHABAJA, IDENTIFICACION, PAIS, TIPOCLIENTE, USER_USER, DTYPE) VALUES (?, ?, ?, ?, ?, ?, ?, ?, ?, ?, ?, ?) [23502-200]
Error Code: 23502
Call: INSERT INTO CLIENTE (ID, CIUDAD, CODIGOPOSTAL, DIRECCION, ESTADO, FECHAALTA, FECHABAJA, IDENTIFICACION, PAIS, TIPOCLIENTE, USER_USER, DTYPE) VALUES (?, ?, ?, ?, ?, ?, ?, ?, ?, ?, ?, ?)
	bind =&gt; [12 parameters bound]
Query: InsertObjectQuery(Cliente{
id=1
identificacion=Avenia Plutarco
tipoCliente=null
estado=Activo
fechaAlta=Thu Apr 28 17:23:36 CEST 2022
fechaBaja=null
direccion=null
ciudad=Malaga
codigopostal=29004
pais=Espana
cuentasFintech={[]}}Empresa{
razon_social=UMA})
	at org.eclipse.persistence.internal.jpa.transaction.EntityTransactionImpl.commit(EntityTransactionImpl.java:161)
	at ma3s.fintech.test.BaseDatos.inicializaBaseDatos(BaseDatos.java:229)
	at ma3s.fintech.test.Clientes.setup(Clientes.java:31)
	at sun.reflect.NativeMethodAccessorImpl.invoke0(Native Method)
	at sun.reflect.NativeMethodAccessorImpl.invoke(NativeMethodAccessorImpl.java:62)
	at sun.reflect.DelegatingMethodAccessorImpl.invoke(DelegatingMethodAccessorImpl.java:43)
	at java.lang.reflect.Method.invoke(Method.java:498)
	at org.junit.runners.model.FrameworkMethod$1.runReflectiveCall(FrameworkMethod.java:59)
	at org.junit.internal.runners.model.ReflectiveCallable.run(ReflectiveCallable.java:12)
	at org.junit.runners.model.FrameworkMethod.invokeExplosively(FrameworkMethod.java:56)
	at org.junit.internal.runners.statements.RunBefores.invokeMethod(RunBefores.java:33)
	at org.junit.internal.runners.statements.RunBefores.evaluate(RunBefores.java:24)
	at org.junit.runners.ParentRunner$3.evaluate(ParentRunner.java:306)
	at org.junit.runners.BlockJUnit4ClassRunner$1.evaluate(BlockJUnit4ClassRunner.java:100)
	at org.junit.runners.ParentRunner.runLeaf(ParentRunner.java:366)
	at org.junit.runners.BlockJUnit4ClassRunner.runChild(BlockJUnit4ClassRunner.java:103)
	at org.junit.runners.BlockJUnit4ClassRunner.runChild(BlockJUnit4ClassRunner.java:63)
	at org.junit.runners.ParentRunner$4.run(ParentRunner.java:331)
	at org.junit.runners.ParentRunner$1.schedule(ParentRunner.java:79)
	at org.junit.runners.ParentRunner.runChildren(ParentRunner.java:329)
	at org.junit.runners.ParentRunner.access$100(ParentRunner.java:66)
	at org.junit.runners.ParentRunner$2.evaluate(ParentRunner.java:293)
	at org.junit.runners.ParentRunner$3.evaluate(ParentRunner.java:306)
	at org.junit.runners.ParentRunner.run(ParentRunner.java:413)
	at org.junit.runners.Suite.runChild(Suite.java:128)
	at org.junit.runners.Suite.runChild(Suite.java:27)
	at org.junit.runners.ParentRunner$4.run(ParentRunner.java:331)
	at org.junit.runners.ParentRunner$1.schedule(ParentRunner.java:79)
	at org.junit.runners.ParentRunner.runChildren(ParentRunner.java:329)
	at org.junit.runners.ParentRunner.access$100(ParentRunner.java:66)
	at org.junit.runners.ParentRunner$2.evaluate(ParentRunner.java:293)
	at org.junit.internal.runners.statements.RunBefores.evaluate(RunBefores.java:26)
	at org.junit.internal.runners.statements.RunAfters.evaluate(RunAfters.java:27)
	at org.junit.runners.ParentRunner$3.evaluate(ParentRunner.java:306)
	at org.junit.runners.ParentRunner.run(ParentRunner.java:413)
	at org.apache.maven.surefire.junit4.JUnit4Provider.execute(JUnit4Provider.java:252)
	at org.apache.maven.surefire.junit4.JUnit4Provider.executeTestSet(JUnit4Provider.java:141)
	at org.apache.maven.surefire.junit4.JUnit4Provider.invoke(JUnit4Provider.java:112)
	at sun.reflect.NativeMethodAccessorImpl.invoke0(Native Method)
	at sun.reflect.NativeMethodAccessorImpl.invoke(NativeMethodAccessorImpl.java:62)
	at sun.reflect.DelegatingMethodAccessorImpl.invoke(DelegatingMethodAccessorImpl.java:43)
	at java.lang.reflect.Method.invoke(Method.java:498)
	at org.apache.maven.surefire.util.ReflectionUtils.invokeMethodWithArray(ReflectionUtils.java:189)
	at org.apache.maven.surefire.booter.ProviderFactory$ProviderProxy.invoke(ProviderFactory.java:165)
	at org.apache.maven.surefire.booter.ProviderFactory.invokeProvider(ProviderFactory.java:85)
	at org.apache.maven.surefire.booter.ForkedBooter.runSuitesInProcess(ForkedBooter.java:115)
	at org.apache.maven.surefire.booter.ForkedBooter.main(ForkedBooter.java:75)
Caused by: Exception [EclipseLink-4002] (Eclipse Persistence Services - 2.7.6.v20200131-b7c997804f): org.eclipse.persistence.exceptions.DatabaseException
Internal Exception: org.h2.jdbc.JdbcSQLIntegrityConstraintViolationException: La columna &quot;DIRECCION&quot; no permite valores nulos (NULL)
NULL not allowed for column &quot;DIRECCION&quot;; SQL statement:
INSERT INTO CLIENTE (ID, CIUDAD, CODIGOPOSTAL, DIRECCION, ESTADO, FECHAALTA, FECHABAJA, IDENTIFICACION, PAIS, TIPOCLIENTE, USER_USER, DTYPE) VALUES (?, ?, ?, ?, ?, ?, ?, ?, ?, ?, ?, ?) [23502-200]
Error Code: 23502
Call: INSERT INTO CLIENTE (ID, CIUDAD, CODIGOPOSTAL, DIRECCION, ESTADO, FECHAALTA, FECHABAJA, IDENTIFICACION, PAIS, TIPOCLIENTE, USER_USER, DTYPE) VALUES (?, ?, ?, ?, ?, ?, ?, ?, ?, ?, ?, ?)
	bind =&gt; [12 parameters bound]
Query: InsertObjectQuery(Cliente{
id=1
identificacion=Avenia Plutarco
tipoCliente=null
estado=Activo
fechaAlta=Thu Apr 28 17:23:36 CEST 2022
fechaBaja=null
direccion=null
ciudad=Malaga
codigopostal=29004
pais=Espana
cuentasFintech={[]}}Empresa{
razon_social=UMA})
	at org.eclipse.persistence.exceptions.DatabaseException.sqlException(DatabaseException.java:333)
	at org.eclipse.persistence.internal.databaseaccess.DatabaseAccessor.executeDirectNoSelect(DatabaseAccessor.java:908)
	at org.eclipse.persistence.internal.databaseaccess.DatabaseAccessor.executeNoSelect(DatabaseAccessor.java:970)
	at org.eclipse.persistence.internal.databaseaccess.DatabaseAccessor.basicExecuteCall(DatabaseAccessor.java:640)
	at org.eclipse.persistence.internal.databaseaccess.DatabaseAccessor.executeCall(DatabaseAccessor.java:567)
	at org.eclipse.persistence.internal.sessions.AbstractSession.basicExecuteCall(AbstractSession.java:2099)
	at org.eclipse.persistence.sessions.server.ClientSession.executeCall(ClientSession.java:313)
	at org.eclipse.persistence.internal.queries.DatasourceCallQueryMechanism.executeCall(DatasourceCallQueryMechanism.java:275)
	at org.eclipse.persistence.internal.queries.DatasourceCallQueryMechanism.insertObject(DatasourceCallQueryMechanism.java:397)
	at org.eclipse.persistence.internal.queries.StatementQueryMechanism.insertObject(StatementQueryMechanism.java:167)
	at org.eclipse.persistence.internal.queries.StatementQueryMechanism.insertObject(StatementQueryMechanism.java:182)
	at org.eclipse.persistence.internal.queries.DatabaseQueryMechanism.insertObjectForWrite(DatabaseQueryMechanism.java:504)
	at org.eclipse.persistence.queries.InsertObjectQuery.executeCommit(InsertObjectQuery.java:82)
	at org.eclipse.persistence.queries.InsertObjectQuery.executeCommitWithChangeSet(InsertObjectQuery.java:92)
	at org.eclipse.persistence.internal.queries.DatabaseQueryMechanism.executeWriteWithChangeSet(DatabaseQueryMechanism.java:316)
	at org.eclipse.persistence.queries.WriteObjectQuery.executeDatabaseQuery(WriteObjectQuery.java:60)
	at org.eclipse.persistence.queries.DatabaseQuery.execute(DatabaseQuery.java:911)
	at org.eclipse.persistence.queries.DatabaseQuery.executeInUnitOfWork(DatabaseQuery.java:810)
	at org.eclipse.persistence.queries.ObjectLevelModifyQuery.executeInUnitOfWorkObjectLevelModifyQuery(ObjectLevelModifyQuery.java:110)
	at org.eclipse.persistence.queries.ObjectLevelModifyQuery.executeInUnitOfWork(ObjectLevelModifyQuery.java:87)
	at org.eclipse.persistence.internal.sessions.UnitOfWorkImpl.internalExecuteQuery(UnitOfWorkImpl.java:2983)
	at org.eclipse.persistence.internal.sessions.AbstractSession.executeQuery(AbstractSession.java:1898)
	at org.eclipse.persistence.internal.sessions.AbstractSession.executeQuery(AbstractSession.java:1880)
	at org.eclipse.persistence.internal.sessions.AbstractSession.executeQuery(AbstractSession.java:1830)
	at org.eclipse.persistence.internal.sessions.CommitManager.commitNewObjectsForClassWithChangeSet(CommitManager.java:229)
	at org.eclipse.persistence.internal.sessions.CommitManager.commitAllObjectsForClassWithChangeSet(CommitManager.java:196)
	at org.eclipse.persistence.internal.sessions.CommitManager.commitAllObjectsWithChangeSet(CommitManager.java:141)
	at org.eclipse.persistence.internal.sessions.AbstractSession.writeAllObjectsWithChangeSet(AbstractSession.java:4398)
	at org.eclipse.persistence.internal.sessions.UnitOfWorkImpl.commitToDatabase(UnitOfWorkImpl.java:1495)
	at org.eclipse.persistence.internal.sessions.UnitOfWorkImpl.commitToDatabaseWithChangeSet(UnitOfWorkImpl.java:1585)
	at org.eclipse.persistence.internal.sessions.RepeatableWriteUnitOfWork.commitRootUnitOfWork(RepeatableWriteUnitOfWork.java:280)
	at org.eclipse.persistence.internal.sessions.UnitOfWorkImpl.commitAndResume(UnitOfWorkImpl.java:1222)
	at org.eclipse.persistence.internal.jpa.transaction.EntityTransactionImpl.commit(EntityTransactionImpl.java:136)
	... 46 more
Caused by: org.h2.jdbc.JdbcSQLIntegrityConstraintViolationException: La columna &quot;DIRECCION&quot; no permite valores nulos (NULL)
NULL not allowed for column &quot;DIRECCION&quot;; SQL statement:
INSERT INTO CLIENTE (ID, CIUDAD, CODIGOPOSTAL, DIRECCION, ESTADO, FECHAALTA, FECHABAJA, IDENTIFICACION, PAIS, TIPOCLIENTE, USER_USER, DTYPE) VALUES (?, ?, ?, ?, ?, ?, ?, ?, ?, ?, ?, ?) [23502-200]
	at org.h2.message.DbException.getJdbcSQLException(DbException.java:459)
	at org.h2.message.DbException.getJdbcSQLException(DbException.java:429)
	at org.h2.message.DbException.get(DbException.java:205)
	at org.h2.message.DbException.get(DbException.java:181)
	at org.h2.table.Column.validateConvertUpdateSequence(Column.java:374)
	at org.h2.table.Table.validateConvertUpdateSequence(Table.java:845)
	at org.h2.command.dml.Insert.insertRows(Insert.java:187)
	at org.h2.command.dml.Insert.update(Insert.java:151)
	at org.h2.command.CommandContainer.update(CommandContainer.java:198)
	at org.h2.command.Command.executeUpdate(Command.java:251)
	at org.h2.jdbc.JdbcPreparedStatement.executeUpdateInternal(JdbcPreparedStatement.java:191)
	at org.h2.jdbc.JdbcPreparedStatement.executeUpdate(JdbcPreparedStatement.java:152)
	at org.eclipse.persistence.internal.databaseaccess.DatabaseAccessor.executeDirectNoSelect(DatabaseAccessor.java:898)
	... 77 more
</error>
    <system-out>[EL Warning]: 2022-04-28 17:23:36.884--UnitOfWork(18701917)--Exception [EclipseLink-4002] (Eclipse Persistence Services - 2.7.6.v20200131-b7c997804f): org.eclipse.persistence.exceptions.DatabaseException
Internal Exception: org.h2.jdbc.JdbcSQLIntegrityConstraintViolationException: La columna &quot;DIRECCION&quot; no permite valores nulos (NULL)
NULL not allowed for column &quot;DIRECCION&quot;; SQL statement:
INSERT INTO CLIENTE (ID, CIUDAD, CODIGOPOSTAL, DIRECCION, ESTADO, FECHAALTA, FECHABAJA, IDENTIFICACION, PAIS, TIPOCLIENTE, USER_USER, DTYPE) VALUES (?, ?, ?, ?, ?, ?, ?, ?, ?, ?, ?, ?) [23502-200]
Error Code: 23502
Call: INSERT INTO CLIENTE (ID, CIUDAD, CODIGOPOSTAL, DIRECCION, ESTADO, FECHAALTA, FECHABAJA, IDENTIFICACION, PAIS, TIPOCLIENTE, USER_USER, DTYPE) VALUES (?, ?, ?, ?, ?, ?, ?, ?, ?, ?, ?, ?)
	bind =&gt; [12 parameters bound]
Query: InsertObjectQuery(Cliente{
id=1
identificacion=Avenia Plutarco
tipoCliente=null
estado=Activo
fechaAlta=Thu Apr 28 17:23:36 CEST 2022
fechaBaja=null
direccion=null
ciudad=Malaga
codigopostal=29004
pais=Espana
cuentasFintech={[]}}Empresa{
razon_social=UMA})
</system-out>
  </testcase>
  <testcase classname="ma3s.fintech.test.Clientes" name="testDarAltaIndividualCampoVacio" time="0.03">
    <error message="Exception [EclipseLink-4002] (Eclipse Persistence Services - 2.7.6.v20200131-b7c997804f): org.eclipse.persistence.exceptions.DatabaseException
Internal Exception: org.h2.jdbc.JdbcSQLIntegrityConstraintViolationException: La columna &quot;DIRECCION&quot; no permite valores nulos (NULL)
NULL not allowed for column &quot;DIRECCION&quot;; SQL statement:
INSERT INTO CLIENTE (ID, CIUDAD, CODIGOPOSTAL, DIRECCION, ESTADO, FECHAALTA, FECHABAJA, IDENTIFICACION, PAIS, TIPOCLIENTE, USER_USER, DTYPE) VALUES (?, ?, ?, ?, ?, ?, ?, ?, ?, ?, ?, ?) [23502-200]
Error Code: 23502
Call: INSERT INTO CLIENTE (ID, CIUDAD, CODIGOPOSTAL, DIRECCION, ESTADO, FECHAALTA, FECHABAJA, IDENTIFICACION, PAIS, TIPOCLIENTE, USER_USER, DTYPE) VALUES (?, ?, ?, ?, ?, ?, ?, ?, ?, ?, ?, ?)
	bind =&gt; [12 parameters bound]
Query: InsertObjectQuery(Cliente{
id=1
identificacion=Avenia Plutarco
tipoCliente=null
estado=Activo
fechaAlta=Thu Apr 28 17:23:36 CEST 2022
fechaBaja=null
direccion=null
ciudad=Malaga
codigopostal=29004
pais=Espana
cuentasFintech={[]}}Empresa{
razon_social=UMA})" type="javax.persistence.RollbackException">javax.persistence.RollbackException: Exception [EclipseLink-4002] (Eclipse Persistence Services - 2.7.6.v20200131-b7c997804f): org.eclipse.persistence.exceptions.DatabaseException
Internal Exception: org.h2.jdbc.JdbcSQLIntegrityConstraintViolationException: La columna &quot;DIRECCION&quot; no permite valores nulos (NULL)
NULL not allowed for column &quot;DIRECCION&quot;; SQL statement:
INSERT INTO CLIENTE (ID, CIUDAD, CODIGOPOSTAL, DIRECCION, ESTADO, FECHAALTA, FECHABAJA, IDENTIFICACION, PAIS, TIPOCLIENTE, USER_USER, DTYPE) VALUES (?, ?, ?, ?, ?, ?, ?, ?, ?, ?, ?, ?) [23502-200]
Error Code: 23502
Call: INSERT INTO CLIENTE (ID, CIUDAD, CODIGOPOSTAL, DIRECCION, ESTADO, FECHAALTA, FECHABAJA, IDENTIFICACION, PAIS, TIPOCLIENTE, USER_USER, DTYPE) VALUES (?, ?, ?, ?, ?, ?, ?, ?, ?, ?, ?, ?)
	bind =&gt; [12 parameters bound]
Query: InsertObjectQuery(Cliente{
id=1
identificacion=Avenia Plutarco
tipoCliente=null
estado=Activo
fechaAlta=Thu Apr 28 17:23:36 CEST 2022
fechaBaja=null
direccion=null
ciudad=Malaga
codigopostal=29004
pais=Espana
cuentasFintech={[]}}Empresa{
razon_social=UMA})
	at org.eclipse.persistence.internal.jpa.transaction.EntityTransactionImpl.commit(EntityTransactionImpl.java:161)
	at ma3s.fintech.test.BaseDatos.inicializaBaseDatos(BaseDatos.java:229)
	at ma3s.fintech.test.Clientes.setup(Clientes.java:31)
	at sun.reflect.NativeMethodAccessorImpl.invoke0(Native Method)
	at sun.reflect.NativeMethodAccessorImpl.invoke(NativeMethodAccessorImpl.java:62)
	at sun.reflect.DelegatingMethodAccessorImpl.invoke(DelegatingMethodAccessorImpl.java:43)
	at java.lang.reflect.Method.invoke(Method.java:498)
	at org.junit.runners.model.FrameworkMethod$1.runReflectiveCall(FrameworkMethod.java:59)
	at org.junit.internal.runners.model.ReflectiveCallable.run(ReflectiveCallable.java:12)
	at org.junit.runners.model.FrameworkMethod.invokeExplosively(FrameworkMethod.java:56)
	at org.junit.internal.runners.statements.RunBefores.invokeMethod(RunBefores.java:33)
	at org.junit.internal.runners.statements.RunBefores.evaluate(RunBefores.java:24)
	at org.junit.runners.ParentRunner$3.evaluate(ParentRunner.java:306)
	at org.junit.runners.BlockJUnit4ClassRunner$1.evaluate(BlockJUnit4ClassRunner.java:100)
	at org.junit.runners.ParentRunner.runLeaf(ParentRunner.java:366)
	at org.junit.runners.BlockJUnit4ClassRunner.runChild(BlockJUnit4ClassRunner.java:103)
	at org.junit.runners.BlockJUnit4ClassRunner.runChild(BlockJUnit4ClassRunner.java:63)
	at org.junit.runners.ParentRunner$4.run(ParentRunner.java:331)
	at org.junit.runners.ParentRunner$1.schedule(ParentRunner.java:79)
	at org.junit.runners.ParentRunner.runChildren(ParentRunner.java:329)
	at org.junit.runners.ParentRunner.access$100(ParentRunner.java:66)
	at org.junit.runners.ParentRunner$2.evaluate(ParentRunner.java:293)
	at org.junit.runners.ParentRunner$3.evaluate(ParentRunner.java:306)
	at org.junit.runners.ParentRunner.run(ParentRunner.java:413)
	at org.junit.runners.Suite.runChild(Suite.java:128)
	at org.junit.runners.Suite.runChild(Suite.java:27)
	at org.junit.runners.ParentRunner$4.run(ParentRunner.java:331)
	at org.junit.runners.ParentRunner$1.schedule(ParentRunner.java:79)
	at org.junit.runners.ParentRunner.runChildren(ParentRunner.java:329)
	at org.junit.runners.ParentRunner.access$100(ParentRunner.java:66)
	at org.junit.runners.ParentRunner$2.evaluate(ParentRunner.java:293)
	at org.junit.internal.runners.statements.RunBefores.evaluate(RunBefores.java:26)
	at org.junit.internal.runners.statements.RunAfters.evaluate(RunAfters.java:27)
	at org.junit.runners.ParentRunner$3.evaluate(ParentRunner.java:306)
	at org.junit.runners.ParentRunner.run(ParentRunner.java:413)
	at org.apache.maven.surefire.junit4.JUnit4Provider.execute(JUnit4Provider.java:252)
	at org.apache.maven.surefire.junit4.JUnit4Provider.executeTestSet(JUnit4Provider.java:141)
	at org.apache.maven.surefire.junit4.JUnit4Provider.invoke(JUnit4Provider.java:112)
	at sun.reflect.NativeMethodAccessorImpl.invoke0(Native Method)
	at sun.reflect.NativeMethodAccessorImpl.invoke(NativeMethodAccessorImpl.java:62)
	at sun.reflect.DelegatingMethodAccessorImpl.invoke(DelegatingMethodAccessorImpl.java:43)
	at java.lang.reflect.Method.invoke(Method.java:498)
	at org.apache.maven.surefire.util.ReflectionUtils.invokeMethodWithArray(ReflectionUtils.java:189)
	at org.apache.maven.surefire.booter.ProviderFactory$ProviderProxy.invoke(ProviderFactory.java:165)
	at org.apache.maven.surefire.booter.ProviderFactory.invokeProvider(ProviderFactory.java:85)
	at org.apache.maven.surefire.booter.ForkedBooter.runSuitesInProcess(ForkedBooter.java:115)
	at org.apache.maven.surefire.booter.ForkedBooter.main(ForkedBooter.java:75)
Caused by: Exception [EclipseLink-4002] (Eclipse Persistence Services - 2.7.6.v20200131-b7c997804f): org.eclipse.persistence.exceptions.DatabaseException
Internal Exception: org.h2.jdbc.JdbcSQLIntegrityConstraintViolationException: La columna &quot;DIRECCION&quot; no permite valores nulos (NULL)
NULL not allowed for column &quot;DIRECCION&quot;; SQL statement:
INSERT INTO CLIENTE (ID, CIUDAD, CODIGOPOSTAL, DIRECCION, ESTADO, FECHAALTA, FECHABAJA, IDENTIFICACION, PAIS, TIPOCLIENTE, USER_USER, DTYPE) VALUES (?, ?, ?, ?, ?, ?, ?, ?, ?, ?, ?, ?) [23502-200]
Error Code: 23502
Call: INSERT INTO CLIENTE (ID, CIUDAD, CODIGOPOSTAL, DIRECCION, ESTADO, FECHAALTA, FECHABAJA, IDENTIFICACION, PAIS, TIPOCLIENTE, USER_USER, DTYPE) VALUES (?, ?, ?, ?, ?, ?, ?, ?, ?, ?, ?, ?)
	bind =&gt; [12 parameters bound]
Query: InsertObjectQuery(Cliente{
id=1
identificacion=Avenia Plutarco
tipoCliente=null
estado=Activo
fechaAlta=Thu Apr 28 17:23:36 CEST 2022
fechaBaja=null
direccion=null
ciudad=Malaga
codigopostal=29004
pais=Espana
cuentasFintech={[]}}Empresa{
razon_social=UMA})
	at org.eclipse.persistence.exceptions.DatabaseException.sqlException(DatabaseException.java:333)
	at org.eclipse.persistence.internal.databaseaccess.DatabaseAccessor.executeDirectNoSelect(DatabaseAccessor.java:908)
	at org.eclipse.persistence.internal.databaseaccess.DatabaseAccessor.executeNoSelect(DatabaseAccessor.java:970)
	at org.eclipse.persistence.internal.databaseaccess.DatabaseAccessor.basicExecuteCall(DatabaseAccessor.java:640)
	at org.eclipse.persistence.internal.databaseaccess.DatabaseAccessor.executeCall(DatabaseAccessor.java:567)
	at org.eclipse.persistence.internal.sessions.AbstractSession.basicExecuteCall(AbstractSession.java:2099)
	at org.eclipse.persistence.sessions.server.ClientSession.executeCall(ClientSession.java:313)
	at org.eclipse.persistence.internal.queries.DatasourceCallQueryMechanism.executeCall(DatasourceCallQueryMechanism.java:275)
	at org.eclipse.persistence.internal.queries.DatasourceCallQueryMechanism.insertObject(DatasourceCallQueryMechanism.java:397)
	at org.eclipse.persistence.internal.queries.StatementQueryMechanism.insertObject(StatementQueryMechanism.java:167)
	at org.eclipse.persistence.internal.queries.StatementQueryMechanism.insertObject(StatementQueryMechanism.java:182)
	at org.eclipse.persistence.internal.queries.DatabaseQueryMechanism.insertObjectForWrite(DatabaseQueryMechanism.java:504)
	at org.eclipse.persistence.queries.InsertObjectQuery.executeCommit(InsertObjectQuery.java:82)
	at org.eclipse.persistence.queries.InsertObjectQuery.executeCommitWithChangeSet(InsertObjectQuery.java:92)
	at org.eclipse.persistence.internal.queries.DatabaseQueryMechanism.executeWriteWithChangeSet(DatabaseQueryMechanism.java:316)
	at org.eclipse.persistence.queries.WriteObjectQuery.executeDatabaseQuery(WriteObjectQuery.java:60)
	at org.eclipse.persistence.queries.DatabaseQuery.execute(DatabaseQuery.java:911)
	at org.eclipse.persistence.queries.DatabaseQuery.executeInUnitOfWork(DatabaseQuery.java:810)
	at org.eclipse.persistence.queries.ObjectLevelModifyQuery.executeInUnitOfWorkObjectLevelModifyQuery(ObjectLevelModifyQuery.java:110)
	at org.eclipse.persistence.queries.ObjectLevelModifyQuery.executeInUnitOfWork(ObjectLevelModifyQuery.java:87)
	at org.eclipse.persistence.internal.sessions.UnitOfWorkImpl.internalExecuteQuery(UnitOfWorkImpl.java:2983)
	at org.eclipse.persistence.internal.sessions.AbstractSession.executeQuery(AbstractSession.java:1898)
	at org.eclipse.persistence.internal.sessions.AbstractSession.executeQuery(AbstractSession.java:1880)
	at org.eclipse.persistence.internal.sessions.AbstractSession.executeQuery(AbstractSession.java:1830)
	at org.eclipse.persistence.internal.sessions.CommitManager.commitNewObjectsForClassWithChangeSet(CommitManager.java:229)
	at org.eclipse.persistence.internal.sessions.CommitManager.commitAllObjectsForClassWithChangeSet(CommitManager.java:196)
	at org.eclipse.persistence.internal.sessions.CommitManager.commitAllObjectsWithChangeSet(CommitManager.java:141)
	at org.eclipse.persistence.internal.sessions.AbstractSession.writeAllObjectsWithChangeSet(AbstractSession.java:4398)
	at org.eclipse.persistence.internal.sessions.UnitOfWorkImpl.commitToDatabase(UnitOfWorkImpl.java:1495)
	at org.eclipse.persistence.internal.sessions.UnitOfWorkImpl.commitToDatabaseWithChangeSet(UnitOfWorkImpl.java:1585)
	at org.eclipse.persistence.internal.sessions.RepeatableWriteUnitOfWork.commitRootUnitOfWork(RepeatableWriteUnitOfWork.java:280)
	at org.eclipse.persistence.internal.sessions.UnitOfWorkImpl.commitAndResume(UnitOfWorkImpl.java:1222)
	at org.eclipse.persistence.internal.jpa.transaction.EntityTransactionImpl.commit(EntityTransactionImpl.java:136)
	... 46 more
Caused by: org.h2.jdbc.JdbcSQLIntegrityConstraintViolationException: La columna &quot;DIRECCION&quot; no permite valores nulos (NULL)
NULL not allowed for column &quot;DIRECCION&quot;; SQL statement:
INSERT INTO CLIENTE (ID, CIUDAD, CODIGOPOSTAL, DIRECCION, ESTADO, FECHAALTA, FECHABAJA, IDENTIFICACION, PAIS, TIPOCLIENTE, USER_USER, DTYPE) VALUES (?, ?, ?, ?, ?, ?, ?, ?, ?, ?, ?, ?) [23502-200]
	at org.h2.message.DbException.getJdbcSQLException(DbException.java:459)
	at org.h2.message.DbException.getJdbcSQLException(DbException.java:429)
	at org.h2.message.DbException.get(DbException.java:205)
	at org.h2.message.DbException.get(DbException.java:181)
	at org.h2.table.Column.validateConvertUpdateSequence(Column.java:374)
	at org.h2.table.Table.validateConvertUpdateSequence(Table.java:845)
	at org.h2.command.dml.Insert.insertRows(Insert.java:187)
	at org.h2.command.dml.Insert.update(Insert.java:151)
	at org.h2.command.CommandContainer.update(CommandContainer.java:198)
	at org.h2.command.Command.executeUpdate(Command.java:251)
	at org.h2.jdbc.JdbcPreparedStatement.executeUpdateInternal(JdbcPreparedStatement.java:191)
	at org.h2.jdbc.JdbcPreparedStatement.executeUpdate(JdbcPreparedStatement.java:152)
	at org.eclipse.persistence.internal.databaseaccess.DatabaseAccessor.executeDirectNoSelect(DatabaseAccessor.java:898)
	... 77 more
</error>
    <system-out>[EL Warning]: 2022-04-28 17:23:36.916--UnitOfWork(923450199)--Exception [EclipseLink-4002] (Eclipse Persistence Services - 2.7.6.v20200131-b7c997804f): org.eclipse.persistence.exceptions.DatabaseException
Internal Exception: org.h2.jdbc.JdbcSQLIntegrityConstraintViolationException: La columna &quot;DIRECCION&quot; no permite valores nulos (NULL)
NULL not allowed for column &quot;DIRECCION&quot;; SQL statement:
INSERT INTO CLIENTE (ID, CIUDAD, CODIGOPOSTAL, DIRECCION, ESTADO, FECHAALTA, FECHABAJA, IDENTIFICACION, PAIS, TIPOCLIENTE, USER_USER, DTYPE) VALUES (?, ?, ?, ?, ?, ?, ?, ?, ?, ?, ?, ?) [23502-200]
Error Code: 23502
Call: INSERT INTO CLIENTE (ID, CIUDAD, CODIGOPOSTAL, DIRECCION, ESTADO, FECHAALTA, FECHABAJA, IDENTIFICACION, PAIS, TIPOCLIENTE, USER_USER, DTYPE) VALUES (?, ?, ?, ?, ?, ?, ?, ?, ?, ?, ?, ?)
	bind =&gt; [12 parameters bound]
Query: InsertObjectQuery(Cliente{
id=1
identificacion=Avenia Plutarco
tipoCliente=null
estado=Activo
fechaAlta=Thu Apr 28 17:23:36 CEST 2022
fechaBaja=null
direccion=null
ciudad=Malaga
codigopostal=29004
pais=Espana
cuentasFintech={[]}}Empresa{
razon_social=UMA})
</system-out>
  </testcase>
  <testcase classname="ma3s.fintech.test.Clientes" name="testModCodigoPostalIndividualCampoVacio" time="0.033">
    <error message="Exception [EclipseLink-4002] (Eclipse Persistence Services - 2.7.6.v20200131-b7c997804f): org.eclipse.persistence.exceptions.DatabaseException
Internal Exception: org.h2.jdbc.JdbcSQLIntegrityConstraintViolationException: La columna &quot;DIRECCION&quot; no permite valores nulos (NULL)
NULL not allowed for column &quot;DIRECCION&quot;; SQL statement:
INSERT INTO CLIENTE (ID, CIUDAD, CODIGOPOSTAL, DIRECCION, ESTADO, FECHAALTA, FECHABAJA, IDENTIFICACION, PAIS, TIPOCLIENTE, USER_USER, DTYPE) VALUES (?, ?, ?, ?, ?, ?, ?, ?, ?, ?, ?, ?) [23502-200]
Error Code: 23502
Call: INSERT INTO CLIENTE (ID, CIUDAD, CODIGOPOSTAL, DIRECCION, ESTADO, FECHAALTA, FECHABAJA, IDENTIFICACION, PAIS, TIPOCLIENTE, USER_USER, DTYPE) VALUES (?, ?, ?, ?, ?, ?, ?, ?, ?, ?, ?, ?)
	bind =&gt; [12 parameters bound]
Query: InsertObjectQuery(Cliente{
id=1
identificacion=Avenia Plutarco
tipoCliente=null
estado=Activo
fechaAlta=Thu Apr 28 17:23:36 CEST 2022
fechaBaja=null
direccion=null
ciudad=Malaga
codigopostal=29004
pais=Espana
cuentasFintech={[]}}Empresa{
razon_social=UMA})" type="javax.persistence.RollbackException">javax.persistence.RollbackException: Exception [EclipseLink-4002] (Eclipse Persistence Services - 2.7.6.v20200131-b7c997804f): org.eclipse.persistence.exceptions.DatabaseException
Internal Exception: org.h2.jdbc.JdbcSQLIntegrityConstraintViolationException: La columna &quot;DIRECCION&quot; no permite valores nulos (NULL)
NULL not allowed for column &quot;DIRECCION&quot;; SQL statement:
INSERT INTO CLIENTE (ID, CIUDAD, CODIGOPOSTAL, DIRECCION, ESTADO, FECHAALTA, FECHABAJA, IDENTIFICACION, PAIS, TIPOCLIENTE, USER_USER, DTYPE) VALUES (?, ?, ?, ?, ?, ?, ?, ?, ?, ?, ?, ?) [23502-200]
Error Code: 23502
Call: INSERT INTO CLIENTE (ID, CIUDAD, CODIGOPOSTAL, DIRECCION, ESTADO, FECHAALTA, FECHABAJA, IDENTIFICACION, PAIS, TIPOCLIENTE, USER_USER, DTYPE) VALUES (?, ?, ?, ?, ?, ?, ?, ?, ?, ?, ?, ?)
	bind =&gt; [12 parameters bound]
Query: InsertObjectQuery(Cliente{
id=1
identificacion=Avenia Plutarco
tipoCliente=null
estado=Activo
fechaAlta=Thu Apr 28 17:23:36 CEST 2022
fechaBaja=null
direccion=null
ciudad=Malaga
codigopostal=29004
pais=Espana
cuentasFintech={[]}}Empresa{
razon_social=UMA})
	at org.eclipse.persistence.internal.jpa.transaction.EntityTransactionImpl.commit(EntityTransactionImpl.java:161)
	at ma3s.fintech.test.BaseDatos.inicializaBaseDatos(BaseDatos.java:229)
	at ma3s.fintech.test.Clientes.setup(Clientes.java:31)
	at sun.reflect.NativeMethodAccessorImpl.invoke0(Native Method)
	at sun.reflect.NativeMethodAccessorImpl.invoke(NativeMethodAccessorImpl.java:62)
	at sun.reflect.DelegatingMethodAccessorImpl.invoke(DelegatingMethodAccessorImpl.java:43)
	at java.lang.reflect.Method.invoke(Method.java:498)
	at org.junit.runners.model.FrameworkMethod$1.runReflectiveCall(FrameworkMethod.java:59)
	at org.junit.internal.runners.model.ReflectiveCallable.run(ReflectiveCallable.java:12)
	at org.junit.runners.model.FrameworkMethod.invokeExplosively(FrameworkMethod.java:56)
	at org.junit.internal.runners.statements.RunBefores.invokeMethod(RunBefores.java:33)
	at org.junit.internal.runners.statements.RunBefores.evaluate(RunBefores.java:24)
	at org.junit.runners.ParentRunner$3.evaluate(ParentRunner.java:306)
	at org.junit.runners.BlockJUnit4ClassRunner$1.evaluate(BlockJUnit4ClassRunner.java:100)
	at org.junit.runners.ParentRunner.runLeaf(ParentRunner.java:366)
	at org.junit.runners.BlockJUnit4ClassRunner.runChild(BlockJUnit4ClassRunner.java:103)
	at org.junit.runners.BlockJUnit4ClassRunner.runChild(BlockJUnit4ClassRunner.java:63)
	at org.junit.runners.ParentRunner$4.run(ParentRunner.java:331)
	at org.junit.runners.ParentRunner$1.schedule(ParentRunner.java:79)
	at org.junit.runners.ParentRunner.runChildren(ParentRunner.java:329)
	at org.junit.runners.ParentRunner.access$100(ParentRunner.java:66)
	at org.junit.runners.ParentRunner$2.evaluate(ParentRunner.java:293)
	at org.junit.runners.ParentRunner$3.evaluate(ParentRunner.java:306)
	at org.junit.runners.ParentRunner.run(ParentRunner.java:413)
	at org.junit.runners.Suite.runChild(Suite.java:128)
	at org.junit.runners.Suite.runChild(Suite.java:27)
	at org.junit.runners.ParentRunner$4.run(ParentRunner.java:331)
	at org.junit.runners.ParentRunner$1.schedule(ParentRunner.java:79)
	at org.junit.runners.ParentRunner.runChildren(ParentRunner.java:329)
	at org.junit.runners.ParentRunner.access$100(ParentRunner.java:66)
	at org.junit.runners.ParentRunner$2.evaluate(ParentRunner.java:293)
	at org.junit.internal.runners.statements.RunBefores.evaluate(RunBefores.java:26)
	at org.junit.internal.runners.statements.RunAfters.evaluate(RunAfters.java:27)
	at org.junit.runners.ParentRunner$3.evaluate(ParentRunner.java:306)
	at org.junit.runners.ParentRunner.run(ParentRunner.java:413)
	at org.apache.maven.surefire.junit4.JUnit4Provider.execute(JUnit4Provider.java:252)
	at org.apache.maven.surefire.junit4.JUnit4Provider.executeTestSet(JUnit4Provider.java:141)
	at org.apache.maven.surefire.junit4.JUnit4Provider.invoke(JUnit4Provider.java:112)
	at sun.reflect.NativeMethodAccessorImpl.invoke0(Native Method)
	at sun.reflect.NativeMethodAccessorImpl.invoke(NativeMethodAccessorImpl.java:62)
	at sun.reflect.DelegatingMethodAccessorImpl.invoke(DelegatingMethodAccessorImpl.java:43)
	at java.lang.reflect.Method.invoke(Method.java:498)
	at org.apache.maven.surefire.util.ReflectionUtils.invokeMethodWithArray(ReflectionUtils.java:189)
	at org.apache.maven.surefire.booter.ProviderFactory$ProviderProxy.invoke(ProviderFactory.java:165)
	at org.apache.maven.surefire.booter.ProviderFactory.invokeProvider(ProviderFactory.java:85)
	at org.apache.maven.surefire.booter.ForkedBooter.runSuitesInProcess(ForkedBooter.java:115)
	at org.apache.maven.surefire.booter.ForkedBooter.main(ForkedBooter.java:75)
Caused by: Exception [EclipseLink-4002] (Eclipse Persistence Services - 2.7.6.v20200131-b7c997804f): org.eclipse.persistence.exceptions.DatabaseException
Internal Exception: org.h2.jdbc.JdbcSQLIntegrityConstraintViolationException: La columna &quot;DIRECCION&quot; no permite valores nulos (NULL)
NULL not allowed for column &quot;DIRECCION&quot;; SQL statement:
INSERT INTO CLIENTE (ID, CIUDAD, CODIGOPOSTAL, DIRECCION, ESTADO, FECHAALTA, FECHABAJA, IDENTIFICACION, PAIS, TIPOCLIENTE, USER_USER, DTYPE) VALUES (?, ?, ?, ?, ?, ?, ?, ?, ?, ?, ?, ?) [23502-200]
Error Code: 23502
Call: INSERT INTO CLIENTE (ID, CIUDAD, CODIGOPOSTAL, DIRECCION, ESTADO, FECHAALTA, FECHABAJA, IDENTIFICACION, PAIS, TIPOCLIENTE, USER_USER, DTYPE) VALUES (?, ?, ?, ?, ?, ?, ?, ?, ?, ?, ?, ?)
	bind =&gt; [12 parameters bound]
Query: InsertObjectQuery(Cliente{
id=1
identificacion=Avenia Plutarco
tipoCliente=null
estado=Activo
fechaAlta=Thu Apr 28 17:23:36 CEST 2022
fechaBaja=null
direccion=null
ciudad=Malaga
codigopostal=29004
pais=Espana
cuentasFintech={[]}}Empresa{
razon_social=UMA})
	at org.eclipse.persistence.exceptions.DatabaseException.sqlException(DatabaseException.java:333)
	at org.eclipse.persistence.internal.databaseaccess.DatabaseAccessor.executeDirectNoSelect(DatabaseAccessor.java:908)
	at org.eclipse.persistence.internal.databaseaccess.DatabaseAccessor.executeNoSelect(DatabaseAccessor.java:970)
	at org.eclipse.persistence.internal.databaseaccess.DatabaseAccessor.basicExecuteCall(DatabaseAccessor.java:640)
	at org.eclipse.persistence.internal.databaseaccess.DatabaseAccessor.executeCall(DatabaseAccessor.java:567)
	at org.eclipse.persistence.internal.sessions.AbstractSession.basicExecuteCall(AbstractSession.java:2099)
	at org.eclipse.persistence.sessions.server.ClientSession.executeCall(ClientSession.java:313)
	at org.eclipse.persistence.internal.queries.DatasourceCallQueryMechanism.executeCall(DatasourceCallQueryMechanism.java:275)
	at org.eclipse.persistence.internal.queries.DatasourceCallQueryMechanism.insertObject(DatasourceCallQueryMechanism.java:397)
	at org.eclipse.persistence.internal.queries.StatementQueryMechanism.insertObject(StatementQueryMechanism.java:167)
	at org.eclipse.persistence.internal.queries.StatementQueryMechanism.insertObject(StatementQueryMechanism.java:182)
	at org.eclipse.persistence.internal.queries.DatabaseQueryMechanism.insertObjectForWrite(DatabaseQueryMechanism.java:504)
	at org.eclipse.persistence.queries.InsertObjectQuery.executeCommit(InsertObjectQuery.java:82)
	at org.eclipse.persistence.queries.InsertObjectQuery.executeCommitWithChangeSet(InsertObjectQuery.java:92)
	at org.eclipse.persistence.internal.queries.DatabaseQueryMechanism.executeWriteWithChangeSet(DatabaseQueryMechanism.java:316)
	at org.eclipse.persistence.queries.WriteObjectQuery.executeDatabaseQuery(WriteObjectQuery.java:60)
	at org.eclipse.persistence.queries.DatabaseQuery.execute(DatabaseQuery.java:911)
	at org.eclipse.persistence.queries.DatabaseQuery.executeInUnitOfWork(DatabaseQuery.java:810)
	at org.eclipse.persistence.queries.ObjectLevelModifyQuery.executeInUnitOfWorkObjectLevelModifyQuery(ObjectLevelModifyQuery.java:110)
	at org.eclipse.persistence.queries.ObjectLevelModifyQuery.executeInUnitOfWork(ObjectLevelModifyQuery.java:87)
	at org.eclipse.persistence.internal.sessions.UnitOfWorkImpl.internalExecuteQuery(UnitOfWorkImpl.java:2983)
	at org.eclipse.persistence.internal.sessions.AbstractSession.executeQuery(AbstractSession.java:1898)
	at org.eclipse.persistence.internal.sessions.AbstractSession.executeQuery(AbstractSession.java:1880)
	at org.eclipse.persistence.internal.sessions.AbstractSession.executeQuery(AbstractSession.java:1830)
	at org.eclipse.persistence.internal.sessions.CommitManager.commitNewObjectsForClassWithChangeSet(CommitManager.java:229)
	at org.eclipse.persistence.internal.sessions.CommitManager.commitAllObjectsForClassWithChangeSet(CommitManager.java:196)
	at org.eclipse.persistence.internal.sessions.CommitManager.commitAllObjectsWithChangeSet(CommitManager.java:141)
	at org.eclipse.persistence.internal.sessions.AbstractSession.writeAllObjectsWithChangeSet(AbstractSession.java:4398)
	at org.eclipse.persistence.internal.sessions.UnitOfWorkImpl.commitToDatabase(UnitOfWorkImpl.java:1495)
	at org.eclipse.persistence.internal.sessions.UnitOfWorkImpl.commitToDatabaseWithChangeSet(UnitOfWorkImpl.java:1585)
	at org.eclipse.persistence.internal.sessions.RepeatableWriteUnitOfWork.commitRootUnitOfWork(RepeatableWriteUnitOfWork.java:280)
	at org.eclipse.persistence.internal.sessions.UnitOfWorkImpl.commitAndResume(UnitOfWorkImpl.java:1222)
	at org.eclipse.persistence.internal.jpa.transaction.EntityTransactionImpl.commit(EntityTransactionImpl.java:136)
	... 46 more
Caused by: org.h2.jdbc.JdbcSQLIntegrityConstraintViolationException: La columna &quot;DIRECCION&quot; no permite valores nulos (NULL)
NULL not allowed for column &quot;DIRECCION&quot;; SQL statement:
INSERT INTO CLIENTE (ID, CIUDAD, CODIGOPOSTAL, DIRECCION, ESTADO, FECHAALTA, FECHABAJA, IDENTIFICACION, PAIS, TIPOCLIENTE, USER_USER, DTYPE) VALUES (?, ?, ?, ?, ?, ?, ?, ?, ?, ?, ?, ?) [23502-200]
	at org.h2.message.DbException.getJdbcSQLException(DbException.java:459)
	at org.h2.message.DbException.getJdbcSQLException(DbException.java:429)
	at org.h2.message.DbException.get(DbException.java:205)
	at org.h2.message.DbException.get(DbException.java:181)
	at org.h2.table.Column.validateConvertUpdateSequence(Column.java:374)
	at org.h2.table.Table.validateConvertUpdateSequence(Table.java:845)
	at org.h2.command.dml.Insert.insertRows(Insert.java:187)
	at org.h2.command.dml.Insert.update(Insert.java:151)
	at org.h2.command.CommandContainer.update(CommandContainer.java:198)
	at org.h2.command.Command.executeUpdate(Command.java:251)
	at org.h2.jdbc.JdbcPreparedStatement.executeUpdateInternal(JdbcPreparedStatement.java:191)
	at org.h2.jdbc.JdbcPreparedStatement.executeUpdate(JdbcPreparedStatement.java:152)
	at org.eclipse.persistence.internal.databaseaccess.DatabaseAccessor.executeDirectNoSelect(DatabaseAccessor.java:898)
	... 77 more
</error>
    <system-out>[EL Warning]: 2022-04-28 17:23:36.948--UnitOfWork(1090633367)--Exception [EclipseLink-4002] (Eclipse Persistence Services - 2.7.6.v20200131-b7c997804f): org.eclipse.persistence.exceptions.DatabaseException
Internal Exception: org.h2.jdbc.JdbcSQLIntegrityConstraintViolationException: La columna &quot;DIRECCION&quot; no permite valores nulos (NULL)
NULL not allowed for column &quot;DIRECCION&quot;; SQL statement:
INSERT INTO CLIENTE (ID, CIUDAD, CODIGOPOSTAL, DIRECCION, ESTADO, FECHAALTA, FECHABAJA, IDENTIFICACION, PAIS, TIPOCLIENTE, USER_USER, DTYPE) VALUES (?, ?, ?, ?, ?, ?, ?, ?, ?, ?, ?, ?) [23502-200]
Error Code: 23502
Call: INSERT INTO CLIENTE (ID, CIUDAD, CODIGOPOSTAL, DIRECCION, ESTADO, FECHAALTA, FECHABAJA, IDENTIFICACION, PAIS, TIPOCLIENTE, USER_USER, DTYPE) VALUES (?, ?, ?, ?, ?, ?, ?, ?, ?, ?, ?, ?)
	bind =&gt; [12 parameters bound]
Query: InsertObjectQuery(Cliente{
id=1
identificacion=Avenia Plutarco
tipoCliente=null
estado=Activo
fechaAlta=Thu Apr 28 17:23:36 CEST 2022
fechaBaja=null
direccion=null
ciudad=Malaga
codigopostal=29004
pais=Espana
cuentasFintech={[]}}Empresa{
razon_social=UMA})
</system-out>
  </testcase>
  <testcase classname="ma3s.fintech.test.Clientes" name="testDarAltaIndividualClienteYaExistente" time="0.048">
    <error message="Exception [EclipseLink-4002] (Eclipse Persistence Services - 2.7.6.v20200131-b7c997804f): org.eclipse.persistence.exceptions.DatabaseException
Internal Exception: org.h2.jdbc.JdbcSQLIntegrityConstraintViolationException: La columna &quot;DIRECCION&quot; no permite valores nulos (NULL)
NULL not allowed for column &quot;DIRECCION&quot;; SQL statement:
INSERT INTO CLIENTE (ID, CIUDAD, CODIGOPOSTAL, DIRECCION, ESTADO, FECHAALTA, FECHABAJA, IDENTIFICACION, PAIS, TIPOCLIENTE, USER_USER, DTYPE) VALUES (?, ?, ?, ?, ?, ?, ?, ?, ?, ?, ?, ?) [23502-200]
Error Code: 23502
Call: INSERT INTO CLIENTE (ID, CIUDAD, CODIGOPOSTAL, DIRECCION, ESTADO, FECHAALTA, FECHABAJA, IDENTIFICACION, PAIS, TIPOCLIENTE, USER_USER, DTYPE) VALUES (?, ?, ?, ?, ?, ?, ?, ?, ?, ?, ?, ?)
	bind =&gt; [12 parameters bound]
Query: InsertObjectQuery(Cliente{
id=2
identificacion=avenida de Murcia
tipoCliente=null
estado=Activo
fechaAlta=Thu Apr 28 17:23:36 CEST 2022
fechaBaja=null
direccion=null
ciudad=Murcia
codigopostal=29845
pais=Espana
cuentasFintech={[]}}Empresa{
razon_social=UCAM})" type="javax.persistence.RollbackException">javax.persistence.RollbackException: Exception [EclipseLink-4002] (Eclipse Persistence Services - 2.7.6.v20200131-b7c997804f): org.eclipse.persistence.exceptions.DatabaseException
Internal Exception: org.h2.jdbc.JdbcSQLIntegrityConstraintViolationException: La columna &quot;DIRECCION&quot; no permite valores nulos (NULL)
NULL not allowed for column &quot;DIRECCION&quot;; SQL statement:
INSERT INTO CLIENTE (ID, CIUDAD, CODIGOPOSTAL, DIRECCION, ESTADO, FECHAALTA, FECHABAJA, IDENTIFICACION, PAIS, TIPOCLIENTE, USER_USER, DTYPE) VALUES (?, ?, ?, ?, ?, ?, ?, ?, ?, ?, ?, ?) [23502-200]
Error Code: 23502
Call: INSERT INTO CLIENTE (ID, CIUDAD, CODIGOPOSTAL, DIRECCION, ESTADO, FECHAALTA, FECHABAJA, IDENTIFICACION, PAIS, TIPOCLIENTE, USER_USER, DTYPE) VALUES (?, ?, ?, ?, ?, ?, ?, ?, ?, ?, ?, ?)
	bind =&gt; [12 parameters bound]
Query: InsertObjectQuery(Cliente{
id=2
identificacion=avenida de Murcia
tipoCliente=null
estado=Activo
fechaAlta=Thu Apr 28 17:23:36 CEST 2022
fechaBaja=null
direccion=null
ciudad=Murcia
codigopostal=29845
pais=Espana
cuentasFintech={[]}}Empresa{
razon_social=UCAM})
	at org.eclipse.persistence.internal.jpa.transaction.EntityTransactionImpl.commit(EntityTransactionImpl.java:161)
	at ma3s.fintech.test.BaseDatos.inicializaBaseDatos(BaseDatos.java:229)
	at ma3s.fintech.test.Clientes.setup(Clientes.java:31)
	at sun.reflect.NativeMethodAccessorImpl.invoke0(Native Method)
	at sun.reflect.NativeMethodAccessorImpl.invoke(NativeMethodAccessorImpl.java:62)
	at sun.reflect.DelegatingMethodAccessorImpl.invoke(DelegatingMethodAccessorImpl.java:43)
	at java.lang.reflect.Method.invoke(Method.java:498)
	at org.junit.runners.model.FrameworkMethod$1.runReflectiveCall(FrameworkMethod.java:59)
	at org.junit.internal.runners.model.ReflectiveCallable.run(ReflectiveCallable.java:12)
	at org.junit.runners.model.FrameworkMethod.invokeExplosively(FrameworkMethod.java:56)
	at org.junit.internal.runners.statements.RunBefores.invokeMethod(RunBefores.java:33)
	at org.junit.internal.runners.statements.RunBefores.evaluate(RunBefores.java:24)
	at org.junit.runners.ParentRunner$3.evaluate(ParentRunner.java:306)
	at org.junit.runners.BlockJUnit4ClassRunner$1.evaluate(BlockJUnit4ClassRunner.java:100)
	at org.junit.runners.ParentRunner.runLeaf(ParentRunner.java:366)
	at org.junit.runners.BlockJUnit4ClassRunner.runChild(BlockJUnit4ClassRunner.java:103)
	at org.junit.runners.BlockJUnit4ClassRunner.runChild(BlockJUnit4ClassRunner.java:63)
	at org.junit.runners.ParentRunner$4.run(ParentRunner.java:331)
	at org.junit.runners.ParentRunner$1.schedule(ParentRunner.java:79)
	at org.junit.runners.ParentRunner.runChildren(ParentRunner.java:329)
	at org.junit.runners.ParentRunner.access$100(ParentRunner.java:66)
	at org.junit.runners.ParentRunner$2.evaluate(ParentRunner.java:293)
	at org.junit.runners.ParentRunner$3.evaluate(ParentRunner.java:306)
	at org.junit.runners.ParentRunner.run(ParentRunner.java:413)
	at org.junit.runners.Suite.runChild(Suite.java:128)
	at org.junit.runners.Suite.runChild(Suite.java:27)
	at org.junit.runners.ParentRunner$4.run(ParentRunner.java:331)
	at org.junit.runners.ParentRunner$1.schedule(ParentRunner.java:79)
	at org.junit.runners.ParentRunner.runChildren(ParentRunner.java:329)
	at org.junit.runners.ParentRunner.access$100(ParentRunner.java:66)
	at org.junit.runners.ParentRunner$2.evaluate(ParentRunner.java:293)
	at org.junit.internal.runners.statements.RunBefores.evaluate(RunBefores.java:26)
	at org.junit.internal.runners.statements.RunAfters.evaluate(RunAfters.java:27)
	at org.junit.runners.ParentRunner$3.evaluate(ParentRunner.java:306)
	at org.junit.runners.ParentRunner.run(ParentRunner.java:413)
	at org.apache.maven.surefire.junit4.JUnit4Provider.execute(JUnit4Provider.java:252)
	at org.apache.maven.surefire.junit4.JUnit4Provider.executeTestSet(JUnit4Provider.java:141)
	at org.apache.maven.surefire.junit4.JUnit4Provider.invoke(JUnit4Provider.java:112)
	at sun.reflect.NativeMethodAccessorImpl.invoke0(Native Method)
	at sun.reflect.NativeMethodAccessorImpl.invoke(NativeMethodAccessorImpl.java:62)
	at sun.reflect.DelegatingMethodAccessorImpl.invoke(DelegatingMethodAccessorImpl.java:43)
	at java.lang.reflect.Method.invoke(Method.java:498)
	at org.apache.maven.surefire.util.ReflectionUtils.invokeMethodWithArray(ReflectionUtils.java:189)
	at org.apache.maven.surefire.booter.ProviderFactory$ProviderProxy.invoke(ProviderFactory.java:165)
	at org.apache.maven.surefire.booter.ProviderFactory.invokeProvider(ProviderFactory.java:85)
	at org.apache.maven.surefire.booter.ForkedBooter.runSuitesInProcess(ForkedBooter.java:115)
	at org.apache.maven.surefire.booter.ForkedBooter.main(ForkedBooter.java:75)
Caused by: Exception [EclipseLink-4002] (Eclipse Persistence Services - 2.7.6.v20200131-b7c997804f): org.eclipse.persistence.exceptions.DatabaseException
Internal Exception: org.h2.jdbc.JdbcSQLIntegrityConstraintViolationException: La columna &quot;DIRECCION&quot; no permite valores nulos (NULL)
NULL not allowed for column &quot;DIRECCION&quot;; SQL statement:
INSERT INTO CLIENTE (ID, CIUDAD, CODIGOPOSTAL, DIRECCION, ESTADO, FECHAALTA, FECHABAJA, IDENTIFICACION, PAIS, TIPOCLIENTE, USER_USER, DTYPE) VALUES (?, ?, ?, ?, ?, ?, ?, ?, ?, ?, ?, ?) [23502-200]
Error Code: 23502
Call: INSERT INTO CLIENTE (ID, CIUDAD, CODIGOPOSTAL, DIRECCION, ESTADO, FECHAALTA, FECHABAJA, IDENTIFICACION, PAIS, TIPOCLIENTE, USER_USER, DTYPE) VALUES (?, ?, ?, ?, ?, ?, ?, ?, ?, ?, ?, ?)
	bind =&gt; [12 parameters bound]
Query: InsertObjectQuery(Cliente{
id=2
identificacion=avenida de Murcia
tipoCliente=null
estado=Activo
fechaAlta=Thu Apr 28 17:23:36 CEST 2022
fechaBaja=null
direccion=null
ciudad=Murcia
codigopostal=29845
pais=Espana
cuentasFintech={[]}}Empresa{
razon_social=UCAM})
	at org.eclipse.persistence.exceptions.DatabaseException.sqlException(DatabaseException.java:333)
	at org.eclipse.persistence.internal.databaseaccess.DatabaseAccessor.executeDirectNoSelect(DatabaseAccessor.java:908)
	at org.eclipse.persistence.internal.databaseaccess.DatabaseAccessor.executeNoSelect(DatabaseAccessor.java:970)
	at org.eclipse.persistence.internal.databaseaccess.DatabaseAccessor.basicExecuteCall(DatabaseAccessor.java:640)
	at org.eclipse.persistence.internal.databaseaccess.DatabaseAccessor.executeCall(DatabaseAccessor.java:567)
	at org.eclipse.persistence.internal.sessions.AbstractSession.basicExecuteCall(AbstractSession.java:2099)
	at org.eclipse.persistence.sessions.server.ClientSession.executeCall(ClientSession.java:313)
	at org.eclipse.persistence.internal.queries.DatasourceCallQueryMechanism.executeCall(DatasourceCallQueryMechanism.java:275)
	at org.eclipse.persistence.internal.queries.DatasourceCallQueryMechanism.insertObject(DatasourceCallQueryMechanism.java:397)
	at org.eclipse.persistence.internal.queries.StatementQueryMechanism.insertObject(StatementQueryMechanism.java:167)
	at org.eclipse.persistence.internal.queries.StatementQueryMechanism.insertObject(StatementQueryMechanism.java:182)
	at org.eclipse.persistence.internal.queries.DatabaseQueryMechanism.insertObjectForWrite(DatabaseQueryMechanism.java:504)
	at org.eclipse.persistence.queries.InsertObjectQuery.executeCommit(InsertObjectQuery.java:82)
	at org.eclipse.persistence.queries.InsertObjectQuery.executeCommitWithChangeSet(InsertObjectQuery.java:92)
	at org.eclipse.persistence.internal.queries.DatabaseQueryMechanism.executeWriteWithChangeSet(DatabaseQueryMechanism.java:316)
	at org.eclipse.persistence.queries.WriteObjectQuery.executeDatabaseQuery(WriteObjectQuery.java:60)
	at org.eclipse.persistence.queries.DatabaseQuery.execute(DatabaseQuery.java:911)
	at org.eclipse.persistence.queries.DatabaseQuery.executeInUnitOfWork(DatabaseQuery.java:810)
	at org.eclipse.persistence.queries.ObjectLevelModifyQuery.executeInUnitOfWorkObjectLevelModifyQuery(ObjectLevelModifyQuery.java:110)
	at org.eclipse.persistence.queries.ObjectLevelModifyQuery.executeInUnitOfWork(ObjectLevelModifyQuery.java:87)
	at org.eclipse.persistence.internal.sessions.UnitOfWorkImpl.internalExecuteQuery(UnitOfWorkImpl.java:2983)
	at org.eclipse.persistence.internal.sessions.AbstractSession.executeQuery(AbstractSession.java:1898)
	at org.eclipse.persistence.internal.sessions.AbstractSession.executeQuery(AbstractSession.java:1880)
	at org.eclipse.persistence.internal.sessions.AbstractSession.executeQuery(AbstractSession.java:1830)
	at org.eclipse.persistence.internal.sessions.CommitManager.commitNewObjectsForClassWithChangeSet(CommitManager.java:229)
	at org.eclipse.persistence.internal.sessions.CommitManager.commitAllObjectsForClassWithChangeSet(CommitManager.java:196)
	at org.eclipse.persistence.internal.sessions.CommitManager.commitAllObjectsWithChangeSet(CommitManager.java:141)
	at org.eclipse.persistence.internal.sessions.AbstractSession.writeAllObjectsWithChangeSet(AbstractSession.java:4398)
	at org.eclipse.persistence.internal.sessions.UnitOfWorkImpl.commitToDatabase(UnitOfWorkImpl.java:1495)
	at org.eclipse.persistence.internal.sessions.UnitOfWorkImpl.commitToDatabaseWithChangeSet(UnitOfWorkImpl.java:1585)
	at org.eclipse.persistence.internal.sessions.RepeatableWriteUnitOfWork.commitRootUnitOfWork(RepeatableWriteUnitOfWork.java:280)
	at org.eclipse.persistence.internal.sessions.UnitOfWorkImpl.commitAndResume(UnitOfWorkImpl.java:1222)
	at org.eclipse.persistence.internal.jpa.transaction.EntityTransactionImpl.commit(EntityTransactionImpl.java:136)
	... 46 more
Caused by: org.h2.jdbc.JdbcSQLIntegrityConstraintViolationException: La columna &quot;DIRECCION&quot; no permite valores nulos (NULL)
NULL not allowed for column &quot;DIRECCION&quot;; SQL statement:
INSERT INTO CLIENTE (ID, CIUDAD, CODIGOPOSTAL, DIRECCION, ESTADO, FECHAALTA, FECHABAJA, IDENTIFICACION, PAIS, TIPOCLIENTE, USER_USER, DTYPE) VALUES (?, ?, ?, ?, ?, ?, ?, ?, ?, ?, ?, ?) [23502-200]
	at org.h2.message.DbException.getJdbcSQLException(DbException.java:459)
	at org.h2.message.DbException.getJdbcSQLException(DbException.java:429)
	at org.h2.message.DbException.get(DbException.java:205)
	at org.h2.message.DbException.get(DbException.java:181)
	at org.h2.table.Column.validateConvertUpdateSequence(Column.java:374)
	at org.h2.table.Table.validateConvertUpdateSequence(Table.java:845)
	at org.h2.command.dml.Insert.insertRows(Insert.java:187)
	at org.h2.command.dml.Insert.update(Insert.java:151)
	at org.h2.command.CommandContainer.update(CommandContainer.java:198)
	at org.h2.command.Command.executeUpdate(Command.java:251)
	at org.h2.jdbc.JdbcPreparedStatement.executeUpdateInternal(JdbcPreparedStatement.java:191)
	at org.h2.jdbc.JdbcPreparedStatement.executeUpdate(JdbcPreparedStatement.java:152)
	at org.eclipse.persistence.internal.databaseaccess.DatabaseAccessor.executeDirectNoSelect(DatabaseAccessor.java:898)
	... 77 more
</error>
    <system-out>[EL Warning]: 2022-04-28 17:23:36.996--UnitOfWork(785645124)--Exception [EclipseLink-4002] (Eclipse Persistence Services - 2.7.6.v20200131-b7c997804f): org.eclipse.persistence.exceptions.DatabaseException
Internal Exception: org.h2.jdbc.JdbcSQLIntegrityConstraintViolationException: La columna &quot;DIRECCION&quot; no permite valores nulos (NULL)
NULL not allowed for column &quot;DIRECCION&quot;; SQL statement:
INSERT INTO CLIENTE (ID, CIUDAD, CODIGOPOSTAL, DIRECCION, ESTADO, FECHAALTA, FECHABAJA, IDENTIFICACION, PAIS, TIPOCLIENTE, USER_USER, DTYPE) VALUES (?, ?, ?, ?, ?, ?, ?, ?, ?, ?, ?, ?) [23502-200]
Error Code: 23502
Call: INSERT INTO CLIENTE (ID, CIUDAD, CODIGOPOSTAL, DIRECCION, ESTADO, FECHAALTA, FECHABAJA, IDENTIFICACION, PAIS, TIPOCLIENTE, USER_USER, DTYPE) VALUES (?, ?, ?, ?, ?, ?, ?, ?, ?, ?, ?, ?)
	bind =&gt; [12 parameters bound]
Query: InsertObjectQuery(Cliente{
id=2
identificacion=avenida de Murcia
tipoCliente=null
estado=Activo
fechaAlta=Thu Apr 28 17:23:36 CEST 2022
fechaBaja=null
direccion=null
ciudad=Murcia
codigopostal=29845
pais=Espana
cuentasFintech={[]}}Empresa{
razon_social=UCAM})
</system-out>
  </testcase>
  <testcase classname="ma3s.fintech.test.Clientes" name="testModCiudadEmpresaNoExistente" time="0.033">
    <error message="Exception [EclipseLink-4002] (Eclipse Persistence Services - 2.7.6.v20200131-b7c997804f): org.eclipse.persistence.exceptions.DatabaseException
Internal Exception: org.h2.jdbc.JdbcSQLIntegrityConstraintViolationException: La columna &quot;DIRECCION&quot; no permite valores nulos (NULL)
NULL not allowed for column &quot;DIRECCION&quot;; SQL statement:
INSERT INTO CLIENTE (ID, CIUDAD, CODIGOPOSTAL, DIRECCION, ESTADO, FECHAALTA, FECHABAJA, IDENTIFICACION, PAIS, TIPOCLIENTE, USER_USER, DTYPE) VALUES (?, ?, ?, ?, ?, ?, ?, ?, ?, ?, ?, ?) [23502-200]
Error Code: 23502
Call: INSERT INTO CLIENTE (ID, CIUDAD, CODIGOPOSTAL, DIRECCION, ESTADO, FECHAALTA, FECHABAJA, IDENTIFICACION, PAIS, TIPOCLIENTE, USER_USER, DTYPE) VALUES (?, ?, ?, ?, ?, ?, ?, ?, ?, ?, ?, ?)
	bind =&gt; [12 parameters bound]
Query: InsertObjectQuery(Cliente{
id=2
identificacion=avenida de Murcia
tipoCliente=null
estado=Activo
fechaAlta=Thu Apr 28 17:23:37 CEST 2022
fechaBaja=null
direccion=null
ciudad=Murcia
codigopostal=29845
pais=Espana
cuentasFintech={[]}}Empresa{
razon_social=UCAM})" type="javax.persistence.RollbackException">javax.persistence.RollbackException: Exception [EclipseLink-4002] (Eclipse Persistence Services - 2.7.6.v20200131-b7c997804f): org.eclipse.persistence.exceptions.DatabaseException
Internal Exception: org.h2.jdbc.JdbcSQLIntegrityConstraintViolationException: La columna &quot;DIRECCION&quot; no permite valores nulos (NULL)
NULL not allowed for column &quot;DIRECCION&quot;; SQL statement:
INSERT INTO CLIENTE (ID, CIUDAD, CODIGOPOSTAL, DIRECCION, ESTADO, FECHAALTA, FECHABAJA, IDENTIFICACION, PAIS, TIPOCLIENTE, USER_USER, DTYPE) VALUES (?, ?, ?, ?, ?, ?, ?, ?, ?, ?, ?, ?) [23502-200]
Error Code: 23502
Call: INSERT INTO CLIENTE (ID, CIUDAD, CODIGOPOSTAL, DIRECCION, ESTADO, FECHAALTA, FECHABAJA, IDENTIFICACION, PAIS, TIPOCLIENTE, USER_USER, DTYPE) VALUES (?, ?, ?, ?, ?, ?, ?, ?, ?, ?, ?, ?)
	bind =&gt; [12 parameters bound]
Query: InsertObjectQuery(Cliente{
id=2
identificacion=avenida de Murcia
tipoCliente=null
estado=Activo
fechaAlta=Thu Apr 28 17:23:37 CEST 2022
fechaBaja=null
direccion=null
ciudad=Murcia
codigopostal=29845
pais=Espana
cuentasFintech={[]}}Empresa{
razon_social=UCAM})
	at org.eclipse.persistence.internal.jpa.transaction.EntityTransactionImpl.commit(EntityTransactionImpl.java:161)
	at ma3s.fintech.test.BaseDatos.inicializaBaseDatos(BaseDatos.java:229)
	at ma3s.fintech.test.Clientes.setup(Clientes.java:31)
	at sun.reflect.NativeMethodAccessorImpl.invoke0(Native Method)
	at sun.reflect.NativeMethodAccessorImpl.invoke(NativeMethodAccessorImpl.java:62)
	at sun.reflect.DelegatingMethodAccessorImpl.invoke(DelegatingMethodAccessorImpl.java:43)
	at java.lang.reflect.Method.invoke(Method.java:498)
	at org.junit.runners.model.FrameworkMethod$1.runReflectiveCall(FrameworkMethod.java:59)
	at org.junit.internal.runners.model.ReflectiveCallable.run(ReflectiveCallable.java:12)
	at org.junit.runners.model.FrameworkMethod.invokeExplosively(FrameworkMethod.java:56)
	at org.junit.internal.runners.statements.RunBefores.invokeMethod(RunBefores.java:33)
	at org.junit.internal.runners.statements.RunBefores.evaluate(RunBefores.java:24)
	at org.junit.runners.ParentRunner$3.evaluate(ParentRunner.java:306)
	at org.junit.runners.BlockJUnit4ClassRunner$1.evaluate(BlockJUnit4ClassRunner.java:100)
	at org.junit.runners.ParentRunner.runLeaf(ParentRunner.java:366)
	at org.junit.runners.BlockJUnit4ClassRunner.runChild(BlockJUnit4ClassRunner.java:103)
	at org.junit.runners.BlockJUnit4ClassRunner.runChild(BlockJUnit4ClassRunner.java:63)
	at org.junit.runners.ParentRunner$4.run(ParentRunner.java:331)
	at org.junit.runners.ParentRunner$1.schedule(ParentRunner.java:79)
	at org.junit.runners.ParentRunner.runChildren(ParentRunner.java:329)
	at org.junit.runners.ParentRunner.access$100(ParentRunner.java:66)
	at org.junit.runners.ParentRunner$2.evaluate(ParentRunner.java:293)
	at org.junit.runners.ParentRunner$3.evaluate(ParentRunner.java:306)
	at org.junit.runners.ParentRunner.run(ParentRunner.java:413)
	at org.junit.runners.Suite.runChild(Suite.java:128)
	at org.junit.runners.Suite.runChild(Suite.java:27)
	at org.junit.runners.ParentRunner$4.run(ParentRunner.java:331)
	at org.junit.runners.ParentRunner$1.schedule(ParentRunner.java:79)
	at org.junit.runners.ParentRunner.runChildren(ParentRunner.java:329)
	at org.junit.runners.ParentRunner.access$100(ParentRunner.java:66)
	at org.junit.runners.ParentRunner$2.evaluate(ParentRunner.java:293)
	at org.junit.internal.runners.statements.RunBefores.evaluate(RunBefores.java:26)
	at org.junit.internal.runners.statements.RunAfters.evaluate(RunAfters.java:27)
	at org.junit.runners.ParentRunner$3.evaluate(ParentRunner.java:306)
	at org.junit.runners.ParentRunner.run(ParentRunner.java:413)
	at org.apache.maven.surefire.junit4.JUnit4Provider.execute(JUnit4Provider.java:252)
	at org.apache.maven.surefire.junit4.JUnit4Provider.executeTestSet(JUnit4Provider.java:141)
	at org.apache.maven.surefire.junit4.JUnit4Provider.invoke(JUnit4Provider.java:112)
	at sun.reflect.NativeMethodAccessorImpl.invoke0(Native Method)
	at sun.reflect.NativeMethodAccessorImpl.invoke(NativeMethodAccessorImpl.java:62)
	at sun.reflect.DelegatingMethodAccessorImpl.invoke(DelegatingMethodAccessorImpl.java:43)
	at java.lang.reflect.Method.invoke(Method.java:498)
	at org.apache.maven.surefire.util.ReflectionUtils.invokeMethodWithArray(ReflectionUtils.java:189)
	at org.apache.maven.surefire.booter.ProviderFactory$ProviderProxy.invoke(ProviderFactory.java:165)
	at org.apache.maven.surefire.booter.ProviderFactory.invokeProvider(ProviderFactory.java:85)
	at org.apache.maven.surefire.booter.ForkedBooter.runSuitesInProcess(ForkedBooter.java:115)
	at org.apache.maven.surefire.booter.ForkedBooter.main(ForkedBooter.java:75)
Caused by: Exception [EclipseLink-4002] (Eclipse Persistence Services - 2.7.6.v20200131-b7c997804f): org.eclipse.persistence.exceptions.DatabaseException
Internal Exception: org.h2.jdbc.JdbcSQLIntegrityConstraintViolationException: La columna &quot;DIRECCION&quot; no permite valores nulos (NULL)
NULL not allowed for column &quot;DIRECCION&quot;; SQL statement:
INSERT INTO CLIENTE (ID, CIUDAD, CODIGOPOSTAL, DIRECCION, ESTADO, FECHAALTA, FECHABAJA, IDENTIFICACION, PAIS, TIPOCLIENTE, USER_USER, DTYPE) VALUES (?, ?, ?, ?, ?, ?, ?, ?, ?, ?, ?, ?) [23502-200]
Error Code: 23502
Call: INSERT INTO CLIENTE (ID, CIUDAD, CODIGOPOSTAL, DIRECCION, ESTADO, FECHAALTA, FECHABAJA, IDENTIFICACION, PAIS, TIPOCLIENTE, USER_USER, DTYPE) VALUES (?, ?, ?, ?, ?, ?, ?, ?, ?, ?, ?, ?)
	bind =&gt; [12 parameters bound]
Query: InsertObjectQuery(Cliente{
id=2
identificacion=avenida de Murcia
tipoCliente=null
estado=Activo
fechaAlta=Thu Apr 28 17:23:37 CEST 2022
fechaBaja=null
direccion=null
ciudad=Murcia
codigopostal=29845
pais=Espana
cuentasFintech={[]}}Empresa{
razon_social=UCAM})
	at org.eclipse.persistence.exceptions.DatabaseException.sqlException(DatabaseException.java:333)
	at org.eclipse.persistence.internal.databaseaccess.DatabaseAccessor.executeDirectNoSelect(DatabaseAccessor.java:908)
	at org.eclipse.persistence.internal.databaseaccess.DatabaseAccessor.executeNoSelect(DatabaseAccessor.java:970)
	at org.eclipse.persistence.internal.databaseaccess.DatabaseAccessor.basicExecuteCall(DatabaseAccessor.java:640)
	at org.eclipse.persistence.internal.databaseaccess.DatabaseAccessor.executeCall(DatabaseAccessor.java:567)
	at org.eclipse.persistence.internal.sessions.AbstractSession.basicExecuteCall(AbstractSession.java:2099)
	at org.eclipse.persistence.sessions.server.ClientSession.executeCall(ClientSession.java:313)
	at org.eclipse.persistence.internal.queries.DatasourceCallQueryMechanism.executeCall(DatasourceCallQueryMechanism.java:275)
	at org.eclipse.persistence.internal.queries.DatasourceCallQueryMechanism.insertObject(DatasourceCallQueryMechanism.java:397)
	at org.eclipse.persistence.internal.queries.StatementQueryMechanism.insertObject(StatementQueryMechanism.java:167)
	at org.eclipse.persistence.internal.queries.StatementQueryMechanism.insertObject(StatementQueryMechanism.java:182)
	at org.eclipse.persistence.internal.queries.DatabaseQueryMechanism.insertObjectForWrite(DatabaseQueryMechanism.java:504)
	at org.eclipse.persistence.queries.InsertObjectQuery.executeCommit(InsertObjectQuery.java:82)
	at org.eclipse.persistence.queries.InsertObjectQuery.executeCommitWithChangeSet(InsertObjectQuery.java:92)
	at org.eclipse.persistence.internal.queries.DatabaseQueryMechanism.executeWriteWithChangeSet(DatabaseQueryMechanism.java:316)
	at org.eclipse.persistence.queries.WriteObjectQuery.executeDatabaseQuery(WriteObjectQuery.java:60)
	at org.eclipse.persistence.queries.DatabaseQuery.execute(DatabaseQuery.java:911)
	at org.eclipse.persistence.queries.DatabaseQuery.executeInUnitOfWork(DatabaseQuery.java:810)
	at org.eclipse.persistence.queries.ObjectLevelModifyQuery.executeInUnitOfWorkObjectLevelModifyQuery(ObjectLevelModifyQuery.java:110)
	at org.eclipse.persistence.queries.ObjectLevelModifyQuery.executeInUnitOfWork(ObjectLevelModifyQuery.java:87)
	at org.eclipse.persistence.internal.sessions.UnitOfWorkImpl.internalExecuteQuery(UnitOfWorkImpl.java:2983)
	at org.eclipse.persistence.internal.sessions.AbstractSession.executeQuery(AbstractSession.java:1898)
	at org.eclipse.persistence.internal.sessions.AbstractSession.executeQuery(AbstractSession.java:1880)
	at org.eclipse.persistence.internal.sessions.AbstractSession.executeQuery(AbstractSession.java:1830)
	at org.eclipse.persistence.internal.sessions.CommitManager.commitNewObjectsForClassWithChangeSet(CommitManager.java:229)
	at org.eclipse.persistence.internal.sessions.CommitManager.commitAllObjectsForClassWithChangeSet(CommitManager.java:196)
	at org.eclipse.persistence.internal.sessions.CommitManager.commitAllObjectsWithChangeSet(CommitManager.java:141)
	at org.eclipse.persistence.internal.sessions.AbstractSession.writeAllObjectsWithChangeSet(AbstractSession.java:4398)
	at org.eclipse.persistence.internal.sessions.UnitOfWorkImpl.commitToDatabase(UnitOfWorkImpl.java:1495)
	at org.eclipse.persistence.internal.sessions.UnitOfWorkImpl.commitToDatabaseWithChangeSet(UnitOfWorkImpl.java:1585)
	at org.eclipse.persistence.internal.sessions.RepeatableWriteUnitOfWork.commitRootUnitOfWork(RepeatableWriteUnitOfWork.java:280)
	at org.eclipse.persistence.internal.sessions.UnitOfWorkImpl.commitAndResume(UnitOfWorkImpl.java:1222)
	at org.eclipse.persistence.internal.jpa.transaction.EntityTransactionImpl.commit(EntityTransactionImpl.java:136)
	... 46 more
Caused by: org.h2.jdbc.JdbcSQLIntegrityConstraintViolationException: La columna &quot;DIRECCION&quot; no permite valores nulos (NULL)
NULL not allowed for column &quot;DIRECCION&quot;; SQL statement:
INSERT INTO CLIENTE (ID, CIUDAD, CODIGOPOSTAL, DIRECCION, ESTADO, FECHAALTA, FECHABAJA, IDENTIFICACION, PAIS, TIPOCLIENTE, USER_USER, DTYPE) VALUES (?, ?, ?, ?, ?, ?, ?, ?, ?, ?, ?, ?) [23502-200]
	at org.h2.message.DbException.getJdbcSQLException(DbException.java:459)
	at org.h2.message.DbException.getJdbcSQLException(DbException.java:429)
	at org.h2.message.DbException.get(DbException.java:205)
	at org.h2.message.DbException.get(DbException.java:181)
	at org.h2.table.Column.validateConvertUpdateSequence(Column.java:374)
	at org.h2.table.Table.validateConvertUpdateSequence(Table.java:845)
	at org.h2.command.dml.Insert.insertRows(Insert.java:187)
	at org.h2.command.dml.Insert.update(Insert.java:151)
	at org.h2.command.CommandContainer.update(CommandContainer.java:198)
	at org.h2.command.Command.executeUpdate(Command.java:251)
	at org.h2.jdbc.JdbcPreparedStatement.executeUpdateInternal(JdbcPreparedStatement.java:191)
	at org.h2.jdbc.JdbcPreparedStatement.executeUpdate(JdbcPreparedStatement.java:152)
	at org.eclipse.persistence.internal.databaseaccess.DatabaseAccessor.executeDirectNoSelect(DatabaseAccessor.java:898)
	... 77 more
</error>
    <system-out>[EL Warning]: 2022-04-28 17:23:37.031--UnitOfWork(1948139617)--Exception [EclipseLink-4002] (Eclipse Persistence Services - 2.7.6.v20200131-b7c997804f): org.eclipse.persistence.exceptions.DatabaseException
Internal Exception: org.h2.jdbc.JdbcSQLIntegrityConstraintViolationException: La columna &quot;DIRECCION&quot; no permite valores nulos (NULL)
NULL not allowed for column &quot;DIRECCION&quot;; SQL statement:
INSERT INTO CLIENTE (ID, CIUDAD, CODIGOPOSTAL, DIRECCION, ESTADO, FECHAALTA, FECHABAJA, IDENTIFICACION, PAIS, TIPOCLIENTE, USER_USER, DTYPE) VALUES (?, ?, ?, ?, ?, ?, ?, ?, ?, ?, ?, ?) [23502-200]
Error Code: 23502
Call: INSERT INTO CLIENTE (ID, CIUDAD, CODIGOPOSTAL, DIRECCION, ESTADO, FECHAALTA, FECHABAJA, IDENTIFICACION, PAIS, TIPOCLIENTE, USER_USER, DTYPE) VALUES (?, ?, ?, ?, ?, ?, ?, ?, ?, ?, ?, ?)
	bind =&gt; [12 parameters bound]
Query: InsertObjectQuery(Cliente{
id=2
identificacion=avenida de Murcia
tipoCliente=null
estado=Activo
fechaAlta=Thu Apr 28 17:23:37 CEST 2022
fechaBaja=null
direccion=null
ciudad=Murcia
codigopostal=29845
pais=Espana
cuentasFintech={[]}}Empresa{
razon_social=UCAM})
</system-out>
  </testcase>
  <testcase classname="ma3s.fintech.test.Clientes" name="testModRazonSocialEmpresaNoExistente" time="0.034">
    <error message="Exception [EclipseLink-4002] (Eclipse Persistence Services - 2.7.6.v20200131-b7c997804f): org.eclipse.persistence.exceptions.DatabaseException
Internal Exception: org.h2.jdbc.JdbcSQLIntegrityConstraintViolationException: La columna &quot;DIRECCION&quot; no permite valores nulos (NULL)
NULL not allowed for column &quot;DIRECCION&quot;; SQL statement:
INSERT INTO CLIENTE (ID, CIUDAD, CODIGOPOSTAL, DIRECCION, ESTADO, FECHAALTA, FECHABAJA, IDENTIFICACION, PAIS, TIPOCLIENTE, USER_USER, DTYPE) VALUES (?, ?, ?, ?, ?, ?, ?, ?, ?, ?, ?, ?) [23502-200]
Error Code: 23502
Call: INSERT INTO CLIENTE (ID, CIUDAD, CODIGOPOSTAL, DIRECCION, ESTADO, FECHAALTA, FECHABAJA, IDENTIFICACION, PAIS, TIPOCLIENTE, USER_USER, DTYPE) VALUES (?, ?, ?, ?, ?, ?, ?, ?, ?, ?, ?, ?)
	bind =&gt; [12 parameters bound]
Query: InsertObjectQuery(Cliente{
id=2
identificacion=avenida de Murcia
tipoCliente=null
estado=Activo
fechaAlta=Thu Apr 28 17:23:37 CEST 2022
fechaBaja=null
direccion=null
ciudad=Murcia
codigopostal=29845
pais=Espana
cuentasFintech={[]}}Empresa{
razon_social=UCAM})" type="javax.persistence.RollbackException">javax.persistence.RollbackException: Exception [EclipseLink-4002] (Eclipse Persistence Services - 2.7.6.v20200131-b7c997804f): org.eclipse.persistence.exceptions.DatabaseException
Internal Exception: org.h2.jdbc.JdbcSQLIntegrityConstraintViolationException: La columna &quot;DIRECCION&quot; no permite valores nulos (NULL)
NULL not allowed for column &quot;DIRECCION&quot;; SQL statement:
INSERT INTO CLIENTE (ID, CIUDAD, CODIGOPOSTAL, DIRECCION, ESTADO, FECHAALTA, FECHABAJA, IDENTIFICACION, PAIS, TIPOCLIENTE, USER_USER, DTYPE) VALUES (?, ?, ?, ?, ?, ?, ?, ?, ?, ?, ?, ?) [23502-200]
Error Code: 23502
Call: INSERT INTO CLIENTE (ID, CIUDAD, CODIGOPOSTAL, DIRECCION, ESTADO, FECHAALTA, FECHABAJA, IDENTIFICACION, PAIS, TIPOCLIENTE, USER_USER, DTYPE) VALUES (?, ?, ?, ?, ?, ?, ?, ?, ?, ?, ?, ?)
	bind =&gt; [12 parameters bound]
Query: InsertObjectQuery(Cliente{
id=2
identificacion=avenida de Murcia
tipoCliente=null
estado=Activo
fechaAlta=Thu Apr 28 17:23:37 CEST 2022
fechaBaja=null
direccion=null
ciudad=Murcia
codigopostal=29845
pais=Espana
cuentasFintech={[]}}Empresa{
razon_social=UCAM})
	at org.eclipse.persistence.internal.jpa.transaction.EntityTransactionImpl.commit(EntityTransactionImpl.java:161)
	at ma3s.fintech.test.BaseDatos.inicializaBaseDatos(BaseDatos.java:229)
	at ma3s.fintech.test.Clientes.setup(Clientes.java:31)
	at sun.reflect.NativeMethodAccessorImpl.invoke0(Native Method)
	at sun.reflect.NativeMethodAccessorImpl.invoke(NativeMethodAccessorImpl.java:62)
	at sun.reflect.DelegatingMethodAccessorImpl.invoke(DelegatingMethodAccessorImpl.java:43)
	at java.lang.reflect.Method.invoke(Method.java:498)
	at org.junit.runners.model.FrameworkMethod$1.runReflectiveCall(FrameworkMethod.java:59)
	at org.junit.internal.runners.model.ReflectiveCallable.run(ReflectiveCallable.java:12)
	at org.junit.runners.model.FrameworkMethod.invokeExplosively(FrameworkMethod.java:56)
	at org.junit.internal.runners.statements.RunBefores.invokeMethod(RunBefores.java:33)
	at org.junit.internal.runners.statements.RunBefores.evaluate(RunBefores.java:24)
	at org.junit.runners.ParentRunner$3.evaluate(ParentRunner.java:306)
	at org.junit.runners.BlockJUnit4ClassRunner$1.evaluate(BlockJUnit4ClassRunner.java:100)
	at org.junit.runners.ParentRunner.runLeaf(ParentRunner.java:366)
	at org.junit.runners.BlockJUnit4ClassRunner.runChild(BlockJUnit4ClassRunner.java:103)
	at org.junit.runners.BlockJUnit4ClassRunner.runChild(BlockJUnit4ClassRunner.java:63)
	at org.junit.runners.ParentRunner$4.run(ParentRunner.java:331)
	at org.junit.runners.ParentRunner$1.schedule(ParentRunner.java:79)
	at org.junit.runners.ParentRunner.runChildren(ParentRunner.java:329)
	at org.junit.runners.ParentRunner.access$100(ParentRunner.java:66)
	at org.junit.runners.ParentRunner$2.evaluate(ParentRunner.java:293)
	at org.junit.runners.ParentRunner$3.evaluate(ParentRunner.java:306)
	at org.junit.runners.ParentRunner.run(ParentRunner.java:413)
	at org.junit.runners.Suite.runChild(Suite.java:128)
	at org.junit.runners.Suite.runChild(Suite.java:27)
	at org.junit.runners.ParentRunner$4.run(ParentRunner.java:331)
	at org.junit.runners.ParentRunner$1.schedule(ParentRunner.java:79)
	at org.junit.runners.ParentRunner.runChildren(ParentRunner.java:329)
	at org.junit.runners.ParentRunner.access$100(ParentRunner.java:66)
	at org.junit.runners.ParentRunner$2.evaluate(ParentRunner.java:293)
	at org.junit.internal.runners.statements.RunBefores.evaluate(RunBefores.java:26)
	at org.junit.internal.runners.statements.RunAfters.evaluate(RunAfters.java:27)
	at org.junit.runners.ParentRunner$3.evaluate(ParentRunner.java:306)
	at org.junit.runners.ParentRunner.run(ParentRunner.java:413)
	at org.apache.maven.surefire.junit4.JUnit4Provider.execute(JUnit4Provider.java:252)
	at org.apache.maven.surefire.junit4.JUnit4Provider.executeTestSet(JUnit4Provider.java:141)
	at org.apache.maven.surefire.junit4.JUnit4Provider.invoke(JUnit4Provider.java:112)
	at sun.reflect.NativeMethodAccessorImpl.invoke0(Native Method)
	at sun.reflect.NativeMethodAccessorImpl.invoke(NativeMethodAccessorImpl.java:62)
	at sun.reflect.DelegatingMethodAccessorImpl.invoke(DelegatingMethodAccessorImpl.java:43)
	at java.lang.reflect.Method.invoke(Method.java:498)
	at org.apache.maven.surefire.util.ReflectionUtils.invokeMethodWithArray(ReflectionUtils.java:189)
	at org.apache.maven.surefire.booter.ProviderFactory$ProviderProxy.invoke(ProviderFactory.java:165)
	at org.apache.maven.surefire.booter.ProviderFactory.invokeProvider(ProviderFactory.java:85)
	at org.apache.maven.surefire.booter.ForkedBooter.runSuitesInProcess(ForkedBooter.java:115)
	at org.apache.maven.surefire.booter.ForkedBooter.main(ForkedBooter.java:75)
Caused by: Exception [EclipseLink-4002] (Eclipse Persistence Services - 2.7.6.v20200131-b7c997804f): org.eclipse.persistence.exceptions.DatabaseException
Internal Exception: org.h2.jdbc.JdbcSQLIntegrityConstraintViolationException: La columna &quot;DIRECCION&quot; no permite valores nulos (NULL)
NULL not allowed for column &quot;DIRECCION&quot;; SQL statement:
INSERT INTO CLIENTE (ID, CIUDAD, CODIGOPOSTAL, DIRECCION, ESTADO, FECHAALTA, FECHABAJA, IDENTIFICACION, PAIS, TIPOCLIENTE, USER_USER, DTYPE) VALUES (?, ?, ?, ?, ?, ?, ?, ?, ?, ?, ?, ?) [23502-200]
Error Code: 23502
Call: INSERT INTO CLIENTE (ID, CIUDAD, CODIGOPOSTAL, DIRECCION, ESTADO, FECHAALTA, FECHABAJA, IDENTIFICACION, PAIS, TIPOCLIENTE, USER_USER, DTYPE) VALUES (?, ?, ?, ?, ?, ?, ?, ?, ?, ?, ?, ?)
	bind =&gt; [12 parameters bound]
Query: InsertObjectQuery(Cliente{
id=2
identificacion=avenida de Murcia
tipoCliente=null
estado=Activo
fechaAlta=Thu Apr 28 17:23:37 CEST 2022
fechaBaja=null
direccion=null
ciudad=Murcia
codigopostal=29845
pais=Espana
cuentasFintech={[]}}Empresa{
razon_social=UCAM})
	at org.eclipse.persistence.exceptions.DatabaseException.sqlException(DatabaseException.java:333)
	at org.eclipse.persistence.internal.databaseaccess.DatabaseAccessor.executeDirectNoSelect(DatabaseAccessor.java:908)
	at org.eclipse.persistence.internal.databaseaccess.DatabaseAccessor.executeNoSelect(DatabaseAccessor.java:970)
	at org.eclipse.persistence.internal.databaseaccess.DatabaseAccessor.basicExecuteCall(DatabaseAccessor.java:640)
	at org.eclipse.persistence.internal.databaseaccess.DatabaseAccessor.executeCall(DatabaseAccessor.java:567)
	at org.eclipse.persistence.internal.sessions.AbstractSession.basicExecuteCall(AbstractSession.java:2099)
	at org.eclipse.persistence.sessions.server.ClientSession.executeCall(ClientSession.java:313)
	at org.eclipse.persistence.internal.queries.DatasourceCallQueryMechanism.executeCall(DatasourceCallQueryMechanism.java:275)
	at org.eclipse.persistence.internal.queries.DatasourceCallQueryMechanism.insertObject(DatasourceCallQueryMechanism.java:397)
	at org.eclipse.persistence.internal.queries.StatementQueryMechanism.insertObject(StatementQueryMechanism.java:167)
	at org.eclipse.persistence.internal.queries.StatementQueryMechanism.insertObject(StatementQueryMechanism.java:182)
	at org.eclipse.persistence.internal.queries.DatabaseQueryMechanism.insertObjectForWrite(DatabaseQueryMechanism.java:504)
	at org.eclipse.persistence.queries.InsertObjectQuery.executeCommit(InsertObjectQuery.java:82)
	at org.eclipse.persistence.queries.InsertObjectQuery.executeCommitWithChangeSet(InsertObjectQuery.java:92)
	at org.eclipse.persistence.internal.queries.DatabaseQueryMechanism.executeWriteWithChangeSet(DatabaseQueryMechanism.java:316)
	at org.eclipse.persistence.queries.WriteObjectQuery.executeDatabaseQuery(WriteObjectQuery.java:60)
	at org.eclipse.persistence.queries.DatabaseQuery.execute(DatabaseQuery.java:911)
	at org.eclipse.persistence.queries.DatabaseQuery.executeInUnitOfWork(DatabaseQuery.java:810)
	at org.eclipse.persistence.queries.ObjectLevelModifyQuery.executeInUnitOfWorkObjectLevelModifyQuery(ObjectLevelModifyQuery.java:110)
	at org.eclipse.persistence.queries.ObjectLevelModifyQuery.executeInUnitOfWork(ObjectLevelModifyQuery.java:87)
	at org.eclipse.persistence.internal.sessions.UnitOfWorkImpl.internalExecuteQuery(UnitOfWorkImpl.java:2983)
	at org.eclipse.persistence.internal.sessions.AbstractSession.executeQuery(AbstractSession.java:1898)
	at org.eclipse.persistence.internal.sessions.AbstractSession.executeQuery(AbstractSession.java:1880)
	at org.eclipse.persistence.internal.sessions.AbstractSession.executeQuery(AbstractSession.java:1830)
	at org.eclipse.persistence.internal.sessions.CommitManager.commitNewObjectsForClassWithChangeSet(CommitManager.java:229)
	at org.eclipse.persistence.internal.sessions.CommitManager.commitAllObjectsForClassWithChangeSet(CommitManager.java:196)
	at org.eclipse.persistence.internal.sessions.CommitManager.commitAllObjectsWithChangeSet(CommitManager.java:141)
	at org.eclipse.persistence.internal.sessions.AbstractSession.writeAllObjectsWithChangeSet(AbstractSession.java:4398)
	at org.eclipse.persistence.internal.sessions.UnitOfWorkImpl.commitToDatabase(UnitOfWorkImpl.java:1495)
	at org.eclipse.persistence.internal.sessions.UnitOfWorkImpl.commitToDatabaseWithChangeSet(UnitOfWorkImpl.java:1585)
	at org.eclipse.persistence.internal.sessions.RepeatableWriteUnitOfWork.commitRootUnitOfWork(RepeatableWriteUnitOfWork.java:280)
	at org.eclipse.persistence.internal.sessions.UnitOfWorkImpl.commitAndResume(UnitOfWorkImpl.java:1222)
	at org.eclipse.persistence.internal.jpa.transaction.EntityTransactionImpl.commit(EntityTransactionImpl.java:136)
	... 46 more
Caused by: org.h2.jdbc.JdbcSQLIntegrityConstraintViolationException: La columna &quot;DIRECCION&quot; no permite valores nulos (NULL)
NULL not allowed for column &quot;DIRECCION&quot;; SQL statement:
INSERT INTO CLIENTE (ID, CIUDAD, CODIGOPOSTAL, DIRECCION, ESTADO, FECHAALTA, FECHABAJA, IDENTIFICACION, PAIS, TIPOCLIENTE, USER_USER, DTYPE) VALUES (?, ?, ?, ?, ?, ?, ?, ?, ?, ?, ?, ?) [23502-200]
	at org.h2.message.DbException.getJdbcSQLException(DbException.java:459)
	at org.h2.message.DbException.getJdbcSQLException(DbException.java:429)
	at org.h2.message.DbException.get(DbException.java:205)
	at org.h2.message.DbException.get(DbException.java:181)
	at org.h2.table.Column.validateConvertUpdateSequence(Column.java:374)
	at org.h2.table.Table.validateConvertUpdateSequence(Table.java:845)
	at org.h2.command.dml.Insert.insertRows(Insert.java:187)
	at org.h2.command.dml.Insert.update(Insert.java:151)
	at org.h2.command.CommandContainer.update(CommandContainer.java:198)
	at org.h2.command.Command.executeUpdate(Command.java:251)
	at org.h2.jdbc.JdbcPreparedStatement.executeUpdateInternal(JdbcPreparedStatement.java:191)
	at org.h2.jdbc.JdbcPreparedStatement.executeUpdate(JdbcPreparedStatement.java:152)
	at org.eclipse.persistence.internal.databaseaccess.DatabaseAccessor.executeDirectNoSelect(DatabaseAccessor.java:898)
	... 77 more
</error>
    <system-out>[EL Warning]: 2022-04-28 17:23:37.064--UnitOfWork(333506903)--Exception [EclipseLink-4002] (Eclipse Persistence Services - 2.7.6.v20200131-b7c997804f): org.eclipse.persistence.exceptions.DatabaseException
Internal Exception: org.h2.jdbc.JdbcSQLIntegrityConstraintViolationException: La columna &quot;DIRECCION&quot; no permite valores nulos (NULL)
NULL not allowed for column &quot;DIRECCION&quot;; SQL statement:
INSERT INTO CLIENTE (ID, CIUDAD, CODIGOPOSTAL, DIRECCION, ESTADO, FECHAALTA, FECHABAJA, IDENTIFICACION, PAIS, TIPOCLIENTE, USER_USER, DTYPE) VALUES (?, ?, ?, ?, ?, ?, ?, ?, ?, ?, ?, ?) [23502-200]
Error Code: 23502
Call: INSERT INTO CLIENTE (ID, CIUDAD, CODIGOPOSTAL, DIRECCION, ESTADO, FECHAALTA, FECHABAJA, IDENTIFICACION, PAIS, TIPOCLIENTE, USER_USER, DTYPE) VALUES (?, ?, ?, ?, ?, ?, ?, ?, ?, ?, ?, ?)
	bind =&gt; [12 parameters bound]
Query: InsertObjectQuery(Cliente{
id=2
identificacion=avenida de Murcia
tipoCliente=null
estado=Activo
fechaAlta=Thu Apr 28 17:23:37 CEST 2022
fechaBaja=null
direccion=null
ciudad=Murcia
codigopostal=29845
pais=Espana
cuentasFintech={[]}}Empresa{
razon_social=UCAM})
</system-out>
  </testcase>
  <testcase classname="ma3s.fintech.test.Clientes" name="testModFechaNacimientoIndividualIndividualNoExistenteException" time="0.039">
    <error message="Exception [EclipseLink-4002] (Eclipse Persistence Services - 2.7.6.v20200131-b7c997804f): org.eclipse.persistence.exceptions.DatabaseException
Internal Exception: org.h2.jdbc.JdbcSQLIntegrityConstraintViolationException: La columna &quot;DIRECCION&quot; no permite valores nulos (NULL)
NULL not allowed for column &quot;DIRECCION&quot;; SQL statement:
INSERT INTO CLIENTE (ID, CIUDAD, CODIGOPOSTAL, DIRECCION, ESTADO, FECHAALTA, FECHABAJA, IDENTIFICACION, PAIS, TIPOCLIENTE, USER_USER, DTYPE) VALUES (?, ?, ?, ?, ?, ?, ?, ?, ?, ?, ?, ?) [23502-200]
Error Code: 23502
Call: INSERT INTO CLIENTE (ID, CIUDAD, CODIGOPOSTAL, DIRECCION, ESTADO, FECHAALTA, FECHABAJA, IDENTIFICACION, PAIS, TIPOCLIENTE, USER_USER, DTYPE) VALUES (?, ?, ?, ?, ?, ?, ?, ?, ?, ?, ?, ?)
	bind =&gt; [12 parameters bound]
Query: InsertObjectQuery(Cliente{
id=2
identificacion=avenida de Murcia
tipoCliente=null
estado=Activo
fechaAlta=Thu Apr 28 17:23:37 CEST 2022
fechaBaja=null
direccion=null
ciudad=Murcia
codigopostal=29845
pais=Espana
cuentasFintech={[]}}Empresa{
razon_social=UCAM})" type="javax.persistence.RollbackException">javax.persistence.RollbackException: Exception [EclipseLink-4002] (Eclipse Persistence Services - 2.7.6.v20200131-b7c997804f): org.eclipse.persistence.exceptions.DatabaseException
Internal Exception: org.h2.jdbc.JdbcSQLIntegrityConstraintViolationException: La columna &quot;DIRECCION&quot; no permite valores nulos (NULL)
NULL not allowed for column &quot;DIRECCION&quot;; SQL statement:
INSERT INTO CLIENTE (ID, CIUDAD, CODIGOPOSTAL, DIRECCION, ESTADO, FECHAALTA, FECHABAJA, IDENTIFICACION, PAIS, TIPOCLIENTE, USER_USER, DTYPE) VALUES (?, ?, ?, ?, ?, ?, ?, ?, ?, ?, ?, ?) [23502-200]
Error Code: 23502
Call: INSERT INTO CLIENTE (ID, CIUDAD, CODIGOPOSTAL, DIRECCION, ESTADO, FECHAALTA, FECHABAJA, IDENTIFICACION, PAIS, TIPOCLIENTE, USER_USER, DTYPE) VALUES (?, ?, ?, ?, ?, ?, ?, ?, ?, ?, ?, ?)
	bind =&gt; [12 parameters bound]
Query: InsertObjectQuery(Cliente{
id=2
identificacion=avenida de Murcia
tipoCliente=null
estado=Activo
fechaAlta=Thu Apr 28 17:23:37 CEST 2022
fechaBaja=null
direccion=null
ciudad=Murcia
codigopostal=29845
pais=Espana
cuentasFintech={[]}}Empresa{
razon_social=UCAM})
	at org.eclipse.persistence.internal.jpa.transaction.EntityTransactionImpl.commit(EntityTransactionImpl.java:161)
	at ma3s.fintech.test.BaseDatos.inicializaBaseDatos(BaseDatos.java:229)
	at ma3s.fintech.test.Clientes.setup(Clientes.java:31)
	at sun.reflect.NativeMethodAccessorImpl.invoke0(Native Method)
	at sun.reflect.NativeMethodAccessorImpl.invoke(NativeMethodAccessorImpl.java:62)
	at sun.reflect.DelegatingMethodAccessorImpl.invoke(DelegatingMethodAccessorImpl.java:43)
	at java.lang.reflect.Method.invoke(Method.java:498)
	at org.junit.runners.model.FrameworkMethod$1.runReflectiveCall(FrameworkMethod.java:59)
	at org.junit.internal.runners.model.ReflectiveCallable.run(ReflectiveCallable.java:12)
	at org.junit.runners.model.FrameworkMethod.invokeExplosively(FrameworkMethod.java:56)
	at org.junit.internal.runners.statements.RunBefores.invokeMethod(RunBefores.java:33)
	at org.junit.internal.runners.statements.RunBefores.evaluate(RunBefores.java:24)
	at org.junit.runners.ParentRunner$3.evaluate(ParentRunner.java:306)
	at org.junit.runners.BlockJUnit4ClassRunner$1.evaluate(BlockJUnit4ClassRunner.java:100)
	at org.junit.runners.ParentRunner.runLeaf(ParentRunner.java:366)
	at org.junit.runners.BlockJUnit4ClassRunner.runChild(BlockJUnit4ClassRunner.java:103)
	at org.junit.runners.BlockJUnit4ClassRunner.runChild(BlockJUnit4ClassRunner.java:63)
	at org.junit.runners.ParentRunner$4.run(ParentRunner.java:331)
	at org.junit.runners.ParentRunner$1.schedule(ParentRunner.java:79)
	at org.junit.runners.ParentRunner.runChildren(ParentRunner.java:329)
	at org.junit.runners.ParentRunner.access$100(ParentRunner.java:66)
	at org.junit.runners.ParentRunner$2.evaluate(ParentRunner.java:293)
	at org.junit.runners.ParentRunner$3.evaluate(ParentRunner.java:306)
	at org.junit.runners.ParentRunner.run(ParentRunner.java:413)
	at org.junit.runners.Suite.runChild(Suite.java:128)
	at org.junit.runners.Suite.runChild(Suite.java:27)
	at org.junit.runners.ParentRunner$4.run(ParentRunner.java:331)
	at org.junit.runners.ParentRunner$1.schedule(ParentRunner.java:79)
	at org.junit.runners.ParentRunner.runChildren(ParentRunner.java:329)
	at org.junit.runners.ParentRunner.access$100(ParentRunner.java:66)
	at org.junit.runners.ParentRunner$2.evaluate(ParentRunner.java:293)
	at org.junit.internal.runners.statements.RunBefores.evaluate(RunBefores.java:26)
	at org.junit.internal.runners.statements.RunAfters.evaluate(RunAfters.java:27)
	at org.junit.runners.ParentRunner$3.evaluate(ParentRunner.java:306)
	at org.junit.runners.ParentRunner.run(ParentRunner.java:413)
	at org.apache.maven.surefire.junit4.JUnit4Provider.execute(JUnit4Provider.java:252)
	at org.apache.maven.surefire.junit4.JUnit4Provider.executeTestSet(JUnit4Provider.java:141)
	at org.apache.maven.surefire.junit4.JUnit4Provider.invoke(JUnit4Provider.java:112)
	at sun.reflect.NativeMethodAccessorImpl.invoke0(Native Method)
	at sun.reflect.NativeMethodAccessorImpl.invoke(NativeMethodAccessorImpl.java:62)
	at sun.reflect.DelegatingMethodAccessorImpl.invoke(DelegatingMethodAccessorImpl.java:43)
	at java.lang.reflect.Method.invoke(Method.java:498)
	at org.apache.maven.surefire.util.ReflectionUtils.invokeMethodWithArray(ReflectionUtils.java:189)
	at org.apache.maven.surefire.booter.ProviderFactory$ProviderProxy.invoke(ProviderFactory.java:165)
	at org.apache.maven.surefire.booter.ProviderFactory.invokeProvider(ProviderFactory.java:85)
	at org.apache.maven.surefire.booter.ForkedBooter.runSuitesInProcess(ForkedBooter.java:115)
	at org.apache.maven.surefire.booter.ForkedBooter.main(ForkedBooter.java:75)
Caused by: Exception [EclipseLink-4002] (Eclipse Persistence Services - 2.7.6.v20200131-b7c997804f): org.eclipse.persistence.exceptions.DatabaseException
Internal Exception: org.h2.jdbc.JdbcSQLIntegrityConstraintViolationException: La columna &quot;DIRECCION&quot; no permite valores nulos (NULL)
NULL not allowed for column &quot;DIRECCION&quot;; SQL statement:
INSERT INTO CLIENTE (ID, CIUDAD, CODIGOPOSTAL, DIRECCION, ESTADO, FECHAALTA, FECHABAJA, IDENTIFICACION, PAIS, TIPOCLIENTE, USER_USER, DTYPE) VALUES (?, ?, ?, ?, ?, ?, ?, ?, ?, ?, ?, ?) [23502-200]
Error Code: 23502
Call: INSERT INTO CLIENTE (ID, CIUDAD, CODIGOPOSTAL, DIRECCION, ESTADO, FECHAALTA, FECHABAJA, IDENTIFICACION, PAIS, TIPOCLIENTE, USER_USER, DTYPE) VALUES (?, ?, ?, ?, ?, ?, ?, ?, ?, ?, ?, ?)
	bind =&gt; [12 parameters bound]
Query: InsertObjectQuery(Cliente{
id=2
identificacion=avenida de Murcia
tipoCliente=null
estado=Activo
fechaAlta=Thu Apr 28 17:23:37 CEST 2022
fechaBaja=null
direccion=null
ciudad=Murcia
codigopostal=29845
pais=Espana
cuentasFintech={[]}}Empresa{
razon_social=UCAM})
	at org.eclipse.persistence.exceptions.DatabaseException.sqlException(DatabaseException.java:333)
	at org.eclipse.persistence.internal.databaseaccess.DatabaseAccessor.executeDirectNoSelect(DatabaseAccessor.java:908)
	at org.eclipse.persistence.internal.databaseaccess.DatabaseAccessor.executeNoSelect(DatabaseAccessor.java:970)
	at org.eclipse.persistence.internal.databaseaccess.DatabaseAccessor.basicExecuteCall(DatabaseAccessor.java:640)
	at org.eclipse.persistence.internal.databaseaccess.DatabaseAccessor.executeCall(DatabaseAccessor.java:567)
	at org.eclipse.persistence.internal.sessions.AbstractSession.basicExecuteCall(AbstractSession.java:2099)
	at org.eclipse.persistence.sessions.server.ClientSession.executeCall(ClientSession.java:313)
	at org.eclipse.persistence.internal.queries.DatasourceCallQueryMechanism.executeCall(DatasourceCallQueryMechanism.java:275)
	at org.eclipse.persistence.internal.queries.DatasourceCallQueryMechanism.insertObject(DatasourceCallQueryMechanism.java:397)
	at org.eclipse.persistence.internal.queries.StatementQueryMechanism.insertObject(StatementQueryMechanism.java:167)
	at org.eclipse.persistence.internal.queries.StatementQueryMechanism.insertObject(StatementQueryMechanism.java:182)
	at org.eclipse.persistence.internal.queries.DatabaseQueryMechanism.insertObjectForWrite(DatabaseQueryMechanism.java:504)
	at org.eclipse.persistence.queries.InsertObjectQuery.executeCommit(InsertObjectQuery.java:82)
	at org.eclipse.persistence.queries.InsertObjectQuery.executeCommitWithChangeSet(InsertObjectQuery.java:92)
	at org.eclipse.persistence.internal.queries.DatabaseQueryMechanism.executeWriteWithChangeSet(DatabaseQueryMechanism.java:316)
	at org.eclipse.persistence.queries.WriteObjectQuery.executeDatabaseQuery(WriteObjectQuery.java:60)
	at org.eclipse.persistence.queries.DatabaseQuery.execute(DatabaseQuery.java:911)
	at org.eclipse.persistence.queries.DatabaseQuery.executeInUnitOfWork(DatabaseQuery.java:810)
	at org.eclipse.persistence.queries.ObjectLevelModifyQuery.executeInUnitOfWorkObjectLevelModifyQuery(ObjectLevelModifyQuery.java:110)
	at org.eclipse.persistence.queries.ObjectLevelModifyQuery.executeInUnitOfWork(ObjectLevelModifyQuery.java:87)
	at org.eclipse.persistence.internal.sessions.UnitOfWorkImpl.internalExecuteQuery(UnitOfWorkImpl.java:2983)
	at org.eclipse.persistence.internal.sessions.AbstractSession.executeQuery(AbstractSession.java:1898)
	at org.eclipse.persistence.internal.sessions.AbstractSession.executeQuery(AbstractSession.java:1880)
	at org.eclipse.persistence.internal.sessions.AbstractSession.executeQuery(AbstractSession.java:1830)
	at org.eclipse.persistence.internal.sessions.CommitManager.commitNewObjectsForClassWithChangeSet(CommitManager.java:229)
	at org.eclipse.persistence.internal.sessions.CommitManager.commitAllObjectsForClassWithChangeSet(CommitManager.java:196)
	at org.eclipse.persistence.internal.sessions.CommitManager.commitAllObjectsWithChangeSet(CommitManager.java:141)
	at org.eclipse.persistence.internal.sessions.AbstractSession.writeAllObjectsWithChangeSet(AbstractSession.java:4398)
	at org.eclipse.persistence.internal.sessions.UnitOfWorkImpl.commitToDatabase(UnitOfWorkImpl.java:1495)
	at org.eclipse.persistence.internal.sessions.UnitOfWorkImpl.commitToDatabaseWithChangeSet(UnitOfWorkImpl.java:1585)
	at org.eclipse.persistence.internal.sessions.RepeatableWriteUnitOfWork.commitRootUnitOfWork(RepeatableWriteUnitOfWork.java:280)
	at org.eclipse.persistence.internal.sessions.UnitOfWorkImpl.commitAndResume(UnitOfWorkImpl.java:1222)
	at org.eclipse.persistence.internal.jpa.transaction.EntityTransactionImpl.commit(EntityTransactionImpl.java:136)
	... 46 more
Caused by: org.h2.jdbc.JdbcSQLIntegrityConstraintViolationException: La columna &quot;DIRECCION&quot; no permite valores nulos (NULL)
NULL not allowed for column &quot;DIRECCION&quot;; SQL statement:
INSERT INTO CLIENTE (ID, CIUDAD, CODIGOPOSTAL, DIRECCION, ESTADO, FECHAALTA, FECHABAJA, IDENTIFICACION, PAIS, TIPOCLIENTE, USER_USER, DTYPE) VALUES (?, ?, ?, ?, ?, ?, ?, ?, ?, ?, ?, ?) [23502-200]
	at org.h2.message.DbException.getJdbcSQLException(DbException.java:459)
	at org.h2.message.DbException.getJdbcSQLException(DbException.java:429)
	at org.h2.message.DbException.get(DbException.java:205)
	at org.h2.message.DbException.get(DbException.java:181)
	at org.h2.table.Column.validateConvertUpdateSequence(Column.java:374)
	at org.h2.table.Table.validateConvertUpdateSequence(Table.java:845)
	at org.h2.command.dml.Insert.insertRows(Insert.java:187)
	at org.h2.command.dml.Insert.update(Insert.java:151)
	at org.h2.command.CommandContainer.update(CommandContainer.java:198)
	at org.h2.command.Command.executeUpdate(Command.java:251)
	at org.h2.jdbc.JdbcPreparedStatement.executeUpdateInternal(JdbcPreparedStatement.java:191)
	at org.h2.jdbc.JdbcPreparedStatement.executeUpdate(JdbcPreparedStatement.java:152)
	at org.eclipse.persistence.internal.databaseaccess.DatabaseAccessor.executeDirectNoSelect(DatabaseAccessor.java:898)
	... 77 more
</error>
    <system-out>[EL Warning]: 2022-04-28 17:23:37.102--UnitOfWork(1150881683)--Exception [EclipseLink-4002] (Eclipse Persistence Services - 2.7.6.v20200131-b7c997804f): org.eclipse.persistence.exceptions.DatabaseException
Internal Exception: org.h2.jdbc.JdbcSQLIntegrityConstraintViolationException: La columna &quot;DIRECCION&quot; no permite valores nulos (NULL)
NULL not allowed for column &quot;DIRECCION&quot;; SQL statement:
INSERT INTO CLIENTE (ID, CIUDAD, CODIGOPOSTAL, DIRECCION, ESTADO, FECHAALTA, FECHABAJA, IDENTIFICACION, PAIS, TIPOCLIENTE, USER_USER, DTYPE) VALUES (?, ?, ?, ?, ?, ?, ?, ?, ?, ?, ?, ?) [23502-200]
Error Code: 23502
Call: INSERT INTO CLIENTE (ID, CIUDAD, CODIGOPOSTAL, DIRECCION, ESTADO, FECHAALTA, FECHABAJA, IDENTIFICACION, PAIS, TIPOCLIENTE, USER_USER, DTYPE) VALUES (?, ?, ?, ?, ?, ?, ?, ?, ?, ?, ?, ?)
	bind =&gt; [12 parameters bound]
Query: InsertObjectQuery(Cliente{
id=2
identificacion=avenida de Murcia
tipoCliente=null
estado=Activo
fechaAlta=Thu Apr 28 17:23:37 CEST 2022
fechaBaja=null
direccion=null
ciudad=Murcia
codigopostal=29845
pais=Espana
cuentasFintech={[]}}Empresa{
razon_social=UCAM})
</system-out>
  </testcase>
  <testcase classname="ma3s.fintech.test.Clientes" name="testDarBajaClienteCuentaAbierta" time="0.037">
    <error message="Exception [EclipseLink-4002] (Eclipse Persistence Services - 2.7.6.v20200131-b7c997804f): org.eclipse.persistence.exceptions.DatabaseException
Internal Exception: org.h2.jdbc.JdbcSQLIntegrityConstraintViolationException: La columna &quot;DIRECCION&quot; no permite valores nulos (NULL)
NULL not allowed for column &quot;DIRECCION&quot;; SQL statement:
INSERT INTO CLIENTE (ID, CIUDAD, CODIGOPOSTAL, DIRECCION, ESTADO, FECHAALTA, FECHABAJA, IDENTIFICACION, PAIS, TIPOCLIENTE, USER_USER, DTYPE) VALUES (?, ?, ?, ?, ?, ?, ?, ?, ?, ?, ?, ?) [23502-200]
Error Code: 23502
Call: INSERT INTO CLIENTE (ID, CIUDAD, CODIGOPOSTAL, DIRECCION, ESTADO, FECHAALTA, FECHABAJA, IDENTIFICACION, PAIS, TIPOCLIENTE, USER_USER, DTYPE) VALUES (?, ?, ?, ?, ?, ?, ?, ?, ?, ?, ?, ?)
	bind =&gt; [12 parameters bound]
Query: InsertObjectQuery(Cliente{
id=1
identificacion=Avenia Plutarco
tipoCliente=null
estado=Activo
fechaAlta=Thu Apr 28 17:23:37 CEST 2022
fechaBaja=null
direccion=null
ciudad=Malaga
codigopostal=29004
pais=Espana
cuentasFintech={[]}}Empresa{
razon_social=UMA})" type="javax.persistence.RollbackException">javax.persistence.RollbackException: Exception [EclipseLink-4002] (Eclipse Persistence Services - 2.7.6.v20200131-b7c997804f): org.eclipse.persistence.exceptions.DatabaseException
Internal Exception: org.h2.jdbc.JdbcSQLIntegrityConstraintViolationException: La columna &quot;DIRECCION&quot; no permite valores nulos (NULL)
NULL not allowed for column &quot;DIRECCION&quot;; SQL statement:
INSERT INTO CLIENTE (ID, CIUDAD, CODIGOPOSTAL, DIRECCION, ESTADO, FECHAALTA, FECHABAJA, IDENTIFICACION, PAIS, TIPOCLIENTE, USER_USER, DTYPE) VALUES (?, ?, ?, ?, ?, ?, ?, ?, ?, ?, ?, ?) [23502-200]
Error Code: 23502
Call: INSERT INTO CLIENTE (ID, CIUDAD, CODIGOPOSTAL, DIRECCION, ESTADO, FECHAALTA, FECHABAJA, IDENTIFICACION, PAIS, TIPOCLIENTE, USER_USER, DTYPE) VALUES (?, ?, ?, ?, ?, ?, ?, ?, ?, ?, ?, ?)
	bind =&gt; [12 parameters bound]
Query: InsertObjectQuery(Cliente{
id=1
identificacion=Avenia Plutarco
tipoCliente=null
estado=Activo
fechaAlta=Thu Apr 28 17:23:37 CEST 2022
fechaBaja=null
direccion=null
ciudad=Malaga
codigopostal=29004
pais=Espana
cuentasFintech={[]}}Empresa{
razon_social=UMA})
	at org.eclipse.persistence.internal.jpa.transaction.EntityTransactionImpl.commit(EntityTransactionImpl.java:161)
	at ma3s.fintech.test.BaseDatos.inicializaBaseDatos(BaseDatos.java:229)
	at ma3s.fintech.test.Clientes.setup(Clientes.java:31)
	at sun.reflect.NativeMethodAccessorImpl.invoke0(Native Method)
	at sun.reflect.NativeMethodAccessorImpl.invoke(NativeMethodAccessorImpl.java:62)
	at sun.reflect.DelegatingMethodAccessorImpl.invoke(DelegatingMethodAccessorImpl.java:43)
	at java.lang.reflect.Method.invoke(Method.java:498)
	at org.junit.runners.model.FrameworkMethod$1.runReflectiveCall(FrameworkMethod.java:59)
	at org.junit.internal.runners.model.ReflectiveCallable.run(ReflectiveCallable.java:12)
	at org.junit.runners.model.FrameworkMethod.invokeExplosively(FrameworkMethod.java:56)
	at org.junit.internal.runners.statements.RunBefores.invokeMethod(RunBefores.java:33)
	at org.junit.internal.runners.statements.RunBefores.evaluate(RunBefores.java:24)
	at org.junit.runners.ParentRunner$3.evaluate(ParentRunner.java:306)
	at org.junit.runners.BlockJUnit4ClassRunner$1.evaluate(BlockJUnit4ClassRunner.java:100)
	at org.junit.runners.ParentRunner.runLeaf(ParentRunner.java:366)
	at org.junit.runners.BlockJUnit4ClassRunner.runChild(BlockJUnit4ClassRunner.java:103)
	at org.junit.runners.BlockJUnit4ClassRunner.runChild(BlockJUnit4ClassRunner.java:63)
	at org.junit.runners.ParentRunner$4.run(ParentRunner.java:331)
	at org.junit.runners.ParentRunner$1.schedule(ParentRunner.java:79)
	at org.junit.runners.ParentRunner.runChildren(ParentRunner.java:329)
	at org.junit.runners.ParentRunner.access$100(ParentRunner.java:66)
	at org.junit.runners.ParentRunner$2.evaluate(ParentRunner.java:293)
	at org.junit.runners.ParentRunner$3.evaluate(ParentRunner.java:306)
	at org.junit.runners.ParentRunner.run(ParentRunner.java:413)
	at org.junit.runners.Suite.runChild(Suite.java:128)
	at org.junit.runners.Suite.runChild(Suite.java:27)
	at org.junit.runners.ParentRunner$4.run(ParentRunner.java:331)
	at org.junit.runners.ParentRunner$1.schedule(ParentRunner.java:79)
	at org.junit.runners.ParentRunner.runChildren(ParentRunner.java:329)
	at org.junit.runners.ParentRunner.access$100(ParentRunner.java:66)
	at org.junit.runners.ParentRunner$2.evaluate(ParentRunner.java:293)
	at org.junit.internal.runners.statements.RunBefores.evaluate(RunBefores.java:26)
	at org.junit.internal.runners.statements.RunAfters.evaluate(RunAfters.java:27)
	at org.junit.runners.ParentRunner$3.evaluate(ParentRunner.java:306)
	at org.junit.runners.ParentRunner.run(ParentRunner.java:413)
	at org.apache.maven.surefire.junit4.JUnit4Provider.execute(JUnit4Provider.java:252)
	at org.apache.maven.surefire.junit4.JUnit4Provider.executeTestSet(JUnit4Provider.java:141)
	at org.apache.maven.surefire.junit4.JUnit4Provider.invoke(JUnit4Provider.java:112)
	at sun.reflect.NativeMethodAccessorImpl.invoke0(Native Method)
	at sun.reflect.NativeMethodAccessorImpl.invoke(NativeMethodAccessorImpl.java:62)
	at sun.reflect.DelegatingMethodAccessorImpl.invoke(DelegatingMethodAccessorImpl.java:43)
	at java.lang.reflect.Method.invoke(Method.java:498)
	at org.apache.maven.surefire.util.ReflectionUtils.invokeMethodWithArray(ReflectionUtils.java:189)
	at org.apache.maven.surefire.booter.ProviderFactory$ProviderProxy.invoke(ProviderFactory.java:165)
	at org.apache.maven.surefire.booter.ProviderFactory.invokeProvider(ProviderFactory.java:85)
	at org.apache.maven.surefire.booter.ForkedBooter.runSuitesInProcess(ForkedBooter.java:115)
	at org.apache.maven.surefire.booter.ForkedBooter.main(ForkedBooter.java:75)
Caused by: Exception [EclipseLink-4002] (Eclipse Persistence Services - 2.7.6.v20200131-b7c997804f): org.eclipse.persistence.exceptions.DatabaseException
Internal Exception: org.h2.jdbc.JdbcSQLIntegrityConstraintViolationException: La columna &quot;DIRECCION&quot; no permite valores nulos (NULL)
NULL not allowed for column &quot;DIRECCION&quot;; SQL statement:
INSERT INTO CLIENTE (ID, CIUDAD, CODIGOPOSTAL, DIRECCION, ESTADO, FECHAALTA, FECHABAJA, IDENTIFICACION, PAIS, TIPOCLIENTE, USER_USER, DTYPE) VALUES (?, ?, ?, ?, ?, ?, ?, ?, ?, ?, ?, ?) [23502-200]
Error Code: 23502
Call: INSERT INTO CLIENTE (ID, CIUDAD, CODIGOPOSTAL, DIRECCION, ESTADO, FECHAALTA, FECHABAJA, IDENTIFICACION, PAIS, TIPOCLIENTE, USER_USER, DTYPE) VALUES (?, ?, ?, ?, ?, ?, ?, ?, ?, ?, ?, ?)
	bind =&gt; [12 parameters bound]
Query: InsertObjectQuery(Cliente{
id=1
identificacion=Avenia Plutarco
tipoCliente=null
estado=Activo
fechaAlta=Thu Apr 28 17:23:37 CEST 2022
fechaBaja=null
direccion=null
ciudad=Malaga
codigopostal=29004
pais=Espana
cuentasFintech={[]}}Empresa{
razon_social=UMA})
	at org.eclipse.persistence.exceptions.DatabaseException.sqlException(DatabaseException.java:333)
	at org.eclipse.persistence.internal.databaseaccess.DatabaseAccessor.executeDirectNoSelect(DatabaseAccessor.java:908)
	at org.eclipse.persistence.internal.databaseaccess.DatabaseAccessor.executeNoSelect(DatabaseAccessor.java:970)
	at org.eclipse.persistence.internal.databaseaccess.DatabaseAccessor.basicExecuteCall(DatabaseAccessor.java:640)
	at org.eclipse.persistence.internal.databaseaccess.DatabaseAccessor.executeCall(DatabaseAccessor.java:567)
	at org.eclipse.persistence.internal.sessions.AbstractSession.basicExecuteCall(AbstractSession.java:2099)
	at org.eclipse.persistence.sessions.server.ClientSession.executeCall(ClientSession.java:313)
	at org.eclipse.persistence.internal.queries.DatasourceCallQueryMechanism.executeCall(DatasourceCallQueryMechanism.java:275)
	at org.eclipse.persistence.internal.queries.DatasourceCallQueryMechanism.insertObject(DatasourceCallQueryMechanism.java:397)
	at org.eclipse.persistence.internal.queries.StatementQueryMechanism.insertObject(StatementQueryMechanism.java:167)
	at org.eclipse.persistence.internal.queries.StatementQueryMechanism.insertObject(StatementQueryMechanism.java:182)
	at org.eclipse.persistence.internal.queries.DatabaseQueryMechanism.insertObjectForWrite(DatabaseQueryMechanism.java:504)
	at org.eclipse.persistence.queries.InsertObjectQuery.executeCommit(InsertObjectQuery.java:82)
	at org.eclipse.persistence.queries.InsertObjectQuery.executeCommitWithChangeSet(InsertObjectQuery.java:92)
	at org.eclipse.persistence.internal.queries.DatabaseQueryMechanism.executeWriteWithChangeSet(DatabaseQueryMechanism.java:316)
	at org.eclipse.persistence.queries.WriteObjectQuery.executeDatabaseQuery(WriteObjectQuery.java:60)
	at org.eclipse.persistence.queries.DatabaseQuery.execute(DatabaseQuery.java:911)
	at org.eclipse.persistence.queries.DatabaseQuery.executeInUnitOfWork(DatabaseQuery.java:810)
	at org.eclipse.persistence.queries.ObjectLevelModifyQuery.executeInUnitOfWorkObjectLevelModifyQuery(ObjectLevelModifyQuery.java:110)
	at org.eclipse.persistence.queries.ObjectLevelModifyQuery.executeInUnitOfWork(ObjectLevelModifyQuery.java:87)
	at org.eclipse.persistence.internal.sessions.UnitOfWorkImpl.internalExecuteQuery(UnitOfWorkImpl.java:2983)
	at org.eclipse.persistence.internal.sessions.AbstractSession.executeQuery(AbstractSession.java:1898)
	at org.eclipse.persistence.internal.sessions.AbstractSession.executeQuery(AbstractSession.java:1880)
	at org.eclipse.persistence.internal.sessions.AbstractSession.executeQuery(AbstractSession.java:1830)
	at org.eclipse.persistence.internal.sessions.CommitManager.commitNewObjectsForClassWithChangeSet(CommitManager.java:229)
	at org.eclipse.persistence.internal.sessions.CommitManager.commitAllObjectsForClassWithChangeSet(CommitManager.java:196)
	at org.eclipse.persistence.internal.sessions.CommitManager.commitAllObjectsWithChangeSet(CommitManager.java:141)
	at org.eclipse.persistence.internal.sessions.AbstractSession.writeAllObjectsWithChangeSet(AbstractSession.java:4398)
	at org.eclipse.persistence.internal.sessions.UnitOfWorkImpl.commitToDatabase(UnitOfWorkImpl.java:1495)
	at org.eclipse.persistence.internal.sessions.UnitOfWorkImpl.commitToDatabaseWithChangeSet(UnitOfWorkImpl.java:1585)
	at org.eclipse.persistence.internal.sessions.RepeatableWriteUnitOfWork.commitRootUnitOfWork(RepeatableWriteUnitOfWork.java:280)
	at org.eclipse.persistence.internal.sessions.UnitOfWorkImpl.commitAndResume(UnitOfWorkImpl.java:1222)
	at org.eclipse.persistence.internal.jpa.transaction.EntityTransactionImpl.commit(EntityTransactionImpl.java:136)
	... 46 more
Caused by: org.h2.jdbc.JdbcSQLIntegrityConstraintViolationException: La columna &quot;DIRECCION&quot; no permite valores nulos (NULL)
NULL not allowed for column &quot;DIRECCION&quot;; SQL statement:
INSERT INTO CLIENTE (ID, CIUDAD, CODIGOPOSTAL, DIRECCION, ESTADO, FECHAALTA, FECHABAJA, IDENTIFICACION, PAIS, TIPOCLIENTE, USER_USER, DTYPE) VALUES (?, ?, ?, ?, ?, ?, ?, ?, ?, ?, ?, ?) [23502-200]
	at org.h2.message.DbException.getJdbcSQLException(DbException.java:459)
	at org.h2.message.DbException.getJdbcSQLException(DbException.java:429)
	at org.h2.message.DbException.get(DbException.java:205)
	at org.h2.message.DbException.get(DbException.java:181)
	at org.h2.table.Column.validateConvertUpdateSequence(Column.java:374)
	at org.h2.table.Table.validateConvertUpdateSequence(Table.java:845)
	at org.h2.command.dml.Insert.insertRows(Insert.java:187)
	at org.h2.command.dml.Insert.update(Insert.java:151)
	at org.h2.command.CommandContainer.update(CommandContainer.java:198)
	at org.h2.command.Command.executeUpdate(Command.java:251)
	at org.h2.jdbc.JdbcPreparedStatement.executeUpdateInternal(JdbcPreparedStatement.java:191)
	at org.h2.jdbc.JdbcPreparedStatement.executeUpdate(JdbcPreparedStatement.java:152)
	at org.eclipse.persistence.internal.databaseaccess.DatabaseAccessor.executeDirectNoSelect(DatabaseAccessor.java:898)
	... 77 more
</error>
    <system-out>[EL Warning]: 2022-04-28 17:23:37.141--UnitOfWork(108300376)--Exception [EclipseLink-4002] (Eclipse Persistence Services - 2.7.6.v20200131-b7c997804f): org.eclipse.persistence.exceptions.DatabaseException
Internal Exception: org.h2.jdbc.JdbcSQLIntegrityConstraintViolationException: La columna &quot;DIRECCION&quot; no permite valores nulos (NULL)
NULL not allowed for column &quot;DIRECCION&quot;; SQL statement:
INSERT INTO CLIENTE (ID, CIUDAD, CODIGOPOSTAL, DIRECCION, ESTADO, FECHAALTA, FECHABAJA, IDENTIFICACION, PAIS, TIPOCLIENTE, USER_USER, DTYPE) VALUES (?, ?, ?, ?, ?, ?, ?, ?, ?, ?, ?, ?) [23502-200]
Error Code: 23502
Call: INSERT INTO CLIENTE (ID, CIUDAD, CODIGOPOSTAL, DIRECCION, ESTADO, FECHAALTA, FECHABAJA, IDENTIFICACION, PAIS, TIPOCLIENTE, USER_USER, DTYPE) VALUES (?, ?, ?, ?, ?, ?, ?, ?, ?, ?, ?, ?)
	bind =&gt; [12 parameters bound]
Query: InsertObjectQuery(Cliente{
id=1
identificacion=Avenia Plutarco
tipoCliente=null
estado=Activo
fechaAlta=Thu Apr 28 17:23:37 CEST 2022
fechaBaja=null
direccion=null
ciudad=Malaga
codigopostal=29004
pais=Espana
cuentasFintech={[]}}Empresa{
razon_social=UMA})
</system-out>
  </testcase>
  <testcase classname="ma3s.fintech.test.Clientes" name="testModRazonSocialEmpresa" time="0.032">
    <error message="Exception [EclipseLink-4002] (Eclipse Persistence Services - 2.7.6.v20200131-b7c997804f): org.eclipse.persistence.exceptions.DatabaseException
Internal Exception: org.h2.jdbc.JdbcSQLIntegrityConstraintViolationException: La columna &quot;DIRECCION&quot; no permite valores nulos (NULL)
NULL not allowed for column &quot;DIRECCION&quot;; SQL statement:
INSERT INTO CLIENTE (ID, CIUDAD, CODIGOPOSTAL, DIRECCION, ESTADO, FECHAALTA, FECHABAJA, IDENTIFICACION, PAIS, TIPOCLIENTE, USER_USER, DTYPE) VALUES (?, ?, ?, ?, ?, ?, ?, ?, ?, ?, ?, ?) [23502-200]
Error Code: 23502
Call: INSERT INTO CLIENTE (ID, CIUDAD, CODIGOPOSTAL, DIRECCION, ESTADO, FECHAALTA, FECHABAJA, IDENTIFICACION, PAIS, TIPOCLIENTE, USER_USER, DTYPE) VALUES (?, ?, ?, ?, ?, ?, ?, ?, ?, ?, ?, ?)
	bind =&gt; [12 parameters bound]
Query: InsertObjectQuery(Cliente{
id=1
identificacion=Avenia Plutarco
tipoCliente=null
estado=Activo
fechaAlta=Thu Apr 28 17:23:37 CEST 2022
fechaBaja=null
direccion=null
ciudad=Malaga
codigopostal=29004
pais=Espana
cuentasFintech={[]}}Empresa{
razon_social=UMA})" type="javax.persistence.RollbackException">javax.persistence.RollbackException: Exception [EclipseLink-4002] (Eclipse Persistence Services - 2.7.6.v20200131-b7c997804f): org.eclipse.persistence.exceptions.DatabaseException
Internal Exception: org.h2.jdbc.JdbcSQLIntegrityConstraintViolationException: La columna &quot;DIRECCION&quot; no permite valores nulos (NULL)
NULL not allowed for column &quot;DIRECCION&quot;; SQL statement:
INSERT INTO CLIENTE (ID, CIUDAD, CODIGOPOSTAL, DIRECCION, ESTADO, FECHAALTA, FECHABAJA, IDENTIFICACION, PAIS, TIPOCLIENTE, USER_USER, DTYPE) VALUES (?, ?, ?, ?, ?, ?, ?, ?, ?, ?, ?, ?) [23502-200]
Error Code: 23502
Call: INSERT INTO CLIENTE (ID, CIUDAD, CODIGOPOSTAL, DIRECCION, ESTADO, FECHAALTA, FECHABAJA, IDENTIFICACION, PAIS, TIPOCLIENTE, USER_USER, DTYPE) VALUES (?, ?, ?, ?, ?, ?, ?, ?, ?, ?, ?, ?)
	bind =&gt; [12 parameters bound]
Query: InsertObjectQuery(Cliente{
id=1
identificacion=Avenia Plutarco
tipoCliente=null
estado=Activo
fechaAlta=Thu Apr 28 17:23:37 CEST 2022
fechaBaja=null
direccion=null
ciudad=Malaga
codigopostal=29004
pais=Espana
cuentasFintech={[]}}Empresa{
razon_social=UMA})
	at org.eclipse.persistence.internal.jpa.transaction.EntityTransactionImpl.commit(EntityTransactionImpl.java:161)
	at ma3s.fintech.test.BaseDatos.inicializaBaseDatos(BaseDatos.java:229)
	at ma3s.fintech.test.Clientes.setup(Clientes.java:31)
	at sun.reflect.NativeMethodAccessorImpl.invoke0(Native Method)
	at sun.reflect.NativeMethodAccessorImpl.invoke(NativeMethodAccessorImpl.java:62)
	at sun.reflect.DelegatingMethodAccessorImpl.invoke(DelegatingMethodAccessorImpl.java:43)
	at java.lang.reflect.Method.invoke(Method.java:498)
	at org.junit.runners.model.FrameworkMethod$1.runReflectiveCall(FrameworkMethod.java:59)
	at org.junit.internal.runners.model.ReflectiveCallable.run(ReflectiveCallable.java:12)
	at org.junit.runners.model.FrameworkMethod.invokeExplosively(FrameworkMethod.java:56)
	at org.junit.internal.runners.statements.RunBefores.invokeMethod(RunBefores.java:33)
	at org.junit.internal.runners.statements.RunBefores.evaluate(RunBefores.java:24)
	at org.junit.runners.ParentRunner$3.evaluate(ParentRunner.java:306)
	at org.junit.runners.BlockJUnit4ClassRunner$1.evaluate(BlockJUnit4ClassRunner.java:100)
	at org.junit.runners.ParentRunner.runLeaf(ParentRunner.java:366)
	at org.junit.runners.BlockJUnit4ClassRunner.runChild(BlockJUnit4ClassRunner.java:103)
	at org.junit.runners.BlockJUnit4ClassRunner.runChild(BlockJUnit4ClassRunner.java:63)
	at org.junit.runners.ParentRunner$4.run(ParentRunner.java:331)
	at org.junit.runners.ParentRunner$1.schedule(ParentRunner.java:79)
	at org.junit.runners.ParentRunner.runChildren(ParentRunner.java:329)
	at org.junit.runners.ParentRunner.access$100(ParentRunner.java:66)
	at org.junit.runners.ParentRunner$2.evaluate(ParentRunner.java:293)
	at org.junit.runners.ParentRunner$3.evaluate(ParentRunner.java:306)
	at org.junit.runners.ParentRunner.run(ParentRunner.java:413)
	at org.junit.runners.Suite.runChild(Suite.java:128)
	at org.junit.runners.Suite.runChild(Suite.java:27)
	at org.junit.runners.ParentRunner$4.run(ParentRunner.java:331)
	at org.junit.runners.ParentRunner$1.schedule(ParentRunner.java:79)
	at org.junit.runners.ParentRunner.runChildren(ParentRunner.java:329)
	at org.junit.runners.ParentRunner.access$100(ParentRunner.java:66)
	at org.junit.runners.ParentRunner$2.evaluate(ParentRunner.java:293)
	at org.junit.internal.runners.statements.RunBefores.evaluate(RunBefores.java:26)
	at org.junit.internal.runners.statements.RunAfters.evaluate(RunAfters.java:27)
	at org.junit.runners.ParentRunner$3.evaluate(ParentRunner.java:306)
	at org.junit.runners.ParentRunner.run(ParentRunner.java:413)
	at org.apache.maven.surefire.junit4.JUnit4Provider.execute(JUnit4Provider.java:252)
	at org.apache.maven.surefire.junit4.JUnit4Provider.executeTestSet(JUnit4Provider.java:141)
	at org.apache.maven.surefire.junit4.JUnit4Provider.invoke(JUnit4Provider.java:112)
	at sun.reflect.NativeMethodAccessorImpl.invoke0(Native Method)
	at sun.reflect.NativeMethodAccessorImpl.invoke(NativeMethodAccessorImpl.java:62)
	at sun.reflect.DelegatingMethodAccessorImpl.invoke(DelegatingMethodAccessorImpl.java:43)
	at java.lang.reflect.Method.invoke(Method.java:498)
	at org.apache.maven.surefire.util.ReflectionUtils.invokeMethodWithArray(ReflectionUtils.java:189)
	at org.apache.maven.surefire.booter.ProviderFactory$ProviderProxy.invoke(ProviderFactory.java:165)
	at org.apache.maven.surefire.booter.ProviderFactory.invokeProvider(ProviderFactory.java:85)
	at org.apache.maven.surefire.booter.ForkedBooter.runSuitesInProcess(ForkedBooter.java:115)
	at org.apache.maven.surefire.booter.ForkedBooter.main(ForkedBooter.java:75)
Caused by: Exception [EclipseLink-4002] (Eclipse Persistence Services - 2.7.6.v20200131-b7c997804f): org.eclipse.persistence.exceptions.DatabaseException
Internal Exception: org.h2.jdbc.JdbcSQLIntegrityConstraintViolationException: La columna &quot;DIRECCION&quot; no permite valores nulos (NULL)
NULL not allowed for column &quot;DIRECCION&quot;; SQL statement:
INSERT INTO CLIENTE (ID, CIUDAD, CODIGOPOSTAL, DIRECCION, ESTADO, FECHAALTA, FECHABAJA, IDENTIFICACION, PAIS, TIPOCLIENTE, USER_USER, DTYPE) VALUES (?, ?, ?, ?, ?, ?, ?, ?, ?, ?, ?, ?) [23502-200]
Error Code: 23502
Call: INSERT INTO CLIENTE (ID, CIUDAD, CODIGOPOSTAL, DIRECCION, ESTADO, FECHAALTA, FECHABAJA, IDENTIFICACION, PAIS, TIPOCLIENTE, USER_USER, DTYPE) VALUES (?, ?, ?, ?, ?, ?, ?, ?, ?, ?, ?, ?)
	bind =&gt; [12 parameters bound]
Query: InsertObjectQuery(Cliente{
id=1
identificacion=Avenia Plutarco
tipoCliente=null
estado=Activo
fechaAlta=Thu Apr 28 17:23:37 CEST 2022
fechaBaja=null
direccion=null
ciudad=Malaga
codigopostal=29004
pais=Espana
cuentasFintech={[]}}Empresa{
razon_social=UMA})
	at org.eclipse.persistence.exceptions.DatabaseException.sqlException(DatabaseException.java:333)
	at org.eclipse.persistence.internal.databaseaccess.DatabaseAccessor.executeDirectNoSelect(DatabaseAccessor.java:908)
	at org.eclipse.persistence.internal.databaseaccess.DatabaseAccessor.executeNoSelect(DatabaseAccessor.java:970)
	at org.eclipse.persistence.internal.databaseaccess.DatabaseAccessor.basicExecuteCall(DatabaseAccessor.java:640)
	at org.eclipse.persistence.internal.databaseaccess.DatabaseAccessor.executeCall(DatabaseAccessor.java:567)
	at org.eclipse.persistence.internal.sessions.AbstractSession.basicExecuteCall(AbstractSession.java:2099)
	at org.eclipse.persistence.sessions.server.ClientSession.executeCall(ClientSession.java:313)
	at org.eclipse.persistence.internal.queries.DatasourceCallQueryMechanism.executeCall(DatasourceCallQueryMechanism.java:275)
	at org.eclipse.persistence.internal.queries.DatasourceCallQueryMechanism.insertObject(DatasourceCallQueryMechanism.java:397)
	at org.eclipse.persistence.internal.queries.StatementQueryMechanism.insertObject(StatementQueryMechanism.java:167)
	at org.eclipse.persistence.internal.queries.StatementQueryMechanism.insertObject(StatementQueryMechanism.java:182)
	at org.eclipse.persistence.internal.queries.DatabaseQueryMechanism.insertObjectForWrite(DatabaseQueryMechanism.java:504)
	at org.eclipse.persistence.queries.InsertObjectQuery.executeCommit(InsertObjectQuery.java:82)
	at org.eclipse.persistence.queries.InsertObjectQuery.executeCommitWithChangeSet(InsertObjectQuery.java:92)
	at org.eclipse.persistence.internal.queries.DatabaseQueryMechanism.executeWriteWithChangeSet(DatabaseQueryMechanism.java:316)
	at org.eclipse.persistence.queries.WriteObjectQuery.executeDatabaseQuery(WriteObjectQuery.java:60)
	at org.eclipse.persistence.queries.DatabaseQuery.execute(DatabaseQuery.java:911)
	at org.eclipse.persistence.queries.DatabaseQuery.executeInUnitOfWork(DatabaseQuery.java:810)
	at org.eclipse.persistence.queries.ObjectLevelModifyQuery.executeInUnitOfWorkObjectLevelModifyQuery(ObjectLevelModifyQuery.java:110)
	at org.eclipse.persistence.queries.ObjectLevelModifyQuery.executeInUnitOfWork(ObjectLevelModifyQuery.java:87)
	at org.eclipse.persistence.internal.sessions.UnitOfWorkImpl.internalExecuteQuery(UnitOfWorkImpl.java:2983)
	at org.eclipse.persistence.internal.sessions.AbstractSession.executeQuery(AbstractSession.java:1898)
	at org.eclipse.persistence.internal.sessions.AbstractSession.executeQuery(AbstractSession.java:1880)
	at org.eclipse.persistence.internal.sessions.AbstractSession.executeQuery(AbstractSession.java:1830)
	at org.eclipse.persistence.internal.sessions.CommitManager.commitNewObjectsForClassWithChangeSet(CommitManager.java:229)
	at org.eclipse.persistence.internal.sessions.CommitManager.commitAllObjectsForClassWithChangeSet(CommitManager.java:196)
	at org.eclipse.persistence.internal.sessions.CommitManager.commitAllObjectsWithChangeSet(CommitManager.java:141)
	at org.eclipse.persistence.internal.sessions.AbstractSession.writeAllObjectsWithChangeSet(AbstractSession.java:4398)
	at org.eclipse.persistence.internal.sessions.UnitOfWorkImpl.commitToDatabase(UnitOfWorkImpl.java:1495)
	at org.eclipse.persistence.internal.sessions.UnitOfWorkImpl.commitToDatabaseWithChangeSet(UnitOfWorkImpl.java:1585)
	at org.eclipse.persistence.internal.sessions.RepeatableWriteUnitOfWork.commitRootUnitOfWork(RepeatableWriteUnitOfWork.java:280)
	at org.eclipse.persistence.internal.sessions.UnitOfWorkImpl.commitAndResume(UnitOfWorkImpl.java:1222)
	at org.eclipse.persistence.internal.jpa.transaction.EntityTransactionImpl.commit(EntityTransactionImpl.java:136)
	... 46 more
Caused by: org.h2.jdbc.JdbcSQLIntegrityConstraintViolationException: La columna &quot;DIRECCION&quot; no permite valores nulos (NULL)
NULL not allowed for column &quot;DIRECCION&quot;; SQL statement:
INSERT INTO CLIENTE (ID, CIUDAD, CODIGOPOSTAL, DIRECCION, ESTADO, FECHAALTA, FECHABAJA, IDENTIFICACION, PAIS, TIPOCLIENTE, USER_USER, DTYPE) VALUES (?, ?, ?, ?, ?, ?, ?, ?, ?, ?, ?, ?) [23502-200]
	at org.h2.message.DbException.getJdbcSQLException(DbException.java:459)
	at org.h2.message.DbException.getJdbcSQLException(DbException.java:429)
	at org.h2.message.DbException.get(DbException.java:205)
	at org.h2.message.DbException.get(DbException.java:181)
	at org.h2.table.Column.validateConvertUpdateSequence(Column.java:374)
	at org.h2.table.Table.validateConvertUpdateSequence(Table.java:845)
	at org.h2.command.dml.Insert.insertRows(Insert.java:187)
	at org.h2.command.dml.Insert.update(Insert.java:151)
	at org.h2.command.CommandContainer.update(CommandContainer.java:198)
	at org.h2.command.Command.executeUpdate(Command.java:251)
	at org.h2.jdbc.JdbcPreparedStatement.executeUpdateInternal(JdbcPreparedStatement.java:191)
	at org.h2.jdbc.JdbcPreparedStatement.executeUpdate(JdbcPreparedStatement.java:152)
	at org.eclipse.persistence.internal.databaseaccess.DatabaseAccessor.executeDirectNoSelect(DatabaseAccessor.java:898)
	... 77 more
</error>
    <system-out>[EL Warning]: 2022-04-28 17:23:37.173--UnitOfWork(1530945667)--Exception [EclipseLink-4002] (Eclipse Persistence Services - 2.7.6.v20200131-b7c997804f): org.eclipse.persistence.exceptions.DatabaseException
Internal Exception: org.h2.jdbc.JdbcSQLIntegrityConstraintViolationException: La columna &quot;DIRECCION&quot; no permite valores nulos (NULL)
NULL not allowed for column &quot;DIRECCION&quot;; SQL statement:
INSERT INTO CLIENTE (ID, CIUDAD, CODIGOPOSTAL, DIRECCION, ESTADO, FECHAALTA, FECHABAJA, IDENTIFICACION, PAIS, TIPOCLIENTE, USER_USER, DTYPE) VALUES (?, ?, ?, ?, ?, ?, ?, ?, ?, ?, ?, ?) [23502-200]
Error Code: 23502
Call: INSERT INTO CLIENTE (ID, CIUDAD, CODIGOPOSTAL, DIRECCION, ESTADO, FECHAALTA, FECHABAJA, IDENTIFICACION, PAIS, TIPOCLIENTE, USER_USER, DTYPE) VALUES (?, ?, ?, ?, ?, ?, ?, ?, ?, ?, ?, ?)
	bind =&gt; [12 parameters bound]
Query: InsertObjectQuery(Cliente{
id=1
identificacion=Avenia Plutarco
tipoCliente=null
estado=Activo
fechaAlta=Thu Apr 28 17:23:37 CEST 2022
fechaBaja=null
direccion=null
ciudad=Malaga
codigopostal=29004
pais=Espana
cuentasFintech={[]}}Empresa{
razon_social=UMA})
</system-out>
  </testcase>
  <testcase classname="ma3s.fintech.test.Clientes" name="testModNombreIndividual" time="0.033">
    <error message="Exception [EclipseLink-4002] (Eclipse Persistence Services - 2.7.6.v20200131-b7c997804f): org.eclipse.persistence.exceptions.DatabaseException
Internal Exception: org.h2.jdbc.JdbcSQLIntegrityConstraintViolationException: La columna &quot;DIRECCION&quot; no permite valores nulos (NULL)
NULL not allowed for column &quot;DIRECCION&quot;; SQL statement:
INSERT INTO CLIENTE (ID, CIUDAD, CODIGOPOSTAL, DIRECCION, ESTADO, FECHAALTA, FECHABAJA, IDENTIFICACION, PAIS, TIPOCLIENTE, USER_USER, DTYPE) VALUES (?, ?, ?, ?, ?, ?, ?, ?, ?, ?, ?, ?) [23502-200]
Error Code: 23502
Call: INSERT INTO CLIENTE (ID, CIUDAD, CODIGOPOSTAL, DIRECCION, ESTADO, FECHAALTA, FECHABAJA, IDENTIFICACION, PAIS, TIPOCLIENTE, USER_USER, DTYPE) VALUES (?, ?, ?, ?, ?, ?, ?, ?, ?, ?, ?, ?)
	bind =&gt; [12 parameters bound]
Query: InsertObjectQuery(Cliente{
id=1
identificacion=Avenia Plutarco
tipoCliente=null
estado=Activo
fechaAlta=Thu Apr 28 17:23:37 CEST 2022
fechaBaja=null
direccion=null
ciudad=Malaga
codigopostal=29004
pais=Espana
cuentasFintech={[]}}Empresa{
razon_social=UMA})" type="javax.persistence.RollbackException">javax.persistence.RollbackException: Exception [EclipseLink-4002] (Eclipse Persistence Services - 2.7.6.v20200131-b7c997804f): org.eclipse.persistence.exceptions.DatabaseException
Internal Exception: org.h2.jdbc.JdbcSQLIntegrityConstraintViolationException: La columna &quot;DIRECCION&quot; no permite valores nulos (NULL)
NULL not allowed for column &quot;DIRECCION&quot;; SQL statement:
INSERT INTO CLIENTE (ID, CIUDAD, CODIGOPOSTAL, DIRECCION, ESTADO, FECHAALTA, FECHABAJA, IDENTIFICACION, PAIS, TIPOCLIENTE, USER_USER, DTYPE) VALUES (?, ?, ?, ?, ?, ?, ?, ?, ?, ?, ?, ?) [23502-200]
Error Code: 23502
Call: INSERT INTO CLIENTE (ID, CIUDAD, CODIGOPOSTAL, DIRECCION, ESTADO, FECHAALTA, FECHABAJA, IDENTIFICACION, PAIS, TIPOCLIENTE, USER_USER, DTYPE) VALUES (?, ?, ?, ?, ?, ?, ?, ?, ?, ?, ?, ?)
	bind =&gt; [12 parameters bound]
Query: InsertObjectQuery(Cliente{
id=1
identificacion=Avenia Plutarco
tipoCliente=null
estado=Activo
fechaAlta=Thu Apr 28 17:23:37 CEST 2022
fechaBaja=null
direccion=null
ciudad=Malaga
codigopostal=29004
pais=Espana
cuentasFintech={[]}}Empresa{
razon_social=UMA})
	at org.eclipse.persistence.internal.jpa.transaction.EntityTransactionImpl.commit(EntityTransactionImpl.java:161)
	at ma3s.fintech.test.BaseDatos.inicializaBaseDatos(BaseDatos.java:229)
	at ma3s.fintech.test.Clientes.setup(Clientes.java:31)
	at sun.reflect.NativeMethodAccessorImpl.invoke0(Native Method)
	at sun.reflect.NativeMethodAccessorImpl.invoke(NativeMethodAccessorImpl.java:62)
	at sun.reflect.DelegatingMethodAccessorImpl.invoke(DelegatingMethodAccessorImpl.java:43)
	at java.lang.reflect.Method.invoke(Method.java:498)
	at org.junit.runners.model.FrameworkMethod$1.runReflectiveCall(FrameworkMethod.java:59)
	at org.junit.internal.runners.model.ReflectiveCallable.run(ReflectiveCallable.java:12)
	at org.junit.runners.model.FrameworkMethod.invokeExplosively(FrameworkMethod.java:56)
	at org.junit.internal.runners.statements.RunBefores.invokeMethod(RunBefores.java:33)
	at org.junit.internal.runners.statements.RunBefores.evaluate(RunBefores.java:24)
	at org.junit.runners.ParentRunner$3.evaluate(ParentRunner.java:306)
	at org.junit.runners.BlockJUnit4ClassRunner$1.evaluate(BlockJUnit4ClassRunner.java:100)
	at org.junit.runners.ParentRunner.runLeaf(ParentRunner.java:366)
	at org.junit.runners.BlockJUnit4ClassRunner.runChild(BlockJUnit4ClassRunner.java:103)
	at org.junit.runners.BlockJUnit4ClassRunner.runChild(BlockJUnit4ClassRunner.java:63)
	at org.junit.runners.ParentRunner$4.run(ParentRunner.java:331)
	at org.junit.runners.ParentRunner$1.schedule(ParentRunner.java:79)
	at org.junit.runners.ParentRunner.runChildren(ParentRunner.java:329)
	at org.junit.runners.ParentRunner.access$100(ParentRunner.java:66)
	at org.junit.runners.ParentRunner$2.evaluate(ParentRunner.java:293)
	at org.junit.runners.ParentRunner$3.evaluate(ParentRunner.java:306)
	at org.junit.runners.ParentRunner.run(ParentRunner.java:413)
	at org.junit.runners.Suite.runChild(Suite.java:128)
	at org.junit.runners.Suite.runChild(Suite.java:27)
	at org.junit.runners.ParentRunner$4.run(ParentRunner.java:331)
	at org.junit.runners.ParentRunner$1.schedule(ParentRunner.java:79)
	at org.junit.runners.ParentRunner.runChildren(ParentRunner.java:329)
	at org.junit.runners.ParentRunner.access$100(ParentRunner.java:66)
	at org.junit.runners.ParentRunner$2.evaluate(ParentRunner.java:293)
	at org.junit.internal.runners.statements.RunBefores.evaluate(RunBefores.java:26)
	at org.junit.internal.runners.statements.RunAfters.evaluate(RunAfters.java:27)
	at org.junit.runners.ParentRunner$3.evaluate(ParentRunner.java:306)
	at org.junit.runners.ParentRunner.run(ParentRunner.java:413)
	at org.apache.maven.surefire.junit4.JUnit4Provider.execute(JUnit4Provider.java:252)
	at org.apache.maven.surefire.junit4.JUnit4Provider.executeTestSet(JUnit4Provider.java:141)
	at org.apache.maven.surefire.junit4.JUnit4Provider.invoke(JUnit4Provider.java:112)
	at sun.reflect.NativeMethodAccessorImpl.invoke0(Native Method)
	at sun.reflect.NativeMethodAccessorImpl.invoke(NativeMethodAccessorImpl.java:62)
	at sun.reflect.DelegatingMethodAccessorImpl.invoke(DelegatingMethodAccessorImpl.java:43)
	at java.lang.reflect.Method.invoke(Method.java:498)
	at org.apache.maven.surefire.util.ReflectionUtils.invokeMethodWithArray(ReflectionUtils.java:189)
	at org.apache.maven.surefire.booter.ProviderFactory$ProviderProxy.invoke(ProviderFactory.java:165)
	at org.apache.maven.surefire.booter.ProviderFactory.invokeProvider(ProviderFactory.java:85)
	at org.apache.maven.surefire.booter.ForkedBooter.runSuitesInProcess(ForkedBooter.java:115)
	at org.apache.maven.surefire.booter.ForkedBooter.main(ForkedBooter.java:75)
Caused by: Exception [EclipseLink-4002] (Eclipse Persistence Services - 2.7.6.v20200131-b7c997804f): org.eclipse.persistence.exceptions.DatabaseException
Internal Exception: org.h2.jdbc.JdbcSQLIntegrityConstraintViolationException: La columna &quot;DIRECCION&quot; no permite valores nulos (NULL)
NULL not allowed for column &quot;DIRECCION&quot;; SQL statement:
INSERT INTO CLIENTE (ID, CIUDAD, CODIGOPOSTAL, DIRECCION, ESTADO, FECHAALTA, FECHABAJA, IDENTIFICACION, PAIS, TIPOCLIENTE, USER_USER, DTYPE) VALUES (?, ?, ?, ?, ?, ?, ?, ?, ?, ?, ?, ?) [23502-200]
Error Code: 23502
Call: INSERT INTO CLIENTE (ID, CIUDAD, CODIGOPOSTAL, DIRECCION, ESTADO, FECHAALTA, FECHABAJA, IDENTIFICACION, PAIS, TIPOCLIENTE, USER_USER, DTYPE) VALUES (?, ?, ?, ?, ?, ?, ?, ?, ?, ?, ?, ?)
	bind =&gt; [12 parameters bound]
Query: InsertObjectQuery(Cliente{
id=1
identificacion=Avenia Plutarco
tipoCliente=null
estado=Activo
fechaAlta=Thu Apr 28 17:23:37 CEST 2022
fechaBaja=null
direccion=null
ciudad=Malaga
codigopostal=29004
pais=Espana
cuentasFintech={[]}}Empresa{
razon_social=UMA})
	at org.eclipse.persistence.exceptions.DatabaseException.sqlException(DatabaseException.java:333)
	at org.eclipse.persistence.internal.databaseaccess.DatabaseAccessor.executeDirectNoSelect(DatabaseAccessor.java:908)
	at org.eclipse.persistence.internal.databaseaccess.DatabaseAccessor.executeNoSelect(DatabaseAccessor.java:970)
	at org.eclipse.persistence.internal.databaseaccess.DatabaseAccessor.basicExecuteCall(DatabaseAccessor.java:640)
	at org.eclipse.persistence.internal.databaseaccess.DatabaseAccessor.executeCall(DatabaseAccessor.java:567)
	at org.eclipse.persistence.internal.sessions.AbstractSession.basicExecuteCall(AbstractSession.java:2099)
	at org.eclipse.persistence.sessions.server.ClientSession.executeCall(ClientSession.java:313)
	at org.eclipse.persistence.internal.queries.DatasourceCallQueryMechanism.executeCall(DatasourceCallQueryMechanism.java:275)
	at org.eclipse.persistence.internal.queries.DatasourceCallQueryMechanism.insertObject(DatasourceCallQueryMechanism.java:397)
	at org.eclipse.persistence.internal.queries.StatementQueryMechanism.insertObject(StatementQueryMechanism.java:167)
	at org.eclipse.persistence.internal.queries.StatementQueryMechanism.insertObject(StatementQueryMechanism.java:182)
	at org.eclipse.persistence.internal.queries.DatabaseQueryMechanism.insertObjectForWrite(DatabaseQueryMechanism.java:504)
	at org.eclipse.persistence.queries.InsertObjectQuery.executeCommit(InsertObjectQuery.java:82)
	at org.eclipse.persistence.queries.InsertObjectQuery.executeCommitWithChangeSet(InsertObjectQuery.java:92)
	at org.eclipse.persistence.internal.queries.DatabaseQueryMechanism.executeWriteWithChangeSet(DatabaseQueryMechanism.java:316)
	at org.eclipse.persistence.queries.WriteObjectQuery.executeDatabaseQuery(WriteObjectQuery.java:60)
	at org.eclipse.persistence.queries.DatabaseQuery.execute(DatabaseQuery.java:911)
	at org.eclipse.persistence.queries.DatabaseQuery.executeInUnitOfWork(DatabaseQuery.java:810)
	at org.eclipse.persistence.queries.ObjectLevelModifyQuery.executeInUnitOfWorkObjectLevelModifyQuery(ObjectLevelModifyQuery.java:110)
	at org.eclipse.persistence.queries.ObjectLevelModifyQuery.executeInUnitOfWork(ObjectLevelModifyQuery.java:87)
	at org.eclipse.persistence.internal.sessions.UnitOfWorkImpl.internalExecuteQuery(UnitOfWorkImpl.java:2983)
	at org.eclipse.persistence.internal.sessions.AbstractSession.executeQuery(AbstractSession.java:1898)
	at org.eclipse.persistence.internal.sessions.AbstractSession.executeQuery(AbstractSession.java:1880)
	at org.eclipse.persistence.internal.sessions.AbstractSession.executeQuery(AbstractSession.java:1830)
	at org.eclipse.persistence.internal.sessions.CommitManager.commitNewObjectsForClassWithChangeSet(CommitManager.java:229)
	at org.eclipse.persistence.internal.sessions.CommitManager.commitAllObjectsForClassWithChangeSet(CommitManager.java:196)
	at org.eclipse.persistence.internal.sessions.CommitManager.commitAllObjectsWithChangeSet(CommitManager.java:141)
	at org.eclipse.persistence.internal.sessions.AbstractSession.writeAllObjectsWithChangeSet(AbstractSession.java:4398)
	at org.eclipse.persistence.internal.sessions.UnitOfWorkImpl.commitToDatabase(UnitOfWorkImpl.java:1495)
	at org.eclipse.persistence.internal.sessions.UnitOfWorkImpl.commitToDatabaseWithChangeSet(UnitOfWorkImpl.java:1585)
	at org.eclipse.persistence.internal.sessions.RepeatableWriteUnitOfWork.commitRootUnitOfWork(RepeatableWriteUnitOfWork.java:280)
	at org.eclipse.persistence.internal.sessions.UnitOfWorkImpl.commitAndResume(UnitOfWorkImpl.java:1222)
	at org.eclipse.persistence.internal.jpa.transaction.EntityTransactionImpl.commit(EntityTransactionImpl.java:136)
	... 46 more
Caused by: org.h2.jdbc.JdbcSQLIntegrityConstraintViolationException: La columna &quot;DIRECCION&quot; no permite valores nulos (NULL)
NULL not allowed for column &quot;DIRECCION&quot;; SQL statement:
INSERT INTO CLIENTE (ID, CIUDAD, CODIGOPOSTAL, DIRECCION, ESTADO, FECHAALTA, FECHABAJA, IDENTIFICACION, PAIS, TIPOCLIENTE, USER_USER, DTYPE) VALUES (?, ?, ?, ?, ?, ?, ?, ?, ?, ?, ?, ?) [23502-200]
	at org.h2.message.DbException.getJdbcSQLException(DbException.java:459)
	at org.h2.message.DbException.getJdbcSQLException(DbException.java:429)
	at org.h2.message.DbException.get(DbException.java:205)
	at org.h2.message.DbException.get(DbException.java:181)
	at org.h2.table.Column.validateConvertUpdateSequence(Column.java:374)
	at org.h2.table.Table.validateConvertUpdateSequence(Table.java:845)
	at org.h2.command.dml.Insert.insertRows(Insert.java:187)
	at org.h2.command.dml.Insert.update(Insert.java:151)
	at org.h2.command.CommandContainer.update(CommandContainer.java:198)
	at org.h2.command.Command.executeUpdate(Command.java:251)
	at org.h2.jdbc.JdbcPreparedStatement.executeUpdateInternal(JdbcPreparedStatement.java:191)
	at org.h2.jdbc.JdbcPreparedStatement.executeUpdate(JdbcPreparedStatement.java:152)
	at org.eclipse.persistence.internal.databaseaccess.DatabaseAccessor.executeDirectNoSelect(DatabaseAccessor.java:898)
	... 77 more
</error>
    <system-out>[EL Warning]: 2022-04-28 17:23:37.206--UnitOfWork(1489793831)--Exception [EclipseLink-4002] (Eclipse Persistence Services - 2.7.6.v20200131-b7c997804f): org.eclipse.persistence.exceptions.DatabaseException
Internal Exception: org.h2.jdbc.JdbcSQLIntegrityConstraintViolationException: La columna &quot;DIRECCION&quot; no permite valores nulos (NULL)
NULL not allowed for column &quot;DIRECCION&quot;; SQL statement:
INSERT INTO CLIENTE (ID, CIUDAD, CODIGOPOSTAL, DIRECCION, ESTADO, FECHAALTA, FECHABAJA, IDENTIFICACION, PAIS, TIPOCLIENTE, USER_USER, DTYPE) VALUES (?, ?, ?, ?, ?, ?, ?, ?, ?, ?, ?, ?) [23502-200]
Error Code: 23502
Call: INSERT INTO CLIENTE (ID, CIUDAD, CODIGOPOSTAL, DIRECCION, ESTADO, FECHAALTA, FECHABAJA, IDENTIFICACION, PAIS, TIPOCLIENTE, USER_USER, DTYPE) VALUES (?, ?, ?, ?, ?, ?, ?, ?, ?, ?, ?, ?)
	bind =&gt; [12 parameters bound]
Query: InsertObjectQuery(Cliente{
id=1
identificacion=Avenia Plutarco
tipoCliente=null
estado=Activo
fechaAlta=Thu Apr 28 17:23:37 CEST 2022
fechaBaja=null
direccion=null
ciudad=Malaga
codigopostal=29004
pais=Espana
cuentasFintech={[]}}Empresa{
razon_social=UMA})
</system-out>
  </testcase>
  <testcase classname="ma3s.fintech.test.Clientes" name="testModApellidoIndividualIndividualNoExistenteException" time="0.034">
    <error message="Exception [EclipseLink-4002] (Eclipse Persistence Services - 2.7.6.v20200131-b7c997804f): org.eclipse.persistence.exceptions.DatabaseException
Internal Exception: org.h2.jdbc.JdbcSQLIntegrityConstraintViolationException: La columna &quot;DIRECCION&quot; no permite valores nulos (NULL)
NULL not allowed for column &quot;DIRECCION&quot;; SQL statement:
INSERT INTO CLIENTE (ID, CIUDAD, CODIGOPOSTAL, DIRECCION, ESTADO, FECHAALTA, FECHABAJA, IDENTIFICACION, PAIS, TIPOCLIENTE, USER_USER, DTYPE) VALUES (?, ?, ?, ?, ?, ?, ?, ?, ?, ?, ?, ?) [23502-200]
Error Code: 23502
Call: INSERT INTO CLIENTE (ID, CIUDAD, CODIGOPOSTAL, DIRECCION, ESTADO, FECHAALTA, FECHABAJA, IDENTIFICACION, PAIS, TIPOCLIENTE, USER_USER, DTYPE) VALUES (?, ?, ?, ?, ?, ?, ?, ?, ?, ?, ?, ?)
	bind =&gt; [12 parameters bound]
Query: InsertObjectQuery(Cliente{
id=1
identificacion=Avenia Plutarco
tipoCliente=null
estado=Activo
fechaAlta=Thu Apr 28 17:23:37 CEST 2022
fechaBaja=null
direccion=null
ciudad=Malaga
codigopostal=29004
pais=Espana
cuentasFintech={[]}}Empresa{
razon_social=UMA})" type="javax.persistence.RollbackException">javax.persistence.RollbackException: Exception [EclipseLink-4002] (Eclipse Persistence Services - 2.7.6.v20200131-b7c997804f): org.eclipse.persistence.exceptions.DatabaseException
Internal Exception: org.h2.jdbc.JdbcSQLIntegrityConstraintViolationException: La columna &quot;DIRECCION&quot; no permite valores nulos (NULL)
NULL not allowed for column &quot;DIRECCION&quot;; SQL statement:
INSERT INTO CLIENTE (ID, CIUDAD, CODIGOPOSTAL, DIRECCION, ESTADO, FECHAALTA, FECHABAJA, IDENTIFICACION, PAIS, TIPOCLIENTE, USER_USER, DTYPE) VALUES (?, ?, ?, ?, ?, ?, ?, ?, ?, ?, ?, ?) [23502-200]
Error Code: 23502
Call: INSERT INTO CLIENTE (ID, CIUDAD, CODIGOPOSTAL, DIRECCION, ESTADO, FECHAALTA, FECHABAJA, IDENTIFICACION, PAIS, TIPOCLIENTE, USER_USER, DTYPE) VALUES (?, ?, ?, ?, ?, ?, ?, ?, ?, ?, ?, ?)
	bind =&gt; [12 parameters bound]
Query: InsertObjectQuery(Cliente{
id=1
identificacion=Avenia Plutarco
tipoCliente=null
estado=Activo
fechaAlta=Thu Apr 28 17:23:37 CEST 2022
fechaBaja=null
direccion=null
ciudad=Malaga
codigopostal=29004
pais=Espana
cuentasFintech={[]}}Empresa{
razon_social=UMA})
	at org.eclipse.persistence.internal.jpa.transaction.EntityTransactionImpl.commit(EntityTransactionImpl.java:161)
	at ma3s.fintech.test.BaseDatos.inicializaBaseDatos(BaseDatos.java:229)
	at ma3s.fintech.test.Clientes.setup(Clientes.java:31)
	at sun.reflect.NativeMethodAccessorImpl.invoke0(Native Method)
	at sun.reflect.NativeMethodAccessorImpl.invoke(NativeMethodAccessorImpl.java:62)
	at sun.reflect.DelegatingMethodAccessorImpl.invoke(DelegatingMethodAccessorImpl.java:43)
	at java.lang.reflect.Method.invoke(Method.java:498)
	at org.junit.runners.model.FrameworkMethod$1.runReflectiveCall(FrameworkMethod.java:59)
	at org.junit.internal.runners.model.ReflectiveCallable.run(ReflectiveCallable.java:12)
	at org.junit.runners.model.FrameworkMethod.invokeExplosively(FrameworkMethod.java:56)
	at org.junit.internal.runners.statements.RunBefores.invokeMethod(RunBefores.java:33)
	at org.junit.internal.runners.statements.RunBefores.evaluate(RunBefores.java:24)
	at org.junit.runners.ParentRunner$3.evaluate(ParentRunner.java:306)
	at org.junit.runners.BlockJUnit4ClassRunner$1.evaluate(BlockJUnit4ClassRunner.java:100)
	at org.junit.runners.ParentRunner.runLeaf(ParentRunner.java:366)
	at org.junit.runners.BlockJUnit4ClassRunner.runChild(BlockJUnit4ClassRunner.java:103)
	at org.junit.runners.BlockJUnit4ClassRunner.runChild(BlockJUnit4ClassRunner.java:63)
	at org.junit.runners.ParentRunner$4.run(ParentRunner.java:331)
	at org.junit.runners.ParentRunner$1.schedule(ParentRunner.java:79)
	at org.junit.runners.ParentRunner.runChildren(ParentRunner.java:329)
	at org.junit.runners.ParentRunner.access$100(ParentRunner.java:66)
	at org.junit.runners.ParentRunner$2.evaluate(ParentRunner.java:293)
	at org.junit.runners.ParentRunner$3.evaluate(ParentRunner.java:306)
	at org.junit.runners.ParentRunner.run(ParentRunner.java:413)
	at org.junit.runners.Suite.runChild(Suite.java:128)
	at org.junit.runners.Suite.runChild(Suite.java:27)
	at org.junit.runners.ParentRunner$4.run(ParentRunner.java:331)
	at org.junit.runners.ParentRunner$1.schedule(ParentRunner.java:79)
	at org.junit.runners.ParentRunner.runChildren(ParentRunner.java:329)
	at org.junit.runners.ParentRunner.access$100(ParentRunner.java:66)
	at org.junit.runners.ParentRunner$2.evaluate(ParentRunner.java:293)
	at org.junit.internal.runners.statements.RunBefores.evaluate(RunBefores.java:26)
	at org.junit.internal.runners.statements.RunAfters.evaluate(RunAfters.java:27)
	at org.junit.runners.ParentRunner$3.evaluate(ParentRunner.java:306)
	at org.junit.runners.ParentRunner.run(ParentRunner.java:413)
	at org.apache.maven.surefire.junit4.JUnit4Provider.execute(JUnit4Provider.java:252)
	at org.apache.maven.surefire.junit4.JUnit4Provider.executeTestSet(JUnit4Provider.java:141)
	at org.apache.maven.surefire.junit4.JUnit4Provider.invoke(JUnit4Provider.java:112)
	at sun.reflect.NativeMethodAccessorImpl.invoke0(Native Method)
	at sun.reflect.NativeMethodAccessorImpl.invoke(NativeMethodAccessorImpl.java:62)
	at sun.reflect.DelegatingMethodAccessorImpl.invoke(DelegatingMethodAccessorImpl.java:43)
	at java.lang.reflect.Method.invoke(Method.java:498)
	at org.apache.maven.surefire.util.ReflectionUtils.invokeMethodWithArray(ReflectionUtils.java:189)
	at org.apache.maven.surefire.booter.ProviderFactory$ProviderProxy.invoke(ProviderFactory.java:165)
	at org.apache.maven.surefire.booter.ProviderFactory.invokeProvider(ProviderFactory.java:85)
	at org.apache.maven.surefire.booter.ForkedBooter.runSuitesInProcess(ForkedBooter.java:115)
	at org.apache.maven.surefire.booter.ForkedBooter.main(ForkedBooter.java:75)
Caused by: Exception [EclipseLink-4002] (Eclipse Persistence Services - 2.7.6.v20200131-b7c997804f): org.eclipse.persistence.exceptions.DatabaseException
Internal Exception: org.h2.jdbc.JdbcSQLIntegrityConstraintViolationException: La columna &quot;DIRECCION&quot; no permite valores nulos (NULL)
NULL not allowed for column &quot;DIRECCION&quot;; SQL statement:
INSERT INTO CLIENTE (ID, CIUDAD, CODIGOPOSTAL, DIRECCION, ESTADO, FECHAALTA, FECHABAJA, IDENTIFICACION, PAIS, TIPOCLIENTE, USER_USER, DTYPE) VALUES (?, ?, ?, ?, ?, ?, ?, ?, ?, ?, ?, ?) [23502-200]
Error Code: 23502
Call: INSERT INTO CLIENTE (ID, CIUDAD, CODIGOPOSTAL, DIRECCION, ESTADO, FECHAALTA, FECHABAJA, IDENTIFICACION, PAIS, TIPOCLIENTE, USER_USER, DTYPE) VALUES (?, ?, ?, ?, ?, ?, ?, ?, ?, ?, ?, ?)
	bind =&gt; [12 parameters bound]
Query: InsertObjectQuery(Cliente{
id=1
identificacion=Avenia Plutarco
tipoCliente=null
estado=Activo
fechaAlta=Thu Apr 28 17:23:37 CEST 2022
fechaBaja=null
direccion=null
ciudad=Malaga
codigopostal=29004
pais=Espana
cuentasFintech={[]}}Empresa{
razon_social=UMA})
	at org.eclipse.persistence.exceptions.DatabaseException.sqlException(DatabaseException.java:333)
	at org.eclipse.persistence.internal.databaseaccess.DatabaseAccessor.executeDirectNoSelect(DatabaseAccessor.java:908)
	at org.eclipse.persistence.internal.databaseaccess.DatabaseAccessor.executeNoSelect(DatabaseAccessor.java:970)
	at org.eclipse.persistence.internal.databaseaccess.DatabaseAccessor.basicExecuteCall(DatabaseAccessor.java:640)
	at org.eclipse.persistence.internal.databaseaccess.DatabaseAccessor.executeCall(DatabaseAccessor.java:567)
	at org.eclipse.persistence.internal.sessions.AbstractSession.basicExecuteCall(AbstractSession.java:2099)
	at org.eclipse.persistence.sessions.server.ClientSession.executeCall(ClientSession.java:313)
	at org.eclipse.persistence.internal.queries.DatasourceCallQueryMechanism.executeCall(DatasourceCallQueryMechanism.java:275)
	at org.eclipse.persistence.internal.queries.DatasourceCallQueryMechanism.insertObject(DatasourceCallQueryMechanism.java:397)
	at org.eclipse.persistence.internal.queries.StatementQueryMechanism.insertObject(StatementQueryMechanism.java:167)
	at org.eclipse.persistence.internal.queries.StatementQueryMechanism.insertObject(StatementQueryMechanism.java:182)
	at org.eclipse.persistence.internal.queries.DatabaseQueryMechanism.insertObjectForWrite(DatabaseQueryMechanism.java:504)
	at org.eclipse.persistence.queries.InsertObjectQuery.executeCommit(InsertObjectQuery.java:82)
	at org.eclipse.persistence.queries.InsertObjectQuery.executeCommitWithChangeSet(InsertObjectQuery.java:92)
	at org.eclipse.persistence.internal.queries.DatabaseQueryMechanism.executeWriteWithChangeSet(DatabaseQueryMechanism.java:316)
	at org.eclipse.persistence.queries.WriteObjectQuery.executeDatabaseQuery(WriteObjectQuery.java:60)
	at org.eclipse.persistence.queries.DatabaseQuery.execute(DatabaseQuery.java:911)
	at org.eclipse.persistence.queries.DatabaseQuery.executeInUnitOfWork(DatabaseQuery.java:810)
	at org.eclipse.persistence.queries.ObjectLevelModifyQuery.executeInUnitOfWorkObjectLevelModifyQuery(ObjectLevelModifyQuery.java:110)
	at org.eclipse.persistence.queries.ObjectLevelModifyQuery.executeInUnitOfWork(ObjectLevelModifyQuery.java:87)
	at org.eclipse.persistence.internal.sessions.UnitOfWorkImpl.internalExecuteQuery(UnitOfWorkImpl.java:2983)
	at org.eclipse.persistence.internal.sessions.AbstractSession.executeQuery(AbstractSession.java:1898)
	at org.eclipse.persistence.internal.sessions.AbstractSession.executeQuery(AbstractSession.java:1880)
	at org.eclipse.persistence.internal.sessions.AbstractSession.executeQuery(AbstractSession.java:1830)
	at org.eclipse.persistence.internal.sessions.CommitManager.commitNewObjectsForClassWithChangeSet(CommitManager.java:229)
	at org.eclipse.persistence.internal.sessions.CommitManager.commitAllObjectsForClassWithChangeSet(CommitManager.java:196)
	at org.eclipse.persistence.internal.sessions.CommitManager.commitAllObjectsWithChangeSet(CommitManager.java:141)
	at org.eclipse.persistence.internal.sessions.AbstractSession.writeAllObjectsWithChangeSet(AbstractSession.java:4398)
	at org.eclipse.persistence.internal.sessions.UnitOfWorkImpl.commitToDatabase(UnitOfWorkImpl.java:1495)
	at org.eclipse.persistence.internal.sessions.UnitOfWorkImpl.commitToDatabaseWithChangeSet(UnitOfWorkImpl.java:1585)
	at org.eclipse.persistence.internal.sessions.RepeatableWriteUnitOfWork.commitRootUnitOfWork(RepeatableWriteUnitOfWork.java:280)
	at org.eclipse.persistence.internal.sessions.UnitOfWorkImpl.commitAndResume(UnitOfWorkImpl.java:1222)
	at org.eclipse.persistence.internal.jpa.transaction.EntityTransactionImpl.commit(EntityTransactionImpl.java:136)
	... 46 more
Caused by: org.h2.jdbc.JdbcSQLIntegrityConstraintViolationException: La columna &quot;DIRECCION&quot; no permite valores nulos (NULL)
NULL not allowed for column &quot;DIRECCION&quot;; SQL statement:
INSERT INTO CLIENTE (ID, CIUDAD, CODIGOPOSTAL, DIRECCION, ESTADO, FECHAALTA, FECHABAJA, IDENTIFICACION, PAIS, TIPOCLIENTE, USER_USER, DTYPE) VALUES (?, ?, ?, ?, ?, ?, ?, ?, ?, ?, ?, ?) [23502-200]
	at org.h2.message.DbException.getJdbcSQLException(DbException.java:459)
	at org.h2.message.DbException.getJdbcSQLException(DbException.java:429)
	at org.h2.message.DbException.get(DbException.java:205)
	at org.h2.message.DbException.get(DbException.java:181)
	at org.h2.table.Column.validateConvertUpdateSequence(Column.java:374)
	at org.h2.table.Table.validateConvertUpdateSequence(Table.java:845)
	at org.h2.command.dml.Insert.insertRows(Insert.java:187)
	at org.h2.command.dml.Insert.update(Insert.java:151)
	at org.h2.command.CommandContainer.update(CommandContainer.java:198)
	at org.h2.command.Command.executeUpdate(Command.java:251)
	at org.h2.jdbc.JdbcPreparedStatement.executeUpdateInternal(JdbcPreparedStatement.java:191)
	at org.h2.jdbc.JdbcPreparedStatement.executeUpdate(JdbcPreparedStatement.java:152)
	at org.eclipse.persistence.internal.databaseaccess.DatabaseAccessor.executeDirectNoSelect(DatabaseAccessor.java:898)
	... 77 more
</error>
    <system-out>[EL Warning]: 2022-04-28 17:23:37.24--UnitOfWork(2124151020)--Exception [EclipseLink-4002] (Eclipse Persistence Services - 2.7.6.v20200131-b7c997804f): org.eclipse.persistence.exceptions.DatabaseException
Internal Exception: org.h2.jdbc.JdbcSQLIntegrityConstraintViolationException: La columna &quot;DIRECCION&quot; no permite valores nulos (NULL)
NULL not allowed for column &quot;DIRECCION&quot;; SQL statement:
INSERT INTO CLIENTE (ID, CIUDAD, CODIGOPOSTAL, DIRECCION, ESTADO, FECHAALTA, FECHABAJA, IDENTIFICACION, PAIS, TIPOCLIENTE, USER_USER, DTYPE) VALUES (?, ?, ?, ?, ?, ?, ?, ?, ?, ?, ?, ?) [23502-200]
Error Code: 23502
Call: INSERT INTO CLIENTE (ID, CIUDAD, CODIGOPOSTAL, DIRECCION, ESTADO, FECHAALTA, FECHABAJA, IDENTIFICACION, PAIS, TIPOCLIENTE, USER_USER, DTYPE) VALUES (?, ?, ?, ?, ?, ?, ?, ?, ?, ?, ?, ?)
	bind =&gt; [12 parameters bound]
Query: InsertObjectQuery(Cliente{
id=1
identificacion=Avenia Plutarco
tipoCliente=null
estado=Activo
fechaAlta=Thu Apr 28 17:23:37 CEST 2022
fechaBaja=null
direccion=null
ciudad=Malaga
codigopostal=29004
pais=Espana
cuentasFintech={[]}}Empresa{
razon_social=UMA})
</system-out>
  </testcase>
  <testcase classname="ma3s.fintech.test.Clientes" name="testModCodigoPostalIndividualIndividualNoExistenteException" time="0.038">
    <error message="Exception [EclipseLink-4002] (Eclipse Persistence Services - 2.7.6.v20200131-b7c997804f): org.eclipse.persistence.exceptions.DatabaseException
Internal Exception: org.h2.jdbc.JdbcSQLIntegrityConstraintViolationException: La columna &quot;DIRECCION&quot; no permite valores nulos (NULL)
NULL not allowed for column &quot;DIRECCION&quot;; SQL statement:
INSERT INTO CLIENTE (ID, CIUDAD, CODIGOPOSTAL, DIRECCION, ESTADO, FECHAALTA, FECHABAJA, IDENTIFICACION, PAIS, TIPOCLIENTE, USER_USER, DTYPE) VALUES (?, ?, ?, ?, ?, ?, ?, ?, ?, ?, ?, ?) [23502-200]
Error Code: 23502
Call: INSERT INTO CLIENTE (ID, CIUDAD, CODIGOPOSTAL, DIRECCION, ESTADO, FECHAALTA, FECHABAJA, IDENTIFICACION, PAIS, TIPOCLIENTE, USER_USER, DTYPE) VALUES (?, ?, ?, ?, ?, ?, ?, ?, ?, ?, ?, ?)
	bind =&gt; [12 parameters bound]
Query: InsertObjectQuery(Cliente{
id=1
identificacion=Avenia Plutarco
tipoCliente=null
estado=Activo
fechaAlta=Thu Apr 28 17:23:37 CEST 2022
fechaBaja=null
direccion=null
ciudad=Malaga
codigopostal=29004
pais=Espana
cuentasFintech={[]}}Empresa{
razon_social=UMA})" type="javax.persistence.RollbackException">javax.persistence.RollbackException: Exception [EclipseLink-4002] (Eclipse Persistence Services - 2.7.6.v20200131-b7c997804f): org.eclipse.persistence.exceptions.DatabaseException
Internal Exception: org.h2.jdbc.JdbcSQLIntegrityConstraintViolationException: La columna &quot;DIRECCION&quot; no permite valores nulos (NULL)
NULL not allowed for column &quot;DIRECCION&quot;; SQL statement:
INSERT INTO CLIENTE (ID, CIUDAD, CODIGOPOSTAL, DIRECCION, ESTADO, FECHAALTA, FECHABAJA, IDENTIFICACION, PAIS, TIPOCLIENTE, USER_USER, DTYPE) VALUES (?, ?, ?, ?, ?, ?, ?, ?, ?, ?, ?, ?) [23502-200]
Error Code: 23502
Call: INSERT INTO CLIENTE (ID, CIUDAD, CODIGOPOSTAL, DIRECCION, ESTADO, FECHAALTA, FECHABAJA, IDENTIFICACION, PAIS, TIPOCLIENTE, USER_USER, DTYPE) VALUES (?, ?, ?, ?, ?, ?, ?, ?, ?, ?, ?, ?)
	bind =&gt; [12 parameters bound]
Query: InsertObjectQuery(Cliente{
id=1
identificacion=Avenia Plutarco
tipoCliente=null
estado=Activo
fechaAlta=Thu Apr 28 17:23:37 CEST 2022
fechaBaja=null
direccion=null
ciudad=Malaga
codigopostal=29004
pais=Espana
cuentasFintech={[]}}Empresa{
razon_social=UMA})
	at org.eclipse.persistence.internal.jpa.transaction.EntityTransactionImpl.commit(EntityTransactionImpl.java:161)
	at ma3s.fintech.test.BaseDatos.inicializaBaseDatos(BaseDatos.java:229)
	at ma3s.fintech.test.Clientes.setup(Clientes.java:31)
	at sun.reflect.NativeMethodAccessorImpl.invoke0(Native Method)
	at sun.reflect.NativeMethodAccessorImpl.invoke(NativeMethodAccessorImpl.java:62)
	at sun.reflect.DelegatingMethodAccessorImpl.invoke(DelegatingMethodAccessorImpl.java:43)
	at java.lang.reflect.Method.invoke(Method.java:498)
	at org.junit.runners.model.FrameworkMethod$1.runReflectiveCall(FrameworkMethod.java:59)
	at org.junit.internal.runners.model.ReflectiveCallable.run(ReflectiveCallable.java:12)
	at org.junit.runners.model.FrameworkMethod.invokeExplosively(FrameworkMethod.java:56)
	at org.junit.internal.runners.statements.RunBefores.invokeMethod(RunBefores.java:33)
	at org.junit.internal.runners.statements.RunBefores.evaluate(RunBefores.java:24)
	at org.junit.runners.ParentRunner$3.evaluate(ParentRunner.java:306)
	at org.junit.runners.BlockJUnit4ClassRunner$1.evaluate(BlockJUnit4ClassRunner.java:100)
	at org.junit.runners.ParentRunner.runLeaf(ParentRunner.java:366)
	at org.junit.runners.BlockJUnit4ClassRunner.runChild(BlockJUnit4ClassRunner.java:103)
	at org.junit.runners.BlockJUnit4ClassRunner.runChild(BlockJUnit4ClassRunner.java:63)
	at org.junit.runners.ParentRunner$4.run(ParentRunner.java:331)
	at org.junit.runners.ParentRunner$1.schedule(ParentRunner.java:79)
	at org.junit.runners.ParentRunner.runChildren(ParentRunner.java:329)
	at org.junit.runners.ParentRunner.access$100(ParentRunner.java:66)
	at org.junit.runners.ParentRunner$2.evaluate(ParentRunner.java:293)
	at org.junit.runners.ParentRunner$3.evaluate(ParentRunner.java:306)
	at org.junit.runners.ParentRunner.run(ParentRunner.java:413)
	at org.junit.runners.Suite.runChild(Suite.java:128)
	at org.junit.runners.Suite.runChild(Suite.java:27)
	at org.junit.runners.ParentRunner$4.run(ParentRunner.java:331)
	at org.junit.runners.ParentRunner$1.schedule(ParentRunner.java:79)
	at org.junit.runners.ParentRunner.runChildren(ParentRunner.java:329)
	at org.junit.runners.ParentRunner.access$100(ParentRunner.java:66)
	at org.junit.runners.ParentRunner$2.evaluate(ParentRunner.java:293)
	at org.junit.internal.runners.statements.RunBefores.evaluate(RunBefores.java:26)
	at org.junit.internal.runners.statements.RunAfters.evaluate(RunAfters.java:27)
	at org.junit.runners.ParentRunner$3.evaluate(ParentRunner.java:306)
	at org.junit.runners.ParentRunner.run(ParentRunner.java:413)
	at org.apache.maven.surefire.junit4.JUnit4Provider.execute(JUnit4Provider.java:252)
	at org.apache.maven.surefire.junit4.JUnit4Provider.executeTestSet(JUnit4Provider.java:141)
	at org.apache.maven.surefire.junit4.JUnit4Provider.invoke(JUnit4Provider.java:112)
	at sun.reflect.NativeMethodAccessorImpl.invoke0(Native Method)
	at sun.reflect.NativeMethodAccessorImpl.invoke(NativeMethodAccessorImpl.java:62)
	at sun.reflect.DelegatingMethodAccessorImpl.invoke(DelegatingMethodAccessorImpl.java:43)
	at java.lang.reflect.Method.invoke(Method.java:498)
	at org.apache.maven.surefire.util.ReflectionUtils.invokeMethodWithArray(ReflectionUtils.java:189)
	at org.apache.maven.surefire.booter.ProviderFactory$ProviderProxy.invoke(ProviderFactory.java:165)
	at org.apache.maven.surefire.booter.ProviderFactory.invokeProvider(ProviderFactory.java:85)
	at org.apache.maven.surefire.booter.ForkedBooter.runSuitesInProcess(ForkedBooter.java:115)
	at org.apache.maven.surefire.booter.ForkedBooter.main(ForkedBooter.java:75)
Caused by: Exception [EclipseLink-4002] (Eclipse Persistence Services - 2.7.6.v20200131-b7c997804f): org.eclipse.persistence.exceptions.DatabaseException
Internal Exception: org.h2.jdbc.JdbcSQLIntegrityConstraintViolationException: La columna &quot;DIRECCION&quot; no permite valores nulos (NULL)
NULL not allowed for column &quot;DIRECCION&quot;; SQL statement:
INSERT INTO CLIENTE (ID, CIUDAD, CODIGOPOSTAL, DIRECCION, ESTADO, FECHAALTA, FECHABAJA, IDENTIFICACION, PAIS, TIPOCLIENTE, USER_USER, DTYPE) VALUES (?, ?, ?, ?, ?, ?, ?, ?, ?, ?, ?, ?) [23502-200]
Error Code: 23502
Call: INSERT INTO CLIENTE (ID, CIUDAD, CODIGOPOSTAL, DIRECCION, ESTADO, FECHAALTA, FECHABAJA, IDENTIFICACION, PAIS, TIPOCLIENTE, USER_USER, DTYPE) VALUES (?, ?, ?, ?, ?, ?, ?, ?, ?, ?, ?, ?)
	bind =&gt; [12 parameters bound]
Query: InsertObjectQuery(Cliente{
id=1
identificacion=Avenia Plutarco
tipoCliente=null
estado=Activo
fechaAlta=Thu Apr 28 17:23:37 CEST 2022
fechaBaja=null
direccion=null
ciudad=Malaga
codigopostal=29004
pais=Espana
cuentasFintech={[]}}Empresa{
razon_social=UMA})
	at org.eclipse.persistence.exceptions.DatabaseException.sqlException(DatabaseException.java:333)
	at org.eclipse.persistence.internal.databaseaccess.DatabaseAccessor.executeDirectNoSelect(DatabaseAccessor.java:908)
	at org.eclipse.persistence.internal.databaseaccess.DatabaseAccessor.executeNoSelect(DatabaseAccessor.java:970)
	at org.eclipse.persistence.internal.databaseaccess.DatabaseAccessor.basicExecuteCall(DatabaseAccessor.java:640)
	at org.eclipse.persistence.internal.databaseaccess.DatabaseAccessor.executeCall(DatabaseAccessor.java:567)
	at org.eclipse.persistence.internal.sessions.AbstractSession.basicExecuteCall(AbstractSession.java:2099)
	at org.eclipse.persistence.sessions.server.ClientSession.executeCall(ClientSession.java:313)
	at org.eclipse.persistence.internal.queries.DatasourceCallQueryMechanism.executeCall(DatasourceCallQueryMechanism.java:275)
	at org.eclipse.persistence.internal.queries.DatasourceCallQueryMechanism.insertObject(DatasourceCallQueryMechanism.java:397)
	at org.eclipse.persistence.internal.queries.StatementQueryMechanism.insertObject(StatementQueryMechanism.java:167)
	at org.eclipse.persistence.internal.queries.StatementQueryMechanism.insertObject(StatementQueryMechanism.java:182)
	at org.eclipse.persistence.internal.queries.DatabaseQueryMechanism.insertObjectForWrite(DatabaseQueryMechanism.java:504)
	at org.eclipse.persistence.queries.InsertObjectQuery.executeCommit(InsertObjectQuery.java:82)
	at org.eclipse.persistence.queries.InsertObjectQuery.executeCommitWithChangeSet(InsertObjectQuery.java:92)
	at org.eclipse.persistence.internal.queries.DatabaseQueryMechanism.executeWriteWithChangeSet(DatabaseQueryMechanism.java:316)
	at org.eclipse.persistence.queries.WriteObjectQuery.executeDatabaseQuery(WriteObjectQuery.java:60)
	at org.eclipse.persistence.queries.DatabaseQuery.execute(DatabaseQuery.java:911)
	at org.eclipse.persistence.queries.DatabaseQuery.executeInUnitOfWork(DatabaseQuery.java:810)
	at org.eclipse.persistence.queries.ObjectLevelModifyQuery.executeInUnitOfWorkObjectLevelModifyQuery(ObjectLevelModifyQuery.java:110)
	at org.eclipse.persistence.queries.ObjectLevelModifyQuery.executeInUnitOfWork(ObjectLevelModifyQuery.java:87)
	at org.eclipse.persistence.internal.sessions.UnitOfWorkImpl.internalExecuteQuery(UnitOfWorkImpl.java:2983)
	at org.eclipse.persistence.internal.sessions.AbstractSession.executeQuery(AbstractSession.java:1898)
	at org.eclipse.persistence.internal.sessions.AbstractSession.executeQuery(AbstractSession.java:1880)
	at org.eclipse.persistence.internal.sessions.AbstractSession.executeQuery(AbstractSession.java:1830)
	at org.eclipse.persistence.internal.sessions.CommitManager.commitNewObjectsForClassWithChangeSet(CommitManager.java:229)
	at org.eclipse.persistence.internal.sessions.CommitManager.commitAllObjectsForClassWithChangeSet(CommitManager.java:196)
	at org.eclipse.persistence.internal.sessions.CommitManager.commitAllObjectsWithChangeSet(CommitManager.java:141)
	at org.eclipse.persistence.internal.sessions.AbstractSession.writeAllObjectsWithChangeSet(AbstractSession.java:4398)
	at org.eclipse.persistence.internal.sessions.UnitOfWorkImpl.commitToDatabase(UnitOfWorkImpl.java:1495)
	at org.eclipse.persistence.internal.sessions.UnitOfWorkImpl.commitToDatabaseWithChangeSet(UnitOfWorkImpl.java:1585)
	at org.eclipse.persistence.internal.sessions.RepeatableWriteUnitOfWork.commitRootUnitOfWork(RepeatableWriteUnitOfWork.java:280)
	at org.eclipse.persistence.internal.sessions.UnitOfWorkImpl.commitAndResume(UnitOfWorkImpl.java:1222)
	at org.eclipse.persistence.internal.jpa.transaction.EntityTransactionImpl.commit(EntityTransactionImpl.java:136)
	... 46 more
Caused by: org.h2.jdbc.JdbcSQLIntegrityConstraintViolationException: La columna &quot;DIRECCION&quot; no permite valores nulos (NULL)
NULL not allowed for column &quot;DIRECCION&quot;; SQL statement:
INSERT INTO CLIENTE (ID, CIUDAD, CODIGOPOSTAL, DIRECCION, ESTADO, FECHAALTA, FECHABAJA, IDENTIFICACION, PAIS, TIPOCLIENTE, USER_USER, DTYPE) VALUES (?, ?, ?, ?, ?, ?, ?, ?, ?, ?, ?, ?) [23502-200]
	at org.h2.message.DbException.getJdbcSQLException(DbException.java:459)
	at org.h2.message.DbException.getJdbcSQLException(DbException.java:429)
	at org.h2.message.DbException.get(DbException.java:205)
	at org.h2.message.DbException.get(DbException.java:181)
	at org.h2.table.Column.validateConvertUpdateSequence(Column.java:374)
	at org.h2.table.Table.validateConvertUpdateSequence(Table.java:845)
	at org.h2.command.dml.Insert.insertRows(Insert.java:187)
	at org.h2.command.dml.Insert.update(Insert.java:151)
	at org.h2.command.CommandContainer.update(CommandContainer.java:198)
	at org.h2.command.Command.executeUpdate(Command.java:251)
	at org.h2.jdbc.JdbcPreparedStatement.executeUpdateInternal(JdbcPreparedStatement.java:191)
	at org.h2.jdbc.JdbcPreparedStatement.executeUpdate(JdbcPreparedStatement.java:152)
	at org.eclipse.persistence.internal.databaseaccess.DatabaseAccessor.executeDirectNoSelect(DatabaseAccessor.java:898)
	... 77 more
</error>
    <system-out>[EL Warning]: 2022-04-28 17:23:37.276--UnitOfWork(1826084308)--Exception [EclipseLink-4002] (Eclipse Persistence Services - 2.7.6.v20200131-b7c997804f): org.eclipse.persistence.exceptions.DatabaseException
Internal Exception: org.h2.jdbc.JdbcSQLIntegrityConstraintViolationException: La columna &quot;DIRECCION&quot; no permite valores nulos (NULL)
NULL not allowed for column &quot;DIRECCION&quot;; SQL statement:
INSERT INTO CLIENTE (ID, CIUDAD, CODIGOPOSTAL, DIRECCION, ESTADO, FECHAALTA, FECHABAJA, IDENTIFICACION, PAIS, TIPOCLIENTE, USER_USER, DTYPE) VALUES (?, ?, ?, ?, ?, ?, ?, ?, ?, ?, ?, ?) [23502-200]
Error Code: 23502
Call: INSERT INTO CLIENTE (ID, CIUDAD, CODIGOPOSTAL, DIRECCION, ESTADO, FECHAALTA, FECHABAJA, IDENTIFICACION, PAIS, TIPOCLIENTE, USER_USER, DTYPE) VALUES (?, ?, ?, ?, ?, ?, ?, ?, ?, ?, ?, ?)
	bind =&gt; [12 parameters bound]
Query: InsertObjectQuery(Cliente{
id=1
identificacion=Avenia Plutarco
tipoCliente=null
estado=Activo
fechaAlta=Thu Apr 28 17:23:37 CEST 2022
fechaBaja=null
direccion=null
ciudad=Malaga
codigopostal=29004
pais=Espana
cuentasFintech={[]}}Empresa{
razon_social=UMA})
</system-out>
  </testcase>
  <testcase classname="ma3s.fintech.test.Clientes" name="testModCiudadIndividual" time="0.034">
    <error message="Exception [EclipseLink-4002] (Eclipse Persistence Services - 2.7.6.v20200131-b7c997804f): org.eclipse.persistence.exceptions.DatabaseException
Internal Exception: org.h2.jdbc.JdbcSQLIntegrityConstraintViolationException: La columna &quot;DIRECCION&quot; no permite valores nulos (NULL)
NULL not allowed for column &quot;DIRECCION&quot;; SQL statement:
INSERT INTO CLIENTE (ID, CIUDAD, CODIGOPOSTAL, DIRECCION, ESTADO, FECHAALTA, FECHABAJA, IDENTIFICACION, PAIS, TIPOCLIENTE, USER_USER, DTYPE) VALUES (?, ?, ?, ?, ?, ?, ?, ?, ?, ?, ?, ?) [23502-200]
Error Code: 23502
Call: INSERT INTO CLIENTE (ID, CIUDAD, CODIGOPOSTAL, DIRECCION, ESTADO, FECHAALTA, FECHABAJA, IDENTIFICACION, PAIS, TIPOCLIENTE, USER_USER, DTYPE) VALUES (?, ?, ?, ?, ?, ?, ?, ?, ?, ?, ?, ?)
	bind =&gt; [12 parameters bound]
Query: InsertObjectQuery(Cliente{
id=2
identificacion=avenida de Murcia
tipoCliente=null
estado=Activo
fechaAlta=Thu Apr 28 17:23:37 CEST 2022
fechaBaja=null
direccion=null
ciudad=Murcia
codigopostal=29845
pais=Espana
cuentasFintech={[]}}Empresa{
razon_social=UCAM})" type="javax.persistence.RollbackException">javax.persistence.RollbackException: Exception [EclipseLink-4002] (Eclipse Persistence Services - 2.7.6.v20200131-b7c997804f): org.eclipse.persistence.exceptions.DatabaseException
Internal Exception: org.h2.jdbc.JdbcSQLIntegrityConstraintViolationException: La columna &quot;DIRECCION&quot; no permite valores nulos (NULL)
NULL not allowed for column &quot;DIRECCION&quot;; SQL statement:
INSERT INTO CLIENTE (ID, CIUDAD, CODIGOPOSTAL, DIRECCION, ESTADO, FECHAALTA, FECHABAJA, IDENTIFICACION, PAIS, TIPOCLIENTE, USER_USER, DTYPE) VALUES (?, ?, ?, ?, ?, ?, ?, ?, ?, ?, ?, ?) [23502-200]
Error Code: 23502
Call: INSERT INTO CLIENTE (ID, CIUDAD, CODIGOPOSTAL, DIRECCION, ESTADO, FECHAALTA, FECHABAJA, IDENTIFICACION, PAIS, TIPOCLIENTE, USER_USER, DTYPE) VALUES (?, ?, ?, ?, ?, ?, ?, ?, ?, ?, ?, ?)
	bind =&gt; [12 parameters bound]
Query: InsertObjectQuery(Cliente{
id=2
identificacion=avenida de Murcia
tipoCliente=null
estado=Activo
fechaAlta=Thu Apr 28 17:23:37 CEST 2022
fechaBaja=null
direccion=null
ciudad=Murcia
codigopostal=29845
pais=Espana
cuentasFintech={[]}}Empresa{
razon_social=UCAM})
	at org.eclipse.persistence.internal.jpa.transaction.EntityTransactionImpl.commit(EntityTransactionImpl.java:161)
	at ma3s.fintech.test.BaseDatos.inicializaBaseDatos(BaseDatos.java:229)
	at ma3s.fintech.test.Clientes.setup(Clientes.java:31)
	at sun.reflect.NativeMethodAccessorImpl.invoke0(Native Method)
	at sun.reflect.NativeMethodAccessorImpl.invoke(NativeMethodAccessorImpl.java:62)
	at sun.reflect.DelegatingMethodAccessorImpl.invoke(DelegatingMethodAccessorImpl.java:43)
	at java.lang.reflect.Method.invoke(Method.java:498)
	at org.junit.runners.model.FrameworkMethod$1.runReflectiveCall(FrameworkMethod.java:59)
	at org.junit.internal.runners.model.ReflectiveCallable.run(ReflectiveCallable.java:12)
	at org.junit.runners.model.FrameworkMethod.invokeExplosively(FrameworkMethod.java:56)
	at org.junit.internal.runners.statements.RunBefores.invokeMethod(RunBefores.java:33)
	at org.junit.internal.runners.statements.RunBefores.evaluate(RunBefores.java:24)
	at org.junit.runners.ParentRunner$3.evaluate(ParentRunner.java:306)
	at org.junit.runners.BlockJUnit4ClassRunner$1.evaluate(BlockJUnit4ClassRunner.java:100)
	at org.junit.runners.ParentRunner.runLeaf(ParentRunner.java:366)
	at org.junit.runners.BlockJUnit4ClassRunner.runChild(BlockJUnit4ClassRunner.java:103)
	at org.junit.runners.BlockJUnit4ClassRunner.runChild(BlockJUnit4ClassRunner.java:63)
	at org.junit.runners.ParentRunner$4.run(ParentRunner.java:331)
	at org.junit.runners.ParentRunner$1.schedule(ParentRunner.java:79)
	at org.junit.runners.ParentRunner.runChildren(ParentRunner.java:329)
	at org.junit.runners.ParentRunner.access$100(ParentRunner.java:66)
	at org.junit.runners.ParentRunner$2.evaluate(ParentRunner.java:293)
	at org.junit.runners.ParentRunner$3.evaluate(ParentRunner.java:306)
	at org.junit.runners.ParentRunner.run(ParentRunner.java:413)
	at org.junit.runners.Suite.runChild(Suite.java:128)
	at org.junit.runners.Suite.runChild(Suite.java:27)
	at org.junit.runners.ParentRunner$4.run(ParentRunner.java:331)
	at org.junit.runners.ParentRunner$1.schedule(ParentRunner.java:79)
	at org.junit.runners.ParentRunner.runChildren(ParentRunner.java:329)
	at org.junit.runners.ParentRunner.access$100(ParentRunner.java:66)
	at org.junit.runners.ParentRunner$2.evaluate(ParentRunner.java:293)
	at org.junit.internal.runners.statements.RunBefores.evaluate(RunBefores.java:26)
	at org.junit.internal.runners.statements.RunAfters.evaluate(RunAfters.java:27)
	at org.junit.runners.ParentRunner$3.evaluate(ParentRunner.java:306)
	at org.junit.runners.ParentRunner.run(ParentRunner.java:413)
	at org.apache.maven.surefire.junit4.JUnit4Provider.execute(JUnit4Provider.java:252)
	at org.apache.maven.surefire.junit4.JUnit4Provider.executeTestSet(JUnit4Provider.java:141)
	at org.apache.maven.surefire.junit4.JUnit4Provider.invoke(JUnit4Provider.java:112)
	at sun.reflect.NativeMethodAccessorImpl.invoke0(Native Method)
	at sun.reflect.NativeMethodAccessorImpl.invoke(NativeMethodAccessorImpl.java:62)
	at sun.reflect.DelegatingMethodAccessorImpl.invoke(DelegatingMethodAccessorImpl.java:43)
	at java.lang.reflect.Method.invoke(Method.java:498)
	at org.apache.maven.surefire.util.ReflectionUtils.invokeMethodWithArray(ReflectionUtils.java:189)
	at org.apache.maven.surefire.booter.ProviderFactory$ProviderProxy.invoke(ProviderFactory.java:165)
	at org.apache.maven.surefire.booter.ProviderFactory.invokeProvider(ProviderFactory.java:85)
	at org.apache.maven.surefire.booter.ForkedBooter.runSuitesInProcess(ForkedBooter.java:115)
	at org.apache.maven.surefire.booter.ForkedBooter.main(ForkedBooter.java:75)
Caused by: Exception [EclipseLink-4002] (Eclipse Persistence Services - 2.7.6.v20200131-b7c997804f): org.eclipse.persistence.exceptions.DatabaseException
Internal Exception: org.h2.jdbc.JdbcSQLIntegrityConstraintViolationException: La columna &quot;DIRECCION&quot; no permite valores nulos (NULL)
NULL not allowed for column &quot;DIRECCION&quot;; SQL statement:
INSERT INTO CLIENTE (ID, CIUDAD, CODIGOPOSTAL, DIRECCION, ESTADO, FECHAALTA, FECHABAJA, IDENTIFICACION, PAIS, TIPOCLIENTE, USER_USER, DTYPE) VALUES (?, ?, ?, ?, ?, ?, ?, ?, ?, ?, ?, ?) [23502-200]
Error Code: 23502
Call: INSERT INTO CLIENTE (ID, CIUDAD, CODIGOPOSTAL, DIRECCION, ESTADO, FECHAALTA, FECHABAJA, IDENTIFICACION, PAIS, TIPOCLIENTE, USER_USER, DTYPE) VALUES (?, ?, ?, ?, ?, ?, ?, ?, ?, ?, ?, ?)
	bind =&gt; [12 parameters bound]
Query: InsertObjectQuery(Cliente{
id=2
identificacion=avenida de Murcia
tipoCliente=null
estado=Activo
fechaAlta=Thu Apr 28 17:23:37 CEST 2022
fechaBaja=null
direccion=null
ciudad=Murcia
codigopostal=29845
pais=Espana
cuentasFintech={[]}}Empresa{
razon_social=UCAM})
	at org.eclipse.persistence.exceptions.DatabaseException.sqlException(DatabaseException.java:333)
	at org.eclipse.persistence.internal.databaseaccess.DatabaseAccessor.executeDirectNoSelect(DatabaseAccessor.java:908)
	at org.eclipse.persistence.internal.databaseaccess.DatabaseAccessor.executeNoSelect(DatabaseAccessor.java:970)
	at org.eclipse.persistence.internal.databaseaccess.DatabaseAccessor.basicExecuteCall(DatabaseAccessor.java:640)
	at org.eclipse.persistence.internal.databaseaccess.DatabaseAccessor.executeCall(DatabaseAccessor.java:567)
	at org.eclipse.persistence.internal.sessions.AbstractSession.basicExecuteCall(AbstractSession.java:2099)
	at org.eclipse.persistence.sessions.server.ClientSession.executeCall(ClientSession.java:313)
	at org.eclipse.persistence.internal.queries.DatasourceCallQueryMechanism.executeCall(DatasourceCallQueryMechanism.java:275)
	at org.eclipse.persistence.internal.queries.DatasourceCallQueryMechanism.insertObject(DatasourceCallQueryMechanism.java:397)
	at org.eclipse.persistence.internal.queries.StatementQueryMechanism.insertObject(StatementQueryMechanism.java:167)
	at org.eclipse.persistence.internal.queries.StatementQueryMechanism.insertObject(StatementQueryMechanism.java:182)
	at org.eclipse.persistence.internal.queries.DatabaseQueryMechanism.insertObjectForWrite(DatabaseQueryMechanism.java:504)
	at org.eclipse.persistence.queries.InsertObjectQuery.executeCommit(InsertObjectQuery.java:82)
	at org.eclipse.persistence.queries.InsertObjectQuery.executeCommitWithChangeSet(InsertObjectQuery.java:92)
	at org.eclipse.persistence.internal.queries.DatabaseQueryMechanism.executeWriteWithChangeSet(DatabaseQueryMechanism.java:316)
	at org.eclipse.persistence.queries.WriteObjectQuery.executeDatabaseQuery(WriteObjectQuery.java:60)
	at org.eclipse.persistence.queries.DatabaseQuery.execute(DatabaseQuery.java:911)
	at org.eclipse.persistence.queries.DatabaseQuery.executeInUnitOfWork(DatabaseQuery.java:810)
	at org.eclipse.persistence.queries.ObjectLevelModifyQuery.executeInUnitOfWorkObjectLevelModifyQuery(ObjectLevelModifyQuery.java:110)
	at org.eclipse.persistence.queries.ObjectLevelModifyQuery.executeInUnitOfWork(ObjectLevelModifyQuery.java:87)
	at org.eclipse.persistence.internal.sessions.UnitOfWorkImpl.internalExecuteQuery(UnitOfWorkImpl.java:2983)
	at org.eclipse.persistence.internal.sessions.AbstractSession.executeQuery(AbstractSession.java:1898)
	at org.eclipse.persistence.internal.sessions.AbstractSession.executeQuery(AbstractSession.java:1880)
	at org.eclipse.persistence.internal.sessions.AbstractSession.executeQuery(AbstractSession.java:1830)
	at org.eclipse.persistence.internal.sessions.CommitManager.commitNewObjectsForClassWithChangeSet(CommitManager.java:229)
	at org.eclipse.persistence.internal.sessions.CommitManager.commitAllObjectsForClassWithChangeSet(CommitManager.java:196)
	at org.eclipse.persistence.internal.sessions.CommitManager.commitAllObjectsWithChangeSet(CommitManager.java:141)
	at org.eclipse.persistence.internal.sessions.AbstractSession.writeAllObjectsWithChangeSet(AbstractSession.java:4398)
	at org.eclipse.persistence.internal.sessions.UnitOfWorkImpl.commitToDatabase(UnitOfWorkImpl.java:1495)
	at org.eclipse.persistence.internal.sessions.UnitOfWorkImpl.commitToDatabaseWithChangeSet(UnitOfWorkImpl.java:1585)
	at org.eclipse.persistence.internal.sessions.RepeatableWriteUnitOfWork.commitRootUnitOfWork(RepeatableWriteUnitOfWork.java:280)
	at org.eclipse.persistence.internal.sessions.UnitOfWorkImpl.commitAndResume(UnitOfWorkImpl.java:1222)
	at org.eclipse.persistence.internal.jpa.transaction.EntityTransactionImpl.commit(EntityTransactionImpl.java:136)
	... 46 more
Caused by: org.h2.jdbc.JdbcSQLIntegrityConstraintViolationException: La columna &quot;DIRECCION&quot; no permite valores nulos (NULL)
NULL not allowed for column &quot;DIRECCION&quot;; SQL statement:
INSERT INTO CLIENTE (ID, CIUDAD, CODIGOPOSTAL, DIRECCION, ESTADO, FECHAALTA, FECHABAJA, IDENTIFICACION, PAIS, TIPOCLIENTE, USER_USER, DTYPE) VALUES (?, ?, ?, ?, ?, ?, ?, ?, ?, ?, ?, ?) [23502-200]
	at org.h2.message.DbException.getJdbcSQLException(DbException.java:459)
	at org.h2.message.DbException.getJdbcSQLException(DbException.java:429)
	at org.h2.message.DbException.get(DbException.java:205)
	at org.h2.message.DbException.get(DbException.java:181)
	at org.h2.table.Column.validateConvertUpdateSequence(Column.java:374)
	at org.h2.table.Table.validateConvertUpdateSequence(Table.java:845)
	at org.h2.command.dml.Insert.insertRows(Insert.java:187)
	at org.h2.command.dml.Insert.update(Insert.java:151)
	at org.h2.command.CommandContainer.update(CommandContainer.java:198)
	at org.h2.command.Command.executeUpdate(Command.java:251)
	at org.h2.jdbc.JdbcPreparedStatement.executeUpdateInternal(JdbcPreparedStatement.java:191)
	at org.h2.jdbc.JdbcPreparedStatement.executeUpdate(JdbcPreparedStatement.java:152)
	at org.eclipse.persistence.internal.databaseaccess.DatabaseAccessor.executeDirectNoSelect(DatabaseAccessor.java:898)
	... 77 more
</error>
    <system-out>[EL Warning]: 2022-04-28 17:23:37.31--UnitOfWork(803017132)--Exception [EclipseLink-4002] (Eclipse Persistence Services - 2.7.6.v20200131-b7c997804f): org.eclipse.persistence.exceptions.DatabaseException
Internal Exception: org.h2.jdbc.JdbcSQLIntegrityConstraintViolationException: La columna &quot;DIRECCION&quot; no permite valores nulos (NULL)
NULL not allowed for column &quot;DIRECCION&quot;; SQL statement:
INSERT INTO CLIENTE (ID, CIUDAD, CODIGOPOSTAL, DIRECCION, ESTADO, FECHAALTA, FECHABAJA, IDENTIFICACION, PAIS, TIPOCLIENTE, USER_USER, DTYPE) VALUES (?, ?, ?, ?, ?, ?, ?, ?, ?, ?, ?, ?) [23502-200]
Error Code: 23502
Call: INSERT INTO CLIENTE (ID, CIUDAD, CODIGOPOSTAL, DIRECCION, ESTADO, FECHAALTA, FECHABAJA, IDENTIFICACION, PAIS, TIPOCLIENTE, USER_USER, DTYPE) VALUES (?, ?, ?, ?, ?, ?, ?, ?, ?, ?, ?, ?)
	bind =&gt; [12 parameters bound]
Query: InsertObjectQuery(Cliente{
id=2
identificacion=avenida de Murcia
tipoCliente=null
estado=Activo
fechaAlta=Thu Apr 28 17:23:37 CEST 2022
fechaBaja=null
direccion=null
ciudad=Murcia
codigopostal=29845
pais=Espana
cuentasFintech={[]}}Empresa{
razon_social=UCAM})
</system-out>
  </testcase>
  <testcase classname="ma3s.fintech.test.Clientes" name="testModNombreIndividualIndividualNoExistenteException" time="0.035">
    <error message="Exception [EclipseLink-4002] (Eclipse Persistence Services - 2.7.6.v20200131-b7c997804f): org.eclipse.persistence.exceptions.DatabaseException
Internal Exception: org.h2.jdbc.JdbcSQLIntegrityConstraintViolationException: La columna &quot;DIRECCION&quot; no permite valores nulos (NULL)
NULL not allowed for column &quot;DIRECCION&quot;; SQL statement:
INSERT INTO CLIENTE (ID, CIUDAD, CODIGOPOSTAL, DIRECCION, ESTADO, FECHAALTA, FECHABAJA, IDENTIFICACION, PAIS, TIPOCLIENTE, USER_USER, DTYPE) VALUES (?, ?, ?, ?, ?, ?, ?, ?, ?, ?, ?, ?) [23502-200]
Error Code: 23502
Call: INSERT INTO CLIENTE (ID, CIUDAD, CODIGOPOSTAL, DIRECCION, ESTADO, FECHAALTA, FECHABAJA, IDENTIFICACION, PAIS, TIPOCLIENTE, USER_USER, DTYPE) VALUES (?, ?, ?, ?, ?, ?, ?, ?, ?, ?, ?, ?)
	bind =&gt; [12 parameters bound]
Query: InsertObjectQuery(Cliente{
id=1
identificacion=Avenia Plutarco
tipoCliente=null
estado=Activo
fechaAlta=Thu Apr 28 17:23:37 CEST 2022
fechaBaja=null
direccion=null
ciudad=Malaga
codigopostal=29004
pais=Espana
cuentasFintech={[]}}Empresa{
razon_social=UMA})" type="javax.persistence.RollbackException">javax.persistence.RollbackException: Exception [EclipseLink-4002] (Eclipse Persistence Services - 2.7.6.v20200131-b7c997804f): org.eclipse.persistence.exceptions.DatabaseException
Internal Exception: org.h2.jdbc.JdbcSQLIntegrityConstraintViolationException: La columna &quot;DIRECCION&quot; no permite valores nulos (NULL)
NULL not allowed for column &quot;DIRECCION&quot;; SQL statement:
INSERT INTO CLIENTE (ID, CIUDAD, CODIGOPOSTAL, DIRECCION, ESTADO, FECHAALTA, FECHABAJA, IDENTIFICACION, PAIS, TIPOCLIENTE, USER_USER, DTYPE) VALUES (?, ?, ?, ?, ?, ?, ?, ?, ?, ?, ?, ?) [23502-200]
Error Code: 23502
Call: INSERT INTO CLIENTE (ID, CIUDAD, CODIGOPOSTAL, DIRECCION, ESTADO, FECHAALTA, FECHABAJA, IDENTIFICACION, PAIS, TIPOCLIENTE, USER_USER, DTYPE) VALUES (?, ?, ?, ?, ?, ?, ?, ?, ?, ?, ?, ?)
	bind =&gt; [12 parameters bound]
Query: InsertObjectQuery(Cliente{
id=1
identificacion=Avenia Plutarco
tipoCliente=null
estado=Activo
fechaAlta=Thu Apr 28 17:23:37 CEST 2022
fechaBaja=null
direccion=null
ciudad=Malaga
codigopostal=29004
pais=Espana
cuentasFintech={[]}}Empresa{
razon_social=UMA})
	at org.eclipse.persistence.internal.jpa.transaction.EntityTransactionImpl.commit(EntityTransactionImpl.java:161)
	at ma3s.fintech.test.BaseDatos.inicializaBaseDatos(BaseDatos.java:229)
	at ma3s.fintech.test.Clientes.setup(Clientes.java:31)
	at sun.reflect.NativeMethodAccessorImpl.invoke0(Native Method)
	at sun.reflect.NativeMethodAccessorImpl.invoke(NativeMethodAccessorImpl.java:62)
	at sun.reflect.DelegatingMethodAccessorImpl.invoke(DelegatingMethodAccessorImpl.java:43)
	at java.lang.reflect.Method.invoke(Method.java:498)
	at org.junit.runners.model.FrameworkMethod$1.runReflectiveCall(FrameworkMethod.java:59)
	at org.junit.internal.runners.model.ReflectiveCallable.run(ReflectiveCallable.java:12)
	at org.junit.runners.model.FrameworkMethod.invokeExplosively(FrameworkMethod.java:56)
	at org.junit.internal.runners.statements.RunBefores.invokeMethod(RunBefores.java:33)
	at org.junit.internal.runners.statements.RunBefores.evaluate(RunBefores.java:24)
	at org.junit.runners.ParentRunner$3.evaluate(ParentRunner.java:306)
	at org.junit.runners.BlockJUnit4ClassRunner$1.evaluate(BlockJUnit4ClassRunner.java:100)
	at org.junit.runners.ParentRunner.runLeaf(ParentRunner.java:366)
	at org.junit.runners.BlockJUnit4ClassRunner.runChild(BlockJUnit4ClassRunner.java:103)
	at org.junit.runners.BlockJUnit4ClassRunner.runChild(BlockJUnit4ClassRunner.java:63)
	at org.junit.runners.ParentRunner$4.run(ParentRunner.java:331)
	at org.junit.runners.ParentRunner$1.schedule(ParentRunner.java:79)
	at org.junit.runners.ParentRunner.runChildren(ParentRunner.java:329)
	at org.junit.runners.ParentRunner.access$100(ParentRunner.java:66)
	at org.junit.runners.ParentRunner$2.evaluate(ParentRunner.java:293)
	at org.junit.runners.ParentRunner$3.evaluate(ParentRunner.java:306)
	at org.junit.runners.ParentRunner.run(ParentRunner.java:413)
	at org.junit.runners.Suite.runChild(Suite.java:128)
	at org.junit.runners.Suite.runChild(Suite.java:27)
	at org.junit.runners.ParentRunner$4.run(ParentRunner.java:331)
	at org.junit.runners.ParentRunner$1.schedule(ParentRunner.java:79)
	at org.junit.runners.ParentRunner.runChildren(ParentRunner.java:329)
	at org.junit.runners.ParentRunner.access$100(ParentRunner.java:66)
	at org.junit.runners.ParentRunner$2.evaluate(ParentRunner.java:293)
	at org.junit.internal.runners.statements.RunBefores.evaluate(RunBefores.java:26)
	at org.junit.internal.runners.statements.RunAfters.evaluate(RunAfters.java:27)
	at org.junit.runners.ParentRunner$3.evaluate(ParentRunner.java:306)
	at org.junit.runners.ParentRunner.run(ParentRunner.java:413)
	at org.apache.maven.surefire.junit4.JUnit4Provider.execute(JUnit4Provider.java:252)
	at org.apache.maven.surefire.junit4.JUnit4Provider.executeTestSet(JUnit4Provider.java:141)
	at org.apache.maven.surefire.junit4.JUnit4Provider.invoke(JUnit4Provider.java:112)
	at sun.reflect.NativeMethodAccessorImpl.invoke0(Native Method)
	at sun.reflect.NativeMethodAccessorImpl.invoke(NativeMethodAccessorImpl.java:62)
	at sun.reflect.DelegatingMethodAccessorImpl.invoke(DelegatingMethodAccessorImpl.java:43)
	at java.lang.reflect.Method.invoke(Method.java:498)
	at org.apache.maven.surefire.util.ReflectionUtils.invokeMethodWithArray(ReflectionUtils.java:189)
	at org.apache.maven.surefire.booter.ProviderFactory$ProviderProxy.invoke(ProviderFactory.java:165)
	at org.apache.maven.surefire.booter.ProviderFactory.invokeProvider(ProviderFactory.java:85)
	at org.apache.maven.surefire.booter.ForkedBooter.runSuitesInProcess(ForkedBooter.java:115)
	at org.apache.maven.surefire.booter.ForkedBooter.main(ForkedBooter.java:75)
Caused by: Exception [EclipseLink-4002] (Eclipse Persistence Services - 2.7.6.v20200131-b7c997804f): org.eclipse.persistence.exceptions.DatabaseException
Internal Exception: org.h2.jdbc.JdbcSQLIntegrityConstraintViolationException: La columna &quot;DIRECCION&quot; no permite valores nulos (NULL)
NULL not allowed for column &quot;DIRECCION&quot;; SQL statement:
INSERT INTO CLIENTE (ID, CIUDAD, CODIGOPOSTAL, DIRECCION, ESTADO, FECHAALTA, FECHABAJA, IDENTIFICACION, PAIS, TIPOCLIENTE, USER_USER, DTYPE) VALUES (?, ?, ?, ?, ?, ?, ?, ?, ?, ?, ?, ?) [23502-200]
Error Code: 23502
Call: INSERT INTO CLIENTE (ID, CIUDAD, CODIGOPOSTAL, DIRECCION, ESTADO, FECHAALTA, FECHABAJA, IDENTIFICACION, PAIS, TIPOCLIENTE, USER_USER, DTYPE) VALUES (?, ?, ?, ?, ?, ?, ?, ?, ?, ?, ?, ?)
	bind =&gt; [12 parameters bound]
Query: InsertObjectQuery(Cliente{
id=1
identificacion=Avenia Plutarco
tipoCliente=null
estado=Activo
fechaAlta=Thu Apr 28 17:23:37 CEST 2022
fechaBaja=null
direccion=null
ciudad=Malaga
codigopostal=29004
pais=Espana
cuentasFintech={[]}}Empresa{
razon_social=UMA})
	at org.eclipse.persistence.exceptions.DatabaseException.sqlException(DatabaseException.java:333)
	at org.eclipse.persistence.internal.databaseaccess.DatabaseAccessor.executeDirectNoSelect(DatabaseAccessor.java:908)
	at org.eclipse.persistence.internal.databaseaccess.DatabaseAccessor.executeNoSelect(DatabaseAccessor.java:970)
	at org.eclipse.persistence.internal.databaseaccess.DatabaseAccessor.basicExecuteCall(DatabaseAccessor.java:640)
	at org.eclipse.persistence.internal.databaseaccess.DatabaseAccessor.executeCall(DatabaseAccessor.java:567)
	at org.eclipse.persistence.internal.sessions.AbstractSession.basicExecuteCall(AbstractSession.java:2099)
	at org.eclipse.persistence.sessions.server.ClientSession.executeCall(ClientSession.java:313)
	at org.eclipse.persistence.internal.queries.DatasourceCallQueryMechanism.executeCall(DatasourceCallQueryMechanism.java:275)
	at org.eclipse.persistence.internal.queries.DatasourceCallQueryMechanism.insertObject(DatasourceCallQueryMechanism.java:397)
	at org.eclipse.persistence.internal.queries.StatementQueryMechanism.insertObject(StatementQueryMechanism.java:167)
	at org.eclipse.persistence.internal.queries.StatementQueryMechanism.insertObject(StatementQueryMechanism.java:182)
	at org.eclipse.persistence.internal.queries.DatabaseQueryMechanism.insertObjectForWrite(DatabaseQueryMechanism.java:504)
	at org.eclipse.persistence.queries.InsertObjectQuery.executeCommit(InsertObjectQuery.java:82)
	at org.eclipse.persistence.queries.InsertObjectQuery.executeCommitWithChangeSet(InsertObjectQuery.java:92)
	at org.eclipse.persistence.internal.queries.DatabaseQueryMechanism.executeWriteWithChangeSet(DatabaseQueryMechanism.java:316)
	at org.eclipse.persistence.queries.WriteObjectQuery.executeDatabaseQuery(WriteObjectQuery.java:60)
	at org.eclipse.persistence.queries.DatabaseQuery.execute(DatabaseQuery.java:911)
	at org.eclipse.persistence.queries.DatabaseQuery.executeInUnitOfWork(DatabaseQuery.java:810)
	at org.eclipse.persistence.queries.ObjectLevelModifyQuery.executeInUnitOfWorkObjectLevelModifyQuery(ObjectLevelModifyQuery.java:110)
	at org.eclipse.persistence.queries.ObjectLevelModifyQuery.executeInUnitOfWork(ObjectLevelModifyQuery.java:87)
	at org.eclipse.persistence.internal.sessions.UnitOfWorkImpl.internalExecuteQuery(UnitOfWorkImpl.java:2983)
	at org.eclipse.persistence.internal.sessions.AbstractSession.executeQuery(AbstractSession.java:1898)
	at org.eclipse.persistence.internal.sessions.AbstractSession.executeQuery(AbstractSession.java:1880)
	at org.eclipse.persistence.internal.sessions.AbstractSession.executeQuery(AbstractSession.java:1830)
	at org.eclipse.persistence.internal.sessions.CommitManager.commitNewObjectsForClassWithChangeSet(CommitManager.java:229)
	at org.eclipse.persistence.internal.sessions.CommitManager.commitAllObjectsForClassWithChangeSet(CommitManager.java:196)
	at org.eclipse.persistence.internal.sessions.CommitManager.commitAllObjectsWithChangeSet(CommitManager.java:141)
	at org.eclipse.persistence.internal.sessions.AbstractSession.writeAllObjectsWithChangeSet(AbstractSession.java:4398)
	at org.eclipse.persistence.internal.sessions.UnitOfWorkImpl.commitToDatabase(UnitOfWorkImpl.java:1495)
	at org.eclipse.persistence.internal.sessions.UnitOfWorkImpl.commitToDatabaseWithChangeSet(UnitOfWorkImpl.java:1585)
	at org.eclipse.persistence.internal.sessions.RepeatableWriteUnitOfWork.commitRootUnitOfWork(RepeatableWriteUnitOfWork.java:280)
	at org.eclipse.persistence.internal.sessions.UnitOfWorkImpl.commitAndResume(UnitOfWorkImpl.java:1222)
	at org.eclipse.persistence.internal.jpa.transaction.EntityTransactionImpl.commit(EntityTransactionImpl.java:136)
	... 46 more
Caused by: org.h2.jdbc.JdbcSQLIntegrityConstraintViolationException: La columna &quot;DIRECCION&quot; no permite valores nulos (NULL)
NULL not allowed for column &quot;DIRECCION&quot;; SQL statement:
INSERT INTO CLIENTE (ID, CIUDAD, CODIGOPOSTAL, DIRECCION, ESTADO, FECHAALTA, FECHABAJA, IDENTIFICACION, PAIS, TIPOCLIENTE, USER_USER, DTYPE) VALUES (?, ?, ?, ?, ?, ?, ?, ?, ?, ?, ?, ?) [23502-200]
	at org.h2.message.DbException.getJdbcSQLException(DbException.java:459)
	at org.h2.message.DbException.getJdbcSQLException(DbException.java:429)
	at org.h2.message.DbException.get(DbException.java:205)
	at org.h2.message.DbException.get(DbException.java:181)
	at org.h2.table.Column.validateConvertUpdateSequence(Column.java:374)
	at org.h2.table.Table.validateConvertUpdateSequence(Table.java:845)
	at org.h2.command.dml.Insert.insertRows(Insert.java:187)
	at org.h2.command.dml.Insert.update(Insert.java:151)
	at org.h2.command.CommandContainer.update(CommandContainer.java:198)
	at org.h2.command.Command.executeUpdate(Command.java:251)
	at org.h2.jdbc.JdbcPreparedStatement.executeUpdateInternal(JdbcPreparedStatement.java:191)
	at org.h2.jdbc.JdbcPreparedStatement.executeUpdate(JdbcPreparedStatement.java:152)
	at org.eclipse.persistence.internal.databaseaccess.DatabaseAccessor.executeDirectNoSelect(DatabaseAccessor.java:898)
	... 77 more
</error>
    <system-out>[EL Warning]: 2022-04-28 17:23:37.347--UnitOfWork(2136647741)--Exception [EclipseLink-4002] (Eclipse Persistence Services - 2.7.6.v20200131-b7c997804f): org.eclipse.persistence.exceptions.DatabaseException
Internal Exception: org.h2.jdbc.JdbcSQLIntegrityConstraintViolationException: La columna &quot;DIRECCION&quot; no permite valores nulos (NULL)
NULL not allowed for column &quot;DIRECCION&quot;; SQL statement:
INSERT INTO CLIENTE (ID, CIUDAD, CODIGOPOSTAL, DIRECCION, ESTADO, FECHAALTA, FECHABAJA, IDENTIFICACION, PAIS, TIPOCLIENTE, USER_USER, DTYPE) VALUES (?, ?, ?, ?, ?, ?, ?, ?, ?, ?, ?, ?) [23502-200]
Error Code: 23502
Call: INSERT INTO CLIENTE (ID, CIUDAD, CODIGOPOSTAL, DIRECCION, ESTADO, FECHAALTA, FECHABAJA, IDENTIFICACION, PAIS, TIPOCLIENTE, USER_USER, DTYPE) VALUES (?, ?, ?, ?, ?, ?, ?, ?, ?, ?, ?, ?)
	bind =&gt; [12 parameters bound]
Query: InsertObjectQuery(Cliente{
id=1
identificacion=Avenia Plutarco
tipoCliente=null
estado=Activo
fechaAlta=Thu Apr 28 17:23:37 CEST 2022
fechaBaja=null
direccion=null
ciudad=Malaga
codigopostal=29004
pais=Espana
cuentasFintech={[]}}Empresa{
razon_social=UMA})
</system-out>
  </testcase>
  <testcase classname="ma3s.fintech.test.Clientes" name="testModCiudadIndividualCampoVacio" time="0.043">
    <error message="Exception [EclipseLink-4002] (Eclipse Persistence Services - 2.7.6.v20200131-b7c997804f): org.eclipse.persistence.exceptions.DatabaseException
Internal Exception: org.h2.jdbc.JdbcSQLIntegrityConstraintViolationException: La columna &quot;DIRECCION&quot; no permite valores nulos (NULL)
NULL not allowed for column &quot;DIRECCION&quot;; SQL statement:
INSERT INTO CLIENTE (ID, CIUDAD, CODIGOPOSTAL, DIRECCION, ESTADO, FECHAALTA, FECHABAJA, IDENTIFICACION, PAIS, TIPOCLIENTE, USER_USER, DTYPE) VALUES (?, ?, ?, ?, ?, ?, ?, ?, ?, ?, ?, ?) [23502-200]
Error Code: 23502
Call: INSERT INTO CLIENTE (ID, CIUDAD, CODIGOPOSTAL, DIRECCION, ESTADO, FECHAALTA, FECHABAJA, IDENTIFICACION, PAIS, TIPOCLIENTE, USER_USER, DTYPE) VALUES (?, ?, ?, ?, ?, ?, ?, ?, ?, ?, ?, ?)
	bind =&gt; [12 parameters bound]
Query: InsertObjectQuery(Cliente{
id=1
identificacion=Avenia Plutarco
tipoCliente=null
estado=Activo
fechaAlta=Thu Apr 28 17:23:37 CEST 2022
fechaBaja=null
direccion=null
ciudad=Malaga
codigopostal=29004
pais=Espana
cuentasFintech={[]}}Empresa{
razon_social=UMA})" type="javax.persistence.RollbackException">javax.persistence.RollbackException: Exception [EclipseLink-4002] (Eclipse Persistence Services - 2.7.6.v20200131-b7c997804f): org.eclipse.persistence.exceptions.DatabaseException
Internal Exception: org.h2.jdbc.JdbcSQLIntegrityConstraintViolationException: La columna &quot;DIRECCION&quot; no permite valores nulos (NULL)
NULL not allowed for column &quot;DIRECCION&quot;; SQL statement:
INSERT INTO CLIENTE (ID, CIUDAD, CODIGOPOSTAL, DIRECCION, ESTADO, FECHAALTA, FECHABAJA, IDENTIFICACION, PAIS, TIPOCLIENTE, USER_USER, DTYPE) VALUES (?, ?, ?, ?, ?, ?, ?, ?, ?, ?, ?, ?) [23502-200]
Error Code: 23502
Call: INSERT INTO CLIENTE (ID, CIUDAD, CODIGOPOSTAL, DIRECCION, ESTADO, FECHAALTA, FECHABAJA, IDENTIFICACION, PAIS, TIPOCLIENTE, USER_USER, DTYPE) VALUES (?, ?, ?, ?, ?, ?, ?, ?, ?, ?, ?, ?)
	bind =&gt; [12 parameters bound]
Query: InsertObjectQuery(Cliente{
id=1
identificacion=Avenia Plutarco
tipoCliente=null
estado=Activo
fechaAlta=Thu Apr 28 17:23:37 CEST 2022
fechaBaja=null
direccion=null
ciudad=Malaga
codigopostal=29004
pais=Espana
cuentasFintech={[]}}Empresa{
razon_social=UMA})
	at org.eclipse.persistence.internal.jpa.transaction.EntityTransactionImpl.commit(EntityTransactionImpl.java:161)
	at ma3s.fintech.test.BaseDatos.inicializaBaseDatos(BaseDatos.java:229)
	at ma3s.fintech.test.Clientes.setup(Clientes.java:31)
	at sun.reflect.NativeMethodAccessorImpl.invoke0(Native Method)
	at sun.reflect.NativeMethodAccessorImpl.invoke(NativeMethodAccessorImpl.java:62)
	at sun.reflect.DelegatingMethodAccessorImpl.invoke(DelegatingMethodAccessorImpl.java:43)
	at java.lang.reflect.Method.invoke(Method.java:498)
	at org.junit.runners.model.FrameworkMethod$1.runReflectiveCall(FrameworkMethod.java:59)
	at org.junit.internal.runners.model.ReflectiveCallable.run(ReflectiveCallable.java:12)
	at org.junit.runners.model.FrameworkMethod.invokeExplosively(FrameworkMethod.java:56)
	at org.junit.internal.runners.statements.RunBefores.invokeMethod(RunBefores.java:33)
	at org.junit.internal.runners.statements.RunBefores.evaluate(RunBefores.java:24)
	at org.junit.runners.ParentRunner$3.evaluate(ParentRunner.java:306)
	at org.junit.runners.BlockJUnit4ClassRunner$1.evaluate(BlockJUnit4ClassRunner.java:100)
	at org.junit.runners.ParentRunner.runLeaf(ParentRunner.java:366)
	at org.junit.runners.BlockJUnit4ClassRunner.runChild(BlockJUnit4ClassRunner.java:103)
	at org.junit.runners.BlockJUnit4ClassRunner.runChild(BlockJUnit4ClassRunner.java:63)
	at org.junit.runners.ParentRunner$4.run(ParentRunner.java:331)
	at org.junit.runners.ParentRunner$1.schedule(ParentRunner.java:79)
	at org.junit.runners.ParentRunner.runChildren(ParentRunner.java:329)
	at org.junit.runners.ParentRunner.access$100(ParentRunner.java:66)
	at org.junit.runners.ParentRunner$2.evaluate(ParentRunner.java:293)
	at org.junit.runners.ParentRunner$3.evaluate(ParentRunner.java:306)
	at org.junit.runners.ParentRunner.run(ParentRunner.java:413)
	at org.junit.runners.Suite.runChild(Suite.java:128)
	at org.junit.runners.Suite.runChild(Suite.java:27)
	at org.junit.runners.ParentRunner$4.run(ParentRunner.java:331)
	at org.junit.runners.ParentRunner$1.schedule(ParentRunner.java:79)
	at org.junit.runners.ParentRunner.runChildren(ParentRunner.java:329)
	at org.junit.runners.ParentRunner.access$100(ParentRunner.java:66)
	at org.junit.runners.ParentRunner$2.evaluate(ParentRunner.java:293)
	at org.junit.internal.runners.statements.RunBefores.evaluate(RunBefores.java:26)
	at org.junit.internal.runners.statements.RunAfters.evaluate(RunAfters.java:27)
	at org.junit.runners.ParentRunner$3.evaluate(ParentRunner.java:306)
	at org.junit.runners.ParentRunner.run(ParentRunner.java:413)
	at org.apache.maven.surefire.junit4.JUnit4Provider.execute(JUnit4Provider.java:252)
	at org.apache.maven.surefire.junit4.JUnit4Provider.executeTestSet(JUnit4Provider.java:141)
	at org.apache.maven.surefire.junit4.JUnit4Provider.invoke(JUnit4Provider.java:112)
	at sun.reflect.NativeMethodAccessorImpl.invoke0(Native Method)
	at sun.reflect.NativeMethodAccessorImpl.invoke(NativeMethodAccessorImpl.java:62)
	at sun.reflect.DelegatingMethodAccessorImpl.invoke(DelegatingMethodAccessorImpl.java:43)
	at java.lang.reflect.Method.invoke(Method.java:498)
	at org.apache.maven.surefire.util.ReflectionUtils.invokeMethodWithArray(ReflectionUtils.java:189)
	at org.apache.maven.surefire.booter.ProviderFactory$ProviderProxy.invoke(ProviderFactory.java:165)
	at org.apache.maven.surefire.booter.ProviderFactory.invokeProvider(ProviderFactory.java:85)
	at org.apache.maven.surefire.booter.ForkedBooter.runSuitesInProcess(ForkedBooter.java:115)
	at org.apache.maven.surefire.booter.ForkedBooter.main(ForkedBooter.java:75)
Caused by: Exception [EclipseLink-4002] (Eclipse Persistence Services - 2.7.6.v20200131-b7c997804f): org.eclipse.persistence.exceptions.DatabaseException
Internal Exception: org.h2.jdbc.JdbcSQLIntegrityConstraintViolationException: La columna &quot;DIRECCION&quot; no permite valores nulos (NULL)
NULL not allowed for column &quot;DIRECCION&quot;; SQL statement:
INSERT INTO CLIENTE (ID, CIUDAD, CODIGOPOSTAL, DIRECCION, ESTADO, FECHAALTA, FECHABAJA, IDENTIFICACION, PAIS, TIPOCLIENTE, USER_USER, DTYPE) VALUES (?, ?, ?, ?, ?, ?, ?, ?, ?, ?, ?, ?) [23502-200]
Error Code: 23502
Call: INSERT INTO CLIENTE (ID, CIUDAD, CODIGOPOSTAL, DIRECCION, ESTADO, FECHAALTA, FECHABAJA, IDENTIFICACION, PAIS, TIPOCLIENTE, USER_USER, DTYPE) VALUES (?, ?, ?, ?, ?, ?, ?, ?, ?, ?, ?, ?)
	bind =&gt; [12 parameters bound]
Query: InsertObjectQuery(Cliente{
id=1
identificacion=Avenia Plutarco
tipoCliente=null
estado=Activo
fechaAlta=Thu Apr 28 17:23:37 CEST 2022
fechaBaja=null
direccion=null
ciudad=Malaga
codigopostal=29004
pais=Espana
cuentasFintech={[]}}Empresa{
razon_social=UMA})
	at org.eclipse.persistence.exceptions.DatabaseException.sqlException(DatabaseException.java:333)
	at org.eclipse.persistence.internal.databaseaccess.DatabaseAccessor.executeDirectNoSelect(DatabaseAccessor.java:908)
	at org.eclipse.persistence.internal.databaseaccess.DatabaseAccessor.executeNoSelect(DatabaseAccessor.java:970)
	at org.eclipse.persistence.internal.databaseaccess.DatabaseAccessor.basicExecuteCall(DatabaseAccessor.java:640)
	at org.eclipse.persistence.internal.databaseaccess.DatabaseAccessor.executeCall(DatabaseAccessor.java:567)
	at org.eclipse.persistence.internal.sessions.AbstractSession.basicExecuteCall(AbstractSession.java:2099)
	at org.eclipse.persistence.sessions.server.ClientSession.executeCall(ClientSession.java:313)
	at org.eclipse.persistence.internal.queries.DatasourceCallQueryMechanism.executeCall(DatasourceCallQueryMechanism.java:275)
	at org.eclipse.persistence.internal.queries.DatasourceCallQueryMechanism.insertObject(DatasourceCallQueryMechanism.java:397)
	at org.eclipse.persistence.internal.queries.StatementQueryMechanism.insertObject(StatementQueryMechanism.java:167)
	at org.eclipse.persistence.internal.queries.StatementQueryMechanism.insertObject(StatementQueryMechanism.java:182)
	at org.eclipse.persistence.internal.queries.DatabaseQueryMechanism.insertObjectForWrite(DatabaseQueryMechanism.java:504)
	at org.eclipse.persistence.queries.InsertObjectQuery.executeCommit(InsertObjectQuery.java:82)
	at org.eclipse.persistence.queries.InsertObjectQuery.executeCommitWithChangeSet(InsertObjectQuery.java:92)
	at org.eclipse.persistence.internal.queries.DatabaseQueryMechanism.executeWriteWithChangeSet(DatabaseQueryMechanism.java:316)
	at org.eclipse.persistence.queries.WriteObjectQuery.executeDatabaseQuery(WriteObjectQuery.java:60)
	at org.eclipse.persistence.queries.DatabaseQuery.execute(DatabaseQuery.java:911)
	at org.eclipse.persistence.queries.DatabaseQuery.executeInUnitOfWork(DatabaseQuery.java:810)
	at org.eclipse.persistence.queries.ObjectLevelModifyQuery.executeInUnitOfWorkObjectLevelModifyQuery(ObjectLevelModifyQuery.java:110)
	at org.eclipse.persistence.queries.ObjectLevelModifyQuery.executeInUnitOfWork(ObjectLevelModifyQuery.java:87)
	at org.eclipse.persistence.internal.sessions.UnitOfWorkImpl.internalExecuteQuery(UnitOfWorkImpl.java:2983)
	at org.eclipse.persistence.internal.sessions.AbstractSession.executeQuery(AbstractSession.java:1898)
	at org.eclipse.persistence.internal.sessions.AbstractSession.executeQuery(AbstractSession.java:1880)
	at org.eclipse.persistence.internal.sessions.AbstractSession.executeQuery(AbstractSession.java:1830)
	at org.eclipse.persistence.internal.sessions.CommitManager.commitNewObjectsForClassWithChangeSet(CommitManager.java:229)
	at org.eclipse.persistence.internal.sessions.CommitManager.commitAllObjectsForClassWithChangeSet(CommitManager.java:196)
	at org.eclipse.persistence.internal.sessions.CommitManager.commitAllObjectsWithChangeSet(CommitManager.java:141)
	at org.eclipse.persistence.internal.sessions.AbstractSession.writeAllObjectsWithChangeSet(AbstractSession.java:4398)
	at org.eclipse.persistence.internal.sessions.UnitOfWorkImpl.commitToDatabase(UnitOfWorkImpl.java:1495)
	at org.eclipse.persistence.internal.sessions.UnitOfWorkImpl.commitToDatabaseWithChangeSet(UnitOfWorkImpl.java:1585)
	at org.eclipse.persistence.internal.sessions.RepeatableWriteUnitOfWork.commitRootUnitOfWork(RepeatableWriteUnitOfWork.java:280)
	at org.eclipse.persistence.internal.sessions.UnitOfWorkImpl.commitAndResume(UnitOfWorkImpl.java:1222)
	at org.eclipse.persistence.internal.jpa.transaction.EntityTransactionImpl.commit(EntityTransactionImpl.java:136)
	... 46 more
Caused by: org.h2.jdbc.JdbcSQLIntegrityConstraintViolationException: La columna &quot;DIRECCION&quot; no permite valores nulos (NULL)
NULL not allowed for column &quot;DIRECCION&quot;; SQL statement:
INSERT INTO CLIENTE (ID, CIUDAD, CODIGOPOSTAL, DIRECCION, ESTADO, FECHAALTA, FECHABAJA, IDENTIFICACION, PAIS, TIPOCLIENTE, USER_USER, DTYPE) VALUES (?, ?, ?, ?, ?, ?, ?, ?, ?, ?, ?, ?) [23502-200]
	at org.h2.message.DbException.getJdbcSQLException(DbException.java:459)
	at org.h2.message.DbException.getJdbcSQLException(DbException.java:429)
	at org.h2.message.DbException.get(DbException.java:205)
	at org.h2.message.DbException.get(DbException.java:181)
	at org.h2.table.Column.validateConvertUpdateSequence(Column.java:374)
	at org.h2.table.Table.validateConvertUpdateSequence(Table.java:845)
	at org.h2.command.dml.Insert.insertRows(Insert.java:187)
	at org.h2.command.dml.Insert.update(Insert.java:151)
	at org.h2.command.CommandContainer.update(CommandContainer.java:198)
	at org.h2.command.Command.executeUpdate(Command.java:251)
	at org.h2.jdbc.JdbcPreparedStatement.executeUpdateInternal(JdbcPreparedStatement.java:191)
	at org.h2.jdbc.JdbcPreparedStatement.executeUpdate(JdbcPreparedStatement.java:152)
	at org.eclipse.persistence.internal.databaseaccess.DatabaseAccessor.executeDirectNoSelect(DatabaseAccessor.java:898)
	... 77 more
</error>
    <system-out>[EL Warning]: 2022-04-28 17:23:37.385--UnitOfWork(1135318851)--Exception [EclipseLink-4002] (Eclipse Persistence Services - 2.7.6.v20200131-b7c997804f): org.eclipse.persistence.exceptions.DatabaseException
Internal Exception: org.h2.jdbc.JdbcSQLIntegrityConstraintViolationException: La columna &quot;DIRECCION&quot; no permite valores nulos (NULL)
NULL not allowed for column &quot;DIRECCION&quot;; SQL statement:
INSERT INTO CLIENTE (ID, CIUDAD, CODIGOPOSTAL, DIRECCION, ESTADO, FECHAALTA, FECHABAJA, IDENTIFICACION, PAIS, TIPOCLIENTE, USER_USER, DTYPE) VALUES (?, ?, ?, ?, ?, ?, ?, ?, ?, ?, ?, ?) [23502-200]
Error Code: 23502
Call: INSERT INTO CLIENTE (ID, CIUDAD, CODIGOPOSTAL, DIRECCION, ESTADO, FECHAALTA, FECHABAJA, IDENTIFICACION, PAIS, TIPOCLIENTE, USER_USER, DTYPE) VALUES (?, ?, ?, ?, ?, ?, ?, ?, ?, ?, ?, ?)
	bind =&gt; [12 parameters bound]
Query: InsertObjectQuery(Cliente{
id=1
identificacion=Avenia Plutarco
tipoCliente=null
estado=Activo
fechaAlta=Thu Apr 28 17:23:37 CEST 2022
fechaBaja=null
direccion=null
ciudad=Malaga
codigopostal=29004
pais=Espana
cuentasFintech={[]}}Empresa{
razon_social=UMA})
</system-out>
  </testcase>
  <testcase classname="ma3s.fintech.test.Clientes" name="testModDireccionEmpresaNoExistente" time="0.04">
    <error message="Exception [EclipseLink-4002] (Eclipse Persistence Services - 2.7.6.v20200131-b7c997804f): org.eclipse.persistence.exceptions.DatabaseException
Internal Exception: org.h2.jdbc.JdbcSQLIntegrityConstraintViolationException: La columna &quot;DIRECCION&quot; no permite valores nulos (NULL)
NULL not allowed for column &quot;DIRECCION&quot;; SQL statement:
INSERT INTO CLIENTE (ID, CIUDAD, CODIGOPOSTAL, DIRECCION, ESTADO, FECHAALTA, FECHABAJA, IDENTIFICACION, PAIS, TIPOCLIENTE, USER_USER, DTYPE) VALUES (?, ?, ?, ?, ?, ?, ?, ?, ?, ?, ?, ?) [23502-200]
Error Code: 23502
Call: INSERT INTO CLIENTE (ID, CIUDAD, CODIGOPOSTAL, DIRECCION, ESTADO, FECHAALTA, FECHABAJA, IDENTIFICACION, PAIS, TIPOCLIENTE, USER_USER, DTYPE) VALUES (?, ?, ?, ?, ?, ?, ?, ?, ?, ?, ?, ?)
	bind =&gt; [12 parameters bound]
Query: InsertObjectQuery(Cliente{
id=2
identificacion=avenida de Murcia
tipoCliente=null
estado=Activo
fechaAlta=Thu Apr 28 17:23:37 CEST 2022
fechaBaja=null
direccion=null
ciudad=Murcia
codigopostal=29845
pais=Espana
cuentasFintech={[]}}Empresa{
razon_social=UCAM})" type="javax.persistence.RollbackException">javax.persistence.RollbackException: Exception [EclipseLink-4002] (Eclipse Persistence Services - 2.7.6.v20200131-b7c997804f): org.eclipse.persistence.exceptions.DatabaseException
Internal Exception: org.h2.jdbc.JdbcSQLIntegrityConstraintViolationException: La columna &quot;DIRECCION&quot; no permite valores nulos (NULL)
NULL not allowed for column &quot;DIRECCION&quot;; SQL statement:
INSERT INTO CLIENTE (ID, CIUDAD, CODIGOPOSTAL, DIRECCION, ESTADO, FECHAALTA, FECHABAJA, IDENTIFICACION, PAIS, TIPOCLIENTE, USER_USER, DTYPE) VALUES (?, ?, ?, ?, ?, ?, ?, ?, ?, ?, ?, ?) [23502-200]
Error Code: 23502
Call: INSERT INTO CLIENTE (ID, CIUDAD, CODIGOPOSTAL, DIRECCION, ESTADO, FECHAALTA, FECHABAJA, IDENTIFICACION, PAIS, TIPOCLIENTE, USER_USER, DTYPE) VALUES (?, ?, ?, ?, ?, ?, ?, ?, ?, ?, ?, ?)
	bind =&gt; [12 parameters bound]
Query: InsertObjectQuery(Cliente{
id=2
identificacion=avenida de Murcia
tipoCliente=null
estado=Activo
fechaAlta=Thu Apr 28 17:23:37 CEST 2022
fechaBaja=null
direccion=null
ciudad=Murcia
codigopostal=29845
pais=Espana
cuentasFintech={[]}}Empresa{
razon_social=UCAM})
	at org.eclipse.persistence.internal.jpa.transaction.EntityTransactionImpl.commit(EntityTransactionImpl.java:161)
	at ma3s.fintech.test.BaseDatos.inicializaBaseDatos(BaseDatos.java:229)
	at ma3s.fintech.test.Clientes.setup(Clientes.java:31)
	at sun.reflect.NativeMethodAccessorImpl.invoke0(Native Method)
	at sun.reflect.NativeMethodAccessorImpl.invoke(NativeMethodAccessorImpl.java:62)
	at sun.reflect.DelegatingMethodAccessorImpl.invoke(DelegatingMethodAccessorImpl.java:43)
	at java.lang.reflect.Method.invoke(Method.java:498)
	at org.junit.runners.model.FrameworkMethod$1.runReflectiveCall(FrameworkMethod.java:59)
	at org.junit.internal.runners.model.ReflectiveCallable.run(ReflectiveCallable.java:12)
	at org.junit.runners.model.FrameworkMethod.invokeExplosively(FrameworkMethod.java:56)
	at org.junit.internal.runners.statements.RunBefores.invokeMethod(RunBefores.java:33)
	at org.junit.internal.runners.statements.RunBefores.evaluate(RunBefores.java:24)
	at org.junit.runners.ParentRunner$3.evaluate(ParentRunner.java:306)
	at org.junit.runners.BlockJUnit4ClassRunner$1.evaluate(BlockJUnit4ClassRunner.java:100)
	at org.junit.runners.ParentRunner.runLeaf(ParentRunner.java:366)
	at org.junit.runners.BlockJUnit4ClassRunner.runChild(BlockJUnit4ClassRunner.java:103)
	at org.junit.runners.BlockJUnit4ClassRunner.runChild(BlockJUnit4ClassRunner.java:63)
	at org.junit.runners.ParentRunner$4.run(ParentRunner.java:331)
	at org.junit.runners.ParentRunner$1.schedule(ParentRunner.java:79)
	at org.junit.runners.ParentRunner.runChildren(ParentRunner.java:329)
	at org.junit.runners.ParentRunner.access$100(ParentRunner.java:66)
	at org.junit.runners.ParentRunner$2.evaluate(ParentRunner.java:293)
	at org.junit.runners.ParentRunner$3.evaluate(ParentRunner.java:306)
	at org.junit.runners.ParentRunner.run(ParentRunner.java:413)
	at org.junit.runners.Suite.runChild(Suite.java:128)
	at org.junit.runners.Suite.runChild(Suite.java:27)
	at org.junit.runners.ParentRunner$4.run(ParentRunner.java:331)
	at org.junit.runners.ParentRunner$1.schedule(ParentRunner.java:79)
	at org.junit.runners.ParentRunner.runChildren(ParentRunner.java:329)
	at org.junit.runners.ParentRunner.access$100(ParentRunner.java:66)
	at org.junit.runners.ParentRunner$2.evaluate(ParentRunner.java:293)
	at org.junit.internal.runners.statements.RunBefores.evaluate(RunBefores.java:26)
	at org.junit.internal.runners.statements.RunAfters.evaluate(RunAfters.java:27)
	at org.junit.runners.ParentRunner$3.evaluate(ParentRunner.java:306)
	at org.junit.runners.ParentRunner.run(ParentRunner.java:413)
	at org.apache.maven.surefire.junit4.JUnit4Provider.execute(JUnit4Provider.java:252)
	at org.apache.maven.surefire.junit4.JUnit4Provider.executeTestSet(JUnit4Provider.java:141)
	at org.apache.maven.surefire.junit4.JUnit4Provider.invoke(JUnit4Provider.java:112)
	at sun.reflect.NativeMethodAccessorImpl.invoke0(Native Method)
	at sun.reflect.NativeMethodAccessorImpl.invoke(NativeMethodAccessorImpl.java:62)
	at sun.reflect.DelegatingMethodAccessorImpl.invoke(DelegatingMethodAccessorImpl.java:43)
	at java.lang.reflect.Method.invoke(Method.java:498)
	at org.apache.maven.surefire.util.ReflectionUtils.invokeMethodWithArray(ReflectionUtils.java:189)
	at org.apache.maven.surefire.booter.ProviderFactory$ProviderProxy.invoke(ProviderFactory.java:165)
	at org.apache.maven.surefire.booter.ProviderFactory.invokeProvider(ProviderFactory.java:85)
	at org.apache.maven.surefire.booter.ForkedBooter.runSuitesInProcess(ForkedBooter.java:115)
	at org.apache.maven.surefire.booter.ForkedBooter.main(ForkedBooter.java:75)
Caused by: Exception [EclipseLink-4002] (Eclipse Persistence Services - 2.7.6.v20200131-b7c997804f): org.eclipse.persistence.exceptions.DatabaseException
Internal Exception: org.h2.jdbc.JdbcSQLIntegrityConstraintViolationException: La columna &quot;DIRECCION&quot; no permite valores nulos (NULL)
NULL not allowed for column &quot;DIRECCION&quot;; SQL statement:
INSERT INTO CLIENTE (ID, CIUDAD, CODIGOPOSTAL, DIRECCION, ESTADO, FECHAALTA, FECHABAJA, IDENTIFICACION, PAIS, TIPOCLIENTE, USER_USER, DTYPE) VALUES (?, ?, ?, ?, ?, ?, ?, ?, ?, ?, ?, ?) [23502-200]
Error Code: 23502
Call: INSERT INTO CLIENTE (ID, CIUDAD, CODIGOPOSTAL, DIRECCION, ESTADO, FECHAALTA, FECHABAJA, IDENTIFICACION, PAIS, TIPOCLIENTE, USER_USER, DTYPE) VALUES (?, ?, ?, ?, ?, ?, ?, ?, ?, ?, ?, ?)
	bind =&gt; [12 parameters bound]
Query: InsertObjectQuery(Cliente{
id=2
identificacion=avenida de Murcia
tipoCliente=null
estado=Activo
fechaAlta=Thu Apr 28 17:23:37 CEST 2022
fechaBaja=null
direccion=null
ciudad=Murcia
codigopostal=29845
pais=Espana
cuentasFintech={[]}}Empresa{
razon_social=UCAM})
	at org.eclipse.persistence.exceptions.DatabaseException.sqlException(DatabaseException.java:333)
	at org.eclipse.persistence.internal.databaseaccess.DatabaseAccessor.executeDirectNoSelect(DatabaseAccessor.java:908)
	at org.eclipse.persistence.internal.databaseaccess.DatabaseAccessor.executeNoSelect(DatabaseAccessor.java:970)
	at org.eclipse.persistence.internal.databaseaccess.DatabaseAccessor.basicExecuteCall(DatabaseAccessor.java:640)
	at org.eclipse.persistence.internal.databaseaccess.DatabaseAccessor.executeCall(DatabaseAccessor.java:567)
	at org.eclipse.persistence.internal.sessions.AbstractSession.basicExecuteCall(AbstractSession.java:2099)
	at org.eclipse.persistence.sessions.server.ClientSession.executeCall(ClientSession.java:313)
	at org.eclipse.persistence.internal.queries.DatasourceCallQueryMechanism.executeCall(DatasourceCallQueryMechanism.java:275)
	at org.eclipse.persistence.internal.queries.DatasourceCallQueryMechanism.insertObject(DatasourceCallQueryMechanism.java:397)
	at org.eclipse.persistence.internal.queries.StatementQueryMechanism.insertObject(StatementQueryMechanism.java:167)
	at org.eclipse.persistence.internal.queries.StatementQueryMechanism.insertObject(StatementQueryMechanism.java:182)
	at org.eclipse.persistence.internal.queries.DatabaseQueryMechanism.insertObjectForWrite(DatabaseQueryMechanism.java:504)
	at org.eclipse.persistence.queries.InsertObjectQuery.executeCommit(InsertObjectQuery.java:82)
	at org.eclipse.persistence.queries.InsertObjectQuery.executeCommitWithChangeSet(InsertObjectQuery.java:92)
	at org.eclipse.persistence.internal.queries.DatabaseQueryMechanism.executeWriteWithChangeSet(DatabaseQueryMechanism.java:316)
	at org.eclipse.persistence.queries.WriteObjectQuery.executeDatabaseQuery(WriteObjectQuery.java:60)
	at org.eclipse.persistence.queries.DatabaseQuery.execute(DatabaseQuery.java:911)
	at org.eclipse.persistence.queries.DatabaseQuery.executeInUnitOfWork(DatabaseQuery.java:810)
	at org.eclipse.persistence.queries.ObjectLevelModifyQuery.executeInUnitOfWorkObjectLevelModifyQuery(ObjectLevelModifyQuery.java:110)
	at org.eclipse.persistence.queries.ObjectLevelModifyQuery.executeInUnitOfWork(ObjectLevelModifyQuery.java:87)
	at org.eclipse.persistence.internal.sessions.UnitOfWorkImpl.internalExecuteQuery(UnitOfWorkImpl.java:2983)
	at org.eclipse.persistence.internal.sessions.AbstractSession.executeQuery(AbstractSession.java:1898)
	at org.eclipse.persistence.internal.sessions.AbstractSession.executeQuery(AbstractSession.java:1880)
	at org.eclipse.persistence.internal.sessions.AbstractSession.executeQuery(AbstractSession.java:1830)
	at org.eclipse.persistence.internal.sessions.CommitManager.commitNewObjectsForClassWithChangeSet(CommitManager.java:229)
	at org.eclipse.persistence.internal.sessions.CommitManager.commitAllObjectsForClassWithChangeSet(CommitManager.java:196)
	at org.eclipse.persistence.internal.sessions.CommitManager.commitAllObjectsWithChangeSet(CommitManager.java:141)
	at org.eclipse.persistence.internal.sessions.AbstractSession.writeAllObjectsWithChangeSet(AbstractSession.java:4398)
	at org.eclipse.persistence.internal.sessions.UnitOfWorkImpl.commitToDatabase(UnitOfWorkImpl.java:1495)
	at org.eclipse.persistence.internal.sessions.UnitOfWorkImpl.commitToDatabaseWithChangeSet(UnitOfWorkImpl.java:1585)
	at org.eclipse.persistence.internal.sessions.RepeatableWriteUnitOfWork.commitRootUnitOfWork(RepeatableWriteUnitOfWork.java:280)
	at org.eclipse.persistence.internal.sessions.UnitOfWorkImpl.commitAndResume(UnitOfWorkImpl.java:1222)
	at org.eclipse.persistence.internal.jpa.transaction.EntityTransactionImpl.commit(EntityTransactionImpl.java:136)
	... 46 more
Caused by: org.h2.jdbc.JdbcSQLIntegrityConstraintViolationException: La columna &quot;DIRECCION&quot; no permite valores nulos (NULL)
NULL not allowed for column &quot;DIRECCION&quot;; SQL statement:
INSERT INTO CLIENTE (ID, CIUDAD, CODIGOPOSTAL, DIRECCION, ESTADO, FECHAALTA, FECHABAJA, IDENTIFICACION, PAIS, TIPOCLIENTE, USER_USER, DTYPE) VALUES (?, ?, ?, ?, ?, ?, ?, ?, ?, ?, ?, ?) [23502-200]
	at org.h2.message.DbException.getJdbcSQLException(DbException.java:459)
	at org.h2.message.DbException.getJdbcSQLException(DbException.java:429)
	at org.h2.message.DbException.get(DbException.java:205)
	at org.h2.message.DbException.get(DbException.java:181)
	at org.h2.table.Column.validateConvertUpdateSequence(Column.java:374)
	at org.h2.table.Table.validateConvertUpdateSequence(Table.java:845)
	at org.h2.command.dml.Insert.insertRows(Insert.java:187)
	at org.h2.command.dml.Insert.update(Insert.java:151)
	at org.h2.command.CommandContainer.update(CommandContainer.java:198)
	at org.h2.command.Command.executeUpdate(Command.java:251)
	at org.h2.jdbc.JdbcPreparedStatement.executeUpdateInternal(JdbcPreparedStatement.java:191)
	at org.h2.jdbc.JdbcPreparedStatement.executeUpdate(JdbcPreparedStatement.java:152)
	at org.eclipse.persistence.internal.databaseaccess.DatabaseAccessor.executeDirectNoSelect(DatabaseAccessor.java:898)
	... 77 more
</error>
    <system-out>[EL Warning]: 2022-04-28 17:23:37.429--UnitOfWork(1562739370)--Exception [EclipseLink-4002] (Eclipse Persistence Services - 2.7.6.v20200131-b7c997804f): org.eclipse.persistence.exceptions.DatabaseException
Internal Exception: org.h2.jdbc.JdbcSQLIntegrityConstraintViolationException: La columna &quot;DIRECCION&quot; no permite valores nulos (NULL)
NULL not allowed for column &quot;DIRECCION&quot;; SQL statement:
INSERT INTO CLIENTE (ID, CIUDAD, CODIGOPOSTAL, DIRECCION, ESTADO, FECHAALTA, FECHABAJA, IDENTIFICACION, PAIS, TIPOCLIENTE, USER_USER, DTYPE) VALUES (?, ?, ?, ?, ?, ?, ?, ?, ?, ?, ?, ?) [23502-200]
Error Code: 23502
Call: INSERT INTO CLIENTE (ID, CIUDAD, CODIGOPOSTAL, DIRECCION, ESTADO, FECHAALTA, FECHABAJA, IDENTIFICACION, PAIS, TIPOCLIENTE, USER_USER, DTYPE) VALUES (?, ?, ?, ?, ?, ?, ?, ?, ?, ?, ?, ?)
	bind =&gt; [12 parameters bound]
Query: InsertObjectQuery(Cliente{
id=2
identificacion=avenida de Murcia
tipoCliente=null
estado=Activo
fechaAlta=Thu Apr 28 17:23:37 CEST 2022
fechaBaja=null
direccion=null
ciudad=Murcia
codigopostal=29845
pais=Espana
cuentasFintech={[]}}Empresa{
razon_social=UCAM})
</system-out>
  </testcase>
  <testcase classname="ma3s.fintech.test.Clientes" name="testDarAltaIndividual" time="0.043">
    <error message="Exception [EclipseLink-4002] (Eclipse Persistence Services - 2.7.6.v20200131-b7c997804f): org.eclipse.persistence.exceptions.DatabaseException
Internal Exception: org.h2.jdbc.JdbcSQLIntegrityConstraintViolationException: La columna &quot;DIRECCION&quot; no permite valores nulos (NULL)
NULL not allowed for column &quot;DIRECCION&quot;; SQL statement:
INSERT INTO CLIENTE (ID, CIUDAD, CODIGOPOSTAL, DIRECCION, ESTADO, FECHAALTA, FECHABAJA, IDENTIFICACION, PAIS, TIPOCLIENTE, USER_USER, DTYPE) VALUES (?, ?, ?, ?, ?, ?, ?, ?, ?, ?, ?, ?) [23502-200]
Error Code: 23502
Call: INSERT INTO CLIENTE (ID, CIUDAD, CODIGOPOSTAL, DIRECCION, ESTADO, FECHAALTA, FECHABAJA, IDENTIFICACION, PAIS, TIPOCLIENTE, USER_USER, DTYPE) VALUES (?, ?, ?, ?, ?, ?, ?, ?, ?, ?, ?, ?)
	bind =&gt; [12 parameters bound]
Query: InsertObjectQuery(Cliente{
id=2
identificacion=avenida de Murcia
tipoCliente=null
estado=Activo
fechaAlta=Thu Apr 28 17:23:37 CEST 2022
fechaBaja=null
direccion=null
ciudad=Murcia
codigopostal=29845
pais=Espana
cuentasFintech={[]}}Empresa{
razon_social=UCAM})" type="javax.persistence.RollbackException">javax.persistence.RollbackException: Exception [EclipseLink-4002] (Eclipse Persistence Services - 2.7.6.v20200131-b7c997804f): org.eclipse.persistence.exceptions.DatabaseException
Internal Exception: org.h2.jdbc.JdbcSQLIntegrityConstraintViolationException: La columna &quot;DIRECCION&quot; no permite valores nulos (NULL)
NULL not allowed for column &quot;DIRECCION&quot;; SQL statement:
INSERT INTO CLIENTE (ID, CIUDAD, CODIGOPOSTAL, DIRECCION, ESTADO, FECHAALTA, FECHABAJA, IDENTIFICACION, PAIS, TIPOCLIENTE, USER_USER, DTYPE) VALUES (?, ?, ?, ?, ?, ?, ?, ?, ?, ?, ?, ?) [23502-200]
Error Code: 23502
Call: INSERT INTO CLIENTE (ID, CIUDAD, CODIGOPOSTAL, DIRECCION, ESTADO, FECHAALTA, FECHABAJA, IDENTIFICACION, PAIS, TIPOCLIENTE, USER_USER, DTYPE) VALUES (?, ?, ?, ?, ?, ?, ?, ?, ?, ?, ?, ?)
	bind =&gt; [12 parameters bound]
Query: InsertObjectQuery(Cliente{
id=2
identificacion=avenida de Murcia
tipoCliente=null
estado=Activo
fechaAlta=Thu Apr 28 17:23:37 CEST 2022
fechaBaja=null
direccion=null
ciudad=Murcia
codigopostal=29845
pais=Espana
cuentasFintech={[]}}Empresa{
razon_social=UCAM})
	at org.eclipse.persistence.internal.jpa.transaction.EntityTransactionImpl.commit(EntityTransactionImpl.java:161)
	at ma3s.fintech.test.BaseDatos.inicializaBaseDatos(BaseDatos.java:229)
	at ma3s.fintech.test.Clientes.setup(Clientes.java:31)
	at sun.reflect.GeneratedMethodAccessor24.invoke(Unknown Source)
	at sun.reflect.DelegatingMethodAccessorImpl.invoke(DelegatingMethodAccessorImpl.java:43)
	at java.lang.reflect.Method.invoke(Method.java:498)
	at org.junit.runners.model.FrameworkMethod$1.runReflectiveCall(FrameworkMethod.java:59)
	at org.junit.internal.runners.model.ReflectiveCallable.run(ReflectiveCallable.java:12)
	at org.junit.runners.model.FrameworkMethod.invokeExplosively(FrameworkMethod.java:56)
	at org.junit.internal.runners.statements.RunBefores.invokeMethod(RunBefores.java:33)
	at org.junit.internal.runners.statements.RunBefores.evaluate(RunBefores.java:24)
	at org.junit.runners.ParentRunner$3.evaluate(ParentRunner.java:306)
	at org.junit.runners.BlockJUnit4ClassRunner$1.evaluate(BlockJUnit4ClassRunner.java:100)
	at org.junit.runners.ParentRunner.runLeaf(ParentRunner.java:366)
	at org.junit.runners.BlockJUnit4ClassRunner.runChild(BlockJUnit4ClassRunner.java:103)
	at org.junit.runners.BlockJUnit4ClassRunner.runChild(BlockJUnit4ClassRunner.java:63)
	at org.junit.runners.ParentRunner$4.run(ParentRunner.java:331)
	at org.junit.runners.ParentRunner$1.schedule(ParentRunner.java:79)
	at org.junit.runners.ParentRunner.runChildren(ParentRunner.java:329)
	at org.junit.runners.ParentRunner.access$100(ParentRunner.java:66)
	at org.junit.runners.ParentRunner$2.evaluate(ParentRunner.java:293)
	at org.junit.runners.ParentRunner$3.evaluate(ParentRunner.java:306)
	at org.junit.runners.ParentRunner.run(ParentRunner.java:413)
	at org.junit.runners.Suite.runChild(Suite.java:128)
	at org.junit.runners.Suite.runChild(Suite.java:27)
	at org.junit.runners.ParentRunner$4.run(ParentRunner.java:331)
	at org.junit.runners.ParentRunner$1.schedule(ParentRunner.java:79)
	at org.junit.runners.ParentRunner.runChildren(ParentRunner.java:329)
	at org.junit.runners.ParentRunner.access$100(ParentRunner.java:66)
	at org.junit.runners.ParentRunner$2.evaluate(ParentRunner.java:293)
	at org.junit.internal.runners.statements.RunBefores.evaluate(RunBefores.java:26)
	at org.junit.internal.runners.statements.RunAfters.evaluate(RunAfters.java:27)
	at org.junit.runners.ParentRunner$3.evaluate(ParentRunner.java:306)
	at org.junit.runners.ParentRunner.run(ParentRunner.java:413)
	at org.apache.maven.surefire.junit4.JUnit4Provider.execute(JUnit4Provider.java:252)
	at org.apache.maven.surefire.junit4.JUnit4Provider.executeTestSet(JUnit4Provider.java:141)
	at org.apache.maven.surefire.junit4.JUnit4Provider.invoke(JUnit4Provider.java:112)
	at sun.reflect.NativeMethodAccessorImpl.invoke0(Native Method)
	at sun.reflect.NativeMethodAccessorImpl.invoke(NativeMethodAccessorImpl.java:62)
	at sun.reflect.DelegatingMethodAccessorImpl.invoke(DelegatingMethodAccessorImpl.java:43)
	at java.lang.reflect.Method.invoke(Method.java:498)
	at org.apache.maven.surefire.util.ReflectionUtils.invokeMethodWithArray(ReflectionUtils.java:189)
	at org.apache.maven.surefire.booter.ProviderFactory$ProviderProxy.invoke(ProviderFactory.java:165)
	at org.apache.maven.surefire.booter.ProviderFactory.invokeProvider(ProviderFactory.java:85)
	at org.apache.maven.surefire.booter.ForkedBooter.runSuitesInProcess(ForkedBooter.java:115)
	at org.apache.maven.surefire.booter.ForkedBooter.main(ForkedBooter.java:75)
Caused by: Exception [EclipseLink-4002] (Eclipse Persistence Services - 2.7.6.v20200131-b7c997804f): org.eclipse.persistence.exceptions.DatabaseException
Internal Exception: org.h2.jdbc.JdbcSQLIntegrityConstraintViolationException: La columna &quot;DIRECCION&quot; no permite valores nulos (NULL)
NULL not allowed for column &quot;DIRECCION&quot;; SQL statement:
INSERT INTO CLIENTE (ID, CIUDAD, CODIGOPOSTAL, DIRECCION, ESTADO, FECHAALTA, FECHABAJA, IDENTIFICACION, PAIS, TIPOCLIENTE, USER_USER, DTYPE) VALUES (?, ?, ?, ?, ?, ?, ?, ?, ?, ?, ?, ?) [23502-200]
Error Code: 23502
Call: INSERT INTO CLIENTE (ID, CIUDAD, CODIGOPOSTAL, DIRECCION, ESTADO, FECHAALTA, FECHABAJA, IDENTIFICACION, PAIS, TIPOCLIENTE, USER_USER, DTYPE) VALUES (?, ?, ?, ?, ?, ?, ?, ?, ?, ?, ?, ?)
	bind =&gt; [12 parameters bound]
Query: InsertObjectQuery(Cliente{
id=2
identificacion=avenida de Murcia
tipoCliente=null
estado=Activo
fechaAlta=Thu Apr 28 17:23:37 CEST 2022
fechaBaja=null
direccion=null
ciudad=Murcia
codigopostal=29845
pais=Espana
cuentasFintech={[]}}Empresa{
razon_social=UCAM})
	at org.eclipse.persistence.exceptions.DatabaseException.sqlException(DatabaseException.java:333)
	at org.eclipse.persistence.internal.databaseaccess.DatabaseAccessor.executeDirectNoSelect(DatabaseAccessor.java:908)
	at org.eclipse.persistence.internal.databaseaccess.DatabaseAccessor.executeNoSelect(DatabaseAccessor.java:970)
	at org.eclipse.persistence.internal.databaseaccess.DatabaseAccessor.basicExecuteCall(DatabaseAccessor.java:640)
	at org.eclipse.persistence.internal.databaseaccess.DatabaseAccessor.executeCall(DatabaseAccessor.java:567)
	at org.eclipse.persistence.internal.sessions.AbstractSession.basicExecuteCall(AbstractSession.java:2099)
	at org.eclipse.persistence.sessions.server.ClientSession.executeCall(ClientSession.java:313)
	at org.eclipse.persistence.internal.queries.DatasourceCallQueryMechanism.executeCall(DatasourceCallQueryMechanism.java:275)
	at org.eclipse.persistence.internal.queries.DatasourceCallQueryMechanism.insertObject(DatasourceCallQueryMechanism.java:397)
	at org.eclipse.persistence.internal.queries.StatementQueryMechanism.insertObject(StatementQueryMechanism.java:167)
	at org.eclipse.persistence.internal.queries.StatementQueryMechanism.insertObject(StatementQueryMechanism.java:182)
	at org.eclipse.persistence.internal.queries.DatabaseQueryMechanism.insertObjectForWrite(DatabaseQueryMechanism.java:504)
	at org.eclipse.persistence.queries.InsertObjectQuery.executeCommit(InsertObjectQuery.java:82)
	at org.eclipse.persistence.queries.InsertObjectQuery.executeCommitWithChangeSet(InsertObjectQuery.java:92)
	at org.eclipse.persistence.internal.queries.DatabaseQueryMechanism.executeWriteWithChangeSet(DatabaseQueryMechanism.java:316)
	at org.eclipse.persistence.queries.WriteObjectQuery.executeDatabaseQuery(WriteObjectQuery.java:60)
	at org.eclipse.persistence.queries.DatabaseQuery.execute(DatabaseQuery.java:911)
	at org.eclipse.persistence.queries.DatabaseQuery.executeInUnitOfWork(DatabaseQuery.java:810)
	at org.eclipse.persistence.queries.ObjectLevelModifyQuery.executeInUnitOfWorkObjectLevelModifyQuery(ObjectLevelModifyQuery.java:110)
	at org.eclipse.persistence.queries.ObjectLevelModifyQuery.executeInUnitOfWork(ObjectLevelModifyQuery.java:87)
	at org.eclipse.persistence.internal.sessions.UnitOfWorkImpl.internalExecuteQuery(UnitOfWorkImpl.java:2983)
	at org.eclipse.persistence.internal.sessions.AbstractSession.executeQuery(AbstractSession.java:1898)
	at org.eclipse.persistence.internal.sessions.AbstractSession.executeQuery(AbstractSession.java:1880)
	at org.eclipse.persistence.internal.sessions.AbstractSession.executeQuery(AbstractSession.java:1830)
	at org.eclipse.persistence.internal.sessions.CommitManager.commitNewObjectsForClassWithChangeSet(CommitManager.java:229)
	at org.eclipse.persistence.internal.sessions.CommitManager.commitAllObjectsForClassWithChangeSet(CommitManager.java:196)
	at org.eclipse.persistence.internal.sessions.CommitManager.commitAllObjectsWithChangeSet(CommitManager.java:141)
	at org.eclipse.persistence.internal.sessions.AbstractSession.writeAllObjectsWithChangeSet(AbstractSession.java:4398)
	at org.eclipse.persistence.internal.sessions.UnitOfWorkImpl.commitToDatabase(UnitOfWorkImpl.java:1495)
	at org.eclipse.persistence.internal.sessions.UnitOfWorkImpl.commitToDatabaseWithChangeSet(UnitOfWorkImpl.java:1585)
	at org.eclipse.persistence.internal.sessions.RepeatableWriteUnitOfWork.commitRootUnitOfWork(RepeatableWriteUnitOfWork.java:280)
	at org.eclipse.persistence.internal.sessions.UnitOfWorkImpl.commitAndResume(UnitOfWorkImpl.java:1222)
	at org.eclipse.persistence.internal.jpa.transaction.EntityTransactionImpl.commit(EntityTransactionImpl.java:136)
	... 45 more
Caused by: org.h2.jdbc.JdbcSQLIntegrityConstraintViolationException: La columna &quot;DIRECCION&quot; no permite valores nulos (NULL)
NULL not allowed for column &quot;DIRECCION&quot;; SQL statement:
INSERT INTO CLIENTE (ID, CIUDAD, CODIGOPOSTAL, DIRECCION, ESTADO, FECHAALTA, FECHABAJA, IDENTIFICACION, PAIS, TIPOCLIENTE, USER_USER, DTYPE) VALUES (?, ?, ?, ?, ?, ?, ?, ?, ?, ?, ?, ?) [23502-200]
	at org.h2.message.DbException.getJdbcSQLException(DbException.java:459)
	at org.h2.message.DbException.getJdbcSQLException(DbException.java:429)
	at org.h2.message.DbException.get(DbException.java:205)
	at org.h2.message.DbException.get(DbException.java:181)
	at org.h2.table.Column.validateConvertUpdateSequence(Column.java:374)
	at org.h2.table.Table.validateConvertUpdateSequence(Table.java:845)
	at org.h2.command.dml.Insert.insertRows(Insert.java:187)
	at org.h2.command.dml.Insert.update(Insert.java:151)
	at org.h2.command.CommandContainer.update(CommandContainer.java:198)
	at org.h2.command.Command.executeUpdate(Command.java:251)
	at org.h2.jdbc.JdbcPreparedStatement.executeUpdateInternal(JdbcPreparedStatement.java:191)
	at org.h2.jdbc.JdbcPreparedStatement.executeUpdate(JdbcPreparedStatement.java:152)
	at org.eclipse.persistence.internal.databaseaccess.DatabaseAccessor.executeDirectNoSelect(DatabaseAccessor.java:898)
	... 76 more
</error>
    <system-out>[EL Warning]: 2022-04-28 17:23:37.474--UnitOfWork(1316361030)--Exception [EclipseLink-4002] (Eclipse Persistence Services - 2.7.6.v20200131-b7c997804f): org.eclipse.persistence.exceptions.DatabaseException
Internal Exception: org.h2.jdbc.JdbcSQLIntegrityConstraintViolationException: La columna &quot;DIRECCION&quot; no permite valores nulos (NULL)
NULL not allowed for column &quot;DIRECCION&quot;; SQL statement:
INSERT INTO CLIENTE (ID, CIUDAD, CODIGOPOSTAL, DIRECCION, ESTADO, FECHAALTA, FECHABAJA, IDENTIFICACION, PAIS, TIPOCLIENTE, USER_USER, DTYPE) VALUES (?, ?, ?, ?, ?, ?, ?, ?, ?, ?, ?, ?) [23502-200]
Error Code: 23502
Call: INSERT INTO CLIENTE (ID, CIUDAD, CODIGOPOSTAL, DIRECCION, ESTADO, FECHAALTA, FECHABAJA, IDENTIFICACION, PAIS, TIPOCLIENTE, USER_USER, DTYPE) VALUES (?, ?, ?, ?, ?, ?, ?, ?, ?, ?, ?, ?)
	bind =&gt; [12 parameters bound]
Query: InsertObjectQuery(Cliente{
id=2
identificacion=avenida de Murcia
tipoCliente=null
estado=Activo
fechaAlta=Thu Apr 28 17:23:37 CEST 2022
fechaBaja=null
direccion=null
ciudad=Murcia
codigopostal=29845
pais=Espana
cuentasFintech={[]}}Empresa{
razon_social=UCAM})
</system-out>
  </testcase>
  <testcase classname="ma3s.fintech.test.Clientes" name="testDarBajaClienteClienteNoExiste" time="0.042">
    <error message="Exception [EclipseLink-4002] (Eclipse Persistence Services - 2.7.6.v20200131-b7c997804f): org.eclipse.persistence.exceptions.DatabaseException
Internal Exception: org.h2.jdbc.JdbcSQLIntegrityConstraintViolationException: La columna &quot;DIRECCION&quot; no permite valores nulos (NULL)
NULL not allowed for column &quot;DIRECCION&quot;; SQL statement:
INSERT INTO CLIENTE (ID, CIUDAD, CODIGOPOSTAL, DIRECCION, ESTADO, FECHAALTA, FECHABAJA, IDENTIFICACION, PAIS, TIPOCLIENTE, USER_USER, DTYPE) VALUES (?, ?, ?, ?, ?, ?, ?, ?, ?, ?, ?, ?) [23502-200]
Error Code: 23502
Call: INSERT INTO CLIENTE (ID, CIUDAD, CODIGOPOSTAL, DIRECCION, ESTADO, FECHAALTA, FECHABAJA, IDENTIFICACION, PAIS, TIPOCLIENTE, USER_USER, DTYPE) VALUES (?, ?, ?, ?, ?, ?, ?, ?, ?, ?, ?, ?)
	bind =&gt; [12 parameters bound]
Query: InsertObjectQuery(Cliente{
id=1
identificacion=Avenia Plutarco
tipoCliente=null
estado=Activo
fechaAlta=Thu Apr 28 17:23:37 CEST 2022
fechaBaja=null
direccion=null
ciudad=Malaga
codigopostal=29004
pais=Espana
cuentasFintech={[]}}Empresa{
razon_social=UMA})" type="javax.persistence.RollbackException">javax.persistence.RollbackException: Exception [EclipseLink-4002] (Eclipse Persistence Services - 2.7.6.v20200131-b7c997804f): org.eclipse.persistence.exceptions.DatabaseException
Internal Exception: org.h2.jdbc.JdbcSQLIntegrityConstraintViolationException: La columna &quot;DIRECCION&quot; no permite valores nulos (NULL)
NULL not allowed for column &quot;DIRECCION&quot;; SQL statement:
INSERT INTO CLIENTE (ID, CIUDAD, CODIGOPOSTAL, DIRECCION, ESTADO, FECHAALTA, FECHABAJA, IDENTIFICACION, PAIS, TIPOCLIENTE, USER_USER, DTYPE) VALUES (?, ?, ?, ?, ?, ?, ?, ?, ?, ?, ?, ?) [23502-200]
Error Code: 23502
Call: INSERT INTO CLIENTE (ID, CIUDAD, CODIGOPOSTAL, DIRECCION, ESTADO, FECHAALTA, FECHABAJA, IDENTIFICACION, PAIS, TIPOCLIENTE, USER_USER, DTYPE) VALUES (?, ?, ?, ?, ?, ?, ?, ?, ?, ?, ?, ?)
	bind =&gt; [12 parameters bound]
Query: InsertObjectQuery(Cliente{
id=1
identificacion=Avenia Plutarco
tipoCliente=null
estado=Activo
fechaAlta=Thu Apr 28 17:23:37 CEST 2022
fechaBaja=null
direccion=null
ciudad=Malaga
codigopostal=29004
pais=Espana
cuentasFintech={[]}}Empresa{
razon_social=UMA})
	at org.eclipse.persistence.internal.jpa.transaction.EntityTransactionImpl.commit(EntityTransactionImpl.java:161)
	at ma3s.fintech.test.BaseDatos.inicializaBaseDatos(BaseDatos.java:229)
	at ma3s.fintech.test.Clientes.setup(Clientes.java:31)
	at sun.reflect.GeneratedMethodAccessor24.invoke(Unknown Source)
	at sun.reflect.DelegatingMethodAccessorImpl.invoke(DelegatingMethodAccessorImpl.java:43)
	at java.lang.reflect.Method.invoke(Method.java:498)
	at org.junit.runners.model.FrameworkMethod$1.runReflectiveCall(FrameworkMethod.java:59)
	at org.junit.internal.runners.model.ReflectiveCallable.run(ReflectiveCallable.java:12)
	at org.junit.runners.model.FrameworkMethod.invokeExplosively(FrameworkMethod.java:56)
	at org.junit.internal.runners.statements.RunBefores.invokeMethod(RunBefores.java:33)
	at org.junit.internal.runners.statements.RunBefores.evaluate(RunBefores.java:24)
	at org.junit.runners.ParentRunner$3.evaluate(ParentRunner.java:306)
	at org.junit.runners.BlockJUnit4ClassRunner$1.evaluate(BlockJUnit4ClassRunner.java:100)
	at org.junit.runners.ParentRunner.runLeaf(ParentRunner.java:366)
	at org.junit.runners.BlockJUnit4ClassRunner.runChild(BlockJUnit4ClassRunner.java:103)
	at org.junit.runners.BlockJUnit4ClassRunner.runChild(BlockJUnit4ClassRunner.java:63)
	at org.junit.runners.ParentRunner$4.run(ParentRunner.java:331)
	at org.junit.runners.ParentRunner$1.schedule(ParentRunner.java:79)
	at org.junit.runners.ParentRunner.runChildren(ParentRunner.java:329)
	at org.junit.runners.ParentRunner.access$100(ParentRunner.java:66)
	at org.junit.runners.ParentRunner$2.evaluate(ParentRunner.java:293)
	at org.junit.runners.ParentRunner$3.evaluate(ParentRunner.java:306)
	at org.junit.runners.ParentRunner.run(ParentRunner.java:413)
	at org.junit.runners.Suite.runChild(Suite.java:128)
	at org.junit.runners.Suite.runChild(Suite.java:27)
	at org.junit.runners.ParentRunner$4.run(ParentRunner.java:331)
	at org.junit.runners.ParentRunner$1.schedule(ParentRunner.java:79)
	at org.junit.runners.ParentRunner.runChildren(ParentRunner.java:329)
	at org.junit.runners.ParentRunner.access$100(ParentRunner.java:66)
	at org.junit.runners.ParentRunner$2.evaluate(ParentRunner.java:293)
	at org.junit.internal.runners.statements.RunBefores.evaluate(RunBefores.java:26)
	at org.junit.internal.runners.statements.RunAfters.evaluate(RunAfters.java:27)
	at org.junit.runners.ParentRunner$3.evaluate(ParentRunner.java:306)
	at org.junit.runners.ParentRunner.run(ParentRunner.java:413)
	at org.apache.maven.surefire.junit4.JUnit4Provider.execute(JUnit4Provider.java:252)
	at org.apache.maven.surefire.junit4.JUnit4Provider.executeTestSet(JUnit4Provider.java:141)
	at org.apache.maven.surefire.junit4.JUnit4Provider.invoke(JUnit4Provider.java:112)
	at sun.reflect.NativeMethodAccessorImpl.invoke0(Native Method)
	at sun.reflect.NativeMethodAccessorImpl.invoke(NativeMethodAccessorImpl.java:62)
	at sun.reflect.DelegatingMethodAccessorImpl.invoke(DelegatingMethodAccessorImpl.java:43)
	at java.lang.reflect.Method.invoke(Method.java:498)
	at org.apache.maven.surefire.util.ReflectionUtils.invokeMethodWithArray(ReflectionUtils.java:189)
	at org.apache.maven.surefire.booter.ProviderFactory$ProviderProxy.invoke(ProviderFactory.java:165)
	at org.apache.maven.surefire.booter.ProviderFactory.invokeProvider(ProviderFactory.java:85)
	at org.apache.maven.surefire.booter.ForkedBooter.runSuitesInProcess(ForkedBooter.java:115)
	at org.apache.maven.surefire.booter.ForkedBooter.main(ForkedBooter.java:75)
Caused by: Exception [EclipseLink-4002] (Eclipse Persistence Services - 2.7.6.v20200131-b7c997804f): org.eclipse.persistence.exceptions.DatabaseException
Internal Exception: org.h2.jdbc.JdbcSQLIntegrityConstraintViolationException: La columna &quot;DIRECCION&quot; no permite valores nulos (NULL)
NULL not allowed for column &quot;DIRECCION&quot;; SQL statement:
INSERT INTO CLIENTE (ID, CIUDAD, CODIGOPOSTAL, DIRECCION, ESTADO, FECHAALTA, FECHABAJA, IDENTIFICACION, PAIS, TIPOCLIENTE, USER_USER, DTYPE) VALUES (?, ?, ?, ?, ?, ?, ?, ?, ?, ?, ?, ?) [23502-200]
Error Code: 23502
Call: INSERT INTO CLIENTE (ID, CIUDAD, CODIGOPOSTAL, DIRECCION, ESTADO, FECHAALTA, FECHABAJA, IDENTIFICACION, PAIS, TIPOCLIENTE, USER_USER, DTYPE) VALUES (?, ?, ?, ?, ?, ?, ?, ?, ?, ?, ?, ?)
	bind =&gt; [12 parameters bound]
Query: InsertObjectQuery(Cliente{
id=1
identificacion=Avenia Plutarco
tipoCliente=null
estado=Activo
fechaAlta=Thu Apr 28 17:23:37 CEST 2022
fechaBaja=null
direccion=null
ciudad=Malaga
codigopostal=29004
pais=Espana
cuentasFintech={[]}}Empresa{
razon_social=UMA})
	at org.eclipse.persistence.exceptions.DatabaseException.sqlException(DatabaseException.java:333)
	at org.eclipse.persistence.internal.databaseaccess.DatabaseAccessor.executeDirectNoSelect(DatabaseAccessor.java:908)
	at org.eclipse.persistence.internal.databaseaccess.DatabaseAccessor.executeNoSelect(DatabaseAccessor.java:970)
	at org.eclipse.persistence.internal.databaseaccess.DatabaseAccessor.basicExecuteCall(DatabaseAccessor.java:640)
	at org.eclipse.persistence.internal.databaseaccess.DatabaseAccessor.executeCall(DatabaseAccessor.java:567)
	at org.eclipse.persistence.internal.sessions.AbstractSession.basicExecuteCall(AbstractSession.java:2099)
	at org.eclipse.persistence.sessions.server.ClientSession.executeCall(ClientSession.java:313)
	at org.eclipse.persistence.internal.queries.DatasourceCallQueryMechanism.executeCall(DatasourceCallQueryMechanism.java:275)
	at org.eclipse.persistence.internal.queries.DatasourceCallQueryMechanism.insertObject(DatasourceCallQueryMechanism.java:397)
	at org.eclipse.persistence.internal.queries.StatementQueryMechanism.insertObject(StatementQueryMechanism.java:167)
	at org.eclipse.persistence.internal.queries.StatementQueryMechanism.insertObject(StatementQueryMechanism.java:182)
	at org.eclipse.persistence.internal.queries.DatabaseQueryMechanism.insertObjectForWrite(DatabaseQueryMechanism.java:504)
	at org.eclipse.persistence.queries.InsertObjectQuery.executeCommit(InsertObjectQuery.java:82)
	at org.eclipse.persistence.queries.InsertObjectQuery.executeCommitWithChangeSet(InsertObjectQuery.java:92)
	at org.eclipse.persistence.internal.queries.DatabaseQueryMechanism.executeWriteWithChangeSet(DatabaseQueryMechanism.java:316)
	at org.eclipse.persistence.queries.WriteObjectQuery.executeDatabaseQuery(WriteObjectQuery.java:60)
	at org.eclipse.persistence.queries.DatabaseQuery.execute(DatabaseQuery.java:911)
	at org.eclipse.persistence.queries.DatabaseQuery.executeInUnitOfWork(DatabaseQuery.java:810)
	at org.eclipse.persistence.queries.ObjectLevelModifyQuery.executeInUnitOfWorkObjectLevelModifyQuery(ObjectLevelModifyQuery.java:110)
	at org.eclipse.persistence.queries.ObjectLevelModifyQuery.executeInUnitOfWork(ObjectLevelModifyQuery.java:87)
	at org.eclipse.persistence.internal.sessions.UnitOfWorkImpl.internalExecuteQuery(UnitOfWorkImpl.java:2983)
	at org.eclipse.persistence.internal.sessions.AbstractSession.executeQuery(AbstractSession.java:1898)
	at org.eclipse.persistence.internal.sessions.AbstractSession.executeQuery(AbstractSession.java:1880)
	at org.eclipse.persistence.internal.sessions.AbstractSession.executeQuery(AbstractSession.java:1830)
	at org.eclipse.persistence.internal.sessions.CommitManager.commitNewObjectsForClassWithChangeSet(CommitManager.java:229)
	at org.eclipse.persistence.internal.sessions.CommitManager.commitAllObjectsForClassWithChangeSet(CommitManager.java:196)
	at org.eclipse.persistence.internal.sessions.CommitManager.commitAllObjectsWithChangeSet(CommitManager.java:141)
	at org.eclipse.persistence.internal.sessions.AbstractSession.writeAllObjectsWithChangeSet(AbstractSession.java:4398)
	at org.eclipse.persistence.internal.sessions.UnitOfWorkImpl.commitToDatabase(UnitOfWorkImpl.java:1495)
	at org.eclipse.persistence.internal.sessions.UnitOfWorkImpl.commitToDatabaseWithChangeSet(UnitOfWorkImpl.java:1585)
	at org.eclipse.persistence.internal.sessions.RepeatableWriteUnitOfWork.commitRootUnitOfWork(RepeatableWriteUnitOfWork.java:280)
	at org.eclipse.persistence.internal.sessions.UnitOfWorkImpl.commitAndResume(UnitOfWorkImpl.java:1222)
	at org.eclipse.persistence.internal.jpa.transaction.EntityTransactionImpl.commit(EntityTransactionImpl.java:136)
	... 45 more
Caused by: org.h2.jdbc.JdbcSQLIntegrityConstraintViolationException: La columna &quot;DIRECCION&quot; no permite valores nulos (NULL)
NULL not allowed for column &quot;DIRECCION&quot;; SQL statement:
INSERT INTO CLIENTE (ID, CIUDAD, CODIGOPOSTAL, DIRECCION, ESTADO, FECHAALTA, FECHABAJA, IDENTIFICACION, PAIS, TIPOCLIENTE, USER_USER, DTYPE) VALUES (?, ?, ?, ?, ?, ?, ?, ?, ?, ?, ?, ?) [23502-200]
	at org.h2.message.DbException.getJdbcSQLException(DbException.java:459)
	at org.h2.message.DbException.getJdbcSQLException(DbException.java:429)
	at org.h2.message.DbException.get(DbException.java:205)
	at org.h2.message.DbException.get(DbException.java:181)
	at org.h2.table.Column.validateConvertUpdateSequence(Column.java:374)
	at org.h2.table.Table.validateConvertUpdateSequence(Table.java:845)
	at org.h2.command.dml.Insert.insertRows(Insert.java:187)
	at org.h2.command.dml.Insert.update(Insert.java:151)
	at org.h2.command.CommandContainer.update(CommandContainer.java:198)
	at org.h2.command.Command.executeUpdate(Command.java:251)
	at org.h2.jdbc.JdbcPreparedStatement.executeUpdateInternal(JdbcPreparedStatement.java:191)
	at org.h2.jdbc.JdbcPreparedStatement.executeUpdate(JdbcPreparedStatement.java:152)
	at org.eclipse.persistence.internal.databaseaccess.DatabaseAccessor.executeDirectNoSelect(DatabaseAccessor.java:898)
	... 76 more
</error>
    <system-out>[EL Warning]: 2022-04-28 17:23:37.516--UnitOfWork(386686532)--Exception [EclipseLink-4002] (Eclipse Persistence Services - 2.7.6.v20200131-b7c997804f): org.eclipse.persistence.exceptions.DatabaseException
Internal Exception: org.h2.jdbc.JdbcSQLIntegrityConstraintViolationException: La columna &quot;DIRECCION&quot; no permite valores nulos (NULL)
NULL not allowed for column &quot;DIRECCION&quot;; SQL statement:
INSERT INTO CLIENTE (ID, CIUDAD, CODIGOPOSTAL, DIRECCION, ESTADO, FECHAALTA, FECHABAJA, IDENTIFICACION, PAIS, TIPOCLIENTE, USER_USER, DTYPE) VALUES (?, ?, ?, ?, ?, ?, ?, ?, ?, ?, ?, ?) [23502-200]
Error Code: 23502
Call: INSERT INTO CLIENTE (ID, CIUDAD, CODIGOPOSTAL, DIRECCION, ESTADO, FECHAALTA, FECHABAJA, IDENTIFICACION, PAIS, TIPOCLIENTE, USER_USER, DTYPE) VALUES (?, ?, ?, ?, ?, ?, ?, ?, ?, ?, ?, ?)
	bind =&gt; [12 parameters bound]
Query: InsertObjectQuery(Cliente{
id=1
identificacion=Avenia Plutarco
tipoCliente=null
estado=Activo
fechaAlta=Thu Apr 28 17:23:37 CEST 2022
fechaBaja=null
direccion=null
ciudad=Malaga
codigopostal=29004
pais=Espana
cuentasFintech={[]}}Empresa{
razon_social=UMA})
</system-out>
  </testcase>
  <testcase classname="ma3s.fintech.test.Clientes" name="testModCiudadEmpresa" time="0.036">
    <error message="Exception [EclipseLink-4002] (Eclipse Persistence Services - 2.7.6.v20200131-b7c997804f): org.eclipse.persistence.exceptions.DatabaseException
Internal Exception: org.h2.jdbc.JdbcSQLIntegrityConstraintViolationException: La columna &quot;DIRECCION&quot; no permite valores nulos (NULL)
NULL not allowed for column &quot;DIRECCION&quot;; SQL statement:
INSERT INTO CLIENTE (ID, CIUDAD, CODIGOPOSTAL, DIRECCION, ESTADO, FECHAALTA, FECHABAJA, IDENTIFICACION, PAIS, TIPOCLIENTE, USER_USER, DTYPE) VALUES (?, ?, ?, ?, ?, ?, ?, ?, ?, ?, ?, ?) [23502-200]
Error Code: 23502
Call: INSERT INTO CLIENTE (ID, CIUDAD, CODIGOPOSTAL, DIRECCION, ESTADO, FECHAALTA, FECHABAJA, IDENTIFICACION, PAIS, TIPOCLIENTE, USER_USER, DTYPE) VALUES (?, ?, ?, ?, ?, ?, ?, ?, ?, ?, ?, ?)
	bind =&gt; [12 parameters bound]
Query: InsertObjectQuery(Cliente{
id=1
identificacion=Avenia Plutarco
tipoCliente=null
estado=Activo
fechaAlta=Thu Apr 28 17:23:37 CEST 2022
fechaBaja=null
direccion=null
ciudad=Malaga
codigopostal=29004
pais=Espana
cuentasFintech={[]}}Empresa{
razon_social=UMA})" type="javax.persistence.RollbackException">javax.persistence.RollbackException: Exception [EclipseLink-4002] (Eclipse Persistence Services - 2.7.6.v20200131-b7c997804f): org.eclipse.persistence.exceptions.DatabaseException
Internal Exception: org.h2.jdbc.JdbcSQLIntegrityConstraintViolationException: La columna &quot;DIRECCION&quot; no permite valores nulos (NULL)
NULL not allowed for column &quot;DIRECCION&quot;; SQL statement:
INSERT INTO CLIENTE (ID, CIUDAD, CODIGOPOSTAL, DIRECCION, ESTADO, FECHAALTA, FECHABAJA, IDENTIFICACION, PAIS, TIPOCLIENTE, USER_USER, DTYPE) VALUES (?, ?, ?, ?, ?, ?, ?, ?, ?, ?, ?, ?) [23502-200]
Error Code: 23502
Call: INSERT INTO CLIENTE (ID, CIUDAD, CODIGOPOSTAL, DIRECCION, ESTADO, FECHAALTA, FECHABAJA, IDENTIFICACION, PAIS, TIPOCLIENTE, USER_USER, DTYPE) VALUES (?, ?, ?, ?, ?, ?, ?, ?, ?, ?, ?, ?)
	bind =&gt; [12 parameters bound]
Query: InsertObjectQuery(Cliente{
id=1
identificacion=Avenia Plutarco
tipoCliente=null
estado=Activo
fechaAlta=Thu Apr 28 17:23:37 CEST 2022
fechaBaja=null
direccion=null
ciudad=Malaga
codigopostal=29004
pais=Espana
cuentasFintech={[]}}Empresa{
razon_social=UMA})
	at org.eclipse.persistence.internal.jpa.transaction.EntityTransactionImpl.commit(EntityTransactionImpl.java:161)
	at ma3s.fintech.test.BaseDatos.inicializaBaseDatos(BaseDatos.java:229)
	at ma3s.fintech.test.Clientes.setup(Clientes.java:31)
	at sun.reflect.GeneratedMethodAccessor24.invoke(Unknown Source)
	at sun.reflect.DelegatingMethodAccessorImpl.invoke(DelegatingMethodAccessorImpl.java:43)
	at java.lang.reflect.Method.invoke(Method.java:498)
	at org.junit.runners.model.FrameworkMethod$1.runReflectiveCall(FrameworkMethod.java:59)
	at org.junit.internal.runners.model.ReflectiveCallable.run(ReflectiveCallable.java:12)
	at org.junit.runners.model.FrameworkMethod.invokeExplosively(FrameworkMethod.java:56)
	at org.junit.internal.runners.statements.RunBefores.invokeMethod(RunBefores.java:33)
	at org.junit.internal.runners.statements.RunBefores.evaluate(RunBefores.java:24)
	at org.junit.runners.ParentRunner$3.evaluate(ParentRunner.java:306)
	at org.junit.runners.BlockJUnit4ClassRunner$1.evaluate(BlockJUnit4ClassRunner.java:100)
	at org.junit.runners.ParentRunner.runLeaf(ParentRunner.java:366)
	at org.junit.runners.BlockJUnit4ClassRunner.runChild(BlockJUnit4ClassRunner.java:103)
	at org.junit.runners.BlockJUnit4ClassRunner.runChild(BlockJUnit4ClassRunner.java:63)
	at org.junit.runners.ParentRunner$4.run(ParentRunner.java:331)
	at org.junit.runners.ParentRunner$1.schedule(ParentRunner.java:79)
	at org.junit.runners.ParentRunner.runChildren(ParentRunner.java:329)
	at org.junit.runners.ParentRunner.access$100(ParentRunner.java:66)
	at org.junit.runners.ParentRunner$2.evaluate(ParentRunner.java:293)
	at org.junit.runners.ParentRunner$3.evaluate(ParentRunner.java:306)
	at org.junit.runners.ParentRunner.run(ParentRunner.java:413)
	at org.junit.runners.Suite.runChild(Suite.java:128)
	at org.junit.runners.Suite.runChild(Suite.java:27)
	at org.junit.runners.ParentRunner$4.run(ParentRunner.java:331)
	at org.junit.runners.ParentRunner$1.schedule(ParentRunner.java:79)
	at org.junit.runners.ParentRunner.runChildren(ParentRunner.java:329)
	at org.junit.runners.ParentRunner.access$100(ParentRunner.java:66)
	at org.junit.runners.ParentRunner$2.evaluate(ParentRunner.java:293)
	at org.junit.internal.runners.statements.RunBefores.evaluate(RunBefores.java:26)
	at org.junit.internal.runners.statements.RunAfters.evaluate(RunAfters.java:27)
	at org.junit.runners.ParentRunner$3.evaluate(ParentRunner.java:306)
	at org.junit.runners.ParentRunner.run(ParentRunner.java:413)
	at org.apache.maven.surefire.junit4.JUnit4Provider.execute(JUnit4Provider.java:252)
	at org.apache.maven.surefire.junit4.JUnit4Provider.executeTestSet(JUnit4Provider.java:141)
	at org.apache.maven.surefire.junit4.JUnit4Provider.invoke(JUnit4Provider.java:112)
	at sun.reflect.NativeMethodAccessorImpl.invoke0(Native Method)
	at sun.reflect.NativeMethodAccessorImpl.invoke(NativeMethodAccessorImpl.java:62)
	at sun.reflect.DelegatingMethodAccessorImpl.invoke(DelegatingMethodAccessorImpl.java:43)
	at java.lang.reflect.Method.invoke(Method.java:498)
	at org.apache.maven.surefire.util.ReflectionUtils.invokeMethodWithArray(ReflectionUtils.java:189)
	at org.apache.maven.surefire.booter.ProviderFactory$ProviderProxy.invoke(ProviderFactory.java:165)
	at org.apache.maven.surefire.booter.ProviderFactory.invokeProvider(ProviderFactory.java:85)
	at org.apache.maven.surefire.booter.ForkedBooter.runSuitesInProcess(ForkedBooter.java:115)
	at org.apache.maven.surefire.booter.ForkedBooter.main(ForkedBooter.java:75)
Caused by: Exception [EclipseLink-4002] (Eclipse Persistence Services - 2.7.6.v20200131-b7c997804f): org.eclipse.persistence.exceptions.DatabaseException
Internal Exception: org.h2.jdbc.JdbcSQLIntegrityConstraintViolationException: La columna &quot;DIRECCION&quot; no permite valores nulos (NULL)
NULL not allowed for column &quot;DIRECCION&quot;; SQL statement:
INSERT INTO CLIENTE (ID, CIUDAD, CODIGOPOSTAL, DIRECCION, ESTADO, FECHAALTA, FECHABAJA, IDENTIFICACION, PAIS, TIPOCLIENTE, USER_USER, DTYPE) VALUES (?, ?, ?, ?, ?, ?, ?, ?, ?, ?, ?, ?) [23502-200]
Error Code: 23502
Call: INSERT INTO CLIENTE (ID, CIUDAD, CODIGOPOSTAL, DIRECCION, ESTADO, FECHAALTA, FECHABAJA, IDENTIFICACION, PAIS, TIPOCLIENTE, USER_USER, DTYPE) VALUES (?, ?, ?, ?, ?, ?, ?, ?, ?, ?, ?, ?)
	bind =&gt; [12 parameters bound]
Query: InsertObjectQuery(Cliente{
id=1
identificacion=Avenia Plutarco
tipoCliente=null
estado=Activo
fechaAlta=Thu Apr 28 17:23:37 CEST 2022
fechaBaja=null
direccion=null
ciudad=Malaga
codigopostal=29004
pais=Espana
cuentasFintech={[]}}Empresa{
razon_social=UMA})
	at org.eclipse.persistence.exceptions.DatabaseException.sqlException(DatabaseException.java:333)
	at org.eclipse.persistence.internal.databaseaccess.DatabaseAccessor.executeDirectNoSelect(DatabaseAccessor.java:908)
	at org.eclipse.persistence.internal.databaseaccess.DatabaseAccessor.executeNoSelect(DatabaseAccessor.java:970)
	at org.eclipse.persistence.internal.databaseaccess.DatabaseAccessor.basicExecuteCall(DatabaseAccessor.java:640)
	at org.eclipse.persistence.internal.databaseaccess.DatabaseAccessor.executeCall(DatabaseAccessor.java:567)
	at org.eclipse.persistence.internal.sessions.AbstractSession.basicExecuteCall(AbstractSession.java:2099)
	at org.eclipse.persistence.sessions.server.ClientSession.executeCall(ClientSession.java:313)
	at org.eclipse.persistence.internal.queries.DatasourceCallQueryMechanism.executeCall(DatasourceCallQueryMechanism.java:275)
	at org.eclipse.persistence.internal.queries.DatasourceCallQueryMechanism.insertObject(DatasourceCallQueryMechanism.java:397)
	at org.eclipse.persistence.internal.queries.StatementQueryMechanism.insertObject(StatementQueryMechanism.java:167)
	at org.eclipse.persistence.internal.queries.StatementQueryMechanism.insertObject(StatementQueryMechanism.java:182)
	at org.eclipse.persistence.internal.queries.DatabaseQueryMechanism.insertObjectForWrite(DatabaseQueryMechanism.java:504)
	at org.eclipse.persistence.queries.InsertObjectQuery.executeCommit(InsertObjectQuery.java:82)
	at org.eclipse.persistence.queries.InsertObjectQuery.executeCommitWithChangeSet(InsertObjectQuery.java:92)
	at org.eclipse.persistence.internal.queries.DatabaseQueryMechanism.executeWriteWithChangeSet(DatabaseQueryMechanism.java:316)
	at org.eclipse.persistence.queries.WriteObjectQuery.executeDatabaseQuery(WriteObjectQuery.java:60)
	at org.eclipse.persistence.queries.DatabaseQuery.execute(DatabaseQuery.java:911)
	at org.eclipse.persistence.queries.DatabaseQuery.executeInUnitOfWork(DatabaseQuery.java:810)
	at org.eclipse.persistence.queries.ObjectLevelModifyQuery.executeInUnitOfWorkObjectLevelModifyQuery(ObjectLevelModifyQuery.java:110)
	at org.eclipse.persistence.queries.ObjectLevelModifyQuery.executeInUnitOfWork(ObjectLevelModifyQuery.java:87)
	at org.eclipse.persistence.internal.sessions.UnitOfWorkImpl.internalExecuteQuery(UnitOfWorkImpl.java:2983)
	at org.eclipse.persistence.internal.sessions.AbstractSession.executeQuery(AbstractSession.java:1898)
	at org.eclipse.persistence.internal.sessions.AbstractSession.executeQuery(AbstractSession.java:1880)
	at org.eclipse.persistence.internal.sessions.AbstractSession.executeQuery(AbstractSession.java:1830)
	at org.eclipse.persistence.internal.sessions.CommitManager.commitNewObjectsForClassWithChangeSet(CommitManager.java:229)
	at org.eclipse.persistence.internal.sessions.CommitManager.commitAllObjectsForClassWithChangeSet(CommitManager.java:196)
	at org.eclipse.persistence.internal.sessions.CommitManager.commitAllObjectsWithChangeSet(CommitManager.java:141)
	at org.eclipse.persistence.internal.sessions.AbstractSession.writeAllObjectsWithChangeSet(AbstractSession.java:4398)
	at org.eclipse.persistence.internal.sessions.UnitOfWorkImpl.commitToDatabase(UnitOfWorkImpl.java:1495)
	at org.eclipse.persistence.internal.sessions.UnitOfWorkImpl.commitToDatabaseWithChangeSet(UnitOfWorkImpl.java:1585)
	at org.eclipse.persistence.internal.sessions.RepeatableWriteUnitOfWork.commitRootUnitOfWork(RepeatableWriteUnitOfWork.java:280)
	at org.eclipse.persistence.internal.sessions.UnitOfWorkImpl.commitAndResume(UnitOfWorkImpl.java:1222)
	at org.eclipse.persistence.internal.jpa.transaction.EntityTransactionImpl.commit(EntityTransactionImpl.java:136)
	... 45 more
Caused by: org.h2.jdbc.JdbcSQLIntegrityConstraintViolationException: La columna &quot;DIRECCION&quot; no permite valores nulos (NULL)
NULL not allowed for column &quot;DIRECCION&quot;; SQL statement:
INSERT INTO CLIENTE (ID, CIUDAD, CODIGOPOSTAL, DIRECCION, ESTADO, FECHAALTA, FECHABAJA, IDENTIFICACION, PAIS, TIPOCLIENTE, USER_USER, DTYPE) VALUES (?, ?, ?, ?, ?, ?, ?, ?, ?, ?, ?, ?) [23502-200]
	at org.h2.message.DbException.getJdbcSQLException(DbException.java:459)
	at org.h2.message.DbException.getJdbcSQLException(DbException.java:429)
	at org.h2.message.DbException.get(DbException.java:205)
	at org.h2.message.DbException.get(DbException.java:181)
	at org.h2.table.Column.validateConvertUpdateSequence(Column.java:374)
	at org.h2.table.Table.validateConvertUpdateSequence(Table.java:845)
	at org.h2.command.dml.Insert.insertRows(Insert.java:187)
	at org.h2.command.dml.Insert.update(Insert.java:151)
	at org.h2.command.CommandContainer.update(CommandContainer.java:198)
	at org.h2.command.Command.executeUpdate(Command.java:251)
	at org.h2.jdbc.JdbcPreparedStatement.executeUpdateInternal(JdbcPreparedStatement.java:191)
	at org.h2.jdbc.JdbcPreparedStatement.executeUpdate(JdbcPreparedStatement.java:152)
	at org.eclipse.persistence.internal.databaseaccess.DatabaseAccessor.executeDirectNoSelect(DatabaseAccessor.java:898)
	... 76 more
</error>
    <system-out>[EL Warning]: 2022-04-28 17:23:37.552--UnitOfWork(1158357410)--Exception [EclipseLink-4002] (Eclipse Persistence Services - 2.7.6.v20200131-b7c997804f): org.eclipse.persistence.exceptions.DatabaseException
Internal Exception: org.h2.jdbc.JdbcSQLIntegrityConstraintViolationException: La columna &quot;DIRECCION&quot; no permite valores nulos (NULL)
NULL not allowed for column &quot;DIRECCION&quot;; SQL statement:
INSERT INTO CLIENTE (ID, CIUDAD, CODIGOPOSTAL, DIRECCION, ESTADO, FECHAALTA, FECHABAJA, IDENTIFICACION, PAIS, TIPOCLIENTE, USER_USER, DTYPE) VALUES (?, ?, ?, ?, ?, ?, ?, ?, ?, ?, ?, ?) [23502-200]
Error Code: 23502
Call: INSERT INTO CLIENTE (ID, CIUDAD, CODIGOPOSTAL, DIRECCION, ESTADO, FECHAALTA, FECHABAJA, IDENTIFICACION, PAIS, TIPOCLIENTE, USER_USER, DTYPE) VALUES (?, ?, ?, ?, ?, ?, ?, ?, ?, ?, ?, ?)
	bind =&gt; [12 parameters bound]
Query: InsertObjectQuery(Cliente{
id=1
identificacion=Avenia Plutarco
tipoCliente=null
estado=Activo
fechaAlta=Thu Apr 28 17:23:37 CEST 2022
fechaBaja=null
direccion=null
ciudad=Malaga
codigopostal=29004
pais=Espana
cuentasFintech={[]}}Empresa{
razon_social=UMA})
</system-out>
  </testcase>
  <testcase classname="ma3s.fintech.test.Clientes" name="testModCodigoPostalEmpresa" time="0.045">
    <error message="Exception [EclipseLink-4002] (Eclipse Persistence Services - 2.7.6.v20200131-b7c997804f): org.eclipse.persistence.exceptions.DatabaseException
Internal Exception: org.h2.jdbc.JdbcSQLIntegrityConstraintViolationException: La columna &quot;DIRECCION&quot; no permite valores nulos (NULL)
NULL not allowed for column &quot;DIRECCION&quot;; SQL statement:
INSERT INTO CLIENTE (ID, CIUDAD, CODIGOPOSTAL, DIRECCION, ESTADO, FECHAALTA, FECHABAJA, IDENTIFICACION, PAIS, TIPOCLIENTE, USER_USER, DTYPE) VALUES (?, ?, ?, ?, ?, ?, ?, ?, ?, ?, ?, ?) [23502-200]
Error Code: 23502
Call: INSERT INTO CLIENTE (ID, CIUDAD, CODIGOPOSTAL, DIRECCION, ESTADO, FECHAALTA, FECHABAJA, IDENTIFICACION, PAIS, TIPOCLIENTE, USER_USER, DTYPE) VALUES (?, ?, ?, ?, ?, ?, ?, ?, ?, ?, ?, ?)
	bind =&gt; [12 parameters bound]
Query: InsertObjectQuery(Cliente{
id=1
identificacion=Avenia Plutarco
tipoCliente=null
estado=Activo
fechaAlta=Thu Apr 28 17:23:37 CEST 2022
fechaBaja=null
direccion=null
ciudad=Malaga
codigopostal=29004
pais=Espana
cuentasFintech={[]}}Empresa{
razon_social=UMA})" type="javax.persistence.RollbackException">javax.persistence.RollbackException: Exception [EclipseLink-4002] (Eclipse Persistence Services - 2.7.6.v20200131-b7c997804f): org.eclipse.persistence.exceptions.DatabaseException
Internal Exception: org.h2.jdbc.JdbcSQLIntegrityConstraintViolationException: La columna &quot;DIRECCION&quot; no permite valores nulos (NULL)
NULL not allowed for column &quot;DIRECCION&quot;; SQL statement:
INSERT INTO CLIENTE (ID, CIUDAD, CODIGOPOSTAL, DIRECCION, ESTADO, FECHAALTA, FECHABAJA, IDENTIFICACION, PAIS, TIPOCLIENTE, USER_USER, DTYPE) VALUES (?, ?, ?, ?, ?, ?, ?, ?, ?, ?, ?, ?) [23502-200]
Error Code: 23502
Call: INSERT INTO CLIENTE (ID, CIUDAD, CODIGOPOSTAL, DIRECCION, ESTADO, FECHAALTA, FECHABAJA, IDENTIFICACION, PAIS, TIPOCLIENTE, USER_USER, DTYPE) VALUES (?, ?, ?, ?, ?, ?, ?, ?, ?, ?, ?, ?)
	bind =&gt; [12 parameters bound]
Query: InsertObjectQuery(Cliente{
id=1
identificacion=Avenia Plutarco
tipoCliente=null
estado=Activo
fechaAlta=Thu Apr 28 17:23:37 CEST 2022
fechaBaja=null
direccion=null
ciudad=Malaga
codigopostal=29004
pais=Espana
cuentasFintech={[]}}Empresa{
razon_social=UMA})
	at org.eclipse.persistence.internal.jpa.transaction.EntityTransactionImpl.commit(EntityTransactionImpl.java:161)
	at ma3s.fintech.test.BaseDatos.inicializaBaseDatos(BaseDatos.java:229)
	at ma3s.fintech.test.Clientes.setup(Clientes.java:31)
	at sun.reflect.GeneratedMethodAccessor24.invoke(Unknown Source)
	at sun.reflect.DelegatingMethodAccessorImpl.invoke(DelegatingMethodAccessorImpl.java:43)
	at java.lang.reflect.Method.invoke(Method.java:498)
	at org.junit.runners.model.FrameworkMethod$1.runReflectiveCall(FrameworkMethod.java:59)
	at org.junit.internal.runners.model.ReflectiveCallable.run(ReflectiveCallable.java:12)
	at org.junit.runners.model.FrameworkMethod.invokeExplosively(FrameworkMethod.java:56)
	at org.junit.internal.runners.statements.RunBefores.invokeMethod(RunBefores.java:33)
	at org.junit.internal.runners.statements.RunBefores.evaluate(RunBefores.java:24)
	at org.junit.runners.ParentRunner$3.evaluate(ParentRunner.java:306)
	at org.junit.runners.BlockJUnit4ClassRunner$1.evaluate(BlockJUnit4ClassRunner.java:100)
	at org.junit.runners.ParentRunner.runLeaf(ParentRunner.java:366)
	at org.junit.runners.BlockJUnit4ClassRunner.runChild(BlockJUnit4ClassRunner.java:103)
	at org.junit.runners.BlockJUnit4ClassRunner.runChild(BlockJUnit4ClassRunner.java:63)
	at org.junit.runners.ParentRunner$4.run(ParentRunner.java:331)
	at org.junit.runners.ParentRunner$1.schedule(ParentRunner.java:79)
	at org.junit.runners.ParentRunner.runChildren(ParentRunner.java:329)
	at org.junit.runners.ParentRunner.access$100(ParentRunner.java:66)
	at org.junit.runners.ParentRunner$2.evaluate(ParentRunner.java:293)
	at org.junit.runners.ParentRunner$3.evaluate(ParentRunner.java:306)
	at org.junit.runners.ParentRunner.run(ParentRunner.java:413)
	at org.junit.runners.Suite.runChild(Suite.java:128)
	at org.junit.runners.Suite.runChild(Suite.java:27)
	at org.junit.runners.ParentRunner$4.run(ParentRunner.java:331)
	at org.junit.runners.ParentRunner$1.schedule(ParentRunner.java:79)
	at org.junit.runners.ParentRunner.runChildren(ParentRunner.java:329)
	at org.junit.runners.ParentRunner.access$100(ParentRunner.java:66)
	at org.junit.runners.ParentRunner$2.evaluate(ParentRunner.java:293)
	at org.junit.internal.runners.statements.RunBefores.evaluate(RunBefores.java:26)
	at org.junit.internal.runners.statements.RunAfters.evaluate(RunAfters.java:27)
	at org.junit.runners.ParentRunner$3.evaluate(ParentRunner.java:306)
	at org.junit.runners.ParentRunner.run(ParentRunner.java:413)
	at org.apache.maven.surefire.junit4.JUnit4Provider.execute(JUnit4Provider.java:252)
	at org.apache.maven.surefire.junit4.JUnit4Provider.executeTestSet(JUnit4Provider.java:141)
	at org.apache.maven.surefire.junit4.JUnit4Provider.invoke(JUnit4Provider.java:112)
	at sun.reflect.NativeMethodAccessorImpl.invoke0(Native Method)
	at sun.reflect.NativeMethodAccessorImpl.invoke(NativeMethodAccessorImpl.java:62)
	at sun.reflect.DelegatingMethodAccessorImpl.invoke(DelegatingMethodAccessorImpl.java:43)
	at java.lang.reflect.Method.invoke(Method.java:498)
	at org.apache.maven.surefire.util.ReflectionUtils.invokeMethodWithArray(ReflectionUtils.java:189)
	at org.apache.maven.surefire.booter.ProviderFactory$ProviderProxy.invoke(ProviderFactory.java:165)
	at org.apache.maven.surefire.booter.ProviderFactory.invokeProvider(ProviderFactory.java:85)
	at org.apache.maven.surefire.booter.ForkedBooter.runSuitesInProcess(ForkedBooter.java:115)
	at org.apache.maven.surefire.booter.ForkedBooter.main(ForkedBooter.java:75)
Caused by: Exception [EclipseLink-4002] (Eclipse Persistence Services - 2.7.6.v20200131-b7c997804f): org.eclipse.persistence.exceptions.DatabaseException
Internal Exception: org.h2.jdbc.JdbcSQLIntegrityConstraintViolationException: La columna &quot;DIRECCION&quot; no permite valores nulos (NULL)
NULL not allowed for column &quot;DIRECCION&quot;; SQL statement:
INSERT INTO CLIENTE (ID, CIUDAD, CODIGOPOSTAL, DIRECCION, ESTADO, FECHAALTA, FECHABAJA, IDENTIFICACION, PAIS, TIPOCLIENTE, USER_USER, DTYPE) VALUES (?, ?, ?, ?, ?, ?, ?, ?, ?, ?, ?, ?) [23502-200]
Error Code: 23502
Call: INSERT INTO CLIENTE (ID, CIUDAD, CODIGOPOSTAL, DIRECCION, ESTADO, FECHAALTA, FECHABAJA, IDENTIFICACION, PAIS, TIPOCLIENTE, USER_USER, DTYPE) VALUES (?, ?, ?, ?, ?, ?, ?, ?, ?, ?, ?, ?)
	bind =&gt; [12 parameters bound]
Query: InsertObjectQuery(Cliente{
id=1
identificacion=Avenia Plutarco
tipoCliente=null
estado=Activo
fechaAlta=Thu Apr 28 17:23:37 CEST 2022
fechaBaja=null
direccion=null
ciudad=Malaga
codigopostal=29004
pais=Espana
cuentasFintech={[]}}Empresa{
razon_social=UMA})
	at org.eclipse.persistence.exceptions.DatabaseException.sqlException(DatabaseException.java:333)
	at org.eclipse.persistence.internal.databaseaccess.DatabaseAccessor.executeDirectNoSelect(DatabaseAccessor.java:908)
	at org.eclipse.persistence.internal.databaseaccess.DatabaseAccessor.executeNoSelect(DatabaseAccessor.java:970)
	at org.eclipse.persistence.internal.databaseaccess.DatabaseAccessor.basicExecuteCall(DatabaseAccessor.java:640)
	at org.eclipse.persistence.internal.databaseaccess.DatabaseAccessor.executeCall(DatabaseAccessor.java:567)
	at org.eclipse.persistence.internal.sessions.AbstractSession.basicExecuteCall(AbstractSession.java:2099)
	at org.eclipse.persistence.sessions.server.ClientSession.executeCall(ClientSession.java:313)
	at org.eclipse.persistence.internal.queries.DatasourceCallQueryMechanism.executeCall(DatasourceCallQueryMechanism.java:275)
	at org.eclipse.persistence.internal.queries.DatasourceCallQueryMechanism.insertObject(DatasourceCallQueryMechanism.java:397)
	at org.eclipse.persistence.internal.queries.StatementQueryMechanism.insertObject(StatementQueryMechanism.java:167)
	at org.eclipse.persistence.internal.queries.StatementQueryMechanism.insertObject(StatementQueryMechanism.java:182)
	at org.eclipse.persistence.internal.queries.DatabaseQueryMechanism.insertObjectForWrite(DatabaseQueryMechanism.java:504)
	at org.eclipse.persistence.queries.InsertObjectQuery.executeCommit(InsertObjectQuery.java:82)
	at org.eclipse.persistence.queries.InsertObjectQuery.executeCommitWithChangeSet(InsertObjectQuery.java:92)
	at org.eclipse.persistence.internal.queries.DatabaseQueryMechanism.executeWriteWithChangeSet(DatabaseQueryMechanism.java:316)
	at org.eclipse.persistence.queries.WriteObjectQuery.executeDatabaseQuery(WriteObjectQuery.java:60)
	at org.eclipse.persistence.queries.DatabaseQuery.execute(DatabaseQuery.java:911)
	at org.eclipse.persistence.queries.DatabaseQuery.executeInUnitOfWork(DatabaseQuery.java:810)
	at org.eclipse.persistence.queries.ObjectLevelModifyQuery.executeInUnitOfWorkObjectLevelModifyQuery(ObjectLevelModifyQuery.java:110)
	at org.eclipse.persistence.queries.ObjectLevelModifyQuery.executeInUnitOfWork(ObjectLevelModifyQuery.java:87)
	at org.eclipse.persistence.internal.sessions.UnitOfWorkImpl.internalExecuteQuery(UnitOfWorkImpl.java:2983)
	at org.eclipse.persistence.internal.sessions.AbstractSession.executeQuery(AbstractSession.java:1898)
	at org.eclipse.persistence.internal.sessions.AbstractSession.executeQuery(AbstractSession.java:1880)
	at org.eclipse.persistence.internal.sessions.AbstractSession.executeQuery(AbstractSession.java:1830)
	at org.eclipse.persistence.internal.sessions.CommitManager.commitNewObjectsForClassWithChangeSet(CommitManager.java:229)
	at org.eclipse.persistence.internal.sessions.CommitManager.commitAllObjectsForClassWithChangeSet(CommitManager.java:196)
	at org.eclipse.persistence.internal.sessions.CommitManager.commitAllObjectsWithChangeSet(CommitManager.java:141)
	at org.eclipse.persistence.internal.sessions.AbstractSession.writeAllObjectsWithChangeSet(AbstractSession.java:4398)
	at org.eclipse.persistence.internal.sessions.UnitOfWorkImpl.commitToDatabase(UnitOfWorkImpl.java:1495)
	at org.eclipse.persistence.internal.sessions.UnitOfWorkImpl.commitToDatabaseWithChangeSet(UnitOfWorkImpl.java:1585)
	at org.eclipse.persistence.internal.sessions.RepeatableWriteUnitOfWork.commitRootUnitOfWork(RepeatableWriteUnitOfWork.java:280)
	at org.eclipse.persistence.internal.sessions.UnitOfWorkImpl.commitAndResume(UnitOfWorkImpl.java:1222)
	at org.eclipse.persistence.internal.jpa.transaction.EntityTransactionImpl.commit(EntityTransactionImpl.java:136)
	... 45 more
Caused by: org.h2.jdbc.JdbcSQLIntegrityConstraintViolationException: La columna &quot;DIRECCION&quot; no permite valores nulos (NULL)
NULL not allowed for column &quot;DIRECCION&quot;; SQL statement:
INSERT INTO CLIENTE (ID, CIUDAD, CODIGOPOSTAL, DIRECCION, ESTADO, FECHAALTA, FECHABAJA, IDENTIFICACION, PAIS, TIPOCLIENTE, USER_USER, DTYPE) VALUES (?, ?, ?, ?, ?, ?, ?, ?, ?, ?, ?, ?) [23502-200]
	at org.h2.message.DbException.getJdbcSQLException(DbException.java:459)
	at org.h2.message.DbException.getJdbcSQLException(DbException.java:429)
	at org.h2.message.DbException.get(DbException.java:205)
	at org.h2.message.DbException.get(DbException.java:181)
	at org.h2.table.Column.validateConvertUpdateSequence(Column.java:374)
	at org.h2.table.Table.validateConvertUpdateSequence(Table.java:845)
	at org.h2.command.dml.Insert.insertRows(Insert.java:187)
	at org.h2.command.dml.Insert.update(Insert.java:151)
	at org.h2.command.CommandContainer.update(CommandContainer.java:198)
	at org.h2.command.Command.executeUpdate(Command.java:251)
	at org.h2.jdbc.JdbcPreparedStatement.executeUpdateInternal(JdbcPreparedStatement.java:191)
	at org.h2.jdbc.JdbcPreparedStatement.executeUpdate(JdbcPreparedStatement.java:152)
	at org.eclipse.persistence.internal.databaseaccess.DatabaseAccessor.executeDirectNoSelect(DatabaseAccessor.java:898)
	... 76 more
</error>
    <system-out>[EL Warning]: 2022-04-28 17:23:37.599--UnitOfWork(1105717178)--Exception [EclipseLink-4002] (Eclipse Persistence Services - 2.7.6.v20200131-b7c997804f): org.eclipse.persistence.exceptions.DatabaseException
Internal Exception: org.h2.jdbc.JdbcSQLIntegrityConstraintViolationException: La columna &quot;DIRECCION&quot; no permite valores nulos (NULL)
NULL not allowed for column &quot;DIRECCION&quot;; SQL statement:
INSERT INTO CLIENTE (ID, CIUDAD, CODIGOPOSTAL, DIRECCION, ESTADO, FECHAALTA, FECHABAJA, IDENTIFICACION, PAIS, TIPOCLIENTE, USER_USER, DTYPE) VALUES (?, ?, ?, ?, ?, ?, ?, ?, ?, ?, ?, ?) [23502-200]
Error Code: 23502
Call: INSERT INTO CLIENTE (ID, CIUDAD, CODIGOPOSTAL, DIRECCION, ESTADO, FECHAALTA, FECHABAJA, IDENTIFICACION, PAIS, TIPOCLIENTE, USER_USER, DTYPE) VALUES (?, ?, ?, ?, ?, ?, ?, ?, ?, ?, ?, ?)
	bind =&gt; [12 parameters bound]
Query: InsertObjectQuery(Cliente{
id=1
identificacion=Avenia Plutarco
tipoCliente=null
estado=Activo
fechaAlta=Thu Apr 28 17:23:37 CEST 2022
fechaBaja=null
direccion=null
ciudad=Malaga
codigopostal=29004
pais=Espana
cuentasFintech={[]}}Empresa{
razon_social=UMA})
</system-out>
  </testcase>
  <testcase classname="ma3s.fintech.test.Clientes" name="testModCodigoPostalCampoVacio" time="0.041">
    <error message="Exception [EclipseLink-4002] (Eclipse Persistence Services - 2.7.6.v20200131-b7c997804f): org.eclipse.persistence.exceptions.DatabaseException
Internal Exception: org.h2.jdbc.JdbcSQLIntegrityConstraintViolationException: La columna &quot;DIRECCION&quot; no permite valores nulos (NULL)
NULL not allowed for column &quot;DIRECCION&quot;; SQL statement:
INSERT INTO CLIENTE (ID, CIUDAD, CODIGOPOSTAL, DIRECCION, ESTADO, FECHAALTA, FECHABAJA, IDENTIFICACION, PAIS, TIPOCLIENTE, USER_USER, DTYPE) VALUES (?, ?, ?, ?, ?, ?, ?, ?, ?, ?, ?, ?) [23502-200]
Error Code: 23502
Call: INSERT INTO CLIENTE (ID, CIUDAD, CODIGOPOSTAL, DIRECCION, ESTADO, FECHAALTA, FECHABAJA, IDENTIFICACION, PAIS, TIPOCLIENTE, USER_USER, DTYPE) VALUES (?, ?, ?, ?, ?, ?, ?, ?, ?, ?, ?, ?)
	bind =&gt; [12 parameters bound]
Query: InsertObjectQuery(Cliente{
id=1
identificacion=Avenia Plutarco
tipoCliente=null
estado=Activo
fechaAlta=Thu Apr 28 17:23:37 CEST 2022
fechaBaja=null
direccion=null
ciudad=Malaga
codigopostal=29004
pais=Espana
cuentasFintech={[]}}Empresa{
razon_social=UMA})" type="javax.persistence.RollbackException">javax.persistence.RollbackException: Exception [EclipseLink-4002] (Eclipse Persistence Services - 2.7.6.v20200131-b7c997804f): org.eclipse.persistence.exceptions.DatabaseException
Internal Exception: org.h2.jdbc.JdbcSQLIntegrityConstraintViolationException: La columna &quot;DIRECCION&quot; no permite valores nulos (NULL)
NULL not allowed for column &quot;DIRECCION&quot;; SQL statement:
INSERT INTO CLIENTE (ID, CIUDAD, CODIGOPOSTAL, DIRECCION, ESTADO, FECHAALTA, FECHABAJA, IDENTIFICACION, PAIS, TIPOCLIENTE, USER_USER, DTYPE) VALUES (?, ?, ?, ?, ?, ?, ?, ?, ?, ?, ?, ?) [23502-200]
Error Code: 23502
Call: INSERT INTO CLIENTE (ID, CIUDAD, CODIGOPOSTAL, DIRECCION, ESTADO, FECHAALTA, FECHABAJA, IDENTIFICACION, PAIS, TIPOCLIENTE, USER_USER, DTYPE) VALUES (?, ?, ?, ?, ?, ?, ?, ?, ?, ?, ?, ?)
	bind =&gt; [12 parameters bound]
Query: InsertObjectQuery(Cliente{
id=1
identificacion=Avenia Plutarco
tipoCliente=null
estado=Activo
fechaAlta=Thu Apr 28 17:23:37 CEST 2022
fechaBaja=null
direccion=null
ciudad=Malaga
codigopostal=29004
pais=Espana
cuentasFintech={[]}}Empresa{
razon_social=UMA})
	at org.eclipse.persistence.internal.jpa.transaction.EntityTransactionImpl.commit(EntityTransactionImpl.java:161)
	at ma3s.fintech.test.BaseDatos.inicializaBaseDatos(BaseDatos.java:229)
	at ma3s.fintech.test.Clientes.setup(Clientes.java:31)
	at sun.reflect.GeneratedMethodAccessor24.invoke(Unknown Source)
	at sun.reflect.DelegatingMethodAccessorImpl.invoke(DelegatingMethodAccessorImpl.java:43)
	at java.lang.reflect.Method.invoke(Method.java:498)
	at org.junit.runners.model.FrameworkMethod$1.runReflectiveCall(FrameworkMethod.java:59)
	at org.junit.internal.runners.model.ReflectiveCallable.run(ReflectiveCallable.java:12)
	at org.junit.runners.model.FrameworkMethod.invokeExplosively(FrameworkMethod.java:56)
	at org.junit.internal.runners.statements.RunBefores.invokeMethod(RunBefores.java:33)
	at org.junit.internal.runners.statements.RunBefores.evaluate(RunBefores.java:24)
	at org.junit.runners.ParentRunner$3.evaluate(ParentRunner.java:306)
	at org.junit.runners.BlockJUnit4ClassRunner$1.evaluate(BlockJUnit4ClassRunner.java:100)
	at org.junit.runners.ParentRunner.runLeaf(ParentRunner.java:366)
	at org.junit.runners.BlockJUnit4ClassRunner.runChild(BlockJUnit4ClassRunner.java:103)
	at org.junit.runners.BlockJUnit4ClassRunner.runChild(BlockJUnit4ClassRunner.java:63)
	at org.junit.runners.ParentRunner$4.run(ParentRunner.java:331)
	at org.junit.runners.ParentRunner$1.schedule(ParentRunner.java:79)
	at org.junit.runners.ParentRunner.runChildren(ParentRunner.java:329)
	at org.junit.runners.ParentRunner.access$100(ParentRunner.java:66)
	at org.junit.runners.ParentRunner$2.evaluate(ParentRunner.java:293)
	at org.junit.runners.ParentRunner$3.evaluate(ParentRunner.java:306)
	at org.junit.runners.ParentRunner.run(ParentRunner.java:413)
	at org.junit.runners.Suite.runChild(Suite.java:128)
	at org.junit.runners.Suite.runChild(Suite.java:27)
	at org.junit.runners.ParentRunner$4.run(ParentRunner.java:331)
	at org.junit.runners.ParentRunner$1.schedule(ParentRunner.java:79)
	at org.junit.runners.ParentRunner.runChildren(ParentRunner.java:329)
	at org.junit.runners.ParentRunner.access$100(ParentRunner.java:66)
	at org.junit.runners.ParentRunner$2.evaluate(ParentRunner.java:293)
	at org.junit.internal.runners.statements.RunBefores.evaluate(RunBefores.java:26)
	at org.junit.internal.runners.statements.RunAfters.evaluate(RunAfters.java:27)
	at org.junit.runners.ParentRunner$3.evaluate(ParentRunner.java:306)
	at org.junit.runners.ParentRunner.run(ParentRunner.java:413)
	at org.apache.maven.surefire.junit4.JUnit4Provider.execute(JUnit4Provider.java:252)
	at org.apache.maven.surefire.junit4.JUnit4Provider.executeTestSet(JUnit4Provider.java:141)
	at org.apache.maven.surefire.junit4.JUnit4Provider.invoke(JUnit4Provider.java:112)
	at sun.reflect.NativeMethodAccessorImpl.invoke0(Native Method)
	at sun.reflect.NativeMethodAccessorImpl.invoke(NativeMethodAccessorImpl.java:62)
	at sun.reflect.DelegatingMethodAccessorImpl.invoke(DelegatingMethodAccessorImpl.java:43)
	at java.lang.reflect.Method.invoke(Method.java:498)
	at org.apache.maven.surefire.util.ReflectionUtils.invokeMethodWithArray(ReflectionUtils.java:189)
	at org.apache.maven.surefire.booter.ProviderFactory$ProviderProxy.invoke(ProviderFactory.java:165)
	at org.apache.maven.surefire.booter.ProviderFactory.invokeProvider(ProviderFactory.java:85)
	at org.apache.maven.surefire.booter.ForkedBooter.runSuitesInProcess(ForkedBooter.java:115)
	at org.apache.maven.surefire.booter.ForkedBooter.main(ForkedBooter.java:75)
Caused by: Exception [EclipseLink-4002] (Eclipse Persistence Services - 2.7.6.v20200131-b7c997804f): org.eclipse.persistence.exceptions.DatabaseException
Internal Exception: org.h2.jdbc.JdbcSQLIntegrityConstraintViolationException: La columna &quot;DIRECCION&quot; no permite valores nulos (NULL)
NULL not allowed for column &quot;DIRECCION&quot;; SQL statement:
INSERT INTO CLIENTE (ID, CIUDAD, CODIGOPOSTAL, DIRECCION, ESTADO, FECHAALTA, FECHABAJA, IDENTIFICACION, PAIS, TIPOCLIENTE, USER_USER, DTYPE) VALUES (?, ?, ?, ?, ?, ?, ?, ?, ?, ?, ?, ?) [23502-200]
Error Code: 23502
Call: INSERT INTO CLIENTE (ID, CIUDAD, CODIGOPOSTAL, DIRECCION, ESTADO, FECHAALTA, FECHABAJA, IDENTIFICACION, PAIS, TIPOCLIENTE, USER_USER, DTYPE) VALUES (?, ?, ?, ?, ?, ?, ?, ?, ?, ?, ?, ?)
	bind =&gt; [12 parameters bound]
Query: InsertObjectQuery(Cliente{
id=1
identificacion=Avenia Plutarco
tipoCliente=null
estado=Activo
fechaAlta=Thu Apr 28 17:23:37 CEST 2022
fechaBaja=null
direccion=null
ciudad=Malaga
codigopostal=29004
pais=Espana
cuentasFintech={[]}}Empresa{
razon_social=UMA})
	at org.eclipse.persistence.exceptions.DatabaseException.sqlException(DatabaseException.java:333)
	at org.eclipse.persistence.internal.databaseaccess.DatabaseAccessor.executeDirectNoSelect(DatabaseAccessor.java:908)
	at org.eclipse.persistence.internal.databaseaccess.DatabaseAccessor.executeNoSelect(DatabaseAccessor.java:970)
	at org.eclipse.persistence.internal.databaseaccess.DatabaseAccessor.basicExecuteCall(DatabaseAccessor.java:640)
	at org.eclipse.persistence.internal.databaseaccess.DatabaseAccessor.executeCall(DatabaseAccessor.java:567)
	at org.eclipse.persistence.internal.sessions.AbstractSession.basicExecuteCall(AbstractSession.java:2099)
	at org.eclipse.persistence.sessions.server.ClientSession.executeCall(ClientSession.java:313)
	at org.eclipse.persistence.internal.queries.DatasourceCallQueryMechanism.executeCall(DatasourceCallQueryMechanism.java:275)
	at org.eclipse.persistence.internal.queries.DatasourceCallQueryMechanism.insertObject(DatasourceCallQueryMechanism.java:397)
	at org.eclipse.persistence.internal.queries.StatementQueryMechanism.insertObject(StatementQueryMechanism.java:167)
	at org.eclipse.persistence.internal.queries.StatementQueryMechanism.insertObject(StatementQueryMechanism.java:182)
	at org.eclipse.persistence.internal.queries.DatabaseQueryMechanism.insertObjectForWrite(DatabaseQueryMechanism.java:504)
	at org.eclipse.persistence.queries.InsertObjectQuery.executeCommit(InsertObjectQuery.java:82)
	at org.eclipse.persistence.queries.InsertObjectQuery.executeCommitWithChangeSet(InsertObjectQuery.java:92)
	at org.eclipse.persistence.internal.queries.DatabaseQueryMechanism.executeWriteWithChangeSet(DatabaseQueryMechanism.java:316)
	at org.eclipse.persistence.queries.WriteObjectQuery.executeDatabaseQuery(WriteObjectQuery.java:60)
	at org.eclipse.persistence.queries.DatabaseQuery.execute(DatabaseQuery.java:911)
	at org.eclipse.persistence.queries.DatabaseQuery.executeInUnitOfWork(DatabaseQuery.java:810)
	at org.eclipse.persistence.queries.ObjectLevelModifyQuery.executeInUnitOfWorkObjectLevelModifyQuery(ObjectLevelModifyQuery.java:110)
	at org.eclipse.persistence.queries.ObjectLevelModifyQuery.executeInUnitOfWork(ObjectLevelModifyQuery.java:87)
	at org.eclipse.persistence.internal.sessions.UnitOfWorkImpl.internalExecuteQuery(UnitOfWorkImpl.java:2983)
	at org.eclipse.persistence.internal.sessions.AbstractSession.executeQuery(AbstractSession.java:1898)
	at org.eclipse.persistence.internal.sessions.AbstractSession.executeQuery(AbstractSession.java:1880)
	at org.eclipse.persistence.internal.sessions.AbstractSession.executeQuery(AbstractSession.java:1830)
	at org.eclipse.persistence.internal.sessions.CommitManager.commitNewObjectsForClassWithChangeSet(CommitManager.java:229)
	at org.eclipse.persistence.internal.sessions.CommitManager.commitAllObjectsForClassWithChangeSet(CommitManager.java:196)
	at org.eclipse.persistence.internal.sessions.CommitManager.commitAllObjectsWithChangeSet(CommitManager.java:141)
	at org.eclipse.persistence.internal.sessions.AbstractSession.writeAllObjectsWithChangeSet(AbstractSession.java:4398)
	at org.eclipse.persistence.internal.sessions.UnitOfWorkImpl.commitToDatabase(UnitOfWorkImpl.java:1495)
	at org.eclipse.persistence.internal.sessions.UnitOfWorkImpl.commitToDatabaseWithChangeSet(UnitOfWorkImpl.java:1585)
	at org.eclipse.persistence.internal.sessions.RepeatableWriteUnitOfWork.commitRootUnitOfWork(RepeatableWriteUnitOfWork.java:280)
	at org.eclipse.persistence.internal.sessions.UnitOfWorkImpl.commitAndResume(UnitOfWorkImpl.java:1222)
	at org.eclipse.persistence.internal.jpa.transaction.EntityTransactionImpl.commit(EntityTransactionImpl.java:136)
	... 45 more
Caused by: org.h2.jdbc.JdbcSQLIntegrityConstraintViolationException: La columna &quot;DIRECCION&quot; no permite valores nulos (NULL)
NULL not allowed for column &quot;DIRECCION&quot;; SQL statement:
INSERT INTO CLIENTE (ID, CIUDAD, CODIGOPOSTAL, DIRECCION, ESTADO, FECHAALTA, FECHABAJA, IDENTIFICACION, PAIS, TIPOCLIENTE, USER_USER, DTYPE) VALUES (?, ?, ?, ?, ?, ?, ?, ?, ?, ?, ?, ?) [23502-200]
	at org.h2.message.DbException.getJdbcSQLException(DbException.java:459)
	at org.h2.message.DbException.getJdbcSQLException(DbException.java:429)
	at org.h2.message.DbException.get(DbException.java:205)
	at org.h2.message.DbException.get(DbException.java:181)
	at org.h2.table.Column.validateConvertUpdateSequence(Column.java:374)
	at org.h2.table.Table.validateConvertUpdateSequence(Table.java:845)
	at org.h2.command.dml.Insert.insertRows(Insert.java:187)
	at org.h2.command.dml.Insert.update(Insert.java:151)
	at org.h2.command.CommandContainer.update(CommandContainer.java:198)
	at org.h2.command.Command.executeUpdate(Command.java:251)
	at org.h2.jdbc.JdbcPreparedStatement.executeUpdateInternal(JdbcPreparedStatement.java:191)
	at org.h2.jdbc.JdbcPreparedStatement.executeUpdate(JdbcPreparedStatement.java:152)
	at org.eclipse.persistence.internal.databaseaccess.DatabaseAccessor.executeDirectNoSelect(DatabaseAccessor.java:898)
	... 76 more
</error>
    <system-out>[EL Warning]: 2022-04-28 17:23:37.638--UnitOfWork(1788184911)--Exception [EclipseLink-4002] (Eclipse Persistence Services - 2.7.6.v20200131-b7c997804f): org.eclipse.persistence.exceptions.DatabaseException
Internal Exception: org.h2.jdbc.JdbcSQLIntegrityConstraintViolationException: La columna &quot;DIRECCION&quot; no permite valores nulos (NULL)
NULL not allowed for column &quot;DIRECCION&quot;; SQL statement:
INSERT INTO CLIENTE (ID, CIUDAD, CODIGOPOSTAL, DIRECCION, ESTADO, FECHAALTA, FECHABAJA, IDENTIFICACION, PAIS, TIPOCLIENTE, USER_USER, DTYPE) VALUES (?, ?, ?, ?, ?, ?, ?, ?, ?, ?, ?, ?) [23502-200]
Error Code: 23502
Call: INSERT INTO CLIENTE (ID, CIUDAD, CODIGOPOSTAL, DIRECCION, ESTADO, FECHAALTA, FECHABAJA, IDENTIFICACION, PAIS, TIPOCLIENTE, USER_USER, DTYPE) VALUES (?, ?, ?, ?, ?, ?, ?, ?, ?, ?, ?, ?)
	bind =&gt; [12 parameters bound]
Query: InsertObjectQuery(Cliente{
id=1
identificacion=Avenia Plutarco
tipoCliente=null
estado=Activo
fechaAlta=Thu Apr 28 17:23:37 CEST 2022
fechaBaja=null
direccion=null
ciudad=Malaga
codigopostal=29004
pais=Espana
cuentasFintech={[]}}Empresa{
razon_social=UMA})
</system-out>
  </testcase>
  <testcase classname="ma3s.fintech.test.Clientes" name="testModPaisEmpresa" time="0.038">
    <error message="Exception [EclipseLink-4002] (Eclipse Persistence Services - 2.7.6.v20200131-b7c997804f): org.eclipse.persistence.exceptions.DatabaseException
Internal Exception: org.h2.jdbc.JdbcSQLIntegrityConstraintViolationException: La columna &quot;DIRECCION&quot; no permite valores nulos (NULL)
NULL not allowed for column &quot;DIRECCION&quot;; SQL statement:
INSERT INTO CLIENTE (ID, CIUDAD, CODIGOPOSTAL, DIRECCION, ESTADO, FECHAALTA, FECHABAJA, IDENTIFICACION, PAIS, TIPOCLIENTE, USER_USER, DTYPE) VALUES (?, ?, ?, ?, ?, ?, ?, ?, ?, ?, ?, ?) [23502-200]
Error Code: 23502
Call: INSERT INTO CLIENTE (ID, CIUDAD, CODIGOPOSTAL, DIRECCION, ESTADO, FECHAALTA, FECHABAJA, IDENTIFICACION, PAIS, TIPOCLIENTE, USER_USER, DTYPE) VALUES (?, ?, ?, ?, ?, ?, ?, ?, ?, ?, ?, ?)
	bind =&gt; [12 parameters bound]
Query: InsertObjectQuery(Cliente{
id=2
identificacion=avenida de Murcia
tipoCliente=null
estado=Activo
fechaAlta=Thu Apr 28 17:23:37 CEST 2022
fechaBaja=null
direccion=null
ciudad=Murcia
codigopostal=29845
pais=Espana
cuentasFintech={[]}}Empresa{
razon_social=UCAM})" type="javax.persistence.RollbackException">javax.persistence.RollbackException: Exception [EclipseLink-4002] (Eclipse Persistence Services - 2.7.6.v20200131-b7c997804f): org.eclipse.persistence.exceptions.DatabaseException
Internal Exception: org.h2.jdbc.JdbcSQLIntegrityConstraintViolationException: La columna &quot;DIRECCION&quot; no permite valores nulos (NULL)
NULL not allowed for column &quot;DIRECCION&quot;; SQL statement:
INSERT INTO CLIENTE (ID, CIUDAD, CODIGOPOSTAL, DIRECCION, ESTADO, FECHAALTA, FECHABAJA, IDENTIFICACION, PAIS, TIPOCLIENTE, USER_USER, DTYPE) VALUES (?, ?, ?, ?, ?, ?, ?, ?, ?, ?, ?, ?) [23502-200]
Error Code: 23502
Call: INSERT INTO CLIENTE (ID, CIUDAD, CODIGOPOSTAL, DIRECCION, ESTADO, FECHAALTA, FECHABAJA, IDENTIFICACION, PAIS, TIPOCLIENTE, USER_USER, DTYPE) VALUES (?, ?, ?, ?, ?, ?, ?, ?, ?, ?, ?, ?)
	bind =&gt; [12 parameters bound]
Query: InsertObjectQuery(Cliente{
id=2
identificacion=avenida de Murcia
tipoCliente=null
estado=Activo
fechaAlta=Thu Apr 28 17:23:37 CEST 2022
fechaBaja=null
direccion=null
ciudad=Murcia
codigopostal=29845
pais=Espana
cuentasFintech={[]}}Empresa{
razon_social=UCAM})
	at org.eclipse.persistence.internal.jpa.transaction.EntityTransactionImpl.commit(EntityTransactionImpl.java:161)
	at ma3s.fintech.test.BaseDatos.inicializaBaseDatos(BaseDatos.java:229)
	at ma3s.fintech.test.Clientes.setup(Clientes.java:31)
	at sun.reflect.GeneratedMethodAccessor24.invoke(Unknown Source)
	at sun.reflect.DelegatingMethodAccessorImpl.invoke(DelegatingMethodAccessorImpl.java:43)
	at java.lang.reflect.Method.invoke(Method.java:498)
	at org.junit.runners.model.FrameworkMethod$1.runReflectiveCall(FrameworkMethod.java:59)
	at org.junit.internal.runners.model.ReflectiveCallable.run(ReflectiveCallable.java:12)
	at org.junit.runners.model.FrameworkMethod.invokeExplosively(FrameworkMethod.java:56)
	at org.junit.internal.runners.statements.RunBefores.invokeMethod(RunBefores.java:33)
	at org.junit.internal.runners.statements.RunBefores.evaluate(RunBefores.java:24)
	at org.junit.runners.ParentRunner$3.evaluate(ParentRunner.java:306)
	at org.junit.runners.BlockJUnit4ClassRunner$1.evaluate(BlockJUnit4ClassRunner.java:100)
	at org.junit.runners.ParentRunner.runLeaf(ParentRunner.java:366)
	at org.junit.runners.BlockJUnit4ClassRunner.runChild(BlockJUnit4ClassRunner.java:103)
	at org.junit.runners.BlockJUnit4ClassRunner.runChild(BlockJUnit4ClassRunner.java:63)
	at org.junit.runners.ParentRunner$4.run(ParentRunner.java:331)
	at org.junit.runners.ParentRunner$1.schedule(ParentRunner.java:79)
	at org.junit.runners.ParentRunner.runChildren(ParentRunner.java:329)
	at org.junit.runners.ParentRunner.access$100(ParentRunner.java:66)
	at org.junit.runners.ParentRunner$2.evaluate(ParentRunner.java:293)
	at org.junit.runners.ParentRunner$3.evaluate(ParentRunner.java:306)
	at org.junit.runners.ParentRunner.run(ParentRunner.java:413)
	at org.junit.runners.Suite.runChild(Suite.java:128)
	at org.junit.runners.Suite.runChild(Suite.java:27)
	at org.junit.runners.ParentRunner$4.run(ParentRunner.java:331)
	at org.junit.runners.ParentRunner$1.schedule(ParentRunner.java:79)
	at org.junit.runners.ParentRunner.runChildren(ParentRunner.java:329)
	at org.junit.runners.ParentRunner.access$100(ParentRunner.java:66)
	at org.junit.runners.ParentRunner$2.evaluate(ParentRunner.java:293)
	at org.junit.internal.runners.statements.RunBefores.evaluate(RunBefores.java:26)
	at org.junit.internal.runners.statements.RunAfters.evaluate(RunAfters.java:27)
	at org.junit.runners.ParentRunner$3.evaluate(ParentRunner.java:306)
	at org.junit.runners.ParentRunner.run(ParentRunner.java:413)
	at org.apache.maven.surefire.junit4.JUnit4Provider.execute(JUnit4Provider.java:252)
	at org.apache.maven.surefire.junit4.JUnit4Provider.executeTestSet(JUnit4Provider.java:141)
	at org.apache.maven.surefire.junit4.JUnit4Provider.invoke(JUnit4Provider.java:112)
	at sun.reflect.NativeMethodAccessorImpl.invoke0(Native Method)
	at sun.reflect.NativeMethodAccessorImpl.invoke(NativeMethodAccessorImpl.java:62)
	at sun.reflect.DelegatingMethodAccessorImpl.invoke(DelegatingMethodAccessorImpl.java:43)
	at java.lang.reflect.Method.invoke(Method.java:498)
	at org.apache.maven.surefire.util.ReflectionUtils.invokeMethodWithArray(ReflectionUtils.java:189)
	at org.apache.maven.surefire.booter.ProviderFactory$ProviderProxy.invoke(ProviderFactory.java:165)
	at org.apache.maven.surefire.booter.ProviderFactory.invokeProvider(ProviderFactory.java:85)
	at org.apache.maven.surefire.booter.ForkedBooter.runSuitesInProcess(ForkedBooter.java:115)
	at org.apache.maven.surefire.booter.ForkedBooter.main(ForkedBooter.java:75)
Caused by: Exception [EclipseLink-4002] (Eclipse Persistence Services - 2.7.6.v20200131-b7c997804f): org.eclipse.persistence.exceptions.DatabaseException
Internal Exception: org.h2.jdbc.JdbcSQLIntegrityConstraintViolationException: La columna &quot;DIRECCION&quot; no permite valores nulos (NULL)
NULL not allowed for column &quot;DIRECCION&quot;; SQL statement:
INSERT INTO CLIENTE (ID, CIUDAD, CODIGOPOSTAL, DIRECCION, ESTADO, FECHAALTA, FECHABAJA, IDENTIFICACION, PAIS, TIPOCLIENTE, USER_USER, DTYPE) VALUES (?, ?, ?, ?, ?, ?, ?, ?, ?, ?, ?, ?) [23502-200]
Error Code: 23502
Call: INSERT INTO CLIENTE (ID, CIUDAD, CODIGOPOSTAL, DIRECCION, ESTADO, FECHAALTA, FECHABAJA, IDENTIFICACION, PAIS, TIPOCLIENTE, USER_USER, DTYPE) VALUES (?, ?, ?, ?, ?, ?, ?, ?, ?, ?, ?, ?)
	bind =&gt; [12 parameters bound]
Query: InsertObjectQuery(Cliente{
id=2
identificacion=avenida de Murcia
tipoCliente=null
estado=Activo
fechaAlta=Thu Apr 28 17:23:37 CEST 2022
fechaBaja=null
direccion=null
ciudad=Murcia
codigopostal=29845
pais=Espana
cuentasFintech={[]}}Empresa{
razon_social=UCAM})
	at org.eclipse.persistence.exceptions.DatabaseException.sqlException(DatabaseException.java:333)
	at org.eclipse.persistence.internal.databaseaccess.DatabaseAccessor.executeDirectNoSelect(DatabaseAccessor.java:908)
	at org.eclipse.persistence.internal.databaseaccess.DatabaseAccessor.executeNoSelect(DatabaseAccessor.java:970)
	at org.eclipse.persistence.internal.databaseaccess.DatabaseAccessor.basicExecuteCall(DatabaseAccessor.java:640)
	at org.eclipse.persistence.internal.databaseaccess.DatabaseAccessor.executeCall(DatabaseAccessor.java:567)
	at org.eclipse.persistence.internal.sessions.AbstractSession.basicExecuteCall(AbstractSession.java:2099)
	at org.eclipse.persistence.sessions.server.ClientSession.executeCall(ClientSession.java:313)
	at org.eclipse.persistence.internal.queries.DatasourceCallQueryMechanism.executeCall(DatasourceCallQueryMechanism.java:275)
	at org.eclipse.persistence.internal.queries.DatasourceCallQueryMechanism.insertObject(DatasourceCallQueryMechanism.java:397)
	at org.eclipse.persistence.internal.queries.StatementQueryMechanism.insertObject(StatementQueryMechanism.java:167)
	at org.eclipse.persistence.internal.queries.StatementQueryMechanism.insertObject(StatementQueryMechanism.java:182)
	at org.eclipse.persistence.internal.queries.DatabaseQueryMechanism.insertObjectForWrite(DatabaseQueryMechanism.java:504)
	at org.eclipse.persistence.queries.InsertObjectQuery.executeCommit(InsertObjectQuery.java:82)
	at org.eclipse.persistence.queries.InsertObjectQuery.executeCommitWithChangeSet(InsertObjectQuery.java:92)
	at org.eclipse.persistence.internal.queries.DatabaseQueryMechanism.executeWriteWithChangeSet(DatabaseQueryMechanism.java:316)
	at org.eclipse.persistence.queries.WriteObjectQuery.executeDatabaseQuery(WriteObjectQuery.java:60)
	at org.eclipse.persistence.queries.DatabaseQuery.execute(DatabaseQuery.java:911)
	at org.eclipse.persistence.queries.DatabaseQuery.executeInUnitOfWork(DatabaseQuery.java:810)
	at org.eclipse.persistence.queries.ObjectLevelModifyQuery.executeInUnitOfWorkObjectLevelModifyQuery(ObjectLevelModifyQuery.java:110)
	at org.eclipse.persistence.queries.ObjectLevelModifyQuery.executeInUnitOfWork(ObjectLevelModifyQuery.java:87)
	at org.eclipse.persistence.internal.sessions.UnitOfWorkImpl.internalExecuteQuery(UnitOfWorkImpl.java:2983)
	at org.eclipse.persistence.internal.sessions.AbstractSession.executeQuery(AbstractSession.java:1898)
	at org.eclipse.persistence.internal.sessions.AbstractSession.executeQuery(AbstractSession.java:1880)
	at org.eclipse.persistence.internal.sessions.AbstractSession.executeQuery(AbstractSession.java:1830)
	at org.eclipse.persistence.internal.sessions.CommitManager.commitNewObjectsForClassWithChangeSet(CommitManager.java:229)
	at org.eclipse.persistence.internal.sessions.CommitManager.commitAllObjectsForClassWithChangeSet(CommitManager.java:196)
	at org.eclipse.persistence.internal.sessions.CommitManager.commitAllObjectsWithChangeSet(CommitManager.java:141)
	at org.eclipse.persistence.internal.sessions.AbstractSession.writeAllObjectsWithChangeSet(AbstractSession.java:4398)
	at org.eclipse.persistence.internal.sessions.UnitOfWorkImpl.commitToDatabase(UnitOfWorkImpl.java:1495)
	at org.eclipse.persistence.internal.sessions.UnitOfWorkImpl.commitToDatabaseWithChangeSet(UnitOfWorkImpl.java:1585)
	at org.eclipse.persistence.internal.sessions.RepeatableWriteUnitOfWork.commitRootUnitOfWork(RepeatableWriteUnitOfWork.java:280)
	at org.eclipse.persistence.internal.sessions.UnitOfWorkImpl.commitAndResume(UnitOfWorkImpl.java:1222)
	at org.eclipse.persistence.internal.jpa.transaction.EntityTransactionImpl.commit(EntityTransactionImpl.java:136)
	... 45 more
Caused by: org.h2.jdbc.JdbcSQLIntegrityConstraintViolationException: La columna &quot;DIRECCION&quot; no permite valores nulos (NULL)
NULL not allowed for column &quot;DIRECCION&quot;; SQL statement:
INSERT INTO CLIENTE (ID, CIUDAD, CODIGOPOSTAL, DIRECCION, ESTADO, FECHAALTA, FECHABAJA, IDENTIFICACION, PAIS, TIPOCLIENTE, USER_USER, DTYPE) VALUES (?, ?, ?, ?, ?, ?, ?, ?, ?, ?, ?, ?) [23502-200]
	at org.h2.message.DbException.getJdbcSQLException(DbException.java:459)
	at org.h2.message.DbException.getJdbcSQLException(DbException.java:429)
	at org.h2.message.DbException.get(DbException.java:205)
	at org.h2.message.DbException.get(DbException.java:181)
	at org.h2.table.Column.validateConvertUpdateSequence(Column.java:374)
	at org.h2.table.Table.validateConvertUpdateSequence(Table.java:845)
	at org.h2.command.dml.Insert.insertRows(Insert.java:187)
	at org.h2.command.dml.Insert.update(Insert.java:151)
	at org.h2.command.CommandContainer.update(CommandContainer.java:198)
	at org.h2.command.Command.executeUpdate(Command.java:251)
	at org.h2.jdbc.JdbcPreparedStatement.executeUpdateInternal(JdbcPreparedStatement.java:191)
	at org.h2.jdbc.JdbcPreparedStatement.executeUpdate(JdbcPreparedStatement.java:152)
	at org.eclipse.persistence.internal.databaseaccess.DatabaseAccessor.executeDirectNoSelect(DatabaseAccessor.java:898)
	... 76 more
</error>
    <system-out>[EL Warning]: 2022-04-28 17:23:37.677--UnitOfWork(1470616220)--Exception [EclipseLink-4002] (Eclipse Persistence Services - 2.7.6.v20200131-b7c997804f): org.eclipse.persistence.exceptions.DatabaseException
Internal Exception: org.h2.jdbc.JdbcSQLIntegrityConstraintViolationException: La columna &quot;DIRECCION&quot; no permite valores nulos (NULL)
NULL not allowed for column &quot;DIRECCION&quot;; SQL statement:
INSERT INTO CLIENTE (ID, CIUDAD, CODIGOPOSTAL, DIRECCION, ESTADO, FECHAALTA, FECHABAJA, IDENTIFICACION, PAIS, TIPOCLIENTE, USER_USER, DTYPE) VALUES (?, ?, ?, ?, ?, ?, ?, ?, ?, ?, ?, ?) [23502-200]
Error Code: 23502
Call: INSERT INTO CLIENTE (ID, CIUDAD, CODIGOPOSTAL, DIRECCION, ESTADO, FECHAALTA, FECHABAJA, IDENTIFICACION, PAIS, TIPOCLIENTE, USER_USER, DTYPE) VALUES (?, ?, ?, ?, ?, ?, ?, ?, ?, ?, ?, ?)
	bind =&gt; [12 parameters bound]
Query: InsertObjectQuery(Cliente{
id=2
identificacion=avenida de Murcia
tipoCliente=null
estado=Activo
fechaAlta=Thu Apr 28 17:23:37 CEST 2022
fechaBaja=null
direccion=null
ciudad=Murcia
codigopostal=29845
pais=Espana
cuentasFintech={[]}}Empresa{
razon_social=UCAM})
</system-out>
  </testcase>
  <testcase classname="ma3s.fintech.test.Clientes" name="testModDireccionIndividualIndividualNoExistenteException" time="0.037">
    <error message="Exception [EclipseLink-4002] (Eclipse Persistence Services - 2.7.6.v20200131-b7c997804f): org.eclipse.persistence.exceptions.DatabaseException
Internal Exception: org.h2.jdbc.JdbcSQLIntegrityConstraintViolationException: La columna &quot;DIRECCION&quot; no permite valores nulos (NULL)
NULL not allowed for column &quot;DIRECCION&quot;; SQL statement:
INSERT INTO CLIENTE (ID, CIUDAD, CODIGOPOSTAL, DIRECCION, ESTADO, FECHAALTA, FECHABAJA, IDENTIFICACION, PAIS, TIPOCLIENTE, USER_USER, DTYPE) VALUES (?, ?, ?, ?, ?, ?, ?, ?, ?, ?, ?, ?) [23502-200]
Error Code: 23502
Call: INSERT INTO CLIENTE (ID, CIUDAD, CODIGOPOSTAL, DIRECCION, ESTADO, FECHAALTA, FECHABAJA, IDENTIFICACION, PAIS, TIPOCLIENTE, USER_USER, DTYPE) VALUES (?, ?, ?, ?, ?, ?, ?, ?, ?, ?, ?, ?)
	bind =&gt; [12 parameters bound]
Query: InsertObjectQuery(Cliente{
id=1
identificacion=Avenia Plutarco
tipoCliente=null
estado=Activo
fechaAlta=Thu Apr 28 17:23:37 CEST 2022
fechaBaja=null
direccion=null
ciudad=Malaga
codigopostal=29004
pais=Espana
cuentasFintech={[]}}Empresa{
razon_social=UMA})" type="javax.persistence.RollbackException">javax.persistence.RollbackException: Exception [EclipseLink-4002] (Eclipse Persistence Services - 2.7.6.v20200131-b7c997804f): org.eclipse.persistence.exceptions.DatabaseException
Internal Exception: org.h2.jdbc.JdbcSQLIntegrityConstraintViolationException: La columna &quot;DIRECCION&quot; no permite valores nulos (NULL)
NULL not allowed for column &quot;DIRECCION&quot;; SQL statement:
INSERT INTO CLIENTE (ID, CIUDAD, CODIGOPOSTAL, DIRECCION, ESTADO, FECHAALTA, FECHABAJA, IDENTIFICACION, PAIS, TIPOCLIENTE, USER_USER, DTYPE) VALUES (?, ?, ?, ?, ?, ?, ?, ?, ?, ?, ?, ?) [23502-200]
Error Code: 23502
Call: INSERT INTO CLIENTE (ID, CIUDAD, CODIGOPOSTAL, DIRECCION, ESTADO, FECHAALTA, FECHABAJA, IDENTIFICACION, PAIS, TIPOCLIENTE, USER_USER, DTYPE) VALUES (?, ?, ?, ?, ?, ?, ?, ?, ?, ?, ?, ?)
	bind =&gt; [12 parameters bound]
Query: InsertObjectQuery(Cliente{
id=1
identificacion=Avenia Plutarco
tipoCliente=null
estado=Activo
fechaAlta=Thu Apr 28 17:23:37 CEST 2022
fechaBaja=null
direccion=null
ciudad=Malaga
codigopostal=29004
pais=Espana
cuentasFintech={[]}}Empresa{
razon_social=UMA})
	at org.eclipse.persistence.internal.jpa.transaction.EntityTransactionImpl.commit(EntityTransactionImpl.java:161)
	at ma3s.fintech.test.BaseDatos.inicializaBaseDatos(BaseDatos.java:229)
	at ma3s.fintech.test.Clientes.setup(Clientes.java:31)
	at sun.reflect.GeneratedMethodAccessor24.invoke(Unknown Source)
	at sun.reflect.DelegatingMethodAccessorImpl.invoke(DelegatingMethodAccessorImpl.java:43)
	at java.lang.reflect.Method.invoke(Method.java:498)
	at org.junit.runners.model.FrameworkMethod$1.runReflectiveCall(FrameworkMethod.java:59)
	at org.junit.internal.runners.model.ReflectiveCallable.run(ReflectiveCallable.java:12)
	at org.junit.runners.model.FrameworkMethod.invokeExplosively(FrameworkMethod.java:56)
	at org.junit.internal.runners.statements.RunBefores.invokeMethod(RunBefores.java:33)
	at org.junit.internal.runners.statements.RunBefores.evaluate(RunBefores.java:24)
	at org.junit.runners.ParentRunner$3.evaluate(ParentRunner.java:306)
	at org.junit.runners.BlockJUnit4ClassRunner$1.evaluate(BlockJUnit4ClassRunner.java:100)
	at org.junit.runners.ParentRunner.runLeaf(ParentRunner.java:366)
	at org.junit.runners.BlockJUnit4ClassRunner.runChild(BlockJUnit4ClassRunner.java:103)
	at org.junit.runners.BlockJUnit4ClassRunner.runChild(BlockJUnit4ClassRunner.java:63)
	at org.junit.runners.ParentRunner$4.run(ParentRunner.java:331)
	at org.junit.runners.ParentRunner$1.schedule(ParentRunner.java:79)
	at org.junit.runners.ParentRunner.runChildren(ParentRunner.java:329)
	at org.junit.runners.ParentRunner.access$100(ParentRunner.java:66)
	at org.junit.runners.ParentRunner$2.evaluate(ParentRunner.java:293)
	at org.junit.runners.ParentRunner$3.evaluate(ParentRunner.java:306)
	at org.junit.runners.ParentRunner.run(ParentRunner.java:413)
	at org.junit.runners.Suite.runChild(Suite.java:128)
	at org.junit.runners.Suite.runChild(Suite.java:27)
	at org.junit.runners.ParentRunner$4.run(ParentRunner.java:331)
	at org.junit.runners.ParentRunner$1.schedule(ParentRunner.java:79)
	at org.junit.runners.ParentRunner.runChildren(ParentRunner.java:329)
	at org.junit.runners.ParentRunner.access$100(ParentRunner.java:66)
	at org.junit.runners.ParentRunner$2.evaluate(ParentRunner.java:293)
	at org.junit.internal.runners.statements.RunBefores.evaluate(RunBefores.java:26)
	at org.junit.internal.runners.statements.RunAfters.evaluate(RunAfters.java:27)
	at org.junit.runners.ParentRunner$3.evaluate(ParentRunner.java:306)
	at org.junit.runners.ParentRunner.run(ParentRunner.java:413)
	at org.apache.maven.surefire.junit4.JUnit4Provider.execute(JUnit4Provider.java:252)
	at org.apache.maven.surefire.junit4.JUnit4Provider.executeTestSet(JUnit4Provider.java:141)
	at org.apache.maven.surefire.junit4.JUnit4Provider.invoke(JUnit4Provider.java:112)
	at sun.reflect.NativeMethodAccessorImpl.invoke0(Native Method)
	at sun.reflect.NativeMethodAccessorImpl.invoke(NativeMethodAccessorImpl.java:62)
	at sun.reflect.DelegatingMethodAccessorImpl.invoke(DelegatingMethodAccessorImpl.java:43)
	at java.lang.reflect.Method.invoke(Method.java:498)
	at org.apache.maven.surefire.util.ReflectionUtils.invokeMethodWithArray(ReflectionUtils.java:189)
	at org.apache.maven.surefire.booter.ProviderFactory$ProviderProxy.invoke(ProviderFactory.java:165)
	at org.apache.maven.surefire.booter.ProviderFactory.invokeProvider(ProviderFactory.java:85)
	at org.apache.maven.surefire.booter.ForkedBooter.runSuitesInProcess(ForkedBooter.java:115)
	at org.apache.maven.surefire.booter.ForkedBooter.main(ForkedBooter.java:75)
Caused by: Exception [EclipseLink-4002] (Eclipse Persistence Services - 2.7.6.v20200131-b7c997804f): org.eclipse.persistence.exceptions.DatabaseException
Internal Exception: org.h2.jdbc.JdbcSQLIntegrityConstraintViolationException: La columna &quot;DIRECCION&quot; no permite valores nulos (NULL)
NULL not allowed for column &quot;DIRECCION&quot;; SQL statement:
INSERT INTO CLIENTE (ID, CIUDAD, CODIGOPOSTAL, DIRECCION, ESTADO, FECHAALTA, FECHABAJA, IDENTIFICACION, PAIS, TIPOCLIENTE, USER_USER, DTYPE) VALUES (?, ?, ?, ?, ?, ?, ?, ?, ?, ?, ?, ?) [23502-200]
Error Code: 23502
Call: INSERT INTO CLIENTE (ID, CIUDAD, CODIGOPOSTAL, DIRECCION, ESTADO, FECHAALTA, FECHABAJA, IDENTIFICACION, PAIS, TIPOCLIENTE, USER_USER, DTYPE) VALUES (?, ?, ?, ?, ?, ?, ?, ?, ?, ?, ?, ?)
	bind =&gt; [12 parameters bound]
Query: InsertObjectQuery(Cliente{
id=1
identificacion=Avenia Plutarco
tipoCliente=null
estado=Activo
fechaAlta=Thu Apr 28 17:23:37 CEST 2022
fechaBaja=null
direccion=null
ciudad=Malaga
codigopostal=29004
pais=Espana
cuentasFintech={[]}}Empresa{
razon_social=UMA})
	at org.eclipse.persistence.exceptions.DatabaseException.sqlException(DatabaseException.java:333)
	at org.eclipse.persistence.internal.databaseaccess.DatabaseAccessor.executeDirectNoSelect(DatabaseAccessor.java:908)
	at org.eclipse.persistence.internal.databaseaccess.DatabaseAccessor.executeNoSelect(DatabaseAccessor.java:970)
	at org.eclipse.persistence.internal.databaseaccess.DatabaseAccessor.basicExecuteCall(DatabaseAccessor.java:640)
	at org.eclipse.persistence.internal.databaseaccess.DatabaseAccessor.executeCall(DatabaseAccessor.java:567)
	at org.eclipse.persistence.internal.sessions.AbstractSession.basicExecuteCall(AbstractSession.java:2099)
	at org.eclipse.persistence.sessions.server.ClientSession.executeCall(ClientSession.java:313)
	at org.eclipse.persistence.internal.queries.DatasourceCallQueryMechanism.executeCall(DatasourceCallQueryMechanism.java:275)
	at org.eclipse.persistence.internal.queries.DatasourceCallQueryMechanism.insertObject(DatasourceCallQueryMechanism.java:397)
	at org.eclipse.persistence.internal.queries.StatementQueryMechanism.insertObject(StatementQueryMechanism.java:167)
	at org.eclipse.persistence.internal.queries.StatementQueryMechanism.insertObject(StatementQueryMechanism.java:182)
	at org.eclipse.persistence.internal.queries.DatabaseQueryMechanism.insertObjectForWrite(DatabaseQueryMechanism.java:504)
	at org.eclipse.persistence.queries.InsertObjectQuery.executeCommit(InsertObjectQuery.java:82)
	at org.eclipse.persistence.queries.InsertObjectQuery.executeCommitWithChangeSet(InsertObjectQuery.java:92)
	at org.eclipse.persistence.internal.queries.DatabaseQueryMechanism.executeWriteWithChangeSet(DatabaseQueryMechanism.java:316)
	at org.eclipse.persistence.queries.WriteObjectQuery.executeDatabaseQuery(WriteObjectQuery.java:60)
	at org.eclipse.persistence.queries.DatabaseQuery.execute(DatabaseQuery.java:911)
	at org.eclipse.persistence.queries.DatabaseQuery.executeInUnitOfWork(DatabaseQuery.java:810)
	at org.eclipse.persistence.queries.ObjectLevelModifyQuery.executeInUnitOfWorkObjectLevelModifyQuery(ObjectLevelModifyQuery.java:110)
	at org.eclipse.persistence.queries.ObjectLevelModifyQuery.executeInUnitOfWork(ObjectLevelModifyQuery.java:87)
	at org.eclipse.persistence.internal.sessions.UnitOfWorkImpl.internalExecuteQuery(UnitOfWorkImpl.java:2983)
	at org.eclipse.persistence.internal.sessions.AbstractSession.executeQuery(AbstractSession.java:1898)
	at org.eclipse.persistence.internal.sessions.AbstractSession.executeQuery(AbstractSession.java:1880)
	at org.eclipse.persistence.internal.sessions.AbstractSession.executeQuery(AbstractSession.java:1830)
	at org.eclipse.persistence.internal.sessions.CommitManager.commitNewObjectsForClassWithChangeSet(CommitManager.java:229)
	at org.eclipse.persistence.internal.sessions.CommitManager.commitAllObjectsForClassWithChangeSet(CommitManager.java:196)
	at org.eclipse.persistence.internal.sessions.CommitManager.commitAllObjectsWithChangeSet(CommitManager.java:141)
	at org.eclipse.persistence.internal.sessions.AbstractSession.writeAllObjectsWithChangeSet(AbstractSession.java:4398)
	at org.eclipse.persistence.internal.sessions.UnitOfWorkImpl.commitToDatabase(UnitOfWorkImpl.java:1495)
	at org.eclipse.persistence.internal.sessions.UnitOfWorkImpl.commitToDatabaseWithChangeSet(UnitOfWorkImpl.java:1585)
	at org.eclipse.persistence.internal.sessions.RepeatableWriteUnitOfWork.commitRootUnitOfWork(RepeatableWriteUnitOfWork.java:280)
	at org.eclipse.persistence.internal.sessions.UnitOfWorkImpl.commitAndResume(UnitOfWorkImpl.java:1222)
	at org.eclipse.persistence.internal.jpa.transaction.EntityTransactionImpl.commit(EntityTransactionImpl.java:136)
	... 45 more
Caused by: org.h2.jdbc.JdbcSQLIntegrityConstraintViolationException: La columna &quot;DIRECCION&quot; no permite valores nulos (NULL)
NULL not allowed for column &quot;DIRECCION&quot;; SQL statement:
INSERT INTO CLIENTE (ID, CIUDAD, CODIGOPOSTAL, DIRECCION, ESTADO, FECHAALTA, FECHABAJA, IDENTIFICACION, PAIS, TIPOCLIENTE, USER_USER, DTYPE) VALUES (?, ?, ?, ?, ?, ?, ?, ?, ?, ?, ?, ?) [23502-200]
	at org.h2.message.DbException.getJdbcSQLException(DbException.java:459)
	at org.h2.message.DbException.getJdbcSQLException(DbException.java:429)
	at org.h2.message.DbException.get(DbException.java:205)
	at org.h2.message.DbException.get(DbException.java:181)
	at org.h2.table.Column.validateConvertUpdateSequence(Column.java:374)
	at org.h2.table.Table.validateConvertUpdateSequence(Table.java:845)
	at org.h2.command.dml.Insert.insertRows(Insert.java:187)
	at org.h2.command.dml.Insert.update(Insert.java:151)
	at org.h2.command.CommandContainer.update(CommandContainer.java:198)
	at org.h2.command.Command.executeUpdate(Command.java:251)
	at org.h2.jdbc.JdbcPreparedStatement.executeUpdateInternal(JdbcPreparedStatement.java:191)
	at org.h2.jdbc.JdbcPreparedStatement.executeUpdate(JdbcPreparedStatement.java:152)
	at org.eclipse.persistence.internal.databaseaccess.DatabaseAccessor.executeDirectNoSelect(DatabaseAccessor.java:898)
	... 76 more
</error>
    <system-out>[EL Warning]: 2022-04-28 17:23:37.715--UnitOfWork(1720946136)--Exception [EclipseLink-4002] (Eclipse Persistence Services - 2.7.6.v20200131-b7c997804f): org.eclipse.persistence.exceptions.DatabaseException
Internal Exception: org.h2.jdbc.JdbcSQLIntegrityConstraintViolationException: La columna &quot;DIRECCION&quot; no permite valores nulos (NULL)
NULL not allowed for column &quot;DIRECCION&quot;; SQL statement:
INSERT INTO CLIENTE (ID, CIUDAD, CODIGOPOSTAL, DIRECCION, ESTADO, FECHAALTA, FECHABAJA, IDENTIFICACION, PAIS, TIPOCLIENTE, USER_USER, DTYPE) VALUES (?, ?, ?, ?, ?, ?, ?, ?, ?, ?, ?, ?) [23502-200]
Error Code: 23502
Call: INSERT INTO CLIENTE (ID, CIUDAD, CODIGOPOSTAL, DIRECCION, ESTADO, FECHAALTA, FECHABAJA, IDENTIFICACION, PAIS, TIPOCLIENTE, USER_USER, DTYPE) VALUES (?, ?, ?, ?, ?, ?, ?, ?, ?, ?, ?, ?)
	bind =&gt; [12 parameters bound]
Query: InsertObjectQuery(Cliente{
id=1
identificacion=Avenia Plutarco
tipoCliente=null
estado=Activo
fechaAlta=Thu Apr 28 17:23:37 CEST 2022
fechaBaja=null
direccion=null
ciudad=Malaga
codigopostal=29004
pais=Espana
cuentasFintech={[]}}Empresa{
razon_social=UMA})
</system-out>
  </testcase>
  <testcase classname="ma3s.fintech.test.Clientes" name="testDarAltaEmpresaCampoVacio" time="0.044">
    <error message="Exception [EclipseLink-4002] (Eclipse Persistence Services - 2.7.6.v20200131-b7c997804f): org.eclipse.persistence.exceptions.DatabaseException
Internal Exception: org.h2.jdbc.JdbcSQLIntegrityConstraintViolationException: La columna &quot;DIRECCION&quot; no permite valores nulos (NULL)
NULL not allowed for column &quot;DIRECCION&quot;; SQL statement:
INSERT INTO CLIENTE (ID, CIUDAD, CODIGOPOSTAL, DIRECCION, ESTADO, FECHAALTA, FECHABAJA, IDENTIFICACION, PAIS, TIPOCLIENTE, USER_USER, DTYPE) VALUES (?, ?, ?, ?, ?, ?, ?, ?, ?, ?, ?, ?) [23502-200]
Error Code: 23502
Call: INSERT INTO CLIENTE (ID, CIUDAD, CODIGOPOSTAL, DIRECCION, ESTADO, FECHAALTA, FECHABAJA, IDENTIFICACION, PAIS, TIPOCLIENTE, USER_USER, DTYPE) VALUES (?, ?, ?, ?, ?, ?, ?, ?, ?, ?, ?, ?)
	bind =&gt; [12 parameters bound]
Query: InsertObjectQuery(Cliente{
id=1
identificacion=Avenia Plutarco
tipoCliente=null
estado=Activo
fechaAlta=Thu Apr 28 17:23:37 CEST 2022
fechaBaja=null
direccion=null
ciudad=Malaga
codigopostal=29004
pais=Espana
cuentasFintech={[]}}Empresa{
razon_social=UMA})" type="javax.persistence.RollbackException">javax.persistence.RollbackException: Exception [EclipseLink-4002] (Eclipse Persistence Services - 2.7.6.v20200131-b7c997804f): org.eclipse.persistence.exceptions.DatabaseException
Internal Exception: org.h2.jdbc.JdbcSQLIntegrityConstraintViolationException: La columna &quot;DIRECCION&quot; no permite valores nulos (NULL)
NULL not allowed for column &quot;DIRECCION&quot;; SQL statement:
INSERT INTO CLIENTE (ID, CIUDAD, CODIGOPOSTAL, DIRECCION, ESTADO, FECHAALTA, FECHABAJA, IDENTIFICACION, PAIS, TIPOCLIENTE, USER_USER, DTYPE) VALUES (?, ?, ?, ?, ?, ?, ?, ?, ?, ?, ?, ?) [23502-200]
Error Code: 23502
Call: INSERT INTO CLIENTE (ID, CIUDAD, CODIGOPOSTAL, DIRECCION, ESTADO, FECHAALTA, FECHABAJA, IDENTIFICACION, PAIS, TIPOCLIENTE, USER_USER, DTYPE) VALUES (?, ?, ?, ?, ?, ?, ?, ?, ?, ?, ?, ?)
	bind =&gt; [12 parameters bound]
Query: InsertObjectQuery(Cliente{
id=1
identificacion=Avenia Plutarco
tipoCliente=null
estado=Activo
fechaAlta=Thu Apr 28 17:23:37 CEST 2022
fechaBaja=null
direccion=null
ciudad=Malaga
codigopostal=29004
pais=Espana
cuentasFintech={[]}}Empresa{
razon_social=UMA})
	at org.eclipse.persistence.internal.jpa.transaction.EntityTransactionImpl.commit(EntityTransactionImpl.java:161)
	at ma3s.fintech.test.BaseDatos.inicializaBaseDatos(BaseDatos.java:229)
	at ma3s.fintech.test.Clientes.setup(Clientes.java:31)
	at sun.reflect.GeneratedMethodAccessor24.invoke(Unknown Source)
	at sun.reflect.DelegatingMethodAccessorImpl.invoke(DelegatingMethodAccessorImpl.java:43)
	at java.lang.reflect.Method.invoke(Method.java:498)
	at org.junit.runners.model.FrameworkMethod$1.runReflectiveCall(FrameworkMethod.java:59)
	at org.junit.internal.runners.model.ReflectiveCallable.run(ReflectiveCallable.java:12)
	at org.junit.runners.model.FrameworkMethod.invokeExplosively(FrameworkMethod.java:56)
	at org.junit.internal.runners.statements.RunBefores.invokeMethod(RunBefores.java:33)
	at org.junit.internal.runners.statements.RunBefores.evaluate(RunBefores.java:24)
	at org.junit.runners.ParentRunner$3.evaluate(ParentRunner.java:306)
	at org.junit.runners.BlockJUnit4ClassRunner$1.evaluate(BlockJUnit4ClassRunner.java:100)
	at org.junit.runners.ParentRunner.runLeaf(ParentRunner.java:366)
	at org.junit.runners.BlockJUnit4ClassRunner.runChild(BlockJUnit4ClassRunner.java:103)
	at org.junit.runners.BlockJUnit4ClassRunner.runChild(BlockJUnit4ClassRunner.java:63)
	at org.junit.runners.ParentRunner$4.run(ParentRunner.java:331)
	at org.junit.runners.ParentRunner$1.schedule(ParentRunner.java:79)
	at org.junit.runners.ParentRunner.runChildren(ParentRunner.java:329)
	at org.junit.runners.ParentRunner.access$100(ParentRunner.java:66)
	at org.junit.runners.ParentRunner$2.evaluate(ParentRunner.java:293)
	at org.junit.runners.ParentRunner$3.evaluate(ParentRunner.java:306)
	at org.junit.runners.ParentRunner.run(ParentRunner.java:413)
	at org.junit.runners.Suite.runChild(Suite.java:128)
	at org.junit.runners.Suite.runChild(Suite.java:27)
	at org.junit.runners.ParentRunner$4.run(ParentRunner.java:331)
	at org.junit.runners.ParentRunner$1.schedule(ParentRunner.java:79)
	at org.junit.runners.ParentRunner.runChildren(ParentRunner.java:329)
	at org.junit.runners.ParentRunner.access$100(ParentRunner.java:66)
	at org.junit.runners.ParentRunner$2.evaluate(ParentRunner.java:293)
	at org.junit.internal.runners.statements.RunBefores.evaluate(RunBefores.java:26)
	at org.junit.internal.runners.statements.RunAfters.evaluate(RunAfters.java:27)
	at org.junit.runners.ParentRunner$3.evaluate(ParentRunner.java:306)
	at org.junit.runners.ParentRunner.run(ParentRunner.java:413)
	at org.apache.maven.surefire.junit4.JUnit4Provider.execute(JUnit4Provider.java:252)
	at org.apache.maven.surefire.junit4.JUnit4Provider.executeTestSet(JUnit4Provider.java:141)
	at org.apache.maven.surefire.junit4.JUnit4Provider.invoke(JUnit4Provider.java:112)
	at sun.reflect.NativeMethodAccessorImpl.invoke0(Native Method)
	at sun.reflect.NativeMethodAccessorImpl.invoke(NativeMethodAccessorImpl.java:62)
	at sun.reflect.DelegatingMethodAccessorImpl.invoke(DelegatingMethodAccessorImpl.java:43)
	at java.lang.reflect.Method.invoke(Method.java:498)
	at org.apache.maven.surefire.util.ReflectionUtils.invokeMethodWithArray(ReflectionUtils.java:189)
	at org.apache.maven.surefire.booter.ProviderFactory$ProviderProxy.invoke(ProviderFactory.java:165)
	at org.apache.maven.surefire.booter.ProviderFactory.invokeProvider(ProviderFactory.java:85)
	at org.apache.maven.surefire.booter.ForkedBooter.runSuitesInProcess(ForkedBooter.java:115)
	at org.apache.maven.surefire.booter.ForkedBooter.main(ForkedBooter.java:75)
Caused by: Exception [EclipseLink-4002] (Eclipse Persistence Services - 2.7.6.v20200131-b7c997804f): org.eclipse.persistence.exceptions.DatabaseException
Internal Exception: org.h2.jdbc.JdbcSQLIntegrityConstraintViolationException: La columna &quot;DIRECCION&quot; no permite valores nulos (NULL)
NULL not allowed for column &quot;DIRECCION&quot;; SQL statement:
INSERT INTO CLIENTE (ID, CIUDAD, CODIGOPOSTAL, DIRECCION, ESTADO, FECHAALTA, FECHABAJA, IDENTIFICACION, PAIS, TIPOCLIENTE, USER_USER, DTYPE) VALUES (?, ?, ?, ?, ?, ?, ?, ?, ?, ?, ?, ?) [23502-200]
Error Code: 23502
Call: INSERT INTO CLIENTE (ID, CIUDAD, CODIGOPOSTAL, DIRECCION, ESTADO, FECHAALTA, FECHABAJA, IDENTIFICACION, PAIS, TIPOCLIENTE, USER_USER, DTYPE) VALUES (?, ?, ?, ?, ?, ?, ?, ?, ?, ?, ?, ?)
	bind =&gt; [12 parameters bound]
Query: InsertObjectQuery(Cliente{
id=1
identificacion=Avenia Plutarco
tipoCliente=null
estado=Activo
fechaAlta=Thu Apr 28 17:23:37 CEST 2022
fechaBaja=null
direccion=null
ciudad=Malaga
codigopostal=29004
pais=Espana
cuentasFintech={[]}}Empresa{
razon_social=UMA})
	at org.eclipse.persistence.exceptions.DatabaseException.sqlException(DatabaseException.java:333)
	at org.eclipse.persistence.internal.databaseaccess.DatabaseAccessor.executeDirectNoSelect(DatabaseAccessor.java:908)
	at org.eclipse.persistence.internal.databaseaccess.DatabaseAccessor.executeNoSelect(DatabaseAccessor.java:970)
	at org.eclipse.persistence.internal.databaseaccess.DatabaseAccessor.basicExecuteCall(DatabaseAccessor.java:640)
	at org.eclipse.persistence.internal.databaseaccess.DatabaseAccessor.executeCall(DatabaseAccessor.java:567)
	at org.eclipse.persistence.internal.sessions.AbstractSession.basicExecuteCall(AbstractSession.java:2099)
	at org.eclipse.persistence.sessions.server.ClientSession.executeCall(ClientSession.java:313)
	at org.eclipse.persistence.internal.queries.DatasourceCallQueryMechanism.executeCall(DatasourceCallQueryMechanism.java:275)
	at org.eclipse.persistence.internal.queries.DatasourceCallQueryMechanism.insertObject(DatasourceCallQueryMechanism.java:397)
	at org.eclipse.persistence.internal.queries.StatementQueryMechanism.insertObject(StatementQueryMechanism.java:167)
	at org.eclipse.persistence.internal.queries.StatementQueryMechanism.insertObject(StatementQueryMechanism.java:182)
	at org.eclipse.persistence.internal.queries.DatabaseQueryMechanism.insertObjectForWrite(DatabaseQueryMechanism.java:504)
	at org.eclipse.persistence.queries.InsertObjectQuery.executeCommit(InsertObjectQuery.java:82)
	at org.eclipse.persistence.queries.InsertObjectQuery.executeCommitWithChangeSet(InsertObjectQuery.java:92)
	at org.eclipse.persistence.internal.queries.DatabaseQueryMechanism.executeWriteWithChangeSet(DatabaseQueryMechanism.java:316)
	at org.eclipse.persistence.queries.WriteObjectQuery.executeDatabaseQuery(WriteObjectQuery.java:60)
	at org.eclipse.persistence.queries.DatabaseQuery.execute(DatabaseQuery.java:911)
	at org.eclipse.persistence.queries.DatabaseQuery.executeInUnitOfWork(DatabaseQuery.java:810)
	at org.eclipse.persistence.queries.ObjectLevelModifyQuery.executeInUnitOfWorkObjectLevelModifyQuery(ObjectLevelModifyQuery.java:110)
	at org.eclipse.persistence.queries.ObjectLevelModifyQuery.executeInUnitOfWork(ObjectLevelModifyQuery.java:87)
	at org.eclipse.persistence.internal.sessions.UnitOfWorkImpl.internalExecuteQuery(UnitOfWorkImpl.java:2983)
	at org.eclipse.persistence.internal.sessions.AbstractSession.executeQuery(AbstractSession.java:1898)
	at org.eclipse.persistence.internal.sessions.AbstractSession.executeQuery(AbstractSession.java:1880)
	at org.eclipse.persistence.internal.sessions.AbstractSession.executeQuery(AbstractSession.java:1830)
	at org.eclipse.persistence.internal.sessions.CommitManager.commitNewObjectsForClassWithChangeSet(CommitManager.java:229)
	at org.eclipse.persistence.internal.sessions.CommitManager.commitAllObjectsForClassWithChangeSet(CommitManager.java:196)
	at org.eclipse.persistence.internal.sessions.CommitManager.commitAllObjectsWithChangeSet(CommitManager.java:141)
	at org.eclipse.persistence.internal.sessions.AbstractSession.writeAllObjectsWithChangeSet(AbstractSession.java:4398)
	at org.eclipse.persistence.internal.sessions.UnitOfWorkImpl.commitToDatabase(UnitOfWorkImpl.java:1495)
	at org.eclipse.persistence.internal.sessions.UnitOfWorkImpl.commitToDatabaseWithChangeSet(UnitOfWorkImpl.java:1585)
	at org.eclipse.persistence.internal.sessions.RepeatableWriteUnitOfWork.commitRootUnitOfWork(RepeatableWriteUnitOfWork.java:280)
	at org.eclipse.persistence.internal.sessions.UnitOfWorkImpl.commitAndResume(UnitOfWorkImpl.java:1222)
	at org.eclipse.persistence.internal.jpa.transaction.EntityTransactionImpl.commit(EntityTransactionImpl.java:136)
	... 45 more
Caused by: org.h2.jdbc.JdbcSQLIntegrityConstraintViolationException: La columna &quot;DIRECCION&quot; no permite valores nulos (NULL)
NULL not allowed for column &quot;DIRECCION&quot;; SQL statement:
INSERT INTO CLIENTE (ID, CIUDAD, CODIGOPOSTAL, DIRECCION, ESTADO, FECHAALTA, FECHABAJA, IDENTIFICACION, PAIS, TIPOCLIENTE, USER_USER, DTYPE) VALUES (?, ?, ?, ?, ?, ?, ?, ?, ?, ?, ?, ?) [23502-200]
	at org.h2.message.DbException.getJdbcSQLException(DbException.java:459)
	at org.h2.message.DbException.getJdbcSQLException(DbException.java:429)
	at org.h2.message.DbException.get(DbException.java:205)
	at org.h2.message.DbException.get(DbException.java:181)
	at org.h2.table.Column.validateConvertUpdateSequence(Column.java:374)
	at org.h2.table.Table.validateConvertUpdateSequence(Table.java:845)
	at org.h2.command.dml.Insert.insertRows(Insert.java:187)
	at org.h2.command.dml.Insert.update(Insert.java:151)
	at org.h2.command.CommandContainer.update(CommandContainer.java:198)
	at org.h2.command.Command.executeUpdate(Command.java:251)
	at org.h2.jdbc.JdbcPreparedStatement.executeUpdateInternal(JdbcPreparedStatement.java:191)
	at org.h2.jdbc.JdbcPreparedStatement.executeUpdate(JdbcPreparedStatement.java:152)
	at org.eclipse.persistence.internal.databaseaccess.DatabaseAccessor.executeDirectNoSelect(DatabaseAccessor.java:898)
	... 76 more
</error>
    <system-out>[EL Warning]: 2022-04-28 17:23:37.759--UnitOfWork(376354391)--Exception [EclipseLink-4002] (Eclipse Persistence Services - 2.7.6.v20200131-b7c997804f): org.eclipse.persistence.exceptions.DatabaseException
Internal Exception: org.h2.jdbc.JdbcSQLIntegrityConstraintViolationException: La columna &quot;DIRECCION&quot; no permite valores nulos (NULL)
NULL not allowed for column &quot;DIRECCION&quot;; SQL statement:
INSERT INTO CLIENTE (ID, CIUDAD, CODIGOPOSTAL, DIRECCION, ESTADO, FECHAALTA, FECHABAJA, IDENTIFICACION, PAIS, TIPOCLIENTE, USER_USER, DTYPE) VALUES (?, ?, ?, ?, ?, ?, ?, ?, ?, ?, ?, ?) [23502-200]
Error Code: 23502
Call: INSERT INTO CLIENTE (ID, CIUDAD, CODIGOPOSTAL, DIRECCION, ESTADO, FECHAALTA, FECHABAJA, IDENTIFICACION, PAIS, TIPOCLIENTE, USER_USER, DTYPE) VALUES (?, ?, ?, ?, ?, ?, ?, ?, ?, ?, ?, ?)
	bind =&gt; [12 parameters bound]
Query: InsertObjectQuery(Cliente{
id=1
identificacion=Avenia Plutarco
tipoCliente=null
estado=Activo
fechaAlta=Thu Apr 28 17:23:37 CEST 2022
fechaBaja=null
direccion=null
ciudad=Malaga
codigopostal=29004
pais=Espana
cuentasFintech={[]}}Empresa{
razon_social=UMA})
</system-out>
  </testcase>
  <testcase classname="ma3s.fintech.test.Clientes" name="testModFechaNacimientoIndividualCampoVacio" time="0.031">
    <error message="Exception [EclipseLink-4002] (Eclipse Persistence Services - 2.7.6.v20200131-b7c997804f): org.eclipse.persistence.exceptions.DatabaseException
Internal Exception: org.h2.jdbc.JdbcSQLIntegrityConstraintViolationException: La columna &quot;DIRECCION&quot; no permite valores nulos (NULL)
NULL not allowed for column &quot;DIRECCION&quot;; SQL statement:
INSERT INTO CLIENTE (ID, CIUDAD, CODIGOPOSTAL, DIRECCION, ESTADO, FECHAALTA, FECHABAJA, IDENTIFICACION, PAIS, TIPOCLIENTE, USER_USER, DTYPE) VALUES (?, ?, ?, ?, ?, ?, ?, ?, ?, ?, ?, ?) [23502-200]
Error Code: 23502
Call: INSERT INTO CLIENTE (ID, CIUDAD, CODIGOPOSTAL, DIRECCION, ESTADO, FECHAALTA, FECHABAJA, IDENTIFICACION, PAIS, TIPOCLIENTE, USER_USER, DTYPE) VALUES (?, ?, ?, ?, ?, ?, ?, ?, ?, ?, ?, ?)
	bind =&gt; [12 parameters bound]
Query: InsertObjectQuery(Cliente{
id=1
identificacion=Avenia Plutarco
tipoCliente=null
estado=Activo
fechaAlta=Thu Apr 28 17:23:37 CEST 2022
fechaBaja=null
direccion=null
ciudad=Malaga
codigopostal=29004
pais=Espana
cuentasFintech={[]}}Empresa{
razon_social=UMA})" type="javax.persistence.RollbackException">javax.persistence.RollbackException: Exception [EclipseLink-4002] (Eclipse Persistence Services - 2.7.6.v20200131-b7c997804f): org.eclipse.persistence.exceptions.DatabaseException
Internal Exception: org.h2.jdbc.JdbcSQLIntegrityConstraintViolationException: La columna &quot;DIRECCION&quot; no permite valores nulos (NULL)
NULL not allowed for column &quot;DIRECCION&quot;; SQL statement:
INSERT INTO CLIENTE (ID, CIUDAD, CODIGOPOSTAL, DIRECCION, ESTADO, FECHAALTA, FECHABAJA, IDENTIFICACION, PAIS, TIPOCLIENTE, USER_USER, DTYPE) VALUES (?, ?, ?, ?, ?, ?, ?, ?, ?, ?, ?, ?) [23502-200]
Error Code: 23502
Call: INSERT INTO CLIENTE (ID, CIUDAD, CODIGOPOSTAL, DIRECCION, ESTADO, FECHAALTA, FECHABAJA, IDENTIFICACION, PAIS, TIPOCLIENTE, USER_USER, DTYPE) VALUES (?, ?, ?, ?, ?, ?, ?, ?, ?, ?, ?, ?)
	bind =&gt; [12 parameters bound]
Query: InsertObjectQuery(Cliente{
id=1
identificacion=Avenia Plutarco
tipoCliente=null
estado=Activo
fechaAlta=Thu Apr 28 17:23:37 CEST 2022
fechaBaja=null
direccion=null
ciudad=Malaga
codigopostal=29004
pais=Espana
cuentasFintech={[]}}Empresa{
razon_social=UMA})
	at org.eclipse.persistence.internal.jpa.transaction.EntityTransactionImpl.commit(EntityTransactionImpl.java:161)
	at ma3s.fintech.test.BaseDatos.inicializaBaseDatos(BaseDatos.java:229)
	at ma3s.fintech.test.Clientes.setup(Clientes.java:31)
	at sun.reflect.GeneratedMethodAccessor24.invoke(Unknown Source)
	at sun.reflect.DelegatingMethodAccessorImpl.invoke(DelegatingMethodAccessorImpl.java:43)
	at java.lang.reflect.Method.invoke(Method.java:498)
	at org.junit.runners.model.FrameworkMethod$1.runReflectiveCall(FrameworkMethod.java:59)
	at org.junit.internal.runners.model.ReflectiveCallable.run(ReflectiveCallable.java:12)
	at org.junit.runners.model.FrameworkMethod.invokeExplosively(FrameworkMethod.java:56)
	at org.junit.internal.runners.statements.RunBefores.invokeMethod(RunBefores.java:33)
	at org.junit.internal.runners.statements.RunBefores.evaluate(RunBefores.java:24)
	at org.junit.runners.ParentRunner$3.evaluate(ParentRunner.java:306)
	at org.junit.runners.BlockJUnit4ClassRunner$1.evaluate(BlockJUnit4ClassRunner.java:100)
	at org.junit.runners.ParentRunner.runLeaf(ParentRunner.java:366)
	at org.junit.runners.BlockJUnit4ClassRunner.runChild(BlockJUnit4ClassRunner.java:103)
	at org.junit.runners.BlockJUnit4ClassRunner.runChild(BlockJUnit4ClassRunner.java:63)
	at org.junit.runners.ParentRunner$4.run(ParentRunner.java:331)
	at org.junit.runners.ParentRunner$1.schedule(ParentRunner.java:79)
	at org.junit.runners.ParentRunner.runChildren(ParentRunner.java:329)
	at org.junit.runners.ParentRunner.access$100(ParentRunner.java:66)
	at org.junit.runners.ParentRunner$2.evaluate(ParentRunner.java:293)
	at org.junit.runners.ParentRunner$3.evaluate(ParentRunner.java:306)
	at org.junit.runners.ParentRunner.run(ParentRunner.java:413)
	at org.junit.runners.Suite.runChild(Suite.java:128)
	at org.junit.runners.Suite.runChild(Suite.java:27)
	at org.junit.runners.ParentRunner$4.run(ParentRunner.java:331)
	at org.junit.runners.ParentRunner$1.schedule(ParentRunner.java:79)
	at org.junit.runners.ParentRunner.runChildren(ParentRunner.java:329)
	at org.junit.runners.ParentRunner.access$100(ParentRunner.java:66)
	at org.junit.runners.ParentRunner$2.evaluate(ParentRunner.java:293)
	at org.junit.internal.runners.statements.RunBefores.evaluate(RunBefores.java:26)
	at org.junit.internal.runners.statements.RunAfters.evaluate(RunAfters.java:27)
	at org.junit.runners.ParentRunner$3.evaluate(ParentRunner.java:306)
	at org.junit.runners.ParentRunner.run(ParentRunner.java:413)
	at org.apache.maven.surefire.junit4.JUnit4Provider.execute(JUnit4Provider.java:252)
	at org.apache.maven.surefire.junit4.JUnit4Provider.executeTestSet(JUnit4Provider.java:141)
	at org.apache.maven.surefire.junit4.JUnit4Provider.invoke(JUnit4Provider.java:112)
	at sun.reflect.NativeMethodAccessorImpl.invoke0(Native Method)
	at sun.reflect.NativeMethodAccessorImpl.invoke(NativeMethodAccessorImpl.java:62)
	at sun.reflect.DelegatingMethodAccessorImpl.invoke(DelegatingMethodAccessorImpl.java:43)
	at java.lang.reflect.Method.invoke(Method.java:498)
	at org.apache.maven.surefire.util.ReflectionUtils.invokeMethodWithArray(ReflectionUtils.java:189)
	at org.apache.maven.surefire.booter.ProviderFactory$ProviderProxy.invoke(ProviderFactory.java:165)
	at org.apache.maven.surefire.booter.ProviderFactory.invokeProvider(ProviderFactory.java:85)
	at org.apache.maven.surefire.booter.ForkedBooter.runSuitesInProcess(ForkedBooter.java:115)
	at org.apache.maven.surefire.booter.ForkedBooter.main(ForkedBooter.java:75)
Caused by: Exception [EclipseLink-4002] (Eclipse Persistence Services - 2.7.6.v20200131-b7c997804f): org.eclipse.persistence.exceptions.DatabaseException
Internal Exception: org.h2.jdbc.JdbcSQLIntegrityConstraintViolationException: La columna &quot;DIRECCION&quot; no permite valores nulos (NULL)
NULL not allowed for column &quot;DIRECCION&quot;; SQL statement:
INSERT INTO CLIENTE (ID, CIUDAD, CODIGOPOSTAL, DIRECCION, ESTADO, FECHAALTA, FECHABAJA, IDENTIFICACION, PAIS, TIPOCLIENTE, USER_USER, DTYPE) VALUES (?, ?, ?, ?, ?, ?, ?, ?, ?, ?, ?, ?) [23502-200]
Error Code: 23502
Call: INSERT INTO CLIENTE (ID, CIUDAD, CODIGOPOSTAL, DIRECCION, ESTADO, FECHAALTA, FECHABAJA, IDENTIFICACION, PAIS, TIPOCLIENTE, USER_USER, DTYPE) VALUES (?, ?, ?, ?, ?, ?, ?, ?, ?, ?, ?, ?)
	bind =&gt; [12 parameters bound]
Query: InsertObjectQuery(Cliente{
id=1
identificacion=Avenia Plutarco
tipoCliente=null
estado=Activo
fechaAlta=Thu Apr 28 17:23:37 CEST 2022
fechaBaja=null
direccion=null
ciudad=Malaga
codigopostal=29004
pais=Espana
cuentasFintech={[]}}Empresa{
razon_social=UMA})
	at org.eclipse.persistence.exceptions.DatabaseException.sqlException(DatabaseException.java:333)
	at org.eclipse.persistence.internal.databaseaccess.DatabaseAccessor.executeDirectNoSelect(DatabaseAccessor.java:908)
	at org.eclipse.persistence.internal.databaseaccess.DatabaseAccessor.executeNoSelect(DatabaseAccessor.java:970)
	at org.eclipse.persistence.internal.databaseaccess.DatabaseAccessor.basicExecuteCall(DatabaseAccessor.java:640)
	at org.eclipse.persistence.internal.databaseaccess.DatabaseAccessor.executeCall(DatabaseAccessor.java:567)
	at org.eclipse.persistence.internal.sessions.AbstractSession.basicExecuteCall(AbstractSession.java:2099)
	at org.eclipse.persistence.sessions.server.ClientSession.executeCall(ClientSession.java:313)
	at org.eclipse.persistence.internal.queries.DatasourceCallQueryMechanism.executeCall(DatasourceCallQueryMechanism.java:275)
	at org.eclipse.persistence.internal.queries.DatasourceCallQueryMechanism.insertObject(DatasourceCallQueryMechanism.java:397)
	at org.eclipse.persistence.internal.queries.StatementQueryMechanism.insertObject(StatementQueryMechanism.java:167)
	at org.eclipse.persistence.internal.queries.StatementQueryMechanism.insertObject(StatementQueryMechanism.java:182)
	at org.eclipse.persistence.internal.queries.DatabaseQueryMechanism.insertObjectForWrite(DatabaseQueryMechanism.java:504)
	at org.eclipse.persistence.queries.InsertObjectQuery.executeCommit(InsertObjectQuery.java:82)
	at org.eclipse.persistence.queries.InsertObjectQuery.executeCommitWithChangeSet(InsertObjectQuery.java:92)
	at org.eclipse.persistence.internal.queries.DatabaseQueryMechanism.executeWriteWithChangeSet(DatabaseQueryMechanism.java:316)
	at org.eclipse.persistence.queries.WriteObjectQuery.executeDatabaseQuery(WriteObjectQuery.java:60)
	at org.eclipse.persistence.queries.DatabaseQuery.execute(DatabaseQuery.java:911)
	at org.eclipse.persistence.queries.DatabaseQuery.executeInUnitOfWork(DatabaseQuery.java:810)
	at org.eclipse.persistence.queries.ObjectLevelModifyQuery.executeInUnitOfWorkObjectLevelModifyQuery(ObjectLevelModifyQuery.java:110)
	at org.eclipse.persistence.queries.ObjectLevelModifyQuery.executeInUnitOfWork(ObjectLevelModifyQuery.java:87)
	at org.eclipse.persistence.internal.sessions.UnitOfWorkImpl.internalExecuteQuery(UnitOfWorkImpl.java:2983)
	at org.eclipse.persistence.internal.sessions.AbstractSession.executeQuery(AbstractSession.java:1898)
	at org.eclipse.persistence.internal.sessions.AbstractSession.executeQuery(AbstractSession.java:1880)
	at org.eclipse.persistence.internal.sessions.AbstractSession.executeQuery(AbstractSession.java:1830)
	at org.eclipse.persistence.internal.sessions.CommitManager.commitNewObjectsForClassWithChangeSet(CommitManager.java:229)
	at org.eclipse.persistence.internal.sessions.CommitManager.commitAllObjectsForClassWithChangeSet(CommitManager.java:196)
	at org.eclipse.persistence.internal.sessions.CommitManager.commitAllObjectsWithChangeSet(CommitManager.java:141)
	at org.eclipse.persistence.internal.sessions.AbstractSession.writeAllObjectsWithChangeSet(AbstractSession.java:4398)
	at org.eclipse.persistence.internal.sessions.UnitOfWorkImpl.commitToDatabase(UnitOfWorkImpl.java:1495)
	at org.eclipse.persistence.internal.sessions.UnitOfWorkImpl.commitToDatabaseWithChangeSet(UnitOfWorkImpl.java:1585)
	at org.eclipse.persistence.internal.sessions.RepeatableWriteUnitOfWork.commitRootUnitOfWork(RepeatableWriteUnitOfWork.java:280)
	at org.eclipse.persistence.internal.sessions.UnitOfWorkImpl.commitAndResume(UnitOfWorkImpl.java:1222)
	at org.eclipse.persistence.internal.jpa.transaction.EntityTransactionImpl.commit(EntityTransactionImpl.java:136)
	... 45 more
Caused by: org.h2.jdbc.JdbcSQLIntegrityConstraintViolationException: La columna &quot;DIRECCION&quot; no permite valores nulos (NULL)
NULL not allowed for column &quot;DIRECCION&quot;; SQL statement:
INSERT INTO CLIENTE (ID, CIUDAD, CODIGOPOSTAL, DIRECCION, ESTADO, FECHAALTA, FECHABAJA, IDENTIFICACION, PAIS, TIPOCLIENTE, USER_USER, DTYPE) VALUES (?, ?, ?, ?, ?, ?, ?, ?, ?, ?, ?, ?) [23502-200]
	at org.h2.message.DbException.getJdbcSQLException(DbException.java:459)
	at org.h2.message.DbException.getJdbcSQLException(DbException.java:429)
	at org.h2.message.DbException.get(DbException.java:205)
	at org.h2.message.DbException.get(DbException.java:181)
	at org.h2.table.Column.validateConvertUpdateSequence(Column.java:374)
	at org.h2.table.Table.validateConvertUpdateSequence(Table.java:845)
	at org.h2.command.dml.Insert.insertRows(Insert.java:187)
	at org.h2.command.dml.Insert.update(Insert.java:151)
	at org.h2.command.CommandContainer.update(CommandContainer.java:198)
	at org.h2.command.Command.executeUpdate(Command.java:251)
	at org.h2.jdbc.JdbcPreparedStatement.executeUpdateInternal(JdbcPreparedStatement.java:191)
	at org.h2.jdbc.JdbcPreparedStatement.executeUpdate(JdbcPreparedStatement.java:152)
	at org.eclipse.persistence.internal.databaseaccess.DatabaseAccessor.executeDirectNoSelect(DatabaseAccessor.java:898)
	... 76 more
</error>
    <system-out>[EL Warning]: 2022-04-28 17:23:37.791--UnitOfWork(574118619)--Exception [EclipseLink-4002] (Eclipse Persistence Services - 2.7.6.v20200131-b7c997804f): org.eclipse.persistence.exceptions.DatabaseException
Internal Exception: org.h2.jdbc.JdbcSQLIntegrityConstraintViolationException: La columna &quot;DIRECCION&quot; no permite valores nulos (NULL)
NULL not allowed for column &quot;DIRECCION&quot;; SQL statement:
INSERT INTO CLIENTE (ID, CIUDAD, CODIGOPOSTAL, DIRECCION, ESTADO, FECHAALTA, FECHABAJA, IDENTIFICACION, PAIS, TIPOCLIENTE, USER_USER, DTYPE) VALUES (?, ?, ?, ?, ?, ?, ?, ?, ?, ?, ?, ?) [23502-200]
Error Code: 23502
Call: INSERT INTO CLIENTE (ID, CIUDAD, CODIGOPOSTAL, DIRECCION, ESTADO, FECHAALTA, FECHABAJA, IDENTIFICACION, PAIS, TIPOCLIENTE, USER_USER, DTYPE) VALUES (?, ?, ?, ?, ?, ?, ?, ?, ?, ?, ?, ?)
	bind =&gt; [12 parameters bound]
Query: InsertObjectQuery(Cliente{
id=1
identificacion=Avenia Plutarco
tipoCliente=null
estado=Activo
fechaAlta=Thu Apr 28 17:23:37 CEST 2022
fechaBaja=null
direccion=null
ciudad=Malaga
codigopostal=29004
pais=Espana
cuentasFintech={[]}}Empresa{
razon_social=UMA})
</system-out>
  </testcase>
  <testcase classname="ma3s.fintech.test.Clientes" name="testModPaisIndividualIndividualNoExistenteException" time="0.038">
    <error message="Exception [EclipseLink-4002] (Eclipse Persistence Services - 2.7.6.v20200131-b7c997804f): org.eclipse.persistence.exceptions.DatabaseException
Internal Exception: org.h2.jdbc.JdbcSQLIntegrityConstraintViolationException: La columna &quot;DIRECCION&quot; no permite valores nulos (NULL)
NULL not allowed for column &quot;DIRECCION&quot;; SQL statement:
INSERT INTO CLIENTE (ID, CIUDAD, CODIGOPOSTAL, DIRECCION, ESTADO, FECHAALTA, FECHABAJA, IDENTIFICACION, PAIS, TIPOCLIENTE, USER_USER, DTYPE) VALUES (?, ?, ?, ?, ?, ?, ?, ?, ?, ?, ?, ?) [23502-200]
Error Code: 23502
Call: INSERT INTO CLIENTE (ID, CIUDAD, CODIGOPOSTAL, DIRECCION, ESTADO, FECHAALTA, FECHABAJA, IDENTIFICACION, PAIS, TIPOCLIENTE, USER_USER, DTYPE) VALUES (?, ?, ?, ?, ?, ?, ?, ?, ?, ?, ?, ?)
	bind =&gt; [12 parameters bound]
Query: InsertObjectQuery(Cliente{
id=1
identificacion=Avenia Plutarco
tipoCliente=null
estado=Activo
fechaAlta=Thu Apr 28 17:23:37 CEST 2022
fechaBaja=null
direccion=null
ciudad=Malaga
codigopostal=29004
pais=Espana
cuentasFintech={[]}}Empresa{
razon_social=UMA})" type="javax.persistence.RollbackException">javax.persistence.RollbackException: Exception [EclipseLink-4002] (Eclipse Persistence Services - 2.7.6.v20200131-b7c997804f): org.eclipse.persistence.exceptions.DatabaseException
Internal Exception: org.h2.jdbc.JdbcSQLIntegrityConstraintViolationException: La columna &quot;DIRECCION&quot; no permite valores nulos (NULL)
NULL not allowed for column &quot;DIRECCION&quot;; SQL statement:
INSERT INTO CLIENTE (ID, CIUDAD, CODIGOPOSTAL, DIRECCION, ESTADO, FECHAALTA, FECHABAJA, IDENTIFICACION, PAIS, TIPOCLIENTE, USER_USER, DTYPE) VALUES (?, ?, ?, ?, ?, ?, ?, ?, ?, ?, ?, ?) [23502-200]
Error Code: 23502
Call: INSERT INTO CLIENTE (ID, CIUDAD, CODIGOPOSTAL, DIRECCION, ESTADO, FECHAALTA, FECHABAJA, IDENTIFICACION, PAIS, TIPOCLIENTE, USER_USER, DTYPE) VALUES (?, ?, ?, ?, ?, ?, ?, ?, ?, ?, ?, ?)
	bind =&gt; [12 parameters bound]
Query: InsertObjectQuery(Cliente{
id=1
identificacion=Avenia Plutarco
tipoCliente=null
estado=Activo
fechaAlta=Thu Apr 28 17:23:37 CEST 2022
fechaBaja=null
direccion=null
ciudad=Malaga
codigopostal=29004
pais=Espana
cuentasFintech={[]}}Empresa{
razon_social=UMA})
	at org.eclipse.persistence.internal.jpa.transaction.EntityTransactionImpl.commit(EntityTransactionImpl.java:161)
	at ma3s.fintech.test.BaseDatos.inicializaBaseDatos(BaseDatos.java:229)
	at ma3s.fintech.test.Clientes.setup(Clientes.java:31)
	at sun.reflect.GeneratedMethodAccessor24.invoke(Unknown Source)
	at sun.reflect.DelegatingMethodAccessorImpl.invoke(DelegatingMethodAccessorImpl.java:43)
	at java.lang.reflect.Method.invoke(Method.java:498)
	at org.junit.runners.model.FrameworkMethod$1.runReflectiveCall(FrameworkMethod.java:59)
	at org.junit.internal.runners.model.ReflectiveCallable.run(ReflectiveCallable.java:12)
	at org.junit.runners.model.FrameworkMethod.invokeExplosively(FrameworkMethod.java:56)
	at org.junit.internal.runners.statements.RunBefores.invokeMethod(RunBefores.java:33)
	at org.junit.internal.runners.statements.RunBefores.evaluate(RunBefores.java:24)
	at org.junit.runners.ParentRunner$3.evaluate(ParentRunner.java:306)
	at org.junit.runners.BlockJUnit4ClassRunner$1.evaluate(BlockJUnit4ClassRunner.java:100)
	at org.junit.runners.ParentRunner.runLeaf(ParentRunner.java:366)
	at org.junit.runners.BlockJUnit4ClassRunner.runChild(BlockJUnit4ClassRunner.java:103)
	at org.junit.runners.BlockJUnit4ClassRunner.runChild(BlockJUnit4ClassRunner.java:63)
	at org.junit.runners.ParentRunner$4.run(ParentRunner.java:331)
	at org.junit.runners.ParentRunner$1.schedule(ParentRunner.java:79)
	at org.junit.runners.ParentRunner.runChildren(ParentRunner.java:329)
	at org.junit.runners.ParentRunner.access$100(ParentRunner.java:66)
	at org.junit.runners.ParentRunner$2.evaluate(ParentRunner.java:293)
	at org.junit.runners.ParentRunner$3.evaluate(ParentRunner.java:306)
	at org.junit.runners.ParentRunner.run(ParentRunner.java:413)
	at org.junit.runners.Suite.runChild(Suite.java:128)
	at org.junit.runners.Suite.runChild(Suite.java:27)
	at org.junit.runners.ParentRunner$4.run(ParentRunner.java:331)
	at org.junit.runners.ParentRunner$1.schedule(ParentRunner.java:79)
	at org.junit.runners.ParentRunner.runChildren(ParentRunner.java:329)
	at org.junit.runners.ParentRunner.access$100(ParentRunner.java:66)
	at org.junit.runners.ParentRunner$2.evaluate(ParentRunner.java:293)
	at org.junit.internal.runners.statements.RunBefores.evaluate(RunBefores.java:26)
	at org.junit.internal.runners.statements.RunAfters.evaluate(RunAfters.java:27)
	at org.junit.runners.ParentRunner$3.evaluate(ParentRunner.java:306)
	at org.junit.runners.ParentRunner.run(ParentRunner.java:413)
	at org.apache.maven.surefire.junit4.JUnit4Provider.execute(JUnit4Provider.java:252)
	at org.apache.maven.surefire.junit4.JUnit4Provider.executeTestSet(JUnit4Provider.java:141)
	at org.apache.maven.surefire.junit4.JUnit4Provider.invoke(JUnit4Provider.java:112)
	at sun.reflect.NativeMethodAccessorImpl.invoke0(Native Method)
	at sun.reflect.NativeMethodAccessorImpl.invoke(NativeMethodAccessorImpl.java:62)
	at sun.reflect.DelegatingMethodAccessorImpl.invoke(DelegatingMethodAccessorImpl.java:43)
	at java.lang.reflect.Method.invoke(Method.java:498)
	at org.apache.maven.surefire.util.ReflectionUtils.invokeMethodWithArray(ReflectionUtils.java:189)
	at org.apache.maven.surefire.booter.ProviderFactory$ProviderProxy.invoke(ProviderFactory.java:165)
	at org.apache.maven.surefire.booter.ProviderFactory.invokeProvider(ProviderFactory.java:85)
	at org.apache.maven.surefire.booter.ForkedBooter.runSuitesInProcess(ForkedBooter.java:115)
	at org.apache.maven.surefire.booter.ForkedBooter.main(ForkedBooter.java:75)
Caused by: Exception [EclipseLink-4002] (Eclipse Persistence Services - 2.7.6.v20200131-b7c997804f): org.eclipse.persistence.exceptions.DatabaseException
Internal Exception: org.h2.jdbc.JdbcSQLIntegrityConstraintViolationException: La columna &quot;DIRECCION&quot; no permite valores nulos (NULL)
NULL not allowed for column &quot;DIRECCION&quot;; SQL statement:
INSERT INTO CLIENTE (ID, CIUDAD, CODIGOPOSTAL, DIRECCION, ESTADO, FECHAALTA, FECHABAJA, IDENTIFICACION, PAIS, TIPOCLIENTE, USER_USER, DTYPE) VALUES (?, ?, ?, ?, ?, ?, ?, ?, ?, ?, ?, ?) [23502-200]
Error Code: 23502
Call: INSERT INTO CLIENTE (ID, CIUDAD, CODIGOPOSTAL, DIRECCION, ESTADO, FECHAALTA, FECHABAJA, IDENTIFICACION, PAIS, TIPOCLIENTE, USER_USER, DTYPE) VALUES (?, ?, ?, ?, ?, ?, ?, ?, ?, ?, ?, ?)
	bind =&gt; [12 parameters bound]
Query: InsertObjectQuery(Cliente{
id=1
identificacion=Avenia Plutarco
tipoCliente=null
estado=Activo
fechaAlta=Thu Apr 28 17:23:37 CEST 2022
fechaBaja=null
direccion=null
ciudad=Malaga
codigopostal=29004
pais=Espana
cuentasFintech={[]}}Empresa{
razon_social=UMA})
	at org.eclipse.persistence.exceptions.DatabaseException.sqlException(DatabaseException.java:333)
	at org.eclipse.persistence.internal.databaseaccess.DatabaseAccessor.executeDirectNoSelect(DatabaseAccessor.java:908)
	at org.eclipse.persistence.internal.databaseaccess.DatabaseAccessor.executeNoSelect(DatabaseAccessor.java:970)
	at org.eclipse.persistence.internal.databaseaccess.DatabaseAccessor.basicExecuteCall(DatabaseAccessor.java:640)
	at org.eclipse.persistence.internal.databaseaccess.DatabaseAccessor.executeCall(DatabaseAccessor.java:567)
	at org.eclipse.persistence.internal.sessions.AbstractSession.basicExecuteCall(AbstractSession.java:2099)
	at org.eclipse.persistence.sessions.server.ClientSession.executeCall(ClientSession.java:313)
	at org.eclipse.persistence.internal.queries.DatasourceCallQueryMechanism.executeCall(DatasourceCallQueryMechanism.java:275)
	at org.eclipse.persistence.internal.queries.DatasourceCallQueryMechanism.insertObject(DatasourceCallQueryMechanism.java:397)
	at org.eclipse.persistence.internal.queries.StatementQueryMechanism.insertObject(StatementQueryMechanism.java:167)
	at org.eclipse.persistence.internal.queries.StatementQueryMechanism.insertObject(StatementQueryMechanism.java:182)
	at org.eclipse.persistence.internal.queries.DatabaseQueryMechanism.insertObjectForWrite(DatabaseQueryMechanism.java:504)
	at org.eclipse.persistence.queries.InsertObjectQuery.executeCommit(InsertObjectQuery.java:82)
	at org.eclipse.persistence.queries.InsertObjectQuery.executeCommitWithChangeSet(InsertObjectQuery.java:92)
	at org.eclipse.persistence.internal.queries.DatabaseQueryMechanism.executeWriteWithChangeSet(DatabaseQueryMechanism.java:316)
	at org.eclipse.persistence.queries.WriteObjectQuery.executeDatabaseQuery(WriteObjectQuery.java:60)
	at org.eclipse.persistence.queries.DatabaseQuery.execute(DatabaseQuery.java:911)
	at org.eclipse.persistence.queries.DatabaseQuery.executeInUnitOfWork(DatabaseQuery.java:810)
	at org.eclipse.persistence.queries.ObjectLevelModifyQuery.executeInUnitOfWorkObjectLevelModifyQuery(ObjectLevelModifyQuery.java:110)
	at org.eclipse.persistence.queries.ObjectLevelModifyQuery.executeInUnitOfWork(ObjectLevelModifyQuery.java:87)
	at org.eclipse.persistence.internal.sessions.UnitOfWorkImpl.internalExecuteQuery(UnitOfWorkImpl.java:2983)
	at org.eclipse.persistence.internal.sessions.AbstractSession.executeQuery(AbstractSession.java:1898)
	at org.eclipse.persistence.internal.sessions.AbstractSession.executeQuery(AbstractSession.java:1880)
	at org.eclipse.persistence.internal.sessions.AbstractSession.executeQuery(AbstractSession.java:1830)
	at org.eclipse.persistence.internal.sessions.CommitManager.commitNewObjectsForClassWithChangeSet(CommitManager.java:229)
	at org.eclipse.persistence.internal.sessions.CommitManager.commitAllObjectsForClassWithChangeSet(CommitManager.java:196)
	at org.eclipse.persistence.internal.sessions.CommitManager.commitAllObjectsWithChangeSet(CommitManager.java:141)
	at org.eclipse.persistence.internal.sessions.AbstractSession.writeAllObjectsWithChangeSet(AbstractSession.java:4398)
	at org.eclipse.persistence.internal.sessions.UnitOfWorkImpl.commitToDatabase(UnitOfWorkImpl.java:1495)
	at org.eclipse.persistence.internal.sessions.UnitOfWorkImpl.commitToDatabaseWithChangeSet(UnitOfWorkImpl.java:1585)
	at org.eclipse.persistence.internal.sessions.RepeatableWriteUnitOfWork.commitRootUnitOfWork(RepeatableWriteUnitOfWork.java:280)
	at org.eclipse.persistence.internal.sessions.UnitOfWorkImpl.commitAndResume(UnitOfWorkImpl.java:1222)
	at org.eclipse.persistence.internal.jpa.transaction.EntityTransactionImpl.commit(EntityTransactionImpl.java:136)
	... 45 more
Caused by: org.h2.jdbc.JdbcSQLIntegrityConstraintViolationException: La columna &quot;DIRECCION&quot; no permite valores nulos (NULL)
NULL not allowed for column &quot;DIRECCION&quot;; SQL statement:
INSERT INTO CLIENTE (ID, CIUDAD, CODIGOPOSTAL, DIRECCION, ESTADO, FECHAALTA, FECHABAJA, IDENTIFICACION, PAIS, TIPOCLIENTE, USER_USER, DTYPE) VALUES (?, ?, ?, ?, ?, ?, ?, ?, ?, ?, ?, ?) [23502-200]
	at org.h2.message.DbException.getJdbcSQLException(DbException.java:459)
	at org.h2.message.DbException.getJdbcSQLException(DbException.java:429)
	at org.h2.message.DbException.get(DbException.java:205)
	at org.h2.message.DbException.get(DbException.java:181)
	at org.h2.table.Column.validateConvertUpdateSequence(Column.java:374)
	at org.h2.table.Table.validateConvertUpdateSequence(Table.java:845)
	at org.h2.command.dml.Insert.insertRows(Insert.java:187)
	at org.h2.command.dml.Insert.update(Insert.java:151)
	at org.h2.command.CommandContainer.update(CommandContainer.java:198)
	at org.h2.command.Command.executeUpdate(Command.java:251)
	at org.h2.jdbc.JdbcPreparedStatement.executeUpdateInternal(JdbcPreparedStatement.java:191)
	at org.h2.jdbc.JdbcPreparedStatement.executeUpdate(JdbcPreparedStatement.java:152)
	at org.eclipse.persistence.internal.databaseaccess.DatabaseAccessor.executeDirectNoSelect(DatabaseAccessor.java:898)
	... 76 more
</error>
    <system-out>[EL Warning]: 2022-04-28 17:23:37.827--UnitOfWork(965054984)--Exception [EclipseLink-4002] (Eclipse Persistence Services - 2.7.6.v20200131-b7c997804f): org.eclipse.persistence.exceptions.DatabaseException
Internal Exception: org.h2.jdbc.JdbcSQLIntegrityConstraintViolationException: La columna &quot;DIRECCION&quot; no permite valores nulos (NULL)
NULL not allowed for column &quot;DIRECCION&quot;; SQL statement:
INSERT INTO CLIENTE (ID, CIUDAD, CODIGOPOSTAL, DIRECCION, ESTADO, FECHAALTA, FECHABAJA, IDENTIFICACION, PAIS, TIPOCLIENTE, USER_USER, DTYPE) VALUES (?, ?, ?, ?, ?, ?, ?, ?, ?, ?, ?, ?) [23502-200]
Error Code: 23502
Call: INSERT INTO CLIENTE (ID, CIUDAD, CODIGOPOSTAL, DIRECCION, ESTADO, FECHAALTA, FECHABAJA, IDENTIFICACION, PAIS, TIPOCLIENTE, USER_USER, DTYPE) VALUES (?, ?, ?, ?, ?, ?, ?, ?, ?, ?, ?, ?)
	bind =&gt; [12 parameters bound]
Query: InsertObjectQuery(Cliente{
id=1
identificacion=Avenia Plutarco
tipoCliente=null
estado=Activo
fechaAlta=Thu Apr 28 17:23:37 CEST 2022
fechaBaja=null
direccion=null
ciudad=Malaga
codigopostal=29004
pais=Espana
cuentasFintech={[]}}Empresa{
razon_social=UMA})
</system-out>
  </testcase>
  <testcase classname="ma3s.fintech.test.Clientes" name="testModCiudadIndividualIndividualNoExistenteException" time="0.037">
    <error message="Exception [EclipseLink-4002] (Eclipse Persistence Services - 2.7.6.v20200131-b7c997804f): org.eclipse.persistence.exceptions.DatabaseException
Internal Exception: org.h2.jdbc.JdbcSQLIntegrityConstraintViolationException: La columna &quot;DIRECCION&quot; no permite valores nulos (NULL)
NULL not allowed for column &quot;DIRECCION&quot;; SQL statement:
INSERT INTO CLIENTE (ID, CIUDAD, CODIGOPOSTAL, DIRECCION, ESTADO, FECHAALTA, FECHABAJA, IDENTIFICACION, PAIS, TIPOCLIENTE, USER_USER, DTYPE) VALUES (?, ?, ?, ?, ?, ?, ?, ?, ?, ?, ?, ?) [23502-200]
Error Code: 23502
Call: INSERT INTO CLIENTE (ID, CIUDAD, CODIGOPOSTAL, DIRECCION, ESTADO, FECHAALTA, FECHABAJA, IDENTIFICACION, PAIS, TIPOCLIENTE, USER_USER, DTYPE) VALUES (?, ?, ?, ?, ?, ?, ?, ?, ?, ?, ?, ?)
	bind =&gt; [12 parameters bound]
Query: InsertObjectQuery(Cliente{
id=2
identificacion=avenida de Murcia
tipoCliente=null
estado=Activo
fechaAlta=Thu Apr 28 17:23:37 CEST 2022
fechaBaja=null
direccion=null
ciudad=Murcia
codigopostal=29845
pais=Espana
cuentasFintech={[]}}Empresa{
razon_social=UCAM})" type="javax.persistence.RollbackException">javax.persistence.RollbackException: Exception [EclipseLink-4002] (Eclipse Persistence Services - 2.7.6.v20200131-b7c997804f): org.eclipse.persistence.exceptions.DatabaseException
Internal Exception: org.h2.jdbc.JdbcSQLIntegrityConstraintViolationException: La columna &quot;DIRECCION&quot; no permite valores nulos (NULL)
NULL not allowed for column &quot;DIRECCION&quot;; SQL statement:
INSERT INTO CLIENTE (ID, CIUDAD, CODIGOPOSTAL, DIRECCION, ESTADO, FECHAALTA, FECHABAJA, IDENTIFICACION, PAIS, TIPOCLIENTE, USER_USER, DTYPE) VALUES (?, ?, ?, ?, ?, ?, ?, ?, ?, ?, ?, ?) [23502-200]
Error Code: 23502
Call: INSERT INTO CLIENTE (ID, CIUDAD, CODIGOPOSTAL, DIRECCION, ESTADO, FECHAALTA, FECHABAJA, IDENTIFICACION, PAIS, TIPOCLIENTE, USER_USER, DTYPE) VALUES (?, ?, ?, ?, ?, ?, ?, ?, ?, ?, ?, ?)
	bind =&gt; [12 parameters bound]
Query: InsertObjectQuery(Cliente{
id=2
identificacion=avenida de Murcia
tipoCliente=null
estado=Activo
fechaAlta=Thu Apr 28 17:23:37 CEST 2022
fechaBaja=null
direccion=null
ciudad=Murcia
codigopostal=29845
pais=Espana
cuentasFintech={[]}}Empresa{
razon_social=UCAM})
	at org.eclipse.persistence.internal.jpa.transaction.EntityTransactionImpl.commit(EntityTransactionImpl.java:161)
	at ma3s.fintech.test.BaseDatos.inicializaBaseDatos(BaseDatos.java:229)
	at ma3s.fintech.test.Clientes.setup(Clientes.java:31)
	at sun.reflect.GeneratedMethodAccessor24.invoke(Unknown Source)
	at sun.reflect.DelegatingMethodAccessorImpl.invoke(DelegatingMethodAccessorImpl.java:43)
	at java.lang.reflect.Method.invoke(Method.java:498)
	at org.junit.runners.model.FrameworkMethod$1.runReflectiveCall(FrameworkMethod.java:59)
	at org.junit.internal.runners.model.ReflectiveCallable.run(ReflectiveCallable.java:12)
	at org.junit.runners.model.FrameworkMethod.invokeExplosively(FrameworkMethod.java:56)
	at org.junit.internal.runners.statements.RunBefores.invokeMethod(RunBefores.java:33)
	at org.junit.internal.runners.statements.RunBefores.evaluate(RunBefores.java:24)
	at org.junit.runners.ParentRunner$3.evaluate(ParentRunner.java:306)
	at org.junit.runners.BlockJUnit4ClassRunner$1.evaluate(BlockJUnit4ClassRunner.java:100)
	at org.junit.runners.ParentRunner.runLeaf(ParentRunner.java:366)
	at org.junit.runners.BlockJUnit4ClassRunner.runChild(BlockJUnit4ClassRunner.java:103)
	at org.junit.runners.BlockJUnit4ClassRunner.runChild(BlockJUnit4ClassRunner.java:63)
	at org.junit.runners.ParentRunner$4.run(ParentRunner.java:331)
	at org.junit.runners.ParentRunner$1.schedule(ParentRunner.java:79)
	at org.junit.runners.ParentRunner.runChildren(ParentRunner.java:329)
	at org.junit.runners.ParentRunner.access$100(ParentRunner.java:66)
	at org.junit.runners.ParentRunner$2.evaluate(ParentRunner.java:293)
	at org.junit.runners.ParentRunner$3.evaluate(ParentRunner.java:306)
	at org.junit.runners.ParentRunner.run(ParentRunner.java:413)
	at org.junit.runners.Suite.runChild(Suite.java:128)
	at org.junit.runners.Suite.runChild(Suite.java:27)
	at org.junit.runners.ParentRunner$4.run(ParentRunner.java:331)
	at org.junit.runners.ParentRunner$1.schedule(ParentRunner.java:79)
	at org.junit.runners.ParentRunner.runChildren(ParentRunner.java:329)
	at org.junit.runners.ParentRunner.access$100(ParentRunner.java:66)
	at org.junit.runners.ParentRunner$2.evaluate(ParentRunner.java:293)
	at org.junit.internal.runners.statements.RunBefores.evaluate(RunBefores.java:26)
	at org.junit.internal.runners.statements.RunAfters.evaluate(RunAfters.java:27)
	at org.junit.runners.ParentRunner$3.evaluate(ParentRunner.java:306)
	at org.junit.runners.ParentRunner.run(ParentRunner.java:413)
	at org.apache.maven.surefire.junit4.JUnit4Provider.execute(JUnit4Provider.java:252)
	at org.apache.maven.surefire.junit4.JUnit4Provider.executeTestSet(JUnit4Provider.java:141)
	at org.apache.maven.surefire.junit4.JUnit4Provider.invoke(JUnit4Provider.java:112)
	at sun.reflect.NativeMethodAccessorImpl.invoke0(Native Method)
	at sun.reflect.NativeMethodAccessorImpl.invoke(NativeMethodAccessorImpl.java:62)
	at sun.reflect.DelegatingMethodAccessorImpl.invoke(DelegatingMethodAccessorImpl.java:43)
	at java.lang.reflect.Method.invoke(Method.java:498)
	at org.apache.maven.surefire.util.ReflectionUtils.invokeMethodWithArray(ReflectionUtils.java:189)
	at org.apache.maven.surefire.booter.ProviderFactory$ProviderProxy.invoke(ProviderFactory.java:165)
	at org.apache.maven.surefire.booter.ProviderFactory.invokeProvider(ProviderFactory.java:85)
	at org.apache.maven.surefire.booter.ForkedBooter.runSuitesInProcess(ForkedBooter.java:115)
	at org.apache.maven.surefire.booter.ForkedBooter.main(ForkedBooter.java:75)
Caused by: Exception [EclipseLink-4002] (Eclipse Persistence Services - 2.7.6.v20200131-b7c997804f): org.eclipse.persistence.exceptions.DatabaseException
Internal Exception: org.h2.jdbc.JdbcSQLIntegrityConstraintViolationException: La columna &quot;DIRECCION&quot; no permite valores nulos (NULL)
NULL not allowed for column &quot;DIRECCION&quot;; SQL statement:
INSERT INTO CLIENTE (ID, CIUDAD, CODIGOPOSTAL, DIRECCION, ESTADO, FECHAALTA, FECHABAJA, IDENTIFICACION, PAIS, TIPOCLIENTE, USER_USER, DTYPE) VALUES (?, ?, ?, ?, ?, ?, ?, ?, ?, ?, ?, ?) [23502-200]
Error Code: 23502
Call: INSERT INTO CLIENTE (ID, CIUDAD, CODIGOPOSTAL, DIRECCION, ESTADO, FECHAALTA, FECHABAJA, IDENTIFICACION, PAIS, TIPOCLIENTE, USER_USER, DTYPE) VALUES (?, ?, ?, ?, ?, ?, ?, ?, ?, ?, ?, ?)
	bind =&gt; [12 parameters bound]
Query: InsertObjectQuery(Cliente{
id=2
identificacion=avenida de Murcia
tipoCliente=null
estado=Activo
fechaAlta=Thu Apr 28 17:23:37 CEST 2022
fechaBaja=null
direccion=null
ciudad=Murcia
codigopostal=29845
pais=Espana
cuentasFintech={[]}}Empresa{
razon_social=UCAM})
	at org.eclipse.persistence.exceptions.DatabaseException.sqlException(DatabaseException.java:333)
	at org.eclipse.persistence.internal.databaseaccess.DatabaseAccessor.executeDirectNoSelect(DatabaseAccessor.java:908)
	at org.eclipse.persistence.internal.databaseaccess.DatabaseAccessor.executeNoSelect(DatabaseAccessor.java:970)
	at org.eclipse.persistence.internal.databaseaccess.DatabaseAccessor.basicExecuteCall(DatabaseAccessor.java:640)
	at org.eclipse.persistence.internal.databaseaccess.DatabaseAccessor.executeCall(DatabaseAccessor.java:567)
	at org.eclipse.persistence.internal.sessions.AbstractSession.basicExecuteCall(AbstractSession.java:2099)
	at org.eclipse.persistence.sessions.server.ClientSession.executeCall(ClientSession.java:313)
	at org.eclipse.persistence.internal.queries.DatasourceCallQueryMechanism.executeCall(DatasourceCallQueryMechanism.java:275)
	at org.eclipse.persistence.internal.queries.DatasourceCallQueryMechanism.insertObject(DatasourceCallQueryMechanism.java:397)
	at org.eclipse.persistence.internal.queries.StatementQueryMechanism.insertObject(StatementQueryMechanism.java:167)
	at org.eclipse.persistence.internal.queries.StatementQueryMechanism.insertObject(StatementQueryMechanism.java:182)
	at org.eclipse.persistence.internal.queries.DatabaseQueryMechanism.insertObjectForWrite(DatabaseQueryMechanism.java:504)
	at org.eclipse.persistence.queries.InsertObjectQuery.executeCommit(InsertObjectQuery.java:82)
	at org.eclipse.persistence.queries.InsertObjectQuery.executeCommitWithChangeSet(InsertObjectQuery.java:92)
	at org.eclipse.persistence.internal.queries.DatabaseQueryMechanism.executeWriteWithChangeSet(DatabaseQueryMechanism.java:316)
	at org.eclipse.persistence.queries.WriteObjectQuery.executeDatabaseQuery(WriteObjectQuery.java:60)
	at org.eclipse.persistence.queries.DatabaseQuery.execute(DatabaseQuery.java:911)
	at org.eclipse.persistence.queries.DatabaseQuery.executeInUnitOfWork(DatabaseQuery.java:810)
	at org.eclipse.persistence.queries.ObjectLevelModifyQuery.executeInUnitOfWorkObjectLevelModifyQuery(ObjectLevelModifyQuery.java:110)
	at org.eclipse.persistence.queries.ObjectLevelModifyQuery.executeInUnitOfWork(ObjectLevelModifyQuery.java:87)
	at org.eclipse.persistence.internal.sessions.UnitOfWorkImpl.internalExecuteQuery(UnitOfWorkImpl.java:2983)
	at org.eclipse.persistence.internal.sessions.AbstractSession.executeQuery(AbstractSession.java:1898)
	at org.eclipse.persistence.internal.sessions.AbstractSession.executeQuery(AbstractSession.java:1880)
	at org.eclipse.persistence.internal.sessions.AbstractSession.executeQuery(AbstractSession.java:1830)
	at org.eclipse.persistence.internal.sessions.CommitManager.commitNewObjectsForClassWithChangeSet(CommitManager.java:229)
	at org.eclipse.persistence.internal.sessions.CommitManager.commitAllObjectsForClassWithChangeSet(CommitManager.java:196)
	at org.eclipse.persistence.internal.sessions.CommitManager.commitAllObjectsWithChangeSet(CommitManager.java:141)
	at org.eclipse.persistence.internal.sessions.AbstractSession.writeAllObjectsWithChangeSet(AbstractSession.java:4398)
	at org.eclipse.persistence.internal.sessions.UnitOfWorkImpl.commitToDatabase(UnitOfWorkImpl.java:1495)
	at org.eclipse.persistence.internal.sessions.UnitOfWorkImpl.commitToDatabaseWithChangeSet(UnitOfWorkImpl.java:1585)
	at org.eclipse.persistence.internal.sessions.RepeatableWriteUnitOfWork.commitRootUnitOfWork(RepeatableWriteUnitOfWork.java:280)
	at org.eclipse.persistence.internal.sessions.UnitOfWorkImpl.commitAndResume(UnitOfWorkImpl.java:1222)
	at org.eclipse.persistence.internal.jpa.transaction.EntityTransactionImpl.commit(EntityTransactionImpl.java:136)
	... 45 more
Caused by: org.h2.jdbc.JdbcSQLIntegrityConstraintViolationException: La columna &quot;DIRECCION&quot; no permite valores nulos (NULL)
NULL not allowed for column &quot;DIRECCION&quot;; SQL statement:
INSERT INTO CLIENTE (ID, CIUDAD, CODIGOPOSTAL, DIRECCION, ESTADO, FECHAALTA, FECHABAJA, IDENTIFICACION, PAIS, TIPOCLIENTE, USER_USER, DTYPE) VALUES (?, ?, ?, ?, ?, ?, ?, ?, ?, ?, ?, ?) [23502-200]
	at org.h2.message.DbException.getJdbcSQLException(DbException.java:459)
	at org.h2.message.DbException.getJdbcSQLException(DbException.java:429)
	at org.h2.message.DbException.get(DbException.java:205)
	at org.h2.message.DbException.get(DbException.java:181)
	at org.h2.table.Column.validateConvertUpdateSequence(Column.java:374)
	at org.h2.table.Table.validateConvertUpdateSequence(Table.java:845)
	at org.h2.command.dml.Insert.insertRows(Insert.java:187)
	at org.h2.command.dml.Insert.update(Insert.java:151)
	at org.h2.command.CommandContainer.update(CommandContainer.java:198)
	at org.h2.command.Command.executeUpdate(Command.java:251)
	at org.h2.jdbc.JdbcPreparedStatement.executeUpdateInternal(JdbcPreparedStatement.java:191)
	at org.h2.jdbc.JdbcPreparedStatement.executeUpdate(JdbcPreparedStatement.java:152)
	at org.eclipse.persistence.internal.databaseaccess.DatabaseAccessor.executeDirectNoSelect(DatabaseAccessor.java:898)
	... 76 more
</error>
    <system-out>[EL Warning]: 2022-04-28 17:23:37.866--UnitOfWork(687747626)--Exception [EclipseLink-4002] (Eclipse Persistence Services - 2.7.6.v20200131-b7c997804f): org.eclipse.persistence.exceptions.DatabaseException
Internal Exception: org.h2.jdbc.JdbcSQLIntegrityConstraintViolationException: La columna &quot;DIRECCION&quot; no permite valores nulos (NULL)
NULL not allowed for column &quot;DIRECCION&quot;; SQL statement:
INSERT INTO CLIENTE (ID, CIUDAD, CODIGOPOSTAL, DIRECCION, ESTADO, FECHAALTA, FECHABAJA, IDENTIFICACION, PAIS, TIPOCLIENTE, USER_USER, DTYPE) VALUES (?, ?, ?, ?, ?, ?, ?, ?, ?, ?, ?, ?) [23502-200]
Error Code: 23502
Call: INSERT INTO CLIENTE (ID, CIUDAD, CODIGOPOSTAL, DIRECCION, ESTADO, FECHAALTA, FECHABAJA, IDENTIFICACION, PAIS, TIPOCLIENTE, USER_USER, DTYPE) VALUES (?, ?, ?, ?, ?, ?, ?, ?, ?, ?, ?, ?)
	bind =&gt; [12 parameters bound]
Query: InsertObjectQuery(Cliente{
id=2
identificacion=avenida de Murcia
tipoCliente=null
estado=Activo
fechaAlta=Thu Apr 28 17:23:37 CEST 2022
fechaBaja=null
direccion=null
ciudad=Murcia
codigopostal=29845
pais=Espana
cuentasFintech={[]}}Empresa{
razon_social=UCAM})
</system-out>
  </testcase>
  <testcase classname="ma3s.fintech.test.Clientes" name="testDarBajaCliente" time="0.037">
    <error message="Exception [EclipseLink-4002] (Eclipse Persistence Services - 2.7.6.v20200131-b7c997804f): org.eclipse.persistence.exceptions.DatabaseException
Internal Exception: org.h2.jdbc.JdbcSQLIntegrityConstraintViolationException: La columna &quot;DIRECCION&quot; no permite valores nulos (NULL)
NULL not allowed for column &quot;DIRECCION&quot;; SQL statement:
INSERT INTO CLIENTE (ID, CIUDAD, CODIGOPOSTAL, DIRECCION, ESTADO, FECHAALTA, FECHABAJA, IDENTIFICACION, PAIS, TIPOCLIENTE, USER_USER, DTYPE) VALUES (?, ?, ?, ?, ?, ?, ?, ?, ?, ?, ?, ?) [23502-200]
Error Code: 23502
Call: INSERT INTO CLIENTE (ID, CIUDAD, CODIGOPOSTAL, DIRECCION, ESTADO, FECHAALTA, FECHABAJA, IDENTIFICACION, PAIS, TIPOCLIENTE, USER_USER, DTYPE) VALUES (?, ?, ?, ?, ?, ?, ?, ?, ?, ?, ?, ?)
	bind =&gt; [12 parameters bound]
Query: InsertObjectQuery(Cliente{
id=2
identificacion=avenida de Murcia
tipoCliente=null
estado=Activo
fechaAlta=Thu Apr 28 17:23:37 CEST 2022
fechaBaja=null
direccion=null
ciudad=Murcia
codigopostal=29845
pais=Espana
cuentasFintech={[]}}Empresa{
razon_social=UCAM})" type="javax.persistence.RollbackException">javax.persistence.RollbackException: Exception [EclipseLink-4002] (Eclipse Persistence Services - 2.7.6.v20200131-b7c997804f): org.eclipse.persistence.exceptions.DatabaseException
Internal Exception: org.h2.jdbc.JdbcSQLIntegrityConstraintViolationException: La columna &quot;DIRECCION&quot; no permite valores nulos (NULL)
NULL not allowed for column &quot;DIRECCION&quot;; SQL statement:
INSERT INTO CLIENTE (ID, CIUDAD, CODIGOPOSTAL, DIRECCION, ESTADO, FECHAALTA, FECHABAJA, IDENTIFICACION, PAIS, TIPOCLIENTE, USER_USER, DTYPE) VALUES (?, ?, ?, ?, ?, ?, ?, ?, ?, ?, ?, ?) [23502-200]
Error Code: 23502
Call: INSERT INTO CLIENTE (ID, CIUDAD, CODIGOPOSTAL, DIRECCION, ESTADO, FECHAALTA, FECHABAJA, IDENTIFICACION, PAIS, TIPOCLIENTE, USER_USER, DTYPE) VALUES (?, ?, ?, ?, ?, ?, ?, ?, ?, ?, ?, ?)
	bind =&gt; [12 parameters bound]
Query: InsertObjectQuery(Cliente{
id=2
identificacion=avenida de Murcia
tipoCliente=null
estado=Activo
fechaAlta=Thu Apr 28 17:23:37 CEST 2022
fechaBaja=null
direccion=null
ciudad=Murcia
codigopostal=29845
pais=Espana
cuentasFintech={[]}}Empresa{
razon_social=UCAM})
	at org.eclipse.persistence.internal.jpa.transaction.EntityTransactionImpl.commit(EntityTransactionImpl.java:161)
	at ma3s.fintech.test.BaseDatos.inicializaBaseDatos(BaseDatos.java:229)
	at ma3s.fintech.test.Clientes.setup(Clientes.java:31)
	at sun.reflect.GeneratedMethodAccessor24.invoke(Unknown Source)
	at sun.reflect.DelegatingMethodAccessorImpl.invoke(DelegatingMethodAccessorImpl.java:43)
	at java.lang.reflect.Method.invoke(Method.java:498)
	at org.junit.runners.model.FrameworkMethod$1.runReflectiveCall(FrameworkMethod.java:59)
	at org.junit.internal.runners.model.ReflectiveCallable.run(ReflectiveCallable.java:12)
	at org.junit.runners.model.FrameworkMethod.invokeExplosively(FrameworkMethod.java:56)
	at org.junit.internal.runners.statements.RunBefores.invokeMethod(RunBefores.java:33)
	at org.junit.internal.runners.statements.RunBefores.evaluate(RunBefores.java:24)
	at org.junit.runners.ParentRunner$3.evaluate(ParentRunner.java:306)
	at org.junit.runners.BlockJUnit4ClassRunner$1.evaluate(BlockJUnit4ClassRunner.java:100)
	at org.junit.runners.ParentRunner.runLeaf(ParentRunner.java:366)
	at org.junit.runners.BlockJUnit4ClassRunner.runChild(BlockJUnit4ClassRunner.java:103)
	at org.junit.runners.BlockJUnit4ClassRunner.runChild(BlockJUnit4ClassRunner.java:63)
	at org.junit.runners.ParentRunner$4.run(ParentRunner.java:331)
	at org.junit.runners.ParentRunner$1.schedule(ParentRunner.java:79)
	at org.junit.runners.ParentRunner.runChildren(ParentRunner.java:329)
	at org.junit.runners.ParentRunner.access$100(ParentRunner.java:66)
	at org.junit.runners.ParentRunner$2.evaluate(ParentRunner.java:293)
	at org.junit.runners.ParentRunner$3.evaluate(ParentRunner.java:306)
	at org.junit.runners.ParentRunner.run(ParentRunner.java:413)
	at org.junit.runners.Suite.runChild(Suite.java:128)
	at org.junit.runners.Suite.runChild(Suite.java:27)
	at org.junit.runners.ParentRunner$4.run(ParentRunner.java:331)
	at org.junit.runners.ParentRunner$1.schedule(ParentRunner.java:79)
	at org.junit.runners.ParentRunner.runChildren(ParentRunner.java:329)
	at org.junit.runners.ParentRunner.access$100(ParentRunner.java:66)
	at org.junit.runners.ParentRunner$2.evaluate(ParentRunner.java:293)
	at org.junit.internal.runners.statements.RunBefores.evaluate(RunBefores.java:26)
	at org.junit.internal.runners.statements.RunAfters.evaluate(RunAfters.java:27)
	at org.junit.runners.ParentRunner$3.evaluate(ParentRunner.java:306)
	at org.junit.runners.ParentRunner.run(ParentRunner.java:413)
	at org.apache.maven.surefire.junit4.JUnit4Provider.execute(JUnit4Provider.java:252)
	at org.apache.maven.surefire.junit4.JUnit4Provider.executeTestSet(JUnit4Provider.java:141)
	at org.apache.maven.surefire.junit4.JUnit4Provider.invoke(JUnit4Provider.java:112)
	at sun.reflect.NativeMethodAccessorImpl.invoke0(Native Method)
	at sun.reflect.NativeMethodAccessorImpl.invoke(NativeMethodAccessorImpl.java:62)
	at sun.reflect.DelegatingMethodAccessorImpl.invoke(DelegatingMethodAccessorImpl.java:43)
	at java.lang.reflect.Method.invoke(Method.java:498)
	at org.apache.maven.surefire.util.ReflectionUtils.invokeMethodWithArray(ReflectionUtils.java:189)
	at org.apache.maven.surefire.booter.ProviderFactory$ProviderProxy.invoke(ProviderFactory.java:165)
	at org.apache.maven.surefire.booter.ProviderFactory.invokeProvider(ProviderFactory.java:85)
	at org.apache.maven.surefire.booter.ForkedBooter.runSuitesInProcess(ForkedBooter.java:115)
	at org.apache.maven.surefire.booter.ForkedBooter.main(ForkedBooter.java:75)
Caused by: Exception [EclipseLink-4002] (Eclipse Persistence Services - 2.7.6.v20200131-b7c997804f): org.eclipse.persistence.exceptions.DatabaseException
Internal Exception: org.h2.jdbc.JdbcSQLIntegrityConstraintViolationException: La columna &quot;DIRECCION&quot; no permite valores nulos (NULL)
NULL not allowed for column &quot;DIRECCION&quot;; SQL statement:
INSERT INTO CLIENTE (ID, CIUDAD, CODIGOPOSTAL, DIRECCION, ESTADO, FECHAALTA, FECHABAJA, IDENTIFICACION, PAIS, TIPOCLIENTE, USER_USER, DTYPE) VALUES (?, ?, ?, ?, ?, ?, ?, ?, ?, ?, ?, ?) [23502-200]
Error Code: 23502
Call: INSERT INTO CLIENTE (ID, CIUDAD, CODIGOPOSTAL, DIRECCION, ESTADO, FECHAALTA, FECHABAJA, IDENTIFICACION, PAIS, TIPOCLIENTE, USER_USER, DTYPE) VALUES (?, ?, ?, ?, ?, ?, ?, ?, ?, ?, ?, ?)
	bind =&gt; [12 parameters bound]
Query: InsertObjectQuery(Cliente{
id=2
identificacion=avenida de Murcia
tipoCliente=null
estado=Activo
fechaAlta=Thu Apr 28 17:23:37 CEST 2022
fechaBaja=null
direccion=null
ciudad=Murcia
codigopostal=29845
pais=Espana
cuentasFintech={[]}}Empresa{
razon_social=UCAM})
	at org.eclipse.persistence.exceptions.DatabaseException.sqlException(DatabaseException.java:333)
	at org.eclipse.persistence.internal.databaseaccess.DatabaseAccessor.executeDirectNoSelect(DatabaseAccessor.java:908)
	at org.eclipse.persistence.internal.databaseaccess.DatabaseAccessor.executeNoSelect(DatabaseAccessor.java:970)
	at org.eclipse.persistence.internal.databaseaccess.DatabaseAccessor.basicExecuteCall(DatabaseAccessor.java:640)
	at org.eclipse.persistence.internal.databaseaccess.DatabaseAccessor.executeCall(DatabaseAccessor.java:567)
	at org.eclipse.persistence.internal.sessions.AbstractSession.basicExecuteCall(AbstractSession.java:2099)
	at org.eclipse.persistence.sessions.server.ClientSession.executeCall(ClientSession.java:313)
	at org.eclipse.persistence.internal.queries.DatasourceCallQueryMechanism.executeCall(DatasourceCallQueryMechanism.java:275)
	at org.eclipse.persistence.internal.queries.DatasourceCallQueryMechanism.insertObject(DatasourceCallQueryMechanism.java:397)
	at org.eclipse.persistence.internal.queries.StatementQueryMechanism.insertObject(StatementQueryMechanism.java:167)
	at org.eclipse.persistence.internal.queries.StatementQueryMechanism.insertObject(StatementQueryMechanism.java:182)
	at org.eclipse.persistence.internal.queries.DatabaseQueryMechanism.insertObjectForWrite(DatabaseQueryMechanism.java:504)
	at org.eclipse.persistence.queries.InsertObjectQuery.executeCommit(InsertObjectQuery.java:82)
	at org.eclipse.persistence.queries.InsertObjectQuery.executeCommitWithChangeSet(InsertObjectQuery.java:92)
	at org.eclipse.persistence.internal.queries.DatabaseQueryMechanism.executeWriteWithChangeSet(DatabaseQueryMechanism.java:316)
	at org.eclipse.persistence.queries.WriteObjectQuery.executeDatabaseQuery(WriteObjectQuery.java:60)
	at org.eclipse.persistence.queries.DatabaseQuery.execute(DatabaseQuery.java:911)
	at org.eclipse.persistence.queries.DatabaseQuery.executeInUnitOfWork(DatabaseQuery.java:810)
	at org.eclipse.persistence.queries.ObjectLevelModifyQuery.executeInUnitOfWorkObjectLevelModifyQuery(ObjectLevelModifyQuery.java:110)
	at org.eclipse.persistence.queries.ObjectLevelModifyQuery.executeInUnitOfWork(ObjectLevelModifyQuery.java:87)
	at org.eclipse.persistence.internal.sessions.UnitOfWorkImpl.internalExecuteQuery(UnitOfWorkImpl.java:2983)
	at org.eclipse.persistence.internal.sessions.AbstractSession.executeQuery(AbstractSession.java:1898)
	at org.eclipse.persistence.internal.sessions.AbstractSession.executeQuery(AbstractSession.java:1880)
	at org.eclipse.persistence.internal.sessions.AbstractSession.executeQuery(AbstractSession.java:1830)
	at org.eclipse.persistence.internal.sessions.CommitManager.commitNewObjectsForClassWithChangeSet(CommitManager.java:229)
	at org.eclipse.persistence.internal.sessions.CommitManager.commitAllObjectsForClassWithChangeSet(CommitManager.java:196)
	at org.eclipse.persistence.internal.sessions.CommitManager.commitAllObjectsWithChangeSet(CommitManager.java:141)
	at org.eclipse.persistence.internal.sessions.AbstractSession.writeAllObjectsWithChangeSet(AbstractSession.java:4398)
	at org.eclipse.persistence.internal.sessions.UnitOfWorkImpl.commitToDatabase(UnitOfWorkImpl.java:1495)
	at org.eclipse.persistence.internal.sessions.UnitOfWorkImpl.commitToDatabaseWithChangeSet(UnitOfWorkImpl.java:1585)
	at org.eclipse.persistence.internal.sessions.RepeatableWriteUnitOfWork.commitRootUnitOfWork(RepeatableWriteUnitOfWork.java:280)
	at org.eclipse.persistence.internal.sessions.UnitOfWorkImpl.commitAndResume(UnitOfWorkImpl.java:1222)
	at org.eclipse.persistence.internal.jpa.transaction.EntityTransactionImpl.commit(EntityTransactionImpl.java:136)
	... 45 more
Caused by: org.h2.jdbc.JdbcSQLIntegrityConstraintViolationException: La columna &quot;DIRECCION&quot; no permite valores nulos (NULL)
NULL not allowed for column &quot;DIRECCION&quot;; SQL statement:
INSERT INTO CLIENTE (ID, CIUDAD, CODIGOPOSTAL, DIRECCION, ESTADO, FECHAALTA, FECHABAJA, IDENTIFICACION, PAIS, TIPOCLIENTE, USER_USER, DTYPE) VALUES (?, ?, ?, ?, ?, ?, ?, ?, ?, ?, ?, ?) [23502-200]
	at org.h2.message.DbException.getJdbcSQLException(DbException.java:459)
	at org.h2.message.DbException.getJdbcSQLException(DbException.java:429)
	at org.h2.message.DbException.get(DbException.java:205)
	at org.h2.message.DbException.get(DbException.java:181)
	at org.h2.table.Column.validateConvertUpdateSequence(Column.java:374)
	at org.h2.table.Table.validateConvertUpdateSequence(Table.java:845)
	at org.h2.command.dml.Insert.insertRows(Insert.java:187)
	at org.h2.command.dml.Insert.update(Insert.java:151)
	at org.h2.command.CommandContainer.update(CommandContainer.java:198)
	at org.h2.command.Command.executeUpdate(Command.java:251)
	at org.h2.jdbc.JdbcPreparedStatement.executeUpdateInternal(JdbcPreparedStatement.java:191)
	at org.h2.jdbc.JdbcPreparedStatement.executeUpdate(JdbcPreparedStatement.java:152)
	at org.eclipse.persistence.internal.databaseaccess.DatabaseAccessor.executeDirectNoSelect(DatabaseAccessor.java:898)
	... 76 more
</error>
    <system-out>[EL Warning]: 2022-04-28 17:23:37.904--UnitOfWork(416365407)--Exception [EclipseLink-4002] (Eclipse Persistence Services - 2.7.6.v20200131-b7c997804f): org.eclipse.persistence.exceptions.DatabaseException
Internal Exception: org.h2.jdbc.JdbcSQLIntegrityConstraintViolationException: La columna &quot;DIRECCION&quot; no permite valores nulos (NULL)
NULL not allowed for column &quot;DIRECCION&quot;; SQL statement:
INSERT INTO CLIENTE (ID, CIUDAD, CODIGOPOSTAL, DIRECCION, ESTADO, FECHAALTA, FECHABAJA, IDENTIFICACION, PAIS, TIPOCLIENTE, USER_USER, DTYPE) VALUES (?, ?, ?, ?, ?, ?, ?, ?, ?, ?, ?, ?) [23502-200]
Error Code: 23502
Call: INSERT INTO CLIENTE (ID, CIUDAD, CODIGOPOSTAL, DIRECCION, ESTADO, FECHAALTA, FECHABAJA, IDENTIFICACION, PAIS, TIPOCLIENTE, USER_USER, DTYPE) VALUES (?, ?, ?, ?, ?, ?, ?, ?, ?, ?, ?, ?)
	bind =&gt; [12 parameters bound]
Query: InsertObjectQuery(Cliente{
id=2
identificacion=avenida de Murcia
tipoCliente=null
estado=Activo
fechaAlta=Thu Apr 28 17:23:37 CEST 2022
fechaBaja=null
direccion=null
ciudad=Murcia
codigopostal=29845
pais=Espana
cuentasFintech={[]}}Empresa{
razon_social=UCAM})
</system-out>
  </testcase>
  <testcase classname="ma3s.fintech.test.Clientes" name="testModRazonSocialEmpresaCampoVacio" time="0.042">
    <error message="Exception [EclipseLink-4002] (Eclipse Persistence Services - 2.7.6.v20200131-b7c997804f): org.eclipse.persistence.exceptions.DatabaseException
Internal Exception: org.h2.jdbc.JdbcSQLIntegrityConstraintViolationException: La columna &quot;DIRECCION&quot; no permite valores nulos (NULL)
NULL not allowed for column &quot;DIRECCION&quot;; SQL statement:
INSERT INTO CLIENTE (ID, CIUDAD, CODIGOPOSTAL, DIRECCION, ESTADO, FECHAALTA, FECHABAJA, IDENTIFICACION, PAIS, TIPOCLIENTE, USER_USER, DTYPE) VALUES (?, ?, ?, ?, ?, ?, ?, ?, ?, ?, ?, ?) [23502-200]
Error Code: 23502
Call: INSERT INTO CLIENTE (ID, CIUDAD, CODIGOPOSTAL, DIRECCION, ESTADO, FECHAALTA, FECHABAJA, IDENTIFICACION, PAIS, TIPOCLIENTE, USER_USER, DTYPE) VALUES (?, ?, ?, ?, ?, ?, ?, ?, ?, ?, ?, ?)
	bind =&gt; [12 parameters bound]
Query: InsertObjectQuery(Cliente{
id=1
identificacion=Avenia Plutarco
tipoCliente=null
estado=Activo
fechaAlta=Thu Apr 28 17:23:37 CEST 2022
fechaBaja=null
direccion=null
ciudad=Malaga
codigopostal=29004
pais=Espana
cuentasFintech={[]}}Empresa{
razon_social=UMA})" type="javax.persistence.RollbackException">javax.persistence.RollbackException: Exception [EclipseLink-4002] (Eclipse Persistence Services - 2.7.6.v20200131-b7c997804f): org.eclipse.persistence.exceptions.DatabaseException
Internal Exception: org.h2.jdbc.JdbcSQLIntegrityConstraintViolationException: La columna &quot;DIRECCION&quot; no permite valores nulos (NULL)
NULL not allowed for column &quot;DIRECCION&quot;; SQL statement:
INSERT INTO CLIENTE (ID, CIUDAD, CODIGOPOSTAL, DIRECCION, ESTADO, FECHAALTA, FECHABAJA, IDENTIFICACION, PAIS, TIPOCLIENTE, USER_USER, DTYPE) VALUES (?, ?, ?, ?, ?, ?, ?, ?, ?, ?, ?, ?) [23502-200]
Error Code: 23502
Call: INSERT INTO CLIENTE (ID, CIUDAD, CODIGOPOSTAL, DIRECCION, ESTADO, FECHAALTA, FECHABAJA, IDENTIFICACION, PAIS, TIPOCLIENTE, USER_USER, DTYPE) VALUES (?, ?, ?, ?, ?, ?, ?, ?, ?, ?, ?, ?)
	bind =&gt; [12 parameters bound]
Query: InsertObjectQuery(Cliente{
id=1
identificacion=Avenia Plutarco
tipoCliente=null
estado=Activo
fechaAlta=Thu Apr 28 17:23:37 CEST 2022
fechaBaja=null
direccion=null
ciudad=Malaga
codigopostal=29004
pais=Espana
cuentasFintech={[]}}Empresa{
razon_social=UMA})
	at org.eclipse.persistence.internal.jpa.transaction.EntityTransactionImpl.commit(EntityTransactionImpl.java:161)
	at ma3s.fintech.test.BaseDatos.inicializaBaseDatos(BaseDatos.java:229)
	at ma3s.fintech.test.Clientes.setup(Clientes.java:31)
	at sun.reflect.GeneratedMethodAccessor24.invoke(Unknown Source)
	at sun.reflect.DelegatingMethodAccessorImpl.invoke(DelegatingMethodAccessorImpl.java:43)
	at java.lang.reflect.Method.invoke(Method.java:498)
	at org.junit.runners.model.FrameworkMethod$1.runReflectiveCall(FrameworkMethod.java:59)
	at org.junit.internal.runners.model.ReflectiveCallable.run(ReflectiveCallable.java:12)
	at org.junit.runners.model.FrameworkMethod.invokeExplosively(FrameworkMethod.java:56)
	at org.junit.internal.runners.statements.RunBefores.invokeMethod(RunBefores.java:33)
	at org.junit.internal.runners.statements.RunBefores.evaluate(RunBefores.java:24)
	at org.junit.runners.ParentRunner$3.evaluate(ParentRunner.java:306)
	at org.junit.runners.BlockJUnit4ClassRunner$1.evaluate(BlockJUnit4ClassRunner.java:100)
	at org.junit.runners.ParentRunner.runLeaf(ParentRunner.java:366)
	at org.junit.runners.BlockJUnit4ClassRunner.runChild(BlockJUnit4ClassRunner.java:103)
	at org.junit.runners.BlockJUnit4ClassRunner.runChild(BlockJUnit4ClassRunner.java:63)
	at org.junit.runners.ParentRunner$4.run(ParentRunner.java:331)
	at org.junit.runners.ParentRunner$1.schedule(ParentRunner.java:79)
	at org.junit.runners.ParentRunner.runChildren(ParentRunner.java:329)
	at org.junit.runners.ParentRunner.access$100(ParentRunner.java:66)
	at org.junit.runners.ParentRunner$2.evaluate(ParentRunner.java:293)
	at org.junit.runners.ParentRunner$3.evaluate(ParentRunner.java:306)
	at org.junit.runners.ParentRunner.run(ParentRunner.java:413)
	at org.junit.runners.Suite.runChild(Suite.java:128)
	at org.junit.runners.Suite.runChild(Suite.java:27)
	at org.junit.runners.ParentRunner$4.run(ParentRunner.java:331)
	at org.junit.runners.ParentRunner$1.schedule(ParentRunner.java:79)
	at org.junit.runners.ParentRunner.runChildren(ParentRunner.java:329)
	at org.junit.runners.ParentRunner.access$100(ParentRunner.java:66)
	at org.junit.runners.ParentRunner$2.evaluate(ParentRunner.java:293)
	at org.junit.internal.runners.statements.RunBefores.evaluate(RunBefores.java:26)
	at org.junit.internal.runners.statements.RunAfters.evaluate(RunAfters.java:27)
	at org.junit.runners.ParentRunner$3.evaluate(ParentRunner.java:306)
	at org.junit.runners.ParentRunner.run(ParentRunner.java:413)
	at org.apache.maven.surefire.junit4.JUnit4Provider.execute(JUnit4Provider.java:252)
	at org.apache.maven.surefire.junit4.JUnit4Provider.executeTestSet(JUnit4Provider.java:141)
	at org.apache.maven.surefire.junit4.JUnit4Provider.invoke(JUnit4Provider.java:112)
	at sun.reflect.NativeMethodAccessorImpl.invoke0(Native Method)
	at sun.reflect.NativeMethodAccessorImpl.invoke(NativeMethodAccessorImpl.java:62)
	at sun.reflect.DelegatingMethodAccessorImpl.invoke(DelegatingMethodAccessorImpl.java:43)
	at java.lang.reflect.Method.invoke(Method.java:498)
	at org.apache.maven.surefire.util.ReflectionUtils.invokeMethodWithArray(ReflectionUtils.java:189)
	at org.apache.maven.surefire.booter.ProviderFactory$ProviderProxy.invoke(ProviderFactory.java:165)
	at org.apache.maven.surefire.booter.ProviderFactory.invokeProvider(ProviderFactory.java:85)
	at org.apache.maven.surefire.booter.ForkedBooter.runSuitesInProcess(ForkedBooter.java:115)
	at org.apache.maven.surefire.booter.ForkedBooter.main(ForkedBooter.java:75)
Caused by: Exception [EclipseLink-4002] (Eclipse Persistence Services - 2.7.6.v20200131-b7c997804f): org.eclipse.persistence.exceptions.DatabaseException
Internal Exception: org.h2.jdbc.JdbcSQLIntegrityConstraintViolationException: La columna &quot;DIRECCION&quot; no permite valores nulos (NULL)
NULL not allowed for column &quot;DIRECCION&quot;; SQL statement:
INSERT INTO CLIENTE (ID, CIUDAD, CODIGOPOSTAL, DIRECCION, ESTADO, FECHAALTA, FECHABAJA, IDENTIFICACION, PAIS, TIPOCLIENTE, USER_USER, DTYPE) VALUES (?, ?, ?, ?, ?, ?, ?, ?, ?, ?, ?, ?) [23502-200]
Error Code: 23502
Call: INSERT INTO CLIENTE (ID, CIUDAD, CODIGOPOSTAL, DIRECCION, ESTADO, FECHAALTA, FECHABAJA, IDENTIFICACION, PAIS, TIPOCLIENTE, USER_USER, DTYPE) VALUES (?, ?, ?, ?, ?, ?, ?, ?, ?, ?, ?, ?)
	bind =&gt; [12 parameters bound]
Query: InsertObjectQuery(Cliente{
id=1
identificacion=Avenia Plutarco
tipoCliente=null
estado=Activo
fechaAlta=Thu Apr 28 17:23:37 CEST 2022
fechaBaja=null
direccion=null
ciudad=Malaga
codigopostal=29004
pais=Espana
cuentasFintech={[]}}Empresa{
razon_social=UMA})
	at org.eclipse.persistence.exceptions.DatabaseException.sqlException(DatabaseException.java:333)
	at org.eclipse.persistence.internal.databaseaccess.DatabaseAccessor.executeDirectNoSelect(DatabaseAccessor.java:908)
	at org.eclipse.persistence.internal.databaseaccess.DatabaseAccessor.executeNoSelect(DatabaseAccessor.java:970)
	at org.eclipse.persistence.internal.databaseaccess.DatabaseAccessor.basicExecuteCall(DatabaseAccessor.java:640)
	at org.eclipse.persistence.internal.databaseaccess.DatabaseAccessor.executeCall(DatabaseAccessor.java:567)
	at org.eclipse.persistence.internal.sessions.AbstractSession.basicExecuteCall(AbstractSession.java:2099)
	at org.eclipse.persistence.sessions.server.ClientSession.executeCall(ClientSession.java:313)
	at org.eclipse.persistence.internal.queries.DatasourceCallQueryMechanism.executeCall(DatasourceCallQueryMechanism.java:275)
	at org.eclipse.persistence.internal.queries.DatasourceCallQueryMechanism.insertObject(DatasourceCallQueryMechanism.java:397)
	at org.eclipse.persistence.internal.queries.StatementQueryMechanism.insertObject(StatementQueryMechanism.java:167)
	at org.eclipse.persistence.internal.queries.StatementQueryMechanism.insertObject(StatementQueryMechanism.java:182)
	at org.eclipse.persistence.internal.queries.DatabaseQueryMechanism.insertObjectForWrite(DatabaseQueryMechanism.java:504)
	at org.eclipse.persistence.queries.InsertObjectQuery.executeCommit(InsertObjectQuery.java:82)
	at org.eclipse.persistence.queries.InsertObjectQuery.executeCommitWithChangeSet(InsertObjectQuery.java:92)
	at org.eclipse.persistence.internal.queries.DatabaseQueryMechanism.executeWriteWithChangeSet(DatabaseQueryMechanism.java:316)
	at org.eclipse.persistence.queries.WriteObjectQuery.executeDatabaseQuery(WriteObjectQuery.java:60)
	at org.eclipse.persistence.queries.DatabaseQuery.execute(DatabaseQuery.java:911)
	at org.eclipse.persistence.queries.DatabaseQuery.executeInUnitOfWork(DatabaseQuery.java:810)
	at org.eclipse.persistence.queries.ObjectLevelModifyQuery.executeInUnitOfWorkObjectLevelModifyQuery(ObjectLevelModifyQuery.java:110)
	at org.eclipse.persistence.queries.ObjectLevelModifyQuery.executeInUnitOfWork(ObjectLevelModifyQuery.java:87)
	at org.eclipse.persistence.internal.sessions.UnitOfWorkImpl.internalExecuteQuery(UnitOfWorkImpl.java:2983)
	at org.eclipse.persistence.internal.sessions.AbstractSession.executeQuery(AbstractSession.java:1898)
	at org.eclipse.persistence.internal.sessions.AbstractSession.executeQuery(AbstractSession.java:1880)
	at org.eclipse.persistence.internal.sessions.AbstractSession.executeQuery(AbstractSession.java:1830)
	at org.eclipse.persistence.internal.sessions.CommitManager.commitNewObjectsForClassWithChangeSet(CommitManager.java:229)
	at org.eclipse.persistence.internal.sessions.CommitManager.commitAllObjectsForClassWithChangeSet(CommitManager.java:196)
	at org.eclipse.persistence.internal.sessions.CommitManager.commitAllObjectsWithChangeSet(CommitManager.java:141)
	at org.eclipse.persistence.internal.sessions.AbstractSession.writeAllObjectsWithChangeSet(AbstractSession.java:4398)
	at org.eclipse.persistence.internal.sessions.UnitOfWorkImpl.commitToDatabase(UnitOfWorkImpl.java:1495)
	at org.eclipse.persistence.internal.sessions.UnitOfWorkImpl.commitToDatabaseWithChangeSet(UnitOfWorkImpl.java:1585)
	at org.eclipse.persistence.internal.sessions.RepeatableWriteUnitOfWork.commitRootUnitOfWork(RepeatableWriteUnitOfWork.java:280)
	at org.eclipse.persistence.internal.sessions.UnitOfWorkImpl.commitAndResume(UnitOfWorkImpl.java:1222)
	at org.eclipse.persistence.internal.jpa.transaction.EntityTransactionImpl.commit(EntityTransactionImpl.java:136)
	... 45 more
Caused by: org.h2.jdbc.JdbcSQLIntegrityConstraintViolationException: La columna &quot;DIRECCION&quot; no permite valores nulos (NULL)
NULL not allowed for column &quot;DIRECCION&quot;; SQL statement:
INSERT INTO CLIENTE (ID, CIUDAD, CODIGOPOSTAL, DIRECCION, ESTADO, FECHAALTA, FECHABAJA, IDENTIFICACION, PAIS, TIPOCLIENTE, USER_USER, DTYPE) VALUES (?, ?, ?, ?, ?, ?, ?, ?, ?, ?, ?, ?) [23502-200]
	at org.h2.message.DbException.getJdbcSQLException(DbException.java:459)
	at org.h2.message.DbException.getJdbcSQLException(DbException.java:429)
	at org.h2.message.DbException.get(DbException.java:205)
	at org.h2.message.DbException.get(DbException.java:181)
	at org.h2.table.Column.validateConvertUpdateSequence(Column.java:374)
	at org.h2.table.Table.validateConvertUpdateSequence(Table.java:845)
	at org.h2.command.dml.Insert.insertRows(Insert.java:187)
	at org.h2.command.dml.Insert.update(Insert.java:151)
	at org.h2.command.CommandContainer.update(CommandContainer.java:198)
	at org.h2.command.Command.executeUpdate(Command.java:251)
	at org.h2.jdbc.JdbcPreparedStatement.executeUpdateInternal(JdbcPreparedStatement.java:191)
	at org.h2.jdbc.JdbcPreparedStatement.executeUpdate(JdbcPreparedStatement.java:152)
	at org.eclipse.persistence.internal.databaseaccess.DatabaseAccessor.executeDirectNoSelect(DatabaseAccessor.java:898)
	... 76 more
</error>
    <system-out>[EL Warning]: 2022-04-28 17:23:37.943--UnitOfWork(1002750213)--Exception [EclipseLink-4002] (Eclipse Persistence Services - 2.7.6.v20200131-b7c997804f): org.eclipse.persistence.exceptions.DatabaseException
Internal Exception: org.h2.jdbc.JdbcSQLIntegrityConstraintViolationException: La columna &quot;DIRECCION&quot; no permite valores nulos (NULL)
NULL not allowed for column &quot;DIRECCION&quot;; SQL statement:
INSERT INTO CLIENTE (ID, CIUDAD, CODIGOPOSTAL, DIRECCION, ESTADO, FECHAALTA, FECHABAJA, IDENTIFICACION, PAIS, TIPOCLIENTE, USER_USER, DTYPE) VALUES (?, ?, ?, ?, ?, ?, ?, ?, ?, ?, ?, ?) [23502-200]
Error Code: 23502
Call: INSERT INTO CLIENTE (ID, CIUDAD, CODIGOPOSTAL, DIRECCION, ESTADO, FECHAALTA, FECHABAJA, IDENTIFICACION, PAIS, TIPOCLIENTE, USER_USER, DTYPE) VALUES (?, ?, ?, ?, ?, ?, ?, ?, ?, ?, ?, ?)
	bind =&gt; [12 parameters bound]
Query: InsertObjectQuery(Cliente{
id=1
identificacion=Avenia Plutarco
tipoCliente=null
estado=Activo
fechaAlta=Thu Apr 28 17:23:37 CEST 2022
fechaBaja=null
direccion=null
ciudad=Malaga
codigopostal=29004
pais=Espana
cuentasFintech={[]}}Empresa{
razon_social=UMA})
</system-out>
  </testcase>
  <testcase classname="ma3s.fintech.test.Clientes" name="testModDireccionEmpresa" time="0.04">
    <error message="Exception [EclipseLink-4002] (Eclipse Persistence Services - 2.7.6.v20200131-b7c997804f): org.eclipse.persistence.exceptions.DatabaseException
Internal Exception: org.h2.jdbc.JdbcSQLIntegrityConstraintViolationException: La columna &quot;DIRECCION&quot; no permite valores nulos (NULL)
NULL not allowed for column &quot;DIRECCION&quot;; SQL statement:
INSERT INTO CLIENTE (ID, CIUDAD, CODIGOPOSTAL, DIRECCION, ESTADO, FECHAALTA, FECHABAJA, IDENTIFICACION, PAIS, TIPOCLIENTE, USER_USER, DTYPE) VALUES (?, ?, ?, ?, ?, ?, ?, ?, ?, ?, ?, ?) [23502-200]
Error Code: 23502
Call: INSERT INTO CLIENTE (ID, CIUDAD, CODIGOPOSTAL, DIRECCION, ESTADO, FECHAALTA, FECHABAJA, IDENTIFICACION, PAIS, TIPOCLIENTE, USER_USER, DTYPE) VALUES (?, ?, ?, ?, ?, ?, ?, ?, ?, ?, ?, ?)
	bind =&gt; [12 parameters bound]
Query: InsertObjectQuery(Cliente{
id=2
identificacion=avenida de Murcia
tipoCliente=null
estado=Activo
fechaAlta=Thu Apr 28 17:23:37 CEST 2022
fechaBaja=null
direccion=null
ciudad=Murcia
codigopostal=29845
pais=Espana
cuentasFintech={[]}}Empresa{
razon_social=UCAM})" type="javax.persistence.RollbackException">javax.persistence.RollbackException: Exception [EclipseLink-4002] (Eclipse Persistence Services - 2.7.6.v20200131-b7c997804f): org.eclipse.persistence.exceptions.DatabaseException
Internal Exception: org.h2.jdbc.JdbcSQLIntegrityConstraintViolationException: La columna &quot;DIRECCION&quot; no permite valores nulos (NULL)
NULL not allowed for column &quot;DIRECCION&quot;; SQL statement:
INSERT INTO CLIENTE (ID, CIUDAD, CODIGOPOSTAL, DIRECCION, ESTADO, FECHAALTA, FECHABAJA, IDENTIFICACION, PAIS, TIPOCLIENTE, USER_USER, DTYPE) VALUES (?, ?, ?, ?, ?, ?, ?, ?, ?, ?, ?, ?) [23502-200]
Error Code: 23502
Call: INSERT INTO CLIENTE (ID, CIUDAD, CODIGOPOSTAL, DIRECCION, ESTADO, FECHAALTA, FECHABAJA, IDENTIFICACION, PAIS, TIPOCLIENTE, USER_USER, DTYPE) VALUES (?, ?, ?, ?, ?, ?, ?, ?, ?, ?, ?, ?)
	bind =&gt; [12 parameters bound]
Query: InsertObjectQuery(Cliente{
id=2
identificacion=avenida de Murcia
tipoCliente=null
estado=Activo
fechaAlta=Thu Apr 28 17:23:37 CEST 2022
fechaBaja=null
direccion=null
ciudad=Murcia
codigopostal=29845
pais=Espana
cuentasFintech={[]}}Empresa{
razon_social=UCAM})
	at org.eclipse.persistence.internal.jpa.transaction.EntityTransactionImpl.commit(EntityTransactionImpl.java:161)
	at ma3s.fintech.test.BaseDatos.inicializaBaseDatos(BaseDatos.java:229)
	at ma3s.fintech.test.Clientes.setup(Clientes.java:31)
	at sun.reflect.GeneratedMethodAccessor24.invoke(Unknown Source)
	at sun.reflect.DelegatingMethodAccessorImpl.invoke(DelegatingMethodAccessorImpl.java:43)
	at java.lang.reflect.Method.invoke(Method.java:498)
	at org.junit.runners.model.FrameworkMethod$1.runReflectiveCall(FrameworkMethod.java:59)
	at org.junit.internal.runners.model.ReflectiveCallable.run(ReflectiveCallable.java:12)
	at org.junit.runners.model.FrameworkMethod.invokeExplosively(FrameworkMethod.java:56)
	at org.junit.internal.runners.statements.RunBefores.invokeMethod(RunBefores.java:33)
	at org.junit.internal.runners.statements.RunBefores.evaluate(RunBefores.java:24)
	at org.junit.runners.ParentRunner$3.evaluate(ParentRunner.java:306)
	at org.junit.runners.BlockJUnit4ClassRunner$1.evaluate(BlockJUnit4ClassRunner.java:100)
	at org.junit.runners.ParentRunner.runLeaf(ParentRunner.java:366)
	at org.junit.runners.BlockJUnit4ClassRunner.runChild(BlockJUnit4ClassRunner.java:103)
	at org.junit.runners.BlockJUnit4ClassRunner.runChild(BlockJUnit4ClassRunner.java:63)
	at org.junit.runners.ParentRunner$4.run(ParentRunner.java:331)
	at org.junit.runners.ParentRunner$1.schedule(ParentRunner.java:79)
	at org.junit.runners.ParentRunner.runChildren(ParentRunner.java:329)
	at org.junit.runners.ParentRunner.access$100(ParentRunner.java:66)
	at org.junit.runners.ParentRunner$2.evaluate(ParentRunner.java:293)
	at org.junit.runners.ParentRunner$3.evaluate(ParentRunner.java:306)
	at org.junit.runners.ParentRunner.run(ParentRunner.java:413)
	at org.junit.runners.Suite.runChild(Suite.java:128)
	at org.junit.runners.Suite.runChild(Suite.java:27)
	at org.junit.runners.ParentRunner$4.run(ParentRunner.java:331)
	at org.junit.runners.ParentRunner$1.schedule(ParentRunner.java:79)
	at org.junit.runners.ParentRunner.runChildren(ParentRunner.java:329)
	at org.junit.runners.ParentRunner.access$100(ParentRunner.java:66)
	at org.junit.runners.ParentRunner$2.evaluate(ParentRunner.java:293)
	at org.junit.internal.runners.statements.RunBefores.evaluate(RunBefores.java:26)
	at org.junit.internal.runners.statements.RunAfters.evaluate(RunAfters.java:27)
	at org.junit.runners.ParentRunner$3.evaluate(ParentRunner.java:306)
	at org.junit.runners.ParentRunner.run(ParentRunner.java:413)
	at org.apache.maven.surefire.junit4.JUnit4Provider.execute(JUnit4Provider.java:252)
	at org.apache.maven.surefire.junit4.JUnit4Provider.executeTestSet(JUnit4Provider.java:141)
	at org.apache.maven.surefire.junit4.JUnit4Provider.invoke(JUnit4Provider.java:112)
	at sun.reflect.NativeMethodAccessorImpl.invoke0(Native Method)
	at sun.reflect.NativeMethodAccessorImpl.invoke(NativeMethodAccessorImpl.java:62)
	at sun.reflect.DelegatingMethodAccessorImpl.invoke(DelegatingMethodAccessorImpl.java:43)
	at java.lang.reflect.Method.invoke(Method.java:498)
	at org.apache.maven.surefire.util.ReflectionUtils.invokeMethodWithArray(ReflectionUtils.java:189)
	at org.apache.maven.surefire.booter.ProviderFactory$ProviderProxy.invoke(ProviderFactory.java:165)
	at org.apache.maven.surefire.booter.ProviderFactory.invokeProvider(ProviderFactory.java:85)
	at org.apache.maven.surefire.booter.ForkedBooter.runSuitesInProcess(ForkedBooter.java:115)
	at org.apache.maven.surefire.booter.ForkedBooter.main(ForkedBooter.java:75)
Caused by: Exception [EclipseLink-4002] (Eclipse Persistence Services - 2.7.6.v20200131-b7c997804f): org.eclipse.persistence.exceptions.DatabaseException
Internal Exception: org.h2.jdbc.JdbcSQLIntegrityConstraintViolationException: La columna &quot;DIRECCION&quot; no permite valores nulos (NULL)
NULL not allowed for column &quot;DIRECCION&quot;; SQL statement:
INSERT INTO CLIENTE (ID, CIUDAD, CODIGOPOSTAL, DIRECCION, ESTADO, FECHAALTA, FECHABAJA, IDENTIFICACION, PAIS, TIPOCLIENTE, USER_USER, DTYPE) VALUES (?, ?, ?, ?, ?, ?, ?, ?, ?, ?, ?, ?) [23502-200]
Error Code: 23502
Call: INSERT INTO CLIENTE (ID, CIUDAD, CODIGOPOSTAL, DIRECCION, ESTADO, FECHAALTA, FECHABAJA, IDENTIFICACION, PAIS, TIPOCLIENTE, USER_USER, DTYPE) VALUES (?, ?, ?, ?, ?, ?, ?, ?, ?, ?, ?, ?)
	bind =&gt; [12 parameters bound]
Query: InsertObjectQuery(Cliente{
id=2
identificacion=avenida de Murcia
tipoCliente=null
estado=Activo
fechaAlta=Thu Apr 28 17:23:37 CEST 2022
fechaBaja=null
direccion=null
ciudad=Murcia
codigopostal=29845
pais=Espana
cuentasFintech={[]}}Empresa{
razon_social=UCAM})
	at org.eclipse.persistence.exceptions.DatabaseException.sqlException(DatabaseException.java:333)
	at org.eclipse.persistence.internal.databaseaccess.DatabaseAccessor.executeDirectNoSelect(DatabaseAccessor.java:908)
	at org.eclipse.persistence.internal.databaseaccess.DatabaseAccessor.executeNoSelect(DatabaseAccessor.java:970)
	at org.eclipse.persistence.internal.databaseaccess.DatabaseAccessor.basicExecuteCall(DatabaseAccessor.java:640)
	at org.eclipse.persistence.internal.databaseaccess.DatabaseAccessor.executeCall(DatabaseAccessor.java:567)
	at org.eclipse.persistence.internal.sessions.AbstractSession.basicExecuteCall(AbstractSession.java:2099)
	at org.eclipse.persistence.sessions.server.ClientSession.executeCall(ClientSession.java:313)
	at org.eclipse.persistence.internal.queries.DatasourceCallQueryMechanism.executeCall(DatasourceCallQueryMechanism.java:275)
	at org.eclipse.persistence.internal.queries.DatasourceCallQueryMechanism.insertObject(DatasourceCallQueryMechanism.java:397)
	at org.eclipse.persistence.internal.queries.StatementQueryMechanism.insertObject(StatementQueryMechanism.java:167)
	at org.eclipse.persistence.internal.queries.StatementQueryMechanism.insertObject(StatementQueryMechanism.java:182)
	at org.eclipse.persistence.internal.queries.DatabaseQueryMechanism.insertObjectForWrite(DatabaseQueryMechanism.java:504)
	at org.eclipse.persistence.queries.InsertObjectQuery.executeCommit(InsertObjectQuery.java:82)
	at org.eclipse.persistence.queries.InsertObjectQuery.executeCommitWithChangeSet(InsertObjectQuery.java:92)
	at org.eclipse.persistence.internal.queries.DatabaseQueryMechanism.executeWriteWithChangeSet(DatabaseQueryMechanism.java:316)
	at org.eclipse.persistence.queries.WriteObjectQuery.executeDatabaseQuery(WriteObjectQuery.java:60)
	at org.eclipse.persistence.queries.DatabaseQuery.execute(DatabaseQuery.java:911)
	at org.eclipse.persistence.queries.DatabaseQuery.executeInUnitOfWork(DatabaseQuery.java:810)
	at org.eclipse.persistence.queries.ObjectLevelModifyQuery.executeInUnitOfWorkObjectLevelModifyQuery(ObjectLevelModifyQuery.java:110)
	at org.eclipse.persistence.queries.ObjectLevelModifyQuery.executeInUnitOfWork(ObjectLevelModifyQuery.java:87)
	at org.eclipse.persistence.internal.sessions.UnitOfWorkImpl.internalExecuteQuery(UnitOfWorkImpl.java:2983)
	at org.eclipse.persistence.internal.sessions.AbstractSession.executeQuery(AbstractSession.java:1898)
	at org.eclipse.persistence.internal.sessions.AbstractSession.executeQuery(AbstractSession.java:1880)
	at org.eclipse.persistence.internal.sessions.AbstractSession.executeQuery(AbstractSession.java:1830)
	at org.eclipse.persistence.internal.sessions.CommitManager.commitNewObjectsForClassWithChangeSet(CommitManager.java:229)
	at org.eclipse.persistence.internal.sessions.CommitManager.commitAllObjectsForClassWithChangeSet(CommitManager.java:196)
	at org.eclipse.persistence.internal.sessions.CommitManager.commitAllObjectsWithChangeSet(CommitManager.java:141)
	at org.eclipse.persistence.internal.sessions.AbstractSession.writeAllObjectsWithChangeSet(AbstractSession.java:4398)
	at org.eclipse.persistence.internal.sessions.UnitOfWorkImpl.commitToDatabase(UnitOfWorkImpl.java:1495)
	at org.eclipse.persistence.internal.sessions.UnitOfWorkImpl.commitToDatabaseWithChangeSet(UnitOfWorkImpl.java:1585)
	at org.eclipse.persistence.internal.sessions.RepeatableWriteUnitOfWork.commitRootUnitOfWork(RepeatableWriteUnitOfWork.java:280)
	at org.eclipse.persistence.internal.sessions.UnitOfWorkImpl.commitAndResume(UnitOfWorkImpl.java:1222)
	at org.eclipse.persistence.internal.jpa.transaction.EntityTransactionImpl.commit(EntityTransactionImpl.java:136)
	... 45 more
Caused by: org.h2.jdbc.JdbcSQLIntegrityConstraintViolationException: La columna &quot;DIRECCION&quot; no permite valores nulos (NULL)
NULL not allowed for column &quot;DIRECCION&quot;; SQL statement:
INSERT INTO CLIENTE (ID, CIUDAD, CODIGOPOSTAL, DIRECCION, ESTADO, FECHAALTA, FECHABAJA, IDENTIFICACION, PAIS, TIPOCLIENTE, USER_USER, DTYPE) VALUES (?, ?, ?, ?, ?, ?, ?, ?, ?, ?, ?, ?) [23502-200]
	at org.h2.message.DbException.getJdbcSQLException(DbException.java:459)
	at org.h2.message.DbException.getJdbcSQLException(DbException.java:429)
	at org.h2.message.DbException.get(DbException.java:205)
	at org.h2.message.DbException.get(DbException.java:181)
	at org.h2.table.Column.validateConvertUpdateSequence(Column.java:374)
	at org.h2.table.Table.validateConvertUpdateSequence(Table.java:845)
	at org.h2.command.dml.Insert.insertRows(Insert.java:187)
	at org.h2.command.dml.Insert.update(Insert.java:151)
	at org.h2.command.CommandContainer.update(CommandContainer.java:198)
	at org.h2.command.Command.executeUpdate(Command.java:251)
	at org.h2.jdbc.JdbcPreparedStatement.executeUpdateInternal(JdbcPreparedStatement.java:191)
	at org.h2.jdbc.JdbcPreparedStatement.executeUpdate(JdbcPreparedStatement.java:152)
	at org.eclipse.persistence.internal.databaseaccess.DatabaseAccessor.executeDirectNoSelect(DatabaseAccessor.java:898)
	... 76 more
</error>
    <system-out>[EL Warning]: 2022-04-28 17:23:37.985--UnitOfWork(1480459528)--Exception [EclipseLink-4002] (Eclipse Persistence Services - 2.7.6.v20200131-b7c997804f): org.eclipse.persistence.exceptions.DatabaseException
Internal Exception: org.h2.jdbc.JdbcSQLIntegrityConstraintViolationException: La columna &quot;DIRECCION&quot; no permite valores nulos (NULL)
NULL not allowed for column &quot;DIRECCION&quot;; SQL statement:
INSERT INTO CLIENTE (ID, CIUDAD, CODIGOPOSTAL, DIRECCION, ESTADO, FECHAALTA, FECHABAJA, IDENTIFICACION, PAIS, TIPOCLIENTE, USER_USER, DTYPE) VALUES (?, ?, ?, ?, ?, ?, ?, ?, ?, ?, ?, ?) [23502-200]
Error Code: 23502
Call: INSERT INTO CLIENTE (ID, CIUDAD, CODIGOPOSTAL, DIRECCION, ESTADO, FECHAALTA, FECHABAJA, IDENTIFICACION, PAIS, TIPOCLIENTE, USER_USER, DTYPE) VALUES (?, ?, ?, ?, ?, ?, ?, ?, ?, ?, ?, ?)
	bind =&gt; [12 parameters bound]
Query: InsertObjectQuery(Cliente{
id=2
identificacion=avenida de Murcia
tipoCliente=null
estado=Activo
fechaAlta=Thu Apr 28 17:23:37 CEST 2022
fechaBaja=null
direccion=null
ciudad=Murcia
codigopostal=29845
pais=Espana
cuentasFintech={[]}}Empresa{
razon_social=UCAM})
</system-out>
  </testcase>
  <testcase classname="ma3s.fintech.test.Clientes" name="testModCodigoPostalIndividual" time="0.034">
    <error message="Exception [EclipseLink-4002] (Eclipse Persistence Services - 2.7.6.v20200131-b7c997804f): org.eclipse.persistence.exceptions.DatabaseException
Internal Exception: org.h2.jdbc.JdbcSQLIntegrityConstraintViolationException: La columna &quot;DIRECCION&quot; no permite valores nulos (NULL)
NULL not allowed for column &quot;DIRECCION&quot;; SQL statement:
INSERT INTO CLIENTE (ID, CIUDAD, CODIGOPOSTAL, DIRECCION, ESTADO, FECHAALTA, FECHABAJA, IDENTIFICACION, PAIS, TIPOCLIENTE, USER_USER, DTYPE) VALUES (?, ?, ?, ?, ?, ?, ?, ?, ?, ?, ?, ?) [23502-200]
Error Code: 23502
Call: INSERT INTO CLIENTE (ID, CIUDAD, CODIGOPOSTAL, DIRECCION, ESTADO, FECHAALTA, FECHABAJA, IDENTIFICACION, PAIS, TIPOCLIENTE, USER_USER, DTYPE) VALUES (?, ?, ?, ?, ?, ?, ?, ?, ?, ?, ?, ?)
	bind =&gt; [12 parameters bound]
Query: InsertObjectQuery(Cliente{
id=2
identificacion=avenida de Murcia
tipoCliente=null
estado=Activo
fechaAlta=Thu Apr 28 17:23:38 CEST 2022
fechaBaja=null
direccion=null
ciudad=Murcia
codigopostal=29845
pais=Espana
cuentasFintech={[]}}Empresa{
razon_social=UCAM})" type="javax.persistence.RollbackException">javax.persistence.RollbackException: Exception [EclipseLink-4002] (Eclipse Persistence Services - 2.7.6.v20200131-b7c997804f): org.eclipse.persistence.exceptions.DatabaseException
Internal Exception: org.h2.jdbc.JdbcSQLIntegrityConstraintViolationException: La columna &quot;DIRECCION&quot; no permite valores nulos (NULL)
NULL not allowed for column &quot;DIRECCION&quot;; SQL statement:
INSERT INTO CLIENTE (ID, CIUDAD, CODIGOPOSTAL, DIRECCION, ESTADO, FECHAALTA, FECHABAJA, IDENTIFICACION, PAIS, TIPOCLIENTE, USER_USER, DTYPE) VALUES (?, ?, ?, ?, ?, ?, ?, ?, ?, ?, ?, ?) [23502-200]
Error Code: 23502
Call: INSERT INTO CLIENTE (ID, CIUDAD, CODIGOPOSTAL, DIRECCION, ESTADO, FECHAALTA, FECHABAJA, IDENTIFICACION, PAIS, TIPOCLIENTE, USER_USER, DTYPE) VALUES (?, ?, ?, ?, ?, ?, ?, ?, ?, ?, ?, ?)
	bind =&gt; [12 parameters bound]
Query: InsertObjectQuery(Cliente{
id=2
identificacion=avenida de Murcia
tipoCliente=null
estado=Activo
fechaAlta=Thu Apr 28 17:23:38 CEST 2022
fechaBaja=null
direccion=null
ciudad=Murcia
codigopostal=29845
pais=Espana
cuentasFintech={[]}}Empresa{
razon_social=UCAM})
	at org.eclipse.persistence.internal.jpa.transaction.EntityTransactionImpl.commit(EntityTransactionImpl.java:161)
	at ma3s.fintech.test.BaseDatos.inicializaBaseDatos(BaseDatos.java:229)
	at ma3s.fintech.test.Clientes.setup(Clientes.java:31)
	at sun.reflect.GeneratedMethodAccessor24.invoke(Unknown Source)
	at sun.reflect.DelegatingMethodAccessorImpl.invoke(DelegatingMethodAccessorImpl.java:43)
	at java.lang.reflect.Method.invoke(Method.java:498)
	at org.junit.runners.model.FrameworkMethod$1.runReflectiveCall(FrameworkMethod.java:59)
	at org.junit.internal.runners.model.ReflectiveCallable.run(ReflectiveCallable.java:12)
	at org.junit.runners.model.FrameworkMethod.invokeExplosively(FrameworkMethod.java:56)
	at org.junit.internal.runners.statements.RunBefores.invokeMethod(RunBefores.java:33)
	at org.junit.internal.runners.statements.RunBefores.evaluate(RunBefores.java:24)
	at org.junit.runners.ParentRunner$3.evaluate(ParentRunner.java:306)
	at org.junit.runners.BlockJUnit4ClassRunner$1.evaluate(BlockJUnit4ClassRunner.java:100)
	at org.junit.runners.ParentRunner.runLeaf(ParentRunner.java:366)
	at org.junit.runners.BlockJUnit4ClassRunner.runChild(BlockJUnit4ClassRunner.java:103)
	at org.junit.runners.BlockJUnit4ClassRunner.runChild(BlockJUnit4ClassRunner.java:63)
	at org.junit.runners.ParentRunner$4.run(ParentRunner.java:331)
	at org.junit.runners.ParentRunner$1.schedule(ParentRunner.java:79)
	at org.junit.runners.ParentRunner.runChildren(ParentRunner.java:329)
	at org.junit.runners.ParentRunner.access$100(ParentRunner.java:66)
	at org.junit.runners.ParentRunner$2.evaluate(ParentRunner.java:293)
	at org.junit.runners.ParentRunner$3.evaluate(ParentRunner.java:306)
	at org.junit.runners.ParentRunner.run(ParentRunner.java:413)
	at org.junit.runners.Suite.runChild(Suite.java:128)
	at org.junit.runners.Suite.runChild(Suite.java:27)
	at org.junit.runners.ParentRunner$4.run(ParentRunner.java:331)
	at org.junit.runners.ParentRunner$1.schedule(ParentRunner.java:79)
	at org.junit.runners.ParentRunner.runChildren(ParentRunner.java:329)
	at org.junit.runners.ParentRunner.access$100(ParentRunner.java:66)
	at org.junit.runners.ParentRunner$2.evaluate(ParentRunner.java:293)
	at org.junit.internal.runners.statements.RunBefores.evaluate(RunBefores.java:26)
	at org.junit.internal.runners.statements.RunAfters.evaluate(RunAfters.java:27)
	at org.junit.runners.ParentRunner$3.evaluate(ParentRunner.java:306)
	at org.junit.runners.ParentRunner.run(ParentRunner.java:413)
	at org.apache.maven.surefire.junit4.JUnit4Provider.execute(JUnit4Provider.java:252)
	at org.apache.maven.surefire.junit4.JUnit4Provider.executeTestSet(JUnit4Provider.java:141)
	at org.apache.maven.surefire.junit4.JUnit4Provider.invoke(JUnit4Provider.java:112)
	at sun.reflect.NativeMethodAccessorImpl.invoke0(Native Method)
	at sun.reflect.NativeMethodAccessorImpl.invoke(NativeMethodAccessorImpl.java:62)
	at sun.reflect.DelegatingMethodAccessorImpl.invoke(DelegatingMethodAccessorImpl.java:43)
	at java.lang.reflect.Method.invoke(Method.java:498)
	at org.apache.maven.surefire.util.ReflectionUtils.invokeMethodWithArray(ReflectionUtils.java:189)
	at org.apache.maven.surefire.booter.ProviderFactory$ProviderProxy.invoke(ProviderFactory.java:165)
	at org.apache.maven.surefire.booter.ProviderFactory.invokeProvider(ProviderFactory.java:85)
	at org.apache.maven.surefire.booter.ForkedBooter.runSuitesInProcess(ForkedBooter.java:115)
	at org.apache.maven.surefire.booter.ForkedBooter.main(ForkedBooter.java:75)
Caused by: Exception [EclipseLink-4002] (Eclipse Persistence Services - 2.7.6.v20200131-b7c997804f): org.eclipse.persistence.exceptions.DatabaseException
Internal Exception: org.h2.jdbc.JdbcSQLIntegrityConstraintViolationException: La columna &quot;DIRECCION&quot; no permite valores nulos (NULL)
NULL not allowed for column &quot;DIRECCION&quot;; SQL statement:
INSERT INTO CLIENTE (ID, CIUDAD, CODIGOPOSTAL, DIRECCION, ESTADO, FECHAALTA, FECHABAJA, IDENTIFICACION, PAIS, TIPOCLIENTE, USER_USER, DTYPE) VALUES (?, ?, ?, ?, ?, ?, ?, ?, ?, ?, ?, ?) [23502-200]
Error Code: 23502
Call: INSERT INTO CLIENTE (ID, CIUDAD, CODIGOPOSTAL, DIRECCION, ESTADO, FECHAALTA, FECHABAJA, IDENTIFICACION, PAIS, TIPOCLIENTE, USER_USER, DTYPE) VALUES (?, ?, ?, ?, ?, ?, ?, ?, ?, ?, ?, ?)
	bind =&gt; [12 parameters bound]
Query: InsertObjectQuery(Cliente{
id=2
identificacion=avenida de Murcia
tipoCliente=null
estado=Activo
fechaAlta=Thu Apr 28 17:23:38 CEST 2022
fechaBaja=null
direccion=null
ciudad=Murcia
codigopostal=29845
pais=Espana
cuentasFintech={[]}}Empresa{
razon_social=UCAM})
	at org.eclipse.persistence.exceptions.DatabaseException.sqlException(DatabaseException.java:333)
	at org.eclipse.persistence.internal.databaseaccess.DatabaseAccessor.executeDirectNoSelect(DatabaseAccessor.java:908)
	at org.eclipse.persistence.internal.databaseaccess.DatabaseAccessor.executeNoSelect(DatabaseAccessor.java:970)
	at org.eclipse.persistence.internal.databaseaccess.DatabaseAccessor.basicExecuteCall(DatabaseAccessor.java:640)
	at org.eclipse.persistence.internal.databaseaccess.DatabaseAccessor.executeCall(DatabaseAccessor.java:567)
	at org.eclipse.persistence.internal.sessions.AbstractSession.basicExecuteCall(AbstractSession.java:2099)
	at org.eclipse.persistence.sessions.server.ClientSession.executeCall(ClientSession.java:313)
	at org.eclipse.persistence.internal.queries.DatasourceCallQueryMechanism.executeCall(DatasourceCallQueryMechanism.java:275)
	at org.eclipse.persistence.internal.queries.DatasourceCallQueryMechanism.insertObject(DatasourceCallQueryMechanism.java:397)
	at org.eclipse.persistence.internal.queries.StatementQueryMechanism.insertObject(StatementQueryMechanism.java:167)
	at org.eclipse.persistence.internal.queries.StatementQueryMechanism.insertObject(StatementQueryMechanism.java:182)
	at org.eclipse.persistence.internal.queries.DatabaseQueryMechanism.insertObjectForWrite(DatabaseQueryMechanism.java:504)
	at org.eclipse.persistence.queries.InsertObjectQuery.executeCommit(InsertObjectQuery.java:82)
	at org.eclipse.persistence.queries.InsertObjectQuery.executeCommitWithChangeSet(InsertObjectQuery.java:92)
	at org.eclipse.persistence.internal.queries.DatabaseQueryMechanism.executeWriteWithChangeSet(DatabaseQueryMechanism.java:316)
	at org.eclipse.persistence.queries.WriteObjectQuery.executeDatabaseQuery(WriteObjectQuery.java:60)
	at org.eclipse.persistence.queries.DatabaseQuery.execute(DatabaseQuery.java:911)
	at org.eclipse.persistence.queries.DatabaseQuery.executeInUnitOfWork(DatabaseQuery.java:810)
	at org.eclipse.persistence.queries.ObjectLevelModifyQuery.executeInUnitOfWorkObjectLevelModifyQuery(ObjectLevelModifyQuery.java:110)
	at org.eclipse.persistence.queries.ObjectLevelModifyQuery.executeInUnitOfWork(ObjectLevelModifyQuery.java:87)
	at org.eclipse.persistence.internal.sessions.UnitOfWorkImpl.internalExecuteQuery(UnitOfWorkImpl.java:2983)
	at org.eclipse.persistence.internal.sessions.AbstractSession.executeQuery(AbstractSession.java:1898)
	at org.eclipse.persistence.internal.sessions.AbstractSession.executeQuery(AbstractSession.java:1880)
	at org.eclipse.persistence.internal.sessions.AbstractSession.executeQuery(AbstractSession.java:1830)
	at org.eclipse.persistence.internal.sessions.CommitManager.commitNewObjectsForClassWithChangeSet(CommitManager.java:229)
	at org.eclipse.persistence.internal.sessions.CommitManager.commitAllObjectsForClassWithChangeSet(CommitManager.java:196)
	at org.eclipse.persistence.internal.sessions.CommitManager.commitAllObjectsWithChangeSet(CommitManager.java:141)
	at org.eclipse.persistence.internal.sessions.AbstractSession.writeAllObjectsWithChangeSet(AbstractSession.java:4398)
	at org.eclipse.persistence.internal.sessions.UnitOfWorkImpl.commitToDatabase(UnitOfWorkImpl.java:1495)
	at org.eclipse.persistence.internal.sessions.UnitOfWorkImpl.commitToDatabaseWithChangeSet(UnitOfWorkImpl.java:1585)
	at org.eclipse.persistence.internal.sessions.RepeatableWriteUnitOfWork.commitRootUnitOfWork(RepeatableWriteUnitOfWork.java:280)
	at org.eclipse.persistence.internal.sessions.UnitOfWorkImpl.commitAndResume(UnitOfWorkImpl.java:1222)
	at org.eclipse.persistence.internal.jpa.transaction.EntityTransactionImpl.commit(EntityTransactionImpl.java:136)
	... 45 more
Caused by: org.h2.jdbc.JdbcSQLIntegrityConstraintViolationException: La columna &quot;DIRECCION&quot; no permite valores nulos (NULL)
NULL not allowed for column &quot;DIRECCION&quot;; SQL statement:
INSERT INTO CLIENTE (ID, CIUDAD, CODIGOPOSTAL, DIRECCION, ESTADO, FECHAALTA, FECHABAJA, IDENTIFICACION, PAIS, TIPOCLIENTE, USER_USER, DTYPE) VALUES (?, ?, ?, ?, ?, ?, ?, ?, ?, ?, ?, ?) [23502-200]
	at org.h2.message.DbException.getJdbcSQLException(DbException.java:459)
	at org.h2.message.DbException.getJdbcSQLException(DbException.java:429)
	at org.h2.message.DbException.get(DbException.java:205)
	at org.h2.message.DbException.get(DbException.java:181)
	at org.h2.table.Column.validateConvertUpdateSequence(Column.java:374)
	at org.h2.table.Table.validateConvertUpdateSequence(Table.java:845)
	at org.h2.command.dml.Insert.insertRows(Insert.java:187)
	at org.h2.command.dml.Insert.update(Insert.java:151)
	at org.h2.command.CommandContainer.update(CommandContainer.java:198)
	at org.h2.command.Command.executeUpdate(Command.java:251)
	at org.h2.jdbc.JdbcPreparedStatement.executeUpdateInternal(JdbcPreparedStatement.java:191)
	at org.h2.jdbc.JdbcPreparedStatement.executeUpdate(JdbcPreparedStatement.java:152)
	at org.eclipse.persistence.internal.databaseaccess.DatabaseAccessor.executeDirectNoSelect(DatabaseAccessor.java:898)
	... 76 more
</error>
    <system-out>[EL Warning]: 2022-04-28 17:23:38.021--UnitOfWork(1631633190)--Exception [EclipseLink-4002] (Eclipse Persistence Services - 2.7.6.v20200131-b7c997804f): org.eclipse.persistence.exceptions.DatabaseException
Internal Exception: org.h2.jdbc.JdbcSQLIntegrityConstraintViolationException: La columna &quot;DIRECCION&quot; no permite valores nulos (NULL)
NULL not allowed for column &quot;DIRECCION&quot;; SQL statement:
INSERT INTO CLIENTE (ID, CIUDAD, CODIGOPOSTAL, DIRECCION, ESTADO, FECHAALTA, FECHABAJA, IDENTIFICACION, PAIS, TIPOCLIENTE, USER_USER, DTYPE) VALUES (?, ?, ?, ?, ?, ?, ?, ?, ?, ?, ?, ?) [23502-200]
Error Code: 23502
Call: INSERT INTO CLIENTE (ID, CIUDAD, CODIGOPOSTAL, DIRECCION, ESTADO, FECHAALTA, FECHABAJA, IDENTIFICACION, PAIS, TIPOCLIENTE, USER_USER, DTYPE) VALUES (?, ?, ?, ?, ?, ?, ?, ?, ?, ?, ?, ?)
	bind =&gt; [12 parameters bound]
Query: InsertObjectQuery(Cliente{
id=2
identificacion=avenida de Murcia
tipoCliente=null
estado=Activo
fechaAlta=Thu Apr 28 17:23:38 CEST 2022
fechaBaja=null
direccion=null
ciudad=Murcia
codigopostal=29845
pais=Espana
cuentasFintech={[]}}Empresa{
razon_social=UCAM})
</system-out>
  </testcase>
  <testcase classname="ma3s.fintech.test.Clientes" name="testModDireccionIndividual" time="0.035">
    <error message="Exception [EclipseLink-4002] (Eclipse Persistence Services - 2.7.6.v20200131-b7c997804f): org.eclipse.persistence.exceptions.DatabaseException
Internal Exception: org.h2.jdbc.JdbcSQLIntegrityConstraintViolationException: La columna &quot;DIRECCION&quot; no permite valores nulos (NULL)
NULL not allowed for column &quot;DIRECCION&quot;; SQL statement:
INSERT INTO CLIENTE (ID, CIUDAD, CODIGOPOSTAL, DIRECCION, ESTADO, FECHAALTA, FECHABAJA, IDENTIFICACION, PAIS, TIPOCLIENTE, USER_USER, DTYPE) VALUES (?, ?, ?, ?, ?, ?, ?, ?, ?, ?, ?, ?) [23502-200]
Error Code: 23502
Call: INSERT INTO CLIENTE (ID, CIUDAD, CODIGOPOSTAL, DIRECCION, ESTADO, FECHAALTA, FECHABAJA, IDENTIFICACION, PAIS, TIPOCLIENTE, USER_USER, DTYPE) VALUES (?, ?, ?, ?, ?, ?, ?, ?, ?, ?, ?, ?)
	bind =&gt; [12 parameters bound]
Query: InsertObjectQuery(Cliente{
id=2
identificacion=avenida de Murcia
tipoCliente=null
estado=Activo
fechaAlta=Thu Apr 28 17:23:38 CEST 2022
fechaBaja=null
direccion=null
ciudad=Murcia
codigopostal=29845
pais=Espana
cuentasFintech={[]}}Empresa{
razon_social=UCAM})" type="javax.persistence.RollbackException">javax.persistence.RollbackException: Exception [EclipseLink-4002] (Eclipse Persistence Services - 2.7.6.v20200131-b7c997804f): org.eclipse.persistence.exceptions.DatabaseException
Internal Exception: org.h2.jdbc.JdbcSQLIntegrityConstraintViolationException: La columna &quot;DIRECCION&quot; no permite valores nulos (NULL)
NULL not allowed for column &quot;DIRECCION&quot;; SQL statement:
INSERT INTO CLIENTE (ID, CIUDAD, CODIGOPOSTAL, DIRECCION, ESTADO, FECHAALTA, FECHABAJA, IDENTIFICACION, PAIS, TIPOCLIENTE, USER_USER, DTYPE) VALUES (?, ?, ?, ?, ?, ?, ?, ?, ?, ?, ?, ?) [23502-200]
Error Code: 23502
Call: INSERT INTO CLIENTE (ID, CIUDAD, CODIGOPOSTAL, DIRECCION, ESTADO, FECHAALTA, FECHABAJA, IDENTIFICACION, PAIS, TIPOCLIENTE, USER_USER, DTYPE) VALUES (?, ?, ?, ?, ?, ?, ?, ?, ?, ?, ?, ?)
	bind =&gt; [12 parameters bound]
Query: InsertObjectQuery(Cliente{
id=2
identificacion=avenida de Murcia
tipoCliente=null
estado=Activo
fechaAlta=Thu Apr 28 17:23:38 CEST 2022
fechaBaja=null
direccion=null
ciudad=Murcia
codigopostal=29845
pais=Espana
cuentasFintech={[]}}Empresa{
razon_social=UCAM})
	at org.eclipse.persistence.internal.jpa.transaction.EntityTransactionImpl.commit(EntityTransactionImpl.java:161)
	at ma3s.fintech.test.BaseDatos.inicializaBaseDatos(BaseDatos.java:229)
	at ma3s.fintech.test.Clientes.setup(Clientes.java:31)
	at sun.reflect.GeneratedMethodAccessor24.invoke(Unknown Source)
	at sun.reflect.DelegatingMethodAccessorImpl.invoke(DelegatingMethodAccessorImpl.java:43)
	at java.lang.reflect.Method.invoke(Method.java:498)
	at org.junit.runners.model.FrameworkMethod$1.runReflectiveCall(FrameworkMethod.java:59)
	at org.junit.internal.runners.model.ReflectiveCallable.run(ReflectiveCallable.java:12)
	at org.junit.runners.model.FrameworkMethod.invokeExplosively(FrameworkMethod.java:56)
	at org.junit.internal.runners.statements.RunBefores.invokeMethod(RunBefores.java:33)
	at org.junit.internal.runners.statements.RunBefores.evaluate(RunBefores.java:24)
	at org.junit.runners.ParentRunner$3.evaluate(ParentRunner.java:306)
	at org.junit.runners.BlockJUnit4ClassRunner$1.evaluate(BlockJUnit4ClassRunner.java:100)
	at org.junit.runners.ParentRunner.runLeaf(ParentRunner.java:366)
	at org.junit.runners.BlockJUnit4ClassRunner.runChild(BlockJUnit4ClassRunner.java:103)
	at org.junit.runners.BlockJUnit4ClassRunner.runChild(BlockJUnit4ClassRunner.java:63)
	at org.junit.runners.ParentRunner$4.run(ParentRunner.java:331)
	at org.junit.runners.ParentRunner$1.schedule(ParentRunner.java:79)
	at org.junit.runners.ParentRunner.runChildren(ParentRunner.java:329)
	at org.junit.runners.ParentRunner.access$100(ParentRunner.java:66)
	at org.junit.runners.ParentRunner$2.evaluate(ParentRunner.java:293)
	at org.junit.runners.ParentRunner$3.evaluate(ParentRunner.java:306)
	at org.junit.runners.ParentRunner.run(ParentRunner.java:413)
	at org.junit.runners.Suite.runChild(Suite.java:128)
	at org.junit.runners.Suite.runChild(Suite.java:27)
	at org.junit.runners.ParentRunner$4.run(ParentRunner.java:331)
	at org.junit.runners.ParentRunner$1.schedule(ParentRunner.java:79)
	at org.junit.runners.ParentRunner.runChildren(ParentRunner.java:329)
	at org.junit.runners.ParentRunner.access$100(ParentRunner.java:66)
	at org.junit.runners.ParentRunner$2.evaluate(ParentRunner.java:293)
	at org.junit.internal.runners.statements.RunBefores.evaluate(RunBefores.java:26)
	at org.junit.internal.runners.statements.RunAfters.evaluate(RunAfters.java:27)
	at org.junit.runners.ParentRunner$3.evaluate(ParentRunner.java:306)
	at org.junit.runners.ParentRunner.run(ParentRunner.java:413)
	at org.apache.maven.surefire.junit4.JUnit4Provider.execute(JUnit4Provider.java:252)
	at org.apache.maven.surefire.junit4.JUnit4Provider.executeTestSet(JUnit4Provider.java:141)
	at org.apache.maven.surefire.junit4.JUnit4Provider.invoke(JUnit4Provider.java:112)
	at sun.reflect.NativeMethodAccessorImpl.invoke0(Native Method)
	at sun.reflect.NativeMethodAccessorImpl.invoke(NativeMethodAccessorImpl.java:62)
	at sun.reflect.DelegatingMethodAccessorImpl.invoke(DelegatingMethodAccessorImpl.java:43)
	at java.lang.reflect.Method.invoke(Method.java:498)
	at org.apache.maven.surefire.util.ReflectionUtils.invokeMethodWithArray(ReflectionUtils.java:189)
	at org.apache.maven.surefire.booter.ProviderFactory$ProviderProxy.invoke(ProviderFactory.java:165)
	at org.apache.maven.surefire.booter.ProviderFactory.invokeProvider(ProviderFactory.java:85)
	at org.apache.maven.surefire.booter.ForkedBooter.runSuitesInProcess(ForkedBooter.java:115)
	at org.apache.maven.surefire.booter.ForkedBooter.main(ForkedBooter.java:75)
Caused by: Exception [EclipseLink-4002] (Eclipse Persistence Services - 2.7.6.v20200131-b7c997804f): org.eclipse.persistence.exceptions.DatabaseException
Internal Exception: org.h2.jdbc.JdbcSQLIntegrityConstraintViolationException: La columna &quot;DIRECCION&quot; no permite valores nulos (NULL)
NULL not allowed for column &quot;DIRECCION&quot;; SQL statement:
INSERT INTO CLIENTE (ID, CIUDAD, CODIGOPOSTAL, DIRECCION, ESTADO, FECHAALTA, FECHABAJA, IDENTIFICACION, PAIS, TIPOCLIENTE, USER_USER, DTYPE) VALUES (?, ?, ?, ?, ?, ?, ?, ?, ?, ?, ?, ?) [23502-200]
Error Code: 23502
Call: INSERT INTO CLIENTE (ID, CIUDAD, CODIGOPOSTAL, DIRECCION, ESTADO, FECHAALTA, FECHABAJA, IDENTIFICACION, PAIS, TIPOCLIENTE, USER_USER, DTYPE) VALUES (?, ?, ?, ?, ?, ?, ?, ?, ?, ?, ?, ?)
	bind =&gt; [12 parameters bound]
Query: InsertObjectQuery(Cliente{
id=2
identificacion=avenida de Murcia
tipoCliente=null
estado=Activo
fechaAlta=Thu Apr 28 17:23:38 CEST 2022
fechaBaja=null
direccion=null
ciudad=Murcia
codigopostal=29845
pais=Espana
cuentasFintech={[]}}Empresa{
razon_social=UCAM})
	at org.eclipse.persistence.exceptions.DatabaseException.sqlException(DatabaseException.java:333)
	at org.eclipse.persistence.internal.databaseaccess.DatabaseAccessor.executeDirectNoSelect(DatabaseAccessor.java:908)
	at org.eclipse.persistence.internal.databaseaccess.DatabaseAccessor.executeNoSelect(DatabaseAccessor.java:970)
	at org.eclipse.persistence.internal.databaseaccess.DatabaseAccessor.basicExecuteCall(DatabaseAccessor.java:640)
	at org.eclipse.persistence.internal.databaseaccess.DatabaseAccessor.executeCall(DatabaseAccessor.java:567)
	at org.eclipse.persistence.internal.sessions.AbstractSession.basicExecuteCall(AbstractSession.java:2099)
	at org.eclipse.persistence.sessions.server.ClientSession.executeCall(ClientSession.java:313)
	at org.eclipse.persistence.internal.queries.DatasourceCallQueryMechanism.executeCall(DatasourceCallQueryMechanism.java:275)
	at org.eclipse.persistence.internal.queries.DatasourceCallQueryMechanism.insertObject(DatasourceCallQueryMechanism.java:397)
	at org.eclipse.persistence.internal.queries.StatementQueryMechanism.insertObject(StatementQueryMechanism.java:167)
	at org.eclipse.persistence.internal.queries.StatementQueryMechanism.insertObject(StatementQueryMechanism.java:182)
	at org.eclipse.persistence.internal.queries.DatabaseQueryMechanism.insertObjectForWrite(DatabaseQueryMechanism.java:504)
	at org.eclipse.persistence.queries.InsertObjectQuery.executeCommit(InsertObjectQuery.java:82)
	at org.eclipse.persistence.queries.InsertObjectQuery.executeCommitWithChangeSet(InsertObjectQuery.java:92)
	at org.eclipse.persistence.internal.queries.DatabaseQueryMechanism.executeWriteWithChangeSet(DatabaseQueryMechanism.java:316)
	at org.eclipse.persistence.queries.WriteObjectQuery.executeDatabaseQuery(WriteObjectQuery.java:60)
	at org.eclipse.persistence.queries.DatabaseQuery.execute(DatabaseQuery.java:911)
	at org.eclipse.persistence.queries.DatabaseQuery.executeInUnitOfWork(DatabaseQuery.java:810)
	at org.eclipse.persistence.queries.ObjectLevelModifyQuery.executeInUnitOfWorkObjectLevelModifyQuery(ObjectLevelModifyQuery.java:110)
	at org.eclipse.persistence.queries.ObjectLevelModifyQuery.executeInUnitOfWork(ObjectLevelModifyQuery.java:87)
	at org.eclipse.persistence.internal.sessions.UnitOfWorkImpl.internalExecuteQuery(UnitOfWorkImpl.java:2983)
	at org.eclipse.persistence.internal.sessions.AbstractSession.executeQuery(AbstractSession.java:1898)
	at org.eclipse.persistence.internal.sessions.AbstractSession.executeQuery(AbstractSession.java:1880)
	at org.eclipse.persistence.internal.sessions.AbstractSession.executeQuery(AbstractSession.java:1830)
	at org.eclipse.persistence.internal.sessions.CommitManager.commitNewObjectsForClassWithChangeSet(CommitManager.java:229)
	at org.eclipse.persistence.internal.sessions.CommitManager.commitAllObjectsForClassWithChangeSet(CommitManager.java:196)
	at org.eclipse.persistence.internal.sessions.CommitManager.commitAllObjectsWithChangeSet(CommitManager.java:141)
	at org.eclipse.persistence.internal.sessions.AbstractSession.writeAllObjectsWithChangeSet(AbstractSession.java:4398)
	at org.eclipse.persistence.internal.sessions.UnitOfWorkImpl.commitToDatabase(UnitOfWorkImpl.java:1495)
	at org.eclipse.persistence.internal.sessions.UnitOfWorkImpl.commitToDatabaseWithChangeSet(UnitOfWorkImpl.java:1585)
	at org.eclipse.persistence.internal.sessions.RepeatableWriteUnitOfWork.commitRootUnitOfWork(RepeatableWriteUnitOfWork.java:280)
	at org.eclipse.persistence.internal.sessions.UnitOfWorkImpl.commitAndResume(UnitOfWorkImpl.java:1222)
	at org.eclipse.persistence.internal.jpa.transaction.EntityTransactionImpl.commit(EntityTransactionImpl.java:136)
	... 45 more
Caused by: org.h2.jdbc.JdbcSQLIntegrityConstraintViolationException: La columna &quot;DIRECCION&quot; no permite valores nulos (NULL)
NULL not allowed for column &quot;DIRECCION&quot;; SQL statement:
INSERT INTO CLIENTE (ID, CIUDAD, CODIGOPOSTAL, DIRECCION, ESTADO, FECHAALTA, FECHABAJA, IDENTIFICACION, PAIS, TIPOCLIENTE, USER_USER, DTYPE) VALUES (?, ?, ?, ?, ?, ?, ?, ?, ?, ?, ?, ?) [23502-200]
	at org.h2.message.DbException.getJdbcSQLException(DbException.java:459)
	at org.h2.message.DbException.getJdbcSQLException(DbException.java:429)
	at org.h2.message.DbException.get(DbException.java:205)
	at org.h2.message.DbException.get(DbException.java:181)
	at org.h2.table.Column.validateConvertUpdateSequence(Column.java:374)
	at org.h2.table.Table.validateConvertUpdateSequence(Table.java:845)
	at org.h2.command.dml.Insert.insertRows(Insert.java:187)
	at org.h2.command.dml.Insert.update(Insert.java:151)
	at org.h2.command.CommandContainer.update(CommandContainer.java:198)
	at org.h2.command.Command.executeUpdate(Command.java:251)
	at org.h2.jdbc.JdbcPreparedStatement.executeUpdateInternal(JdbcPreparedStatement.java:191)
	at org.h2.jdbc.JdbcPreparedStatement.executeUpdate(JdbcPreparedStatement.java:152)
	at org.eclipse.persistence.internal.databaseaccess.DatabaseAccessor.executeDirectNoSelect(DatabaseAccessor.java:898)
	... 76 more
</error>
    <system-out>[EL Warning]: 2022-04-28 17:23:38.055--UnitOfWork(54839494)--Exception [EclipseLink-4002] (Eclipse Persistence Services - 2.7.6.v20200131-b7c997804f): org.eclipse.persistence.exceptions.DatabaseException
Internal Exception: org.h2.jdbc.JdbcSQLIntegrityConstraintViolationException: La columna &quot;DIRECCION&quot; no permite valores nulos (NULL)
NULL not allowed for column &quot;DIRECCION&quot;; SQL statement:
INSERT INTO CLIENTE (ID, CIUDAD, CODIGOPOSTAL, DIRECCION, ESTADO, FECHAALTA, FECHABAJA, IDENTIFICACION, PAIS, TIPOCLIENTE, USER_USER, DTYPE) VALUES (?, ?, ?, ?, ?, ?, ?, ?, ?, ?, ?, ?) [23502-200]
Error Code: 23502
Call: INSERT INTO CLIENTE (ID, CIUDAD, CODIGOPOSTAL, DIRECCION, ESTADO, FECHAALTA, FECHABAJA, IDENTIFICACION, PAIS, TIPOCLIENTE, USER_USER, DTYPE) VALUES (?, ?, ?, ?, ?, ?, ?, ?, ?, ?, ?, ?)
	bind =&gt; [12 parameters bound]
Query: InsertObjectQuery(Cliente{
id=2
identificacion=avenida de Murcia
tipoCliente=null
estado=Activo
fechaAlta=Thu Apr 28 17:23:38 CEST 2022
fechaBaja=null
direccion=null
ciudad=Murcia
codigopostal=29845
pais=Espana
cuentasFintech={[]}}Empresa{
razon_social=UCAM})
</system-out>
  </testcase>
  <testcase classname="ma3s.fintech.test.Clientes" name="testModDireccionIndividualCampoVacio" time="0.037">
    <error message="Exception [EclipseLink-4002] (Eclipse Persistence Services - 2.7.6.v20200131-b7c997804f): org.eclipse.persistence.exceptions.DatabaseException
Internal Exception: org.h2.jdbc.JdbcSQLIntegrityConstraintViolationException: La columna &quot;DIRECCION&quot; no permite valores nulos (NULL)
NULL not allowed for column &quot;DIRECCION&quot;; SQL statement:
INSERT INTO CLIENTE (ID, CIUDAD, CODIGOPOSTAL, DIRECCION, ESTADO, FECHAALTA, FECHABAJA, IDENTIFICACION, PAIS, TIPOCLIENTE, USER_USER, DTYPE) VALUES (?, ?, ?, ?, ?, ?, ?, ?, ?, ?, ?, ?) [23502-200]
Error Code: 23502
Call: INSERT INTO CLIENTE (ID, CIUDAD, CODIGOPOSTAL, DIRECCION, ESTADO, FECHAALTA, FECHABAJA, IDENTIFICACION, PAIS, TIPOCLIENTE, USER_USER, DTYPE) VALUES (?, ?, ?, ?, ?, ?, ?, ?, ?, ?, ?, ?)
	bind =&gt; [12 parameters bound]
Query: InsertObjectQuery(Cliente{
id=1
identificacion=Avenia Plutarco
tipoCliente=null
estado=Activo
fechaAlta=Thu Apr 28 17:23:38 CEST 2022
fechaBaja=null
direccion=null
ciudad=Malaga
codigopostal=29004
pais=Espana
cuentasFintech={[]}}Empresa{
razon_social=UMA})" type="javax.persistence.RollbackException">javax.persistence.RollbackException: Exception [EclipseLink-4002] (Eclipse Persistence Services - 2.7.6.v20200131-b7c997804f): org.eclipse.persistence.exceptions.DatabaseException
Internal Exception: org.h2.jdbc.JdbcSQLIntegrityConstraintViolationException: La columna &quot;DIRECCION&quot; no permite valores nulos (NULL)
NULL not allowed for column &quot;DIRECCION&quot;; SQL statement:
INSERT INTO CLIENTE (ID, CIUDAD, CODIGOPOSTAL, DIRECCION, ESTADO, FECHAALTA, FECHABAJA, IDENTIFICACION, PAIS, TIPOCLIENTE, USER_USER, DTYPE) VALUES (?, ?, ?, ?, ?, ?, ?, ?, ?, ?, ?, ?) [23502-200]
Error Code: 23502
Call: INSERT INTO CLIENTE (ID, CIUDAD, CODIGOPOSTAL, DIRECCION, ESTADO, FECHAALTA, FECHABAJA, IDENTIFICACION, PAIS, TIPOCLIENTE, USER_USER, DTYPE) VALUES (?, ?, ?, ?, ?, ?, ?, ?, ?, ?, ?, ?)
	bind =&gt; [12 parameters bound]
Query: InsertObjectQuery(Cliente{
id=1
identificacion=Avenia Plutarco
tipoCliente=null
estado=Activo
fechaAlta=Thu Apr 28 17:23:38 CEST 2022
fechaBaja=null
direccion=null
ciudad=Malaga
codigopostal=29004
pais=Espana
cuentasFintech={[]}}Empresa{
razon_social=UMA})
	at org.eclipse.persistence.internal.jpa.transaction.EntityTransactionImpl.commit(EntityTransactionImpl.java:161)
	at ma3s.fintech.test.BaseDatos.inicializaBaseDatos(BaseDatos.java:229)
	at ma3s.fintech.test.Clientes.setup(Clientes.java:31)
	at sun.reflect.GeneratedMethodAccessor24.invoke(Unknown Source)
	at sun.reflect.DelegatingMethodAccessorImpl.invoke(DelegatingMethodAccessorImpl.java:43)
	at java.lang.reflect.Method.invoke(Method.java:498)
	at org.junit.runners.model.FrameworkMethod$1.runReflectiveCall(FrameworkMethod.java:59)
	at org.junit.internal.runners.model.ReflectiveCallable.run(ReflectiveCallable.java:12)
	at org.junit.runners.model.FrameworkMethod.invokeExplosively(FrameworkMethod.java:56)
	at org.junit.internal.runners.statements.RunBefores.invokeMethod(RunBefores.java:33)
	at org.junit.internal.runners.statements.RunBefores.evaluate(RunBefores.java:24)
	at org.junit.runners.ParentRunner$3.evaluate(ParentRunner.java:306)
	at org.junit.runners.BlockJUnit4ClassRunner$1.evaluate(BlockJUnit4ClassRunner.java:100)
	at org.junit.runners.ParentRunner.runLeaf(ParentRunner.java:366)
	at org.junit.runners.BlockJUnit4ClassRunner.runChild(BlockJUnit4ClassRunner.java:103)
	at org.junit.runners.BlockJUnit4ClassRunner.runChild(BlockJUnit4ClassRunner.java:63)
	at org.junit.runners.ParentRunner$4.run(ParentRunner.java:331)
	at org.junit.runners.ParentRunner$1.schedule(ParentRunner.java:79)
	at org.junit.runners.ParentRunner.runChildren(ParentRunner.java:329)
	at org.junit.runners.ParentRunner.access$100(ParentRunner.java:66)
	at org.junit.runners.ParentRunner$2.evaluate(ParentRunner.java:293)
	at org.junit.runners.ParentRunner$3.evaluate(ParentRunner.java:306)
	at org.junit.runners.ParentRunner.run(ParentRunner.java:413)
	at org.junit.runners.Suite.runChild(Suite.java:128)
	at org.junit.runners.Suite.runChild(Suite.java:27)
	at org.junit.runners.ParentRunner$4.run(ParentRunner.java:331)
	at org.junit.runners.ParentRunner$1.schedule(ParentRunner.java:79)
	at org.junit.runners.ParentRunner.runChildren(ParentRunner.java:329)
	at org.junit.runners.ParentRunner.access$100(ParentRunner.java:66)
	at org.junit.runners.ParentRunner$2.evaluate(ParentRunner.java:293)
	at org.junit.internal.runners.statements.RunBefores.evaluate(RunBefores.java:26)
	at org.junit.internal.runners.statements.RunAfters.evaluate(RunAfters.java:27)
	at org.junit.runners.ParentRunner$3.evaluate(ParentRunner.java:306)
	at org.junit.runners.ParentRunner.run(ParentRunner.java:413)
	at org.apache.maven.surefire.junit4.JUnit4Provider.execute(JUnit4Provider.java:252)
	at org.apache.maven.surefire.junit4.JUnit4Provider.executeTestSet(JUnit4Provider.java:141)
	at org.apache.maven.surefire.junit4.JUnit4Provider.invoke(JUnit4Provider.java:112)
	at sun.reflect.NativeMethodAccessorImpl.invoke0(Native Method)
	at sun.reflect.NativeMethodAccessorImpl.invoke(NativeMethodAccessorImpl.java:62)
	at sun.reflect.DelegatingMethodAccessorImpl.invoke(DelegatingMethodAccessorImpl.java:43)
	at java.lang.reflect.Method.invoke(Method.java:498)
	at org.apache.maven.surefire.util.ReflectionUtils.invokeMethodWithArray(ReflectionUtils.java:189)
	at org.apache.maven.surefire.booter.ProviderFactory$ProviderProxy.invoke(ProviderFactory.java:165)
	at org.apache.maven.surefire.booter.ProviderFactory.invokeProvider(ProviderFactory.java:85)
	at org.apache.maven.surefire.booter.ForkedBooter.runSuitesInProcess(ForkedBooter.java:115)
	at org.apache.maven.surefire.booter.ForkedBooter.main(ForkedBooter.java:75)
Caused by: Exception [EclipseLink-4002] (Eclipse Persistence Services - 2.7.6.v20200131-b7c997804f): org.eclipse.persistence.exceptions.DatabaseException
Internal Exception: org.h2.jdbc.JdbcSQLIntegrityConstraintViolationException: La columna &quot;DIRECCION&quot; no permite valores nulos (NULL)
NULL not allowed for column &quot;DIRECCION&quot;; SQL statement:
INSERT INTO CLIENTE (ID, CIUDAD, CODIGOPOSTAL, DIRECCION, ESTADO, FECHAALTA, FECHABAJA, IDENTIFICACION, PAIS, TIPOCLIENTE, USER_USER, DTYPE) VALUES (?, ?, ?, ?, ?, ?, ?, ?, ?, ?, ?, ?) [23502-200]
Error Code: 23502
Call: INSERT INTO CLIENTE (ID, CIUDAD, CODIGOPOSTAL, DIRECCION, ESTADO, FECHAALTA, FECHABAJA, IDENTIFICACION, PAIS, TIPOCLIENTE, USER_USER, DTYPE) VALUES (?, ?, ?, ?, ?, ?, ?, ?, ?, ?, ?, ?)
	bind =&gt; [12 parameters bound]
Query: InsertObjectQuery(Cliente{
id=1
identificacion=Avenia Plutarco
tipoCliente=null
estado=Activo
fechaAlta=Thu Apr 28 17:23:38 CEST 2022
fechaBaja=null
direccion=null
ciudad=Malaga
codigopostal=29004
pais=Espana
cuentasFintech={[]}}Empresa{
razon_social=UMA})
	at org.eclipse.persistence.exceptions.DatabaseException.sqlException(DatabaseException.java:333)
	at org.eclipse.persistence.internal.databaseaccess.DatabaseAccessor.executeDirectNoSelect(DatabaseAccessor.java:908)
	at org.eclipse.persistence.internal.databaseaccess.DatabaseAccessor.executeNoSelect(DatabaseAccessor.java:970)
	at org.eclipse.persistence.internal.databaseaccess.DatabaseAccessor.basicExecuteCall(DatabaseAccessor.java:640)
	at org.eclipse.persistence.internal.databaseaccess.DatabaseAccessor.executeCall(DatabaseAccessor.java:567)
	at org.eclipse.persistence.internal.sessions.AbstractSession.basicExecuteCall(AbstractSession.java:2099)
	at org.eclipse.persistence.sessions.server.ClientSession.executeCall(ClientSession.java:313)
	at org.eclipse.persistence.internal.queries.DatasourceCallQueryMechanism.executeCall(DatasourceCallQueryMechanism.java:275)
	at org.eclipse.persistence.internal.queries.DatasourceCallQueryMechanism.insertObject(DatasourceCallQueryMechanism.java:397)
	at org.eclipse.persistence.internal.queries.StatementQueryMechanism.insertObject(StatementQueryMechanism.java:167)
	at org.eclipse.persistence.internal.queries.StatementQueryMechanism.insertObject(StatementQueryMechanism.java:182)
	at org.eclipse.persistence.internal.queries.DatabaseQueryMechanism.insertObjectForWrite(DatabaseQueryMechanism.java:504)
	at org.eclipse.persistence.queries.InsertObjectQuery.executeCommit(InsertObjectQuery.java:82)
	at org.eclipse.persistence.queries.InsertObjectQuery.executeCommitWithChangeSet(InsertObjectQuery.java:92)
	at org.eclipse.persistence.internal.queries.DatabaseQueryMechanism.executeWriteWithChangeSet(DatabaseQueryMechanism.java:316)
	at org.eclipse.persistence.queries.WriteObjectQuery.executeDatabaseQuery(WriteObjectQuery.java:60)
	at org.eclipse.persistence.queries.DatabaseQuery.execute(DatabaseQuery.java:911)
	at org.eclipse.persistence.queries.DatabaseQuery.executeInUnitOfWork(DatabaseQuery.java:810)
	at org.eclipse.persistence.queries.ObjectLevelModifyQuery.executeInUnitOfWorkObjectLevelModifyQuery(ObjectLevelModifyQuery.java:110)
	at org.eclipse.persistence.queries.ObjectLevelModifyQuery.executeInUnitOfWork(ObjectLevelModifyQuery.java:87)
	at org.eclipse.persistence.internal.sessions.UnitOfWorkImpl.internalExecuteQuery(UnitOfWorkImpl.java:2983)
	at org.eclipse.persistence.internal.sessions.AbstractSession.executeQuery(AbstractSession.java:1898)
	at org.eclipse.persistence.internal.sessions.AbstractSession.executeQuery(AbstractSession.java:1880)
	at org.eclipse.persistence.internal.sessions.AbstractSession.executeQuery(AbstractSession.java:1830)
	at org.eclipse.persistence.internal.sessions.CommitManager.commitNewObjectsForClassWithChangeSet(CommitManager.java:229)
	at org.eclipse.persistence.internal.sessions.CommitManager.commitAllObjectsForClassWithChangeSet(CommitManager.java:196)
	at org.eclipse.persistence.internal.sessions.CommitManager.commitAllObjectsWithChangeSet(CommitManager.java:141)
	at org.eclipse.persistence.internal.sessions.AbstractSession.writeAllObjectsWithChangeSet(AbstractSession.java:4398)
	at org.eclipse.persistence.internal.sessions.UnitOfWorkImpl.commitToDatabase(UnitOfWorkImpl.java:1495)
	at org.eclipse.persistence.internal.sessions.UnitOfWorkImpl.commitToDatabaseWithChangeSet(UnitOfWorkImpl.java:1585)
	at org.eclipse.persistence.internal.sessions.RepeatableWriteUnitOfWork.commitRootUnitOfWork(RepeatableWriteUnitOfWork.java:280)
	at org.eclipse.persistence.internal.sessions.UnitOfWorkImpl.commitAndResume(UnitOfWorkImpl.java:1222)
	at org.eclipse.persistence.internal.jpa.transaction.EntityTransactionImpl.commit(EntityTransactionImpl.java:136)
	... 45 more
Caused by: org.h2.jdbc.JdbcSQLIntegrityConstraintViolationException: La columna &quot;DIRECCION&quot; no permite valores nulos (NULL)
NULL not allowed for column &quot;DIRECCION&quot;; SQL statement:
INSERT INTO CLIENTE (ID, CIUDAD, CODIGOPOSTAL, DIRECCION, ESTADO, FECHAALTA, FECHABAJA, IDENTIFICACION, PAIS, TIPOCLIENTE, USER_USER, DTYPE) VALUES (?, ?, ?, ?, ?, ?, ?, ?, ?, ?, ?, ?) [23502-200]
	at org.h2.message.DbException.getJdbcSQLException(DbException.java:459)
	at org.h2.message.DbException.getJdbcSQLException(DbException.java:429)
	at org.h2.message.DbException.get(DbException.java:205)
	at org.h2.message.DbException.get(DbException.java:181)
	at org.h2.table.Column.validateConvertUpdateSequence(Column.java:374)
	at org.h2.table.Table.validateConvertUpdateSequence(Table.java:845)
	at org.h2.command.dml.Insert.insertRows(Insert.java:187)
	at org.h2.command.dml.Insert.update(Insert.java:151)
	at org.h2.command.CommandContainer.update(CommandContainer.java:198)
	at org.h2.command.Command.executeUpdate(Command.java:251)
	at org.h2.jdbc.JdbcPreparedStatement.executeUpdateInternal(JdbcPreparedStatement.java:191)
	at org.h2.jdbc.JdbcPreparedStatement.executeUpdate(JdbcPreparedStatement.java:152)
	at org.eclipse.persistence.internal.databaseaccess.DatabaseAccessor.executeDirectNoSelect(DatabaseAccessor.java:898)
	... 76 more
</error>
    <system-out>[EL Warning]: 2022-04-28 17:23:38.092--UnitOfWork(2034145542)--Exception [EclipseLink-4002] (Eclipse Persistence Services - 2.7.6.v20200131-b7c997804f): org.eclipse.persistence.exceptions.DatabaseException
Internal Exception: org.h2.jdbc.JdbcSQLIntegrityConstraintViolationException: La columna &quot;DIRECCION&quot; no permite valores nulos (NULL)
NULL not allowed for column &quot;DIRECCION&quot;; SQL statement:
INSERT INTO CLIENTE (ID, CIUDAD, CODIGOPOSTAL, DIRECCION, ESTADO, FECHAALTA, FECHABAJA, IDENTIFICACION, PAIS, TIPOCLIENTE, USER_USER, DTYPE) VALUES (?, ?, ?, ?, ?, ?, ?, ?, ?, ?, ?, ?) [23502-200]
Error Code: 23502
Call: INSERT INTO CLIENTE (ID, CIUDAD, CODIGOPOSTAL, DIRECCION, ESTADO, FECHAALTA, FECHABAJA, IDENTIFICACION, PAIS, TIPOCLIENTE, USER_USER, DTYPE) VALUES (?, ?, ?, ?, ?, ?, ?, ?, ?, ?, ?, ?)
	bind =&gt; [12 parameters bound]
Query: InsertObjectQuery(Cliente{
id=1
identificacion=Avenia Plutarco
tipoCliente=null
estado=Activo
fechaAlta=Thu Apr 28 17:23:38 CEST 2022
fechaBaja=null
direccion=null
ciudad=Malaga
codigopostal=29004
pais=Espana
cuentasFintech={[]}}Empresa{
razon_social=UMA})
</system-out>
  </testcase>
  <testcase classname="ma3s.fintech.test.Clientes" name="testModPaisIndividualCampoVacio" time="0.032">
    <error message="Exception [EclipseLink-4002] (Eclipse Persistence Services - 2.7.6.v20200131-b7c997804f): org.eclipse.persistence.exceptions.DatabaseException
Internal Exception: org.h2.jdbc.JdbcSQLIntegrityConstraintViolationException: La columna &quot;DIRECCION&quot; no permite valores nulos (NULL)
NULL not allowed for column &quot;DIRECCION&quot;; SQL statement:
INSERT INTO CLIENTE (ID, CIUDAD, CODIGOPOSTAL, DIRECCION, ESTADO, FECHAALTA, FECHABAJA, IDENTIFICACION, PAIS, TIPOCLIENTE, USER_USER, DTYPE) VALUES (?, ?, ?, ?, ?, ?, ?, ?, ?, ?, ?, ?) [23502-200]
Error Code: 23502
Call: INSERT INTO CLIENTE (ID, CIUDAD, CODIGOPOSTAL, DIRECCION, ESTADO, FECHAALTA, FECHABAJA, IDENTIFICACION, PAIS, TIPOCLIENTE, USER_USER, DTYPE) VALUES (?, ?, ?, ?, ?, ?, ?, ?, ?, ?, ?, ?)
	bind =&gt; [12 parameters bound]
Query: InsertObjectQuery(Cliente{
id=1
identificacion=Avenia Plutarco
tipoCliente=null
estado=Activo
fechaAlta=Thu Apr 28 17:23:38 CEST 2022
fechaBaja=null
direccion=null
ciudad=Malaga
codigopostal=29004
pais=Espana
cuentasFintech={[]}}Empresa{
razon_social=UMA})" type="javax.persistence.RollbackException">javax.persistence.RollbackException: Exception [EclipseLink-4002] (Eclipse Persistence Services - 2.7.6.v20200131-b7c997804f): org.eclipse.persistence.exceptions.DatabaseException
Internal Exception: org.h2.jdbc.JdbcSQLIntegrityConstraintViolationException: La columna &quot;DIRECCION&quot; no permite valores nulos (NULL)
NULL not allowed for column &quot;DIRECCION&quot;; SQL statement:
INSERT INTO CLIENTE (ID, CIUDAD, CODIGOPOSTAL, DIRECCION, ESTADO, FECHAALTA, FECHABAJA, IDENTIFICACION, PAIS, TIPOCLIENTE, USER_USER, DTYPE) VALUES (?, ?, ?, ?, ?, ?, ?, ?, ?, ?, ?, ?) [23502-200]
Error Code: 23502
Call: INSERT INTO CLIENTE (ID, CIUDAD, CODIGOPOSTAL, DIRECCION, ESTADO, FECHAALTA, FECHABAJA, IDENTIFICACION, PAIS, TIPOCLIENTE, USER_USER, DTYPE) VALUES (?, ?, ?, ?, ?, ?, ?, ?, ?, ?, ?, ?)
	bind =&gt; [12 parameters bound]
Query: InsertObjectQuery(Cliente{
id=1
identificacion=Avenia Plutarco
tipoCliente=null
estado=Activo
fechaAlta=Thu Apr 28 17:23:38 CEST 2022
fechaBaja=null
direccion=null
ciudad=Malaga
codigopostal=29004
pais=Espana
cuentasFintech={[]}}Empresa{
razon_social=UMA})
	at org.eclipse.persistence.internal.jpa.transaction.EntityTransactionImpl.commit(EntityTransactionImpl.java:161)
	at ma3s.fintech.test.BaseDatos.inicializaBaseDatos(BaseDatos.java:229)
	at ma3s.fintech.test.Clientes.setup(Clientes.java:31)
	at sun.reflect.GeneratedMethodAccessor24.invoke(Unknown Source)
	at sun.reflect.DelegatingMethodAccessorImpl.invoke(DelegatingMethodAccessorImpl.java:43)
	at java.lang.reflect.Method.invoke(Method.java:498)
	at org.junit.runners.model.FrameworkMethod$1.runReflectiveCall(FrameworkMethod.java:59)
	at org.junit.internal.runners.model.ReflectiveCallable.run(ReflectiveCallable.java:12)
	at org.junit.runners.model.FrameworkMethod.invokeExplosively(FrameworkMethod.java:56)
	at org.junit.internal.runners.statements.RunBefores.invokeMethod(RunBefores.java:33)
	at org.junit.internal.runners.statements.RunBefores.evaluate(RunBefores.java:24)
	at org.junit.runners.ParentRunner$3.evaluate(ParentRunner.java:306)
	at org.junit.runners.BlockJUnit4ClassRunner$1.evaluate(BlockJUnit4ClassRunner.java:100)
	at org.junit.runners.ParentRunner.runLeaf(ParentRunner.java:366)
	at org.junit.runners.BlockJUnit4ClassRunner.runChild(BlockJUnit4ClassRunner.java:103)
	at org.junit.runners.BlockJUnit4ClassRunner.runChild(BlockJUnit4ClassRunner.java:63)
	at org.junit.runners.ParentRunner$4.run(ParentRunner.java:331)
	at org.junit.runners.ParentRunner$1.schedule(ParentRunner.java:79)
	at org.junit.runners.ParentRunner.runChildren(ParentRunner.java:329)
	at org.junit.runners.ParentRunner.access$100(ParentRunner.java:66)
	at org.junit.runners.ParentRunner$2.evaluate(ParentRunner.java:293)
	at org.junit.runners.ParentRunner$3.evaluate(ParentRunner.java:306)
	at org.junit.runners.ParentRunner.run(ParentRunner.java:413)
	at org.junit.runners.Suite.runChild(Suite.java:128)
	at org.junit.runners.Suite.runChild(Suite.java:27)
	at org.junit.runners.ParentRunner$4.run(ParentRunner.java:331)
	at org.junit.runners.ParentRunner$1.schedule(ParentRunner.java:79)
	at org.junit.runners.ParentRunner.runChildren(ParentRunner.java:329)
	at org.junit.runners.ParentRunner.access$100(ParentRunner.java:66)
	at org.junit.runners.ParentRunner$2.evaluate(ParentRunner.java:293)
	at org.junit.internal.runners.statements.RunBefores.evaluate(RunBefores.java:26)
	at org.junit.internal.runners.statements.RunAfters.evaluate(RunAfters.java:27)
	at org.junit.runners.ParentRunner$3.evaluate(ParentRunner.java:306)
	at org.junit.runners.ParentRunner.run(ParentRunner.java:413)
	at org.apache.maven.surefire.junit4.JUnit4Provider.execute(JUnit4Provider.java:252)
	at org.apache.maven.surefire.junit4.JUnit4Provider.executeTestSet(JUnit4Provider.java:141)
	at org.apache.maven.surefire.junit4.JUnit4Provider.invoke(JUnit4Provider.java:112)
	at sun.reflect.NativeMethodAccessorImpl.invoke0(Native Method)
	at sun.reflect.NativeMethodAccessorImpl.invoke(NativeMethodAccessorImpl.java:62)
	at sun.reflect.DelegatingMethodAccessorImpl.invoke(DelegatingMethodAccessorImpl.java:43)
	at java.lang.reflect.Method.invoke(Method.java:498)
	at org.apache.maven.surefire.util.ReflectionUtils.invokeMethodWithArray(ReflectionUtils.java:189)
	at org.apache.maven.surefire.booter.ProviderFactory$ProviderProxy.invoke(ProviderFactory.java:165)
	at org.apache.maven.surefire.booter.ProviderFactory.invokeProvider(ProviderFactory.java:85)
	at org.apache.maven.surefire.booter.ForkedBooter.runSuitesInProcess(ForkedBooter.java:115)
	at org.apache.maven.surefire.booter.ForkedBooter.main(ForkedBooter.java:75)
Caused by: Exception [EclipseLink-4002] (Eclipse Persistence Services - 2.7.6.v20200131-b7c997804f): org.eclipse.persistence.exceptions.DatabaseException
Internal Exception: org.h2.jdbc.JdbcSQLIntegrityConstraintViolationException: La columna &quot;DIRECCION&quot; no permite valores nulos (NULL)
NULL not allowed for column &quot;DIRECCION&quot;; SQL statement:
INSERT INTO CLIENTE (ID, CIUDAD, CODIGOPOSTAL, DIRECCION, ESTADO, FECHAALTA, FECHABAJA, IDENTIFICACION, PAIS, TIPOCLIENTE, USER_USER, DTYPE) VALUES (?, ?, ?, ?, ?, ?, ?, ?, ?, ?, ?, ?) [23502-200]
Error Code: 23502
Call: INSERT INTO CLIENTE (ID, CIUDAD, CODIGOPOSTAL, DIRECCION, ESTADO, FECHAALTA, FECHABAJA, IDENTIFICACION, PAIS, TIPOCLIENTE, USER_USER, DTYPE) VALUES (?, ?, ?, ?, ?, ?, ?, ?, ?, ?, ?, ?)
	bind =&gt; [12 parameters bound]
Query: InsertObjectQuery(Cliente{
id=1
identificacion=Avenia Plutarco
tipoCliente=null
estado=Activo
fechaAlta=Thu Apr 28 17:23:38 CEST 2022
fechaBaja=null
direccion=null
ciudad=Malaga
codigopostal=29004
pais=Espana
cuentasFintech={[]}}Empresa{
razon_social=UMA})
	at org.eclipse.persistence.exceptions.DatabaseException.sqlException(DatabaseException.java:333)
	at org.eclipse.persistence.internal.databaseaccess.DatabaseAccessor.executeDirectNoSelect(DatabaseAccessor.java:908)
	at org.eclipse.persistence.internal.databaseaccess.DatabaseAccessor.executeNoSelect(DatabaseAccessor.java:970)
	at org.eclipse.persistence.internal.databaseaccess.DatabaseAccessor.basicExecuteCall(DatabaseAccessor.java:640)
	at org.eclipse.persistence.internal.databaseaccess.DatabaseAccessor.executeCall(DatabaseAccessor.java:567)
	at org.eclipse.persistence.internal.sessions.AbstractSession.basicExecuteCall(AbstractSession.java:2099)
	at org.eclipse.persistence.sessions.server.ClientSession.executeCall(ClientSession.java:313)
	at org.eclipse.persistence.internal.queries.DatasourceCallQueryMechanism.executeCall(DatasourceCallQueryMechanism.java:275)
	at org.eclipse.persistence.internal.queries.DatasourceCallQueryMechanism.insertObject(DatasourceCallQueryMechanism.java:397)
	at org.eclipse.persistence.internal.queries.StatementQueryMechanism.insertObject(StatementQueryMechanism.java:167)
	at org.eclipse.persistence.internal.queries.StatementQueryMechanism.insertObject(StatementQueryMechanism.java:182)
	at org.eclipse.persistence.internal.queries.DatabaseQueryMechanism.insertObjectForWrite(DatabaseQueryMechanism.java:504)
	at org.eclipse.persistence.queries.InsertObjectQuery.executeCommit(InsertObjectQuery.java:82)
	at org.eclipse.persistence.queries.InsertObjectQuery.executeCommitWithChangeSet(InsertObjectQuery.java:92)
	at org.eclipse.persistence.internal.queries.DatabaseQueryMechanism.executeWriteWithChangeSet(DatabaseQueryMechanism.java:316)
	at org.eclipse.persistence.queries.WriteObjectQuery.executeDatabaseQuery(WriteObjectQuery.java:60)
	at org.eclipse.persistence.queries.DatabaseQuery.execute(DatabaseQuery.java:911)
	at org.eclipse.persistence.queries.DatabaseQuery.executeInUnitOfWork(DatabaseQuery.java:810)
	at org.eclipse.persistence.queries.ObjectLevelModifyQuery.executeInUnitOfWorkObjectLevelModifyQuery(ObjectLevelModifyQuery.java:110)
	at org.eclipse.persistence.queries.ObjectLevelModifyQuery.executeInUnitOfWork(ObjectLevelModifyQuery.java:87)
	at org.eclipse.persistence.internal.sessions.UnitOfWorkImpl.internalExecuteQuery(UnitOfWorkImpl.java:2983)
	at org.eclipse.persistence.internal.sessions.AbstractSession.executeQuery(AbstractSession.java:1898)
	at org.eclipse.persistence.internal.sessions.AbstractSession.executeQuery(AbstractSession.java:1880)
	at org.eclipse.persistence.internal.sessions.AbstractSession.executeQuery(AbstractSession.java:1830)
	at org.eclipse.persistence.internal.sessions.CommitManager.commitNewObjectsForClassWithChangeSet(CommitManager.java:229)
	at org.eclipse.persistence.internal.sessions.CommitManager.commitAllObjectsForClassWithChangeSet(CommitManager.java:196)
	at org.eclipse.persistence.internal.sessions.CommitManager.commitAllObjectsWithChangeSet(CommitManager.java:141)
	at org.eclipse.persistence.internal.sessions.AbstractSession.writeAllObjectsWithChangeSet(AbstractSession.java:4398)
	at org.eclipse.persistence.internal.sessions.UnitOfWorkImpl.commitToDatabase(UnitOfWorkImpl.java:1495)
	at org.eclipse.persistence.internal.sessions.UnitOfWorkImpl.commitToDatabaseWithChangeSet(UnitOfWorkImpl.java:1585)
	at org.eclipse.persistence.internal.sessions.RepeatableWriteUnitOfWork.commitRootUnitOfWork(RepeatableWriteUnitOfWork.java:280)
	at org.eclipse.persistence.internal.sessions.UnitOfWorkImpl.commitAndResume(UnitOfWorkImpl.java:1222)
	at org.eclipse.persistence.internal.jpa.transaction.EntityTransactionImpl.commit(EntityTransactionImpl.java:136)
	... 45 more
Caused by: org.h2.jdbc.JdbcSQLIntegrityConstraintViolationException: La columna &quot;DIRECCION&quot; no permite valores nulos (NULL)
NULL not allowed for column &quot;DIRECCION&quot;; SQL statement:
INSERT INTO CLIENTE (ID, CIUDAD, CODIGOPOSTAL, DIRECCION, ESTADO, FECHAALTA, FECHABAJA, IDENTIFICACION, PAIS, TIPOCLIENTE, USER_USER, DTYPE) VALUES (?, ?, ?, ?, ?, ?, ?, ?, ?, ?, ?, ?) [23502-200]
	at org.h2.message.DbException.getJdbcSQLException(DbException.java:459)
	at org.h2.message.DbException.getJdbcSQLException(DbException.java:429)
	at org.h2.message.DbException.get(DbException.java:205)
	at org.h2.message.DbException.get(DbException.java:181)
	at org.h2.table.Column.validateConvertUpdateSequence(Column.java:374)
	at org.h2.table.Table.validateConvertUpdateSequence(Table.java:845)
	at org.h2.command.dml.Insert.insertRows(Insert.java:187)
	at org.h2.command.dml.Insert.update(Insert.java:151)
	at org.h2.command.CommandContainer.update(CommandContainer.java:198)
	at org.h2.command.Command.executeUpdate(Command.java:251)
	at org.h2.jdbc.JdbcPreparedStatement.executeUpdateInternal(JdbcPreparedStatement.java:191)
	at org.h2.jdbc.JdbcPreparedStatement.executeUpdate(JdbcPreparedStatement.java:152)
	at org.eclipse.persistence.internal.databaseaccess.DatabaseAccessor.executeDirectNoSelect(DatabaseAccessor.java:898)
	... 76 more
</error>
    <system-out>[EL Warning]: 2022-04-28 17:23:38.124--UnitOfWork(393204555)--Exception [EclipseLink-4002] (Eclipse Persistence Services - 2.7.6.v20200131-b7c997804f): org.eclipse.persistence.exceptions.DatabaseException
Internal Exception: org.h2.jdbc.JdbcSQLIntegrityConstraintViolationException: La columna &quot;DIRECCION&quot; no permite valores nulos (NULL)
NULL not allowed for column &quot;DIRECCION&quot;; SQL statement:
INSERT INTO CLIENTE (ID, CIUDAD, CODIGOPOSTAL, DIRECCION, ESTADO, FECHAALTA, FECHABAJA, IDENTIFICACION, PAIS, TIPOCLIENTE, USER_USER, DTYPE) VALUES (?, ?, ?, ?, ?, ?, ?, ?, ?, ?, ?, ?) [23502-200]
Error Code: 23502
Call: INSERT INTO CLIENTE (ID, CIUDAD, CODIGOPOSTAL, DIRECCION, ESTADO, FECHAALTA, FECHABAJA, IDENTIFICACION, PAIS, TIPOCLIENTE, USER_USER, DTYPE) VALUES (?, ?, ?, ?, ?, ?, ?, ?, ?, ?, ?, ?)
	bind =&gt; [12 parameters bound]
Query: InsertObjectQuery(Cliente{
id=1
identificacion=Avenia Plutarco
tipoCliente=null
estado=Activo
fechaAlta=Thu Apr 28 17:23:38 CEST 2022
fechaBaja=null
direccion=null
ciudad=Malaga
codigopostal=29004
pais=Espana
cuentasFintech={[]}}Empresa{
razon_social=UMA})
</system-out>
  </testcase>
  <testcase classname="ma3s.fintech.test.Clientes" name="testDarAltaEmpresa" time="0.039">
    <error message="Exception [EclipseLink-4002] (Eclipse Persistence Services - 2.7.6.v20200131-b7c997804f): org.eclipse.persistence.exceptions.DatabaseException
Internal Exception: org.h2.jdbc.JdbcSQLIntegrityConstraintViolationException: La columna &quot;DIRECCION&quot; no permite valores nulos (NULL)
NULL not allowed for column &quot;DIRECCION&quot;; SQL statement:
INSERT INTO CLIENTE (ID, CIUDAD, CODIGOPOSTAL, DIRECCION, ESTADO, FECHAALTA, FECHABAJA, IDENTIFICACION, PAIS, TIPOCLIENTE, USER_USER, DTYPE) VALUES (?, ?, ?, ?, ?, ?, ?, ?, ?, ?, ?, ?) [23502-200]
Error Code: 23502
Call: INSERT INTO CLIENTE (ID, CIUDAD, CODIGOPOSTAL, DIRECCION, ESTADO, FECHAALTA, FECHABAJA, IDENTIFICACION, PAIS, TIPOCLIENTE, USER_USER, DTYPE) VALUES (?, ?, ?, ?, ?, ?, ?, ?, ?, ?, ?, ?)
	bind =&gt; [12 parameters bound]
Query: InsertObjectQuery(Cliente{
id=2
identificacion=avenida de Murcia
tipoCliente=null
estado=Activo
fechaAlta=Thu Apr 28 17:23:38 CEST 2022
fechaBaja=null
direccion=null
ciudad=Murcia
codigopostal=29845
pais=Espana
cuentasFintech={[]}}Empresa{
razon_social=UCAM})" type="javax.persistence.RollbackException">javax.persistence.RollbackException: Exception [EclipseLink-4002] (Eclipse Persistence Services - 2.7.6.v20200131-b7c997804f): org.eclipse.persistence.exceptions.DatabaseException
Internal Exception: org.h2.jdbc.JdbcSQLIntegrityConstraintViolationException: La columna &quot;DIRECCION&quot; no permite valores nulos (NULL)
NULL not allowed for column &quot;DIRECCION&quot;; SQL statement:
INSERT INTO CLIENTE (ID, CIUDAD, CODIGOPOSTAL, DIRECCION, ESTADO, FECHAALTA, FECHABAJA, IDENTIFICACION, PAIS, TIPOCLIENTE, USER_USER, DTYPE) VALUES (?, ?, ?, ?, ?, ?, ?, ?, ?, ?, ?, ?) [23502-200]
Error Code: 23502
Call: INSERT INTO CLIENTE (ID, CIUDAD, CODIGOPOSTAL, DIRECCION, ESTADO, FECHAALTA, FECHABAJA, IDENTIFICACION, PAIS, TIPOCLIENTE, USER_USER, DTYPE) VALUES (?, ?, ?, ?, ?, ?, ?, ?, ?, ?, ?, ?)
	bind =&gt; [12 parameters bound]
Query: InsertObjectQuery(Cliente{
id=2
identificacion=avenida de Murcia
tipoCliente=null
estado=Activo
fechaAlta=Thu Apr 28 17:23:38 CEST 2022
fechaBaja=null
direccion=null
ciudad=Murcia
codigopostal=29845
pais=Espana
cuentasFintech={[]}}Empresa{
razon_social=UCAM})
	at org.eclipse.persistence.internal.jpa.transaction.EntityTransactionImpl.commit(EntityTransactionImpl.java:161)
	at ma3s.fintech.test.BaseDatos.inicializaBaseDatos(BaseDatos.java:229)
	at ma3s.fintech.test.Clientes.setup(Clientes.java:31)
	at sun.reflect.GeneratedMethodAccessor24.invoke(Unknown Source)
	at sun.reflect.DelegatingMethodAccessorImpl.invoke(DelegatingMethodAccessorImpl.java:43)
	at java.lang.reflect.Method.invoke(Method.java:498)
	at org.junit.runners.model.FrameworkMethod$1.runReflectiveCall(FrameworkMethod.java:59)
	at org.junit.internal.runners.model.ReflectiveCallable.run(ReflectiveCallable.java:12)
	at org.junit.runners.model.FrameworkMethod.invokeExplosively(FrameworkMethod.java:56)
	at org.junit.internal.runners.statements.RunBefores.invokeMethod(RunBefores.java:33)
	at org.junit.internal.runners.statements.RunBefores.evaluate(RunBefores.java:24)
	at org.junit.runners.ParentRunner$3.evaluate(ParentRunner.java:306)
	at org.junit.runners.BlockJUnit4ClassRunner$1.evaluate(BlockJUnit4ClassRunner.java:100)
	at org.junit.runners.ParentRunner.runLeaf(ParentRunner.java:366)
	at org.junit.runners.BlockJUnit4ClassRunner.runChild(BlockJUnit4ClassRunner.java:103)
	at org.junit.runners.BlockJUnit4ClassRunner.runChild(BlockJUnit4ClassRunner.java:63)
	at org.junit.runners.ParentRunner$4.run(ParentRunner.java:331)
	at org.junit.runners.ParentRunner$1.schedule(ParentRunner.java:79)
	at org.junit.runners.ParentRunner.runChildren(ParentRunner.java:329)
	at org.junit.runners.ParentRunner.access$100(ParentRunner.java:66)
	at org.junit.runners.ParentRunner$2.evaluate(ParentRunner.java:293)
	at org.junit.runners.ParentRunner$3.evaluate(ParentRunner.java:306)
	at org.junit.runners.ParentRunner.run(ParentRunner.java:413)
	at org.junit.runners.Suite.runChild(Suite.java:128)
	at org.junit.runners.Suite.runChild(Suite.java:27)
	at org.junit.runners.ParentRunner$4.run(ParentRunner.java:331)
	at org.junit.runners.ParentRunner$1.schedule(ParentRunner.java:79)
	at org.junit.runners.ParentRunner.runChildren(ParentRunner.java:329)
	at org.junit.runners.ParentRunner.access$100(ParentRunner.java:66)
	at org.junit.runners.ParentRunner$2.evaluate(ParentRunner.java:293)
	at org.junit.internal.runners.statements.RunBefores.evaluate(RunBefores.java:26)
	at org.junit.internal.runners.statements.RunAfters.evaluate(RunAfters.java:27)
	at org.junit.runners.ParentRunner$3.evaluate(ParentRunner.java:306)
	at org.junit.runners.ParentRunner.run(ParentRunner.java:413)
	at org.apache.maven.surefire.junit4.JUnit4Provider.execute(JUnit4Provider.java:252)
	at org.apache.maven.surefire.junit4.JUnit4Provider.executeTestSet(JUnit4Provider.java:141)
	at org.apache.maven.surefire.junit4.JUnit4Provider.invoke(JUnit4Provider.java:112)
	at sun.reflect.NativeMethodAccessorImpl.invoke0(Native Method)
	at sun.reflect.NativeMethodAccessorImpl.invoke(NativeMethodAccessorImpl.java:62)
	at sun.reflect.DelegatingMethodAccessorImpl.invoke(DelegatingMethodAccessorImpl.java:43)
	at java.lang.reflect.Method.invoke(Method.java:498)
	at org.apache.maven.surefire.util.ReflectionUtils.invokeMethodWithArray(ReflectionUtils.java:189)
	at org.apache.maven.surefire.booter.ProviderFactory$ProviderProxy.invoke(ProviderFactory.java:165)
	at org.apache.maven.surefire.booter.ProviderFactory.invokeProvider(ProviderFactory.java:85)
	at org.apache.maven.surefire.booter.ForkedBooter.runSuitesInProcess(ForkedBooter.java:115)
	at org.apache.maven.surefire.booter.ForkedBooter.main(ForkedBooter.java:75)
Caused by: Exception [EclipseLink-4002] (Eclipse Persistence Services - 2.7.6.v20200131-b7c997804f): org.eclipse.persistence.exceptions.DatabaseException
Internal Exception: org.h2.jdbc.JdbcSQLIntegrityConstraintViolationException: La columna &quot;DIRECCION&quot; no permite valores nulos (NULL)
NULL not allowed for column &quot;DIRECCION&quot;; SQL statement:
INSERT INTO CLIENTE (ID, CIUDAD, CODIGOPOSTAL, DIRECCION, ESTADO, FECHAALTA, FECHABAJA, IDENTIFICACION, PAIS, TIPOCLIENTE, USER_USER, DTYPE) VALUES (?, ?, ?, ?, ?, ?, ?, ?, ?, ?, ?, ?) [23502-200]
Error Code: 23502
Call: INSERT INTO CLIENTE (ID, CIUDAD, CODIGOPOSTAL, DIRECCION, ESTADO, FECHAALTA, FECHABAJA, IDENTIFICACION, PAIS, TIPOCLIENTE, USER_USER, DTYPE) VALUES (?, ?, ?, ?, ?, ?, ?, ?, ?, ?, ?, ?)
	bind =&gt; [12 parameters bound]
Query: InsertObjectQuery(Cliente{
id=2
identificacion=avenida de Murcia
tipoCliente=null
estado=Activo
fechaAlta=Thu Apr 28 17:23:38 CEST 2022
fechaBaja=null
direccion=null
ciudad=Murcia
codigopostal=29845
pais=Espana
cuentasFintech={[]}}Empresa{
razon_social=UCAM})
	at org.eclipse.persistence.exceptions.DatabaseException.sqlException(DatabaseException.java:333)
	at org.eclipse.persistence.internal.databaseaccess.DatabaseAccessor.executeDirectNoSelect(DatabaseAccessor.java:908)
	at org.eclipse.persistence.internal.databaseaccess.DatabaseAccessor.executeNoSelect(DatabaseAccessor.java:970)
	at org.eclipse.persistence.internal.databaseaccess.DatabaseAccessor.basicExecuteCall(DatabaseAccessor.java:640)
	at org.eclipse.persistence.internal.databaseaccess.DatabaseAccessor.executeCall(DatabaseAccessor.java:567)
	at org.eclipse.persistence.internal.sessions.AbstractSession.basicExecuteCall(AbstractSession.java:2099)
	at org.eclipse.persistence.sessions.server.ClientSession.executeCall(ClientSession.java:313)
	at org.eclipse.persistence.internal.queries.DatasourceCallQueryMechanism.executeCall(DatasourceCallQueryMechanism.java:275)
	at org.eclipse.persistence.internal.queries.DatasourceCallQueryMechanism.insertObject(DatasourceCallQueryMechanism.java:397)
	at org.eclipse.persistence.internal.queries.StatementQueryMechanism.insertObject(StatementQueryMechanism.java:167)
	at org.eclipse.persistence.internal.queries.StatementQueryMechanism.insertObject(StatementQueryMechanism.java:182)
	at org.eclipse.persistence.internal.queries.DatabaseQueryMechanism.insertObjectForWrite(DatabaseQueryMechanism.java:504)
	at org.eclipse.persistence.queries.InsertObjectQuery.executeCommit(InsertObjectQuery.java:82)
	at org.eclipse.persistence.queries.InsertObjectQuery.executeCommitWithChangeSet(InsertObjectQuery.java:92)
	at org.eclipse.persistence.internal.queries.DatabaseQueryMechanism.executeWriteWithChangeSet(DatabaseQueryMechanism.java:316)
	at org.eclipse.persistence.queries.WriteObjectQuery.executeDatabaseQuery(WriteObjectQuery.java:60)
	at org.eclipse.persistence.queries.DatabaseQuery.execute(DatabaseQuery.java:911)
	at org.eclipse.persistence.queries.DatabaseQuery.executeInUnitOfWork(DatabaseQuery.java:810)
	at org.eclipse.persistence.queries.ObjectLevelModifyQuery.executeInUnitOfWorkObjectLevelModifyQuery(ObjectLevelModifyQuery.java:110)
	at org.eclipse.persistence.queries.ObjectLevelModifyQuery.executeInUnitOfWork(ObjectLevelModifyQuery.java:87)
	at org.eclipse.persistence.internal.sessions.UnitOfWorkImpl.internalExecuteQuery(UnitOfWorkImpl.java:2983)
	at org.eclipse.persistence.internal.sessions.AbstractSession.executeQuery(AbstractSession.java:1898)
	at org.eclipse.persistence.internal.sessions.AbstractSession.executeQuery(AbstractSession.java:1880)
	at org.eclipse.persistence.internal.sessions.AbstractSession.executeQuery(AbstractSession.java:1830)
	at org.eclipse.persistence.internal.sessions.CommitManager.commitNewObjectsForClassWithChangeSet(CommitManager.java:229)
	at org.eclipse.persistence.internal.sessions.CommitManager.commitAllObjectsForClassWithChangeSet(CommitManager.java:196)
	at org.eclipse.persistence.internal.sessions.CommitManager.commitAllObjectsWithChangeSet(CommitManager.java:141)
	at org.eclipse.persistence.internal.sessions.AbstractSession.writeAllObjectsWithChangeSet(AbstractSession.java:4398)
	at org.eclipse.persistence.internal.sessions.UnitOfWorkImpl.commitToDatabase(UnitOfWorkImpl.java:1495)
	at org.eclipse.persistence.internal.sessions.UnitOfWorkImpl.commitToDatabaseWithChangeSet(UnitOfWorkImpl.java:1585)
	at org.eclipse.persistence.internal.sessions.RepeatableWriteUnitOfWork.commitRootUnitOfWork(RepeatableWriteUnitOfWork.java:280)
	at org.eclipse.persistence.internal.sessions.UnitOfWorkImpl.commitAndResume(UnitOfWorkImpl.java:1222)
	at org.eclipse.persistence.internal.jpa.transaction.EntityTransactionImpl.commit(EntityTransactionImpl.java:136)
	... 45 more
Caused by: org.h2.jdbc.JdbcSQLIntegrityConstraintViolationException: La columna &quot;DIRECCION&quot; no permite valores nulos (NULL)
NULL not allowed for column &quot;DIRECCION&quot;; SQL statement:
INSERT INTO CLIENTE (ID, CIUDAD, CODIGOPOSTAL, DIRECCION, ESTADO, FECHAALTA, FECHABAJA, IDENTIFICACION, PAIS, TIPOCLIENTE, USER_USER, DTYPE) VALUES (?, ?, ?, ?, ?, ?, ?, ?, ?, ?, ?, ?) [23502-200]
	at org.h2.message.DbException.getJdbcSQLException(DbException.java:459)
	at org.h2.message.DbException.getJdbcSQLException(DbException.java:429)
	at org.h2.message.DbException.get(DbException.java:205)
	at org.h2.message.DbException.get(DbException.java:181)
	at org.h2.table.Column.validateConvertUpdateSequence(Column.java:374)
	at org.h2.table.Table.validateConvertUpdateSequence(Table.java:845)
	at org.h2.command.dml.Insert.insertRows(Insert.java:187)
	at org.h2.command.dml.Insert.update(Insert.java:151)
	at org.h2.command.CommandContainer.update(CommandContainer.java:198)
	at org.h2.command.Command.executeUpdate(Command.java:251)
	at org.h2.jdbc.JdbcPreparedStatement.executeUpdateInternal(JdbcPreparedStatement.java:191)
	at org.h2.jdbc.JdbcPreparedStatement.executeUpdate(JdbcPreparedStatement.java:152)
	at org.eclipse.persistence.internal.databaseaccess.DatabaseAccessor.executeDirectNoSelect(DatabaseAccessor.java:898)
	... 76 more
</error>
    <system-out>[EL Warning]: 2022-04-28 17:23:38.164--UnitOfWork(550836234)--Exception [EclipseLink-4002] (Eclipse Persistence Services - 2.7.6.v20200131-b7c997804f): org.eclipse.persistence.exceptions.DatabaseException
Internal Exception: org.h2.jdbc.JdbcSQLIntegrityConstraintViolationException: La columna &quot;DIRECCION&quot; no permite valores nulos (NULL)
NULL not allowed for column &quot;DIRECCION&quot;; SQL statement:
INSERT INTO CLIENTE (ID, CIUDAD, CODIGOPOSTAL, DIRECCION, ESTADO, FECHAALTA, FECHABAJA, IDENTIFICACION, PAIS, TIPOCLIENTE, USER_USER, DTYPE) VALUES (?, ?, ?, ?, ?, ?, ?, ?, ?, ?, ?, ?) [23502-200]
Error Code: 23502
Call: INSERT INTO CLIENTE (ID, CIUDAD, CODIGOPOSTAL, DIRECCION, ESTADO, FECHAALTA, FECHABAJA, IDENTIFICACION, PAIS, TIPOCLIENTE, USER_USER, DTYPE) VALUES (?, ?, ?, ?, ?, ?, ?, ?, ?, ?, ?, ?)
	bind =&gt; [12 parameters bound]
Query: InsertObjectQuery(Cliente{
id=2
identificacion=avenida de Murcia
tipoCliente=null
estado=Activo
fechaAlta=Thu Apr 28 17:23:38 CEST 2022
fechaBaja=null
direccion=null
ciudad=Murcia
codigopostal=29845
pais=Espana
cuentasFintech={[]}}Empresa{
razon_social=UCAM})
</system-out>
  </testcase>
  <testcase classname="ma3s.fintech.test.Clientes" name="testModPaisEmpresaNoExistente" time="0.032">
    <error message="Exception [EclipseLink-4002] (Eclipse Persistence Services - 2.7.6.v20200131-b7c997804f): org.eclipse.persistence.exceptions.DatabaseException
Internal Exception: org.h2.jdbc.JdbcSQLIntegrityConstraintViolationException: La columna &quot;DIRECCION&quot; no permite valores nulos (NULL)
NULL not allowed for column &quot;DIRECCION&quot;; SQL statement:
INSERT INTO CLIENTE (ID, CIUDAD, CODIGOPOSTAL, DIRECCION, ESTADO, FECHAALTA, FECHABAJA, IDENTIFICACION, PAIS, TIPOCLIENTE, USER_USER, DTYPE) VALUES (?, ?, ?, ?, ?, ?, ?, ?, ?, ?, ?, ?) [23502-200]
Error Code: 23502
Call: INSERT INTO CLIENTE (ID, CIUDAD, CODIGOPOSTAL, DIRECCION, ESTADO, FECHAALTA, FECHABAJA, IDENTIFICACION, PAIS, TIPOCLIENTE, USER_USER, DTYPE) VALUES (?, ?, ?, ?, ?, ?, ?, ?, ?, ?, ?, ?)
	bind =&gt; [12 parameters bound]
Query: InsertObjectQuery(Cliente{
id=1
identificacion=Avenia Plutarco
tipoCliente=null
estado=Activo
fechaAlta=Thu Apr 28 17:23:38 CEST 2022
fechaBaja=null
direccion=null
ciudad=Malaga
codigopostal=29004
pais=Espana
cuentasFintech={[]}}Empresa{
razon_social=UMA})" type="javax.persistence.RollbackException">javax.persistence.RollbackException: Exception [EclipseLink-4002] (Eclipse Persistence Services - 2.7.6.v20200131-b7c997804f): org.eclipse.persistence.exceptions.DatabaseException
Internal Exception: org.h2.jdbc.JdbcSQLIntegrityConstraintViolationException: La columna &quot;DIRECCION&quot; no permite valores nulos (NULL)
NULL not allowed for column &quot;DIRECCION&quot;; SQL statement:
INSERT INTO CLIENTE (ID, CIUDAD, CODIGOPOSTAL, DIRECCION, ESTADO, FECHAALTA, FECHABAJA, IDENTIFICACION, PAIS, TIPOCLIENTE, USER_USER, DTYPE) VALUES (?, ?, ?, ?, ?, ?, ?, ?, ?, ?, ?, ?) [23502-200]
Error Code: 23502
Call: INSERT INTO CLIENTE (ID, CIUDAD, CODIGOPOSTAL, DIRECCION, ESTADO, FECHAALTA, FECHABAJA, IDENTIFICACION, PAIS, TIPOCLIENTE, USER_USER, DTYPE) VALUES (?, ?, ?, ?, ?, ?, ?, ?, ?, ?, ?, ?)
	bind =&gt; [12 parameters bound]
Query: InsertObjectQuery(Cliente{
id=1
identificacion=Avenia Plutarco
tipoCliente=null
estado=Activo
fechaAlta=Thu Apr 28 17:23:38 CEST 2022
fechaBaja=null
direccion=null
ciudad=Malaga
codigopostal=29004
pais=Espana
cuentasFintech={[]}}Empresa{
razon_social=UMA})
	at org.eclipse.persistence.internal.jpa.transaction.EntityTransactionImpl.commit(EntityTransactionImpl.java:161)
	at ma3s.fintech.test.BaseDatos.inicializaBaseDatos(BaseDatos.java:229)
	at ma3s.fintech.test.Clientes.setup(Clientes.java:31)
	at sun.reflect.GeneratedMethodAccessor24.invoke(Unknown Source)
	at sun.reflect.DelegatingMethodAccessorImpl.invoke(DelegatingMethodAccessorImpl.java:43)
	at java.lang.reflect.Method.invoke(Method.java:498)
	at org.junit.runners.model.FrameworkMethod$1.runReflectiveCall(FrameworkMethod.java:59)
	at org.junit.internal.runners.model.ReflectiveCallable.run(ReflectiveCallable.java:12)
	at org.junit.runners.model.FrameworkMethod.invokeExplosively(FrameworkMethod.java:56)
	at org.junit.internal.runners.statements.RunBefores.invokeMethod(RunBefores.java:33)
	at org.junit.internal.runners.statements.RunBefores.evaluate(RunBefores.java:24)
	at org.junit.runners.ParentRunner$3.evaluate(ParentRunner.java:306)
	at org.junit.runners.BlockJUnit4ClassRunner$1.evaluate(BlockJUnit4ClassRunner.java:100)
	at org.junit.runners.ParentRunner.runLeaf(ParentRunner.java:366)
	at org.junit.runners.BlockJUnit4ClassRunner.runChild(BlockJUnit4ClassRunner.java:103)
	at org.junit.runners.BlockJUnit4ClassRunner.runChild(BlockJUnit4ClassRunner.java:63)
	at org.junit.runners.ParentRunner$4.run(ParentRunner.java:331)
	at org.junit.runners.ParentRunner$1.schedule(ParentRunner.java:79)
	at org.junit.runners.ParentRunner.runChildren(ParentRunner.java:329)
	at org.junit.runners.ParentRunner.access$100(ParentRunner.java:66)
	at org.junit.runners.ParentRunner$2.evaluate(ParentRunner.java:293)
	at org.junit.runners.ParentRunner$3.evaluate(ParentRunner.java:306)
	at org.junit.runners.ParentRunner.run(ParentRunner.java:413)
	at org.junit.runners.Suite.runChild(Suite.java:128)
	at org.junit.runners.Suite.runChild(Suite.java:27)
	at org.junit.runners.ParentRunner$4.run(ParentRunner.java:331)
	at org.junit.runners.ParentRunner$1.schedule(ParentRunner.java:79)
	at org.junit.runners.ParentRunner.runChildren(ParentRunner.java:329)
	at org.junit.runners.ParentRunner.access$100(ParentRunner.java:66)
	at org.junit.runners.ParentRunner$2.evaluate(ParentRunner.java:293)
	at org.junit.internal.runners.statements.RunBefores.evaluate(RunBefores.java:26)
	at org.junit.internal.runners.statements.RunAfters.evaluate(RunAfters.java:27)
	at org.junit.runners.ParentRunner$3.evaluate(ParentRunner.java:306)
	at org.junit.runners.ParentRunner.run(ParentRunner.java:413)
	at org.apache.maven.surefire.junit4.JUnit4Provider.execute(JUnit4Provider.java:252)
	at org.apache.maven.surefire.junit4.JUnit4Provider.executeTestSet(JUnit4Provider.java:141)
	at org.apache.maven.surefire.junit4.JUnit4Provider.invoke(JUnit4Provider.java:112)
	at sun.reflect.NativeMethodAccessorImpl.invoke0(Native Method)
	at sun.reflect.NativeMethodAccessorImpl.invoke(NativeMethodAccessorImpl.java:62)
	at sun.reflect.DelegatingMethodAccessorImpl.invoke(DelegatingMethodAccessorImpl.java:43)
	at java.lang.reflect.Method.invoke(Method.java:498)
	at org.apache.maven.surefire.util.ReflectionUtils.invokeMethodWithArray(ReflectionUtils.java:189)
	at org.apache.maven.surefire.booter.ProviderFactory$ProviderProxy.invoke(ProviderFactory.java:165)
	at org.apache.maven.surefire.booter.ProviderFactory.invokeProvider(ProviderFactory.java:85)
	at org.apache.maven.surefire.booter.ForkedBooter.runSuitesInProcess(ForkedBooter.java:115)
	at org.apache.maven.surefire.booter.ForkedBooter.main(ForkedBooter.java:75)
Caused by: Exception [EclipseLink-4002] (Eclipse Persistence Services - 2.7.6.v20200131-b7c997804f): org.eclipse.persistence.exceptions.DatabaseException
Internal Exception: org.h2.jdbc.JdbcSQLIntegrityConstraintViolationException: La columna &quot;DIRECCION&quot; no permite valores nulos (NULL)
NULL not allowed for column &quot;DIRECCION&quot;; SQL statement:
INSERT INTO CLIENTE (ID, CIUDAD, CODIGOPOSTAL, DIRECCION, ESTADO, FECHAALTA, FECHABAJA, IDENTIFICACION, PAIS, TIPOCLIENTE, USER_USER, DTYPE) VALUES (?, ?, ?, ?, ?, ?, ?, ?, ?, ?, ?, ?) [23502-200]
Error Code: 23502
Call: INSERT INTO CLIENTE (ID, CIUDAD, CODIGOPOSTAL, DIRECCION, ESTADO, FECHAALTA, FECHABAJA, IDENTIFICACION, PAIS, TIPOCLIENTE, USER_USER, DTYPE) VALUES (?, ?, ?, ?, ?, ?, ?, ?, ?, ?, ?, ?)
	bind =&gt; [12 parameters bound]
Query: InsertObjectQuery(Cliente{
id=1
identificacion=Avenia Plutarco
tipoCliente=null
estado=Activo
fechaAlta=Thu Apr 28 17:23:38 CEST 2022
fechaBaja=null
direccion=null
ciudad=Malaga
codigopostal=29004
pais=Espana
cuentasFintech={[]}}Empresa{
razon_social=UMA})
	at org.eclipse.persistence.exceptions.DatabaseException.sqlException(DatabaseException.java:333)
	at org.eclipse.persistence.internal.databaseaccess.DatabaseAccessor.executeDirectNoSelect(DatabaseAccessor.java:908)
	at org.eclipse.persistence.internal.databaseaccess.DatabaseAccessor.executeNoSelect(DatabaseAccessor.java:970)
	at org.eclipse.persistence.internal.databaseaccess.DatabaseAccessor.basicExecuteCall(DatabaseAccessor.java:640)
	at org.eclipse.persistence.internal.databaseaccess.DatabaseAccessor.executeCall(DatabaseAccessor.java:567)
	at org.eclipse.persistence.internal.sessions.AbstractSession.basicExecuteCall(AbstractSession.java:2099)
	at org.eclipse.persistence.sessions.server.ClientSession.executeCall(ClientSession.java:313)
	at org.eclipse.persistence.internal.queries.DatasourceCallQueryMechanism.executeCall(DatasourceCallQueryMechanism.java:275)
	at org.eclipse.persistence.internal.queries.DatasourceCallQueryMechanism.insertObject(DatasourceCallQueryMechanism.java:397)
	at org.eclipse.persistence.internal.queries.StatementQueryMechanism.insertObject(StatementQueryMechanism.java:167)
	at org.eclipse.persistence.internal.queries.StatementQueryMechanism.insertObject(StatementQueryMechanism.java:182)
	at org.eclipse.persistence.internal.queries.DatabaseQueryMechanism.insertObjectForWrite(DatabaseQueryMechanism.java:504)
	at org.eclipse.persistence.queries.InsertObjectQuery.executeCommit(InsertObjectQuery.java:82)
	at org.eclipse.persistence.queries.InsertObjectQuery.executeCommitWithChangeSet(InsertObjectQuery.java:92)
	at org.eclipse.persistence.internal.queries.DatabaseQueryMechanism.executeWriteWithChangeSet(DatabaseQueryMechanism.java:316)
	at org.eclipse.persistence.queries.WriteObjectQuery.executeDatabaseQuery(WriteObjectQuery.java:60)
	at org.eclipse.persistence.queries.DatabaseQuery.execute(DatabaseQuery.java:911)
	at org.eclipse.persistence.queries.DatabaseQuery.executeInUnitOfWork(DatabaseQuery.java:810)
	at org.eclipse.persistence.queries.ObjectLevelModifyQuery.executeInUnitOfWorkObjectLevelModifyQuery(ObjectLevelModifyQuery.java:110)
	at org.eclipse.persistence.queries.ObjectLevelModifyQuery.executeInUnitOfWork(ObjectLevelModifyQuery.java:87)
	at org.eclipse.persistence.internal.sessions.UnitOfWorkImpl.internalExecuteQuery(UnitOfWorkImpl.java:2983)
	at org.eclipse.persistence.internal.sessions.AbstractSession.executeQuery(AbstractSession.java:1898)
	at org.eclipse.persistence.internal.sessions.AbstractSession.executeQuery(AbstractSession.java:1880)
	at org.eclipse.persistence.internal.sessions.AbstractSession.executeQuery(AbstractSession.java:1830)
	at org.eclipse.persistence.internal.sessions.CommitManager.commitNewObjectsForClassWithChangeSet(CommitManager.java:229)
	at org.eclipse.persistence.internal.sessions.CommitManager.commitAllObjectsForClassWithChangeSet(CommitManager.java:196)
	at org.eclipse.persistence.internal.sessions.CommitManager.commitAllObjectsWithChangeSet(CommitManager.java:141)
	at org.eclipse.persistence.internal.sessions.AbstractSession.writeAllObjectsWithChangeSet(AbstractSession.java:4398)
	at org.eclipse.persistence.internal.sessions.UnitOfWorkImpl.commitToDatabase(UnitOfWorkImpl.java:1495)
	at org.eclipse.persistence.internal.sessions.UnitOfWorkImpl.commitToDatabaseWithChangeSet(UnitOfWorkImpl.java:1585)
	at org.eclipse.persistence.internal.sessions.RepeatableWriteUnitOfWork.commitRootUnitOfWork(RepeatableWriteUnitOfWork.java:280)
	at org.eclipse.persistence.internal.sessions.UnitOfWorkImpl.commitAndResume(UnitOfWorkImpl.java:1222)
	at org.eclipse.persistence.internal.jpa.transaction.EntityTransactionImpl.commit(EntityTransactionImpl.java:136)
	... 45 more
Caused by: org.h2.jdbc.JdbcSQLIntegrityConstraintViolationException: La columna &quot;DIRECCION&quot; no permite valores nulos (NULL)
NULL not allowed for column &quot;DIRECCION&quot;; SQL statement:
INSERT INTO CLIENTE (ID, CIUDAD, CODIGOPOSTAL, DIRECCION, ESTADO, FECHAALTA, FECHABAJA, IDENTIFICACION, PAIS, TIPOCLIENTE, USER_USER, DTYPE) VALUES (?, ?, ?, ?, ?, ?, ?, ?, ?, ?, ?, ?) [23502-200]
	at org.h2.message.DbException.getJdbcSQLException(DbException.java:459)
	at org.h2.message.DbException.getJdbcSQLException(DbException.java:429)
	at org.h2.message.DbException.get(DbException.java:205)
	at org.h2.message.DbException.get(DbException.java:181)
	at org.h2.table.Column.validateConvertUpdateSequence(Column.java:374)
	at org.h2.table.Table.validateConvertUpdateSequence(Table.java:845)
	at org.h2.command.dml.Insert.insertRows(Insert.java:187)
	at org.h2.command.dml.Insert.update(Insert.java:151)
	at org.h2.command.CommandContainer.update(CommandContainer.java:198)
	at org.h2.command.Command.executeUpdate(Command.java:251)
	at org.h2.jdbc.JdbcPreparedStatement.executeUpdateInternal(JdbcPreparedStatement.java:191)
	at org.h2.jdbc.JdbcPreparedStatement.executeUpdate(JdbcPreparedStatement.java:152)
	at org.eclipse.persistence.internal.databaseaccess.DatabaseAccessor.executeDirectNoSelect(DatabaseAccessor.java:898)
	... 76 more
</error>
    <system-out>[EL Warning]: 2022-04-28 17:23:38.196--UnitOfWork(1749432918)--Exception [EclipseLink-4002] (Eclipse Persistence Services - 2.7.6.v20200131-b7c997804f): org.eclipse.persistence.exceptions.DatabaseException
Internal Exception: org.h2.jdbc.JdbcSQLIntegrityConstraintViolationException: La columna &quot;DIRECCION&quot; no permite valores nulos (NULL)
NULL not allowed for column &quot;DIRECCION&quot;; SQL statement:
INSERT INTO CLIENTE (ID, CIUDAD, CODIGOPOSTAL, DIRECCION, ESTADO, FECHAALTA, FECHABAJA, IDENTIFICACION, PAIS, TIPOCLIENTE, USER_USER, DTYPE) VALUES (?, ?, ?, ?, ?, ?, ?, ?, ?, ?, ?, ?) [23502-200]
Error Code: 23502
Call: INSERT INTO CLIENTE (ID, CIUDAD, CODIGOPOSTAL, DIRECCION, ESTADO, FECHAALTA, FECHABAJA, IDENTIFICACION, PAIS, TIPOCLIENTE, USER_USER, DTYPE) VALUES (?, ?, ?, ?, ?, ?, ?, ?, ?, ?, ?, ?)
	bind =&gt; [12 parameters bound]
Query: InsertObjectQuery(Cliente{
id=1
identificacion=Avenia Plutarco
tipoCliente=null
estado=Activo
fechaAlta=Thu Apr 28 17:23:38 CEST 2022
fechaBaja=null
direccion=null
ciudad=Malaga
codigopostal=29004
pais=Espana
cuentasFintech={[]}}Empresa{
razon_social=UMA})
</system-out>
  </testcase>
  <testcase classname="ma3s.fintech.test.Clientes" name="testModPaisIndividual" time="0.033">
    <error message="Exception [EclipseLink-4002] (Eclipse Persistence Services - 2.7.6.v20200131-b7c997804f): org.eclipse.persistence.exceptions.DatabaseException
Internal Exception: org.h2.jdbc.JdbcSQLIntegrityConstraintViolationException: La columna &quot;DIRECCION&quot; no permite valores nulos (NULL)
NULL not allowed for column &quot;DIRECCION&quot;; SQL statement:
INSERT INTO CLIENTE (ID, CIUDAD, CODIGOPOSTAL, DIRECCION, ESTADO, FECHAALTA, FECHABAJA, IDENTIFICACION, PAIS, TIPOCLIENTE, USER_USER, DTYPE) VALUES (?, ?, ?, ?, ?, ?, ?, ?, ?, ?, ?, ?) [23502-200]
Error Code: 23502
Call: INSERT INTO CLIENTE (ID, CIUDAD, CODIGOPOSTAL, DIRECCION, ESTADO, FECHAALTA, FECHABAJA, IDENTIFICACION, PAIS, TIPOCLIENTE, USER_USER, DTYPE) VALUES (?, ?, ?, ?, ?, ?, ?, ?, ?, ?, ?, ?)
	bind =&gt; [12 parameters bound]
Query: InsertObjectQuery(Cliente{
id=1
identificacion=Avenia Plutarco
tipoCliente=null
estado=Activo
fechaAlta=Thu Apr 28 17:23:38 CEST 2022
fechaBaja=null
direccion=null
ciudad=Malaga
codigopostal=29004
pais=Espana
cuentasFintech={[]}}Empresa{
razon_social=UMA})" type="javax.persistence.RollbackException">javax.persistence.RollbackException: Exception [EclipseLink-4002] (Eclipse Persistence Services - 2.7.6.v20200131-b7c997804f): org.eclipse.persistence.exceptions.DatabaseException
Internal Exception: org.h2.jdbc.JdbcSQLIntegrityConstraintViolationException: La columna &quot;DIRECCION&quot; no permite valores nulos (NULL)
NULL not allowed for column &quot;DIRECCION&quot;; SQL statement:
INSERT INTO CLIENTE (ID, CIUDAD, CODIGOPOSTAL, DIRECCION, ESTADO, FECHAALTA, FECHABAJA, IDENTIFICACION, PAIS, TIPOCLIENTE, USER_USER, DTYPE) VALUES (?, ?, ?, ?, ?, ?, ?, ?, ?, ?, ?, ?) [23502-200]
Error Code: 23502
Call: INSERT INTO CLIENTE (ID, CIUDAD, CODIGOPOSTAL, DIRECCION, ESTADO, FECHAALTA, FECHABAJA, IDENTIFICACION, PAIS, TIPOCLIENTE, USER_USER, DTYPE) VALUES (?, ?, ?, ?, ?, ?, ?, ?, ?, ?, ?, ?)
	bind =&gt; [12 parameters bound]
Query: InsertObjectQuery(Cliente{
id=1
identificacion=Avenia Plutarco
tipoCliente=null
estado=Activo
fechaAlta=Thu Apr 28 17:23:38 CEST 2022
fechaBaja=null
direccion=null
ciudad=Malaga
codigopostal=29004
pais=Espana
cuentasFintech={[]}}Empresa{
razon_social=UMA})
	at org.eclipse.persistence.internal.jpa.transaction.EntityTransactionImpl.commit(EntityTransactionImpl.java:161)
	at ma3s.fintech.test.BaseDatos.inicializaBaseDatos(BaseDatos.java:229)
	at ma3s.fintech.test.Clientes.setup(Clientes.java:31)
	at sun.reflect.GeneratedMethodAccessor24.invoke(Unknown Source)
	at sun.reflect.DelegatingMethodAccessorImpl.invoke(DelegatingMethodAccessorImpl.java:43)
	at java.lang.reflect.Method.invoke(Method.java:498)
	at org.junit.runners.model.FrameworkMethod$1.runReflectiveCall(FrameworkMethod.java:59)
	at org.junit.internal.runners.model.ReflectiveCallable.run(ReflectiveCallable.java:12)
	at org.junit.runners.model.FrameworkMethod.invokeExplosively(FrameworkMethod.java:56)
	at org.junit.internal.runners.statements.RunBefores.invokeMethod(RunBefores.java:33)
	at org.junit.internal.runners.statements.RunBefores.evaluate(RunBefores.java:24)
	at org.junit.runners.ParentRunner$3.evaluate(ParentRunner.java:306)
	at org.junit.runners.BlockJUnit4ClassRunner$1.evaluate(BlockJUnit4ClassRunner.java:100)
	at org.junit.runners.ParentRunner.runLeaf(ParentRunner.java:366)
	at org.junit.runners.BlockJUnit4ClassRunner.runChild(BlockJUnit4ClassRunner.java:103)
	at org.junit.runners.BlockJUnit4ClassRunner.runChild(BlockJUnit4ClassRunner.java:63)
	at org.junit.runners.ParentRunner$4.run(ParentRunner.java:331)
	at org.junit.runners.ParentRunner$1.schedule(ParentRunner.java:79)
	at org.junit.runners.ParentRunner.runChildren(ParentRunner.java:329)
	at org.junit.runners.ParentRunner.access$100(ParentRunner.java:66)
	at org.junit.runners.ParentRunner$2.evaluate(ParentRunner.java:293)
	at org.junit.runners.ParentRunner$3.evaluate(ParentRunner.java:306)
	at org.junit.runners.ParentRunner.run(ParentRunner.java:413)
	at org.junit.runners.Suite.runChild(Suite.java:128)
	at org.junit.runners.Suite.runChild(Suite.java:27)
	at org.junit.runners.ParentRunner$4.run(ParentRunner.java:331)
	at org.junit.runners.ParentRunner$1.schedule(ParentRunner.java:79)
	at org.junit.runners.ParentRunner.runChildren(ParentRunner.java:329)
	at org.junit.runners.ParentRunner.access$100(ParentRunner.java:66)
	at org.junit.runners.ParentRunner$2.evaluate(ParentRunner.java:293)
	at org.junit.internal.runners.statements.RunBefores.evaluate(RunBefores.java:26)
	at org.junit.internal.runners.statements.RunAfters.evaluate(RunAfters.java:27)
	at org.junit.runners.ParentRunner$3.evaluate(ParentRunner.java:306)
	at org.junit.runners.ParentRunner.run(ParentRunner.java:413)
	at org.apache.maven.surefire.junit4.JUnit4Provider.execute(JUnit4Provider.java:252)
	at org.apache.maven.surefire.junit4.JUnit4Provider.executeTestSet(JUnit4Provider.java:141)
	at org.apache.maven.surefire.junit4.JUnit4Provider.invoke(JUnit4Provider.java:112)
	at sun.reflect.NativeMethodAccessorImpl.invoke0(Native Method)
	at sun.reflect.NativeMethodAccessorImpl.invoke(NativeMethodAccessorImpl.java:62)
	at sun.reflect.DelegatingMethodAccessorImpl.invoke(DelegatingMethodAccessorImpl.java:43)
	at java.lang.reflect.Method.invoke(Method.java:498)
	at org.apache.maven.surefire.util.ReflectionUtils.invokeMethodWithArray(ReflectionUtils.java:189)
	at org.apache.maven.surefire.booter.ProviderFactory$ProviderProxy.invoke(ProviderFactory.java:165)
	at org.apache.maven.surefire.booter.ProviderFactory.invokeProvider(ProviderFactory.java:85)
	at org.apache.maven.surefire.booter.ForkedBooter.runSuitesInProcess(ForkedBooter.java:115)
	at org.apache.maven.surefire.booter.ForkedBooter.main(ForkedBooter.java:75)
Caused by: Exception [EclipseLink-4002] (Eclipse Persistence Services - 2.7.6.v20200131-b7c997804f): org.eclipse.persistence.exceptions.DatabaseException
Internal Exception: org.h2.jdbc.JdbcSQLIntegrityConstraintViolationException: La columna &quot;DIRECCION&quot; no permite valores nulos (NULL)
NULL not allowed for column &quot;DIRECCION&quot;; SQL statement:
INSERT INTO CLIENTE (ID, CIUDAD, CODIGOPOSTAL, DIRECCION, ESTADO, FECHAALTA, FECHABAJA, IDENTIFICACION, PAIS, TIPOCLIENTE, USER_USER, DTYPE) VALUES (?, ?, ?, ?, ?, ?, ?, ?, ?, ?, ?, ?) [23502-200]
Error Code: 23502
Call: INSERT INTO CLIENTE (ID, CIUDAD, CODIGOPOSTAL, DIRECCION, ESTADO, FECHAALTA, FECHABAJA, IDENTIFICACION, PAIS, TIPOCLIENTE, USER_USER, DTYPE) VALUES (?, ?, ?, ?, ?, ?, ?, ?, ?, ?, ?, ?)
	bind =&gt; [12 parameters bound]
Query: InsertObjectQuery(Cliente{
id=1
identificacion=Avenia Plutarco
tipoCliente=null
estado=Activo
fechaAlta=Thu Apr 28 17:23:38 CEST 2022
fechaBaja=null
direccion=null
ciudad=Malaga
codigopostal=29004
pais=Espana
cuentasFintech={[]}}Empresa{
razon_social=UMA})
	at org.eclipse.persistence.exceptions.DatabaseException.sqlException(DatabaseException.java:333)
	at org.eclipse.persistence.internal.databaseaccess.DatabaseAccessor.executeDirectNoSelect(DatabaseAccessor.java:908)
	at org.eclipse.persistence.internal.databaseaccess.DatabaseAccessor.executeNoSelect(DatabaseAccessor.java:970)
	at org.eclipse.persistence.internal.databaseaccess.DatabaseAccessor.basicExecuteCall(DatabaseAccessor.java:640)
	at org.eclipse.persistence.internal.databaseaccess.DatabaseAccessor.executeCall(DatabaseAccessor.java:567)
	at org.eclipse.persistence.internal.sessions.AbstractSession.basicExecuteCall(AbstractSession.java:2099)
	at org.eclipse.persistence.sessions.server.ClientSession.executeCall(ClientSession.java:313)
	at org.eclipse.persistence.internal.queries.DatasourceCallQueryMechanism.executeCall(DatasourceCallQueryMechanism.java:275)
	at org.eclipse.persistence.internal.queries.DatasourceCallQueryMechanism.insertObject(DatasourceCallQueryMechanism.java:397)
	at org.eclipse.persistence.internal.queries.StatementQueryMechanism.insertObject(StatementQueryMechanism.java:167)
	at org.eclipse.persistence.internal.queries.StatementQueryMechanism.insertObject(StatementQueryMechanism.java:182)
	at org.eclipse.persistence.internal.queries.DatabaseQueryMechanism.insertObjectForWrite(DatabaseQueryMechanism.java:504)
	at org.eclipse.persistence.queries.InsertObjectQuery.executeCommit(InsertObjectQuery.java:82)
	at org.eclipse.persistence.queries.InsertObjectQuery.executeCommitWithChangeSet(InsertObjectQuery.java:92)
	at org.eclipse.persistence.internal.queries.DatabaseQueryMechanism.executeWriteWithChangeSet(DatabaseQueryMechanism.java:316)
	at org.eclipse.persistence.queries.WriteObjectQuery.executeDatabaseQuery(WriteObjectQuery.java:60)
	at org.eclipse.persistence.queries.DatabaseQuery.execute(DatabaseQuery.java:911)
	at org.eclipse.persistence.queries.DatabaseQuery.executeInUnitOfWork(DatabaseQuery.java:810)
	at org.eclipse.persistence.queries.ObjectLevelModifyQuery.executeInUnitOfWorkObjectLevelModifyQuery(ObjectLevelModifyQuery.java:110)
	at org.eclipse.persistence.queries.ObjectLevelModifyQuery.executeInUnitOfWork(ObjectLevelModifyQuery.java:87)
	at org.eclipse.persistence.internal.sessions.UnitOfWorkImpl.internalExecuteQuery(UnitOfWorkImpl.java:2983)
	at org.eclipse.persistence.internal.sessions.AbstractSession.executeQuery(AbstractSession.java:1898)
	at org.eclipse.persistence.internal.sessions.AbstractSession.executeQuery(AbstractSession.java:1880)
	at org.eclipse.persistence.internal.sessions.AbstractSession.executeQuery(AbstractSession.java:1830)
	at org.eclipse.persistence.internal.sessions.CommitManager.commitNewObjectsForClassWithChangeSet(CommitManager.java:229)
	at org.eclipse.persistence.internal.sessions.CommitManager.commitAllObjectsForClassWithChangeSet(CommitManager.java:196)
	at org.eclipse.persistence.internal.sessions.CommitManager.commitAllObjectsWithChangeSet(CommitManager.java:141)
	at org.eclipse.persistence.internal.sessions.AbstractSession.writeAllObjectsWithChangeSet(AbstractSession.java:4398)
	at org.eclipse.persistence.internal.sessions.UnitOfWorkImpl.commitToDatabase(UnitOfWorkImpl.java:1495)
	at org.eclipse.persistence.internal.sessions.UnitOfWorkImpl.commitToDatabaseWithChangeSet(UnitOfWorkImpl.java:1585)
	at org.eclipse.persistence.internal.sessions.RepeatableWriteUnitOfWork.commitRootUnitOfWork(RepeatableWriteUnitOfWork.java:280)
	at org.eclipse.persistence.internal.sessions.UnitOfWorkImpl.commitAndResume(UnitOfWorkImpl.java:1222)
	at org.eclipse.persistence.internal.jpa.transaction.EntityTransactionImpl.commit(EntityTransactionImpl.java:136)
	... 45 more
Caused by: org.h2.jdbc.JdbcSQLIntegrityConstraintViolationException: La columna &quot;DIRECCION&quot; no permite valores nulos (NULL)
NULL not allowed for column &quot;DIRECCION&quot;; SQL statement:
INSERT INTO CLIENTE (ID, CIUDAD, CODIGOPOSTAL, DIRECCION, ESTADO, FECHAALTA, FECHABAJA, IDENTIFICACION, PAIS, TIPOCLIENTE, USER_USER, DTYPE) VALUES (?, ?, ?, ?, ?, ?, ?, ?, ?, ?, ?, ?) [23502-200]
	at org.h2.message.DbException.getJdbcSQLException(DbException.java:459)
	at org.h2.message.DbException.getJdbcSQLException(DbException.java:429)
	at org.h2.message.DbException.get(DbException.java:205)
	at org.h2.message.DbException.get(DbException.java:181)
	at org.h2.table.Column.validateConvertUpdateSequence(Column.java:374)
	at org.h2.table.Table.validateConvertUpdateSequence(Table.java:845)
	at org.h2.command.dml.Insert.insertRows(Insert.java:187)
	at org.h2.command.dml.Insert.update(Insert.java:151)
	at org.h2.command.CommandContainer.update(CommandContainer.java:198)
	at org.h2.command.Command.executeUpdate(Command.java:251)
	at org.h2.jdbc.JdbcPreparedStatement.executeUpdateInternal(JdbcPreparedStatement.java:191)
	at org.h2.jdbc.JdbcPreparedStatement.executeUpdate(JdbcPreparedStatement.java:152)
	at org.eclipse.persistence.internal.databaseaccess.DatabaseAccessor.executeDirectNoSelect(DatabaseAccessor.java:898)
	... 76 more
</error>
    <system-out>[EL Warning]: 2022-04-28 17:23:38.23--UnitOfWork(611034369)--Exception [EclipseLink-4002] (Eclipse Persistence Services - 2.7.6.v20200131-b7c997804f): org.eclipse.persistence.exceptions.DatabaseException
Internal Exception: org.h2.jdbc.JdbcSQLIntegrityConstraintViolationException: La columna &quot;DIRECCION&quot; no permite valores nulos (NULL)
NULL not allowed for column &quot;DIRECCION&quot;; SQL statement:
INSERT INTO CLIENTE (ID, CIUDAD, CODIGOPOSTAL, DIRECCION, ESTADO, FECHAALTA, FECHABAJA, IDENTIFICACION, PAIS, TIPOCLIENTE, USER_USER, DTYPE) VALUES (?, ?, ?, ?, ?, ?, ?, ?, ?, ?, ?, ?) [23502-200]
Error Code: 23502
Call: INSERT INTO CLIENTE (ID, CIUDAD, CODIGOPOSTAL, DIRECCION, ESTADO, FECHAALTA, FECHABAJA, IDENTIFICACION, PAIS, TIPOCLIENTE, USER_USER, DTYPE) VALUES (?, ?, ?, ?, ?, ?, ?, ?, ?, ?, ?, ?)
	bind =&gt; [12 parameters bound]
Query: InsertObjectQuery(Cliente{
id=1
identificacion=Avenia Plutarco
tipoCliente=null
estado=Activo
fechaAlta=Thu Apr 28 17:23:38 CEST 2022
fechaBaja=null
direccion=null
ciudad=Malaga
codigopostal=29004
pais=Espana
cuentasFintech={[]}}Empresa{
razon_social=UMA})
</system-out>
  </testcase>
  <testcase classname="ma3s.fintech.test.Clientes" name="testDarAltaEmpresaClienteYaExistente" time="0.034">
    <error message="Exception [EclipseLink-4002] (Eclipse Persistence Services - 2.7.6.v20200131-b7c997804f): org.eclipse.persistence.exceptions.DatabaseException
Internal Exception: org.h2.jdbc.JdbcSQLIntegrityConstraintViolationException: La columna &quot;DIRECCION&quot; no permite valores nulos (NULL)
NULL not allowed for column &quot;DIRECCION&quot;; SQL statement:
INSERT INTO CLIENTE (ID, CIUDAD, CODIGOPOSTAL, DIRECCION, ESTADO, FECHAALTA, FECHABAJA, IDENTIFICACION, PAIS, TIPOCLIENTE, USER_USER, DTYPE) VALUES (?, ?, ?, ?, ?, ?, ?, ?, ?, ?, ?, ?) [23502-200]
Error Code: 23502
Call: INSERT INTO CLIENTE (ID, CIUDAD, CODIGOPOSTAL, DIRECCION, ESTADO, FECHAALTA, FECHABAJA, IDENTIFICACION, PAIS, TIPOCLIENTE, USER_USER, DTYPE) VALUES (?, ?, ?, ?, ?, ?, ?, ?, ?, ?, ?, ?)
	bind =&gt; [12 parameters bound]
Query: InsertObjectQuery(Cliente{
id=1
identificacion=Avenia Plutarco
tipoCliente=null
estado=Activo
fechaAlta=Thu Apr 28 17:23:38 CEST 2022
fechaBaja=null
direccion=null
ciudad=Malaga
codigopostal=29004
pais=Espana
cuentasFintech={[]}}Empresa{
razon_social=UMA})" type="javax.persistence.RollbackException">javax.persistence.RollbackException: Exception [EclipseLink-4002] (Eclipse Persistence Services - 2.7.6.v20200131-b7c997804f): org.eclipse.persistence.exceptions.DatabaseException
Internal Exception: org.h2.jdbc.JdbcSQLIntegrityConstraintViolationException: La columna &quot;DIRECCION&quot; no permite valores nulos (NULL)
NULL not allowed for column &quot;DIRECCION&quot;; SQL statement:
INSERT INTO CLIENTE (ID, CIUDAD, CODIGOPOSTAL, DIRECCION, ESTADO, FECHAALTA, FECHABAJA, IDENTIFICACION, PAIS, TIPOCLIENTE, USER_USER, DTYPE) VALUES (?, ?, ?, ?, ?, ?, ?, ?, ?, ?, ?, ?) [23502-200]
Error Code: 23502
Call: INSERT INTO CLIENTE (ID, CIUDAD, CODIGOPOSTAL, DIRECCION, ESTADO, FECHAALTA, FECHABAJA, IDENTIFICACION, PAIS, TIPOCLIENTE, USER_USER, DTYPE) VALUES (?, ?, ?, ?, ?, ?, ?, ?, ?, ?, ?, ?)
	bind =&gt; [12 parameters bound]
Query: InsertObjectQuery(Cliente{
id=1
identificacion=Avenia Plutarco
tipoCliente=null
estado=Activo
fechaAlta=Thu Apr 28 17:23:38 CEST 2022
fechaBaja=null
direccion=null
ciudad=Malaga
codigopostal=29004
pais=Espana
cuentasFintech={[]}}Empresa{
razon_social=UMA})
	at org.eclipse.persistence.internal.jpa.transaction.EntityTransactionImpl.commit(EntityTransactionImpl.java:161)
	at ma3s.fintech.test.BaseDatos.inicializaBaseDatos(BaseDatos.java:229)
	at ma3s.fintech.test.Clientes.setup(Clientes.java:31)
	at sun.reflect.GeneratedMethodAccessor24.invoke(Unknown Source)
	at sun.reflect.DelegatingMethodAccessorImpl.invoke(DelegatingMethodAccessorImpl.java:43)
	at java.lang.reflect.Method.invoke(Method.java:498)
	at org.junit.runners.model.FrameworkMethod$1.runReflectiveCall(FrameworkMethod.java:59)
	at org.junit.internal.runners.model.ReflectiveCallable.run(ReflectiveCallable.java:12)
	at org.junit.runners.model.FrameworkMethod.invokeExplosively(FrameworkMethod.java:56)
	at org.junit.internal.runners.statements.RunBefores.invokeMethod(RunBefores.java:33)
	at org.junit.internal.runners.statements.RunBefores.evaluate(RunBefores.java:24)
	at org.junit.runners.ParentRunner$3.evaluate(ParentRunner.java:306)
	at org.junit.runners.BlockJUnit4ClassRunner$1.evaluate(BlockJUnit4ClassRunner.java:100)
	at org.junit.runners.ParentRunner.runLeaf(ParentRunner.java:366)
	at org.junit.runners.BlockJUnit4ClassRunner.runChild(BlockJUnit4ClassRunner.java:103)
	at org.junit.runners.BlockJUnit4ClassRunner.runChild(BlockJUnit4ClassRunner.java:63)
	at org.junit.runners.ParentRunner$4.run(ParentRunner.java:331)
	at org.junit.runners.ParentRunner$1.schedule(ParentRunner.java:79)
	at org.junit.runners.ParentRunner.runChildren(ParentRunner.java:329)
	at org.junit.runners.ParentRunner.access$100(ParentRunner.java:66)
	at org.junit.runners.ParentRunner$2.evaluate(ParentRunner.java:293)
	at org.junit.runners.ParentRunner$3.evaluate(ParentRunner.java:306)
	at org.junit.runners.ParentRunner.run(ParentRunner.java:413)
	at org.junit.runners.Suite.runChild(Suite.java:128)
	at org.junit.runners.Suite.runChild(Suite.java:27)
	at org.junit.runners.ParentRunner$4.run(ParentRunner.java:331)
	at org.junit.runners.ParentRunner$1.schedule(ParentRunner.java:79)
	at org.junit.runners.ParentRunner.runChildren(ParentRunner.java:329)
	at org.junit.runners.ParentRunner.access$100(ParentRunner.java:66)
	at org.junit.runners.ParentRunner$2.evaluate(ParentRunner.java:293)
	at org.junit.internal.runners.statements.RunBefores.evaluate(RunBefores.java:26)
	at org.junit.internal.runners.statements.RunAfters.evaluate(RunAfters.java:27)
	at org.junit.runners.ParentRunner$3.evaluate(ParentRunner.java:306)
	at org.junit.runners.ParentRunner.run(ParentRunner.java:413)
	at org.apache.maven.surefire.junit4.JUnit4Provider.execute(JUnit4Provider.java:252)
	at org.apache.maven.surefire.junit4.JUnit4Provider.executeTestSet(JUnit4Provider.java:141)
	at org.apache.maven.surefire.junit4.JUnit4Provider.invoke(JUnit4Provider.java:112)
	at sun.reflect.NativeMethodAccessorImpl.invoke0(Native Method)
	at sun.reflect.NativeMethodAccessorImpl.invoke(NativeMethodAccessorImpl.java:62)
	at sun.reflect.DelegatingMethodAccessorImpl.invoke(DelegatingMethodAccessorImpl.java:43)
	at java.lang.reflect.Method.invoke(Method.java:498)
	at org.apache.maven.surefire.util.ReflectionUtils.invokeMethodWithArray(ReflectionUtils.java:189)
	at org.apache.maven.surefire.booter.ProviderFactory$ProviderProxy.invoke(ProviderFactory.java:165)
	at org.apache.maven.surefire.booter.ProviderFactory.invokeProvider(ProviderFactory.java:85)
	at org.apache.maven.surefire.booter.ForkedBooter.runSuitesInProcess(ForkedBooter.java:115)
	at org.apache.maven.surefire.booter.ForkedBooter.main(ForkedBooter.java:75)
Caused by: Exception [EclipseLink-4002] (Eclipse Persistence Services - 2.7.6.v20200131-b7c997804f): org.eclipse.persistence.exceptions.DatabaseException
Internal Exception: org.h2.jdbc.JdbcSQLIntegrityConstraintViolationException: La columna &quot;DIRECCION&quot; no permite valores nulos (NULL)
NULL not allowed for column &quot;DIRECCION&quot;; SQL statement:
INSERT INTO CLIENTE (ID, CIUDAD, CODIGOPOSTAL, DIRECCION, ESTADO, FECHAALTA, FECHABAJA, IDENTIFICACION, PAIS, TIPOCLIENTE, USER_USER, DTYPE) VALUES (?, ?, ?, ?, ?, ?, ?, ?, ?, ?, ?, ?) [23502-200]
Error Code: 23502
Call: INSERT INTO CLIENTE (ID, CIUDAD, CODIGOPOSTAL, DIRECCION, ESTADO, FECHAALTA, FECHABAJA, IDENTIFICACION, PAIS, TIPOCLIENTE, USER_USER, DTYPE) VALUES (?, ?, ?, ?, ?, ?, ?, ?, ?, ?, ?, ?)
	bind =&gt; [12 parameters bound]
Query: InsertObjectQuery(Cliente{
id=1
identificacion=Avenia Plutarco
tipoCliente=null
estado=Activo
fechaAlta=Thu Apr 28 17:23:38 CEST 2022
fechaBaja=null
direccion=null
ciudad=Malaga
codigopostal=29004
pais=Espana
cuentasFintech={[]}}Empresa{
razon_social=UMA})
	at org.eclipse.persistence.exceptions.DatabaseException.sqlException(DatabaseException.java:333)
	at org.eclipse.persistence.internal.databaseaccess.DatabaseAccessor.executeDirectNoSelect(DatabaseAccessor.java:908)
	at org.eclipse.persistence.internal.databaseaccess.DatabaseAccessor.executeNoSelect(DatabaseAccessor.java:970)
	at org.eclipse.persistence.internal.databaseaccess.DatabaseAccessor.basicExecuteCall(DatabaseAccessor.java:640)
	at org.eclipse.persistence.internal.databaseaccess.DatabaseAccessor.executeCall(DatabaseAccessor.java:567)
	at org.eclipse.persistence.internal.sessions.AbstractSession.basicExecuteCall(AbstractSession.java:2099)
	at org.eclipse.persistence.sessions.server.ClientSession.executeCall(ClientSession.java:313)
	at org.eclipse.persistence.internal.queries.DatasourceCallQueryMechanism.executeCall(DatasourceCallQueryMechanism.java:275)
	at org.eclipse.persistence.internal.queries.DatasourceCallQueryMechanism.insertObject(DatasourceCallQueryMechanism.java:397)
	at org.eclipse.persistence.internal.queries.StatementQueryMechanism.insertObject(StatementQueryMechanism.java:167)
	at org.eclipse.persistence.internal.queries.StatementQueryMechanism.insertObject(StatementQueryMechanism.java:182)
	at org.eclipse.persistence.internal.queries.DatabaseQueryMechanism.insertObjectForWrite(DatabaseQueryMechanism.java:504)
	at org.eclipse.persistence.queries.InsertObjectQuery.executeCommit(InsertObjectQuery.java:82)
	at org.eclipse.persistence.queries.InsertObjectQuery.executeCommitWithChangeSet(InsertObjectQuery.java:92)
	at org.eclipse.persistence.internal.queries.DatabaseQueryMechanism.executeWriteWithChangeSet(DatabaseQueryMechanism.java:316)
	at org.eclipse.persistence.queries.WriteObjectQuery.executeDatabaseQuery(WriteObjectQuery.java:60)
	at org.eclipse.persistence.queries.DatabaseQuery.execute(DatabaseQuery.java:911)
	at org.eclipse.persistence.queries.DatabaseQuery.executeInUnitOfWork(DatabaseQuery.java:810)
	at org.eclipse.persistence.queries.ObjectLevelModifyQuery.executeInUnitOfWorkObjectLevelModifyQuery(ObjectLevelModifyQuery.java:110)
	at org.eclipse.persistence.queries.ObjectLevelModifyQuery.executeInUnitOfWork(ObjectLevelModifyQuery.java:87)
	at org.eclipse.persistence.internal.sessions.UnitOfWorkImpl.internalExecuteQuery(UnitOfWorkImpl.java:2983)
	at org.eclipse.persistence.internal.sessions.AbstractSession.executeQuery(AbstractSession.java:1898)
	at org.eclipse.persistence.internal.sessions.AbstractSession.executeQuery(AbstractSession.java:1880)
	at org.eclipse.persistence.internal.sessions.AbstractSession.executeQuery(AbstractSession.java:1830)
	at org.eclipse.persistence.internal.sessions.CommitManager.commitNewObjectsForClassWithChangeSet(CommitManager.java:229)
	at org.eclipse.persistence.internal.sessions.CommitManager.commitAllObjectsForClassWithChangeSet(CommitManager.java:196)
	at org.eclipse.persistence.internal.sessions.CommitManager.commitAllObjectsWithChangeSet(CommitManager.java:141)
	at org.eclipse.persistence.internal.sessions.AbstractSession.writeAllObjectsWithChangeSet(AbstractSession.java:4398)
	at org.eclipse.persistence.internal.sessions.UnitOfWorkImpl.commitToDatabase(UnitOfWorkImpl.java:1495)
	at org.eclipse.persistence.internal.sessions.UnitOfWorkImpl.commitToDatabaseWithChangeSet(UnitOfWorkImpl.java:1585)
	at org.eclipse.persistence.internal.sessions.RepeatableWriteUnitOfWork.commitRootUnitOfWork(RepeatableWriteUnitOfWork.java:280)
	at org.eclipse.persistence.internal.sessions.UnitOfWorkImpl.commitAndResume(UnitOfWorkImpl.java:1222)
	at org.eclipse.persistence.internal.jpa.transaction.EntityTransactionImpl.commit(EntityTransactionImpl.java:136)
	... 45 more
Caused by: org.h2.jdbc.JdbcSQLIntegrityConstraintViolationException: La columna &quot;DIRECCION&quot; no permite valores nulos (NULL)
NULL not allowed for column &quot;DIRECCION&quot;; SQL statement:
INSERT INTO CLIENTE (ID, CIUDAD, CODIGOPOSTAL, DIRECCION, ESTADO, FECHAALTA, FECHABAJA, IDENTIFICACION, PAIS, TIPOCLIENTE, USER_USER, DTYPE) VALUES (?, ?, ?, ?, ?, ?, ?, ?, ?, ?, ?, ?) [23502-200]
	at org.h2.message.DbException.getJdbcSQLException(DbException.java:459)
	at org.h2.message.DbException.getJdbcSQLException(DbException.java:429)
	at org.h2.message.DbException.get(DbException.java:205)
	at org.h2.message.DbException.get(DbException.java:181)
	at org.h2.table.Column.validateConvertUpdateSequence(Column.java:374)
	at org.h2.table.Table.validateConvertUpdateSequence(Table.java:845)
	at org.h2.command.dml.Insert.insertRows(Insert.java:187)
	at org.h2.command.dml.Insert.update(Insert.java:151)
	at org.h2.command.CommandContainer.update(CommandContainer.java:198)
	at org.h2.command.Command.executeUpdate(Command.java:251)
	at org.h2.jdbc.JdbcPreparedStatement.executeUpdateInternal(JdbcPreparedStatement.java:191)
	at org.h2.jdbc.JdbcPreparedStatement.executeUpdate(JdbcPreparedStatement.java:152)
	at org.eclipse.persistence.internal.databaseaccess.DatabaseAccessor.executeDirectNoSelect(DatabaseAccessor.java:898)
	... 76 more
</error>
    <system-out>[EL Warning]: 2022-04-28 17:23:38.264--UnitOfWork(727219470)--Exception [EclipseLink-4002] (Eclipse Persistence Services - 2.7.6.v20200131-b7c997804f): org.eclipse.persistence.exceptions.DatabaseException
Internal Exception: org.h2.jdbc.JdbcSQLIntegrityConstraintViolationException: La columna &quot;DIRECCION&quot; no permite valores nulos (NULL)
NULL not allowed for column &quot;DIRECCION&quot;; SQL statement:
INSERT INTO CLIENTE (ID, CIUDAD, CODIGOPOSTAL, DIRECCION, ESTADO, FECHAALTA, FECHABAJA, IDENTIFICACION, PAIS, TIPOCLIENTE, USER_USER, DTYPE) VALUES (?, ?, ?, ?, ?, ?, ?, ?, ?, ?, ?, ?) [23502-200]
Error Code: 23502
Call: INSERT INTO CLIENTE (ID, CIUDAD, CODIGOPOSTAL, DIRECCION, ESTADO, FECHAALTA, FECHABAJA, IDENTIFICACION, PAIS, TIPOCLIENTE, USER_USER, DTYPE) VALUES (?, ?, ?, ?, ?, ?, ?, ?, ?, ?, ?, ?)
	bind =&gt; [12 parameters bound]
Query: InsertObjectQuery(Cliente{
id=1
identificacion=Avenia Plutarco
tipoCliente=null
estado=Activo
fechaAlta=Thu Apr 28 17:23:38 CEST 2022
fechaBaja=null
direccion=null
ciudad=Malaga
codigopostal=29004
pais=Espana
cuentasFintech={[]}}Empresa{
razon_social=UMA})
</system-out>
  </testcase>
  <testcase classname="ma3s.fintech.test.Clientes" name="testModPaisEmpresaCampoVacio" time="0.042">
    <error message="Exception [EclipseLink-4002] (Eclipse Persistence Services - 2.7.6.v20200131-b7c997804f): org.eclipse.persistence.exceptions.DatabaseException
Internal Exception: org.h2.jdbc.JdbcSQLIntegrityConstraintViolationException: La columna &quot;DIRECCION&quot; no permite valores nulos (NULL)
NULL not allowed for column &quot;DIRECCION&quot;; SQL statement:
INSERT INTO CLIENTE (ID, CIUDAD, CODIGOPOSTAL, DIRECCION, ESTADO, FECHAALTA, FECHABAJA, IDENTIFICACION, PAIS, TIPOCLIENTE, USER_USER, DTYPE) VALUES (?, ?, ?, ?, ?, ?, ?, ?, ?, ?, ?, ?) [23502-200]
Error Code: 23502
Call: INSERT INTO CLIENTE (ID, CIUDAD, CODIGOPOSTAL, DIRECCION, ESTADO, FECHAALTA, FECHABAJA, IDENTIFICACION, PAIS, TIPOCLIENTE, USER_USER, DTYPE) VALUES (?, ?, ?, ?, ?, ?, ?, ?, ?, ?, ?, ?)
	bind =&gt; [12 parameters bound]
Query: InsertObjectQuery(Cliente{
id=1
identificacion=Avenia Plutarco
tipoCliente=null
estado=Activo
fechaAlta=Thu Apr 28 17:23:38 CEST 2022
fechaBaja=null
direccion=null
ciudad=Malaga
codigopostal=29004
pais=Espana
cuentasFintech={[]}}Empresa{
razon_social=UMA})" type="javax.persistence.RollbackException">javax.persistence.RollbackException: Exception [EclipseLink-4002] (Eclipse Persistence Services - 2.7.6.v20200131-b7c997804f): org.eclipse.persistence.exceptions.DatabaseException
Internal Exception: org.h2.jdbc.JdbcSQLIntegrityConstraintViolationException: La columna &quot;DIRECCION&quot; no permite valores nulos (NULL)
NULL not allowed for column &quot;DIRECCION&quot;; SQL statement:
INSERT INTO CLIENTE (ID, CIUDAD, CODIGOPOSTAL, DIRECCION, ESTADO, FECHAALTA, FECHABAJA, IDENTIFICACION, PAIS, TIPOCLIENTE, USER_USER, DTYPE) VALUES (?, ?, ?, ?, ?, ?, ?, ?, ?, ?, ?, ?) [23502-200]
Error Code: 23502
Call: INSERT INTO CLIENTE (ID, CIUDAD, CODIGOPOSTAL, DIRECCION, ESTADO, FECHAALTA, FECHABAJA, IDENTIFICACION, PAIS, TIPOCLIENTE, USER_USER, DTYPE) VALUES (?, ?, ?, ?, ?, ?, ?, ?, ?, ?, ?, ?)
	bind =&gt; [12 parameters bound]
Query: InsertObjectQuery(Cliente{
id=1
identificacion=Avenia Plutarco
tipoCliente=null
estado=Activo
fechaAlta=Thu Apr 28 17:23:38 CEST 2022
fechaBaja=null
direccion=null
ciudad=Malaga
codigopostal=29004
pais=Espana
cuentasFintech={[]}}Empresa{
razon_social=UMA})
	at org.eclipse.persistence.internal.jpa.transaction.EntityTransactionImpl.commit(EntityTransactionImpl.java:161)
	at ma3s.fintech.test.BaseDatos.inicializaBaseDatos(BaseDatos.java:229)
	at ma3s.fintech.test.Clientes.setup(Clientes.java:31)
	at sun.reflect.GeneratedMethodAccessor24.invoke(Unknown Source)
	at sun.reflect.DelegatingMethodAccessorImpl.invoke(DelegatingMethodAccessorImpl.java:43)
	at java.lang.reflect.Method.invoke(Method.java:498)
	at org.junit.runners.model.FrameworkMethod$1.runReflectiveCall(FrameworkMethod.java:59)
	at org.junit.internal.runners.model.ReflectiveCallable.run(ReflectiveCallable.java:12)
	at org.junit.runners.model.FrameworkMethod.invokeExplosively(FrameworkMethod.java:56)
	at org.junit.internal.runners.statements.RunBefores.invokeMethod(RunBefores.java:33)
	at org.junit.internal.runners.statements.RunBefores.evaluate(RunBefores.java:24)
	at org.junit.runners.ParentRunner$3.evaluate(ParentRunner.java:306)
	at org.junit.runners.BlockJUnit4ClassRunner$1.evaluate(BlockJUnit4ClassRunner.java:100)
	at org.junit.runners.ParentRunner.runLeaf(ParentRunner.java:366)
	at org.junit.runners.BlockJUnit4ClassRunner.runChild(BlockJUnit4ClassRunner.java:103)
	at org.junit.runners.BlockJUnit4ClassRunner.runChild(BlockJUnit4ClassRunner.java:63)
	at org.junit.runners.ParentRunner$4.run(ParentRunner.java:331)
	at org.junit.runners.ParentRunner$1.schedule(ParentRunner.java:79)
	at org.junit.runners.ParentRunner.runChildren(ParentRunner.java:329)
	at org.junit.runners.ParentRunner.access$100(ParentRunner.java:66)
	at org.junit.runners.ParentRunner$2.evaluate(ParentRunner.java:293)
	at org.junit.runners.ParentRunner$3.evaluate(ParentRunner.java:306)
	at org.junit.runners.ParentRunner.run(ParentRunner.java:413)
	at org.junit.runners.Suite.runChild(Suite.java:128)
	at org.junit.runners.Suite.runChild(Suite.java:27)
	at org.junit.runners.ParentRunner$4.run(ParentRunner.java:331)
	at org.junit.runners.ParentRunner$1.schedule(ParentRunner.java:79)
	at org.junit.runners.ParentRunner.runChildren(ParentRunner.java:329)
	at org.junit.runners.ParentRunner.access$100(ParentRunner.java:66)
	at org.junit.runners.ParentRunner$2.evaluate(ParentRunner.java:293)
	at org.junit.internal.runners.statements.RunBefores.evaluate(RunBefores.java:26)
	at org.junit.internal.runners.statements.RunAfters.evaluate(RunAfters.java:27)
	at org.junit.runners.ParentRunner$3.evaluate(ParentRunner.java:306)
	at org.junit.runners.ParentRunner.run(ParentRunner.java:413)
	at org.apache.maven.surefire.junit4.JUnit4Provider.execute(JUnit4Provider.java:252)
	at org.apache.maven.surefire.junit4.JUnit4Provider.executeTestSet(JUnit4Provider.java:141)
	at org.apache.maven.surefire.junit4.JUnit4Provider.invoke(JUnit4Provider.java:112)
	at sun.reflect.NativeMethodAccessorImpl.invoke0(Native Method)
	at sun.reflect.NativeMethodAccessorImpl.invoke(NativeMethodAccessorImpl.java:62)
	at sun.reflect.DelegatingMethodAccessorImpl.invoke(DelegatingMethodAccessorImpl.java:43)
	at java.lang.reflect.Method.invoke(Method.java:498)
	at org.apache.maven.surefire.util.ReflectionUtils.invokeMethodWithArray(ReflectionUtils.java:189)
	at org.apache.maven.surefire.booter.ProviderFactory$ProviderProxy.invoke(ProviderFactory.java:165)
	at org.apache.maven.surefire.booter.ProviderFactory.invokeProvider(ProviderFactory.java:85)
	at org.apache.maven.surefire.booter.ForkedBooter.runSuitesInProcess(ForkedBooter.java:115)
	at org.apache.maven.surefire.booter.ForkedBooter.main(ForkedBooter.java:75)
Caused by: Exception [EclipseLink-4002] (Eclipse Persistence Services - 2.7.6.v20200131-b7c997804f): org.eclipse.persistence.exceptions.DatabaseException
Internal Exception: org.h2.jdbc.JdbcSQLIntegrityConstraintViolationException: La columna &quot;DIRECCION&quot; no permite valores nulos (NULL)
NULL not allowed for column &quot;DIRECCION&quot;; SQL statement:
INSERT INTO CLIENTE (ID, CIUDAD, CODIGOPOSTAL, DIRECCION, ESTADO, FECHAALTA, FECHABAJA, IDENTIFICACION, PAIS, TIPOCLIENTE, USER_USER, DTYPE) VALUES (?, ?, ?, ?, ?, ?, ?, ?, ?, ?, ?, ?) [23502-200]
Error Code: 23502
Call: INSERT INTO CLIENTE (ID, CIUDAD, CODIGOPOSTAL, DIRECCION, ESTADO, FECHAALTA, FECHABAJA, IDENTIFICACION, PAIS, TIPOCLIENTE, USER_USER, DTYPE) VALUES (?, ?, ?, ?, ?, ?, ?, ?, ?, ?, ?, ?)
	bind =&gt; [12 parameters bound]
Query: InsertObjectQuery(Cliente{
id=1
identificacion=Avenia Plutarco
tipoCliente=null
estado=Activo
fechaAlta=Thu Apr 28 17:23:38 CEST 2022
fechaBaja=null
direccion=null
ciudad=Malaga
codigopostal=29004
pais=Espana
cuentasFintech={[]}}Empresa{
razon_social=UMA})
	at org.eclipse.persistence.exceptions.DatabaseException.sqlException(DatabaseException.java:333)
	at org.eclipse.persistence.internal.databaseaccess.DatabaseAccessor.executeDirectNoSelect(DatabaseAccessor.java:908)
	at org.eclipse.persistence.internal.databaseaccess.DatabaseAccessor.executeNoSelect(DatabaseAccessor.java:970)
	at org.eclipse.persistence.internal.databaseaccess.DatabaseAccessor.basicExecuteCall(DatabaseAccessor.java:640)
	at org.eclipse.persistence.internal.databaseaccess.DatabaseAccessor.executeCall(DatabaseAccessor.java:567)
	at org.eclipse.persistence.internal.sessions.AbstractSession.basicExecuteCall(AbstractSession.java:2099)
	at org.eclipse.persistence.sessions.server.ClientSession.executeCall(ClientSession.java:313)
	at org.eclipse.persistence.internal.queries.DatasourceCallQueryMechanism.executeCall(DatasourceCallQueryMechanism.java:275)
	at org.eclipse.persistence.internal.queries.DatasourceCallQueryMechanism.insertObject(DatasourceCallQueryMechanism.java:397)
	at org.eclipse.persistence.internal.queries.StatementQueryMechanism.insertObject(StatementQueryMechanism.java:167)
	at org.eclipse.persistence.internal.queries.StatementQueryMechanism.insertObject(StatementQueryMechanism.java:182)
	at org.eclipse.persistence.internal.queries.DatabaseQueryMechanism.insertObjectForWrite(DatabaseQueryMechanism.java:504)
	at org.eclipse.persistence.queries.InsertObjectQuery.executeCommit(InsertObjectQuery.java:82)
	at org.eclipse.persistence.queries.InsertObjectQuery.executeCommitWithChangeSet(InsertObjectQuery.java:92)
	at org.eclipse.persistence.internal.queries.DatabaseQueryMechanism.executeWriteWithChangeSet(DatabaseQueryMechanism.java:316)
	at org.eclipse.persistence.queries.WriteObjectQuery.executeDatabaseQuery(WriteObjectQuery.java:60)
	at org.eclipse.persistence.queries.DatabaseQuery.execute(DatabaseQuery.java:911)
	at org.eclipse.persistence.queries.DatabaseQuery.executeInUnitOfWork(DatabaseQuery.java:810)
	at org.eclipse.persistence.queries.ObjectLevelModifyQuery.executeInUnitOfWorkObjectLevelModifyQuery(ObjectLevelModifyQuery.java:110)
	at org.eclipse.persistence.queries.ObjectLevelModifyQuery.executeInUnitOfWork(ObjectLevelModifyQuery.java:87)
	at org.eclipse.persistence.internal.sessions.UnitOfWorkImpl.internalExecuteQuery(UnitOfWorkImpl.java:2983)
	at org.eclipse.persistence.internal.sessions.AbstractSession.executeQuery(AbstractSession.java:1898)
	at org.eclipse.persistence.internal.sessions.AbstractSession.executeQuery(AbstractSession.java:1880)
	at org.eclipse.persistence.internal.sessions.AbstractSession.executeQuery(AbstractSession.java:1830)
	at org.eclipse.persistence.internal.sessions.CommitManager.commitNewObjectsForClassWithChangeSet(CommitManager.java:229)
	at org.eclipse.persistence.internal.sessions.CommitManager.commitAllObjectsForClassWithChangeSet(CommitManager.java:196)
	at org.eclipse.persistence.internal.sessions.CommitManager.commitAllObjectsWithChangeSet(CommitManager.java:141)
	at org.eclipse.persistence.internal.sessions.AbstractSession.writeAllObjectsWithChangeSet(AbstractSession.java:4398)
	at org.eclipse.persistence.internal.sessions.UnitOfWorkImpl.commitToDatabase(UnitOfWorkImpl.java:1495)
	at org.eclipse.persistence.internal.sessions.UnitOfWorkImpl.commitToDatabaseWithChangeSet(UnitOfWorkImpl.java:1585)
	at org.eclipse.persistence.internal.sessions.RepeatableWriteUnitOfWork.commitRootUnitOfWork(RepeatableWriteUnitOfWork.java:280)
	at org.eclipse.persistence.internal.sessions.UnitOfWorkImpl.commitAndResume(UnitOfWorkImpl.java:1222)
	at org.eclipse.persistence.internal.jpa.transaction.EntityTransactionImpl.commit(EntityTransactionImpl.java:136)
	... 45 more
Caused by: org.h2.jdbc.JdbcSQLIntegrityConstraintViolationException: La columna &quot;DIRECCION&quot; no permite valores nulos (NULL)
NULL not allowed for column &quot;DIRECCION&quot;; SQL statement:
INSERT INTO CLIENTE (ID, CIUDAD, CODIGOPOSTAL, DIRECCION, ESTADO, FECHAALTA, FECHABAJA, IDENTIFICACION, PAIS, TIPOCLIENTE, USER_USER, DTYPE) VALUES (?, ?, ?, ?, ?, ?, ?, ?, ?, ?, ?, ?) [23502-200]
	at org.h2.message.DbException.getJdbcSQLException(DbException.java:459)
	at org.h2.message.DbException.getJdbcSQLException(DbException.java:429)
	at org.h2.message.DbException.get(DbException.java:205)
	at org.h2.message.DbException.get(DbException.java:181)
	at org.h2.table.Column.validateConvertUpdateSequence(Column.java:374)
	at org.h2.table.Table.validateConvertUpdateSequence(Table.java:845)
	at org.h2.command.dml.Insert.insertRows(Insert.java:187)
	at org.h2.command.dml.Insert.update(Insert.java:151)
	at org.h2.command.CommandContainer.update(CommandContainer.java:198)
	at org.h2.command.Command.executeUpdate(Command.java:251)
	at org.h2.jdbc.JdbcPreparedStatement.executeUpdateInternal(JdbcPreparedStatement.java:191)
	at org.h2.jdbc.JdbcPreparedStatement.executeUpdate(JdbcPreparedStatement.java:152)
	at org.eclipse.persistence.internal.databaseaccess.DatabaseAccessor.executeDirectNoSelect(DatabaseAccessor.java:898)
	... 76 more
</error>
    <system-out>[EL Warning]: 2022-04-28 17:23:38.307--UnitOfWork(749888515)--Exception [EclipseLink-4002] (Eclipse Persistence Services - 2.7.6.v20200131-b7c997804f): org.eclipse.persistence.exceptions.DatabaseException
Internal Exception: org.h2.jdbc.JdbcSQLIntegrityConstraintViolationException: La columna &quot;DIRECCION&quot; no permite valores nulos (NULL)
NULL not allowed for column &quot;DIRECCION&quot;; SQL statement:
INSERT INTO CLIENTE (ID, CIUDAD, CODIGOPOSTAL, DIRECCION, ESTADO, FECHAALTA, FECHABAJA, IDENTIFICACION, PAIS, TIPOCLIENTE, USER_USER, DTYPE) VALUES (?, ?, ?, ?, ?, ?, ?, ?, ?, ?, ?, ?) [23502-200]
Error Code: 23502
Call: INSERT INTO CLIENTE (ID, CIUDAD, CODIGOPOSTAL, DIRECCION, ESTADO, FECHAALTA, FECHABAJA, IDENTIFICACION, PAIS, TIPOCLIENTE, USER_USER, DTYPE) VALUES (?, ?, ?, ?, ?, ?, ?, ?, ?, ?, ?, ?)
	bind =&gt; [12 parameters bound]
Query: InsertObjectQuery(Cliente{
id=1
identificacion=Avenia Plutarco
tipoCliente=null
estado=Activo
fechaAlta=Thu Apr 28 17:23:38 CEST 2022
fechaBaja=null
direccion=null
ciudad=Malaga
codigopostal=29004
pais=Espana
cuentasFintech={[]}}Empresa{
razon_social=UMA})
</system-out>
  </testcase>
  <testcase classname="ma3s.fintech.test.Clientes" name="testDarBajaClienteCampoVacio" time="0.032">
    <error message="Exception [EclipseLink-4002] (Eclipse Persistence Services - 2.7.6.v20200131-b7c997804f): org.eclipse.persistence.exceptions.DatabaseException
Internal Exception: org.h2.jdbc.JdbcSQLIntegrityConstraintViolationException: La columna &quot;DIRECCION&quot; no permite valores nulos (NULL)
NULL not allowed for column &quot;DIRECCION&quot;; SQL statement:
INSERT INTO CLIENTE (ID, CIUDAD, CODIGOPOSTAL, DIRECCION, ESTADO, FECHAALTA, FECHABAJA, IDENTIFICACION, PAIS, TIPOCLIENTE, USER_USER, DTYPE) VALUES (?, ?, ?, ?, ?, ?, ?, ?, ?, ?, ?, ?) [23502-200]
Error Code: 23502
Call: INSERT INTO CLIENTE (ID, CIUDAD, CODIGOPOSTAL, DIRECCION, ESTADO, FECHAALTA, FECHABAJA, IDENTIFICACION, PAIS, TIPOCLIENTE, USER_USER, DTYPE) VALUES (?, ?, ?, ?, ?, ?, ?, ?, ?, ?, ?, ?)
	bind =&gt; [12 parameters bound]
Query: InsertObjectQuery(Cliente{
id=1
identificacion=Avenia Plutarco
tipoCliente=null
estado=Activo
fechaAlta=Thu Apr 28 17:23:38 CEST 2022
fechaBaja=null
direccion=null
ciudad=Malaga
codigopostal=29004
pais=Espana
cuentasFintech={[]}}Empresa{
razon_social=UMA})" type="javax.persistence.RollbackException">javax.persistence.RollbackException: Exception [EclipseLink-4002] (Eclipse Persistence Services - 2.7.6.v20200131-b7c997804f): org.eclipse.persistence.exceptions.DatabaseException
Internal Exception: org.h2.jdbc.JdbcSQLIntegrityConstraintViolationException: La columna &quot;DIRECCION&quot; no permite valores nulos (NULL)
NULL not allowed for column &quot;DIRECCION&quot;; SQL statement:
INSERT INTO CLIENTE (ID, CIUDAD, CODIGOPOSTAL, DIRECCION, ESTADO, FECHAALTA, FECHABAJA, IDENTIFICACION, PAIS, TIPOCLIENTE, USER_USER, DTYPE) VALUES (?, ?, ?, ?, ?, ?, ?, ?, ?, ?, ?, ?) [23502-200]
Error Code: 23502
Call: INSERT INTO CLIENTE (ID, CIUDAD, CODIGOPOSTAL, DIRECCION, ESTADO, FECHAALTA, FECHABAJA, IDENTIFICACION, PAIS, TIPOCLIENTE, USER_USER, DTYPE) VALUES (?, ?, ?, ?, ?, ?, ?, ?, ?, ?, ?, ?)
	bind =&gt; [12 parameters bound]
Query: InsertObjectQuery(Cliente{
id=1
identificacion=Avenia Plutarco
tipoCliente=null
estado=Activo
fechaAlta=Thu Apr 28 17:23:38 CEST 2022
fechaBaja=null
direccion=null
ciudad=Malaga
codigopostal=29004
pais=Espana
cuentasFintech={[]}}Empresa{
razon_social=UMA})
	at org.eclipse.persistence.internal.jpa.transaction.EntityTransactionImpl.commit(EntityTransactionImpl.java:161)
	at ma3s.fintech.test.BaseDatos.inicializaBaseDatos(BaseDatos.java:229)
	at ma3s.fintech.test.Clientes.setup(Clientes.java:31)
	at sun.reflect.GeneratedMethodAccessor24.invoke(Unknown Source)
	at sun.reflect.DelegatingMethodAccessorImpl.invoke(DelegatingMethodAccessorImpl.java:43)
	at java.lang.reflect.Method.invoke(Method.java:498)
	at org.junit.runners.model.FrameworkMethod$1.runReflectiveCall(FrameworkMethod.java:59)
	at org.junit.internal.runners.model.ReflectiveCallable.run(ReflectiveCallable.java:12)
	at org.junit.runners.model.FrameworkMethod.invokeExplosively(FrameworkMethod.java:56)
	at org.junit.internal.runners.statements.RunBefores.invokeMethod(RunBefores.java:33)
	at org.junit.internal.runners.statements.RunBefores.evaluate(RunBefores.java:24)
	at org.junit.runners.ParentRunner$3.evaluate(ParentRunner.java:306)
	at org.junit.runners.BlockJUnit4ClassRunner$1.evaluate(BlockJUnit4ClassRunner.java:100)
	at org.junit.runners.ParentRunner.runLeaf(ParentRunner.java:366)
	at org.junit.runners.BlockJUnit4ClassRunner.runChild(BlockJUnit4ClassRunner.java:103)
	at org.junit.runners.BlockJUnit4ClassRunner.runChild(BlockJUnit4ClassRunner.java:63)
	at org.junit.runners.ParentRunner$4.run(ParentRunner.java:331)
	at org.junit.runners.ParentRunner$1.schedule(ParentRunner.java:79)
	at org.junit.runners.ParentRunner.runChildren(ParentRunner.java:329)
	at org.junit.runners.ParentRunner.access$100(ParentRunner.java:66)
	at org.junit.runners.ParentRunner$2.evaluate(ParentRunner.java:293)
	at org.junit.runners.ParentRunner$3.evaluate(ParentRunner.java:306)
	at org.junit.runners.ParentRunner.run(ParentRunner.java:413)
	at org.junit.runners.Suite.runChild(Suite.java:128)
	at org.junit.runners.Suite.runChild(Suite.java:27)
	at org.junit.runners.ParentRunner$4.run(ParentRunner.java:331)
	at org.junit.runners.ParentRunner$1.schedule(ParentRunner.java:79)
	at org.junit.runners.ParentRunner.runChildren(ParentRunner.java:329)
	at org.junit.runners.ParentRunner.access$100(ParentRunner.java:66)
	at org.junit.runners.ParentRunner$2.evaluate(ParentRunner.java:293)
	at org.junit.internal.runners.statements.RunBefores.evaluate(RunBefores.java:26)
	at org.junit.internal.runners.statements.RunAfters.evaluate(RunAfters.java:27)
	at org.junit.runners.ParentRunner$3.evaluate(ParentRunner.java:306)
	at org.junit.runners.ParentRunner.run(ParentRunner.java:413)
	at org.apache.maven.surefire.junit4.JUnit4Provider.execute(JUnit4Provider.java:252)
	at org.apache.maven.surefire.junit4.JUnit4Provider.executeTestSet(JUnit4Provider.java:141)
	at org.apache.maven.surefire.junit4.JUnit4Provider.invoke(JUnit4Provider.java:112)
	at sun.reflect.NativeMethodAccessorImpl.invoke0(Native Method)
	at sun.reflect.NativeMethodAccessorImpl.invoke(NativeMethodAccessorImpl.java:62)
	at sun.reflect.DelegatingMethodAccessorImpl.invoke(DelegatingMethodAccessorImpl.java:43)
	at java.lang.reflect.Method.invoke(Method.java:498)
	at org.apache.maven.surefire.util.ReflectionUtils.invokeMethodWithArray(ReflectionUtils.java:189)
	at org.apache.maven.surefire.booter.ProviderFactory$ProviderProxy.invoke(ProviderFactory.java:165)
	at org.apache.maven.surefire.booter.ProviderFactory.invokeProvider(ProviderFactory.java:85)
	at org.apache.maven.surefire.booter.ForkedBooter.runSuitesInProcess(ForkedBooter.java:115)
	at org.apache.maven.surefire.booter.ForkedBooter.main(ForkedBooter.java:75)
Caused by: Exception [EclipseLink-4002] (Eclipse Persistence Services - 2.7.6.v20200131-b7c997804f): org.eclipse.persistence.exceptions.DatabaseException
Internal Exception: org.h2.jdbc.JdbcSQLIntegrityConstraintViolationException: La columna &quot;DIRECCION&quot; no permite valores nulos (NULL)
NULL not allowed for column &quot;DIRECCION&quot;; SQL statement:
INSERT INTO CLIENTE (ID, CIUDAD, CODIGOPOSTAL, DIRECCION, ESTADO, FECHAALTA, FECHABAJA, IDENTIFICACION, PAIS, TIPOCLIENTE, USER_USER, DTYPE) VALUES (?, ?, ?, ?, ?, ?, ?, ?, ?, ?, ?, ?) [23502-200]
Error Code: 23502
Call: INSERT INTO CLIENTE (ID, CIUDAD, CODIGOPOSTAL, DIRECCION, ESTADO, FECHAALTA, FECHABAJA, IDENTIFICACION, PAIS, TIPOCLIENTE, USER_USER, DTYPE) VALUES (?, ?, ?, ?, ?, ?, ?, ?, ?, ?, ?, ?)
	bind =&gt; [12 parameters bound]
Query: InsertObjectQuery(Cliente{
id=1
identificacion=Avenia Plutarco
tipoCliente=null
estado=Activo
fechaAlta=Thu Apr 28 17:23:38 CEST 2022
fechaBaja=null
direccion=null
ciudad=Malaga
codigopostal=29004
pais=Espana
cuentasFintech={[]}}Empresa{
razon_social=UMA})
	at org.eclipse.persistence.exceptions.DatabaseException.sqlException(DatabaseException.java:333)
	at org.eclipse.persistence.internal.databaseaccess.DatabaseAccessor.executeDirectNoSelect(DatabaseAccessor.java:908)
	at org.eclipse.persistence.internal.databaseaccess.DatabaseAccessor.executeNoSelect(DatabaseAccessor.java:970)
	at org.eclipse.persistence.internal.databaseaccess.DatabaseAccessor.basicExecuteCall(DatabaseAccessor.java:640)
	at org.eclipse.persistence.internal.databaseaccess.DatabaseAccessor.executeCall(DatabaseAccessor.java:567)
	at org.eclipse.persistence.internal.sessions.AbstractSession.basicExecuteCall(AbstractSession.java:2099)
	at org.eclipse.persistence.sessions.server.ClientSession.executeCall(ClientSession.java:313)
	at org.eclipse.persistence.internal.queries.DatasourceCallQueryMechanism.executeCall(DatasourceCallQueryMechanism.java:275)
	at org.eclipse.persistence.internal.queries.DatasourceCallQueryMechanism.insertObject(DatasourceCallQueryMechanism.java:397)
	at org.eclipse.persistence.internal.queries.StatementQueryMechanism.insertObject(StatementQueryMechanism.java:167)
	at org.eclipse.persistence.internal.queries.StatementQueryMechanism.insertObject(StatementQueryMechanism.java:182)
	at org.eclipse.persistence.internal.queries.DatabaseQueryMechanism.insertObjectForWrite(DatabaseQueryMechanism.java:504)
	at org.eclipse.persistence.queries.InsertObjectQuery.executeCommit(InsertObjectQuery.java:82)
	at org.eclipse.persistence.queries.InsertObjectQuery.executeCommitWithChangeSet(InsertObjectQuery.java:92)
	at org.eclipse.persistence.internal.queries.DatabaseQueryMechanism.executeWriteWithChangeSet(DatabaseQueryMechanism.java:316)
	at org.eclipse.persistence.queries.WriteObjectQuery.executeDatabaseQuery(WriteObjectQuery.java:60)
	at org.eclipse.persistence.queries.DatabaseQuery.execute(DatabaseQuery.java:911)
	at org.eclipse.persistence.queries.DatabaseQuery.executeInUnitOfWork(DatabaseQuery.java:810)
	at org.eclipse.persistence.queries.ObjectLevelModifyQuery.executeInUnitOfWorkObjectLevelModifyQuery(ObjectLevelModifyQuery.java:110)
	at org.eclipse.persistence.queries.ObjectLevelModifyQuery.executeInUnitOfWork(ObjectLevelModifyQuery.java:87)
	at org.eclipse.persistence.internal.sessions.UnitOfWorkImpl.internalExecuteQuery(UnitOfWorkImpl.java:2983)
	at org.eclipse.persistence.internal.sessions.AbstractSession.executeQuery(AbstractSession.java:1898)
	at org.eclipse.persistence.internal.sessions.AbstractSession.executeQuery(AbstractSession.java:1880)
	at org.eclipse.persistence.internal.sessions.AbstractSession.executeQuery(AbstractSession.java:1830)
	at org.eclipse.persistence.internal.sessions.CommitManager.commitNewObjectsForClassWithChangeSet(CommitManager.java:229)
	at org.eclipse.persistence.internal.sessions.CommitManager.commitAllObjectsForClassWithChangeSet(CommitManager.java:196)
	at org.eclipse.persistence.internal.sessions.CommitManager.commitAllObjectsWithChangeSet(CommitManager.java:141)
	at org.eclipse.persistence.internal.sessions.AbstractSession.writeAllObjectsWithChangeSet(AbstractSession.java:4398)
	at org.eclipse.persistence.internal.sessions.UnitOfWorkImpl.commitToDatabase(UnitOfWorkImpl.java:1495)
	at org.eclipse.persistence.internal.sessions.UnitOfWorkImpl.commitToDatabaseWithChangeSet(UnitOfWorkImpl.java:1585)
	at org.eclipse.persistence.internal.sessions.RepeatableWriteUnitOfWork.commitRootUnitOfWork(RepeatableWriteUnitOfWork.java:280)
	at org.eclipse.persistence.internal.sessions.UnitOfWorkImpl.commitAndResume(UnitOfWorkImpl.java:1222)
	at org.eclipse.persistence.internal.jpa.transaction.EntityTransactionImpl.commit(EntityTransactionImpl.java:136)
	... 45 more
Caused by: org.h2.jdbc.JdbcSQLIntegrityConstraintViolationException: La columna &quot;DIRECCION&quot; no permite valores nulos (NULL)
NULL not allowed for column &quot;DIRECCION&quot;; SQL statement:
INSERT INTO CLIENTE (ID, CIUDAD, CODIGOPOSTAL, DIRECCION, ESTADO, FECHAALTA, FECHABAJA, IDENTIFICACION, PAIS, TIPOCLIENTE, USER_USER, DTYPE) VALUES (?, ?, ?, ?, ?, ?, ?, ?, ?, ?, ?, ?) [23502-200]
	at org.h2.message.DbException.getJdbcSQLException(DbException.java:459)
	at org.h2.message.DbException.getJdbcSQLException(DbException.java:429)
	at org.h2.message.DbException.get(DbException.java:205)
	at org.h2.message.DbException.get(DbException.java:181)
	at org.h2.table.Column.validateConvertUpdateSequence(Column.java:374)
	at org.h2.table.Table.validateConvertUpdateSequence(Table.java:845)
	at org.h2.command.dml.Insert.insertRows(Insert.java:187)
	at org.h2.command.dml.Insert.update(Insert.java:151)
	at org.h2.command.CommandContainer.update(CommandContainer.java:198)
	at org.h2.command.Command.executeUpdate(Command.java:251)
	at org.h2.jdbc.JdbcPreparedStatement.executeUpdateInternal(JdbcPreparedStatement.java:191)
	at org.h2.jdbc.JdbcPreparedStatement.executeUpdate(JdbcPreparedStatement.java:152)
	at org.eclipse.persistence.internal.databaseaccess.DatabaseAccessor.executeDirectNoSelect(DatabaseAccessor.java:898)
	... 76 more
</error>
    <system-out>[EL Warning]: 2022-04-28 17:23:38.339--UnitOfWork(1373374699)--Exception [EclipseLink-4002] (Eclipse Persistence Services - 2.7.6.v20200131-b7c997804f): org.eclipse.persistence.exceptions.DatabaseException
Internal Exception: org.h2.jdbc.JdbcSQLIntegrityConstraintViolationException: La columna &quot;DIRECCION&quot; no permite valores nulos (NULL)
NULL not allowed for column &quot;DIRECCION&quot;; SQL statement:
INSERT INTO CLIENTE (ID, CIUDAD, CODIGOPOSTAL, DIRECCION, ESTADO, FECHAALTA, FECHABAJA, IDENTIFICACION, PAIS, TIPOCLIENTE, USER_USER, DTYPE) VALUES (?, ?, ?, ?, ?, ?, ?, ?, ?, ?, ?, ?) [23502-200]
Error Code: 23502
Call: INSERT INTO CLIENTE (ID, CIUDAD, CODIGOPOSTAL, DIRECCION, ESTADO, FECHAALTA, FECHABAJA, IDENTIFICACION, PAIS, TIPOCLIENTE, USER_USER, DTYPE) VALUES (?, ?, ?, ?, ?, ?, ?, ?, ?, ?, ?, ?)
	bind =&gt; [12 parameters bound]
Query: InsertObjectQuery(Cliente{
id=1
identificacion=Avenia Plutarco
tipoCliente=null
estado=Activo
fechaAlta=Thu Apr 28 17:23:38 CEST 2022
fechaBaja=null
direccion=null
ciudad=Malaga
codigopostal=29004
pais=Espana
cuentasFintech={[]}}Empresa{
razon_social=UMA})
</system-out>
  </testcase>
  <testcase classname="ma3s.fintech.test.Clientes" name="testModFechaNacimientoIndividual" time="0.046">
    <error message="Exception [EclipseLink-4002] (Eclipse Persistence Services - 2.7.6.v20200131-b7c997804f): org.eclipse.persistence.exceptions.DatabaseException
Internal Exception: org.h2.jdbc.JdbcSQLIntegrityConstraintViolationException: La columna &quot;DIRECCION&quot; no permite valores nulos (NULL)
NULL not allowed for column &quot;DIRECCION&quot;; SQL statement:
INSERT INTO CLIENTE (ID, CIUDAD, CODIGOPOSTAL, DIRECCION, ESTADO, FECHAALTA, FECHABAJA, IDENTIFICACION, PAIS, TIPOCLIENTE, USER_USER, DTYPE) VALUES (?, ?, ?, ?, ?, ?, ?, ?, ?, ?, ?, ?) [23502-200]
Error Code: 23502
Call: INSERT INTO CLIENTE (ID, CIUDAD, CODIGOPOSTAL, DIRECCION, ESTADO, FECHAALTA, FECHABAJA, IDENTIFICACION, PAIS, TIPOCLIENTE, USER_USER, DTYPE) VALUES (?, ?, ?, ?, ?, ?, ?, ?, ?, ?, ?, ?)
	bind =&gt; [12 parameters bound]
Query: InsertObjectQuery(Cliente{
id=1
identificacion=Avenia Plutarco
tipoCliente=null
estado=Activo
fechaAlta=Thu Apr 28 17:23:38 CEST 2022
fechaBaja=null
direccion=null
ciudad=Malaga
codigopostal=29004
pais=Espana
cuentasFintech={[]}}Empresa{
razon_social=UMA})" type="javax.persistence.RollbackException">javax.persistence.RollbackException: Exception [EclipseLink-4002] (Eclipse Persistence Services - 2.7.6.v20200131-b7c997804f): org.eclipse.persistence.exceptions.DatabaseException
Internal Exception: org.h2.jdbc.JdbcSQLIntegrityConstraintViolationException: La columna &quot;DIRECCION&quot; no permite valores nulos (NULL)
NULL not allowed for column &quot;DIRECCION&quot;; SQL statement:
INSERT INTO CLIENTE (ID, CIUDAD, CODIGOPOSTAL, DIRECCION, ESTADO, FECHAALTA, FECHABAJA, IDENTIFICACION, PAIS, TIPOCLIENTE, USER_USER, DTYPE) VALUES (?, ?, ?, ?, ?, ?, ?, ?, ?, ?, ?, ?) [23502-200]
Error Code: 23502
Call: INSERT INTO CLIENTE (ID, CIUDAD, CODIGOPOSTAL, DIRECCION, ESTADO, FECHAALTA, FECHABAJA, IDENTIFICACION, PAIS, TIPOCLIENTE, USER_USER, DTYPE) VALUES (?, ?, ?, ?, ?, ?, ?, ?, ?, ?, ?, ?)
	bind =&gt; [12 parameters bound]
Query: InsertObjectQuery(Cliente{
id=1
identificacion=Avenia Plutarco
tipoCliente=null
estado=Activo
fechaAlta=Thu Apr 28 17:23:38 CEST 2022
fechaBaja=null
direccion=null
ciudad=Malaga
codigopostal=29004
pais=Espana
cuentasFintech={[]}}Empresa{
razon_social=UMA})
	at org.eclipse.persistence.internal.jpa.transaction.EntityTransactionImpl.commit(EntityTransactionImpl.java:161)
	at ma3s.fintech.test.BaseDatos.inicializaBaseDatos(BaseDatos.java:229)
	at ma3s.fintech.test.Clientes.setup(Clientes.java:31)
	at sun.reflect.GeneratedMethodAccessor24.invoke(Unknown Source)
	at sun.reflect.DelegatingMethodAccessorImpl.invoke(DelegatingMethodAccessorImpl.java:43)
	at java.lang.reflect.Method.invoke(Method.java:498)
	at org.junit.runners.model.FrameworkMethod$1.runReflectiveCall(FrameworkMethod.java:59)
	at org.junit.internal.runners.model.ReflectiveCallable.run(ReflectiveCallable.java:12)
	at org.junit.runners.model.FrameworkMethod.invokeExplosively(FrameworkMethod.java:56)
	at org.junit.internal.runners.statements.RunBefores.invokeMethod(RunBefores.java:33)
	at org.junit.internal.runners.statements.RunBefores.evaluate(RunBefores.java:24)
	at org.junit.runners.ParentRunner$3.evaluate(ParentRunner.java:306)
	at org.junit.runners.BlockJUnit4ClassRunner$1.evaluate(BlockJUnit4ClassRunner.java:100)
	at org.junit.runners.ParentRunner.runLeaf(ParentRunner.java:366)
	at org.junit.runners.BlockJUnit4ClassRunner.runChild(BlockJUnit4ClassRunner.java:103)
	at org.junit.runners.BlockJUnit4ClassRunner.runChild(BlockJUnit4ClassRunner.java:63)
	at org.junit.runners.ParentRunner$4.run(ParentRunner.java:331)
	at org.junit.runners.ParentRunner$1.schedule(ParentRunner.java:79)
	at org.junit.runners.ParentRunner.runChildren(ParentRunner.java:329)
	at org.junit.runners.ParentRunner.access$100(ParentRunner.java:66)
	at org.junit.runners.ParentRunner$2.evaluate(ParentRunner.java:293)
	at org.junit.runners.ParentRunner$3.evaluate(ParentRunner.java:306)
	at org.junit.runners.ParentRunner.run(ParentRunner.java:413)
	at org.junit.runners.Suite.runChild(Suite.java:128)
	at org.junit.runners.Suite.runChild(Suite.java:27)
	at org.junit.runners.ParentRunner$4.run(ParentRunner.java:331)
	at org.junit.runners.ParentRunner$1.schedule(ParentRunner.java:79)
	at org.junit.runners.ParentRunner.runChildren(ParentRunner.java:329)
	at org.junit.runners.ParentRunner.access$100(ParentRunner.java:66)
	at org.junit.runners.ParentRunner$2.evaluate(ParentRunner.java:293)
	at org.junit.internal.runners.statements.RunBefores.evaluate(RunBefores.java:26)
	at org.junit.internal.runners.statements.RunAfters.evaluate(RunAfters.java:27)
	at org.junit.runners.ParentRunner$3.evaluate(ParentRunner.java:306)
	at org.junit.runners.ParentRunner.run(ParentRunner.java:413)
	at org.apache.maven.surefire.junit4.JUnit4Provider.execute(JUnit4Provider.java:252)
	at org.apache.maven.surefire.junit4.JUnit4Provider.executeTestSet(JUnit4Provider.java:141)
	at org.apache.maven.surefire.junit4.JUnit4Provider.invoke(JUnit4Provider.java:112)
	at sun.reflect.NativeMethodAccessorImpl.invoke0(Native Method)
	at sun.reflect.NativeMethodAccessorImpl.invoke(NativeMethodAccessorImpl.java:62)
	at sun.reflect.DelegatingMethodAccessorImpl.invoke(DelegatingMethodAccessorImpl.java:43)
	at java.lang.reflect.Method.invoke(Method.java:498)
	at org.apache.maven.surefire.util.ReflectionUtils.invokeMethodWithArray(ReflectionUtils.java:189)
	at org.apache.maven.surefire.booter.ProviderFactory$ProviderProxy.invoke(ProviderFactory.java:165)
	at org.apache.maven.surefire.booter.ProviderFactory.invokeProvider(ProviderFactory.java:85)
	at org.apache.maven.surefire.booter.ForkedBooter.runSuitesInProcess(ForkedBooter.java:115)
	at org.apache.maven.surefire.booter.ForkedBooter.main(ForkedBooter.java:75)
Caused by: Exception [EclipseLink-4002] (Eclipse Persistence Services - 2.7.6.v20200131-b7c997804f): org.eclipse.persistence.exceptions.DatabaseException
Internal Exception: org.h2.jdbc.JdbcSQLIntegrityConstraintViolationException: La columna &quot;DIRECCION&quot; no permite valores nulos (NULL)
NULL not allowed for column &quot;DIRECCION&quot;; SQL statement:
INSERT INTO CLIENTE (ID, CIUDAD, CODIGOPOSTAL, DIRECCION, ESTADO, FECHAALTA, FECHABAJA, IDENTIFICACION, PAIS, TIPOCLIENTE, USER_USER, DTYPE) VALUES (?, ?, ?, ?, ?, ?, ?, ?, ?, ?, ?, ?) [23502-200]
Error Code: 23502
Call: INSERT INTO CLIENTE (ID, CIUDAD, CODIGOPOSTAL, DIRECCION, ESTADO, FECHAALTA, FECHABAJA, IDENTIFICACION, PAIS, TIPOCLIENTE, USER_USER, DTYPE) VALUES (?, ?, ?, ?, ?, ?, ?, ?, ?, ?, ?, ?)
	bind =&gt; [12 parameters bound]
Query: InsertObjectQuery(Cliente{
id=1
identificacion=Avenia Plutarco
tipoCliente=null
estado=Activo
fechaAlta=Thu Apr 28 17:23:38 CEST 2022
fechaBaja=null
direccion=null
ciudad=Malaga
codigopostal=29004
pais=Espana
cuentasFintech={[]}}Empresa{
razon_social=UMA})
	at org.eclipse.persistence.exceptions.DatabaseException.sqlException(DatabaseException.java:333)
	at org.eclipse.persistence.internal.databaseaccess.DatabaseAccessor.executeDirectNoSelect(DatabaseAccessor.java:908)
	at org.eclipse.persistence.internal.databaseaccess.DatabaseAccessor.executeNoSelect(DatabaseAccessor.java:970)
	at org.eclipse.persistence.internal.databaseaccess.DatabaseAccessor.basicExecuteCall(DatabaseAccessor.java:640)
	at org.eclipse.persistence.internal.databaseaccess.DatabaseAccessor.executeCall(DatabaseAccessor.java:567)
	at org.eclipse.persistence.internal.sessions.AbstractSession.basicExecuteCall(AbstractSession.java:2099)
	at org.eclipse.persistence.sessions.server.ClientSession.executeCall(ClientSession.java:313)
	at org.eclipse.persistence.internal.queries.DatasourceCallQueryMechanism.executeCall(DatasourceCallQueryMechanism.java:275)
	at org.eclipse.persistence.internal.queries.DatasourceCallQueryMechanism.insertObject(DatasourceCallQueryMechanism.java:397)
	at org.eclipse.persistence.internal.queries.StatementQueryMechanism.insertObject(StatementQueryMechanism.java:167)
	at org.eclipse.persistence.internal.queries.StatementQueryMechanism.insertObject(StatementQueryMechanism.java:182)
	at org.eclipse.persistence.internal.queries.DatabaseQueryMechanism.insertObjectForWrite(DatabaseQueryMechanism.java:504)
	at org.eclipse.persistence.queries.InsertObjectQuery.executeCommit(InsertObjectQuery.java:82)
	at org.eclipse.persistence.queries.InsertObjectQuery.executeCommitWithChangeSet(InsertObjectQuery.java:92)
	at org.eclipse.persistence.internal.queries.DatabaseQueryMechanism.executeWriteWithChangeSet(DatabaseQueryMechanism.java:316)
	at org.eclipse.persistence.queries.WriteObjectQuery.executeDatabaseQuery(WriteObjectQuery.java:60)
	at org.eclipse.persistence.queries.DatabaseQuery.execute(DatabaseQuery.java:911)
	at org.eclipse.persistence.queries.DatabaseQuery.executeInUnitOfWork(DatabaseQuery.java:810)
	at org.eclipse.persistence.queries.ObjectLevelModifyQuery.executeInUnitOfWorkObjectLevelModifyQuery(ObjectLevelModifyQuery.java:110)
	at org.eclipse.persistence.queries.ObjectLevelModifyQuery.executeInUnitOfWork(ObjectLevelModifyQuery.java:87)
	at org.eclipse.persistence.internal.sessions.UnitOfWorkImpl.internalExecuteQuery(UnitOfWorkImpl.java:2983)
	at org.eclipse.persistence.internal.sessions.AbstractSession.executeQuery(AbstractSession.java:1898)
	at org.eclipse.persistence.internal.sessions.AbstractSession.executeQuery(AbstractSession.java:1880)
	at org.eclipse.persistence.internal.sessions.AbstractSession.executeQuery(AbstractSession.java:1830)
	at org.eclipse.persistence.internal.sessions.CommitManager.commitNewObjectsForClassWithChangeSet(CommitManager.java:229)
	at org.eclipse.persistence.internal.sessions.CommitManager.commitAllObjectsForClassWithChangeSet(CommitManager.java:196)
	at org.eclipse.persistence.internal.sessions.CommitManager.commitAllObjectsWithChangeSet(CommitManager.java:141)
	at org.eclipse.persistence.internal.sessions.AbstractSession.writeAllObjectsWithChangeSet(AbstractSession.java:4398)
	at org.eclipse.persistence.internal.sessions.UnitOfWorkImpl.commitToDatabase(UnitOfWorkImpl.java:1495)
	at org.eclipse.persistence.internal.sessions.UnitOfWorkImpl.commitToDatabaseWithChangeSet(UnitOfWorkImpl.java:1585)
	at org.eclipse.persistence.internal.sessions.RepeatableWriteUnitOfWork.commitRootUnitOfWork(RepeatableWriteUnitOfWork.java:280)
	at org.eclipse.persistence.internal.sessions.UnitOfWorkImpl.commitAndResume(UnitOfWorkImpl.java:1222)
	at org.eclipse.persistence.internal.jpa.transaction.EntityTransactionImpl.commit(EntityTransactionImpl.java:136)
	... 45 more
Caused by: org.h2.jdbc.JdbcSQLIntegrityConstraintViolationException: La columna &quot;DIRECCION&quot; no permite valores nulos (NULL)
NULL not allowed for column &quot;DIRECCION&quot;; SQL statement:
INSERT INTO CLIENTE (ID, CIUDAD, CODIGOPOSTAL, DIRECCION, ESTADO, FECHAALTA, FECHABAJA, IDENTIFICACION, PAIS, TIPOCLIENTE, USER_USER, DTYPE) VALUES (?, ?, ?, ?, ?, ?, ?, ?, ?, ?, ?, ?) [23502-200]
	at org.h2.message.DbException.getJdbcSQLException(DbException.java:459)
	at org.h2.message.DbException.getJdbcSQLException(DbException.java:429)
	at org.h2.message.DbException.get(DbException.java:205)
	at org.h2.message.DbException.get(DbException.java:181)
	at org.h2.table.Column.validateConvertUpdateSequence(Column.java:374)
	at org.h2.table.Table.validateConvertUpdateSequence(Table.java:845)
	at org.h2.command.dml.Insert.insertRows(Insert.java:187)
	at org.h2.command.dml.Insert.update(Insert.java:151)
	at org.h2.command.CommandContainer.update(CommandContainer.java:198)
	at org.h2.command.Command.executeUpdate(Command.java:251)
	at org.h2.jdbc.JdbcPreparedStatement.executeUpdateInternal(JdbcPreparedStatement.java:191)
	at org.h2.jdbc.JdbcPreparedStatement.executeUpdate(JdbcPreparedStatement.java:152)
	at org.eclipse.persistence.internal.databaseaccess.DatabaseAccessor.executeDirectNoSelect(DatabaseAccessor.java:898)
	... 76 more
</error>
    <system-out>[EL Warning]: 2022-04-28 17:23:38.384--UnitOfWork(567762813)--Exception [EclipseLink-4002] (Eclipse Persistence Services - 2.7.6.v20200131-b7c997804f): org.eclipse.persistence.exceptions.DatabaseException
Internal Exception: org.h2.jdbc.JdbcSQLIntegrityConstraintViolationException: La columna &quot;DIRECCION&quot; no permite valores nulos (NULL)
NULL not allowed for column &quot;DIRECCION&quot;; SQL statement:
INSERT INTO CLIENTE (ID, CIUDAD, CODIGOPOSTAL, DIRECCION, ESTADO, FECHAALTA, FECHABAJA, IDENTIFICACION, PAIS, TIPOCLIENTE, USER_USER, DTYPE) VALUES (?, ?, ?, ?, ?, ?, ?, ?, ?, ?, ?, ?) [23502-200]
Error Code: 23502
Call: INSERT INTO CLIENTE (ID, CIUDAD, CODIGOPOSTAL, DIRECCION, ESTADO, FECHAALTA, FECHABAJA, IDENTIFICACION, PAIS, TIPOCLIENTE, USER_USER, DTYPE) VALUES (?, ?, ?, ?, ?, ?, ?, ?, ?, ?, ?, ?)
	bind =&gt; [12 parameters bound]
Query: InsertObjectQuery(Cliente{
id=1
identificacion=Avenia Plutarco
tipoCliente=null
estado=Activo
fechaAlta=Thu Apr 28 17:23:38 CEST 2022
fechaBaja=null
direccion=null
ciudad=Malaga
codigopostal=29004
pais=Espana
cuentasFintech={[]}}Empresa{
razon_social=UMA})
</system-out>
  </testcase>
  <testcase classname="ma3s.fintech.test.Clientes" name="testModDireccionEmpresaCampoVacio" time="0.044">
    <error message="Exception [EclipseLink-4002] (Eclipse Persistence Services - 2.7.6.v20200131-b7c997804f): org.eclipse.persistence.exceptions.DatabaseException
Internal Exception: org.h2.jdbc.JdbcSQLIntegrityConstraintViolationException: La columna &quot;DIRECCION&quot; no permite valores nulos (NULL)
NULL not allowed for column &quot;DIRECCION&quot;; SQL statement:
INSERT INTO CLIENTE (ID, CIUDAD, CODIGOPOSTAL, DIRECCION, ESTADO, FECHAALTA, FECHABAJA, IDENTIFICACION, PAIS, TIPOCLIENTE, USER_USER, DTYPE) VALUES (?, ?, ?, ?, ?, ?, ?, ?, ?, ?, ?, ?) [23502-200]
Error Code: 23502
Call: INSERT INTO CLIENTE (ID, CIUDAD, CODIGOPOSTAL, DIRECCION, ESTADO, FECHAALTA, FECHABAJA, IDENTIFICACION, PAIS, TIPOCLIENTE, USER_USER, DTYPE) VALUES (?, ?, ?, ?, ?, ?, ?, ?, ?, ?, ?, ?)
	bind =&gt; [12 parameters bound]
Query: InsertObjectQuery(Cliente{
id=2
identificacion=avenida de Murcia
tipoCliente=null
estado=Activo
fechaAlta=Thu Apr 28 17:23:38 CEST 2022
fechaBaja=null
direccion=null
ciudad=Murcia
codigopostal=29845
pais=Espana
cuentasFintech={[]}}Empresa{
razon_social=UCAM})" type="javax.persistence.RollbackException">javax.persistence.RollbackException: Exception [EclipseLink-4002] (Eclipse Persistence Services - 2.7.6.v20200131-b7c997804f): org.eclipse.persistence.exceptions.DatabaseException
Internal Exception: org.h2.jdbc.JdbcSQLIntegrityConstraintViolationException: La columna &quot;DIRECCION&quot; no permite valores nulos (NULL)
NULL not allowed for column &quot;DIRECCION&quot;; SQL statement:
INSERT INTO CLIENTE (ID, CIUDAD, CODIGOPOSTAL, DIRECCION, ESTADO, FECHAALTA, FECHABAJA, IDENTIFICACION, PAIS, TIPOCLIENTE, USER_USER, DTYPE) VALUES (?, ?, ?, ?, ?, ?, ?, ?, ?, ?, ?, ?) [23502-200]
Error Code: 23502
Call: INSERT INTO CLIENTE (ID, CIUDAD, CODIGOPOSTAL, DIRECCION, ESTADO, FECHAALTA, FECHABAJA, IDENTIFICACION, PAIS, TIPOCLIENTE, USER_USER, DTYPE) VALUES (?, ?, ?, ?, ?, ?, ?, ?, ?, ?, ?, ?)
	bind =&gt; [12 parameters bound]
Query: InsertObjectQuery(Cliente{
id=2
identificacion=avenida de Murcia
tipoCliente=null
estado=Activo
fechaAlta=Thu Apr 28 17:23:38 CEST 2022
fechaBaja=null
direccion=null
ciudad=Murcia
codigopostal=29845
pais=Espana
cuentasFintech={[]}}Empresa{
razon_social=UCAM})
	at org.eclipse.persistence.internal.jpa.transaction.EntityTransactionImpl.commit(EntityTransactionImpl.java:161)
	at ma3s.fintech.test.BaseDatos.inicializaBaseDatos(BaseDatos.java:229)
	at ma3s.fintech.test.Clientes.setup(Clientes.java:31)
	at sun.reflect.GeneratedMethodAccessor24.invoke(Unknown Source)
	at sun.reflect.DelegatingMethodAccessorImpl.invoke(DelegatingMethodAccessorImpl.java:43)
	at java.lang.reflect.Method.invoke(Method.java:498)
	at org.junit.runners.model.FrameworkMethod$1.runReflectiveCall(FrameworkMethod.java:59)
	at org.junit.internal.runners.model.ReflectiveCallable.run(ReflectiveCallable.java:12)
	at org.junit.runners.model.FrameworkMethod.invokeExplosively(FrameworkMethod.java:56)
	at org.junit.internal.runners.statements.RunBefores.invokeMethod(RunBefores.java:33)
	at org.junit.internal.runners.statements.RunBefores.evaluate(RunBefores.java:24)
	at org.junit.runners.ParentRunner$3.evaluate(ParentRunner.java:306)
	at org.junit.runners.BlockJUnit4ClassRunner$1.evaluate(BlockJUnit4ClassRunner.java:100)
	at org.junit.runners.ParentRunner.runLeaf(ParentRunner.java:366)
	at org.junit.runners.BlockJUnit4ClassRunner.runChild(BlockJUnit4ClassRunner.java:103)
	at org.junit.runners.BlockJUnit4ClassRunner.runChild(BlockJUnit4ClassRunner.java:63)
	at org.junit.runners.ParentRunner$4.run(ParentRunner.java:331)
	at org.junit.runners.ParentRunner$1.schedule(ParentRunner.java:79)
	at org.junit.runners.ParentRunner.runChildren(ParentRunner.java:329)
	at org.junit.runners.ParentRunner.access$100(ParentRunner.java:66)
	at org.junit.runners.ParentRunner$2.evaluate(ParentRunner.java:293)
	at org.junit.runners.ParentRunner$3.evaluate(ParentRunner.java:306)
	at org.junit.runners.ParentRunner.run(ParentRunner.java:413)
	at org.junit.runners.Suite.runChild(Suite.java:128)
	at org.junit.runners.Suite.runChild(Suite.java:27)
	at org.junit.runners.ParentRunner$4.run(ParentRunner.java:331)
	at org.junit.runners.ParentRunner$1.schedule(ParentRunner.java:79)
	at org.junit.runners.ParentRunner.runChildren(ParentRunner.java:329)
	at org.junit.runners.ParentRunner.access$100(ParentRunner.java:66)
	at org.junit.runners.ParentRunner$2.evaluate(ParentRunner.java:293)
	at org.junit.internal.runners.statements.RunBefores.evaluate(RunBefores.java:26)
	at org.junit.internal.runners.statements.RunAfters.evaluate(RunAfters.java:27)
	at org.junit.runners.ParentRunner$3.evaluate(ParentRunner.java:306)
	at org.junit.runners.ParentRunner.run(ParentRunner.java:413)
	at org.apache.maven.surefire.junit4.JUnit4Provider.execute(JUnit4Provider.java:252)
	at org.apache.maven.surefire.junit4.JUnit4Provider.executeTestSet(JUnit4Provider.java:141)
	at org.apache.maven.surefire.junit4.JUnit4Provider.invoke(JUnit4Provider.java:112)
	at sun.reflect.NativeMethodAccessorImpl.invoke0(Native Method)
	at sun.reflect.NativeMethodAccessorImpl.invoke(NativeMethodAccessorImpl.java:62)
	at sun.reflect.DelegatingMethodAccessorImpl.invoke(DelegatingMethodAccessorImpl.java:43)
	at java.lang.reflect.Method.invoke(Method.java:498)
	at org.apache.maven.surefire.util.ReflectionUtils.invokeMethodWithArray(ReflectionUtils.java:189)
	at org.apache.maven.surefire.booter.ProviderFactory$ProviderProxy.invoke(ProviderFactory.java:165)
	at org.apache.maven.surefire.booter.ProviderFactory.invokeProvider(ProviderFactory.java:85)
	at org.apache.maven.surefire.booter.ForkedBooter.runSuitesInProcess(ForkedBooter.java:115)
	at org.apache.maven.surefire.booter.ForkedBooter.main(ForkedBooter.java:75)
Caused by: Exception [EclipseLink-4002] (Eclipse Persistence Services - 2.7.6.v20200131-b7c997804f): org.eclipse.persistence.exceptions.DatabaseException
Internal Exception: org.h2.jdbc.JdbcSQLIntegrityConstraintViolationException: La columna &quot;DIRECCION&quot; no permite valores nulos (NULL)
NULL not allowed for column &quot;DIRECCION&quot;; SQL statement:
INSERT INTO CLIENTE (ID, CIUDAD, CODIGOPOSTAL, DIRECCION, ESTADO, FECHAALTA, FECHABAJA, IDENTIFICACION, PAIS, TIPOCLIENTE, USER_USER, DTYPE) VALUES (?, ?, ?, ?, ?, ?, ?, ?, ?, ?, ?, ?) [23502-200]
Error Code: 23502
Call: INSERT INTO CLIENTE (ID, CIUDAD, CODIGOPOSTAL, DIRECCION, ESTADO, FECHAALTA, FECHABAJA, IDENTIFICACION, PAIS, TIPOCLIENTE, USER_USER, DTYPE) VALUES (?, ?, ?, ?, ?, ?, ?, ?, ?, ?, ?, ?)
	bind =&gt; [12 parameters bound]
Query: InsertObjectQuery(Cliente{
id=2
identificacion=avenida de Murcia
tipoCliente=null
estado=Activo
fechaAlta=Thu Apr 28 17:23:38 CEST 2022
fechaBaja=null
direccion=null
ciudad=Murcia
codigopostal=29845
pais=Espana
cuentasFintech={[]}}Empresa{
razon_social=UCAM})
	at org.eclipse.persistence.exceptions.DatabaseException.sqlException(DatabaseException.java:333)
	at org.eclipse.persistence.internal.databaseaccess.DatabaseAccessor.executeDirectNoSelect(DatabaseAccessor.java:908)
	at org.eclipse.persistence.internal.databaseaccess.DatabaseAccessor.executeNoSelect(DatabaseAccessor.java:970)
	at org.eclipse.persistence.internal.databaseaccess.DatabaseAccessor.basicExecuteCall(DatabaseAccessor.java:640)
	at org.eclipse.persistence.internal.databaseaccess.DatabaseAccessor.executeCall(DatabaseAccessor.java:567)
	at org.eclipse.persistence.internal.sessions.AbstractSession.basicExecuteCall(AbstractSession.java:2099)
	at org.eclipse.persistence.sessions.server.ClientSession.executeCall(ClientSession.java:313)
	at org.eclipse.persistence.internal.queries.DatasourceCallQueryMechanism.executeCall(DatasourceCallQueryMechanism.java:275)
	at org.eclipse.persistence.internal.queries.DatasourceCallQueryMechanism.insertObject(DatasourceCallQueryMechanism.java:397)
	at org.eclipse.persistence.internal.queries.StatementQueryMechanism.insertObject(StatementQueryMechanism.java:167)
	at org.eclipse.persistence.internal.queries.StatementQueryMechanism.insertObject(StatementQueryMechanism.java:182)
	at org.eclipse.persistence.internal.queries.DatabaseQueryMechanism.insertObjectForWrite(DatabaseQueryMechanism.java:504)
	at org.eclipse.persistence.queries.InsertObjectQuery.executeCommit(InsertObjectQuery.java:82)
	at org.eclipse.persistence.queries.InsertObjectQuery.executeCommitWithChangeSet(InsertObjectQuery.java:92)
	at org.eclipse.persistence.internal.queries.DatabaseQueryMechanism.executeWriteWithChangeSet(DatabaseQueryMechanism.java:316)
	at org.eclipse.persistence.queries.WriteObjectQuery.executeDatabaseQuery(WriteObjectQuery.java:60)
	at org.eclipse.persistence.queries.DatabaseQuery.execute(DatabaseQuery.java:911)
	at org.eclipse.persistence.queries.DatabaseQuery.executeInUnitOfWork(DatabaseQuery.java:810)
	at org.eclipse.persistence.queries.ObjectLevelModifyQuery.executeInUnitOfWorkObjectLevelModifyQuery(ObjectLevelModifyQuery.java:110)
	at org.eclipse.persistence.queries.ObjectLevelModifyQuery.executeInUnitOfWork(ObjectLevelModifyQuery.java:87)
	at org.eclipse.persistence.internal.sessions.UnitOfWorkImpl.internalExecuteQuery(UnitOfWorkImpl.java:2983)
	at org.eclipse.persistence.internal.sessions.AbstractSession.executeQuery(AbstractSession.java:1898)
	at org.eclipse.persistence.internal.sessions.AbstractSession.executeQuery(AbstractSession.java:1880)
	at org.eclipse.persistence.internal.sessions.AbstractSession.executeQuery(AbstractSession.java:1830)
	at org.eclipse.persistence.internal.sessions.CommitManager.commitNewObjectsForClassWithChangeSet(CommitManager.java:229)
	at org.eclipse.persistence.internal.sessions.CommitManager.commitAllObjectsForClassWithChangeSet(CommitManager.java:196)
	at org.eclipse.persistence.internal.sessions.CommitManager.commitAllObjectsWithChangeSet(CommitManager.java:141)
	at org.eclipse.persistence.internal.sessions.AbstractSession.writeAllObjectsWithChangeSet(AbstractSession.java:4398)
	at org.eclipse.persistence.internal.sessions.UnitOfWorkImpl.commitToDatabase(UnitOfWorkImpl.java:1495)
	at org.eclipse.persistence.internal.sessions.UnitOfWorkImpl.commitToDatabaseWithChangeSet(UnitOfWorkImpl.java:1585)
	at org.eclipse.persistence.internal.sessions.RepeatableWriteUnitOfWork.commitRootUnitOfWork(RepeatableWriteUnitOfWork.java:280)
	at org.eclipse.persistence.internal.sessions.UnitOfWorkImpl.commitAndResume(UnitOfWorkImpl.java:1222)
	at org.eclipse.persistence.internal.jpa.transaction.EntityTransactionImpl.commit(EntityTransactionImpl.java:136)
	... 45 more
Caused by: org.h2.jdbc.JdbcSQLIntegrityConstraintViolationException: La columna &quot;DIRECCION&quot; no permite valores nulos (NULL)
NULL not allowed for column &quot;DIRECCION&quot;; SQL statement:
INSERT INTO CLIENTE (ID, CIUDAD, CODIGOPOSTAL, DIRECCION, ESTADO, FECHAALTA, FECHABAJA, IDENTIFICACION, PAIS, TIPOCLIENTE, USER_USER, DTYPE) VALUES (?, ?, ?, ?, ?, ?, ?, ?, ?, ?, ?, ?) [23502-200]
	at org.h2.message.DbException.getJdbcSQLException(DbException.java:459)
	at org.h2.message.DbException.getJdbcSQLException(DbException.java:429)
	at org.h2.message.DbException.get(DbException.java:205)
	at org.h2.message.DbException.get(DbException.java:181)
	at org.h2.table.Column.validateConvertUpdateSequence(Column.java:374)
	at org.h2.table.Table.validateConvertUpdateSequence(Table.java:845)
	at org.h2.command.dml.Insert.insertRows(Insert.java:187)
	at org.h2.command.dml.Insert.update(Insert.java:151)
	at org.h2.command.CommandContainer.update(CommandContainer.java:198)
	at org.h2.command.Command.executeUpdate(Command.java:251)
	at org.h2.jdbc.JdbcPreparedStatement.executeUpdateInternal(JdbcPreparedStatement.java:191)
	at org.h2.jdbc.JdbcPreparedStatement.executeUpdate(JdbcPreparedStatement.java:152)
	at org.eclipse.persistence.internal.databaseaccess.DatabaseAccessor.executeDirectNoSelect(DatabaseAccessor.java:898)
	... 76 more
</error>
    <system-out>[EL Warning]: 2022-04-28 17:23:38.428--UnitOfWork(66198894)--Exception [EclipseLink-4002] (Eclipse Persistence Services - 2.7.6.v20200131-b7c997804f): org.eclipse.persistence.exceptions.DatabaseException
Internal Exception: org.h2.jdbc.JdbcSQLIntegrityConstraintViolationException: La columna &quot;DIRECCION&quot; no permite valores nulos (NULL)
NULL not allowed for column &quot;DIRECCION&quot;; SQL statement:
INSERT INTO CLIENTE (ID, CIUDAD, CODIGOPOSTAL, DIRECCION, ESTADO, FECHAALTA, FECHABAJA, IDENTIFICACION, PAIS, TIPOCLIENTE, USER_USER, DTYPE) VALUES (?, ?, ?, ?, ?, ?, ?, ?, ?, ?, ?, ?) [23502-200]
Error Code: 23502
Call: INSERT INTO CLIENTE (ID, CIUDAD, CODIGOPOSTAL, DIRECCION, ESTADO, FECHAALTA, FECHABAJA, IDENTIFICACION, PAIS, TIPOCLIENTE, USER_USER, DTYPE) VALUES (?, ?, ?, ?, ?, ?, ?, ?, ?, ?, ?, ?)
	bind =&gt; [12 parameters bound]
Query: InsertObjectQuery(Cliente{
id=2
identificacion=avenida de Murcia
tipoCliente=null
estado=Activo
fechaAlta=Thu Apr 28 17:23:38 CEST 2022
fechaBaja=null
direccion=null
ciudad=Murcia
codigopostal=29845
pais=Espana
cuentasFintech={[]}}Empresa{
razon_social=UCAM})
</system-out>
  </testcase>
  <testcase classname="ma3s.fintech.test.Clientes" name="testModApellidoIndividual" time="0.042">
    <error message="Exception [EclipseLink-4002] (Eclipse Persistence Services - 2.7.6.v20200131-b7c997804f): org.eclipse.persistence.exceptions.DatabaseException
Internal Exception: org.h2.jdbc.JdbcSQLIntegrityConstraintViolationException: La columna &quot;DIRECCION&quot; no permite valores nulos (NULL)
NULL not allowed for column &quot;DIRECCION&quot;; SQL statement:
INSERT INTO CLIENTE (ID, CIUDAD, CODIGOPOSTAL, DIRECCION, ESTADO, FECHAALTA, FECHABAJA, IDENTIFICACION, PAIS, TIPOCLIENTE, USER_USER, DTYPE) VALUES (?, ?, ?, ?, ?, ?, ?, ?, ?, ?, ?, ?) [23502-200]
Error Code: 23502
Call: INSERT INTO CLIENTE (ID, CIUDAD, CODIGOPOSTAL, DIRECCION, ESTADO, FECHAALTA, FECHABAJA, IDENTIFICACION, PAIS, TIPOCLIENTE, USER_USER, DTYPE) VALUES (?, ?, ?, ?, ?, ?, ?, ?, ?, ?, ?, ?)
	bind =&gt; [12 parameters bound]
Query: InsertObjectQuery(Cliente{
id=2
identificacion=avenida de Murcia
tipoCliente=null
estado=Activo
fechaAlta=Thu Apr 28 17:23:38 CEST 2022
fechaBaja=null
direccion=null
ciudad=Murcia
codigopostal=29845
pais=Espana
cuentasFintech={[]}}Empresa{
razon_social=UCAM})" type="javax.persistence.RollbackException">javax.persistence.RollbackException: Exception [EclipseLink-4002] (Eclipse Persistence Services - 2.7.6.v20200131-b7c997804f): org.eclipse.persistence.exceptions.DatabaseException
Internal Exception: org.h2.jdbc.JdbcSQLIntegrityConstraintViolationException: La columna &quot;DIRECCION&quot; no permite valores nulos (NULL)
NULL not allowed for column &quot;DIRECCION&quot;; SQL statement:
INSERT INTO CLIENTE (ID, CIUDAD, CODIGOPOSTAL, DIRECCION, ESTADO, FECHAALTA, FECHABAJA, IDENTIFICACION, PAIS, TIPOCLIENTE, USER_USER, DTYPE) VALUES (?, ?, ?, ?, ?, ?, ?, ?, ?, ?, ?, ?) [23502-200]
Error Code: 23502
Call: INSERT INTO CLIENTE (ID, CIUDAD, CODIGOPOSTAL, DIRECCION, ESTADO, FECHAALTA, FECHABAJA, IDENTIFICACION, PAIS, TIPOCLIENTE, USER_USER, DTYPE) VALUES (?, ?, ?, ?, ?, ?, ?, ?, ?, ?, ?, ?)
	bind =&gt; [12 parameters bound]
Query: InsertObjectQuery(Cliente{
id=2
identificacion=avenida de Murcia
tipoCliente=null
estado=Activo
fechaAlta=Thu Apr 28 17:23:38 CEST 2022
fechaBaja=null
direccion=null
ciudad=Murcia
codigopostal=29845
pais=Espana
cuentasFintech={[]}}Empresa{
razon_social=UCAM})
	at org.eclipse.persistence.internal.jpa.transaction.EntityTransactionImpl.commit(EntityTransactionImpl.java:161)
	at ma3s.fintech.test.BaseDatos.inicializaBaseDatos(BaseDatos.java:229)
	at ma3s.fintech.test.Clientes.setup(Clientes.java:31)
	at sun.reflect.GeneratedMethodAccessor24.invoke(Unknown Source)
	at sun.reflect.DelegatingMethodAccessorImpl.invoke(DelegatingMethodAccessorImpl.java:43)
	at java.lang.reflect.Method.invoke(Method.java:498)
	at org.junit.runners.model.FrameworkMethod$1.runReflectiveCall(FrameworkMethod.java:59)
	at org.junit.internal.runners.model.ReflectiveCallable.run(ReflectiveCallable.java:12)
	at org.junit.runners.model.FrameworkMethod.invokeExplosively(FrameworkMethod.java:56)
	at org.junit.internal.runners.statements.RunBefores.invokeMethod(RunBefores.java:33)
	at org.junit.internal.runners.statements.RunBefores.evaluate(RunBefores.java:24)
	at org.junit.runners.ParentRunner$3.evaluate(ParentRunner.java:306)
	at org.junit.runners.BlockJUnit4ClassRunner$1.evaluate(BlockJUnit4ClassRunner.java:100)
	at org.junit.runners.ParentRunner.runLeaf(ParentRunner.java:366)
	at org.junit.runners.BlockJUnit4ClassRunner.runChild(BlockJUnit4ClassRunner.java:103)
	at org.junit.runners.BlockJUnit4ClassRunner.runChild(BlockJUnit4ClassRunner.java:63)
	at org.junit.runners.ParentRunner$4.run(ParentRunner.java:331)
	at org.junit.runners.ParentRunner$1.schedule(ParentRunner.java:79)
	at org.junit.runners.ParentRunner.runChildren(ParentRunner.java:329)
	at org.junit.runners.ParentRunner.access$100(ParentRunner.java:66)
	at org.junit.runners.ParentRunner$2.evaluate(ParentRunner.java:293)
	at org.junit.runners.ParentRunner$3.evaluate(ParentRunner.java:306)
	at org.junit.runners.ParentRunner.run(ParentRunner.java:413)
	at org.junit.runners.Suite.runChild(Suite.java:128)
	at org.junit.runners.Suite.runChild(Suite.java:27)
	at org.junit.runners.ParentRunner$4.run(ParentRunner.java:331)
	at org.junit.runners.ParentRunner$1.schedule(ParentRunner.java:79)
	at org.junit.runners.ParentRunner.runChildren(ParentRunner.java:329)
	at org.junit.runners.ParentRunner.access$100(ParentRunner.java:66)
	at org.junit.runners.ParentRunner$2.evaluate(ParentRunner.java:293)
	at org.junit.internal.runners.statements.RunBefores.evaluate(RunBefores.java:26)
	at org.junit.internal.runners.statements.RunAfters.evaluate(RunAfters.java:27)
	at org.junit.runners.ParentRunner$3.evaluate(ParentRunner.java:306)
	at org.junit.runners.ParentRunner.run(ParentRunner.java:413)
	at org.apache.maven.surefire.junit4.JUnit4Provider.execute(JUnit4Provider.java:252)
	at org.apache.maven.surefire.junit4.JUnit4Provider.executeTestSet(JUnit4Provider.java:141)
	at org.apache.maven.surefire.junit4.JUnit4Provider.invoke(JUnit4Provider.java:112)
	at sun.reflect.NativeMethodAccessorImpl.invoke0(Native Method)
	at sun.reflect.NativeMethodAccessorImpl.invoke(NativeMethodAccessorImpl.java:62)
	at sun.reflect.DelegatingMethodAccessorImpl.invoke(DelegatingMethodAccessorImpl.java:43)
	at java.lang.reflect.Method.invoke(Method.java:498)
	at org.apache.maven.surefire.util.ReflectionUtils.invokeMethodWithArray(ReflectionUtils.java:189)
	at org.apache.maven.surefire.booter.ProviderFactory$ProviderProxy.invoke(ProviderFactory.java:165)
	at org.apache.maven.surefire.booter.ProviderFactory.invokeProvider(ProviderFactory.java:85)
	at org.apache.maven.surefire.booter.ForkedBooter.runSuitesInProcess(ForkedBooter.java:115)
	at org.apache.maven.surefire.booter.ForkedBooter.main(ForkedBooter.java:75)
Caused by: Exception [EclipseLink-4002] (Eclipse Persistence Services - 2.7.6.v20200131-b7c997804f): org.eclipse.persistence.exceptions.DatabaseException
Internal Exception: org.h2.jdbc.JdbcSQLIntegrityConstraintViolationException: La columna &quot;DIRECCION&quot; no permite valores nulos (NULL)
NULL not allowed for column &quot;DIRECCION&quot;; SQL statement:
INSERT INTO CLIENTE (ID, CIUDAD, CODIGOPOSTAL, DIRECCION, ESTADO, FECHAALTA, FECHABAJA, IDENTIFICACION, PAIS, TIPOCLIENTE, USER_USER, DTYPE) VALUES (?, ?, ?, ?, ?, ?, ?, ?, ?, ?, ?, ?) [23502-200]
Error Code: 23502
Call: INSERT INTO CLIENTE (ID, CIUDAD, CODIGOPOSTAL, DIRECCION, ESTADO, FECHAALTA, FECHABAJA, IDENTIFICACION, PAIS, TIPOCLIENTE, USER_USER, DTYPE) VALUES (?, ?, ?, ?, ?, ?, ?, ?, ?, ?, ?, ?)
	bind =&gt; [12 parameters bound]
Query: InsertObjectQuery(Cliente{
id=2
identificacion=avenida de Murcia
tipoCliente=null
estado=Activo
fechaAlta=Thu Apr 28 17:23:38 CEST 2022
fechaBaja=null
direccion=null
ciudad=Murcia
codigopostal=29845
pais=Espana
cuentasFintech={[]}}Empresa{
razon_social=UCAM})
	at org.eclipse.persistence.exceptions.DatabaseException.sqlException(DatabaseException.java:333)
	at org.eclipse.persistence.internal.databaseaccess.DatabaseAccessor.executeDirectNoSelect(DatabaseAccessor.java:908)
	at org.eclipse.persistence.internal.databaseaccess.DatabaseAccessor.executeNoSelect(DatabaseAccessor.java:970)
	at org.eclipse.persistence.internal.databaseaccess.DatabaseAccessor.basicExecuteCall(DatabaseAccessor.java:640)
	at org.eclipse.persistence.internal.databaseaccess.DatabaseAccessor.executeCall(DatabaseAccessor.java:567)
	at org.eclipse.persistence.internal.sessions.AbstractSession.basicExecuteCall(AbstractSession.java:2099)
	at org.eclipse.persistence.sessions.server.ClientSession.executeCall(ClientSession.java:313)
	at org.eclipse.persistence.internal.queries.DatasourceCallQueryMechanism.executeCall(DatasourceCallQueryMechanism.java:275)
	at org.eclipse.persistence.internal.queries.DatasourceCallQueryMechanism.insertObject(DatasourceCallQueryMechanism.java:397)
	at org.eclipse.persistence.internal.queries.StatementQueryMechanism.insertObject(StatementQueryMechanism.java:167)
	at org.eclipse.persistence.internal.queries.StatementQueryMechanism.insertObject(StatementQueryMechanism.java:182)
	at org.eclipse.persistence.internal.queries.DatabaseQueryMechanism.insertObjectForWrite(DatabaseQueryMechanism.java:504)
	at org.eclipse.persistence.queries.InsertObjectQuery.executeCommit(InsertObjectQuery.java:82)
	at org.eclipse.persistence.queries.InsertObjectQuery.executeCommitWithChangeSet(InsertObjectQuery.java:92)
	at org.eclipse.persistence.internal.queries.DatabaseQueryMechanism.executeWriteWithChangeSet(DatabaseQueryMechanism.java:316)
	at org.eclipse.persistence.queries.WriteObjectQuery.executeDatabaseQuery(WriteObjectQuery.java:60)
	at org.eclipse.persistence.queries.DatabaseQuery.execute(DatabaseQuery.java:911)
	at org.eclipse.persistence.queries.DatabaseQuery.executeInUnitOfWork(DatabaseQuery.java:810)
	at org.eclipse.persistence.queries.ObjectLevelModifyQuery.executeInUnitOfWorkObjectLevelModifyQuery(ObjectLevelModifyQuery.java:110)
	at org.eclipse.persistence.queries.ObjectLevelModifyQuery.executeInUnitOfWork(ObjectLevelModifyQuery.java:87)
	at org.eclipse.persistence.internal.sessions.UnitOfWorkImpl.internalExecuteQuery(UnitOfWorkImpl.java:2983)
	at org.eclipse.persistence.internal.sessions.AbstractSession.executeQuery(AbstractSession.java:1898)
	at org.eclipse.persistence.internal.sessions.AbstractSession.executeQuery(AbstractSession.java:1880)
	at org.eclipse.persistence.internal.sessions.AbstractSession.executeQuery(AbstractSession.java:1830)
	at org.eclipse.persistence.internal.sessions.CommitManager.commitNewObjectsForClassWithChangeSet(CommitManager.java:229)
	at org.eclipse.persistence.internal.sessions.CommitManager.commitAllObjectsForClassWithChangeSet(CommitManager.java:196)
	at org.eclipse.persistence.internal.sessions.CommitManager.commitAllObjectsWithChangeSet(CommitManager.java:141)
	at org.eclipse.persistence.internal.sessions.AbstractSession.writeAllObjectsWithChangeSet(AbstractSession.java:4398)
	at org.eclipse.persistence.internal.sessions.UnitOfWorkImpl.commitToDatabase(UnitOfWorkImpl.java:1495)
	at org.eclipse.persistence.internal.sessions.UnitOfWorkImpl.commitToDatabaseWithChangeSet(UnitOfWorkImpl.java:1585)
	at org.eclipse.persistence.internal.sessions.RepeatableWriteUnitOfWork.commitRootUnitOfWork(RepeatableWriteUnitOfWork.java:280)
	at org.eclipse.persistence.internal.sessions.UnitOfWorkImpl.commitAndResume(UnitOfWorkImpl.java:1222)
	at org.eclipse.persistence.internal.jpa.transaction.EntityTransactionImpl.commit(EntityTransactionImpl.java:136)
	... 45 more
Caused by: org.h2.jdbc.JdbcSQLIntegrityConstraintViolationException: La columna &quot;DIRECCION&quot; no permite valores nulos (NULL)
NULL not allowed for column &quot;DIRECCION&quot;; SQL statement:
INSERT INTO CLIENTE (ID, CIUDAD, CODIGOPOSTAL, DIRECCION, ESTADO, FECHAALTA, FECHABAJA, IDENTIFICACION, PAIS, TIPOCLIENTE, USER_USER, DTYPE) VALUES (?, ?, ?, ?, ?, ?, ?, ?, ?, ?, ?, ?) [23502-200]
	at org.h2.message.DbException.getJdbcSQLException(DbException.java:459)
	at org.h2.message.DbException.getJdbcSQLException(DbException.java:429)
	at org.h2.message.DbException.get(DbException.java:205)
	at org.h2.message.DbException.get(DbException.java:181)
	at org.h2.table.Column.validateConvertUpdateSequence(Column.java:374)
	at org.h2.table.Table.validateConvertUpdateSequence(Table.java:845)
	at org.h2.command.dml.Insert.insertRows(Insert.java:187)
	at org.h2.command.dml.Insert.update(Insert.java:151)
	at org.h2.command.CommandContainer.update(CommandContainer.java:198)
	at org.h2.command.Command.executeUpdate(Command.java:251)
	at org.h2.jdbc.JdbcPreparedStatement.executeUpdateInternal(JdbcPreparedStatement.java:191)
	at org.h2.jdbc.JdbcPreparedStatement.executeUpdate(JdbcPreparedStatement.java:152)
	at org.eclipse.persistence.internal.databaseaccess.DatabaseAccessor.executeDirectNoSelect(DatabaseAccessor.java:898)
	... 76 more
</error>
    <system-out>[EL Warning]: 2022-04-28 17:23:38.47--UnitOfWork(340227593)--Exception [EclipseLink-4002] (Eclipse Persistence Services - 2.7.6.v20200131-b7c997804f): org.eclipse.persistence.exceptions.DatabaseException
Internal Exception: org.h2.jdbc.JdbcSQLIntegrityConstraintViolationException: La columna &quot;DIRECCION&quot; no permite valores nulos (NULL)
NULL not allowed for column &quot;DIRECCION&quot;; SQL statement:
INSERT INTO CLIENTE (ID, CIUDAD, CODIGOPOSTAL, DIRECCION, ESTADO, FECHAALTA, FECHABAJA, IDENTIFICACION, PAIS, TIPOCLIENTE, USER_USER, DTYPE) VALUES (?, ?, ?, ?, ?, ?, ?, ?, ?, ?, ?, ?) [23502-200]
Error Code: 23502
Call: INSERT INTO CLIENTE (ID, CIUDAD, CODIGOPOSTAL, DIRECCION, ESTADO, FECHAALTA, FECHABAJA, IDENTIFICACION, PAIS, TIPOCLIENTE, USER_USER, DTYPE) VALUES (?, ?, ?, ?, ?, ?, ?, ?, ?, ?, ?, ?)
	bind =&gt; [12 parameters bound]
Query: InsertObjectQuery(Cliente{
id=2
identificacion=avenida de Murcia
tipoCliente=null
estado=Activo
fechaAlta=Thu Apr 28 17:23:38 CEST 2022
fechaBaja=null
direccion=null
ciudad=Murcia
codigopostal=29845
pais=Espana
cuentasFintech={[]}}Empresa{
razon_social=UCAM})
</system-out>
  </testcase>
  <testcase classname="ma3s.fintech.test.Clientes" name="testModNombreIndividualCampoVacio" time="0.04">
    <error message="Exception [EclipseLink-4002] (Eclipse Persistence Services - 2.7.6.v20200131-b7c997804f): org.eclipse.persistence.exceptions.DatabaseException
Internal Exception: org.h2.jdbc.JdbcSQLIntegrityConstraintViolationException: La columna &quot;DIRECCION&quot; no permite valores nulos (NULL)
NULL not allowed for column &quot;DIRECCION&quot;; SQL statement:
INSERT INTO CLIENTE (ID, CIUDAD, CODIGOPOSTAL, DIRECCION, ESTADO, FECHAALTA, FECHABAJA, IDENTIFICACION, PAIS, TIPOCLIENTE, USER_USER, DTYPE) VALUES (?, ?, ?, ?, ?, ?, ?, ?, ?, ?, ?, ?) [23502-200]
Error Code: 23502
Call: INSERT INTO CLIENTE (ID, CIUDAD, CODIGOPOSTAL, DIRECCION, ESTADO, FECHAALTA, FECHABAJA, IDENTIFICACION, PAIS, TIPOCLIENTE, USER_USER, DTYPE) VALUES (?, ?, ?, ?, ?, ?, ?, ?, ?, ?, ?, ?)
	bind =&gt; [12 parameters bound]
Query: InsertObjectQuery(Cliente{
id=2
identificacion=avenida de Murcia
tipoCliente=null
estado=Activo
fechaAlta=Thu Apr 28 17:23:38 CEST 2022
fechaBaja=null
direccion=null
ciudad=Murcia
codigopostal=29845
pais=Espana
cuentasFintech={[]}}Empresa{
razon_social=UCAM})" type="javax.persistence.RollbackException">javax.persistence.RollbackException: Exception [EclipseLink-4002] (Eclipse Persistence Services - 2.7.6.v20200131-b7c997804f): org.eclipse.persistence.exceptions.DatabaseException
Internal Exception: org.h2.jdbc.JdbcSQLIntegrityConstraintViolationException: La columna &quot;DIRECCION&quot; no permite valores nulos (NULL)
NULL not allowed for column &quot;DIRECCION&quot;; SQL statement:
INSERT INTO CLIENTE (ID, CIUDAD, CODIGOPOSTAL, DIRECCION, ESTADO, FECHAALTA, FECHABAJA, IDENTIFICACION, PAIS, TIPOCLIENTE, USER_USER, DTYPE) VALUES (?, ?, ?, ?, ?, ?, ?, ?, ?, ?, ?, ?) [23502-200]
Error Code: 23502
Call: INSERT INTO CLIENTE (ID, CIUDAD, CODIGOPOSTAL, DIRECCION, ESTADO, FECHAALTA, FECHABAJA, IDENTIFICACION, PAIS, TIPOCLIENTE, USER_USER, DTYPE) VALUES (?, ?, ?, ?, ?, ?, ?, ?, ?, ?, ?, ?)
	bind =&gt; [12 parameters bound]
Query: InsertObjectQuery(Cliente{
id=2
identificacion=avenida de Murcia
tipoCliente=null
estado=Activo
fechaAlta=Thu Apr 28 17:23:38 CEST 2022
fechaBaja=null
direccion=null
ciudad=Murcia
codigopostal=29845
pais=Espana
cuentasFintech={[]}}Empresa{
razon_social=UCAM})
	at org.eclipse.persistence.internal.jpa.transaction.EntityTransactionImpl.commit(EntityTransactionImpl.java:161)
	at ma3s.fintech.test.BaseDatos.inicializaBaseDatos(BaseDatos.java:229)
	at ma3s.fintech.test.Clientes.setup(Clientes.java:31)
	at sun.reflect.GeneratedMethodAccessor24.invoke(Unknown Source)
	at sun.reflect.DelegatingMethodAccessorImpl.invoke(DelegatingMethodAccessorImpl.java:43)
	at java.lang.reflect.Method.invoke(Method.java:498)
	at org.junit.runners.model.FrameworkMethod$1.runReflectiveCall(FrameworkMethod.java:59)
	at org.junit.internal.runners.model.ReflectiveCallable.run(ReflectiveCallable.java:12)
	at org.junit.runners.model.FrameworkMethod.invokeExplosively(FrameworkMethod.java:56)
	at org.junit.internal.runners.statements.RunBefores.invokeMethod(RunBefores.java:33)
	at org.junit.internal.runners.statements.RunBefores.evaluate(RunBefores.java:24)
	at org.junit.runners.ParentRunner$3.evaluate(ParentRunner.java:306)
	at org.junit.runners.BlockJUnit4ClassRunner$1.evaluate(BlockJUnit4ClassRunner.java:100)
	at org.junit.runners.ParentRunner.runLeaf(ParentRunner.java:366)
	at org.junit.runners.BlockJUnit4ClassRunner.runChild(BlockJUnit4ClassRunner.java:103)
	at org.junit.runners.BlockJUnit4ClassRunner.runChild(BlockJUnit4ClassRunner.java:63)
	at org.junit.runners.ParentRunner$4.run(ParentRunner.java:331)
	at org.junit.runners.ParentRunner$1.schedule(ParentRunner.java:79)
	at org.junit.runners.ParentRunner.runChildren(ParentRunner.java:329)
	at org.junit.runners.ParentRunner.access$100(ParentRunner.java:66)
	at org.junit.runners.ParentRunner$2.evaluate(ParentRunner.java:293)
	at org.junit.runners.ParentRunner$3.evaluate(ParentRunner.java:306)
	at org.junit.runners.ParentRunner.run(ParentRunner.java:413)
	at org.junit.runners.Suite.runChild(Suite.java:128)
	at org.junit.runners.Suite.runChild(Suite.java:27)
	at org.junit.runners.ParentRunner$4.run(ParentRunner.java:331)
	at org.junit.runners.ParentRunner$1.schedule(ParentRunner.java:79)
	at org.junit.runners.ParentRunner.runChildren(ParentRunner.java:329)
	at org.junit.runners.ParentRunner.access$100(ParentRunner.java:66)
	at org.junit.runners.ParentRunner$2.evaluate(ParentRunner.java:293)
	at org.junit.internal.runners.statements.RunBefores.evaluate(RunBefores.java:26)
	at org.junit.internal.runners.statements.RunAfters.evaluate(RunAfters.java:27)
	at org.junit.runners.ParentRunner$3.evaluate(ParentRunner.java:306)
	at org.junit.runners.ParentRunner.run(ParentRunner.java:413)
	at org.apache.maven.surefire.junit4.JUnit4Provider.execute(JUnit4Provider.java:252)
	at org.apache.maven.surefire.junit4.JUnit4Provider.executeTestSet(JUnit4Provider.java:141)
	at org.apache.maven.surefire.junit4.JUnit4Provider.invoke(JUnit4Provider.java:112)
	at sun.reflect.NativeMethodAccessorImpl.invoke0(Native Method)
	at sun.reflect.NativeMethodAccessorImpl.invoke(NativeMethodAccessorImpl.java:62)
	at sun.reflect.DelegatingMethodAccessorImpl.invoke(DelegatingMethodAccessorImpl.java:43)
	at java.lang.reflect.Method.invoke(Method.java:498)
	at org.apache.maven.surefire.util.ReflectionUtils.invokeMethodWithArray(ReflectionUtils.java:189)
	at org.apache.maven.surefire.booter.ProviderFactory$ProviderProxy.invoke(ProviderFactory.java:165)
	at org.apache.maven.surefire.booter.ProviderFactory.invokeProvider(ProviderFactory.java:85)
	at org.apache.maven.surefire.booter.ForkedBooter.runSuitesInProcess(ForkedBooter.java:115)
	at org.apache.maven.surefire.booter.ForkedBooter.main(ForkedBooter.java:75)
Caused by: Exception [EclipseLink-4002] (Eclipse Persistence Services - 2.7.6.v20200131-b7c997804f): org.eclipse.persistence.exceptions.DatabaseException
Internal Exception: org.h2.jdbc.JdbcSQLIntegrityConstraintViolationException: La columna &quot;DIRECCION&quot; no permite valores nulos (NULL)
NULL not allowed for column &quot;DIRECCION&quot;; SQL statement:
INSERT INTO CLIENTE (ID, CIUDAD, CODIGOPOSTAL, DIRECCION, ESTADO, FECHAALTA, FECHABAJA, IDENTIFICACION, PAIS, TIPOCLIENTE, USER_USER, DTYPE) VALUES (?, ?, ?, ?, ?, ?, ?, ?, ?, ?, ?, ?) [23502-200]
Error Code: 23502
Call: INSERT INTO CLIENTE (ID, CIUDAD, CODIGOPOSTAL, DIRECCION, ESTADO, FECHAALTA, FECHABAJA, IDENTIFICACION, PAIS, TIPOCLIENTE, USER_USER, DTYPE) VALUES (?, ?, ?, ?, ?, ?, ?, ?, ?, ?, ?, ?)
	bind =&gt; [12 parameters bound]
Query: InsertObjectQuery(Cliente{
id=2
identificacion=avenida de Murcia
tipoCliente=null
estado=Activo
fechaAlta=Thu Apr 28 17:23:38 CEST 2022
fechaBaja=null
direccion=null
ciudad=Murcia
codigopostal=29845
pais=Espana
cuentasFintech={[]}}Empresa{
razon_social=UCAM})
	at org.eclipse.persistence.exceptions.DatabaseException.sqlException(DatabaseException.java:333)
	at org.eclipse.persistence.internal.databaseaccess.DatabaseAccessor.executeDirectNoSelect(DatabaseAccessor.java:908)
	at org.eclipse.persistence.internal.databaseaccess.DatabaseAccessor.executeNoSelect(DatabaseAccessor.java:970)
	at org.eclipse.persistence.internal.databaseaccess.DatabaseAccessor.basicExecuteCall(DatabaseAccessor.java:640)
	at org.eclipse.persistence.internal.databaseaccess.DatabaseAccessor.executeCall(DatabaseAccessor.java:567)
	at org.eclipse.persistence.internal.sessions.AbstractSession.basicExecuteCall(AbstractSession.java:2099)
	at org.eclipse.persistence.sessions.server.ClientSession.executeCall(ClientSession.java:313)
	at org.eclipse.persistence.internal.queries.DatasourceCallQueryMechanism.executeCall(DatasourceCallQueryMechanism.java:275)
	at org.eclipse.persistence.internal.queries.DatasourceCallQueryMechanism.insertObject(DatasourceCallQueryMechanism.java:397)
	at org.eclipse.persistence.internal.queries.StatementQueryMechanism.insertObject(StatementQueryMechanism.java:167)
	at org.eclipse.persistence.internal.queries.StatementQueryMechanism.insertObject(StatementQueryMechanism.java:182)
	at org.eclipse.persistence.internal.queries.DatabaseQueryMechanism.insertObjectForWrite(DatabaseQueryMechanism.java:504)
	at org.eclipse.persistence.queries.InsertObjectQuery.executeCommit(InsertObjectQuery.java:82)
	at org.eclipse.persistence.queries.InsertObjectQuery.executeCommitWithChangeSet(InsertObjectQuery.java:92)
	at org.eclipse.persistence.internal.queries.DatabaseQueryMechanism.executeWriteWithChangeSet(DatabaseQueryMechanism.java:316)
	at org.eclipse.persistence.queries.WriteObjectQuery.executeDatabaseQuery(WriteObjectQuery.java:60)
	at org.eclipse.persistence.queries.DatabaseQuery.execute(DatabaseQuery.java:911)
	at org.eclipse.persistence.queries.DatabaseQuery.executeInUnitOfWork(DatabaseQuery.java:810)
	at org.eclipse.persistence.queries.ObjectLevelModifyQuery.executeInUnitOfWorkObjectLevelModifyQuery(ObjectLevelModifyQuery.java:110)
	at org.eclipse.persistence.queries.ObjectLevelModifyQuery.executeInUnitOfWork(ObjectLevelModifyQuery.java:87)
	at org.eclipse.persistence.internal.sessions.UnitOfWorkImpl.internalExecuteQuery(UnitOfWorkImpl.java:2983)
	at org.eclipse.persistence.internal.sessions.AbstractSession.executeQuery(AbstractSession.java:1898)
	at org.eclipse.persistence.internal.sessions.AbstractSession.executeQuery(AbstractSession.java:1880)
	at org.eclipse.persistence.internal.sessions.AbstractSession.executeQuery(AbstractSession.java:1830)
	at org.eclipse.persistence.internal.sessions.CommitManager.commitNewObjectsForClassWithChangeSet(CommitManager.java:229)
	at org.eclipse.persistence.internal.sessions.CommitManager.commitAllObjectsForClassWithChangeSet(CommitManager.java:196)
	at org.eclipse.persistence.internal.sessions.CommitManager.commitAllObjectsWithChangeSet(CommitManager.java:141)
	at org.eclipse.persistence.internal.sessions.AbstractSession.writeAllObjectsWithChangeSet(AbstractSession.java:4398)
	at org.eclipse.persistence.internal.sessions.UnitOfWorkImpl.commitToDatabase(UnitOfWorkImpl.java:1495)
	at org.eclipse.persistence.internal.sessions.UnitOfWorkImpl.commitToDatabaseWithChangeSet(UnitOfWorkImpl.java:1585)
	at org.eclipse.persistence.internal.sessions.RepeatableWriteUnitOfWork.commitRootUnitOfWork(RepeatableWriteUnitOfWork.java:280)
	at org.eclipse.persistence.internal.sessions.UnitOfWorkImpl.commitAndResume(UnitOfWorkImpl.java:1222)
	at org.eclipse.persistence.internal.jpa.transaction.EntityTransactionImpl.commit(EntityTransactionImpl.java:136)
	... 45 more
Caused by: org.h2.jdbc.JdbcSQLIntegrityConstraintViolationException: La columna &quot;DIRECCION&quot; no permite valores nulos (NULL)
NULL not allowed for column &quot;DIRECCION&quot;; SQL statement:
INSERT INTO CLIENTE (ID, CIUDAD, CODIGOPOSTAL, DIRECCION, ESTADO, FECHAALTA, FECHABAJA, IDENTIFICACION, PAIS, TIPOCLIENTE, USER_USER, DTYPE) VALUES (?, ?, ?, ?, ?, ?, ?, ?, ?, ?, ?, ?) [23502-200]
	at org.h2.message.DbException.getJdbcSQLException(DbException.java:459)
	at org.h2.message.DbException.getJdbcSQLException(DbException.java:429)
	at org.h2.message.DbException.get(DbException.java:205)
	at org.h2.message.DbException.get(DbException.java:181)
	at org.h2.table.Column.validateConvertUpdateSequence(Column.java:374)
	at org.h2.table.Table.validateConvertUpdateSequence(Table.java:845)
	at org.h2.command.dml.Insert.insertRows(Insert.java:187)
	at org.h2.command.dml.Insert.update(Insert.java:151)
	at org.h2.command.CommandContainer.update(CommandContainer.java:198)
	at org.h2.command.Command.executeUpdate(Command.java:251)
	at org.h2.jdbc.JdbcPreparedStatement.executeUpdateInternal(JdbcPreparedStatement.java:191)
	at org.h2.jdbc.JdbcPreparedStatement.executeUpdate(JdbcPreparedStatement.java:152)
	at org.eclipse.persistence.internal.databaseaccess.DatabaseAccessor.executeDirectNoSelect(DatabaseAccessor.java:898)
	... 76 more
</error>
    <system-out>[EL Warning]: 2022-04-28 17:23:38.506--UnitOfWork(179828836)--Exception [EclipseLink-4002] (Eclipse Persistence Services - 2.7.6.v20200131-b7c997804f): org.eclipse.persistence.exceptions.DatabaseException
Internal Exception: org.h2.jdbc.JdbcSQLIntegrityConstraintViolationException: La columna &quot;DIRECCION&quot; no permite valores nulos (NULL)
NULL not allowed for column &quot;DIRECCION&quot;; SQL statement:
INSERT INTO CLIENTE (ID, CIUDAD, CODIGOPOSTAL, DIRECCION, ESTADO, FECHAALTA, FECHABAJA, IDENTIFICACION, PAIS, TIPOCLIENTE, USER_USER, DTYPE) VALUES (?, ?, ?, ?, ?, ?, ?, ?, ?, ?, ?, ?) [23502-200]
Error Code: 23502
Call: INSERT INTO CLIENTE (ID, CIUDAD, CODIGOPOSTAL, DIRECCION, ESTADO, FECHAALTA, FECHABAJA, IDENTIFICACION, PAIS, TIPOCLIENTE, USER_USER, DTYPE) VALUES (?, ?, ?, ?, ?, ?, ?, ?, ?, ?, ?, ?)
	bind =&gt; [12 parameters bound]
Query: InsertObjectQuery(Cliente{
id=2
identificacion=avenida de Murcia
tipoCliente=null
estado=Activo
fechaAlta=Thu Apr 28 17:23:38 CEST 2022
fechaBaja=null
direccion=null
ciudad=Murcia
codigopostal=29845
pais=Espana
cuentasFintech={[]}}Empresa{
razon_social=UCAM})
</system-out>
  </testcase>
  <testcase classname="ma3s.fintech.test.Clientes" name="testModApellidoIndividualCampoVacio" time="0.036">
    <error message="Exception [EclipseLink-4002] (Eclipse Persistence Services - 2.7.6.v20200131-b7c997804f): org.eclipse.persistence.exceptions.DatabaseException
Internal Exception: org.h2.jdbc.JdbcSQLIntegrityConstraintViolationException: La columna &quot;DIRECCION&quot; no permite valores nulos (NULL)
NULL not allowed for column &quot;DIRECCION&quot;; SQL statement:
INSERT INTO CLIENTE (ID, CIUDAD, CODIGOPOSTAL, DIRECCION, ESTADO, FECHAALTA, FECHABAJA, IDENTIFICACION, PAIS, TIPOCLIENTE, USER_USER, DTYPE) VALUES (?, ?, ?, ?, ?, ?, ?, ?, ?, ?, ?, ?) [23502-200]
Error Code: 23502
Call: INSERT INTO CLIENTE (ID, CIUDAD, CODIGOPOSTAL, DIRECCION, ESTADO, FECHAALTA, FECHABAJA, IDENTIFICACION, PAIS, TIPOCLIENTE, USER_USER, DTYPE) VALUES (?, ?, ?, ?, ?, ?, ?, ?, ?, ?, ?, ?)
	bind =&gt; [12 parameters bound]
Query: InsertObjectQuery(Cliente{
id=1
identificacion=Avenia Plutarco
tipoCliente=null
estado=Activo
fechaAlta=Thu Apr 28 17:23:38 CEST 2022
fechaBaja=null
direccion=null
ciudad=Malaga
codigopostal=29004
pais=Espana
cuentasFintech={[]}}Empresa{
razon_social=UMA})" type="javax.persistence.RollbackException">javax.persistence.RollbackException: Exception [EclipseLink-4002] (Eclipse Persistence Services - 2.7.6.v20200131-b7c997804f): org.eclipse.persistence.exceptions.DatabaseException
Internal Exception: org.h2.jdbc.JdbcSQLIntegrityConstraintViolationException: La columna &quot;DIRECCION&quot; no permite valores nulos (NULL)
NULL not allowed for column &quot;DIRECCION&quot;; SQL statement:
INSERT INTO CLIENTE (ID, CIUDAD, CODIGOPOSTAL, DIRECCION, ESTADO, FECHAALTA, FECHABAJA, IDENTIFICACION, PAIS, TIPOCLIENTE, USER_USER, DTYPE) VALUES (?, ?, ?, ?, ?, ?, ?, ?, ?, ?, ?, ?) [23502-200]
Error Code: 23502
Call: INSERT INTO CLIENTE (ID, CIUDAD, CODIGOPOSTAL, DIRECCION, ESTADO, FECHAALTA, FECHABAJA, IDENTIFICACION, PAIS, TIPOCLIENTE, USER_USER, DTYPE) VALUES (?, ?, ?, ?, ?, ?, ?, ?, ?, ?, ?, ?)
	bind =&gt; [12 parameters bound]
Query: InsertObjectQuery(Cliente{
id=1
identificacion=Avenia Plutarco
tipoCliente=null
estado=Activo
fechaAlta=Thu Apr 28 17:23:38 CEST 2022
fechaBaja=null
direccion=null
ciudad=Malaga
codigopostal=29004
pais=Espana
cuentasFintech={[]}}Empresa{
razon_social=UMA})
	at org.eclipse.persistence.internal.jpa.transaction.EntityTransactionImpl.commit(EntityTransactionImpl.java:161)
	at ma3s.fintech.test.BaseDatos.inicializaBaseDatos(BaseDatos.java:229)
	at ma3s.fintech.test.Clientes.setup(Clientes.java:31)
	at sun.reflect.GeneratedMethodAccessor24.invoke(Unknown Source)
	at sun.reflect.DelegatingMethodAccessorImpl.invoke(DelegatingMethodAccessorImpl.java:43)
	at java.lang.reflect.Method.invoke(Method.java:498)
	at org.junit.runners.model.FrameworkMethod$1.runReflectiveCall(FrameworkMethod.java:59)
	at org.junit.internal.runners.model.ReflectiveCallable.run(ReflectiveCallable.java:12)
	at org.junit.runners.model.FrameworkMethod.invokeExplosively(FrameworkMethod.java:56)
	at org.junit.internal.runners.statements.RunBefores.invokeMethod(RunBefores.java:33)
	at org.junit.internal.runners.statements.RunBefores.evaluate(RunBefores.java:24)
	at org.junit.runners.ParentRunner$3.evaluate(ParentRunner.java:306)
	at org.junit.runners.BlockJUnit4ClassRunner$1.evaluate(BlockJUnit4ClassRunner.java:100)
	at org.junit.runners.ParentRunner.runLeaf(ParentRunner.java:366)
	at org.junit.runners.BlockJUnit4ClassRunner.runChild(BlockJUnit4ClassRunner.java:103)
	at org.junit.runners.BlockJUnit4ClassRunner.runChild(BlockJUnit4ClassRunner.java:63)
	at org.junit.runners.ParentRunner$4.run(ParentRunner.java:331)
	at org.junit.runners.ParentRunner$1.schedule(ParentRunner.java:79)
	at org.junit.runners.ParentRunner.runChildren(ParentRunner.java:329)
	at org.junit.runners.ParentRunner.access$100(ParentRunner.java:66)
	at org.junit.runners.ParentRunner$2.evaluate(ParentRunner.java:293)
	at org.junit.runners.ParentRunner$3.evaluate(ParentRunner.java:306)
	at org.junit.runners.ParentRunner.run(ParentRunner.java:413)
	at org.junit.runners.Suite.runChild(Suite.java:128)
	at org.junit.runners.Suite.runChild(Suite.java:27)
	at org.junit.runners.ParentRunner$4.run(ParentRunner.java:331)
	at org.junit.runners.ParentRunner$1.schedule(ParentRunner.java:79)
	at org.junit.runners.ParentRunner.runChildren(ParentRunner.java:329)
	at org.junit.runners.ParentRunner.access$100(ParentRunner.java:66)
	at org.junit.runners.ParentRunner$2.evaluate(ParentRunner.java:293)
	at org.junit.internal.runners.statements.RunBefores.evaluate(RunBefores.java:26)
	at org.junit.internal.runners.statements.RunAfters.evaluate(RunAfters.java:27)
	at org.junit.runners.ParentRunner$3.evaluate(ParentRunner.java:306)
	at org.junit.runners.ParentRunner.run(ParentRunner.java:413)
	at org.apache.maven.surefire.junit4.JUnit4Provider.execute(JUnit4Provider.java:252)
	at org.apache.maven.surefire.junit4.JUnit4Provider.executeTestSet(JUnit4Provider.java:141)
	at org.apache.maven.surefire.junit4.JUnit4Provider.invoke(JUnit4Provider.java:112)
	at sun.reflect.NativeMethodAccessorImpl.invoke0(Native Method)
	at sun.reflect.NativeMethodAccessorImpl.invoke(NativeMethodAccessorImpl.java:62)
	at sun.reflect.DelegatingMethodAccessorImpl.invoke(DelegatingMethodAccessorImpl.java:43)
	at java.lang.reflect.Method.invoke(Method.java:498)
	at org.apache.maven.surefire.util.ReflectionUtils.invokeMethodWithArray(ReflectionUtils.java:189)
	at org.apache.maven.surefire.booter.ProviderFactory$ProviderProxy.invoke(ProviderFactory.java:165)
	at org.apache.maven.surefire.booter.ProviderFactory.invokeProvider(ProviderFactory.java:85)
	at org.apache.maven.surefire.booter.ForkedBooter.runSuitesInProcess(ForkedBooter.java:115)
	at org.apache.maven.surefire.booter.ForkedBooter.main(ForkedBooter.java:75)
Caused by: Exception [EclipseLink-4002] (Eclipse Persistence Services - 2.7.6.v20200131-b7c997804f): org.eclipse.persistence.exceptions.DatabaseException
Internal Exception: org.h2.jdbc.JdbcSQLIntegrityConstraintViolationException: La columna &quot;DIRECCION&quot; no permite valores nulos (NULL)
NULL not allowed for column &quot;DIRECCION&quot;; SQL statement:
INSERT INTO CLIENTE (ID, CIUDAD, CODIGOPOSTAL, DIRECCION, ESTADO, FECHAALTA, FECHABAJA, IDENTIFICACION, PAIS, TIPOCLIENTE, USER_USER, DTYPE) VALUES (?, ?, ?, ?, ?, ?, ?, ?, ?, ?, ?, ?) [23502-200]
Error Code: 23502
Call: INSERT INTO CLIENTE (ID, CIUDAD, CODIGOPOSTAL, DIRECCION, ESTADO, FECHAALTA, FECHABAJA, IDENTIFICACION, PAIS, TIPOCLIENTE, USER_USER, DTYPE) VALUES (?, ?, ?, ?, ?, ?, ?, ?, ?, ?, ?, ?)
	bind =&gt; [12 parameters bound]
Query: InsertObjectQuery(Cliente{
id=1
identificacion=Avenia Plutarco
tipoCliente=null
estado=Activo
fechaAlta=Thu Apr 28 17:23:38 CEST 2022
fechaBaja=null
direccion=null
ciudad=Malaga
codigopostal=29004
pais=Espana
cuentasFintech={[]}}Empresa{
razon_social=UMA})
	at org.eclipse.persistence.exceptions.DatabaseException.sqlException(DatabaseException.java:333)
	at org.eclipse.persistence.internal.databaseaccess.DatabaseAccessor.executeDirectNoSelect(DatabaseAccessor.java:908)
	at org.eclipse.persistence.internal.databaseaccess.DatabaseAccessor.executeNoSelect(DatabaseAccessor.java:970)
	at org.eclipse.persistence.internal.databaseaccess.DatabaseAccessor.basicExecuteCall(DatabaseAccessor.java:640)
	at org.eclipse.persistence.internal.databaseaccess.DatabaseAccessor.executeCall(DatabaseAccessor.java:567)
	at org.eclipse.persistence.internal.sessions.AbstractSession.basicExecuteCall(AbstractSession.java:2099)
	at org.eclipse.persistence.sessions.server.ClientSession.executeCall(ClientSession.java:313)
	at org.eclipse.persistence.internal.queries.DatasourceCallQueryMechanism.executeCall(DatasourceCallQueryMechanism.java:275)
	at org.eclipse.persistence.internal.queries.DatasourceCallQueryMechanism.insertObject(DatasourceCallQueryMechanism.java:397)
	at org.eclipse.persistence.internal.queries.StatementQueryMechanism.insertObject(StatementQueryMechanism.java:167)
	at org.eclipse.persistence.internal.queries.StatementQueryMechanism.insertObject(StatementQueryMechanism.java:182)
	at org.eclipse.persistence.internal.queries.DatabaseQueryMechanism.insertObjectForWrite(DatabaseQueryMechanism.java:504)
	at org.eclipse.persistence.queries.InsertObjectQuery.executeCommit(InsertObjectQuery.java:82)
	at org.eclipse.persistence.queries.InsertObjectQuery.executeCommitWithChangeSet(InsertObjectQuery.java:92)
	at org.eclipse.persistence.internal.queries.DatabaseQueryMechanism.executeWriteWithChangeSet(DatabaseQueryMechanism.java:316)
	at org.eclipse.persistence.queries.WriteObjectQuery.executeDatabaseQuery(WriteObjectQuery.java:60)
	at org.eclipse.persistence.queries.DatabaseQuery.execute(DatabaseQuery.java:911)
	at org.eclipse.persistence.queries.DatabaseQuery.executeInUnitOfWork(DatabaseQuery.java:810)
	at org.eclipse.persistence.queries.ObjectLevelModifyQuery.executeInUnitOfWorkObjectLevelModifyQuery(ObjectLevelModifyQuery.java:110)
	at org.eclipse.persistence.queries.ObjectLevelModifyQuery.executeInUnitOfWork(ObjectLevelModifyQuery.java:87)
	at org.eclipse.persistence.internal.sessions.UnitOfWorkImpl.internalExecuteQuery(UnitOfWorkImpl.java:2983)
	at org.eclipse.persistence.internal.sessions.AbstractSession.executeQuery(AbstractSession.java:1898)
	at org.eclipse.persistence.internal.sessions.AbstractSession.executeQuery(AbstractSession.java:1880)
	at org.eclipse.persistence.internal.sessions.AbstractSession.executeQuery(AbstractSession.java:1830)
	at org.eclipse.persistence.internal.sessions.CommitManager.commitNewObjectsForClassWithChangeSet(CommitManager.java:229)
	at org.eclipse.persistence.internal.sessions.CommitManager.commitAllObjectsForClassWithChangeSet(CommitManager.java:196)
	at org.eclipse.persistence.internal.sessions.CommitManager.commitAllObjectsWithChangeSet(CommitManager.java:141)
	at org.eclipse.persistence.internal.sessions.AbstractSession.writeAllObjectsWithChangeSet(AbstractSession.java:4398)
	at org.eclipse.persistence.internal.sessions.UnitOfWorkImpl.commitToDatabase(UnitOfWorkImpl.java:1495)
	at org.eclipse.persistence.internal.sessions.UnitOfWorkImpl.commitToDatabaseWithChangeSet(UnitOfWorkImpl.java:1585)
	at org.eclipse.persistence.internal.sessions.RepeatableWriteUnitOfWork.commitRootUnitOfWork(RepeatableWriteUnitOfWork.java:280)
	at org.eclipse.persistence.internal.sessions.UnitOfWorkImpl.commitAndResume(UnitOfWorkImpl.java:1222)
	at org.eclipse.persistence.internal.jpa.transaction.EntityTransactionImpl.commit(EntityTransactionImpl.java:136)
	... 45 more
Caused by: org.h2.jdbc.JdbcSQLIntegrityConstraintViolationException: La columna &quot;DIRECCION&quot; no permite valores nulos (NULL)
NULL not allowed for column &quot;DIRECCION&quot;; SQL statement:
INSERT INTO CLIENTE (ID, CIUDAD, CODIGOPOSTAL, DIRECCION, ESTADO, FECHAALTA, FECHABAJA, IDENTIFICACION, PAIS, TIPOCLIENTE, USER_USER, DTYPE) VALUES (?, ?, ?, ?, ?, ?, ?, ?, ?, ?, ?, ?) [23502-200]
	at org.h2.message.DbException.getJdbcSQLException(DbException.java:459)
	at org.h2.message.DbException.getJdbcSQLException(DbException.java:429)
	at org.h2.message.DbException.get(DbException.java:205)
	at org.h2.message.DbException.get(DbException.java:181)
	at org.h2.table.Column.validateConvertUpdateSequence(Column.java:374)
	at org.h2.table.Table.validateConvertUpdateSequence(Table.java:845)
	at org.h2.command.dml.Insert.insertRows(Insert.java:187)
	at org.h2.command.dml.Insert.update(Insert.java:151)
	at org.h2.command.CommandContainer.update(CommandContainer.java:198)
	at org.h2.command.Command.executeUpdate(Command.java:251)
	at org.h2.jdbc.JdbcPreparedStatement.executeUpdateInternal(JdbcPreparedStatement.java:191)
	at org.h2.jdbc.JdbcPreparedStatement.executeUpdate(JdbcPreparedStatement.java:152)
	at org.eclipse.persistence.internal.databaseaccess.DatabaseAccessor.executeDirectNoSelect(DatabaseAccessor.java:898)
	... 76 more
</error>
    <system-out>[EL Warning]: 2022-04-28 17:23:38.548--UnitOfWork(1974329463)--Exception [EclipseLink-4002] (Eclipse Persistence Services - 2.7.6.v20200131-b7c997804f): org.eclipse.persistence.exceptions.DatabaseException
Internal Exception: org.h2.jdbc.JdbcSQLIntegrityConstraintViolationException: La columna &quot;DIRECCION&quot; no permite valores nulos (NULL)
NULL not allowed for column &quot;DIRECCION&quot;; SQL statement:
INSERT INTO CLIENTE (ID, CIUDAD, CODIGOPOSTAL, DIRECCION, ESTADO, FECHAALTA, FECHABAJA, IDENTIFICACION, PAIS, TIPOCLIENTE, USER_USER, DTYPE) VALUES (?, ?, ?, ?, ?, ?, ?, ?, ?, ?, ?, ?) [23502-200]
Error Code: 23502
Call: INSERT INTO CLIENTE (ID, CIUDAD, CODIGOPOSTAL, DIRECCION, ESTADO, FECHAALTA, FECHABAJA, IDENTIFICACION, PAIS, TIPOCLIENTE, USER_USER, DTYPE) VALUES (?, ?, ?, ?, ?, ?, ?, ?, ?, ?, ?, ?)
	bind =&gt; [12 parameters bound]
Query: InsertObjectQuery(Cliente{
id=1
identificacion=Avenia Plutarco
tipoCliente=null
estado=Activo
fechaAlta=Thu Apr 28 17:23:38 CEST 2022
fechaBaja=null
direccion=null
ciudad=Malaga
codigopostal=29004
pais=Espana
cuentasFintech={[]}}Empresa{
razon_social=UMA})
</system-out>
  </testcase>
  <testcase classname="ma3s.fintech.test.Clientes" name="testModCodigoPostalNoExistente" time="0.03">
    <error message="Exception [EclipseLink-4002] (Eclipse Persistence Services - 2.7.6.v20200131-b7c997804f): org.eclipse.persistence.exceptions.DatabaseException
Internal Exception: org.h2.jdbc.JdbcSQLIntegrityConstraintViolationException: La columna &quot;DIRECCION&quot; no permite valores nulos (NULL)
NULL not allowed for column &quot;DIRECCION&quot;; SQL statement:
INSERT INTO CLIENTE (ID, CIUDAD, CODIGOPOSTAL, DIRECCION, ESTADO, FECHAALTA, FECHABAJA, IDENTIFICACION, PAIS, TIPOCLIENTE, USER_USER, DTYPE) VALUES (?, ?, ?, ?, ?, ?, ?, ?, ?, ?, ?, ?) [23502-200]
Error Code: 23502
Call: INSERT INTO CLIENTE (ID, CIUDAD, CODIGOPOSTAL, DIRECCION, ESTADO, FECHAALTA, FECHABAJA, IDENTIFICACION, PAIS, TIPOCLIENTE, USER_USER, DTYPE) VALUES (?, ?, ?, ?, ?, ?, ?, ?, ?, ?, ?, ?)
	bind =&gt; [12 parameters bound]
Query: InsertObjectQuery(Cliente{
id=2
identificacion=avenida de Murcia
tipoCliente=null
estado=Activo
fechaAlta=Thu Apr 28 17:23:38 CEST 2022
fechaBaja=null
direccion=null
ciudad=Murcia
codigopostal=29845
pais=Espana
cuentasFintech={[]}}Empresa{
razon_social=UCAM})" type="javax.persistence.RollbackException">javax.persistence.RollbackException: Exception [EclipseLink-4002] (Eclipse Persistence Services - 2.7.6.v20200131-b7c997804f): org.eclipse.persistence.exceptions.DatabaseException
Internal Exception: org.h2.jdbc.JdbcSQLIntegrityConstraintViolationException: La columna &quot;DIRECCION&quot; no permite valores nulos (NULL)
NULL not allowed for column &quot;DIRECCION&quot;; SQL statement:
INSERT INTO CLIENTE (ID, CIUDAD, CODIGOPOSTAL, DIRECCION, ESTADO, FECHAALTA, FECHABAJA, IDENTIFICACION, PAIS, TIPOCLIENTE, USER_USER, DTYPE) VALUES (?, ?, ?, ?, ?, ?, ?, ?, ?, ?, ?, ?) [23502-200]
Error Code: 23502
Call: INSERT INTO CLIENTE (ID, CIUDAD, CODIGOPOSTAL, DIRECCION, ESTADO, FECHAALTA, FECHABAJA, IDENTIFICACION, PAIS, TIPOCLIENTE, USER_USER, DTYPE) VALUES (?, ?, ?, ?, ?, ?, ?, ?, ?, ?, ?, ?)
	bind =&gt; [12 parameters bound]
Query: InsertObjectQuery(Cliente{
id=2
identificacion=avenida de Murcia
tipoCliente=null
estado=Activo
fechaAlta=Thu Apr 28 17:23:38 CEST 2022
fechaBaja=null
direccion=null
ciudad=Murcia
codigopostal=29845
pais=Espana
cuentasFintech={[]}}Empresa{
razon_social=UCAM})
	at org.eclipse.persistence.internal.jpa.transaction.EntityTransactionImpl.commit(EntityTransactionImpl.java:161)
	at ma3s.fintech.test.BaseDatos.inicializaBaseDatos(BaseDatos.java:229)
	at ma3s.fintech.test.Clientes.setup(Clientes.java:31)
	at sun.reflect.GeneratedMethodAccessor24.invoke(Unknown Source)
	at sun.reflect.DelegatingMethodAccessorImpl.invoke(DelegatingMethodAccessorImpl.java:43)
	at java.lang.reflect.Method.invoke(Method.java:498)
	at org.junit.runners.model.FrameworkMethod$1.runReflectiveCall(FrameworkMethod.java:59)
	at org.junit.internal.runners.model.ReflectiveCallable.run(ReflectiveCallable.java:12)
	at org.junit.runners.model.FrameworkMethod.invokeExplosively(FrameworkMethod.java:56)
	at org.junit.internal.runners.statements.RunBefores.invokeMethod(RunBefores.java:33)
	at org.junit.internal.runners.statements.RunBefores.evaluate(RunBefores.java:24)
	at org.junit.runners.ParentRunner$3.evaluate(ParentRunner.java:306)
	at org.junit.runners.BlockJUnit4ClassRunner$1.evaluate(BlockJUnit4ClassRunner.java:100)
	at org.junit.runners.ParentRunner.runLeaf(ParentRunner.java:366)
	at org.junit.runners.BlockJUnit4ClassRunner.runChild(BlockJUnit4ClassRunner.java:103)
	at org.junit.runners.BlockJUnit4ClassRunner.runChild(BlockJUnit4ClassRunner.java:63)
	at org.junit.runners.ParentRunner$4.run(ParentRunner.java:331)
	at org.junit.runners.ParentRunner$1.schedule(ParentRunner.java:79)
	at org.junit.runners.ParentRunner.runChildren(ParentRunner.java:329)
	at org.junit.runners.ParentRunner.access$100(ParentRunner.java:66)
	at org.junit.runners.ParentRunner$2.evaluate(ParentRunner.java:293)
	at org.junit.runners.ParentRunner$3.evaluate(ParentRunner.java:306)
	at org.junit.runners.ParentRunner.run(ParentRunner.java:413)
	at org.junit.runners.Suite.runChild(Suite.java:128)
	at org.junit.runners.Suite.runChild(Suite.java:27)
	at org.junit.runners.ParentRunner$4.run(ParentRunner.java:331)
	at org.junit.runners.ParentRunner$1.schedule(ParentRunner.java:79)
	at org.junit.runners.ParentRunner.runChildren(ParentRunner.java:329)
	at org.junit.runners.ParentRunner.access$100(ParentRunner.java:66)
	at org.junit.runners.ParentRunner$2.evaluate(ParentRunner.java:293)
	at org.junit.internal.runners.statements.RunBefores.evaluate(RunBefores.java:26)
	at org.junit.internal.runners.statements.RunAfters.evaluate(RunAfters.java:27)
	at org.junit.runners.ParentRunner$3.evaluate(ParentRunner.java:306)
	at org.junit.runners.ParentRunner.run(ParentRunner.java:413)
	at org.apache.maven.surefire.junit4.JUnit4Provider.execute(JUnit4Provider.java:252)
	at org.apache.maven.surefire.junit4.JUnit4Provider.executeTestSet(JUnit4Provider.java:141)
	at org.apache.maven.surefire.junit4.JUnit4Provider.invoke(JUnit4Provider.java:112)
	at sun.reflect.NativeMethodAccessorImpl.invoke0(Native Method)
	at sun.reflect.NativeMethodAccessorImpl.invoke(NativeMethodAccessorImpl.java:62)
	at sun.reflect.DelegatingMethodAccessorImpl.invoke(DelegatingMethodAccessorImpl.java:43)
	at java.lang.reflect.Method.invoke(Method.java:498)
	at org.apache.maven.surefire.util.ReflectionUtils.invokeMethodWithArray(ReflectionUtils.java:189)
	at org.apache.maven.surefire.booter.ProviderFactory$ProviderProxy.invoke(ProviderFactory.java:165)
	at org.apache.maven.surefire.booter.ProviderFactory.invokeProvider(ProviderFactory.java:85)
	at org.apache.maven.surefire.booter.ForkedBooter.runSuitesInProcess(ForkedBooter.java:115)
	at org.apache.maven.surefire.booter.ForkedBooter.main(ForkedBooter.java:75)
Caused by: Exception [EclipseLink-4002] (Eclipse Persistence Services - 2.7.6.v20200131-b7c997804f): org.eclipse.persistence.exceptions.DatabaseException
Internal Exception: org.h2.jdbc.JdbcSQLIntegrityConstraintViolationException: La columna &quot;DIRECCION&quot; no permite valores nulos (NULL)
NULL not allowed for column &quot;DIRECCION&quot;; SQL statement:
INSERT INTO CLIENTE (ID, CIUDAD, CODIGOPOSTAL, DIRECCION, ESTADO, FECHAALTA, FECHABAJA, IDENTIFICACION, PAIS, TIPOCLIENTE, USER_USER, DTYPE) VALUES (?, ?, ?, ?, ?, ?, ?, ?, ?, ?, ?, ?) [23502-200]
Error Code: 23502
Call: INSERT INTO CLIENTE (ID, CIUDAD, CODIGOPOSTAL, DIRECCION, ESTADO, FECHAALTA, FECHABAJA, IDENTIFICACION, PAIS, TIPOCLIENTE, USER_USER, DTYPE) VALUES (?, ?, ?, ?, ?, ?, ?, ?, ?, ?, ?, ?)
	bind =&gt; [12 parameters bound]
Query: InsertObjectQuery(Cliente{
id=2
identificacion=avenida de Murcia
tipoCliente=null
estado=Activo
fechaAlta=Thu Apr 28 17:23:38 CEST 2022
fechaBaja=null
direccion=null
ciudad=Murcia
codigopostal=29845
pais=Espana
cuentasFintech={[]}}Empresa{
razon_social=UCAM})
	at org.eclipse.persistence.exceptions.DatabaseException.sqlException(DatabaseException.java:333)
	at org.eclipse.persistence.internal.databaseaccess.DatabaseAccessor.executeDirectNoSelect(DatabaseAccessor.java:908)
	at org.eclipse.persistence.internal.databaseaccess.DatabaseAccessor.executeNoSelect(DatabaseAccessor.java:970)
	at org.eclipse.persistence.internal.databaseaccess.DatabaseAccessor.basicExecuteCall(DatabaseAccessor.java:640)
	at org.eclipse.persistence.internal.databaseaccess.DatabaseAccessor.executeCall(DatabaseAccessor.java:567)
	at org.eclipse.persistence.internal.sessions.AbstractSession.basicExecuteCall(AbstractSession.java:2099)
	at org.eclipse.persistence.sessions.server.ClientSession.executeCall(ClientSession.java:313)
	at org.eclipse.persistence.internal.queries.DatasourceCallQueryMechanism.executeCall(DatasourceCallQueryMechanism.java:275)
	at org.eclipse.persistence.internal.queries.DatasourceCallQueryMechanism.insertObject(DatasourceCallQueryMechanism.java:397)
	at org.eclipse.persistence.internal.queries.StatementQueryMechanism.insertObject(StatementQueryMechanism.java:167)
	at org.eclipse.persistence.internal.queries.StatementQueryMechanism.insertObject(StatementQueryMechanism.java:182)
	at org.eclipse.persistence.internal.queries.DatabaseQueryMechanism.insertObjectForWrite(DatabaseQueryMechanism.java:504)
	at org.eclipse.persistence.queries.InsertObjectQuery.executeCommit(InsertObjectQuery.java:82)
	at org.eclipse.persistence.queries.InsertObjectQuery.executeCommitWithChangeSet(InsertObjectQuery.java:92)
	at org.eclipse.persistence.internal.queries.DatabaseQueryMechanism.executeWriteWithChangeSet(DatabaseQueryMechanism.java:316)
	at org.eclipse.persistence.queries.WriteObjectQuery.executeDatabaseQuery(WriteObjectQuery.java:60)
	at org.eclipse.persistence.queries.DatabaseQuery.execute(DatabaseQuery.java:911)
	at org.eclipse.persistence.queries.DatabaseQuery.executeInUnitOfWork(DatabaseQuery.java:810)
	at org.eclipse.persistence.queries.ObjectLevelModifyQuery.executeInUnitOfWorkObjectLevelModifyQuery(ObjectLevelModifyQuery.java:110)
	at org.eclipse.persistence.queries.ObjectLevelModifyQuery.executeInUnitOfWork(ObjectLevelModifyQuery.java:87)
	at org.eclipse.persistence.internal.sessions.UnitOfWorkImpl.internalExecuteQuery(UnitOfWorkImpl.java:2983)
	at org.eclipse.persistence.internal.sessions.AbstractSession.executeQuery(AbstractSession.java:1898)
	at org.eclipse.persistence.internal.sessions.AbstractSession.executeQuery(AbstractSession.java:1880)
	at org.eclipse.persistence.internal.sessions.AbstractSession.executeQuery(AbstractSession.java:1830)
	at org.eclipse.persistence.internal.sessions.CommitManager.commitNewObjectsForClassWithChangeSet(CommitManager.java:229)
	at org.eclipse.persistence.internal.sessions.CommitManager.commitAllObjectsForClassWithChangeSet(CommitManager.java:196)
	at org.eclipse.persistence.internal.sessions.CommitManager.commitAllObjectsWithChangeSet(CommitManager.java:141)
	at org.eclipse.persistence.internal.sessions.AbstractSession.writeAllObjectsWithChangeSet(AbstractSession.java:4398)
	at org.eclipse.persistence.internal.sessions.UnitOfWorkImpl.commitToDatabase(UnitOfWorkImpl.java:1495)
	at org.eclipse.persistence.internal.sessions.UnitOfWorkImpl.commitToDatabaseWithChangeSet(UnitOfWorkImpl.java:1585)
	at org.eclipse.persistence.internal.sessions.RepeatableWriteUnitOfWork.commitRootUnitOfWork(RepeatableWriteUnitOfWork.java:280)
	at org.eclipse.persistence.internal.sessions.UnitOfWorkImpl.commitAndResume(UnitOfWorkImpl.java:1222)
	at org.eclipse.persistence.internal.jpa.transaction.EntityTransactionImpl.commit(EntityTransactionImpl.java:136)
	... 45 more
Caused by: org.h2.jdbc.JdbcSQLIntegrityConstraintViolationException: La columna &quot;DIRECCION&quot; no permite valores nulos (NULL)
NULL not allowed for column &quot;DIRECCION&quot;; SQL statement:
INSERT INTO CLIENTE (ID, CIUDAD, CODIGOPOSTAL, DIRECCION, ESTADO, FECHAALTA, FECHABAJA, IDENTIFICACION, PAIS, TIPOCLIENTE, USER_USER, DTYPE) VALUES (?, ?, ?, ?, ?, ?, ?, ?, ?, ?, ?, ?) [23502-200]
	at org.h2.message.DbException.getJdbcSQLException(DbException.java:459)
	at org.h2.message.DbException.getJdbcSQLException(DbException.java:429)
	at org.h2.message.DbException.get(DbException.java:205)
	at org.h2.message.DbException.get(DbException.java:181)
	at org.h2.table.Column.validateConvertUpdateSequence(Column.java:374)
	at org.h2.table.Table.validateConvertUpdateSequence(Table.java:845)
	at org.h2.command.dml.Insert.insertRows(Insert.java:187)
	at org.h2.command.dml.Insert.update(Insert.java:151)
	at org.h2.command.CommandContainer.update(CommandContainer.java:198)
	at org.h2.command.Command.executeUpdate(Command.java:251)
	at org.h2.jdbc.JdbcPreparedStatement.executeUpdateInternal(JdbcPreparedStatement.java:191)
	at org.h2.jdbc.JdbcPreparedStatement.executeUpdate(JdbcPreparedStatement.java:152)
	at org.eclipse.persistence.internal.databaseaccess.DatabaseAccessor.executeDirectNoSelect(DatabaseAccessor.java:898)
	... 76 more
</error>
    <system-out>[EL Warning]: 2022-04-28 17:23:38.577--UnitOfWork(1993890339)--Exception [EclipseLink-4002] (Eclipse Persistence Services - 2.7.6.v20200131-b7c997804f): org.eclipse.persistence.exceptions.DatabaseException
Internal Exception: org.h2.jdbc.JdbcSQLIntegrityConstraintViolationException: La columna &quot;DIRECCION&quot; no permite valores nulos (NULL)
NULL not allowed for column &quot;DIRECCION&quot;; SQL statement:
INSERT INTO CLIENTE (ID, CIUDAD, CODIGOPOSTAL, DIRECCION, ESTADO, FECHAALTA, FECHABAJA, IDENTIFICACION, PAIS, TIPOCLIENTE, USER_USER, DTYPE) VALUES (?, ?, ?, ?, ?, ?, ?, ?, ?, ?, ?, ?) [23502-200]
Error Code: 23502
Call: INSERT INTO CLIENTE (ID, CIUDAD, CODIGOPOSTAL, DIRECCION, ESTADO, FECHAALTA, FECHABAJA, IDENTIFICACION, PAIS, TIPOCLIENTE, USER_USER, DTYPE) VALUES (?, ?, ?, ?, ?, ?, ?, ?, ?, ?, ?, ?)
	bind =&gt; [12 parameters bound]
Query: InsertObjectQuery(Cliente{
id=2
identificacion=avenida de Murcia
tipoCliente=null
estado=Activo
fechaAlta=Thu Apr 28 17:23:38 CEST 2022
fechaBaja=null
direccion=null
ciudad=Murcia
codigopostal=29845
pais=Espana
cuentasFintech={[]}}Empresa{
razon_social=UCAM})
</system-out>
  </testcase>
  <testcase classname="ma3s.fintech.test.Administrador" name="testModifyFechaFinPAutorizadaAdminNoExist" time="0.034">
    <error message="Exception [EclipseLink-4002] (Eclipse Persistence Services - 2.7.6.v20200131-b7c997804f): org.eclipse.persistence.exceptions.DatabaseException
Internal Exception: org.h2.jdbc.JdbcSQLIntegrityConstraintViolationException: La columna &quot;DIRECCION&quot; no permite valores nulos (NULL)
NULL not allowed for column &quot;DIRECCION&quot;; SQL statement:
INSERT INTO CLIENTE (ID, CIUDAD, CODIGOPOSTAL, DIRECCION, ESTADO, FECHAALTA, FECHABAJA, IDENTIFICACION, PAIS, TIPOCLIENTE, USER_USER, DTYPE) VALUES (?, ?, ?, ?, ?, ?, ?, ?, ?, ?, ?, ?) [23502-200]
Error Code: 23502
Call: INSERT INTO CLIENTE (ID, CIUDAD, CODIGOPOSTAL, DIRECCION, ESTADO, FECHAALTA, FECHABAJA, IDENTIFICACION, PAIS, TIPOCLIENTE, USER_USER, DTYPE) VALUES (?, ?, ?, ?, ?, ?, ?, ?, ?, ?, ?, ?)
	bind =&gt; [12 parameters bound]
Query: InsertObjectQuery(Cliente{
id=2
identificacion=avenida de Murcia
tipoCliente=null
estado=Activo
fechaAlta=Thu Apr 28 17:23:38 CEST 2022
fechaBaja=null
direccion=null
ciudad=Murcia
codigopostal=29845
pais=Espana
cuentasFintech={[]}}Empresa{
razon_social=UCAM})" type="javax.persistence.RollbackException">javax.persistence.RollbackException: Exception [EclipseLink-4002] (Eclipse Persistence Services - 2.7.6.v20200131-b7c997804f): org.eclipse.persistence.exceptions.DatabaseException
Internal Exception: org.h2.jdbc.JdbcSQLIntegrityConstraintViolationException: La columna &quot;DIRECCION&quot; no permite valores nulos (NULL)
NULL not allowed for column &quot;DIRECCION&quot;; SQL statement:
INSERT INTO CLIENTE (ID, CIUDAD, CODIGOPOSTAL, DIRECCION, ESTADO, FECHAALTA, FECHABAJA, IDENTIFICACION, PAIS, TIPOCLIENTE, USER_USER, DTYPE) VALUES (?, ?, ?, ?, ?, ?, ?, ?, ?, ?, ?, ?) [23502-200]
Error Code: 23502
Call: INSERT INTO CLIENTE (ID, CIUDAD, CODIGOPOSTAL, DIRECCION, ESTADO, FECHAALTA, FECHABAJA, IDENTIFICACION, PAIS, TIPOCLIENTE, USER_USER, DTYPE) VALUES (?, ?, ?, ?, ?, ?, ?, ?, ?, ?, ?, ?)
	bind =&gt; [12 parameters bound]
Query: InsertObjectQuery(Cliente{
id=2
identificacion=avenida de Murcia
tipoCliente=null
estado=Activo
fechaAlta=Thu Apr 28 17:23:38 CEST 2022
fechaBaja=null
direccion=null
ciudad=Murcia
codigopostal=29845
pais=Espana
cuentasFintech={[]}}Empresa{
razon_social=UCAM})
	at org.eclipse.persistence.internal.jpa.transaction.EntityTransactionImpl.commit(EntityTransactionImpl.java:161)
	at ma3s.fintech.test.BaseDatos.inicializaBaseDatos(BaseDatos.java:229)
	at ma3s.fintech.test.Administrador.setup(Administrador.java:39)
	at sun.reflect.NativeMethodAccessorImpl.invoke0(Native Method)
	at sun.reflect.NativeMethodAccessorImpl.invoke(NativeMethodAccessorImpl.java:62)
	at sun.reflect.DelegatingMethodAccessorImpl.invoke(DelegatingMethodAccessorImpl.java:43)
	at java.lang.reflect.Method.invoke(Method.java:498)
	at org.junit.runners.model.FrameworkMethod$1.runReflectiveCall(FrameworkMethod.java:59)
	at org.junit.internal.runners.model.ReflectiveCallable.run(ReflectiveCallable.java:12)
	at org.junit.runners.model.FrameworkMethod.invokeExplosively(FrameworkMethod.java:56)
	at org.junit.internal.runners.statements.RunBefores.invokeMethod(RunBefores.java:33)
	at org.junit.internal.runners.statements.RunBefores.evaluate(RunBefores.java:24)
	at org.junit.runners.ParentRunner$3.evaluate(ParentRunner.java:306)
	at org.junit.runners.BlockJUnit4ClassRunner$1.evaluate(BlockJUnit4ClassRunner.java:100)
	at org.junit.runners.ParentRunner.runLeaf(ParentRunner.java:366)
	at org.junit.runners.BlockJUnit4ClassRunner.runChild(BlockJUnit4ClassRunner.java:103)
	at org.junit.runners.BlockJUnit4ClassRunner.runChild(BlockJUnit4ClassRunner.java:63)
	at org.junit.runners.ParentRunner$4.run(ParentRunner.java:331)
	at org.junit.runners.ParentRunner$1.schedule(ParentRunner.java:79)
	at org.junit.runners.ParentRunner.runChildren(ParentRunner.java:329)
	at org.junit.runners.ParentRunner.access$100(ParentRunner.java:66)
	at org.junit.runners.ParentRunner$2.evaluate(ParentRunner.java:293)
	at org.junit.runners.ParentRunner$3.evaluate(ParentRunner.java:306)
	at org.junit.runners.ParentRunner.run(ParentRunner.java:413)
	at org.junit.runners.Suite.runChild(Suite.java:128)
	at org.junit.runners.Suite.runChild(Suite.java:27)
	at org.junit.runners.ParentRunner$4.run(ParentRunner.java:331)
	at org.junit.runners.ParentRunner$1.schedule(ParentRunner.java:79)
	at org.junit.runners.ParentRunner.runChildren(ParentRunner.java:329)
	at org.junit.runners.ParentRunner.access$100(ParentRunner.java:66)
	at org.junit.runners.ParentRunner$2.evaluate(ParentRunner.java:293)
	at org.junit.internal.runners.statements.RunBefores.evaluate(RunBefores.java:26)
	at org.junit.internal.runners.statements.RunAfters.evaluate(RunAfters.java:27)
	at org.junit.runners.ParentRunner$3.evaluate(ParentRunner.java:306)
	at org.junit.runners.ParentRunner.run(ParentRunner.java:413)
	at org.apache.maven.surefire.junit4.JUnit4Provider.execute(JUnit4Provider.java:252)
	at org.apache.maven.surefire.junit4.JUnit4Provider.executeTestSet(JUnit4Provider.java:141)
	at org.apache.maven.surefire.junit4.JUnit4Provider.invoke(JUnit4Provider.java:112)
	at sun.reflect.NativeMethodAccessorImpl.invoke0(Native Method)
	at sun.reflect.NativeMethodAccessorImpl.invoke(NativeMethodAccessorImpl.java:62)
	at sun.reflect.DelegatingMethodAccessorImpl.invoke(DelegatingMethodAccessorImpl.java:43)
	at java.lang.reflect.Method.invoke(Method.java:498)
	at org.apache.maven.surefire.util.ReflectionUtils.invokeMethodWithArray(ReflectionUtils.java:189)
	at org.apache.maven.surefire.booter.ProviderFactory$ProviderProxy.invoke(ProviderFactory.java:165)
	at org.apache.maven.surefire.booter.ProviderFactory.invokeProvider(ProviderFactory.java:85)
	at org.apache.maven.surefire.booter.ForkedBooter.runSuitesInProcess(ForkedBooter.java:115)
	at org.apache.maven.surefire.booter.ForkedBooter.main(ForkedBooter.java:75)
Caused by: Exception [EclipseLink-4002] (Eclipse Persistence Services - 2.7.6.v20200131-b7c997804f): org.eclipse.persistence.exceptions.DatabaseException
Internal Exception: org.h2.jdbc.JdbcSQLIntegrityConstraintViolationException: La columna &quot;DIRECCION&quot; no permite valores nulos (NULL)
NULL not allowed for column &quot;DIRECCION&quot;; SQL statement:
INSERT INTO CLIENTE (ID, CIUDAD, CODIGOPOSTAL, DIRECCION, ESTADO, FECHAALTA, FECHABAJA, IDENTIFICACION, PAIS, TIPOCLIENTE, USER_USER, DTYPE) VALUES (?, ?, ?, ?, ?, ?, ?, ?, ?, ?, ?, ?) [23502-200]
Error Code: 23502
Call: INSERT INTO CLIENTE (ID, CIUDAD, CODIGOPOSTAL, DIRECCION, ESTADO, FECHAALTA, FECHABAJA, IDENTIFICACION, PAIS, TIPOCLIENTE, USER_USER, DTYPE) VALUES (?, ?, ?, ?, ?, ?, ?, ?, ?, ?, ?, ?)
	bind =&gt; [12 parameters bound]
Query: InsertObjectQuery(Cliente{
id=2
identificacion=avenida de Murcia
tipoCliente=null
estado=Activo
fechaAlta=Thu Apr 28 17:23:38 CEST 2022
fechaBaja=null
direccion=null
ciudad=Murcia
codigopostal=29845
pais=Espana
cuentasFintech={[]}}Empresa{
razon_social=UCAM})
	at org.eclipse.persistence.exceptions.DatabaseException.sqlException(DatabaseException.java:333)
	at org.eclipse.persistence.internal.databaseaccess.DatabaseAccessor.executeDirectNoSelect(DatabaseAccessor.java:908)
	at org.eclipse.persistence.internal.databaseaccess.DatabaseAccessor.executeNoSelect(DatabaseAccessor.java:970)
	at org.eclipse.persistence.internal.databaseaccess.DatabaseAccessor.basicExecuteCall(DatabaseAccessor.java:640)
	at org.eclipse.persistence.internal.databaseaccess.DatabaseAccessor.executeCall(DatabaseAccessor.java:567)
	at org.eclipse.persistence.internal.sessions.AbstractSession.basicExecuteCall(AbstractSession.java:2099)
	at org.eclipse.persistence.sessions.server.ClientSession.executeCall(ClientSession.java:313)
	at org.eclipse.persistence.internal.queries.DatasourceCallQueryMechanism.executeCall(DatasourceCallQueryMechanism.java:275)
	at org.eclipse.persistence.internal.queries.DatasourceCallQueryMechanism.insertObject(DatasourceCallQueryMechanism.java:397)
	at org.eclipse.persistence.internal.queries.StatementQueryMechanism.insertObject(StatementQueryMechanism.java:167)
	at org.eclipse.persistence.internal.queries.StatementQueryMechanism.insertObject(StatementQueryMechanism.java:182)
	at org.eclipse.persistence.internal.queries.DatabaseQueryMechanism.insertObjectForWrite(DatabaseQueryMechanism.java:504)
	at org.eclipse.persistence.queries.InsertObjectQuery.executeCommit(InsertObjectQuery.java:82)
	at org.eclipse.persistence.queries.InsertObjectQuery.executeCommitWithChangeSet(InsertObjectQuery.java:92)
	at org.eclipse.persistence.internal.queries.DatabaseQueryMechanism.executeWriteWithChangeSet(DatabaseQueryMechanism.java:316)
	at org.eclipse.persistence.queries.WriteObjectQuery.executeDatabaseQuery(WriteObjectQuery.java:60)
	at org.eclipse.persistence.queries.DatabaseQuery.execute(DatabaseQuery.java:911)
	at org.eclipse.persistence.queries.DatabaseQuery.executeInUnitOfWork(DatabaseQuery.java:810)
	at org.eclipse.persistence.queries.ObjectLevelModifyQuery.executeInUnitOfWorkObjectLevelModifyQuery(ObjectLevelModifyQuery.java:110)
	at org.eclipse.persistence.queries.ObjectLevelModifyQuery.executeInUnitOfWork(ObjectLevelModifyQuery.java:87)
	at org.eclipse.persistence.internal.sessions.UnitOfWorkImpl.internalExecuteQuery(UnitOfWorkImpl.java:2983)
	at org.eclipse.persistence.internal.sessions.AbstractSession.executeQuery(AbstractSession.java:1898)
	at org.eclipse.persistence.internal.sessions.AbstractSession.executeQuery(AbstractSession.java:1880)
	at org.eclipse.persistence.internal.sessions.AbstractSession.executeQuery(AbstractSession.java:1830)
	at org.eclipse.persistence.internal.sessions.CommitManager.commitNewObjectsForClassWithChangeSet(CommitManager.java:229)
	at org.eclipse.persistence.internal.sessions.CommitManager.commitAllObjectsForClassWithChangeSet(CommitManager.java:196)
	at org.eclipse.persistence.internal.sessions.CommitManager.commitAllObjectsWithChangeSet(CommitManager.java:141)
	at org.eclipse.persistence.internal.sessions.AbstractSession.writeAllObjectsWithChangeSet(AbstractSession.java:4398)
	at org.eclipse.persistence.internal.sessions.UnitOfWorkImpl.commitToDatabase(UnitOfWorkImpl.java:1495)
	at org.eclipse.persistence.internal.sessions.UnitOfWorkImpl.commitToDatabaseWithChangeSet(UnitOfWorkImpl.java:1585)
	at org.eclipse.persistence.internal.sessions.RepeatableWriteUnitOfWork.commitRootUnitOfWork(RepeatableWriteUnitOfWork.java:280)
	at org.eclipse.persistence.internal.sessions.UnitOfWorkImpl.commitAndResume(UnitOfWorkImpl.java:1222)
	at org.eclipse.persistence.internal.jpa.transaction.EntityTransactionImpl.commit(EntityTransactionImpl.java:136)
	... 46 more
Caused by: org.h2.jdbc.JdbcSQLIntegrityConstraintViolationException: La columna &quot;DIRECCION&quot; no permite valores nulos (NULL)
NULL not allowed for column &quot;DIRECCION&quot;; SQL statement:
INSERT INTO CLIENTE (ID, CIUDAD, CODIGOPOSTAL, DIRECCION, ESTADO, FECHAALTA, FECHABAJA, IDENTIFICACION, PAIS, TIPOCLIENTE, USER_USER, DTYPE) VALUES (?, ?, ?, ?, ?, ?, ?, ?, ?, ?, ?, ?) [23502-200]
	at org.h2.message.DbException.getJdbcSQLException(DbException.java:459)
	at org.h2.message.DbException.getJdbcSQLException(DbException.java:429)
	at org.h2.message.DbException.get(DbException.java:205)
	at org.h2.message.DbException.get(DbException.java:181)
	at org.h2.table.Column.validateConvertUpdateSequence(Column.java:374)
	at org.h2.table.Table.validateConvertUpdateSequence(Table.java:845)
	at org.h2.command.dml.Insert.insertRows(Insert.java:187)
	at org.h2.command.dml.Insert.update(Insert.java:151)
	at org.h2.command.CommandContainer.update(CommandContainer.java:198)
	at org.h2.command.Command.executeUpdate(Command.java:251)
	at org.h2.jdbc.JdbcPreparedStatement.executeUpdateInternal(JdbcPreparedStatement.java:191)
	at org.h2.jdbc.JdbcPreparedStatement.executeUpdate(JdbcPreparedStatement.java:152)
	at org.eclipse.persistence.internal.databaseaccess.DatabaseAccessor.executeDirectNoSelect(DatabaseAccessor.java:898)
	... 77 more
</error>
    <system-out>[EL Warning]: 2022-04-28 17:23:38.612--UnitOfWork(1416585149)--Exception [EclipseLink-4002] (Eclipse Persistence Services - 2.7.6.v20200131-b7c997804f): org.eclipse.persistence.exceptions.DatabaseException
Internal Exception: org.h2.jdbc.JdbcSQLIntegrityConstraintViolationException: La columna &quot;DIRECCION&quot; no permite valores nulos (NULL)
NULL not allowed for column &quot;DIRECCION&quot;; SQL statement:
INSERT INTO CLIENTE (ID, CIUDAD, CODIGOPOSTAL, DIRECCION, ESTADO, FECHAALTA, FECHABAJA, IDENTIFICACION, PAIS, TIPOCLIENTE, USER_USER, DTYPE) VALUES (?, ?, ?, ?, ?, ?, ?, ?, ?, ?, ?, ?) [23502-200]
Error Code: 23502
Call: INSERT INTO CLIENTE (ID, CIUDAD, CODIGOPOSTAL, DIRECCION, ESTADO, FECHAALTA, FECHABAJA, IDENTIFICACION, PAIS, TIPOCLIENTE, USER_USER, DTYPE) VALUES (?, ?, ?, ?, ?, ?, ?, ?, ?, ?, ?, ?)
	bind =&gt; [12 parameters bound]
Query: InsertObjectQuery(Cliente{
id=2
identificacion=avenida de Murcia
tipoCliente=null
estado=Activo
fechaAlta=Thu Apr 28 17:23:38 CEST 2022
fechaBaja=null
direccion=null
ciudad=Murcia
codigopostal=29845
pais=Espana
cuentasFintech={[]}}Empresa{
razon_social=UCAM})
</system-out>
  </testcase>
  <testcase classname="ma3s.fintech.test.Administrador" name="testGenerarCSVfallo" time="0.034">
    <error message="Exception [EclipseLink-4002] (Eclipse Persistence Services - 2.7.6.v20200131-b7c997804f): org.eclipse.persistence.exceptions.DatabaseException
Internal Exception: org.h2.jdbc.JdbcSQLIntegrityConstraintViolationException: La columna &quot;DIRECCION&quot; no permite valores nulos (NULL)
NULL not allowed for column &quot;DIRECCION&quot;; SQL statement:
INSERT INTO CLIENTE (ID, CIUDAD, CODIGOPOSTAL, DIRECCION, ESTADO, FECHAALTA, FECHABAJA, IDENTIFICACION, PAIS, TIPOCLIENTE, USER_USER, DTYPE) VALUES (?, ?, ?, ?, ?, ?, ?, ?, ?, ?, ?, ?) [23502-200]
Error Code: 23502
Call: INSERT INTO CLIENTE (ID, CIUDAD, CODIGOPOSTAL, DIRECCION, ESTADO, FECHAALTA, FECHABAJA, IDENTIFICACION, PAIS, TIPOCLIENTE, USER_USER, DTYPE) VALUES (?, ?, ?, ?, ?, ?, ?, ?, ?, ?, ?, ?)
	bind =&gt; [12 parameters bound]
Query: InsertObjectQuery(Cliente{
id=2
identificacion=avenida de Murcia
tipoCliente=null
estado=Activo
fechaAlta=Thu Apr 28 17:23:38 CEST 2022
fechaBaja=null
direccion=null
ciudad=Murcia
codigopostal=29845
pais=Espana
cuentasFintech={[]}}Empresa{
razon_social=UCAM})" type="javax.persistence.RollbackException">javax.persistence.RollbackException: Exception [EclipseLink-4002] (Eclipse Persistence Services - 2.7.6.v20200131-b7c997804f): org.eclipse.persistence.exceptions.DatabaseException
Internal Exception: org.h2.jdbc.JdbcSQLIntegrityConstraintViolationException: La columna &quot;DIRECCION&quot; no permite valores nulos (NULL)
NULL not allowed for column &quot;DIRECCION&quot;; SQL statement:
INSERT INTO CLIENTE (ID, CIUDAD, CODIGOPOSTAL, DIRECCION, ESTADO, FECHAALTA, FECHABAJA, IDENTIFICACION, PAIS, TIPOCLIENTE, USER_USER, DTYPE) VALUES (?, ?, ?, ?, ?, ?, ?, ?, ?, ?, ?, ?) [23502-200]
Error Code: 23502
Call: INSERT INTO CLIENTE (ID, CIUDAD, CODIGOPOSTAL, DIRECCION, ESTADO, FECHAALTA, FECHABAJA, IDENTIFICACION, PAIS, TIPOCLIENTE, USER_USER, DTYPE) VALUES (?, ?, ?, ?, ?, ?, ?, ?, ?, ?, ?, ?)
	bind =&gt; [12 parameters bound]
Query: InsertObjectQuery(Cliente{
id=2
identificacion=avenida de Murcia
tipoCliente=null
estado=Activo
fechaAlta=Thu Apr 28 17:23:38 CEST 2022
fechaBaja=null
direccion=null
ciudad=Murcia
codigopostal=29845
pais=Espana
cuentasFintech={[]}}Empresa{
razon_social=UCAM})
	at org.eclipse.persistence.internal.jpa.transaction.EntityTransactionImpl.commit(EntityTransactionImpl.java:161)
	at ma3s.fintech.test.BaseDatos.inicializaBaseDatos(BaseDatos.java:229)
	at ma3s.fintech.test.Administrador.setup(Administrador.java:39)
	at sun.reflect.NativeMethodAccessorImpl.invoke0(Native Method)
	at sun.reflect.NativeMethodAccessorImpl.invoke(NativeMethodAccessorImpl.java:62)
	at sun.reflect.DelegatingMethodAccessorImpl.invoke(DelegatingMethodAccessorImpl.java:43)
	at java.lang.reflect.Method.invoke(Method.java:498)
	at org.junit.runners.model.FrameworkMethod$1.runReflectiveCall(FrameworkMethod.java:59)
	at org.junit.internal.runners.model.ReflectiveCallable.run(ReflectiveCallable.java:12)
	at org.junit.runners.model.FrameworkMethod.invokeExplosively(FrameworkMethod.java:56)
	at org.junit.internal.runners.statements.RunBefores.invokeMethod(RunBefores.java:33)
	at org.junit.internal.runners.statements.RunBefores.evaluate(RunBefores.java:24)
	at org.junit.runners.ParentRunner$3.evaluate(ParentRunner.java:306)
	at org.junit.runners.BlockJUnit4ClassRunner$1.evaluate(BlockJUnit4ClassRunner.java:100)
	at org.junit.runners.ParentRunner.runLeaf(ParentRunner.java:366)
	at org.junit.runners.BlockJUnit4ClassRunner.runChild(BlockJUnit4ClassRunner.java:103)
	at org.junit.runners.BlockJUnit4ClassRunner.runChild(BlockJUnit4ClassRunner.java:63)
	at org.junit.runners.ParentRunner$4.run(ParentRunner.java:331)
	at org.junit.runners.ParentRunner$1.schedule(ParentRunner.java:79)
	at org.junit.runners.ParentRunner.runChildren(ParentRunner.java:329)
	at org.junit.runners.ParentRunner.access$100(ParentRunner.java:66)
	at org.junit.runners.ParentRunner$2.evaluate(ParentRunner.java:293)
	at org.junit.runners.ParentRunner$3.evaluate(ParentRunner.java:306)
	at org.junit.runners.ParentRunner.run(ParentRunner.java:413)
	at org.junit.runners.Suite.runChild(Suite.java:128)
	at org.junit.runners.Suite.runChild(Suite.java:27)
	at org.junit.runners.ParentRunner$4.run(ParentRunner.java:331)
	at org.junit.runners.ParentRunner$1.schedule(ParentRunner.java:79)
	at org.junit.runners.ParentRunner.runChildren(ParentRunner.java:329)
	at org.junit.runners.ParentRunner.access$100(ParentRunner.java:66)
	at org.junit.runners.ParentRunner$2.evaluate(ParentRunner.java:293)
	at org.junit.internal.runners.statements.RunBefores.evaluate(RunBefores.java:26)
	at org.junit.internal.runners.statements.RunAfters.evaluate(RunAfters.java:27)
	at org.junit.runners.ParentRunner$3.evaluate(ParentRunner.java:306)
	at org.junit.runners.ParentRunner.run(ParentRunner.java:413)
	at org.apache.maven.surefire.junit4.JUnit4Provider.execute(JUnit4Provider.java:252)
	at org.apache.maven.surefire.junit4.JUnit4Provider.executeTestSet(JUnit4Provider.java:141)
	at org.apache.maven.surefire.junit4.JUnit4Provider.invoke(JUnit4Provider.java:112)
	at sun.reflect.NativeMethodAccessorImpl.invoke0(Native Method)
	at sun.reflect.NativeMethodAccessorImpl.invoke(NativeMethodAccessorImpl.java:62)
	at sun.reflect.DelegatingMethodAccessorImpl.invoke(DelegatingMethodAccessorImpl.java:43)
	at java.lang.reflect.Method.invoke(Method.java:498)
	at org.apache.maven.surefire.util.ReflectionUtils.invokeMethodWithArray(ReflectionUtils.java:189)
	at org.apache.maven.surefire.booter.ProviderFactory$ProviderProxy.invoke(ProviderFactory.java:165)
	at org.apache.maven.surefire.booter.ProviderFactory.invokeProvider(ProviderFactory.java:85)
	at org.apache.maven.surefire.booter.ForkedBooter.runSuitesInProcess(ForkedBooter.java:115)
	at org.apache.maven.surefire.booter.ForkedBooter.main(ForkedBooter.java:75)
Caused by: Exception [EclipseLink-4002] (Eclipse Persistence Services - 2.7.6.v20200131-b7c997804f): org.eclipse.persistence.exceptions.DatabaseException
Internal Exception: org.h2.jdbc.JdbcSQLIntegrityConstraintViolationException: La columna &quot;DIRECCION&quot; no permite valores nulos (NULL)
NULL not allowed for column &quot;DIRECCION&quot;; SQL statement:
INSERT INTO CLIENTE (ID, CIUDAD, CODIGOPOSTAL, DIRECCION, ESTADO, FECHAALTA, FECHABAJA, IDENTIFICACION, PAIS, TIPOCLIENTE, USER_USER, DTYPE) VALUES (?, ?, ?, ?, ?, ?, ?, ?, ?, ?, ?, ?) [23502-200]
Error Code: 23502
Call: INSERT INTO CLIENTE (ID, CIUDAD, CODIGOPOSTAL, DIRECCION, ESTADO, FECHAALTA, FECHABAJA, IDENTIFICACION, PAIS, TIPOCLIENTE, USER_USER, DTYPE) VALUES (?, ?, ?, ?, ?, ?, ?, ?, ?, ?, ?, ?)
	bind =&gt; [12 parameters bound]
Query: InsertObjectQuery(Cliente{
id=2
identificacion=avenida de Murcia
tipoCliente=null
estado=Activo
fechaAlta=Thu Apr 28 17:23:38 CEST 2022
fechaBaja=null
direccion=null
ciudad=Murcia
codigopostal=29845
pais=Espana
cuentasFintech={[]}}Empresa{
razon_social=UCAM})
	at org.eclipse.persistence.exceptions.DatabaseException.sqlException(DatabaseException.java:333)
	at org.eclipse.persistence.internal.databaseaccess.DatabaseAccessor.executeDirectNoSelect(DatabaseAccessor.java:908)
	at org.eclipse.persistence.internal.databaseaccess.DatabaseAccessor.executeNoSelect(DatabaseAccessor.java:970)
	at org.eclipse.persistence.internal.databaseaccess.DatabaseAccessor.basicExecuteCall(DatabaseAccessor.java:640)
	at org.eclipse.persistence.internal.databaseaccess.DatabaseAccessor.executeCall(DatabaseAccessor.java:567)
	at org.eclipse.persistence.internal.sessions.AbstractSession.basicExecuteCall(AbstractSession.java:2099)
	at org.eclipse.persistence.sessions.server.ClientSession.executeCall(ClientSession.java:313)
	at org.eclipse.persistence.internal.queries.DatasourceCallQueryMechanism.executeCall(DatasourceCallQueryMechanism.java:275)
	at org.eclipse.persistence.internal.queries.DatasourceCallQueryMechanism.insertObject(DatasourceCallQueryMechanism.java:397)
	at org.eclipse.persistence.internal.queries.StatementQueryMechanism.insertObject(StatementQueryMechanism.java:167)
	at org.eclipse.persistence.internal.queries.StatementQueryMechanism.insertObject(StatementQueryMechanism.java:182)
	at org.eclipse.persistence.internal.queries.DatabaseQueryMechanism.insertObjectForWrite(DatabaseQueryMechanism.java:504)
	at org.eclipse.persistence.queries.InsertObjectQuery.executeCommit(InsertObjectQuery.java:82)
	at org.eclipse.persistence.queries.InsertObjectQuery.executeCommitWithChangeSet(InsertObjectQuery.java:92)
	at org.eclipse.persistence.internal.queries.DatabaseQueryMechanism.executeWriteWithChangeSet(DatabaseQueryMechanism.java:316)
	at org.eclipse.persistence.queries.WriteObjectQuery.executeDatabaseQuery(WriteObjectQuery.java:60)
	at org.eclipse.persistence.queries.DatabaseQuery.execute(DatabaseQuery.java:911)
	at org.eclipse.persistence.queries.DatabaseQuery.executeInUnitOfWork(DatabaseQuery.java:810)
	at org.eclipse.persistence.queries.ObjectLevelModifyQuery.executeInUnitOfWorkObjectLevelModifyQuery(ObjectLevelModifyQuery.java:110)
	at org.eclipse.persistence.queries.ObjectLevelModifyQuery.executeInUnitOfWork(ObjectLevelModifyQuery.java:87)
	at org.eclipse.persistence.internal.sessions.UnitOfWorkImpl.internalExecuteQuery(UnitOfWorkImpl.java:2983)
	at org.eclipse.persistence.internal.sessions.AbstractSession.executeQuery(AbstractSession.java:1898)
	at org.eclipse.persistence.internal.sessions.AbstractSession.executeQuery(AbstractSession.java:1880)
	at org.eclipse.persistence.internal.sessions.AbstractSession.executeQuery(AbstractSession.java:1830)
	at org.eclipse.persistence.internal.sessions.CommitManager.commitNewObjectsForClassWithChangeSet(CommitManager.java:229)
	at org.eclipse.persistence.internal.sessions.CommitManager.commitAllObjectsForClassWithChangeSet(CommitManager.java:196)
	at org.eclipse.persistence.internal.sessions.CommitManager.commitAllObjectsWithChangeSet(CommitManager.java:141)
	at org.eclipse.persistence.internal.sessions.AbstractSession.writeAllObjectsWithChangeSet(AbstractSession.java:4398)
	at org.eclipse.persistence.internal.sessions.UnitOfWorkImpl.commitToDatabase(UnitOfWorkImpl.java:1495)
	at org.eclipse.persistence.internal.sessions.UnitOfWorkImpl.commitToDatabaseWithChangeSet(UnitOfWorkImpl.java:1585)
	at org.eclipse.persistence.internal.sessions.RepeatableWriteUnitOfWork.commitRootUnitOfWork(RepeatableWriteUnitOfWork.java:280)
	at org.eclipse.persistence.internal.sessions.UnitOfWorkImpl.commitAndResume(UnitOfWorkImpl.java:1222)
	at org.eclipse.persistence.internal.jpa.transaction.EntityTransactionImpl.commit(EntityTransactionImpl.java:136)
	... 46 more
Caused by: org.h2.jdbc.JdbcSQLIntegrityConstraintViolationException: La columna &quot;DIRECCION&quot; no permite valores nulos (NULL)
NULL not allowed for column &quot;DIRECCION&quot;; SQL statement:
INSERT INTO CLIENTE (ID, CIUDAD, CODIGOPOSTAL, DIRECCION, ESTADO, FECHAALTA, FECHABAJA, IDENTIFICACION, PAIS, TIPOCLIENTE, USER_USER, DTYPE) VALUES (?, ?, ?, ?, ?, ?, ?, ?, ?, ?, ?, ?) [23502-200]
	at org.h2.message.DbException.getJdbcSQLException(DbException.java:459)
	at org.h2.message.DbException.getJdbcSQLException(DbException.java:429)
	at org.h2.message.DbException.get(DbException.java:205)
	at org.h2.message.DbException.get(DbException.java:181)
	at org.h2.table.Column.validateConvertUpdateSequence(Column.java:374)
	at org.h2.table.Table.validateConvertUpdateSequence(Table.java:845)
	at org.h2.command.dml.Insert.insertRows(Insert.java:187)
	at org.h2.command.dml.Insert.update(Insert.java:151)
	at org.h2.command.CommandContainer.update(CommandContainer.java:198)
	at org.h2.command.Command.executeUpdate(Command.java:251)
	at org.h2.jdbc.JdbcPreparedStatement.executeUpdateInternal(JdbcPreparedStatement.java:191)
	at org.h2.jdbc.JdbcPreparedStatement.executeUpdate(JdbcPreparedStatement.java:152)
	at org.eclipse.persistence.internal.databaseaccess.DatabaseAccessor.executeDirectNoSelect(DatabaseAccessor.java:898)
	... 77 more
</error>
    <system-out>[EL Warning]: 2022-04-28 17:23:38.646--UnitOfWork(1056746716)--Exception [EclipseLink-4002] (Eclipse Persistence Services - 2.7.6.v20200131-b7c997804f): org.eclipse.persistence.exceptions.DatabaseException
Internal Exception: org.h2.jdbc.JdbcSQLIntegrityConstraintViolationException: La columna &quot;DIRECCION&quot; no permite valores nulos (NULL)
NULL not allowed for column &quot;DIRECCION&quot;; SQL statement:
INSERT INTO CLIENTE (ID, CIUDAD, CODIGOPOSTAL, DIRECCION, ESTADO, FECHAALTA, FECHABAJA, IDENTIFICACION, PAIS, TIPOCLIENTE, USER_USER, DTYPE) VALUES (?, ?, ?, ?, ?, ?, ?, ?, ?, ?, ?, ?) [23502-200]
Error Code: 23502
Call: INSERT INTO CLIENTE (ID, CIUDAD, CODIGOPOSTAL, DIRECCION, ESTADO, FECHAALTA, FECHABAJA, IDENTIFICACION, PAIS, TIPOCLIENTE, USER_USER, DTYPE) VALUES (?, ?, ?, ?, ?, ?, ?, ?, ?, ?, ?, ?)
	bind =&gt; [12 parameters bound]
Query: InsertObjectQuery(Cliente{
id=2
identificacion=avenida de Murcia
tipoCliente=null
estado=Activo
fechaAlta=Thu Apr 28 17:23:38 CEST 2022
fechaBaja=null
direccion=null
ciudad=Murcia
codigopostal=29845
pais=Espana
cuentasFintech={[]}}Empresa{
razon_social=UCAM})
</system-out>
  </testcase>
  <testcase classname="ma3s.fintech.test.Administrador" name="testModifyNamePAutorizadaAdminNoExist" time="0.031">
    <error message="Exception [EclipseLink-4002] (Eclipse Persistence Services - 2.7.6.v20200131-b7c997804f): org.eclipse.persistence.exceptions.DatabaseException
Internal Exception: org.h2.jdbc.JdbcSQLIntegrityConstraintViolationException: La columna &quot;DIRECCION&quot; no permite valores nulos (NULL)
NULL not allowed for column &quot;DIRECCION&quot;; SQL statement:
INSERT INTO CLIENTE (ID, CIUDAD, CODIGOPOSTAL, DIRECCION, ESTADO, FECHAALTA, FECHABAJA, IDENTIFICACION, PAIS, TIPOCLIENTE, USER_USER, DTYPE) VALUES (?, ?, ?, ?, ?, ?, ?, ?, ?, ?, ?, ?) [23502-200]
Error Code: 23502
Call: INSERT INTO CLIENTE (ID, CIUDAD, CODIGOPOSTAL, DIRECCION, ESTADO, FECHAALTA, FECHABAJA, IDENTIFICACION, PAIS, TIPOCLIENTE, USER_USER, DTYPE) VALUES (?, ?, ?, ?, ?, ?, ?, ?, ?, ?, ?, ?)
	bind =&gt; [12 parameters bound]
Query: InsertObjectQuery(Cliente{
id=2
identificacion=avenida de Murcia
tipoCliente=null
estado=Activo
fechaAlta=Thu Apr 28 17:23:38 CEST 2022
fechaBaja=null
direccion=null
ciudad=Murcia
codigopostal=29845
pais=Espana
cuentasFintech={[]}}Empresa{
razon_social=UCAM})" type="javax.persistence.RollbackException">javax.persistence.RollbackException: Exception [EclipseLink-4002] (Eclipse Persistence Services - 2.7.6.v20200131-b7c997804f): org.eclipse.persistence.exceptions.DatabaseException
Internal Exception: org.h2.jdbc.JdbcSQLIntegrityConstraintViolationException: La columna &quot;DIRECCION&quot; no permite valores nulos (NULL)
NULL not allowed for column &quot;DIRECCION&quot;; SQL statement:
INSERT INTO CLIENTE (ID, CIUDAD, CODIGOPOSTAL, DIRECCION, ESTADO, FECHAALTA, FECHABAJA, IDENTIFICACION, PAIS, TIPOCLIENTE, USER_USER, DTYPE) VALUES (?, ?, ?, ?, ?, ?, ?, ?, ?, ?, ?, ?) [23502-200]
Error Code: 23502
Call: INSERT INTO CLIENTE (ID, CIUDAD, CODIGOPOSTAL, DIRECCION, ESTADO, FECHAALTA, FECHABAJA, IDENTIFICACION, PAIS, TIPOCLIENTE, USER_USER, DTYPE) VALUES (?, ?, ?, ?, ?, ?, ?, ?, ?, ?, ?, ?)
	bind =&gt; [12 parameters bound]
Query: InsertObjectQuery(Cliente{
id=2
identificacion=avenida de Murcia
tipoCliente=null
estado=Activo
fechaAlta=Thu Apr 28 17:23:38 CEST 2022
fechaBaja=null
direccion=null
ciudad=Murcia
codigopostal=29845
pais=Espana
cuentasFintech={[]}}Empresa{
razon_social=UCAM})
	at org.eclipse.persistence.internal.jpa.transaction.EntityTransactionImpl.commit(EntityTransactionImpl.java:161)
	at ma3s.fintech.test.BaseDatos.inicializaBaseDatos(BaseDatos.java:229)
	at ma3s.fintech.test.Administrador.setup(Administrador.java:39)
	at sun.reflect.NativeMethodAccessorImpl.invoke0(Native Method)
	at sun.reflect.NativeMethodAccessorImpl.invoke(NativeMethodAccessorImpl.java:62)
	at sun.reflect.DelegatingMethodAccessorImpl.invoke(DelegatingMethodAccessorImpl.java:43)
	at java.lang.reflect.Method.invoke(Method.java:498)
	at org.junit.runners.model.FrameworkMethod$1.runReflectiveCall(FrameworkMethod.java:59)
	at org.junit.internal.runners.model.ReflectiveCallable.run(ReflectiveCallable.java:12)
	at org.junit.runners.model.FrameworkMethod.invokeExplosively(FrameworkMethod.java:56)
	at org.junit.internal.runners.statements.RunBefores.invokeMethod(RunBefores.java:33)
	at org.junit.internal.runners.statements.RunBefores.evaluate(RunBefores.java:24)
	at org.junit.runners.ParentRunner$3.evaluate(ParentRunner.java:306)
	at org.junit.runners.BlockJUnit4ClassRunner$1.evaluate(BlockJUnit4ClassRunner.java:100)
	at org.junit.runners.ParentRunner.runLeaf(ParentRunner.java:366)
	at org.junit.runners.BlockJUnit4ClassRunner.runChild(BlockJUnit4ClassRunner.java:103)
	at org.junit.runners.BlockJUnit4ClassRunner.runChild(BlockJUnit4ClassRunner.java:63)
	at org.junit.runners.ParentRunner$4.run(ParentRunner.java:331)
	at org.junit.runners.ParentRunner$1.schedule(ParentRunner.java:79)
	at org.junit.runners.ParentRunner.runChildren(ParentRunner.java:329)
	at org.junit.runners.ParentRunner.access$100(ParentRunner.java:66)
	at org.junit.runners.ParentRunner$2.evaluate(ParentRunner.java:293)
	at org.junit.runners.ParentRunner$3.evaluate(ParentRunner.java:306)
	at org.junit.runners.ParentRunner.run(ParentRunner.java:413)
	at org.junit.runners.Suite.runChild(Suite.java:128)
	at org.junit.runners.Suite.runChild(Suite.java:27)
	at org.junit.runners.ParentRunner$4.run(ParentRunner.java:331)
	at org.junit.runners.ParentRunner$1.schedule(ParentRunner.java:79)
	at org.junit.runners.ParentRunner.runChildren(ParentRunner.java:329)
	at org.junit.runners.ParentRunner.access$100(ParentRunner.java:66)
	at org.junit.runners.ParentRunner$2.evaluate(ParentRunner.java:293)
	at org.junit.internal.runners.statements.RunBefores.evaluate(RunBefores.java:26)
	at org.junit.internal.runners.statements.RunAfters.evaluate(RunAfters.java:27)
	at org.junit.runners.ParentRunner$3.evaluate(ParentRunner.java:306)
	at org.junit.runners.ParentRunner.run(ParentRunner.java:413)
	at org.apache.maven.surefire.junit4.JUnit4Provider.execute(JUnit4Provider.java:252)
	at org.apache.maven.surefire.junit4.JUnit4Provider.executeTestSet(JUnit4Provider.java:141)
	at org.apache.maven.surefire.junit4.JUnit4Provider.invoke(JUnit4Provider.java:112)
	at sun.reflect.NativeMethodAccessorImpl.invoke0(Native Method)
	at sun.reflect.NativeMethodAccessorImpl.invoke(NativeMethodAccessorImpl.java:62)
	at sun.reflect.DelegatingMethodAccessorImpl.invoke(DelegatingMethodAccessorImpl.java:43)
	at java.lang.reflect.Method.invoke(Method.java:498)
	at org.apache.maven.surefire.util.ReflectionUtils.invokeMethodWithArray(ReflectionUtils.java:189)
	at org.apache.maven.surefire.booter.ProviderFactory$ProviderProxy.invoke(ProviderFactory.java:165)
	at org.apache.maven.surefire.booter.ProviderFactory.invokeProvider(ProviderFactory.java:85)
	at org.apache.maven.surefire.booter.ForkedBooter.runSuitesInProcess(ForkedBooter.java:115)
	at org.apache.maven.surefire.booter.ForkedBooter.main(ForkedBooter.java:75)
Caused by: Exception [EclipseLink-4002] (Eclipse Persistence Services - 2.7.6.v20200131-b7c997804f): org.eclipse.persistence.exceptions.DatabaseException
Internal Exception: org.h2.jdbc.JdbcSQLIntegrityConstraintViolationException: La columna &quot;DIRECCION&quot; no permite valores nulos (NULL)
NULL not allowed for column &quot;DIRECCION&quot;; SQL statement:
INSERT INTO CLIENTE (ID, CIUDAD, CODIGOPOSTAL, DIRECCION, ESTADO, FECHAALTA, FECHABAJA, IDENTIFICACION, PAIS, TIPOCLIENTE, USER_USER, DTYPE) VALUES (?, ?, ?, ?, ?, ?, ?, ?, ?, ?, ?, ?) [23502-200]
Error Code: 23502
Call: INSERT INTO CLIENTE (ID, CIUDAD, CODIGOPOSTAL, DIRECCION, ESTADO, FECHAALTA, FECHABAJA, IDENTIFICACION, PAIS, TIPOCLIENTE, USER_USER, DTYPE) VALUES (?, ?, ?, ?, ?, ?, ?, ?, ?, ?, ?, ?)
	bind =&gt; [12 parameters bound]
Query: InsertObjectQuery(Cliente{
id=2
identificacion=avenida de Murcia
tipoCliente=null
estado=Activo
fechaAlta=Thu Apr 28 17:23:38 CEST 2022
fechaBaja=null
direccion=null
ciudad=Murcia
codigopostal=29845
pais=Espana
cuentasFintech={[]}}Empresa{
razon_social=UCAM})
	at org.eclipse.persistence.exceptions.DatabaseException.sqlException(DatabaseException.java:333)
	at org.eclipse.persistence.internal.databaseaccess.DatabaseAccessor.executeDirectNoSelect(DatabaseAccessor.java:908)
	at org.eclipse.persistence.internal.databaseaccess.DatabaseAccessor.executeNoSelect(DatabaseAccessor.java:970)
	at org.eclipse.persistence.internal.databaseaccess.DatabaseAccessor.basicExecuteCall(DatabaseAccessor.java:640)
	at org.eclipse.persistence.internal.databaseaccess.DatabaseAccessor.executeCall(DatabaseAccessor.java:567)
	at org.eclipse.persistence.internal.sessions.AbstractSession.basicExecuteCall(AbstractSession.java:2099)
	at org.eclipse.persistence.sessions.server.ClientSession.executeCall(ClientSession.java:313)
	at org.eclipse.persistence.internal.queries.DatasourceCallQueryMechanism.executeCall(DatasourceCallQueryMechanism.java:275)
	at org.eclipse.persistence.internal.queries.DatasourceCallQueryMechanism.insertObject(DatasourceCallQueryMechanism.java:397)
	at org.eclipse.persistence.internal.queries.StatementQueryMechanism.insertObject(StatementQueryMechanism.java:167)
	at org.eclipse.persistence.internal.queries.StatementQueryMechanism.insertObject(StatementQueryMechanism.java:182)
	at org.eclipse.persistence.internal.queries.DatabaseQueryMechanism.insertObjectForWrite(DatabaseQueryMechanism.java:504)
	at org.eclipse.persistence.queries.InsertObjectQuery.executeCommit(InsertObjectQuery.java:82)
	at org.eclipse.persistence.queries.InsertObjectQuery.executeCommitWithChangeSet(InsertObjectQuery.java:92)
	at org.eclipse.persistence.internal.queries.DatabaseQueryMechanism.executeWriteWithChangeSet(DatabaseQueryMechanism.java:316)
	at org.eclipse.persistence.queries.WriteObjectQuery.executeDatabaseQuery(WriteObjectQuery.java:60)
	at org.eclipse.persistence.queries.DatabaseQuery.execute(DatabaseQuery.java:911)
	at org.eclipse.persistence.queries.DatabaseQuery.executeInUnitOfWork(DatabaseQuery.java:810)
	at org.eclipse.persistence.queries.ObjectLevelModifyQuery.executeInUnitOfWorkObjectLevelModifyQuery(ObjectLevelModifyQuery.java:110)
	at org.eclipse.persistence.queries.ObjectLevelModifyQuery.executeInUnitOfWork(ObjectLevelModifyQuery.java:87)
	at org.eclipse.persistence.internal.sessions.UnitOfWorkImpl.internalExecuteQuery(UnitOfWorkImpl.java:2983)
	at org.eclipse.persistence.internal.sessions.AbstractSession.executeQuery(AbstractSession.java:1898)
	at org.eclipse.persistence.internal.sessions.AbstractSession.executeQuery(AbstractSession.java:1880)
	at org.eclipse.persistence.internal.sessions.AbstractSession.executeQuery(AbstractSession.java:1830)
	at org.eclipse.persistence.internal.sessions.CommitManager.commitNewObjectsForClassWithChangeSet(CommitManager.java:229)
	at org.eclipse.persistence.internal.sessions.CommitManager.commitAllObjectsForClassWithChangeSet(CommitManager.java:196)
	at org.eclipse.persistence.internal.sessions.CommitManager.commitAllObjectsWithChangeSet(CommitManager.java:141)
	at org.eclipse.persistence.internal.sessions.AbstractSession.writeAllObjectsWithChangeSet(AbstractSession.java:4398)
	at org.eclipse.persistence.internal.sessions.UnitOfWorkImpl.commitToDatabase(UnitOfWorkImpl.java:1495)
	at org.eclipse.persistence.internal.sessions.UnitOfWorkImpl.commitToDatabaseWithChangeSet(UnitOfWorkImpl.java:1585)
	at org.eclipse.persistence.internal.sessions.RepeatableWriteUnitOfWork.commitRootUnitOfWork(RepeatableWriteUnitOfWork.java:280)
	at org.eclipse.persistence.internal.sessions.UnitOfWorkImpl.commitAndResume(UnitOfWorkImpl.java:1222)
	at org.eclipse.persistence.internal.jpa.transaction.EntityTransactionImpl.commit(EntityTransactionImpl.java:136)
	... 46 more
Caused by: org.h2.jdbc.JdbcSQLIntegrityConstraintViolationException: La columna &quot;DIRECCION&quot; no permite valores nulos (NULL)
NULL not allowed for column &quot;DIRECCION&quot;; SQL statement:
INSERT INTO CLIENTE (ID, CIUDAD, CODIGOPOSTAL, DIRECCION, ESTADO, FECHAALTA, FECHABAJA, IDENTIFICACION, PAIS, TIPOCLIENTE, USER_USER, DTYPE) VALUES (?, ?, ?, ?, ?, ?, ?, ?, ?, ?, ?, ?) [23502-200]
	at org.h2.message.DbException.getJdbcSQLException(DbException.java:459)
	at org.h2.message.DbException.getJdbcSQLException(DbException.java:429)
	at org.h2.message.DbException.get(DbException.java:205)
	at org.h2.message.DbException.get(DbException.java:181)
	at org.h2.table.Column.validateConvertUpdateSequence(Column.java:374)
	at org.h2.table.Table.validateConvertUpdateSequence(Table.java:845)
	at org.h2.command.dml.Insert.insertRows(Insert.java:187)
	at org.h2.command.dml.Insert.update(Insert.java:151)
	at org.h2.command.CommandContainer.update(CommandContainer.java:198)
	at org.h2.command.Command.executeUpdate(Command.java:251)
	at org.h2.jdbc.JdbcPreparedStatement.executeUpdateInternal(JdbcPreparedStatement.java:191)
	at org.h2.jdbc.JdbcPreparedStatement.executeUpdate(JdbcPreparedStatement.java:152)
	at org.eclipse.persistence.internal.databaseaccess.DatabaseAccessor.executeDirectNoSelect(DatabaseAccessor.java:898)
	... 77 more
</error>
    <system-out>[EL Warning]: 2022-04-28 17:23:38.674--UnitOfWork(968492511)--Exception [EclipseLink-4002] (Eclipse Persistence Services - 2.7.6.v20200131-b7c997804f): org.eclipse.persistence.exceptions.DatabaseException
Internal Exception: org.h2.jdbc.JdbcSQLIntegrityConstraintViolationException: La columna &quot;DIRECCION&quot; no permite valores nulos (NULL)
NULL not allowed for column &quot;DIRECCION&quot;; SQL statement:
INSERT INTO CLIENTE (ID, CIUDAD, CODIGOPOSTAL, DIRECCION, ESTADO, FECHAALTA, FECHABAJA, IDENTIFICACION, PAIS, TIPOCLIENTE, USER_USER, DTYPE) VALUES (?, ?, ?, ?, ?, ?, ?, ?, ?, ?, ?, ?) [23502-200]
Error Code: 23502
Call: INSERT INTO CLIENTE (ID, CIUDAD, CODIGOPOSTAL, DIRECCION, ESTADO, FECHAALTA, FECHABAJA, IDENTIFICACION, PAIS, TIPOCLIENTE, USER_USER, DTYPE) VALUES (?, ?, ?, ?, ?, ?, ?, ?, ?, ?, ?, ?)
	bind =&gt; [12 parameters bound]
Query: InsertObjectQuery(Cliente{
id=2
identificacion=avenida de Murcia
tipoCliente=null
estado=Activo
fechaAlta=Thu Apr 28 17:23:38 CEST 2022
fechaBaja=null
direccion=null
ciudad=Murcia
codigopostal=29845
pais=Espana
cuentasFintech={[]}}Empresa{
razon_social=UCAM})
</system-out>
  </testcase>
  <testcase classname="ma3s.fintech.test.Administrador" name="testModifyFechaNacimientoPAutorizadaNoEsAdministrador" time="0.048">
    <error message="Exception [EclipseLink-4002] (Eclipse Persistence Services - 2.7.6.v20200131-b7c997804f): org.eclipse.persistence.exceptions.DatabaseException
Internal Exception: org.h2.jdbc.JdbcSQLIntegrityConstraintViolationException: La columna &quot;DIRECCION&quot; no permite valores nulos (NULL)
NULL not allowed for column &quot;DIRECCION&quot;; SQL statement:
INSERT INTO CLIENTE (ID, CIUDAD, CODIGOPOSTAL, DIRECCION, ESTADO, FECHAALTA, FECHABAJA, IDENTIFICACION, PAIS, TIPOCLIENTE, USER_USER, DTYPE) VALUES (?, ?, ?, ?, ?, ?, ?, ?, ?, ?, ?, ?) [23502-200]
Error Code: 23502
Call: INSERT INTO CLIENTE (ID, CIUDAD, CODIGOPOSTAL, DIRECCION, ESTADO, FECHAALTA, FECHABAJA, IDENTIFICACION, PAIS, TIPOCLIENTE, USER_USER, DTYPE) VALUES (?, ?, ?, ?, ?, ?, ?, ?, ?, ?, ?, ?)
	bind =&gt; [12 parameters bound]
Query: InsertObjectQuery(Cliente{
id=1
identificacion=Avenia Plutarco
tipoCliente=null
estado=Activo
fechaAlta=Thu Apr 28 17:23:38 CEST 2022
fechaBaja=null
direccion=null
ciudad=Malaga
codigopostal=29004
pais=Espana
cuentasFintech={[]}}Empresa{
razon_social=UMA})" type="javax.persistence.RollbackException">javax.persistence.RollbackException: Exception [EclipseLink-4002] (Eclipse Persistence Services - 2.7.6.v20200131-b7c997804f): org.eclipse.persistence.exceptions.DatabaseException
Internal Exception: org.h2.jdbc.JdbcSQLIntegrityConstraintViolationException: La columna &quot;DIRECCION&quot; no permite valores nulos (NULL)
NULL not allowed for column &quot;DIRECCION&quot;; SQL statement:
INSERT INTO CLIENTE (ID, CIUDAD, CODIGOPOSTAL, DIRECCION, ESTADO, FECHAALTA, FECHABAJA, IDENTIFICACION, PAIS, TIPOCLIENTE, USER_USER, DTYPE) VALUES (?, ?, ?, ?, ?, ?, ?, ?, ?, ?, ?, ?) [23502-200]
Error Code: 23502
Call: INSERT INTO CLIENTE (ID, CIUDAD, CODIGOPOSTAL, DIRECCION, ESTADO, FECHAALTA, FECHABAJA, IDENTIFICACION, PAIS, TIPOCLIENTE, USER_USER, DTYPE) VALUES (?, ?, ?, ?, ?, ?, ?, ?, ?, ?, ?, ?)
	bind =&gt; [12 parameters bound]
Query: InsertObjectQuery(Cliente{
id=1
identificacion=Avenia Plutarco
tipoCliente=null
estado=Activo
fechaAlta=Thu Apr 28 17:23:38 CEST 2022
fechaBaja=null
direccion=null
ciudad=Malaga
codigopostal=29004
pais=Espana
cuentasFintech={[]}}Empresa{
razon_social=UMA})
	at org.eclipse.persistence.internal.jpa.transaction.EntityTransactionImpl.commit(EntityTransactionImpl.java:161)
	at ma3s.fintech.test.BaseDatos.inicializaBaseDatos(BaseDatos.java:229)
	at ma3s.fintech.test.Administrador.setup(Administrador.java:39)
	at sun.reflect.NativeMethodAccessorImpl.invoke0(Native Method)
	at sun.reflect.NativeMethodAccessorImpl.invoke(NativeMethodAccessorImpl.java:62)
	at sun.reflect.DelegatingMethodAccessorImpl.invoke(DelegatingMethodAccessorImpl.java:43)
	at java.lang.reflect.Method.invoke(Method.java:498)
	at org.junit.runners.model.FrameworkMethod$1.runReflectiveCall(FrameworkMethod.java:59)
	at org.junit.internal.runners.model.ReflectiveCallable.run(ReflectiveCallable.java:12)
	at org.junit.runners.model.FrameworkMethod.invokeExplosively(FrameworkMethod.java:56)
	at org.junit.internal.runners.statements.RunBefores.invokeMethod(RunBefores.java:33)
	at org.junit.internal.runners.statements.RunBefores.evaluate(RunBefores.java:24)
	at org.junit.runners.ParentRunner$3.evaluate(ParentRunner.java:306)
	at org.junit.runners.BlockJUnit4ClassRunner$1.evaluate(BlockJUnit4ClassRunner.java:100)
	at org.junit.runners.ParentRunner.runLeaf(ParentRunner.java:366)
	at org.junit.runners.BlockJUnit4ClassRunner.runChild(BlockJUnit4ClassRunner.java:103)
	at org.junit.runners.BlockJUnit4ClassRunner.runChild(BlockJUnit4ClassRunner.java:63)
	at org.junit.runners.ParentRunner$4.run(ParentRunner.java:331)
	at org.junit.runners.ParentRunner$1.schedule(ParentRunner.java:79)
	at org.junit.runners.ParentRunner.runChildren(ParentRunner.java:329)
	at org.junit.runners.ParentRunner.access$100(ParentRunner.java:66)
	at org.junit.runners.ParentRunner$2.evaluate(ParentRunner.java:293)
	at org.junit.runners.ParentRunner$3.evaluate(ParentRunner.java:306)
	at org.junit.runners.ParentRunner.run(ParentRunner.java:413)
	at org.junit.runners.Suite.runChild(Suite.java:128)
	at org.junit.runners.Suite.runChild(Suite.java:27)
	at org.junit.runners.ParentRunner$4.run(ParentRunner.java:331)
	at org.junit.runners.ParentRunner$1.schedule(ParentRunner.java:79)
	at org.junit.runners.ParentRunner.runChildren(ParentRunner.java:329)
	at org.junit.runners.ParentRunner.access$100(ParentRunner.java:66)
	at org.junit.runners.ParentRunner$2.evaluate(ParentRunner.java:293)
	at org.junit.internal.runners.statements.RunBefores.evaluate(RunBefores.java:26)
	at org.junit.internal.runners.statements.RunAfters.evaluate(RunAfters.java:27)
	at org.junit.runners.ParentRunner$3.evaluate(ParentRunner.java:306)
	at org.junit.runners.ParentRunner.run(ParentRunner.java:413)
	at org.apache.maven.surefire.junit4.JUnit4Provider.execute(JUnit4Provider.java:252)
	at org.apache.maven.surefire.junit4.JUnit4Provider.executeTestSet(JUnit4Provider.java:141)
	at org.apache.maven.surefire.junit4.JUnit4Provider.invoke(JUnit4Provider.java:112)
	at sun.reflect.NativeMethodAccessorImpl.invoke0(Native Method)
	at sun.reflect.NativeMethodAccessorImpl.invoke(NativeMethodAccessorImpl.java:62)
	at sun.reflect.DelegatingMethodAccessorImpl.invoke(DelegatingMethodAccessorImpl.java:43)
	at java.lang.reflect.Method.invoke(Method.java:498)
	at org.apache.maven.surefire.util.ReflectionUtils.invokeMethodWithArray(ReflectionUtils.java:189)
	at org.apache.maven.surefire.booter.ProviderFactory$ProviderProxy.invoke(ProviderFactory.java:165)
	at org.apache.maven.surefire.booter.ProviderFactory.invokeProvider(ProviderFactory.java:85)
	at org.apache.maven.surefire.booter.ForkedBooter.runSuitesInProcess(ForkedBooter.java:115)
	at org.apache.maven.surefire.booter.ForkedBooter.main(ForkedBooter.java:75)
Caused by: Exception [EclipseLink-4002] (Eclipse Persistence Services - 2.7.6.v20200131-b7c997804f): org.eclipse.persistence.exceptions.DatabaseException
Internal Exception: org.h2.jdbc.JdbcSQLIntegrityConstraintViolationException: La columna &quot;DIRECCION&quot; no permite valores nulos (NULL)
NULL not allowed for column &quot;DIRECCION&quot;; SQL statement:
INSERT INTO CLIENTE (ID, CIUDAD, CODIGOPOSTAL, DIRECCION, ESTADO, FECHAALTA, FECHABAJA, IDENTIFICACION, PAIS, TIPOCLIENTE, USER_USER, DTYPE) VALUES (?, ?, ?, ?, ?, ?, ?, ?, ?, ?, ?, ?) [23502-200]
Error Code: 23502
Call: INSERT INTO CLIENTE (ID, CIUDAD, CODIGOPOSTAL, DIRECCION, ESTADO, FECHAALTA, FECHABAJA, IDENTIFICACION, PAIS, TIPOCLIENTE, USER_USER, DTYPE) VALUES (?, ?, ?, ?, ?, ?, ?, ?, ?, ?, ?, ?)
	bind =&gt; [12 parameters bound]
Query: InsertObjectQuery(Cliente{
id=1
identificacion=Avenia Plutarco
tipoCliente=null
estado=Activo
fechaAlta=Thu Apr 28 17:23:38 CEST 2022
fechaBaja=null
direccion=null
ciudad=Malaga
codigopostal=29004
pais=Espana
cuentasFintech={[]}}Empresa{
razon_social=UMA})
	at org.eclipse.persistence.exceptions.DatabaseException.sqlException(DatabaseException.java:333)
	at org.eclipse.persistence.internal.databaseaccess.DatabaseAccessor.executeDirectNoSelect(DatabaseAccessor.java:908)
	at org.eclipse.persistence.internal.databaseaccess.DatabaseAccessor.executeNoSelect(DatabaseAccessor.java:970)
	at org.eclipse.persistence.internal.databaseaccess.DatabaseAccessor.basicExecuteCall(DatabaseAccessor.java:640)
	at org.eclipse.persistence.internal.databaseaccess.DatabaseAccessor.executeCall(DatabaseAccessor.java:567)
	at org.eclipse.persistence.internal.sessions.AbstractSession.basicExecuteCall(AbstractSession.java:2099)
	at org.eclipse.persistence.sessions.server.ClientSession.executeCall(ClientSession.java:313)
	at org.eclipse.persistence.internal.queries.DatasourceCallQueryMechanism.executeCall(DatasourceCallQueryMechanism.java:275)
	at org.eclipse.persistence.internal.queries.DatasourceCallQueryMechanism.insertObject(DatasourceCallQueryMechanism.java:397)
	at org.eclipse.persistence.internal.queries.StatementQueryMechanism.insertObject(StatementQueryMechanism.java:167)
	at org.eclipse.persistence.internal.queries.StatementQueryMechanism.insertObject(StatementQueryMechanism.java:182)
	at org.eclipse.persistence.internal.queries.DatabaseQueryMechanism.insertObjectForWrite(DatabaseQueryMechanism.java:504)
	at org.eclipse.persistence.queries.InsertObjectQuery.executeCommit(InsertObjectQuery.java:82)
	at org.eclipse.persistence.queries.InsertObjectQuery.executeCommitWithChangeSet(InsertObjectQuery.java:92)
	at org.eclipse.persistence.internal.queries.DatabaseQueryMechanism.executeWriteWithChangeSet(DatabaseQueryMechanism.java:316)
	at org.eclipse.persistence.queries.WriteObjectQuery.executeDatabaseQuery(WriteObjectQuery.java:60)
	at org.eclipse.persistence.queries.DatabaseQuery.execute(DatabaseQuery.java:911)
	at org.eclipse.persistence.queries.DatabaseQuery.executeInUnitOfWork(DatabaseQuery.java:810)
	at org.eclipse.persistence.queries.ObjectLevelModifyQuery.executeInUnitOfWorkObjectLevelModifyQuery(ObjectLevelModifyQuery.java:110)
	at org.eclipse.persistence.queries.ObjectLevelModifyQuery.executeInUnitOfWork(ObjectLevelModifyQuery.java:87)
	at org.eclipse.persistence.internal.sessions.UnitOfWorkImpl.internalExecuteQuery(UnitOfWorkImpl.java:2983)
	at org.eclipse.persistence.internal.sessions.AbstractSession.executeQuery(AbstractSession.java:1898)
	at org.eclipse.persistence.internal.sessions.AbstractSession.executeQuery(AbstractSession.java:1880)
	at org.eclipse.persistence.internal.sessions.AbstractSession.executeQuery(AbstractSession.java:1830)
	at org.eclipse.persistence.internal.sessions.CommitManager.commitNewObjectsForClassWithChangeSet(CommitManager.java:229)
	at org.eclipse.persistence.internal.sessions.CommitManager.commitAllObjectsForClassWithChangeSet(CommitManager.java:196)
	at org.eclipse.persistence.internal.sessions.CommitManager.commitAllObjectsWithChangeSet(CommitManager.java:141)
	at org.eclipse.persistence.internal.sessions.AbstractSession.writeAllObjectsWithChangeSet(AbstractSession.java:4398)
	at org.eclipse.persistence.internal.sessions.UnitOfWorkImpl.commitToDatabase(UnitOfWorkImpl.java:1495)
	at org.eclipse.persistence.internal.sessions.UnitOfWorkImpl.commitToDatabaseWithChangeSet(UnitOfWorkImpl.java:1585)
	at org.eclipse.persistence.internal.sessions.RepeatableWriteUnitOfWork.commitRootUnitOfWork(RepeatableWriteUnitOfWork.java:280)
	at org.eclipse.persistence.internal.sessions.UnitOfWorkImpl.commitAndResume(UnitOfWorkImpl.java:1222)
	at org.eclipse.persistence.internal.jpa.transaction.EntityTransactionImpl.commit(EntityTransactionImpl.java:136)
	... 46 more
Caused by: org.h2.jdbc.JdbcSQLIntegrityConstraintViolationException: La columna &quot;DIRECCION&quot; no permite valores nulos (NULL)
NULL not allowed for column &quot;DIRECCION&quot;; SQL statement:
INSERT INTO CLIENTE (ID, CIUDAD, CODIGOPOSTAL, DIRECCION, ESTADO, FECHAALTA, FECHABAJA, IDENTIFICACION, PAIS, TIPOCLIENTE, USER_USER, DTYPE) VALUES (?, ?, ?, ?, ?, ?, ?, ?, ?, ?, ?, ?) [23502-200]
	at org.h2.message.DbException.getJdbcSQLException(DbException.java:459)
	at org.h2.message.DbException.getJdbcSQLException(DbException.java:429)
	at org.h2.message.DbException.get(DbException.java:205)
	at org.h2.message.DbException.get(DbException.java:181)
	at org.h2.table.Column.validateConvertUpdateSequence(Column.java:374)
	at org.h2.table.Table.validateConvertUpdateSequence(Table.java:845)
	at org.h2.command.dml.Insert.insertRows(Insert.java:187)
	at org.h2.command.dml.Insert.update(Insert.java:151)
	at org.h2.command.CommandContainer.update(CommandContainer.java:198)
	at org.h2.command.Command.executeUpdate(Command.java:251)
	at org.h2.jdbc.JdbcPreparedStatement.executeUpdateInternal(JdbcPreparedStatement.java:191)
	at org.h2.jdbc.JdbcPreparedStatement.executeUpdate(JdbcPreparedStatement.java:152)
	at org.eclipse.persistence.internal.databaseaccess.DatabaseAccessor.executeDirectNoSelect(DatabaseAccessor.java:898)
	... 77 more
</error>
    <system-out>[EL Warning]: 2022-04-28 17:23:38.724--UnitOfWork(1567668917)--Exception [EclipseLink-4002] (Eclipse Persistence Services - 2.7.6.v20200131-b7c997804f): org.eclipse.persistence.exceptions.DatabaseException
Internal Exception: org.h2.jdbc.JdbcSQLIntegrityConstraintViolationException: La columna &quot;DIRECCION&quot; no permite valores nulos (NULL)
NULL not allowed for column &quot;DIRECCION&quot;; SQL statement:
INSERT INTO CLIENTE (ID, CIUDAD, CODIGOPOSTAL, DIRECCION, ESTADO, FECHAALTA, FECHABAJA, IDENTIFICACION, PAIS, TIPOCLIENTE, USER_USER, DTYPE) VALUES (?, ?, ?, ?, ?, ?, ?, ?, ?, ?, ?, ?) [23502-200]
Error Code: 23502
Call: INSERT INTO CLIENTE (ID, CIUDAD, CODIGOPOSTAL, DIRECCION, ESTADO, FECHAALTA, FECHABAJA, IDENTIFICACION, PAIS, TIPOCLIENTE, USER_USER, DTYPE) VALUES (?, ?, ?, ?, ?, ?, ?, ?, ?, ?, ?, ?)
	bind =&gt; [12 parameters bound]
Query: InsertObjectQuery(Cliente{
id=1
identificacion=Avenia Plutarco
tipoCliente=null
estado=Activo
fechaAlta=Thu Apr 28 17:23:38 CEST 2022
fechaBaja=null
direccion=null
ciudad=Malaga
codigopostal=29004
pais=Espana
cuentasFintech={[]}}Empresa{
razon_social=UMA})
</system-out>
  </testcase>
  <testcase classname="ma3s.fintech.test.Administrador" name="testModifySurNamePAutorizadaNoEsAdministrador" time="0.047">
    <error message="Exception [EclipseLink-4002] (Eclipse Persistence Services - 2.7.6.v20200131-b7c997804f): org.eclipse.persistence.exceptions.DatabaseException
Internal Exception: org.h2.jdbc.JdbcSQLIntegrityConstraintViolationException: La columna &quot;DIRECCION&quot; no permite valores nulos (NULL)
NULL not allowed for column &quot;DIRECCION&quot;; SQL statement:
INSERT INTO CLIENTE (ID, CIUDAD, CODIGOPOSTAL, DIRECCION, ESTADO, FECHAALTA, FECHABAJA, IDENTIFICACION, PAIS, TIPOCLIENTE, USER_USER, DTYPE) VALUES (?, ?, ?, ?, ?, ?, ?, ?, ?, ?, ?, ?) [23502-200]
Error Code: 23502
Call: INSERT INTO CLIENTE (ID, CIUDAD, CODIGOPOSTAL, DIRECCION, ESTADO, FECHAALTA, FECHABAJA, IDENTIFICACION, PAIS, TIPOCLIENTE, USER_USER, DTYPE) VALUES (?, ?, ?, ?, ?, ?, ?, ?, ?, ?, ?, ?)
	bind =&gt; [12 parameters bound]
Query: InsertObjectQuery(Cliente{
id=2
identificacion=avenida de Murcia
tipoCliente=null
estado=Activo
fechaAlta=Thu Apr 28 17:23:38 CEST 2022
fechaBaja=null
direccion=null
ciudad=Murcia
codigopostal=29845
pais=Espana
cuentasFintech={[]}}Empresa{
razon_social=UCAM})" type="javax.persistence.RollbackException">javax.persistence.RollbackException: Exception [EclipseLink-4002] (Eclipse Persistence Services - 2.7.6.v20200131-b7c997804f): org.eclipse.persistence.exceptions.DatabaseException
Internal Exception: org.h2.jdbc.JdbcSQLIntegrityConstraintViolationException: La columna &quot;DIRECCION&quot; no permite valores nulos (NULL)
NULL not allowed for column &quot;DIRECCION&quot;; SQL statement:
INSERT INTO CLIENTE (ID, CIUDAD, CODIGOPOSTAL, DIRECCION, ESTADO, FECHAALTA, FECHABAJA, IDENTIFICACION, PAIS, TIPOCLIENTE, USER_USER, DTYPE) VALUES (?, ?, ?, ?, ?, ?, ?, ?, ?, ?, ?, ?) [23502-200]
Error Code: 23502
Call: INSERT INTO CLIENTE (ID, CIUDAD, CODIGOPOSTAL, DIRECCION, ESTADO, FECHAALTA, FECHABAJA, IDENTIFICACION, PAIS, TIPOCLIENTE, USER_USER, DTYPE) VALUES (?, ?, ?, ?, ?, ?, ?, ?, ?, ?, ?, ?)
	bind =&gt; [12 parameters bound]
Query: InsertObjectQuery(Cliente{
id=2
identificacion=avenida de Murcia
tipoCliente=null
estado=Activo
fechaAlta=Thu Apr 28 17:23:38 CEST 2022
fechaBaja=null
direccion=null
ciudad=Murcia
codigopostal=29845
pais=Espana
cuentasFintech={[]}}Empresa{
razon_social=UCAM})
	at org.eclipse.persistence.internal.jpa.transaction.EntityTransactionImpl.commit(EntityTransactionImpl.java:161)
	at ma3s.fintech.test.BaseDatos.inicializaBaseDatos(BaseDatos.java:229)
	at ma3s.fintech.test.Administrador.setup(Administrador.java:39)
	at sun.reflect.NativeMethodAccessorImpl.invoke0(Native Method)
	at sun.reflect.NativeMethodAccessorImpl.invoke(NativeMethodAccessorImpl.java:62)
	at sun.reflect.DelegatingMethodAccessorImpl.invoke(DelegatingMethodAccessorImpl.java:43)
	at java.lang.reflect.Method.invoke(Method.java:498)
	at org.junit.runners.model.FrameworkMethod$1.runReflectiveCall(FrameworkMethod.java:59)
	at org.junit.internal.runners.model.ReflectiveCallable.run(ReflectiveCallable.java:12)
	at org.junit.runners.model.FrameworkMethod.invokeExplosively(FrameworkMethod.java:56)
	at org.junit.internal.runners.statements.RunBefores.invokeMethod(RunBefores.java:33)
	at org.junit.internal.runners.statements.RunBefores.evaluate(RunBefores.java:24)
	at org.junit.runners.ParentRunner$3.evaluate(ParentRunner.java:306)
	at org.junit.runners.BlockJUnit4ClassRunner$1.evaluate(BlockJUnit4ClassRunner.java:100)
	at org.junit.runners.ParentRunner.runLeaf(ParentRunner.java:366)
	at org.junit.runners.BlockJUnit4ClassRunner.runChild(BlockJUnit4ClassRunner.java:103)
	at org.junit.runners.BlockJUnit4ClassRunner.runChild(BlockJUnit4ClassRunner.java:63)
	at org.junit.runners.ParentRunner$4.run(ParentRunner.java:331)
	at org.junit.runners.ParentRunner$1.schedule(ParentRunner.java:79)
	at org.junit.runners.ParentRunner.runChildren(ParentRunner.java:329)
	at org.junit.runners.ParentRunner.access$100(ParentRunner.java:66)
	at org.junit.runners.ParentRunner$2.evaluate(ParentRunner.java:293)
	at org.junit.runners.ParentRunner$3.evaluate(ParentRunner.java:306)
	at org.junit.runners.ParentRunner.run(ParentRunner.java:413)
	at org.junit.runners.Suite.runChild(Suite.java:128)
	at org.junit.runners.Suite.runChild(Suite.java:27)
	at org.junit.runners.ParentRunner$4.run(ParentRunner.java:331)
	at org.junit.runners.ParentRunner$1.schedule(ParentRunner.java:79)
	at org.junit.runners.ParentRunner.runChildren(ParentRunner.java:329)
	at org.junit.runners.ParentRunner.access$100(ParentRunner.java:66)
	at org.junit.runners.ParentRunner$2.evaluate(ParentRunner.java:293)
	at org.junit.internal.runners.statements.RunBefores.evaluate(RunBefores.java:26)
	at org.junit.internal.runners.statements.RunAfters.evaluate(RunAfters.java:27)
	at org.junit.runners.ParentRunner$3.evaluate(ParentRunner.java:306)
	at org.junit.runners.ParentRunner.run(ParentRunner.java:413)
	at org.apache.maven.surefire.junit4.JUnit4Provider.execute(JUnit4Provider.java:252)
	at org.apache.maven.surefire.junit4.JUnit4Provider.executeTestSet(JUnit4Provider.java:141)
	at org.apache.maven.surefire.junit4.JUnit4Provider.invoke(JUnit4Provider.java:112)
	at sun.reflect.NativeMethodAccessorImpl.invoke0(Native Method)
	at sun.reflect.NativeMethodAccessorImpl.invoke(NativeMethodAccessorImpl.java:62)
	at sun.reflect.DelegatingMethodAccessorImpl.invoke(DelegatingMethodAccessorImpl.java:43)
	at java.lang.reflect.Method.invoke(Method.java:498)
	at org.apache.maven.surefire.util.ReflectionUtils.invokeMethodWithArray(ReflectionUtils.java:189)
	at org.apache.maven.surefire.booter.ProviderFactory$ProviderProxy.invoke(ProviderFactory.java:165)
	at org.apache.maven.surefire.booter.ProviderFactory.invokeProvider(ProviderFactory.java:85)
	at org.apache.maven.surefire.booter.ForkedBooter.runSuitesInProcess(ForkedBooter.java:115)
	at org.apache.maven.surefire.booter.ForkedBooter.main(ForkedBooter.java:75)
Caused by: Exception [EclipseLink-4002] (Eclipse Persistence Services - 2.7.6.v20200131-b7c997804f): org.eclipse.persistence.exceptions.DatabaseException
Internal Exception: org.h2.jdbc.JdbcSQLIntegrityConstraintViolationException: La columna &quot;DIRECCION&quot; no permite valores nulos (NULL)
NULL not allowed for column &quot;DIRECCION&quot;; SQL statement:
INSERT INTO CLIENTE (ID, CIUDAD, CODIGOPOSTAL, DIRECCION, ESTADO, FECHAALTA, FECHABAJA, IDENTIFICACION, PAIS, TIPOCLIENTE, USER_USER, DTYPE) VALUES (?, ?, ?, ?, ?, ?, ?, ?, ?, ?, ?, ?) [23502-200]
Error Code: 23502
Call: INSERT INTO CLIENTE (ID, CIUDAD, CODIGOPOSTAL, DIRECCION, ESTADO, FECHAALTA, FECHABAJA, IDENTIFICACION, PAIS, TIPOCLIENTE, USER_USER, DTYPE) VALUES (?, ?, ?, ?, ?, ?, ?, ?, ?, ?, ?, ?)
	bind =&gt; [12 parameters bound]
Query: InsertObjectQuery(Cliente{
id=2
identificacion=avenida de Murcia
tipoCliente=null
estado=Activo
fechaAlta=Thu Apr 28 17:23:38 CEST 2022
fechaBaja=null
direccion=null
ciudad=Murcia
codigopostal=29845
pais=Espana
cuentasFintech={[]}}Empresa{
razon_social=UCAM})
	at org.eclipse.persistence.exceptions.DatabaseException.sqlException(DatabaseException.java:333)
	at org.eclipse.persistence.internal.databaseaccess.DatabaseAccessor.executeDirectNoSelect(DatabaseAccessor.java:908)
	at org.eclipse.persistence.internal.databaseaccess.DatabaseAccessor.executeNoSelect(DatabaseAccessor.java:970)
	at org.eclipse.persistence.internal.databaseaccess.DatabaseAccessor.basicExecuteCall(DatabaseAccessor.java:640)
	at org.eclipse.persistence.internal.databaseaccess.DatabaseAccessor.executeCall(DatabaseAccessor.java:567)
	at org.eclipse.persistence.internal.sessions.AbstractSession.basicExecuteCall(AbstractSession.java:2099)
	at org.eclipse.persistence.sessions.server.ClientSession.executeCall(ClientSession.java:313)
	at org.eclipse.persistence.internal.queries.DatasourceCallQueryMechanism.executeCall(DatasourceCallQueryMechanism.java:275)
	at org.eclipse.persistence.internal.queries.DatasourceCallQueryMechanism.insertObject(DatasourceCallQueryMechanism.java:397)
	at org.eclipse.persistence.internal.queries.StatementQueryMechanism.insertObject(StatementQueryMechanism.java:167)
	at org.eclipse.persistence.internal.queries.StatementQueryMechanism.insertObject(StatementQueryMechanism.java:182)
	at org.eclipse.persistence.internal.queries.DatabaseQueryMechanism.insertObjectForWrite(DatabaseQueryMechanism.java:504)
	at org.eclipse.persistence.queries.InsertObjectQuery.executeCommit(InsertObjectQuery.java:82)
	at org.eclipse.persistence.queries.InsertObjectQuery.executeCommitWithChangeSet(InsertObjectQuery.java:92)
	at org.eclipse.persistence.internal.queries.DatabaseQueryMechanism.executeWriteWithChangeSet(DatabaseQueryMechanism.java:316)
	at org.eclipse.persistence.queries.WriteObjectQuery.executeDatabaseQuery(WriteObjectQuery.java:60)
	at org.eclipse.persistence.queries.DatabaseQuery.execute(DatabaseQuery.java:911)
	at org.eclipse.persistence.queries.DatabaseQuery.executeInUnitOfWork(DatabaseQuery.java:810)
	at org.eclipse.persistence.queries.ObjectLevelModifyQuery.executeInUnitOfWorkObjectLevelModifyQuery(ObjectLevelModifyQuery.java:110)
	at org.eclipse.persistence.queries.ObjectLevelModifyQuery.executeInUnitOfWork(ObjectLevelModifyQuery.java:87)
	at org.eclipse.persistence.internal.sessions.UnitOfWorkImpl.internalExecuteQuery(UnitOfWorkImpl.java:2983)
	at org.eclipse.persistence.internal.sessions.AbstractSession.executeQuery(AbstractSession.java:1898)
	at org.eclipse.persistence.internal.sessions.AbstractSession.executeQuery(AbstractSession.java:1880)
	at org.eclipse.persistence.internal.sessions.AbstractSession.executeQuery(AbstractSession.java:1830)
	at org.eclipse.persistence.internal.sessions.CommitManager.commitNewObjectsForClassWithChangeSet(CommitManager.java:229)
	at org.eclipse.persistence.internal.sessions.CommitManager.commitAllObjectsForClassWithChangeSet(CommitManager.java:196)
	at org.eclipse.persistence.internal.sessions.CommitManager.commitAllObjectsWithChangeSet(CommitManager.java:141)
	at org.eclipse.persistence.internal.sessions.AbstractSession.writeAllObjectsWithChangeSet(AbstractSession.java:4398)
	at org.eclipse.persistence.internal.sessions.UnitOfWorkImpl.commitToDatabase(UnitOfWorkImpl.java:1495)
	at org.eclipse.persistence.internal.sessions.UnitOfWorkImpl.commitToDatabaseWithChangeSet(UnitOfWorkImpl.java:1585)
	at org.eclipse.persistence.internal.sessions.RepeatableWriteUnitOfWork.commitRootUnitOfWork(RepeatableWriteUnitOfWork.java:280)
	at org.eclipse.persistence.internal.sessions.UnitOfWorkImpl.commitAndResume(UnitOfWorkImpl.java:1222)
	at org.eclipse.persistence.internal.jpa.transaction.EntityTransactionImpl.commit(EntityTransactionImpl.java:136)
	... 46 more
Caused by: org.h2.jdbc.JdbcSQLIntegrityConstraintViolationException: La columna &quot;DIRECCION&quot; no permite valores nulos (NULL)
NULL not allowed for column &quot;DIRECCION&quot;; SQL statement:
INSERT INTO CLIENTE (ID, CIUDAD, CODIGOPOSTAL, DIRECCION, ESTADO, FECHAALTA, FECHABAJA, IDENTIFICACION, PAIS, TIPOCLIENTE, USER_USER, DTYPE) VALUES (?, ?, ?, ?, ?, ?, ?, ?, ?, ?, ?, ?) [23502-200]
	at org.h2.message.DbException.getJdbcSQLException(DbException.java:459)
	at org.h2.message.DbException.getJdbcSQLException(DbException.java:429)
	at org.h2.message.DbException.get(DbException.java:205)
	at org.h2.message.DbException.get(DbException.java:181)
	at org.h2.table.Column.validateConvertUpdateSequence(Column.java:374)
	at org.h2.table.Table.validateConvertUpdateSequence(Table.java:845)
	at org.h2.command.dml.Insert.insertRows(Insert.java:187)
	at org.h2.command.dml.Insert.update(Insert.java:151)
	at org.h2.command.CommandContainer.update(CommandContainer.java:198)
	at org.h2.command.Command.executeUpdate(Command.java:251)
	at org.h2.jdbc.JdbcPreparedStatement.executeUpdateInternal(JdbcPreparedStatement.java:191)
	at org.h2.jdbc.JdbcPreparedStatement.executeUpdate(JdbcPreparedStatement.java:152)
	at org.eclipse.persistence.internal.databaseaccess.DatabaseAccessor.executeDirectNoSelect(DatabaseAccessor.java:898)
	... 77 more
</error>
    <system-out>[EL Warning]: 2022-04-28 17:23:38.771--UnitOfWork(828946431)--Exception [EclipseLink-4002] (Eclipse Persistence Services - 2.7.6.v20200131-b7c997804f): org.eclipse.persistence.exceptions.DatabaseException
Internal Exception: org.h2.jdbc.JdbcSQLIntegrityConstraintViolationException: La columna &quot;DIRECCION&quot; no permite valores nulos (NULL)
NULL not allowed for column &quot;DIRECCION&quot;; SQL statement:
INSERT INTO CLIENTE (ID, CIUDAD, CODIGOPOSTAL, DIRECCION, ESTADO, FECHAALTA, FECHABAJA, IDENTIFICACION, PAIS, TIPOCLIENTE, USER_USER, DTYPE) VALUES (?, ?, ?, ?, ?, ?, ?, ?, ?, ?, ?, ?) [23502-200]
Error Code: 23502
Call: INSERT INTO CLIENTE (ID, CIUDAD, CODIGOPOSTAL, DIRECCION, ESTADO, FECHAALTA, FECHABAJA, IDENTIFICACION, PAIS, TIPOCLIENTE, USER_USER, DTYPE) VALUES (?, ?, ?, ?, ?, ?, ?, ?, ?, ?, ?, ?)
	bind =&gt; [12 parameters bound]
Query: InsertObjectQuery(Cliente{
id=2
identificacion=avenida de Murcia
tipoCliente=null
estado=Activo
fechaAlta=Thu Apr 28 17:23:38 CEST 2022
fechaBaja=null
direccion=null
ciudad=Murcia
codigopostal=29845
pais=Espana
cuentasFintech={[]}}Empresa{
razon_social=UCAM})
</system-out>
  </testcase>
  <testcase classname="ma3s.fintech.test.Administrador" name="testModifyFechaNacimientoPAutorizadaCampoVacio" time="0.035">
    <error message="Exception [EclipseLink-4002] (Eclipse Persistence Services - 2.7.6.v20200131-b7c997804f): org.eclipse.persistence.exceptions.DatabaseException
Internal Exception: org.h2.jdbc.JdbcSQLIntegrityConstraintViolationException: La columna &quot;DIRECCION&quot; no permite valores nulos (NULL)
NULL not allowed for column &quot;DIRECCION&quot;; SQL statement:
INSERT INTO CLIENTE (ID, CIUDAD, CODIGOPOSTAL, DIRECCION, ESTADO, FECHAALTA, FECHABAJA, IDENTIFICACION, PAIS, TIPOCLIENTE, USER_USER, DTYPE) VALUES (?, ?, ?, ?, ?, ?, ?, ?, ?, ?, ?, ?) [23502-200]
Error Code: 23502
Call: INSERT INTO CLIENTE (ID, CIUDAD, CODIGOPOSTAL, DIRECCION, ESTADO, FECHAALTA, FECHABAJA, IDENTIFICACION, PAIS, TIPOCLIENTE, USER_USER, DTYPE) VALUES (?, ?, ?, ?, ?, ?, ?, ?, ?, ?, ?, ?)
	bind =&gt; [12 parameters bound]
Query: InsertObjectQuery(Cliente{
id=1
identificacion=Avenia Plutarco
tipoCliente=null
estado=Activo
fechaAlta=Thu Apr 28 17:23:38 CEST 2022
fechaBaja=null
direccion=null
ciudad=Malaga
codigopostal=29004
pais=Espana
cuentasFintech={[]}}Empresa{
razon_social=UMA})" type="javax.persistence.RollbackException">javax.persistence.RollbackException: Exception [EclipseLink-4002] (Eclipse Persistence Services - 2.7.6.v20200131-b7c997804f): org.eclipse.persistence.exceptions.DatabaseException
Internal Exception: org.h2.jdbc.JdbcSQLIntegrityConstraintViolationException: La columna &quot;DIRECCION&quot; no permite valores nulos (NULL)
NULL not allowed for column &quot;DIRECCION&quot;; SQL statement:
INSERT INTO CLIENTE (ID, CIUDAD, CODIGOPOSTAL, DIRECCION, ESTADO, FECHAALTA, FECHABAJA, IDENTIFICACION, PAIS, TIPOCLIENTE, USER_USER, DTYPE) VALUES (?, ?, ?, ?, ?, ?, ?, ?, ?, ?, ?, ?) [23502-200]
Error Code: 23502
Call: INSERT INTO CLIENTE (ID, CIUDAD, CODIGOPOSTAL, DIRECCION, ESTADO, FECHAALTA, FECHABAJA, IDENTIFICACION, PAIS, TIPOCLIENTE, USER_USER, DTYPE) VALUES (?, ?, ?, ?, ?, ?, ?, ?, ?, ?, ?, ?)
	bind =&gt; [12 parameters bound]
Query: InsertObjectQuery(Cliente{
id=1
identificacion=Avenia Plutarco
tipoCliente=null
estado=Activo
fechaAlta=Thu Apr 28 17:23:38 CEST 2022
fechaBaja=null
direccion=null
ciudad=Malaga
codigopostal=29004
pais=Espana
cuentasFintech={[]}}Empresa{
razon_social=UMA})
	at org.eclipse.persistence.internal.jpa.transaction.EntityTransactionImpl.commit(EntityTransactionImpl.java:161)
	at ma3s.fintech.test.BaseDatos.inicializaBaseDatos(BaseDatos.java:229)
	at ma3s.fintech.test.Administrador.setup(Administrador.java:39)
	at sun.reflect.NativeMethodAccessorImpl.invoke0(Native Method)
	at sun.reflect.NativeMethodAccessorImpl.invoke(NativeMethodAccessorImpl.java:62)
	at sun.reflect.DelegatingMethodAccessorImpl.invoke(DelegatingMethodAccessorImpl.java:43)
	at java.lang.reflect.Method.invoke(Method.java:498)
	at org.junit.runners.model.FrameworkMethod$1.runReflectiveCall(FrameworkMethod.java:59)
	at org.junit.internal.runners.model.ReflectiveCallable.run(ReflectiveCallable.java:12)
	at org.junit.runners.model.FrameworkMethod.invokeExplosively(FrameworkMethod.java:56)
	at org.junit.internal.runners.statements.RunBefores.invokeMethod(RunBefores.java:33)
	at org.junit.internal.runners.statements.RunBefores.evaluate(RunBefores.java:24)
	at org.junit.runners.ParentRunner$3.evaluate(ParentRunner.java:306)
	at org.junit.runners.BlockJUnit4ClassRunner$1.evaluate(BlockJUnit4ClassRunner.java:100)
	at org.junit.runners.ParentRunner.runLeaf(ParentRunner.java:366)
	at org.junit.runners.BlockJUnit4ClassRunner.runChild(BlockJUnit4ClassRunner.java:103)
	at org.junit.runners.BlockJUnit4ClassRunner.runChild(BlockJUnit4ClassRunner.java:63)
	at org.junit.runners.ParentRunner$4.run(ParentRunner.java:331)
	at org.junit.runners.ParentRunner$1.schedule(ParentRunner.java:79)
	at org.junit.runners.ParentRunner.runChildren(ParentRunner.java:329)
	at org.junit.runners.ParentRunner.access$100(ParentRunner.java:66)
	at org.junit.runners.ParentRunner$2.evaluate(ParentRunner.java:293)
	at org.junit.runners.ParentRunner$3.evaluate(ParentRunner.java:306)
	at org.junit.runners.ParentRunner.run(ParentRunner.java:413)
	at org.junit.runners.Suite.runChild(Suite.java:128)
	at org.junit.runners.Suite.runChild(Suite.java:27)
	at org.junit.runners.ParentRunner$4.run(ParentRunner.java:331)
	at org.junit.runners.ParentRunner$1.schedule(ParentRunner.java:79)
	at org.junit.runners.ParentRunner.runChildren(ParentRunner.java:329)
	at org.junit.runners.ParentRunner.access$100(ParentRunner.java:66)
	at org.junit.runners.ParentRunner$2.evaluate(ParentRunner.java:293)
	at org.junit.internal.runners.statements.RunBefores.evaluate(RunBefores.java:26)
	at org.junit.internal.runners.statements.RunAfters.evaluate(RunAfters.java:27)
	at org.junit.runners.ParentRunner$3.evaluate(ParentRunner.java:306)
	at org.junit.runners.ParentRunner.run(ParentRunner.java:413)
	at org.apache.maven.surefire.junit4.JUnit4Provider.execute(JUnit4Provider.java:252)
	at org.apache.maven.surefire.junit4.JUnit4Provider.executeTestSet(JUnit4Provider.java:141)
	at org.apache.maven.surefire.junit4.JUnit4Provider.invoke(JUnit4Provider.java:112)
	at sun.reflect.NativeMethodAccessorImpl.invoke0(Native Method)
	at sun.reflect.NativeMethodAccessorImpl.invoke(NativeMethodAccessorImpl.java:62)
	at sun.reflect.DelegatingMethodAccessorImpl.invoke(DelegatingMethodAccessorImpl.java:43)
	at java.lang.reflect.Method.invoke(Method.java:498)
	at org.apache.maven.surefire.util.ReflectionUtils.invokeMethodWithArray(ReflectionUtils.java:189)
	at org.apache.maven.surefire.booter.ProviderFactory$ProviderProxy.invoke(ProviderFactory.java:165)
	at org.apache.maven.surefire.booter.ProviderFactory.invokeProvider(ProviderFactory.java:85)
	at org.apache.maven.surefire.booter.ForkedBooter.runSuitesInProcess(ForkedBooter.java:115)
	at org.apache.maven.surefire.booter.ForkedBooter.main(ForkedBooter.java:75)
Caused by: Exception [EclipseLink-4002] (Eclipse Persistence Services - 2.7.6.v20200131-b7c997804f): org.eclipse.persistence.exceptions.DatabaseException
Internal Exception: org.h2.jdbc.JdbcSQLIntegrityConstraintViolationException: La columna &quot;DIRECCION&quot; no permite valores nulos (NULL)
NULL not allowed for column &quot;DIRECCION&quot;; SQL statement:
INSERT INTO CLIENTE (ID, CIUDAD, CODIGOPOSTAL, DIRECCION, ESTADO, FECHAALTA, FECHABAJA, IDENTIFICACION, PAIS, TIPOCLIENTE, USER_USER, DTYPE) VALUES (?, ?, ?, ?, ?, ?, ?, ?, ?, ?, ?, ?) [23502-200]
Error Code: 23502
Call: INSERT INTO CLIENTE (ID, CIUDAD, CODIGOPOSTAL, DIRECCION, ESTADO, FECHAALTA, FECHABAJA, IDENTIFICACION, PAIS, TIPOCLIENTE, USER_USER, DTYPE) VALUES (?, ?, ?, ?, ?, ?, ?, ?, ?, ?, ?, ?)
	bind =&gt; [12 parameters bound]
Query: InsertObjectQuery(Cliente{
id=1
identificacion=Avenia Plutarco
tipoCliente=null
estado=Activo
fechaAlta=Thu Apr 28 17:23:38 CEST 2022
fechaBaja=null
direccion=null
ciudad=Malaga
codigopostal=29004
pais=Espana
cuentasFintech={[]}}Empresa{
razon_social=UMA})
	at org.eclipse.persistence.exceptions.DatabaseException.sqlException(DatabaseException.java:333)
	at org.eclipse.persistence.internal.databaseaccess.DatabaseAccessor.executeDirectNoSelect(DatabaseAccessor.java:908)
	at org.eclipse.persistence.internal.databaseaccess.DatabaseAccessor.executeNoSelect(DatabaseAccessor.java:970)
	at org.eclipse.persistence.internal.databaseaccess.DatabaseAccessor.basicExecuteCall(DatabaseAccessor.java:640)
	at org.eclipse.persistence.internal.databaseaccess.DatabaseAccessor.executeCall(DatabaseAccessor.java:567)
	at org.eclipse.persistence.internal.sessions.AbstractSession.basicExecuteCall(AbstractSession.java:2099)
	at org.eclipse.persistence.sessions.server.ClientSession.executeCall(ClientSession.java:313)
	at org.eclipse.persistence.internal.queries.DatasourceCallQueryMechanism.executeCall(DatasourceCallQueryMechanism.java:275)
	at org.eclipse.persistence.internal.queries.DatasourceCallQueryMechanism.insertObject(DatasourceCallQueryMechanism.java:397)
	at org.eclipse.persistence.internal.queries.StatementQueryMechanism.insertObject(StatementQueryMechanism.java:167)
	at org.eclipse.persistence.internal.queries.StatementQueryMechanism.insertObject(StatementQueryMechanism.java:182)
	at org.eclipse.persistence.internal.queries.DatabaseQueryMechanism.insertObjectForWrite(DatabaseQueryMechanism.java:504)
	at org.eclipse.persistence.queries.InsertObjectQuery.executeCommit(InsertObjectQuery.java:82)
	at org.eclipse.persistence.queries.InsertObjectQuery.executeCommitWithChangeSet(InsertObjectQuery.java:92)
	at org.eclipse.persistence.internal.queries.DatabaseQueryMechanism.executeWriteWithChangeSet(DatabaseQueryMechanism.java:316)
	at org.eclipse.persistence.queries.WriteObjectQuery.executeDatabaseQuery(WriteObjectQuery.java:60)
	at org.eclipse.persistence.queries.DatabaseQuery.execute(DatabaseQuery.java:911)
	at org.eclipse.persistence.queries.DatabaseQuery.executeInUnitOfWork(DatabaseQuery.java:810)
	at org.eclipse.persistence.queries.ObjectLevelModifyQuery.executeInUnitOfWorkObjectLevelModifyQuery(ObjectLevelModifyQuery.java:110)
	at org.eclipse.persistence.queries.ObjectLevelModifyQuery.executeInUnitOfWork(ObjectLevelModifyQuery.java:87)
	at org.eclipse.persistence.internal.sessions.UnitOfWorkImpl.internalExecuteQuery(UnitOfWorkImpl.java:2983)
	at org.eclipse.persistence.internal.sessions.AbstractSession.executeQuery(AbstractSession.java:1898)
	at org.eclipse.persistence.internal.sessions.AbstractSession.executeQuery(AbstractSession.java:1880)
	at org.eclipse.persistence.internal.sessions.AbstractSession.executeQuery(AbstractSession.java:1830)
	at org.eclipse.persistence.internal.sessions.CommitManager.commitNewObjectsForClassWithChangeSet(CommitManager.java:229)
	at org.eclipse.persistence.internal.sessions.CommitManager.commitAllObjectsForClassWithChangeSet(CommitManager.java:196)
	at org.eclipse.persistence.internal.sessions.CommitManager.commitAllObjectsWithChangeSet(CommitManager.java:141)
	at org.eclipse.persistence.internal.sessions.AbstractSession.writeAllObjectsWithChangeSet(AbstractSession.java:4398)
	at org.eclipse.persistence.internal.sessions.UnitOfWorkImpl.commitToDatabase(UnitOfWorkImpl.java:1495)
	at org.eclipse.persistence.internal.sessions.UnitOfWorkImpl.commitToDatabaseWithChangeSet(UnitOfWorkImpl.java:1585)
	at org.eclipse.persistence.internal.sessions.RepeatableWriteUnitOfWork.commitRootUnitOfWork(RepeatableWriteUnitOfWork.java:280)
	at org.eclipse.persistence.internal.sessions.UnitOfWorkImpl.commitAndResume(UnitOfWorkImpl.java:1222)
	at org.eclipse.persistence.internal.jpa.transaction.EntityTransactionImpl.commit(EntityTransactionImpl.java:136)
	... 46 more
Caused by: org.h2.jdbc.JdbcSQLIntegrityConstraintViolationException: La columna &quot;DIRECCION&quot; no permite valores nulos (NULL)
NULL not allowed for column &quot;DIRECCION&quot;; SQL statement:
INSERT INTO CLIENTE (ID, CIUDAD, CODIGOPOSTAL, DIRECCION, ESTADO, FECHAALTA, FECHABAJA, IDENTIFICACION, PAIS, TIPOCLIENTE, USER_USER, DTYPE) VALUES (?, ?, ?, ?, ?, ?, ?, ?, ?, ?, ?, ?) [23502-200]
	at org.h2.message.DbException.getJdbcSQLException(DbException.java:459)
	at org.h2.message.DbException.getJdbcSQLException(DbException.java:429)
	at org.h2.message.DbException.get(DbException.java:205)
	at org.h2.message.DbException.get(DbException.java:181)
	at org.h2.table.Column.validateConvertUpdateSequence(Column.java:374)
	at org.h2.table.Table.validateConvertUpdateSequence(Table.java:845)
	at org.h2.command.dml.Insert.insertRows(Insert.java:187)
	at org.h2.command.dml.Insert.update(Insert.java:151)
	at org.h2.command.CommandContainer.update(CommandContainer.java:198)
	at org.h2.command.Command.executeUpdate(Command.java:251)
	at org.h2.jdbc.JdbcPreparedStatement.executeUpdateInternal(JdbcPreparedStatement.java:191)
	at org.h2.jdbc.JdbcPreparedStatement.executeUpdate(JdbcPreparedStatement.java:152)
	at org.eclipse.persistence.internal.databaseaccess.DatabaseAccessor.executeDirectNoSelect(DatabaseAccessor.java:898)
	... 77 more
</error>
    <system-out>[EL Warning]: 2022-04-28 17:23:38.807--UnitOfWork(2054082535)--Exception [EclipseLink-4002] (Eclipse Persistence Services - 2.7.6.v20200131-b7c997804f): org.eclipse.persistence.exceptions.DatabaseException
Internal Exception: org.h2.jdbc.JdbcSQLIntegrityConstraintViolationException: La columna &quot;DIRECCION&quot; no permite valores nulos (NULL)
NULL not allowed for column &quot;DIRECCION&quot;; SQL statement:
INSERT INTO CLIENTE (ID, CIUDAD, CODIGOPOSTAL, DIRECCION, ESTADO, FECHAALTA, FECHABAJA, IDENTIFICACION, PAIS, TIPOCLIENTE, USER_USER, DTYPE) VALUES (?, ?, ?, ?, ?, ?, ?, ?, ?, ?, ?, ?) [23502-200]
Error Code: 23502
Call: INSERT INTO CLIENTE (ID, CIUDAD, CODIGOPOSTAL, DIRECCION, ESTADO, FECHAALTA, FECHABAJA, IDENTIFICACION, PAIS, TIPOCLIENTE, USER_USER, DTYPE) VALUES (?, ?, ?, ?, ?, ?, ?, ?, ?, ?, ?, ?)
	bind =&gt; [12 parameters bound]
Query: InsertObjectQuery(Cliente{
id=1
identificacion=Avenia Plutarco
tipoCliente=null
estado=Activo
fechaAlta=Thu Apr 28 17:23:38 CEST 2022
fechaBaja=null
direccion=null
ciudad=Malaga
codigopostal=29004
pais=Espana
cuentasFintech={[]}}Empresa{
razon_social=UMA})
</system-out>
  </testcase>
  <testcase classname="ma3s.fintech.test.Administrador" name="testModifyEstadoPAutorizadaNoEsAdministrador" time="0.031">
    <error message="Exception [EclipseLink-4002] (Eclipse Persistence Services - 2.7.6.v20200131-b7c997804f): org.eclipse.persistence.exceptions.DatabaseException
Internal Exception: org.h2.jdbc.JdbcSQLIntegrityConstraintViolationException: La columna &quot;DIRECCION&quot; no permite valores nulos (NULL)
NULL not allowed for column &quot;DIRECCION&quot;; SQL statement:
INSERT INTO CLIENTE (ID, CIUDAD, CODIGOPOSTAL, DIRECCION, ESTADO, FECHAALTA, FECHABAJA, IDENTIFICACION, PAIS, TIPOCLIENTE, USER_USER, DTYPE) VALUES (?, ?, ?, ?, ?, ?, ?, ?, ?, ?, ?, ?) [23502-200]
Error Code: 23502
Call: INSERT INTO CLIENTE (ID, CIUDAD, CODIGOPOSTAL, DIRECCION, ESTADO, FECHAALTA, FECHABAJA, IDENTIFICACION, PAIS, TIPOCLIENTE, USER_USER, DTYPE) VALUES (?, ?, ?, ?, ?, ?, ?, ?, ?, ?, ?, ?)
	bind =&gt; [12 parameters bound]
Query: InsertObjectQuery(Cliente{
id=2
identificacion=avenida de Murcia
tipoCliente=null
estado=Activo
fechaAlta=Thu Apr 28 17:23:38 CEST 2022
fechaBaja=null
direccion=null
ciudad=Murcia
codigopostal=29845
pais=Espana
cuentasFintech={[]}}Empresa{
razon_social=UCAM})" type="javax.persistence.RollbackException">javax.persistence.RollbackException: Exception [EclipseLink-4002] (Eclipse Persistence Services - 2.7.6.v20200131-b7c997804f): org.eclipse.persistence.exceptions.DatabaseException
Internal Exception: org.h2.jdbc.JdbcSQLIntegrityConstraintViolationException: La columna &quot;DIRECCION&quot; no permite valores nulos (NULL)
NULL not allowed for column &quot;DIRECCION&quot;; SQL statement:
INSERT INTO CLIENTE (ID, CIUDAD, CODIGOPOSTAL, DIRECCION, ESTADO, FECHAALTA, FECHABAJA, IDENTIFICACION, PAIS, TIPOCLIENTE, USER_USER, DTYPE) VALUES (?, ?, ?, ?, ?, ?, ?, ?, ?, ?, ?, ?) [23502-200]
Error Code: 23502
Call: INSERT INTO CLIENTE (ID, CIUDAD, CODIGOPOSTAL, DIRECCION, ESTADO, FECHAALTA, FECHABAJA, IDENTIFICACION, PAIS, TIPOCLIENTE, USER_USER, DTYPE) VALUES (?, ?, ?, ?, ?, ?, ?, ?, ?, ?, ?, ?)
	bind =&gt; [12 parameters bound]
Query: InsertObjectQuery(Cliente{
id=2
identificacion=avenida de Murcia
tipoCliente=null
estado=Activo
fechaAlta=Thu Apr 28 17:23:38 CEST 2022
fechaBaja=null
direccion=null
ciudad=Murcia
codigopostal=29845
pais=Espana
cuentasFintech={[]}}Empresa{
razon_social=UCAM})
	at org.eclipse.persistence.internal.jpa.transaction.EntityTransactionImpl.commit(EntityTransactionImpl.java:161)
	at ma3s.fintech.test.BaseDatos.inicializaBaseDatos(BaseDatos.java:229)
	at ma3s.fintech.test.Administrador.setup(Administrador.java:39)
	at sun.reflect.NativeMethodAccessorImpl.invoke0(Native Method)
	at sun.reflect.NativeMethodAccessorImpl.invoke(NativeMethodAccessorImpl.java:62)
	at sun.reflect.DelegatingMethodAccessorImpl.invoke(DelegatingMethodAccessorImpl.java:43)
	at java.lang.reflect.Method.invoke(Method.java:498)
	at org.junit.runners.model.FrameworkMethod$1.runReflectiveCall(FrameworkMethod.java:59)
	at org.junit.internal.runners.model.ReflectiveCallable.run(ReflectiveCallable.java:12)
	at org.junit.runners.model.FrameworkMethod.invokeExplosively(FrameworkMethod.java:56)
	at org.junit.internal.runners.statements.RunBefores.invokeMethod(RunBefores.java:33)
	at org.junit.internal.runners.statements.RunBefores.evaluate(RunBefores.java:24)
	at org.junit.runners.ParentRunner$3.evaluate(ParentRunner.java:306)
	at org.junit.runners.BlockJUnit4ClassRunner$1.evaluate(BlockJUnit4ClassRunner.java:100)
	at org.junit.runners.ParentRunner.runLeaf(ParentRunner.java:366)
	at org.junit.runners.BlockJUnit4ClassRunner.runChild(BlockJUnit4ClassRunner.java:103)
	at org.junit.runners.BlockJUnit4ClassRunner.runChild(BlockJUnit4ClassRunner.java:63)
	at org.junit.runners.ParentRunner$4.run(ParentRunner.java:331)
	at org.junit.runners.ParentRunner$1.schedule(ParentRunner.java:79)
	at org.junit.runners.ParentRunner.runChildren(ParentRunner.java:329)
	at org.junit.runners.ParentRunner.access$100(ParentRunner.java:66)
	at org.junit.runners.ParentRunner$2.evaluate(ParentRunner.java:293)
	at org.junit.runners.ParentRunner$3.evaluate(ParentRunner.java:306)
	at org.junit.runners.ParentRunner.run(ParentRunner.java:413)
	at org.junit.runners.Suite.runChild(Suite.java:128)
	at org.junit.runners.Suite.runChild(Suite.java:27)
	at org.junit.runners.ParentRunner$4.run(ParentRunner.java:331)
	at org.junit.runners.ParentRunner$1.schedule(ParentRunner.java:79)
	at org.junit.runners.ParentRunner.runChildren(ParentRunner.java:329)
	at org.junit.runners.ParentRunner.access$100(ParentRunner.java:66)
	at org.junit.runners.ParentRunner$2.evaluate(ParentRunner.java:293)
	at org.junit.internal.runners.statements.RunBefores.evaluate(RunBefores.java:26)
	at org.junit.internal.runners.statements.RunAfters.evaluate(RunAfters.java:27)
	at org.junit.runners.ParentRunner$3.evaluate(ParentRunner.java:306)
	at org.junit.runners.ParentRunner.run(ParentRunner.java:413)
	at org.apache.maven.surefire.junit4.JUnit4Provider.execute(JUnit4Provider.java:252)
	at org.apache.maven.surefire.junit4.JUnit4Provider.executeTestSet(JUnit4Provider.java:141)
	at org.apache.maven.surefire.junit4.JUnit4Provider.invoke(JUnit4Provider.java:112)
	at sun.reflect.NativeMethodAccessorImpl.invoke0(Native Method)
	at sun.reflect.NativeMethodAccessorImpl.invoke(NativeMethodAccessorImpl.java:62)
	at sun.reflect.DelegatingMethodAccessorImpl.invoke(DelegatingMethodAccessorImpl.java:43)
	at java.lang.reflect.Method.invoke(Method.java:498)
	at org.apache.maven.surefire.util.ReflectionUtils.invokeMethodWithArray(ReflectionUtils.java:189)
	at org.apache.maven.surefire.booter.ProviderFactory$ProviderProxy.invoke(ProviderFactory.java:165)
	at org.apache.maven.surefire.booter.ProviderFactory.invokeProvider(ProviderFactory.java:85)
	at org.apache.maven.surefire.booter.ForkedBooter.runSuitesInProcess(ForkedBooter.java:115)
	at org.apache.maven.surefire.booter.ForkedBooter.main(ForkedBooter.java:75)
Caused by: Exception [EclipseLink-4002] (Eclipse Persistence Services - 2.7.6.v20200131-b7c997804f): org.eclipse.persistence.exceptions.DatabaseException
Internal Exception: org.h2.jdbc.JdbcSQLIntegrityConstraintViolationException: La columna &quot;DIRECCION&quot; no permite valores nulos (NULL)
NULL not allowed for column &quot;DIRECCION&quot;; SQL statement:
INSERT INTO CLIENTE (ID, CIUDAD, CODIGOPOSTAL, DIRECCION, ESTADO, FECHAALTA, FECHABAJA, IDENTIFICACION, PAIS, TIPOCLIENTE, USER_USER, DTYPE) VALUES (?, ?, ?, ?, ?, ?, ?, ?, ?, ?, ?, ?) [23502-200]
Error Code: 23502
Call: INSERT INTO CLIENTE (ID, CIUDAD, CODIGOPOSTAL, DIRECCION, ESTADO, FECHAALTA, FECHABAJA, IDENTIFICACION, PAIS, TIPOCLIENTE, USER_USER, DTYPE) VALUES (?, ?, ?, ?, ?, ?, ?, ?, ?, ?, ?, ?)
	bind =&gt; [12 parameters bound]
Query: InsertObjectQuery(Cliente{
id=2
identificacion=avenida de Murcia
tipoCliente=null
estado=Activo
fechaAlta=Thu Apr 28 17:23:38 CEST 2022
fechaBaja=null
direccion=null
ciudad=Murcia
codigopostal=29845
pais=Espana
cuentasFintech={[]}}Empresa{
razon_social=UCAM})
	at org.eclipse.persistence.exceptions.DatabaseException.sqlException(DatabaseException.java:333)
	at org.eclipse.persistence.internal.databaseaccess.DatabaseAccessor.executeDirectNoSelect(DatabaseAccessor.java:908)
	at org.eclipse.persistence.internal.databaseaccess.DatabaseAccessor.executeNoSelect(DatabaseAccessor.java:970)
	at org.eclipse.persistence.internal.databaseaccess.DatabaseAccessor.basicExecuteCall(DatabaseAccessor.java:640)
	at org.eclipse.persistence.internal.databaseaccess.DatabaseAccessor.executeCall(DatabaseAccessor.java:567)
	at org.eclipse.persistence.internal.sessions.AbstractSession.basicExecuteCall(AbstractSession.java:2099)
	at org.eclipse.persistence.sessions.server.ClientSession.executeCall(ClientSession.java:313)
	at org.eclipse.persistence.internal.queries.DatasourceCallQueryMechanism.executeCall(DatasourceCallQueryMechanism.java:275)
	at org.eclipse.persistence.internal.queries.DatasourceCallQueryMechanism.insertObject(DatasourceCallQueryMechanism.java:397)
	at org.eclipse.persistence.internal.queries.StatementQueryMechanism.insertObject(StatementQueryMechanism.java:167)
	at org.eclipse.persistence.internal.queries.StatementQueryMechanism.insertObject(StatementQueryMechanism.java:182)
	at org.eclipse.persistence.internal.queries.DatabaseQueryMechanism.insertObjectForWrite(DatabaseQueryMechanism.java:504)
	at org.eclipse.persistence.queries.InsertObjectQuery.executeCommit(InsertObjectQuery.java:82)
	at org.eclipse.persistence.queries.InsertObjectQuery.executeCommitWithChangeSet(InsertObjectQuery.java:92)
	at org.eclipse.persistence.internal.queries.DatabaseQueryMechanism.executeWriteWithChangeSet(DatabaseQueryMechanism.java:316)
	at org.eclipse.persistence.queries.WriteObjectQuery.executeDatabaseQuery(WriteObjectQuery.java:60)
	at org.eclipse.persistence.queries.DatabaseQuery.execute(DatabaseQuery.java:911)
	at org.eclipse.persistence.queries.DatabaseQuery.executeInUnitOfWork(DatabaseQuery.java:810)
	at org.eclipse.persistence.queries.ObjectLevelModifyQuery.executeInUnitOfWorkObjectLevelModifyQuery(ObjectLevelModifyQuery.java:110)
	at org.eclipse.persistence.queries.ObjectLevelModifyQuery.executeInUnitOfWork(ObjectLevelModifyQuery.java:87)
	at org.eclipse.persistence.internal.sessions.UnitOfWorkImpl.internalExecuteQuery(UnitOfWorkImpl.java:2983)
	at org.eclipse.persistence.internal.sessions.AbstractSession.executeQuery(AbstractSession.java:1898)
	at org.eclipse.persistence.internal.sessions.AbstractSession.executeQuery(AbstractSession.java:1880)
	at org.eclipse.persistence.internal.sessions.AbstractSession.executeQuery(AbstractSession.java:1830)
	at org.eclipse.persistence.internal.sessions.CommitManager.commitNewObjectsForClassWithChangeSet(CommitManager.java:229)
	at org.eclipse.persistence.internal.sessions.CommitManager.commitAllObjectsForClassWithChangeSet(CommitManager.java:196)
	at org.eclipse.persistence.internal.sessions.CommitManager.commitAllObjectsWithChangeSet(CommitManager.java:141)
	at org.eclipse.persistence.internal.sessions.AbstractSession.writeAllObjectsWithChangeSet(AbstractSession.java:4398)
	at org.eclipse.persistence.internal.sessions.UnitOfWorkImpl.commitToDatabase(UnitOfWorkImpl.java:1495)
	at org.eclipse.persistence.internal.sessions.UnitOfWorkImpl.commitToDatabaseWithChangeSet(UnitOfWorkImpl.java:1585)
	at org.eclipse.persistence.internal.sessions.RepeatableWriteUnitOfWork.commitRootUnitOfWork(RepeatableWriteUnitOfWork.java:280)
	at org.eclipse.persistence.internal.sessions.UnitOfWorkImpl.commitAndResume(UnitOfWorkImpl.java:1222)
	at org.eclipse.persistence.internal.jpa.transaction.EntityTransactionImpl.commit(EntityTransactionImpl.java:136)
	... 46 more
Caused by: org.h2.jdbc.JdbcSQLIntegrityConstraintViolationException: La columna &quot;DIRECCION&quot; no permite valores nulos (NULL)
NULL not allowed for column &quot;DIRECCION&quot;; SQL statement:
INSERT INTO CLIENTE (ID, CIUDAD, CODIGOPOSTAL, DIRECCION, ESTADO, FECHAALTA, FECHABAJA, IDENTIFICACION, PAIS, TIPOCLIENTE, USER_USER, DTYPE) VALUES (?, ?, ?, ?, ?, ?, ?, ?, ?, ?, ?, ?) [23502-200]
	at org.h2.message.DbException.getJdbcSQLException(DbException.java:459)
	at org.h2.message.DbException.getJdbcSQLException(DbException.java:429)
	at org.h2.message.DbException.get(DbException.java:205)
	at org.h2.message.DbException.get(DbException.java:181)
	at org.h2.table.Column.validateConvertUpdateSequence(Column.java:374)
	at org.h2.table.Table.validateConvertUpdateSequence(Table.java:845)
	at org.h2.command.dml.Insert.insertRows(Insert.java:187)
	at org.h2.command.dml.Insert.update(Insert.java:151)
	at org.h2.command.CommandContainer.update(CommandContainer.java:198)
	at org.h2.command.Command.executeUpdate(Command.java:251)
	at org.h2.jdbc.JdbcPreparedStatement.executeUpdateInternal(JdbcPreparedStatement.java:191)
	at org.h2.jdbc.JdbcPreparedStatement.executeUpdate(JdbcPreparedStatement.java:152)
	at org.eclipse.persistence.internal.databaseaccess.DatabaseAccessor.executeDirectNoSelect(DatabaseAccessor.java:898)
	... 77 more
</error>
    <system-out>[EL Warning]: 2022-04-28 17:23:38.841--UnitOfWork(1057297172)--Exception [EclipseLink-4002] (Eclipse Persistence Services - 2.7.6.v20200131-b7c997804f): org.eclipse.persistence.exceptions.DatabaseException
Internal Exception: org.h2.jdbc.JdbcSQLIntegrityConstraintViolationException: La columna &quot;DIRECCION&quot; no permite valores nulos (NULL)
NULL not allowed for column &quot;DIRECCION&quot;; SQL statement:
INSERT INTO CLIENTE (ID, CIUDAD, CODIGOPOSTAL, DIRECCION, ESTADO, FECHAALTA, FECHABAJA, IDENTIFICACION, PAIS, TIPOCLIENTE, USER_USER, DTYPE) VALUES (?, ?, ?, ?, ?, ?, ?, ?, ?, ?, ?, ?) [23502-200]
Error Code: 23502
Call: INSERT INTO CLIENTE (ID, CIUDAD, CODIGOPOSTAL, DIRECCION, ESTADO, FECHAALTA, FECHABAJA, IDENTIFICACION, PAIS, TIPOCLIENTE, USER_USER, DTYPE) VALUES (?, ?, ?, ?, ?, ?, ?, ?, ?, ?, ?, ?)
	bind =&gt; [12 parameters bound]
Query: InsertObjectQuery(Cliente{
id=2
identificacion=avenida de Murcia
tipoCliente=null
estado=Activo
fechaAlta=Thu Apr 28 17:23:38 CEST 2022
fechaBaja=null
direccion=null
ciudad=Murcia
codigopostal=29845
pais=Espana
cuentasFintech={[]}}Empresa{
razon_social=UCAM})
</system-out>
  </testcase>
  <testcase classname="ma3s.fintech.test.Administrador" name="testModifyFechaInicioPAutorizadaNoEsAdministrador" time="0.03">
    <error message="Exception [EclipseLink-4002] (Eclipse Persistence Services - 2.7.6.v20200131-b7c997804f): org.eclipse.persistence.exceptions.DatabaseException
Internal Exception: org.h2.jdbc.JdbcSQLIntegrityConstraintViolationException: La columna &quot;DIRECCION&quot; no permite valores nulos (NULL)
NULL not allowed for column &quot;DIRECCION&quot;; SQL statement:
INSERT INTO CLIENTE (ID, CIUDAD, CODIGOPOSTAL, DIRECCION, ESTADO, FECHAALTA, FECHABAJA, IDENTIFICACION, PAIS, TIPOCLIENTE, USER_USER, DTYPE) VALUES (?, ?, ?, ?, ?, ?, ?, ?, ?, ?, ?, ?) [23502-200]
Error Code: 23502
Call: INSERT INTO CLIENTE (ID, CIUDAD, CODIGOPOSTAL, DIRECCION, ESTADO, FECHAALTA, FECHABAJA, IDENTIFICACION, PAIS, TIPOCLIENTE, USER_USER, DTYPE) VALUES (?, ?, ?, ?, ?, ?, ?, ?, ?, ?, ?, ?)
	bind =&gt; [12 parameters bound]
Query: InsertObjectQuery(Cliente{
id=2
identificacion=avenida de Murcia
tipoCliente=null
estado=Activo
fechaAlta=Thu Apr 28 17:23:38 CEST 2022
fechaBaja=null
direccion=null
ciudad=Murcia
codigopostal=29845
pais=Espana
cuentasFintech={[]}}Empresa{
razon_social=UCAM})" type="javax.persistence.RollbackException">javax.persistence.RollbackException: Exception [EclipseLink-4002] (Eclipse Persistence Services - 2.7.6.v20200131-b7c997804f): org.eclipse.persistence.exceptions.DatabaseException
Internal Exception: org.h2.jdbc.JdbcSQLIntegrityConstraintViolationException: La columna &quot;DIRECCION&quot; no permite valores nulos (NULL)
NULL not allowed for column &quot;DIRECCION&quot;; SQL statement:
INSERT INTO CLIENTE (ID, CIUDAD, CODIGOPOSTAL, DIRECCION, ESTADO, FECHAALTA, FECHABAJA, IDENTIFICACION, PAIS, TIPOCLIENTE, USER_USER, DTYPE) VALUES (?, ?, ?, ?, ?, ?, ?, ?, ?, ?, ?, ?) [23502-200]
Error Code: 23502
Call: INSERT INTO CLIENTE (ID, CIUDAD, CODIGOPOSTAL, DIRECCION, ESTADO, FECHAALTA, FECHABAJA, IDENTIFICACION, PAIS, TIPOCLIENTE, USER_USER, DTYPE) VALUES (?, ?, ?, ?, ?, ?, ?, ?, ?, ?, ?, ?)
	bind =&gt; [12 parameters bound]
Query: InsertObjectQuery(Cliente{
id=2
identificacion=avenida de Murcia
tipoCliente=null
estado=Activo
fechaAlta=Thu Apr 28 17:23:38 CEST 2022
fechaBaja=null
direccion=null
ciudad=Murcia
codigopostal=29845
pais=Espana
cuentasFintech={[]}}Empresa{
razon_social=UCAM})
	at org.eclipse.persistence.internal.jpa.transaction.EntityTransactionImpl.commit(EntityTransactionImpl.java:161)
	at ma3s.fintech.test.BaseDatos.inicializaBaseDatos(BaseDatos.java:229)
	at ma3s.fintech.test.Administrador.setup(Administrador.java:39)
	at sun.reflect.NativeMethodAccessorImpl.invoke0(Native Method)
	at sun.reflect.NativeMethodAccessorImpl.invoke(NativeMethodAccessorImpl.java:62)
	at sun.reflect.DelegatingMethodAccessorImpl.invoke(DelegatingMethodAccessorImpl.java:43)
	at java.lang.reflect.Method.invoke(Method.java:498)
	at org.junit.runners.model.FrameworkMethod$1.runReflectiveCall(FrameworkMethod.java:59)
	at org.junit.internal.runners.model.ReflectiveCallable.run(ReflectiveCallable.java:12)
	at org.junit.runners.model.FrameworkMethod.invokeExplosively(FrameworkMethod.java:56)
	at org.junit.internal.runners.statements.RunBefores.invokeMethod(RunBefores.java:33)
	at org.junit.internal.runners.statements.RunBefores.evaluate(RunBefores.java:24)
	at org.junit.runners.ParentRunner$3.evaluate(ParentRunner.java:306)
	at org.junit.runners.BlockJUnit4ClassRunner$1.evaluate(BlockJUnit4ClassRunner.java:100)
	at org.junit.runners.ParentRunner.runLeaf(ParentRunner.java:366)
	at org.junit.runners.BlockJUnit4ClassRunner.runChild(BlockJUnit4ClassRunner.java:103)
	at org.junit.runners.BlockJUnit4ClassRunner.runChild(BlockJUnit4ClassRunner.java:63)
	at org.junit.runners.ParentRunner$4.run(ParentRunner.java:331)
	at org.junit.runners.ParentRunner$1.schedule(ParentRunner.java:79)
	at org.junit.runners.ParentRunner.runChildren(ParentRunner.java:329)
	at org.junit.runners.ParentRunner.access$100(ParentRunner.java:66)
	at org.junit.runners.ParentRunner$2.evaluate(ParentRunner.java:293)
	at org.junit.runners.ParentRunner$3.evaluate(ParentRunner.java:306)
	at org.junit.runners.ParentRunner.run(ParentRunner.java:413)
	at org.junit.runners.Suite.runChild(Suite.java:128)
	at org.junit.runners.Suite.runChild(Suite.java:27)
	at org.junit.runners.ParentRunner$4.run(ParentRunner.java:331)
	at org.junit.runners.ParentRunner$1.schedule(ParentRunner.java:79)
	at org.junit.runners.ParentRunner.runChildren(ParentRunner.java:329)
	at org.junit.runners.ParentRunner.access$100(ParentRunner.java:66)
	at org.junit.runners.ParentRunner$2.evaluate(ParentRunner.java:293)
	at org.junit.internal.runners.statements.RunBefores.evaluate(RunBefores.java:26)
	at org.junit.internal.runners.statements.RunAfters.evaluate(RunAfters.java:27)
	at org.junit.runners.ParentRunner$3.evaluate(ParentRunner.java:306)
	at org.junit.runners.ParentRunner.run(ParentRunner.java:413)
	at org.apache.maven.surefire.junit4.JUnit4Provider.execute(JUnit4Provider.java:252)
	at org.apache.maven.surefire.junit4.JUnit4Provider.executeTestSet(JUnit4Provider.java:141)
	at org.apache.maven.surefire.junit4.JUnit4Provider.invoke(JUnit4Provider.java:112)
	at sun.reflect.NativeMethodAccessorImpl.invoke0(Native Method)
	at sun.reflect.NativeMethodAccessorImpl.invoke(NativeMethodAccessorImpl.java:62)
	at sun.reflect.DelegatingMethodAccessorImpl.invoke(DelegatingMethodAccessorImpl.java:43)
	at java.lang.reflect.Method.invoke(Method.java:498)
	at org.apache.maven.surefire.util.ReflectionUtils.invokeMethodWithArray(ReflectionUtils.java:189)
	at org.apache.maven.surefire.booter.ProviderFactory$ProviderProxy.invoke(ProviderFactory.java:165)
	at org.apache.maven.surefire.booter.ProviderFactory.invokeProvider(ProviderFactory.java:85)
	at org.apache.maven.surefire.booter.ForkedBooter.runSuitesInProcess(ForkedBooter.java:115)
	at org.apache.maven.surefire.booter.ForkedBooter.main(ForkedBooter.java:75)
Caused by: Exception [EclipseLink-4002] (Eclipse Persistence Services - 2.7.6.v20200131-b7c997804f): org.eclipse.persistence.exceptions.DatabaseException
Internal Exception: org.h2.jdbc.JdbcSQLIntegrityConstraintViolationException: La columna &quot;DIRECCION&quot; no permite valores nulos (NULL)
NULL not allowed for column &quot;DIRECCION&quot;; SQL statement:
INSERT INTO CLIENTE (ID, CIUDAD, CODIGOPOSTAL, DIRECCION, ESTADO, FECHAALTA, FECHABAJA, IDENTIFICACION, PAIS, TIPOCLIENTE, USER_USER, DTYPE) VALUES (?, ?, ?, ?, ?, ?, ?, ?, ?, ?, ?, ?) [23502-200]
Error Code: 23502
Call: INSERT INTO CLIENTE (ID, CIUDAD, CODIGOPOSTAL, DIRECCION, ESTADO, FECHAALTA, FECHABAJA, IDENTIFICACION, PAIS, TIPOCLIENTE, USER_USER, DTYPE) VALUES (?, ?, ?, ?, ?, ?, ?, ?, ?, ?, ?, ?)
	bind =&gt; [12 parameters bound]
Query: InsertObjectQuery(Cliente{
id=2
identificacion=avenida de Murcia
tipoCliente=null
estado=Activo
fechaAlta=Thu Apr 28 17:23:38 CEST 2022
fechaBaja=null
direccion=null
ciudad=Murcia
codigopostal=29845
pais=Espana
cuentasFintech={[]}}Empresa{
razon_social=UCAM})
	at org.eclipse.persistence.exceptions.DatabaseException.sqlException(DatabaseException.java:333)
	at org.eclipse.persistence.internal.databaseaccess.DatabaseAccessor.executeDirectNoSelect(DatabaseAccessor.java:908)
	at org.eclipse.persistence.internal.databaseaccess.DatabaseAccessor.executeNoSelect(DatabaseAccessor.java:970)
	at org.eclipse.persistence.internal.databaseaccess.DatabaseAccessor.basicExecuteCall(DatabaseAccessor.java:640)
	at org.eclipse.persistence.internal.databaseaccess.DatabaseAccessor.executeCall(DatabaseAccessor.java:567)
	at org.eclipse.persistence.internal.sessions.AbstractSession.basicExecuteCall(AbstractSession.java:2099)
	at org.eclipse.persistence.sessions.server.ClientSession.executeCall(ClientSession.java:313)
	at org.eclipse.persistence.internal.queries.DatasourceCallQueryMechanism.executeCall(DatasourceCallQueryMechanism.java:275)
	at org.eclipse.persistence.internal.queries.DatasourceCallQueryMechanism.insertObject(DatasourceCallQueryMechanism.java:397)
	at org.eclipse.persistence.internal.queries.StatementQueryMechanism.insertObject(StatementQueryMechanism.java:167)
	at org.eclipse.persistence.internal.queries.StatementQueryMechanism.insertObject(StatementQueryMechanism.java:182)
	at org.eclipse.persistence.internal.queries.DatabaseQueryMechanism.insertObjectForWrite(DatabaseQueryMechanism.java:504)
	at org.eclipse.persistence.queries.InsertObjectQuery.executeCommit(InsertObjectQuery.java:82)
	at org.eclipse.persistence.queries.InsertObjectQuery.executeCommitWithChangeSet(InsertObjectQuery.java:92)
	at org.eclipse.persistence.internal.queries.DatabaseQueryMechanism.executeWriteWithChangeSet(DatabaseQueryMechanism.java:316)
	at org.eclipse.persistence.queries.WriteObjectQuery.executeDatabaseQuery(WriteObjectQuery.java:60)
	at org.eclipse.persistence.queries.DatabaseQuery.execute(DatabaseQuery.java:911)
	at org.eclipse.persistence.queries.DatabaseQuery.executeInUnitOfWork(DatabaseQuery.java:810)
	at org.eclipse.persistence.queries.ObjectLevelModifyQuery.executeInUnitOfWorkObjectLevelModifyQuery(ObjectLevelModifyQuery.java:110)
	at org.eclipse.persistence.queries.ObjectLevelModifyQuery.executeInUnitOfWork(ObjectLevelModifyQuery.java:87)
	at org.eclipse.persistence.internal.sessions.UnitOfWorkImpl.internalExecuteQuery(UnitOfWorkImpl.java:2983)
	at org.eclipse.persistence.internal.sessions.AbstractSession.executeQuery(AbstractSession.java:1898)
	at org.eclipse.persistence.internal.sessions.AbstractSession.executeQuery(AbstractSession.java:1880)
	at org.eclipse.persistence.internal.sessions.AbstractSession.executeQuery(AbstractSession.java:1830)
	at org.eclipse.persistence.internal.sessions.CommitManager.commitNewObjectsForClassWithChangeSet(CommitManager.java:229)
	at org.eclipse.persistence.internal.sessions.CommitManager.commitAllObjectsForClassWithChangeSet(CommitManager.java:196)
	at org.eclipse.persistence.internal.sessions.CommitManager.commitAllObjectsWithChangeSet(CommitManager.java:141)
	at org.eclipse.persistence.internal.sessions.AbstractSession.writeAllObjectsWithChangeSet(AbstractSession.java:4398)
	at org.eclipse.persistence.internal.sessions.UnitOfWorkImpl.commitToDatabase(UnitOfWorkImpl.java:1495)
	at org.eclipse.persistence.internal.sessions.UnitOfWorkImpl.commitToDatabaseWithChangeSet(UnitOfWorkImpl.java:1585)
	at org.eclipse.persistence.internal.sessions.RepeatableWriteUnitOfWork.commitRootUnitOfWork(RepeatableWriteUnitOfWork.java:280)
	at org.eclipse.persistence.internal.sessions.UnitOfWorkImpl.commitAndResume(UnitOfWorkImpl.java:1222)
	at org.eclipse.persistence.internal.jpa.transaction.EntityTransactionImpl.commit(EntityTransactionImpl.java:136)
	... 46 more
Caused by: org.h2.jdbc.JdbcSQLIntegrityConstraintViolationException: La columna &quot;DIRECCION&quot; no permite valores nulos (NULL)
NULL not allowed for column &quot;DIRECCION&quot;; SQL statement:
INSERT INTO CLIENTE (ID, CIUDAD, CODIGOPOSTAL, DIRECCION, ESTADO, FECHAALTA, FECHABAJA, IDENTIFICACION, PAIS, TIPOCLIENTE, USER_USER, DTYPE) VALUES (?, ?, ?, ?, ?, ?, ?, ?, ?, ?, ?, ?) [23502-200]
	at org.h2.message.DbException.getJdbcSQLException(DbException.java:459)
	at org.h2.message.DbException.getJdbcSQLException(DbException.java:429)
	at org.h2.message.DbException.get(DbException.java:205)
	at org.h2.message.DbException.get(DbException.java:181)
	at org.h2.table.Column.validateConvertUpdateSequence(Column.java:374)
	at org.h2.table.Table.validateConvertUpdateSequence(Table.java:845)
	at org.h2.command.dml.Insert.insertRows(Insert.java:187)
	at org.h2.command.dml.Insert.update(Insert.java:151)
	at org.h2.command.CommandContainer.update(CommandContainer.java:198)
	at org.h2.command.Command.executeUpdate(Command.java:251)
	at org.h2.jdbc.JdbcPreparedStatement.executeUpdateInternal(JdbcPreparedStatement.java:191)
	at org.h2.jdbc.JdbcPreparedStatement.executeUpdate(JdbcPreparedStatement.java:152)
	at org.eclipse.persistence.internal.databaseaccess.DatabaseAccessor.executeDirectNoSelect(DatabaseAccessor.java:898)
	... 77 more
</error>
    <system-out>[EL Warning]: 2022-04-28 17:23:38.87--UnitOfWork(1947539413)--Exception [EclipseLink-4002] (Eclipse Persistence Services - 2.7.6.v20200131-b7c997804f): org.eclipse.persistence.exceptions.DatabaseException
Internal Exception: org.h2.jdbc.JdbcSQLIntegrityConstraintViolationException: La columna &quot;DIRECCION&quot; no permite valores nulos (NULL)
NULL not allowed for column &quot;DIRECCION&quot;; SQL statement:
INSERT INTO CLIENTE (ID, CIUDAD, CODIGOPOSTAL, DIRECCION, ESTADO, FECHAALTA, FECHABAJA, IDENTIFICACION, PAIS, TIPOCLIENTE, USER_USER, DTYPE) VALUES (?, ?, ?, ?, ?, ?, ?, ?, ?, ?, ?, ?) [23502-200]
Error Code: 23502
Call: INSERT INTO CLIENTE (ID, CIUDAD, CODIGOPOSTAL, DIRECCION, ESTADO, FECHAALTA, FECHABAJA, IDENTIFICACION, PAIS, TIPOCLIENTE, USER_USER, DTYPE) VALUES (?, ?, ?, ?, ?, ?, ?, ?, ?, ?, ?, ?)
	bind =&gt; [12 parameters bound]
Query: InsertObjectQuery(Cliente{
id=2
identificacion=avenida de Murcia
tipoCliente=null
estado=Activo
fechaAlta=Thu Apr 28 17:23:38 CEST 2022
fechaBaja=null
direccion=null
ciudad=Murcia
codigopostal=29845
pais=Espana
cuentasFintech={[]}}Empresa{
razon_social=UCAM})
</system-out>
  </testcase>
  <testcase classname="ma3s.fintech.test.Administrador" name="testAnaPNoEsEmpresa" time="0.047">
    <error message="Exception [EclipseLink-4002] (Eclipse Persistence Services - 2.7.6.v20200131-b7c997804f): org.eclipse.persistence.exceptions.DatabaseException
Internal Exception: org.h2.jdbc.JdbcSQLIntegrityConstraintViolationException: La columna &quot;DIRECCION&quot; no permite valores nulos (NULL)
NULL not allowed for column &quot;DIRECCION&quot;; SQL statement:
INSERT INTO CLIENTE (ID, CIUDAD, CODIGOPOSTAL, DIRECCION, ESTADO, FECHAALTA, FECHABAJA, IDENTIFICACION, PAIS, TIPOCLIENTE, USER_USER, DTYPE) VALUES (?, ?, ?, ?, ?, ?, ?, ?, ?, ?, ?, ?) [23502-200]
Error Code: 23502
Call: INSERT INTO CLIENTE (ID, CIUDAD, CODIGOPOSTAL, DIRECCION, ESTADO, FECHAALTA, FECHABAJA, IDENTIFICACION, PAIS, TIPOCLIENTE, USER_USER, DTYPE) VALUES (?, ?, ?, ?, ?, ?, ?, ?, ?, ?, ?, ?)
	bind =&gt; [12 parameters bound]
Query: InsertObjectQuery(Cliente{
id=2
identificacion=avenida de Murcia
tipoCliente=null
estado=Activo
fechaAlta=Thu Apr 28 17:23:38 CEST 2022
fechaBaja=null
direccion=null
ciudad=Murcia
codigopostal=29845
pais=Espana
cuentasFintech={[]}}Empresa{
razon_social=UCAM})" type="javax.persistence.RollbackException">javax.persistence.RollbackException: Exception [EclipseLink-4002] (Eclipse Persistence Services - 2.7.6.v20200131-b7c997804f): org.eclipse.persistence.exceptions.DatabaseException
Internal Exception: org.h2.jdbc.JdbcSQLIntegrityConstraintViolationException: La columna &quot;DIRECCION&quot; no permite valores nulos (NULL)
NULL not allowed for column &quot;DIRECCION&quot;; SQL statement:
INSERT INTO CLIENTE (ID, CIUDAD, CODIGOPOSTAL, DIRECCION, ESTADO, FECHAALTA, FECHABAJA, IDENTIFICACION, PAIS, TIPOCLIENTE, USER_USER, DTYPE) VALUES (?, ?, ?, ?, ?, ?, ?, ?, ?, ?, ?, ?) [23502-200]
Error Code: 23502
Call: INSERT INTO CLIENTE (ID, CIUDAD, CODIGOPOSTAL, DIRECCION, ESTADO, FECHAALTA, FECHABAJA, IDENTIFICACION, PAIS, TIPOCLIENTE, USER_USER, DTYPE) VALUES (?, ?, ?, ?, ?, ?, ?, ?, ?, ?, ?, ?)
	bind =&gt; [12 parameters bound]
Query: InsertObjectQuery(Cliente{
id=2
identificacion=avenida de Murcia
tipoCliente=null
estado=Activo
fechaAlta=Thu Apr 28 17:23:38 CEST 2022
fechaBaja=null
direccion=null
ciudad=Murcia
codigopostal=29845
pais=Espana
cuentasFintech={[]}}Empresa{
razon_social=UCAM})
	at org.eclipse.persistence.internal.jpa.transaction.EntityTransactionImpl.commit(EntityTransactionImpl.java:161)
	at ma3s.fintech.test.BaseDatos.inicializaBaseDatos(BaseDatos.java:229)
	at ma3s.fintech.test.Administrador.setup(Administrador.java:39)
	at sun.reflect.NativeMethodAccessorImpl.invoke0(Native Method)
	at sun.reflect.NativeMethodAccessorImpl.invoke(NativeMethodAccessorImpl.java:62)
	at sun.reflect.DelegatingMethodAccessorImpl.invoke(DelegatingMethodAccessorImpl.java:43)
	at java.lang.reflect.Method.invoke(Method.java:498)
	at org.junit.runners.model.FrameworkMethod$1.runReflectiveCall(FrameworkMethod.java:59)
	at org.junit.internal.runners.model.ReflectiveCallable.run(ReflectiveCallable.java:12)
	at org.junit.runners.model.FrameworkMethod.invokeExplosively(FrameworkMethod.java:56)
	at org.junit.internal.runners.statements.RunBefores.invokeMethod(RunBefores.java:33)
	at org.junit.internal.runners.statements.RunBefores.evaluate(RunBefores.java:24)
	at org.junit.runners.ParentRunner$3.evaluate(ParentRunner.java:306)
	at org.junit.runners.BlockJUnit4ClassRunner$1.evaluate(BlockJUnit4ClassRunner.java:100)
	at org.junit.runners.ParentRunner.runLeaf(ParentRunner.java:366)
	at org.junit.runners.BlockJUnit4ClassRunner.runChild(BlockJUnit4ClassRunner.java:103)
	at org.junit.runners.BlockJUnit4ClassRunner.runChild(BlockJUnit4ClassRunner.java:63)
	at org.junit.runners.ParentRunner$4.run(ParentRunner.java:331)
	at org.junit.runners.ParentRunner$1.schedule(ParentRunner.java:79)
	at org.junit.runners.ParentRunner.runChildren(ParentRunner.java:329)
	at org.junit.runners.ParentRunner.access$100(ParentRunner.java:66)
	at org.junit.runners.ParentRunner$2.evaluate(ParentRunner.java:293)
	at org.junit.runners.ParentRunner$3.evaluate(ParentRunner.java:306)
	at org.junit.runners.ParentRunner.run(ParentRunner.java:413)
	at org.junit.runners.Suite.runChild(Suite.java:128)
	at org.junit.runners.Suite.runChild(Suite.java:27)
	at org.junit.runners.ParentRunner$4.run(ParentRunner.java:331)
	at org.junit.runners.ParentRunner$1.schedule(ParentRunner.java:79)
	at org.junit.runners.ParentRunner.runChildren(ParentRunner.java:329)
	at org.junit.runners.ParentRunner.access$100(ParentRunner.java:66)
	at org.junit.runners.ParentRunner$2.evaluate(ParentRunner.java:293)
	at org.junit.internal.runners.statements.RunBefores.evaluate(RunBefores.java:26)
	at org.junit.internal.runners.statements.RunAfters.evaluate(RunAfters.java:27)
	at org.junit.runners.ParentRunner$3.evaluate(ParentRunner.java:306)
	at org.junit.runners.ParentRunner.run(ParentRunner.java:413)
	at org.apache.maven.surefire.junit4.JUnit4Provider.execute(JUnit4Provider.java:252)
	at org.apache.maven.surefire.junit4.JUnit4Provider.executeTestSet(JUnit4Provider.java:141)
	at org.apache.maven.surefire.junit4.JUnit4Provider.invoke(JUnit4Provider.java:112)
	at sun.reflect.NativeMethodAccessorImpl.invoke0(Native Method)
	at sun.reflect.NativeMethodAccessorImpl.invoke(NativeMethodAccessorImpl.java:62)
	at sun.reflect.DelegatingMethodAccessorImpl.invoke(DelegatingMethodAccessorImpl.java:43)
	at java.lang.reflect.Method.invoke(Method.java:498)
	at org.apache.maven.surefire.util.ReflectionUtils.invokeMethodWithArray(ReflectionUtils.java:189)
	at org.apache.maven.surefire.booter.ProviderFactory$ProviderProxy.invoke(ProviderFactory.java:165)
	at org.apache.maven.surefire.booter.ProviderFactory.invokeProvider(ProviderFactory.java:85)
	at org.apache.maven.surefire.booter.ForkedBooter.runSuitesInProcess(ForkedBooter.java:115)
	at org.apache.maven.surefire.booter.ForkedBooter.main(ForkedBooter.java:75)
Caused by: Exception [EclipseLink-4002] (Eclipse Persistence Services - 2.7.6.v20200131-b7c997804f): org.eclipse.persistence.exceptions.DatabaseException
Internal Exception: org.h2.jdbc.JdbcSQLIntegrityConstraintViolationException: La columna &quot;DIRECCION&quot; no permite valores nulos (NULL)
NULL not allowed for column &quot;DIRECCION&quot;; SQL statement:
INSERT INTO CLIENTE (ID, CIUDAD, CODIGOPOSTAL, DIRECCION, ESTADO, FECHAALTA, FECHABAJA, IDENTIFICACION, PAIS, TIPOCLIENTE, USER_USER, DTYPE) VALUES (?, ?, ?, ?, ?, ?, ?, ?, ?, ?, ?, ?) [23502-200]
Error Code: 23502
Call: INSERT INTO CLIENTE (ID, CIUDAD, CODIGOPOSTAL, DIRECCION, ESTADO, FECHAALTA, FECHABAJA, IDENTIFICACION, PAIS, TIPOCLIENTE, USER_USER, DTYPE) VALUES (?, ?, ?, ?, ?, ?, ?, ?, ?, ?, ?, ?)
	bind =&gt; [12 parameters bound]
Query: InsertObjectQuery(Cliente{
id=2
identificacion=avenida de Murcia
tipoCliente=null
estado=Activo
fechaAlta=Thu Apr 28 17:23:38 CEST 2022
fechaBaja=null
direccion=null
ciudad=Murcia
codigopostal=29845
pais=Espana
cuentasFintech={[]}}Empresa{
razon_social=UCAM})
	at org.eclipse.persistence.exceptions.DatabaseException.sqlException(DatabaseException.java:333)
	at org.eclipse.persistence.internal.databaseaccess.DatabaseAccessor.executeDirectNoSelect(DatabaseAccessor.java:908)
	at org.eclipse.persistence.internal.databaseaccess.DatabaseAccessor.executeNoSelect(DatabaseAccessor.java:970)
	at org.eclipse.persistence.internal.databaseaccess.DatabaseAccessor.basicExecuteCall(DatabaseAccessor.java:640)
	at org.eclipse.persistence.internal.databaseaccess.DatabaseAccessor.executeCall(DatabaseAccessor.java:567)
	at org.eclipse.persistence.internal.sessions.AbstractSession.basicExecuteCall(AbstractSession.java:2099)
	at org.eclipse.persistence.sessions.server.ClientSession.executeCall(ClientSession.java:313)
	at org.eclipse.persistence.internal.queries.DatasourceCallQueryMechanism.executeCall(DatasourceCallQueryMechanism.java:275)
	at org.eclipse.persistence.internal.queries.DatasourceCallQueryMechanism.insertObject(DatasourceCallQueryMechanism.java:397)
	at org.eclipse.persistence.internal.queries.StatementQueryMechanism.insertObject(StatementQueryMechanism.java:167)
	at org.eclipse.persistence.internal.queries.StatementQueryMechanism.insertObject(StatementQueryMechanism.java:182)
	at org.eclipse.persistence.internal.queries.DatabaseQueryMechanism.insertObjectForWrite(DatabaseQueryMechanism.java:504)
	at org.eclipse.persistence.queries.InsertObjectQuery.executeCommit(InsertObjectQuery.java:82)
	at org.eclipse.persistence.queries.InsertObjectQuery.executeCommitWithChangeSet(InsertObjectQuery.java:92)
	at org.eclipse.persistence.internal.queries.DatabaseQueryMechanism.executeWriteWithChangeSet(DatabaseQueryMechanism.java:316)
	at org.eclipse.persistence.queries.WriteObjectQuery.executeDatabaseQuery(WriteObjectQuery.java:60)
	at org.eclipse.persistence.queries.DatabaseQuery.execute(DatabaseQuery.java:911)
	at org.eclipse.persistence.queries.DatabaseQuery.executeInUnitOfWork(DatabaseQuery.java:810)
	at org.eclipse.persistence.queries.ObjectLevelModifyQuery.executeInUnitOfWorkObjectLevelModifyQuery(ObjectLevelModifyQuery.java:110)
	at org.eclipse.persistence.queries.ObjectLevelModifyQuery.executeInUnitOfWork(ObjectLevelModifyQuery.java:87)
	at org.eclipse.persistence.internal.sessions.UnitOfWorkImpl.internalExecuteQuery(UnitOfWorkImpl.java:2983)
	at org.eclipse.persistence.internal.sessions.AbstractSession.executeQuery(AbstractSession.java:1898)
	at org.eclipse.persistence.internal.sessions.AbstractSession.executeQuery(AbstractSession.java:1880)
	at org.eclipse.persistence.internal.sessions.AbstractSession.executeQuery(AbstractSession.java:1830)
	at org.eclipse.persistence.internal.sessions.CommitManager.commitNewObjectsForClassWithChangeSet(CommitManager.java:229)
	at org.eclipse.persistence.internal.sessions.CommitManager.commitAllObjectsForClassWithChangeSet(CommitManager.java:196)
	at org.eclipse.persistence.internal.sessions.CommitManager.commitAllObjectsWithChangeSet(CommitManager.java:141)
	at org.eclipse.persistence.internal.sessions.AbstractSession.writeAllObjectsWithChangeSet(AbstractSession.java:4398)
	at org.eclipse.persistence.internal.sessions.UnitOfWorkImpl.commitToDatabase(UnitOfWorkImpl.java:1495)
	at org.eclipse.persistence.internal.sessions.UnitOfWorkImpl.commitToDatabaseWithChangeSet(UnitOfWorkImpl.java:1585)
	at org.eclipse.persistence.internal.sessions.RepeatableWriteUnitOfWork.commitRootUnitOfWork(RepeatableWriteUnitOfWork.java:280)
	at org.eclipse.persistence.internal.sessions.UnitOfWorkImpl.commitAndResume(UnitOfWorkImpl.java:1222)
	at org.eclipse.persistence.internal.jpa.transaction.EntityTransactionImpl.commit(EntityTransactionImpl.java:136)
	... 46 more
Caused by: org.h2.jdbc.JdbcSQLIntegrityConstraintViolationException: La columna &quot;DIRECCION&quot; no permite valores nulos (NULL)
NULL not allowed for column &quot;DIRECCION&quot;; SQL statement:
INSERT INTO CLIENTE (ID, CIUDAD, CODIGOPOSTAL, DIRECCION, ESTADO, FECHAALTA, FECHABAJA, IDENTIFICACION, PAIS, TIPOCLIENTE, USER_USER, DTYPE) VALUES (?, ?, ?, ?, ?, ?, ?, ?, ?, ?, ?, ?) [23502-200]
	at org.h2.message.DbException.getJdbcSQLException(DbException.java:459)
	at org.h2.message.DbException.getJdbcSQLException(DbException.java:429)
	at org.h2.message.DbException.get(DbException.java:205)
	at org.h2.message.DbException.get(DbException.java:181)
	at org.h2.table.Column.validateConvertUpdateSequence(Column.java:374)
	at org.h2.table.Table.validateConvertUpdateSequence(Table.java:845)
	at org.h2.command.dml.Insert.insertRows(Insert.java:187)
	at org.h2.command.dml.Insert.update(Insert.java:151)
	at org.h2.command.CommandContainer.update(CommandContainer.java:198)
	at org.h2.command.Command.executeUpdate(Command.java:251)
	at org.h2.jdbc.JdbcPreparedStatement.executeUpdateInternal(JdbcPreparedStatement.java:191)
	at org.h2.jdbc.JdbcPreparedStatement.executeUpdate(JdbcPreparedStatement.java:152)
	at org.eclipse.persistence.internal.databaseaccess.DatabaseAccessor.executeDirectNoSelect(DatabaseAccessor.java:898)
	... 77 more
</error>
    <system-out>[EL Warning]: 2022-04-28 17:23:38.916--UnitOfWork(1102760577)--Exception [EclipseLink-4002] (Eclipse Persistence Services - 2.7.6.v20200131-b7c997804f): org.eclipse.persistence.exceptions.DatabaseException
Internal Exception: org.h2.jdbc.JdbcSQLIntegrityConstraintViolationException: La columna &quot;DIRECCION&quot; no permite valores nulos (NULL)
NULL not allowed for column &quot;DIRECCION&quot;; SQL statement:
INSERT INTO CLIENTE (ID, CIUDAD, CODIGOPOSTAL, DIRECCION, ESTADO, FECHAALTA, FECHABAJA, IDENTIFICACION, PAIS, TIPOCLIENTE, USER_USER, DTYPE) VALUES (?, ?, ?, ?, ?, ?, ?, ?, ?, ?, ?, ?) [23502-200]
Error Code: 23502
Call: INSERT INTO CLIENTE (ID, CIUDAD, CODIGOPOSTAL, DIRECCION, ESTADO, FECHAALTA, FECHABAJA, IDENTIFICACION, PAIS, TIPOCLIENTE, USER_USER, DTYPE) VALUES (?, ?, ?, ?, ?, ?, ?, ?, ?, ?, ?, ?)
	bind =&gt; [12 parameters bound]
Query: InsertObjectQuery(Cliente{
id=2
identificacion=avenida de Murcia
tipoCliente=null
estado=Activo
fechaAlta=Thu Apr 28 17:23:38 CEST 2022
fechaBaja=null
direccion=null
ciudad=Murcia
codigopostal=29845
pais=Espana
cuentasFintech={[]}}Empresa{
razon_social=UCAM})
</system-out>
  </testcase>
  <testcase classname="ma3s.fintech.test.Administrador" name="testAccesoPersonalAdmNoEncontrado" time="0.027">
    <error message="Exception [EclipseLink-4002] (Eclipse Persistence Services - 2.7.6.v20200131-b7c997804f): org.eclipse.persistence.exceptions.DatabaseException
Internal Exception: org.h2.jdbc.JdbcSQLIntegrityConstraintViolationException: La columna &quot;DIRECCION&quot; no permite valores nulos (NULL)
NULL not allowed for column &quot;DIRECCION&quot;; SQL statement:
INSERT INTO CLIENTE (ID, CIUDAD, CODIGOPOSTAL, DIRECCION, ESTADO, FECHAALTA, FECHABAJA, IDENTIFICACION, PAIS, TIPOCLIENTE, USER_USER, DTYPE) VALUES (?, ?, ?, ?, ?, ?, ?, ?, ?, ?, ?, ?) [23502-200]
Error Code: 23502
Call: INSERT INTO CLIENTE (ID, CIUDAD, CODIGOPOSTAL, DIRECCION, ESTADO, FECHAALTA, FECHABAJA, IDENTIFICACION, PAIS, TIPOCLIENTE, USER_USER, DTYPE) VALUES (?, ?, ?, ?, ?, ?, ?, ?, ?, ?, ?, ?)
	bind =&gt; [12 parameters bound]
Query: InsertObjectQuery(Cliente{
id=1
identificacion=Avenia Plutarco
tipoCliente=null
estado=Activo
fechaAlta=Thu Apr 28 17:23:38 CEST 2022
fechaBaja=null
direccion=null
ciudad=Malaga
codigopostal=29004
pais=Espana
cuentasFintech={[]}}Empresa{
razon_social=UMA})" type="javax.persistence.RollbackException">javax.persistence.RollbackException: Exception [EclipseLink-4002] (Eclipse Persistence Services - 2.7.6.v20200131-b7c997804f): org.eclipse.persistence.exceptions.DatabaseException
Internal Exception: org.h2.jdbc.JdbcSQLIntegrityConstraintViolationException: La columna &quot;DIRECCION&quot; no permite valores nulos (NULL)
NULL not allowed for column &quot;DIRECCION&quot;; SQL statement:
INSERT INTO CLIENTE (ID, CIUDAD, CODIGOPOSTAL, DIRECCION, ESTADO, FECHAALTA, FECHABAJA, IDENTIFICACION, PAIS, TIPOCLIENTE, USER_USER, DTYPE) VALUES (?, ?, ?, ?, ?, ?, ?, ?, ?, ?, ?, ?) [23502-200]
Error Code: 23502
Call: INSERT INTO CLIENTE (ID, CIUDAD, CODIGOPOSTAL, DIRECCION, ESTADO, FECHAALTA, FECHABAJA, IDENTIFICACION, PAIS, TIPOCLIENTE, USER_USER, DTYPE) VALUES (?, ?, ?, ?, ?, ?, ?, ?, ?, ?, ?, ?)
	bind =&gt; [12 parameters bound]
Query: InsertObjectQuery(Cliente{
id=1
identificacion=Avenia Plutarco
tipoCliente=null
estado=Activo
fechaAlta=Thu Apr 28 17:23:38 CEST 2022
fechaBaja=null
direccion=null
ciudad=Malaga
codigopostal=29004
pais=Espana
cuentasFintech={[]}}Empresa{
razon_social=UMA})
	at org.eclipse.persistence.internal.jpa.transaction.EntityTransactionImpl.commit(EntityTransactionImpl.java:161)
	at ma3s.fintech.test.BaseDatos.inicializaBaseDatos(BaseDatos.java:229)
	at ma3s.fintech.test.Administrador.setup(Administrador.java:39)
	at sun.reflect.NativeMethodAccessorImpl.invoke0(Native Method)
	at sun.reflect.NativeMethodAccessorImpl.invoke(NativeMethodAccessorImpl.java:62)
	at sun.reflect.DelegatingMethodAccessorImpl.invoke(DelegatingMethodAccessorImpl.java:43)
	at java.lang.reflect.Method.invoke(Method.java:498)
	at org.junit.runners.model.FrameworkMethod$1.runReflectiveCall(FrameworkMethod.java:59)
	at org.junit.internal.runners.model.ReflectiveCallable.run(ReflectiveCallable.java:12)
	at org.junit.runners.model.FrameworkMethod.invokeExplosively(FrameworkMethod.java:56)
	at org.junit.internal.runners.statements.RunBefores.invokeMethod(RunBefores.java:33)
	at org.junit.internal.runners.statements.RunBefores.evaluate(RunBefores.java:24)
	at org.junit.runners.ParentRunner$3.evaluate(ParentRunner.java:306)
	at org.junit.runners.BlockJUnit4ClassRunner$1.evaluate(BlockJUnit4ClassRunner.java:100)
	at org.junit.runners.ParentRunner.runLeaf(ParentRunner.java:366)
	at org.junit.runners.BlockJUnit4ClassRunner.runChild(BlockJUnit4ClassRunner.java:103)
	at org.junit.runners.BlockJUnit4ClassRunner.runChild(BlockJUnit4ClassRunner.java:63)
	at org.junit.runners.ParentRunner$4.run(ParentRunner.java:331)
	at org.junit.runners.ParentRunner$1.schedule(ParentRunner.java:79)
	at org.junit.runners.ParentRunner.runChildren(ParentRunner.java:329)
	at org.junit.runners.ParentRunner.access$100(ParentRunner.java:66)
	at org.junit.runners.ParentRunner$2.evaluate(ParentRunner.java:293)
	at org.junit.runners.ParentRunner$3.evaluate(ParentRunner.java:306)
	at org.junit.runners.ParentRunner.run(ParentRunner.java:413)
	at org.junit.runners.Suite.runChild(Suite.java:128)
	at org.junit.runners.Suite.runChild(Suite.java:27)
	at org.junit.runners.ParentRunner$4.run(ParentRunner.java:331)
	at org.junit.runners.ParentRunner$1.schedule(ParentRunner.java:79)
	at org.junit.runners.ParentRunner.runChildren(ParentRunner.java:329)
	at org.junit.runners.ParentRunner.access$100(ParentRunner.java:66)
	at org.junit.runners.ParentRunner$2.evaluate(ParentRunner.java:293)
	at org.junit.internal.runners.statements.RunBefores.evaluate(RunBefores.java:26)
	at org.junit.internal.runners.statements.RunAfters.evaluate(RunAfters.java:27)
	at org.junit.runners.ParentRunner$3.evaluate(ParentRunner.java:306)
	at org.junit.runners.ParentRunner.run(ParentRunner.java:413)
	at org.apache.maven.surefire.junit4.JUnit4Provider.execute(JUnit4Provider.java:252)
	at org.apache.maven.surefire.junit4.JUnit4Provider.executeTestSet(JUnit4Provider.java:141)
	at org.apache.maven.surefire.junit4.JUnit4Provider.invoke(JUnit4Provider.java:112)
	at sun.reflect.NativeMethodAccessorImpl.invoke0(Native Method)
	at sun.reflect.NativeMethodAccessorImpl.invoke(NativeMethodAccessorImpl.java:62)
	at sun.reflect.DelegatingMethodAccessorImpl.invoke(DelegatingMethodAccessorImpl.java:43)
	at java.lang.reflect.Method.invoke(Method.java:498)
	at org.apache.maven.surefire.util.ReflectionUtils.invokeMethodWithArray(ReflectionUtils.java:189)
	at org.apache.maven.surefire.booter.ProviderFactory$ProviderProxy.invoke(ProviderFactory.java:165)
	at org.apache.maven.surefire.booter.ProviderFactory.invokeProvider(ProviderFactory.java:85)
	at org.apache.maven.surefire.booter.ForkedBooter.runSuitesInProcess(ForkedBooter.java:115)
	at org.apache.maven.surefire.booter.ForkedBooter.main(ForkedBooter.java:75)
Caused by: Exception [EclipseLink-4002] (Eclipse Persistence Services - 2.7.6.v20200131-b7c997804f): org.eclipse.persistence.exceptions.DatabaseException
Internal Exception: org.h2.jdbc.JdbcSQLIntegrityConstraintViolationException: La columna &quot;DIRECCION&quot; no permite valores nulos (NULL)
NULL not allowed for column &quot;DIRECCION&quot;; SQL statement:
INSERT INTO CLIENTE (ID, CIUDAD, CODIGOPOSTAL, DIRECCION, ESTADO, FECHAALTA, FECHABAJA, IDENTIFICACION, PAIS, TIPOCLIENTE, USER_USER, DTYPE) VALUES (?, ?, ?, ?, ?, ?, ?, ?, ?, ?, ?, ?) [23502-200]
Error Code: 23502
Call: INSERT INTO CLIENTE (ID, CIUDAD, CODIGOPOSTAL, DIRECCION, ESTADO, FECHAALTA, FECHABAJA, IDENTIFICACION, PAIS, TIPOCLIENTE, USER_USER, DTYPE) VALUES (?, ?, ?, ?, ?, ?, ?, ?, ?, ?, ?, ?)
	bind =&gt; [12 parameters bound]
Query: InsertObjectQuery(Cliente{
id=1
identificacion=Avenia Plutarco
tipoCliente=null
estado=Activo
fechaAlta=Thu Apr 28 17:23:38 CEST 2022
fechaBaja=null
direccion=null
ciudad=Malaga
codigopostal=29004
pais=Espana
cuentasFintech={[]}}Empresa{
razon_social=UMA})
	at org.eclipse.persistence.exceptions.DatabaseException.sqlException(DatabaseException.java:333)
	at org.eclipse.persistence.internal.databaseaccess.DatabaseAccessor.executeDirectNoSelect(DatabaseAccessor.java:908)
	at org.eclipse.persistence.internal.databaseaccess.DatabaseAccessor.executeNoSelect(DatabaseAccessor.java:970)
	at org.eclipse.persistence.internal.databaseaccess.DatabaseAccessor.basicExecuteCall(DatabaseAccessor.java:640)
	at org.eclipse.persistence.internal.databaseaccess.DatabaseAccessor.executeCall(DatabaseAccessor.java:567)
	at org.eclipse.persistence.internal.sessions.AbstractSession.basicExecuteCall(AbstractSession.java:2099)
	at org.eclipse.persistence.sessions.server.ClientSession.executeCall(ClientSession.java:313)
	at org.eclipse.persistence.internal.queries.DatasourceCallQueryMechanism.executeCall(DatasourceCallQueryMechanism.java:275)
	at org.eclipse.persistence.internal.queries.DatasourceCallQueryMechanism.insertObject(DatasourceCallQueryMechanism.java:397)
	at org.eclipse.persistence.internal.queries.StatementQueryMechanism.insertObject(StatementQueryMechanism.java:167)
	at org.eclipse.persistence.internal.queries.StatementQueryMechanism.insertObject(StatementQueryMechanism.java:182)
	at org.eclipse.persistence.internal.queries.DatabaseQueryMechanism.insertObjectForWrite(DatabaseQueryMechanism.java:504)
	at org.eclipse.persistence.queries.InsertObjectQuery.executeCommit(InsertObjectQuery.java:82)
	at org.eclipse.persistence.queries.InsertObjectQuery.executeCommitWithChangeSet(InsertObjectQuery.java:92)
	at org.eclipse.persistence.internal.queries.DatabaseQueryMechanism.executeWriteWithChangeSet(DatabaseQueryMechanism.java:316)
	at org.eclipse.persistence.queries.WriteObjectQuery.executeDatabaseQuery(WriteObjectQuery.java:60)
	at org.eclipse.persistence.queries.DatabaseQuery.execute(DatabaseQuery.java:911)
	at org.eclipse.persistence.queries.DatabaseQuery.executeInUnitOfWork(DatabaseQuery.java:810)
	at org.eclipse.persistence.queries.ObjectLevelModifyQuery.executeInUnitOfWorkObjectLevelModifyQuery(ObjectLevelModifyQuery.java:110)
	at org.eclipse.persistence.queries.ObjectLevelModifyQuery.executeInUnitOfWork(ObjectLevelModifyQuery.java:87)
	at org.eclipse.persistence.internal.sessions.UnitOfWorkImpl.internalExecuteQuery(UnitOfWorkImpl.java:2983)
	at org.eclipse.persistence.internal.sessions.AbstractSession.executeQuery(AbstractSession.java:1898)
	at org.eclipse.persistence.internal.sessions.AbstractSession.executeQuery(AbstractSession.java:1880)
	at org.eclipse.persistence.internal.sessions.AbstractSession.executeQuery(AbstractSession.java:1830)
	at org.eclipse.persistence.internal.sessions.CommitManager.commitNewObjectsForClassWithChangeSet(CommitManager.java:229)
	at org.eclipse.persistence.internal.sessions.CommitManager.commitAllObjectsForClassWithChangeSet(CommitManager.java:196)
	at org.eclipse.persistence.internal.sessions.CommitManager.commitAllObjectsWithChangeSet(CommitManager.java:141)
	at org.eclipse.persistence.internal.sessions.AbstractSession.writeAllObjectsWithChangeSet(AbstractSession.java:4398)
	at org.eclipse.persistence.internal.sessions.UnitOfWorkImpl.commitToDatabase(UnitOfWorkImpl.java:1495)
	at org.eclipse.persistence.internal.sessions.UnitOfWorkImpl.commitToDatabaseWithChangeSet(UnitOfWorkImpl.java:1585)
	at org.eclipse.persistence.internal.sessions.RepeatableWriteUnitOfWork.commitRootUnitOfWork(RepeatableWriteUnitOfWork.java:280)
	at org.eclipse.persistence.internal.sessions.UnitOfWorkImpl.commitAndResume(UnitOfWorkImpl.java:1222)
	at org.eclipse.persistence.internal.jpa.transaction.EntityTransactionImpl.commit(EntityTransactionImpl.java:136)
	... 46 more
Caused by: org.h2.jdbc.JdbcSQLIntegrityConstraintViolationException: La columna &quot;DIRECCION&quot; no permite valores nulos (NULL)
NULL not allowed for column &quot;DIRECCION&quot;; SQL statement:
INSERT INTO CLIENTE (ID, CIUDAD, CODIGOPOSTAL, DIRECCION, ESTADO, FECHAALTA, FECHABAJA, IDENTIFICACION, PAIS, TIPOCLIENTE, USER_USER, DTYPE) VALUES (?, ?, ?, ?, ?, ?, ?, ?, ?, ?, ?, ?) [23502-200]
	at org.h2.message.DbException.getJdbcSQLException(DbException.java:459)
	at org.h2.message.DbException.getJdbcSQLException(DbException.java:429)
	at org.h2.message.DbException.get(DbException.java:205)
	at org.h2.message.DbException.get(DbException.java:181)
	at org.h2.table.Column.validateConvertUpdateSequence(Column.java:374)
	at org.h2.table.Table.validateConvertUpdateSequence(Table.java:845)
	at org.h2.command.dml.Insert.insertRows(Insert.java:187)
	at org.h2.command.dml.Insert.update(Insert.java:151)
	at org.h2.command.CommandContainer.update(CommandContainer.java:198)
	at org.h2.command.Command.executeUpdate(Command.java:251)
	at org.h2.jdbc.JdbcPreparedStatement.executeUpdateInternal(JdbcPreparedStatement.java:191)
	at org.h2.jdbc.JdbcPreparedStatement.executeUpdate(JdbcPreparedStatement.java:152)
	at org.eclipse.persistence.internal.databaseaccess.DatabaseAccessor.executeDirectNoSelect(DatabaseAccessor.java:898)
	... 77 more
</error>
    <system-out>[EL Warning]: 2022-04-28 17:23:38.945--UnitOfWork(83593121)--Exception [EclipseLink-4002] (Eclipse Persistence Services - 2.7.6.v20200131-b7c997804f): org.eclipse.persistence.exceptions.DatabaseException
Internal Exception: org.h2.jdbc.JdbcSQLIntegrityConstraintViolationException: La columna &quot;DIRECCION&quot; no permite valores nulos (NULL)
NULL not allowed for column &quot;DIRECCION&quot;; SQL statement:
INSERT INTO CLIENTE (ID, CIUDAD, CODIGOPOSTAL, DIRECCION, ESTADO, FECHAALTA, FECHABAJA, IDENTIFICACION, PAIS, TIPOCLIENTE, USER_USER, DTYPE) VALUES (?, ?, ?, ?, ?, ?, ?, ?, ?, ?, ?, ?) [23502-200]
Error Code: 23502
Call: INSERT INTO CLIENTE (ID, CIUDAD, CODIGOPOSTAL, DIRECCION, ESTADO, FECHAALTA, FECHABAJA, IDENTIFICACION, PAIS, TIPOCLIENTE, USER_USER, DTYPE) VALUES (?, ?, ?, ?, ?, ?, ?, ?, ?, ?, ?, ?)
	bind =&gt; [12 parameters bound]
Query: InsertObjectQuery(Cliente{
id=1
identificacion=Avenia Plutarco
tipoCliente=null
estado=Activo
fechaAlta=Thu Apr 28 17:23:38 CEST 2022
fechaBaja=null
direccion=null
ciudad=Malaga
codigopostal=29004
pais=Espana
cuentasFintech={[]}}Empresa{
razon_social=UMA})
</system-out>
  </testcase>
  <testcase classname="ma3s.fintech.test.Administrador" name="testGenerarCSV" time="0.045">
    <error message="Exception [EclipseLink-4002] (Eclipse Persistence Services - 2.7.6.v20200131-b7c997804f): org.eclipse.persistence.exceptions.DatabaseException
Internal Exception: org.h2.jdbc.JdbcSQLIntegrityConstraintViolationException: La columna &quot;DIRECCION&quot; no permite valores nulos (NULL)
NULL not allowed for column &quot;DIRECCION&quot;; SQL statement:
INSERT INTO CLIENTE (ID, CIUDAD, CODIGOPOSTAL, DIRECCION, ESTADO, FECHAALTA, FECHABAJA, IDENTIFICACION, PAIS, TIPOCLIENTE, USER_USER, DTYPE) VALUES (?, ?, ?, ?, ?, ?, ?, ?, ?, ?, ?, ?) [23502-200]
Error Code: 23502
Call: INSERT INTO CLIENTE (ID, CIUDAD, CODIGOPOSTAL, DIRECCION, ESTADO, FECHAALTA, FECHABAJA, IDENTIFICACION, PAIS, TIPOCLIENTE, USER_USER, DTYPE) VALUES (?, ?, ?, ?, ?, ?, ?, ?, ?, ?, ?, ?)
	bind =&gt; [12 parameters bound]
Query: InsertObjectQuery(Cliente{
id=1
identificacion=Avenia Plutarco
tipoCliente=null
estado=Activo
fechaAlta=Thu Apr 28 17:23:38 CEST 2022
fechaBaja=null
direccion=null
ciudad=Malaga
codigopostal=29004
pais=Espana
cuentasFintech={[]}}Empresa{
razon_social=UMA})" type="javax.persistence.RollbackException">javax.persistence.RollbackException: Exception [EclipseLink-4002] (Eclipse Persistence Services - 2.7.6.v20200131-b7c997804f): org.eclipse.persistence.exceptions.DatabaseException
Internal Exception: org.h2.jdbc.JdbcSQLIntegrityConstraintViolationException: La columna &quot;DIRECCION&quot; no permite valores nulos (NULL)
NULL not allowed for column &quot;DIRECCION&quot;; SQL statement:
INSERT INTO CLIENTE (ID, CIUDAD, CODIGOPOSTAL, DIRECCION, ESTADO, FECHAALTA, FECHABAJA, IDENTIFICACION, PAIS, TIPOCLIENTE, USER_USER, DTYPE) VALUES (?, ?, ?, ?, ?, ?, ?, ?, ?, ?, ?, ?) [23502-200]
Error Code: 23502
Call: INSERT INTO CLIENTE (ID, CIUDAD, CODIGOPOSTAL, DIRECCION, ESTADO, FECHAALTA, FECHABAJA, IDENTIFICACION, PAIS, TIPOCLIENTE, USER_USER, DTYPE) VALUES (?, ?, ?, ?, ?, ?, ?, ?, ?, ?, ?, ?)
	bind =&gt; [12 parameters bound]
Query: InsertObjectQuery(Cliente{
id=1
identificacion=Avenia Plutarco
tipoCliente=null
estado=Activo
fechaAlta=Thu Apr 28 17:23:38 CEST 2022
fechaBaja=null
direccion=null
ciudad=Malaga
codigopostal=29004
pais=Espana
cuentasFintech={[]}}Empresa{
razon_social=UMA})
	at org.eclipse.persistence.internal.jpa.transaction.EntityTransactionImpl.commit(EntityTransactionImpl.java:161)
	at ma3s.fintech.test.BaseDatos.inicializaBaseDatos(BaseDatos.java:229)
	at ma3s.fintech.test.Administrador.setup(Administrador.java:39)
	at sun.reflect.NativeMethodAccessorImpl.invoke0(Native Method)
	at sun.reflect.NativeMethodAccessorImpl.invoke(NativeMethodAccessorImpl.java:62)
	at sun.reflect.DelegatingMethodAccessorImpl.invoke(DelegatingMethodAccessorImpl.java:43)
	at java.lang.reflect.Method.invoke(Method.java:498)
	at org.junit.runners.model.FrameworkMethod$1.runReflectiveCall(FrameworkMethod.java:59)
	at org.junit.internal.runners.model.ReflectiveCallable.run(ReflectiveCallable.java:12)
	at org.junit.runners.model.FrameworkMethod.invokeExplosively(FrameworkMethod.java:56)
	at org.junit.internal.runners.statements.RunBefores.invokeMethod(RunBefores.java:33)
	at org.junit.internal.runners.statements.RunBefores.evaluate(RunBefores.java:24)
	at org.junit.runners.ParentRunner$3.evaluate(ParentRunner.java:306)
	at org.junit.runners.BlockJUnit4ClassRunner$1.evaluate(BlockJUnit4ClassRunner.java:100)
	at org.junit.runners.ParentRunner.runLeaf(ParentRunner.java:366)
	at org.junit.runners.BlockJUnit4ClassRunner.runChild(BlockJUnit4ClassRunner.java:103)
	at org.junit.runners.BlockJUnit4ClassRunner.runChild(BlockJUnit4ClassRunner.java:63)
	at org.junit.runners.ParentRunner$4.run(ParentRunner.java:331)
	at org.junit.runners.ParentRunner$1.schedule(ParentRunner.java:79)
	at org.junit.runners.ParentRunner.runChildren(ParentRunner.java:329)
	at org.junit.runners.ParentRunner.access$100(ParentRunner.java:66)
	at org.junit.runners.ParentRunner$2.evaluate(ParentRunner.java:293)
	at org.junit.runners.ParentRunner$3.evaluate(ParentRunner.java:306)
	at org.junit.runners.ParentRunner.run(ParentRunner.java:413)
	at org.junit.runners.Suite.runChild(Suite.java:128)
	at org.junit.runners.Suite.runChild(Suite.java:27)
	at org.junit.runners.ParentRunner$4.run(ParentRunner.java:331)
	at org.junit.runners.ParentRunner$1.schedule(ParentRunner.java:79)
	at org.junit.runners.ParentRunner.runChildren(ParentRunner.java:329)
	at org.junit.runners.ParentRunner.access$100(ParentRunner.java:66)
	at org.junit.runners.ParentRunner$2.evaluate(ParentRunner.java:293)
	at org.junit.internal.runners.statements.RunBefores.evaluate(RunBefores.java:26)
	at org.junit.internal.runners.statements.RunAfters.evaluate(RunAfters.java:27)
	at org.junit.runners.ParentRunner$3.evaluate(ParentRunner.java:306)
	at org.junit.runners.ParentRunner.run(ParentRunner.java:413)
	at org.apache.maven.surefire.junit4.JUnit4Provider.execute(JUnit4Provider.java:252)
	at org.apache.maven.surefire.junit4.JUnit4Provider.executeTestSet(JUnit4Provider.java:141)
	at org.apache.maven.surefire.junit4.JUnit4Provider.invoke(JUnit4Provider.java:112)
	at sun.reflect.NativeMethodAccessorImpl.invoke0(Native Method)
	at sun.reflect.NativeMethodAccessorImpl.invoke(NativeMethodAccessorImpl.java:62)
	at sun.reflect.DelegatingMethodAccessorImpl.invoke(DelegatingMethodAccessorImpl.java:43)
	at java.lang.reflect.Method.invoke(Method.java:498)
	at org.apache.maven.surefire.util.ReflectionUtils.invokeMethodWithArray(ReflectionUtils.java:189)
	at org.apache.maven.surefire.booter.ProviderFactory$ProviderProxy.invoke(ProviderFactory.java:165)
	at org.apache.maven.surefire.booter.ProviderFactory.invokeProvider(ProviderFactory.java:85)
	at org.apache.maven.surefire.booter.ForkedBooter.runSuitesInProcess(ForkedBooter.java:115)
	at org.apache.maven.surefire.booter.ForkedBooter.main(ForkedBooter.java:75)
Caused by: Exception [EclipseLink-4002] (Eclipse Persistence Services - 2.7.6.v20200131-b7c997804f): org.eclipse.persistence.exceptions.DatabaseException
Internal Exception: org.h2.jdbc.JdbcSQLIntegrityConstraintViolationException: La columna &quot;DIRECCION&quot; no permite valores nulos (NULL)
NULL not allowed for column &quot;DIRECCION&quot;; SQL statement:
INSERT INTO CLIENTE (ID, CIUDAD, CODIGOPOSTAL, DIRECCION, ESTADO, FECHAALTA, FECHABAJA, IDENTIFICACION, PAIS, TIPOCLIENTE, USER_USER, DTYPE) VALUES (?, ?, ?, ?, ?, ?, ?, ?, ?, ?, ?, ?) [23502-200]
Error Code: 23502
Call: INSERT INTO CLIENTE (ID, CIUDAD, CODIGOPOSTAL, DIRECCION, ESTADO, FECHAALTA, FECHABAJA, IDENTIFICACION, PAIS, TIPOCLIENTE, USER_USER, DTYPE) VALUES (?, ?, ?, ?, ?, ?, ?, ?, ?, ?, ?, ?)
	bind =&gt; [12 parameters bound]
Query: InsertObjectQuery(Cliente{
id=1
identificacion=Avenia Plutarco
tipoCliente=null
estado=Activo
fechaAlta=Thu Apr 28 17:23:38 CEST 2022
fechaBaja=null
direccion=null
ciudad=Malaga
codigopostal=29004
pais=Espana
cuentasFintech={[]}}Empresa{
razon_social=UMA})
	at org.eclipse.persistence.exceptions.DatabaseException.sqlException(DatabaseException.java:333)
	at org.eclipse.persistence.internal.databaseaccess.DatabaseAccessor.executeDirectNoSelect(DatabaseAccessor.java:908)
	at org.eclipse.persistence.internal.databaseaccess.DatabaseAccessor.executeNoSelect(DatabaseAccessor.java:970)
	at org.eclipse.persistence.internal.databaseaccess.DatabaseAccessor.basicExecuteCall(DatabaseAccessor.java:640)
	at org.eclipse.persistence.internal.databaseaccess.DatabaseAccessor.executeCall(DatabaseAccessor.java:567)
	at org.eclipse.persistence.internal.sessions.AbstractSession.basicExecuteCall(AbstractSession.java:2099)
	at org.eclipse.persistence.sessions.server.ClientSession.executeCall(ClientSession.java:313)
	at org.eclipse.persistence.internal.queries.DatasourceCallQueryMechanism.executeCall(DatasourceCallQueryMechanism.java:275)
	at org.eclipse.persistence.internal.queries.DatasourceCallQueryMechanism.insertObject(DatasourceCallQueryMechanism.java:397)
	at org.eclipse.persistence.internal.queries.StatementQueryMechanism.insertObject(StatementQueryMechanism.java:167)
	at org.eclipse.persistence.internal.queries.StatementQueryMechanism.insertObject(StatementQueryMechanism.java:182)
	at org.eclipse.persistence.internal.queries.DatabaseQueryMechanism.insertObjectForWrite(DatabaseQueryMechanism.java:504)
	at org.eclipse.persistence.queries.InsertObjectQuery.executeCommit(InsertObjectQuery.java:82)
	at org.eclipse.persistence.queries.InsertObjectQuery.executeCommitWithChangeSet(InsertObjectQuery.java:92)
	at org.eclipse.persistence.internal.queries.DatabaseQueryMechanism.executeWriteWithChangeSet(DatabaseQueryMechanism.java:316)
	at org.eclipse.persistence.queries.WriteObjectQuery.executeDatabaseQuery(WriteObjectQuery.java:60)
	at org.eclipse.persistence.queries.DatabaseQuery.execute(DatabaseQuery.java:911)
	at org.eclipse.persistence.queries.DatabaseQuery.executeInUnitOfWork(DatabaseQuery.java:810)
	at org.eclipse.persistence.queries.ObjectLevelModifyQuery.executeInUnitOfWorkObjectLevelModifyQuery(ObjectLevelModifyQuery.java:110)
	at org.eclipse.persistence.queries.ObjectLevelModifyQuery.executeInUnitOfWork(ObjectLevelModifyQuery.java:87)
	at org.eclipse.persistence.internal.sessions.UnitOfWorkImpl.internalExecuteQuery(UnitOfWorkImpl.java:2983)
	at org.eclipse.persistence.internal.sessions.AbstractSession.executeQuery(AbstractSession.java:1898)
	at org.eclipse.persistence.internal.sessions.AbstractSession.executeQuery(AbstractSession.java:1880)
	at org.eclipse.persistence.internal.sessions.AbstractSession.executeQuery(AbstractSession.java:1830)
	at org.eclipse.persistence.internal.sessions.CommitManager.commitNewObjectsForClassWithChangeSet(CommitManager.java:229)
	at org.eclipse.persistence.internal.sessions.CommitManager.commitAllObjectsForClassWithChangeSet(CommitManager.java:196)
	at org.eclipse.persistence.internal.sessions.CommitManager.commitAllObjectsWithChangeSet(CommitManager.java:141)
	at org.eclipse.persistence.internal.sessions.AbstractSession.writeAllObjectsWithChangeSet(AbstractSession.java:4398)
	at org.eclipse.persistence.internal.sessions.UnitOfWorkImpl.commitToDatabase(UnitOfWorkImpl.java:1495)
	at org.eclipse.persistence.internal.sessions.UnitOfWorkImpl.commitToDatabaseWithChangeSet(UnitOfWorkImpl.java:1585)
	at org.eclipse.persistence.internal.sessions.RepeatableWriteUnitOfWork.commitRootUnitOfWork(RepeatableWriteUnitOfWork.java:280)
	at org.eclipse.persistence.internal.sessions.UnitOfWorkImpl.commitAndResume(UnitOfWorkImpl.java:1222)
	at org.eclipse.persistence.internal.jpa.transaction.EntityTransactionImpl.commit(EntityTransactionImpl.java:136)
	... 46 more
Caused by: org.h2.jdbc.JdbcSQLIntegrityConstraintViolationException: La columna &quot;DIRECCION&quot; no permite valores nulos (NULL)
NULL not allowed for column &quot;DIRECCION&quot;; SQL statement:
INSERT INTO CLIENTE (ID, CIUDAD, CODIGOPOSTAL, DIRECCION, ESTADO, FECHAALTA, FECHABAJA, IDENTIFICACION, PAIS, TIPOCLIENTE, USER_USER, DTYPE) VALUES (?, ?, ?, ?, ?, ?, ?, ?, ?, ?, ?, ?) [23502-200]
	at org.h2.message.DbException.getJdbcSQLException(DbException.java:459)
	at org.h2.message.DbException.getJdbcSQLException(DbException.java:429)
	at org.h2.message.DbException.get(DbException.java:205)
	at org.h2.message.DbException.get(DbException.java:181)
	at org.h2.table.Column.validateConvertUpdateSequence(Column.java:374)
	at org.h2.table.Table.validateConvertUpdateSequence(Table.java:845)
	at org.h2.command.dml.Insert.insertRows(Insert.java:187)
	at org.h2.command.dml.Insert.update(Insert.java:151)
	at org.h2.command.CommandContainer.update(CommandContainer.java:198)
	at org.h2.command.Command.executeUpdate(Command.java:251)
	at org.h2.jdbc.JdbcPreparedStatement.executeUpdateInternal(JdbcPreparedStatement.java:191)
	at org.h2.jdbc.JdbcPreparedStatement.executeUpdate(JdbcPreparedStatement.java:152)
	at org.eclipse.persistence.internal.databaseaccess.DatabaseAccessor.executeDirectNoSelect(DatabaseAccessor.java:898)
	... 77 more
</error>
    <system-out>[EL Warning]: 2022-04-28 17:23:38.988--UnitOfWork(633586015)--Exception [EclipseLink-4002] (Eclipse Persistence Services - 2.7.6.v20200131-b7c997804f): org.eclipse.persistence.exceptions.DatabaseException
Internal Exception: org.h2.jdbc.JdbcSQLIntegrityConstraintViolationException: La columna &quot;DIRECCION&quot; no permite valores nulos (NULL)
NULL not allowed for column &quot;DIRECCION&quot;; SQL statement:
INSERT INTO CLIENTE (ID, CIUDAD, CODIGOPOSTAL, DIRECCION, ESTADO, FECHAALTA, FECHABAJA, IDENTIFICACION, PAIS, TIPOCLIENTE, USER_USER, DTYPE) VALUES (?, ?, ?, ?, ?, ?, ?, ?, ?, ?, ?, ?) [23502-200]
Error Code: 23502
Call: INSERT INTO CLIENTE (ID, CIUDAD, CODIGOPOSTAL, DIRECCION, ESTADO, FECHAALTA, FECHABAJA, IDENTIFICACION, PAIS, TIPOCLIENTE, USER_USER, DTYPE) VALUES (?, ?, ?, ?, ?, ?, ?, ?, ?, ?, ?, ?)
	bind =&gt; [12 parameters bound]
Query: InsertObjectQuery(Cliente{
id=1
identificacion=Avenia Plutarco
tipoCliente=null
estado=Activo
fechaAlta=Thu Apr 28 17:23:38 CEST 2022
fechaBaja=null
direccion=null
ciudad=Malaga
codigopostal=29004
pais=Espana
cuentasFintech={[]}}Empresa{
razon_social=UMA})
</system-out>
  </testcase>
  <testcase classname="ma3s.fintech.test.Administrador" name="testModifyAdressPAutorizadaAdminNoExist" time="0.038">
    <error message="Exception [EclipseLink-4002] (Eclipse Persistence Services - 2.7.6.v20200131-b7c997804f): org.eclipse.persistence.exceptions.DatabaseException
Internal Exception: org.h2.jdbc.JdbcSQLIntegrityConstraintViolationException: La columna &quot;DIRECCION&quot; no permite valores nulos (NULL)
NULL not allowed for column &quot;DIRECCION&quot;; SQL statement:
INSERT INTO CLIENTE (ID, CIUDAD, CODIGOPOSTAL, DIRECCION, ESTADO, FECHAALTA, FECHABAJA, IDENTIFICACION, PAIS, TIPOCLIENTE, USER_USER, DTYPE) VALUES (?, ?, ?, ?, ?, ?, ?, ?, ?, ?, ?, ?) [23502-200]
Error Code: 23502
Call: INSERT INTO CLIENTE (ID, CIUDAD, CODIGOPOSTAL, DIRECCION, ESTADO, FECHAALTA, FECHABAJA, IDENTIFICACION, PAIS, TIPOCLIENTE, USER_USER, DTYPE) VALUES (?, ?, ?, ?, ?, ?, ?, ?, ?, ?, ?, ?)
	bind =&gt; [12 parameters bound]
Query: InsertObjectQuery(Cliente{
id=2
identificacion=avenida de Murcia
tipoCliente=null
estado=Activo
fechaAlta=Thu Apr 28 17:23:39 CEST 2022
fechaBaja=null
direccion=null
ciudad=Murcia
codigopostal=29845
pais=Espana
cuentasFintech={[]}}Empresa{
razon_social=UCAM})" type="javax.persistence.RollbackException">javax.persistence.RollbackException: Exception [EclipseLink-4002] (Eclipse Persistence Services - 2.7.6.v20200131-b7c997804f): org.eclipse.persistence.exceptions.DatabaseException
Internal Exception: org.h2.jdbc.JdbcSQLIntegrityConstraintViolationException: La columna &quot;DIRECCION&quot; no permite valores nulos (NULL)
NULL not allowed for column &quot;DIRECCION&quot;; SQL statement:
INSERT INTO CLIENTE (ID, CIUDAD, CODIGOPOSTAL, DIRECCION, ESTADO, FECHAALTA, FECHABAJA, IDENTIFICACION, PAIS, TIPOCLIENTE, USER_USER, DTYPE) VALUES (?, ?, ?, ?, ?, ?, ?, ?, ?, ?, ?, ?) [23502-200]
Error Code: 23502
Call: INSERT INTO CLIENTE (ID, CIUDAD, CODIGOPOSTAL, DIRECCION, ESTADO, FECHAALTA, FECHABAJA, IDENTIFICACION, PAIS, TIPOCLIENTE, USER_USER, DTYPE) VALUES (?, ?, ?, ?, ?, ?, ?, ?, ?, ?, ?, ?)
	bind =&gt; [12 parameters bound]
Query: InsertObjectQuery(Cliente{
id=2
identificacion=avenida de Murcia
tipoCliente=null
estado=Activo
fechaAlta=Thu Apr 28 17:23:39 CEST 2022
fechaBaja=null
direccion=null
ciudad=Murcia
codigopostal=29845
pais=Espana
cuentasFintech={[]}}Empresa{
razon_social=UCAM})
	at org.eclipse.persistence.internal.jpa.transaction.EntityTransactionImpl.commit(EntityTransactionImpl.java:161)
	at ma3s.fintech.test.BaseDatos.inicializaBaseDatos(BaseDatos.java:229)
	at ma3s.fintech.test.Administrador.setup(Administrador.java:39)
	at sun.reflect.NativeMethodAccessorImpl.invoke0(Native Method)
	at sun.reflect.NativeMethodAccessorImpl.invoke(NativeMethodAccessorImpl.java:62)
	at sun.reflect.DelegatingMethodAccessorImpl.invoke(DelegatingMethodAccessorImpl.java:43)
	at java.lang.reflect.Method.invoke(Method.java:498)
	at org.junit.runners.model.FrameworkMethod$1.runReflectiveCall(FrameworkMethod.java:59)
	at org.junit.internal.runners.model.ReflectiveCallable.run(ReflectiveCallable.java:12)
	at org.junit.runners.model.FrameworkMethod.invokeExplosively(FrameworkMethod.java:56)
	at org.junit.internal.runners.statements.RunBefores.invokeMethod(RunBefores.java:33)
	at org.junit.internal.runners.statements.RunBefores.evaluate(RunBefores.java:24)
	at org.junit.runners.ParentRunner$3.evaluate(ParentRunner.java:306)
	at org.junit.runners.BlockJUnit4ClassRunner$1.evaluate(BlockJUnit4ClassRunner.java:100)
	at org.junit.runners.ParentRunner.runLeaf(ParentRunner.java:366)
	at org.junit.runners.BlockJUnit4ClassRunner.runChild(BlockJUnit4ClassRunner.java:103)
	at org.junit.runners.BlockJUnit4ClassRunner.runChild(BlockJUnit4ClassRunner.java:63)
	at org.junit.runners.ParentRunner$4.run(ParentRunner.java:331)
	at org.junit.runners.ParentRunner$1.schedule(ParentRunner.java:79)
	at org.junit.runners.ParentRunner.runChildren(ParentRunner.java:329)
	at org.junit.runners.ParentRunner.access$100(ParentRunner.java:66)
	at org.junit.runners.ParentRunner$2.evaluate(ParentRunner.java:293)
	at org.junit.runners.ParentRunner$3.evaluate(ParentRunner.java:306)
	at org.junit.runners.ParentRunner.run(ParentRunner.java:413)
	at org.junit.runners.Suite.runChild(Suite.java:128)
	at org.junit.runners.Suite.runChild(Suite.java:27)
	at org.junit.runners.ParentRunner$4.run(ParentRunner.java:331)
	at org.junit.runners.ParentRunner$1.schedule(ParentRunner.java:79)
	at org.junit.runners.ParentRunner.runChildren(ParentRunner.java:329)
	at org.junit.runners.ParentRunner.access$100(ParentRunner.java:66)
	at org.junit.runners.ParentRunner$2.evaluate(ParentRunner.java:293)
	at org.junit.internal.runners.statements.RunBefores.evaluate(RunBefores.java:26)
	at org.junit.internal.runners.statements.RunAfters.evaluate(RunAfters.java:27)
	at org.junit.runners.ParentRunner$3.evaluate(ParentRunner.java:306)
	at org.junit.runners.ParentRunner.run(ParentRunner.java:413)
	at org.apache.maven.surefire.junit4.JUnit4Provider.execute(JUnit4Provider.java:252)
	at org.apache.maven.surefire.junit4.JUnit4Provider.executeTestSet(JUnit4Provider.java:141)
	at org.apache.maven.surefire.junit4.JUnit4Provider.invoke(JUnit4Provider.java:112)
	at sun.reflect.NativeMethodAccessorImpl.invoke0(Native Method)
	at sun.reflect.NativeMethodAccessorImpl.invoke(NativeMethodAccessorImpl.java:62)
	at sun.reflect.DelegatingMethodAccessorImpl.invoke(DelegatingMethodAccessorImpl.java:43)
	at java.lang.reflect.Method.invoke(Method.java:498)
	at org.apache.maven.surefire.util.ReflectionUtils.invokeMethodWithArray(ReflectionUtils.java:189)
	at org.apache.maven.surefire.booter.ProviderFactory$ProviderProxy.invoke(ProviderFactory.java:165)
	at org.apache.maven.surefire.booter.ProviderFactory.invokeProvider(ProviderFactory.java:85)
	at org.apache.maven.surefire.booter.ForkedBooter.runSuitesInProcess(ForkedBooter.java:115)
	at org.apache.maven.surefire.booter.ForkedBooter.main(ForkedBooter.java:75)
Caused by: Exception [EclipseLink-4002] (Eclipse Persistence Services - 2.7.6.v20200131-b7c997804f): org.eclipse.persistence.exceptions.DatabaseException
Internal Exception: org.h2.jdbc.JdbcSQLIntegrityConstraintViolationException: La columna &quot;DIRECCION&quot; no permite valores nulos (NULL)
NULL not allowed for column &quot;DIRECCION&quot;; SQL statement:
INSERT INTO CLIENTE (ID, CIUDAD, CODIGOPOSTAL, DIRECCION, ESTADO, FECHAALTA, FECHABAJA, IDENTIFICACION, PAIS, TIPOCLIENTE, USER_USER, DTYPE) VALUES (?, ?, ?, ?, ?, ?, ?, ?, ?, ?, ?, ?) [23502-200]
Error Code: 23502
Call: INSERT INTO CLIENTE (ID, CIUDAD, CODIGOPOSTAL, DIRECCION, ESTADO, FECHAALTA, FECHABAJA, IDENTIFICACION, PAIS, TIPOCLIENTE, USER_USER, DTYPE) VALUES (?, ?, ?, ?, ?, ?, ?, ?, ?, ?, ?, ?)
	bind =&gt; [12 parameters bound]
Query: InsertObjectQuery(Cliente{
id=2
identificacion=avenida de Murcia
tipoCliente=null
estado=Activo
fechaAlta=Thu Apr 28 17:23:39 CEST 2022
fechaBaja=null
direccion=null
ciudad=Murcia
codigopostal=29845
pais=Espana
cuentasFintech={[]}}Empresa{
razon_social=UCAM})
	at org.eclipse.persistence.exceptions.DatabaseException.sqlException(DatabaseException.java:333)
	at org.eclipse.persistence.internal.databaseaccess.DatabaseAccessor.executeDirectNoSelect(DatabaseAccessor.java:908)
	at org.eclipse.persistence.internal.databaseaccess.DatabaseAccessor.executeNoSelect(DatabaseAccessor.java:970)
	at org.eclipse.persistence.internal.databaseaccess.DatabaseAccessor.basicExecuteCall(DatabaseAccessor.java:640)
	at org.eclipse.persistence.internal.databaseaccess.DatabaseAccessor.executeCall(DatabaseAccessor.java:567)
	at org.eclipse.persistence.internal.sessions.AbstractSession.basicExecuteCall(AbstractSession.java:2099)
	at org.eclipse.persistence.sessions.server.ClientSession.executeCall(ClientSession.java:313)
	at org.eclipse.persistence.internal.queries.DatasourceCallQueryMechanism.executeCall(DatasourceCallQueryMechanism.java:275)
	at org.eclipse.persistence.internal.queries.DatasourceCallQueryMechanism.insertObject(DatasourceCallQueryMechanism.java:397)
	at org.eclipse.persistence.internal.queries.StatementQueryMechanism.insertObject(StatementQueryMechanism.java:167)
	at org.eclipse.persistence.internal.queries.StatementQueryMechanism.insertObject(StatementQueryMechanism.java:182)
	at org.eclipse.persistence.internal.queries.DatabaseQueryMechanism.insertObjectForWrite(DatabaseQueryMechanism.java:504)
	at org.eclipse.persistence.queries.InsertObjectQuery.executeCommit(InsertObjectQuery.java:82)
	at org.eclipse.persistence.queries.InsertObjectQuery.executeCommitWithChangeSet(InsertObjectQuery.java:92)
	at org.eclipse.persistence.internal.queries.DatabaseQueryMechanism.executeWriteWithChangeSet(DatabaseQueryMechanism.java:316)
	at org.eclipse.persistence.queries.WriteObjectQuery.executeDatabaseQuery(WriteObjectQuery.java:60)
	at org.eclipse.persistence.queries.DatabaseQuery.execute(DatabaseQuery.java:911)
	at org.eclipse.persistence.queries.DatabaseQuery.executeInUnitOfWork(DatabaseQuery.java:810)
	at org.eclipse.persistence.queries.ObjectLevelModifyQuery.executeInUnitOfWorkObjectLevelModifyQuery(ObjectLevelModifyQuery.java:110)
	at org.eclipse.persistence.queries.ObjectLevelModifyQuery.executeInUnitOfWork(ObjectLevelModifyQuery.java:87)
	at org.eclipse.persistence.internal.sessions.UnitOfWorkImpl.internalExecuteQuery(UnitOfWorkImpl.java:2983)
	at org.eclipse.persistence.internal.sessions.AbstractSession.executeQuery(AbstractSession.java:1898)
	at org.eclipse.persistence.internal.sessions.AbstractSession.executeQuery(AbstractSession.java:1880)
	at org.eclipse.persistence.internal.sessions.AbstractSession.executeQuery(AbstractSession.java:1830)
	at org.eclipse.persistence.internal.sessions.CommitManager.commitNewObjectsForClassWithChangeSet(CommitManager.java:229)
	at org.eclipse.persistence.internal.sessions.CommitManager.commitAllObjectsForClassWithChangeSet(CommitManager.java:196)
	at org.eclipse.persistence.internal.sessions.CommitManager.commitAllObjectsWithChangeSet(CommitManager.java:141)
	at org.eclipse.persistence.internal.sessions.AbstractSession.writeAllObjectsWithChangeSet(AbstractSession.java:4398)
	at org.eclipse.persistence.internal.sessions.UnitOfWorkImpl.commitToDatabase(UnitOfWorkImpl.java:1495)
	at org.eclipse.persistence.internal.sessions.UnitOfWorkImpl.commitToDatabaseWithChangeSet(UnitOfWorkImpl.java:1585)
	at org.eclipse.persistence.internal.sessions.RepeatableWriteUnitOfWork.commitRootUnitOfWork(RepeatableWriteUnitOfWork.java:280)
	at org.eclipse.persistence.internal.sessions.UnitOfWorkImpl.commitAndResume(UnitOfWorkImpl.java:1222)
	at org.eclipse.persistence.internal.jpa.transaction.EntityTransactionImpl.commit(EntityTransactionImpl.java:136)
	... 46 more
Caused by: org.h2.jdbc.JdbcSQLIntegrityConstraintViolationException: La columna &quot;DIRECCION&quot; no permite valores nulos (NULL)
NULL not allowed for column &quot;DIRECCION&quot;; SQL statement:
INSERT INTO CLIENTE (ID, CIUDAD, CODIGOPOSTAL, DIRECCION, ESTADO, FECHAALTA, FECHABAJA, IDENTIFICACION, PAIS, TIPOCLIENTE, USER_USER, DTYPE) VALUES (?, ?, ?, ?, ?, ?, ?, ?, ?, ?, ?, ?) [23502-200]
	at org.h2.message.DbException.getJdbcSQLException(DbException.java:459)
	at org.h2.message.DbException.getJdbcSQLException(DbException.java:429)
	at org.h2.message.DbException.get(DbException.java:205)
	at org.h2.message.DbException.get(DbException.java:181)
	at org.h2.table.Column.validateConvertUpdateSequence(Column.java:374)
	at org.h2.table.Table.validateConvertUpdateSequence(Table.java:845)
	at org.h2.command.dml.Insert.insertRows(Insert.java:187)
	at org.h2.command.dml.Insert.update(Insert.java:151)
	at org.h2.command.CommandContainer.update(CommandContainer.java:198)
	at org.h2.command.Command.executeUpdate(Command.java:251)
	at org.h2.jdbc.JdbcPreparedStatement.executeUpdateInternal(JdbcPreparedStatement.java:191)
	at org.h2.jdbc.JdbcPreparedStatement.executeUpdate(JdbcPreparedStatement.java:152)
	at org.eclipse.persistence.internal.databaseaccess.DatabaseAccessor.executeDirectNoSelect(DatabaseAccessor.java:898)
	... 77 more
</error>
    <system-out>[EL Warning]: 2022-04-28 17:23:39.027--UnitOfWork(1786510974)--Exception [EclipseLink-4002] (Eclipse Persistence Services - 2.7.6.v20200131-b7c997804f): org.eclipse.persistence.exceptions.DatabaseException
Internal Exception: org.h2.jdbc.JdbcSQLIntegrityConstraintViolationException: La columna &quot;DIRECCION&quot; no permite valores nulos (NULL)
NULL not allowed for column &quot;DIRECCION&quot;; SQL statement:
INSERT INTO CLIENTE (ID, CIUDAD, CODIGOPOSTAL, DIRECCION, ESTADO, FECHAALTA, FECHABAJA, IDENTIFICACION, PAIS, TIPOCLIENTE, USER_USER, DTYPE) VALUES (?, ?, ?, ?, ?, ?, ?, ?, ?, ?, ?, ?) [23502-200]
Error Code: 23502
Call: INSERT INTO CLIENTE (ID, CIUDAD, CODIGOPOSTAL, DIRECCION, ESTADO, FECHAALTA, FECHABAJA, IDENTIFICACION, PAIS, TIPOCLIENTE, USER_USER, DTYPE) VALUES (?, ?, ?, ?, ?, ?, ?, ?, ?, ?, ?, ?)
	bind =&gt; [12 parameters bound]
Query: InsertObjectQuery(Cliente{
id=2
identificacion=avenida de Murcia
tipoCliente=null
estado=Activo
fechaAlta=Thu Apr 28 17:23:39 CEST 2022
fechaBaja=null
direccion=null
ciudad=Murcia
codigopostal=29845
pais=Espana
cuentasFintech={[]}}Empresa{
razon_social=UCAM})
</system-out>
  </testcase>
  <testcase classname="ma3s.fintech.test.Administrador" name="testAnaEmpresaCorrecto" time="0.039">
    <error message="Exception [EclipseLink-4002] (Eclipse Persistence Services - 2.7.6.v20200131-b7c997804f): org.eclipse.persistence.exceptions.DatabaseException
Internal Exception: org.h2.jdbc.JdbcSQLIntegrityConstraintViolationException: La columna &quot;DIRECCION&quot; no permite valores nulos (NULL)
NULL not allowed for column &quot;DIRECCION&quot;; SQL statement:
INSERT INTO CLIENTE (ID, CIUDAD, CODIGOPOSTAL, DIRECCION, ESTADO, FECHAALTA, FECHABAJA, IDENTIFICACION, PAIS, TIPOCLIENTE, USER_USER, DTYPE) VALUES (?, ?, ?, ?, ?, ?, ?, ?, ?, ?, ?, ?) [23502-200]
Error Code: 23502
Call: INSERT INTO CLIENTE (ID, CIUDAD, CODIGOPOSTAL, DIRECCION, ESTADO, FECHAALTA, FECHABAJA, IDENTIFICACION, PAIS, TIPOCLIENTE, USER_USER, DTYPE) VALUES (?, ?, ?, ?, ?, ?, ?, ?, ?, ?, ?, ?)
	bind =&gt; [12 parameters bound]
Query: InsertObjectQuery(Cliente{
id=1
identificacion=Avenia Plutarco
tipoCliente=null
estado=Activo
fechaAlta=Thu Apr 28 17:23:39 CEST 2022
fechaBaja=null
direccion=null
ciudad=Malaga
codigopostal=29004
pais=Espana
cuentasFintech={[]}}Empresa{
razon_social=UMA})" type="javax.persistence.RollbackException">javax.persistence.RollbackException: Exception [EclipseLink-4002] (Eclipse Persistence Services - 2.7.6.v20200131-b7c997804f): org.eclipse.persistence.exceptions.DatabaseException
Internal Exception: org.h2.jdbc.JdbcSQLIntegrityConstraintViolationException: La columna &quot;DIRECCION&quot; no permite valores nulos (NULL)
NULL not allowed for column &quot;DIRECCION&quot;; SQL statement:
INSERT INTO CLIENTE (ID, CIUDAD, CODIGOPOSTAL, DIRECCION, ESTADO, FECHAALTA, FECHABAJA, IDENTIFICACION, PAIS, TIPOCLIENTE, USER_USER, DTYPE) VALUES (?, ?, ?, ?, ?, ?, ?, ?, ?, ?, ?, ?) [23502-200]
Error Code: 23502
Call: INSERT INTO CLIENTE (ID, CIUDAD, CODIGOPOSTAL, DIRECCION, ESTADO, FECHAALTA, FECHABAJA, IDENTIFICACION, PAIS, TIPOCLIENTE, USER_USER, DTYPE) VALUES (?, ?, ?, ?, ?, ?, ?, ?, ?, ?, ?, ?)
	bind =&gt; [12 parameters bound]
Query: InsertObjectQuery(Cliente{
id=1
identificacion=Avenia Plutarco
tipoCliente=null
estado=Activo
fechaAlta=Thu Apr 28 17:23:39 CEST 2022
fechaBaja=null
direccion=null
ciudad=Malaga
codigopostal=29004
pais=Espana
cuentasFintech={[]}}Empresa{
razon_social=UMA})
	at org.eclipse.persistence.internal.jpa.transaction.EntityTransactionImpl.commit(EntityTransactionImpl.java:161)
	at ma3s.fintech.test.BaseDatos.inicializaBaseDatos(BaseDatos.java:229)
	at ma3s.fintech.test.Administrador.setup(Administrador.java:39)
	at sun.reflect.NativeMethodAccessorImpl.invoke0(Native Method)
	at sun.reflect.NativeMethodAccessorImpl.invoke(NativeMethodAccessorImpl.java:62)
	at sun.reflect.DelegatingMethodAccessorImpl.invoke(DelegatingMethodAccessorImpl.java:43)
	at java.lang.reflect.Method.invoke(Method.java:498)
	at org.junit.runners.model.FrameworkMethod$1.runReflectiveCall(FrameworkMethod.java:59)
	at org.junit.internal.runners.model.ReflectiveCallable.run(ReflectiveCallable.java:12)
	at org.junit.runners.model.FrameworkMethod.invokeExplosively(FrameworkMethod.java:56)
	at org.junit.internal.runners.statements.RunBefores.invokeMethod(RunBefores.java:33)
	at org.junit.internal.runners.statements.RunBefores.evaluate(RunBefores.java:24)
	at org.junit.runners.ParentRunner$3.evaluate(ParentRunner.java:306)
	at org.junit.runners.BlockJUnit4ClassRunner$1.evaluate(BlockJUnit4ClassRunner.java:100)
	at org.junit.runners.ParentRunner.runLeaf(ParentRunner.java:366)
	at org.junit.runners.BlockJUnit4ClassRunner.runChild(BlockJUnit4ClassRunner.java:103)
	at org.junit.runners.BlockJUnit4ClassRunner.runChild(BlockJUnit4ClassRunner.java:63)
	at org.junit.runners.ParentRunner$4.run(ParentRunner.java:331)
	at org.junit.runners.ParentRunner$1.schedule(ParentRunner.java:79)
	at org.junit.runners.ParentRunner.runChildren(ParentRunner.java:329)
	at org.junit.runners.ParentRunner.access$100(ParentRunner.java:66)
	at org.junit.runners.ParentRunner$2.evaluate(ParentRunner.java:293)
	at org.junit.runners.ParentRunner$3.evaluate(ParentRunner.java:306)
	at org.junit.runners.ParentRunner.run(ParentRunner.java:413)
	at org.junit.runners.Suite.runChild(Suite.java:128)
	at org.junit.runners.Suite.runChild(Suite.java:27)
	at org.junit.runners.ParentRunner$4.run(ParentRunner.java:331)
	at org.junit.runners.ParentRunner$1.schedule(ParentRunner.java:79)
	at org.junit.runners.ParentRunner.runChildren(ParentRunner.java:329)
	at org.junit.runners.ParentRunner.access$100(ParentRunner.java:66)
	at org.junit.runners.ParentRunner$2.evaluate(ParentRunner.java:293)
	at org.junit.internal.runners.statements.RunBefores.evaluate(RunBefores.java:26)
	at org.junit.internal.runners.statements.RunAfters.evaluate(RunAfters.java:27)
	at org.junit.runners.ParentRunner$3.evaluate(ParentRunner.java:306)
	at org.junit.runners.ParentRunner.run(ParentRunner.java:413)
	at org.apache.maven.surefire.junit4.JUnit4Provider.execute(JUnit4Provider.java:252)
	at org.apache.maven.surefire.junit4.JUnit4Provider.executeTestSet(JUnit4Provider.java:141)
	at org.apache.maven.surefire.junit4.JUnit4Provider.invoke(JUnit4Provider.java:112)
	at sun.reflect.NativeMethodAccessorImpl.invoke0(Native Method)
	at sun.reflect.NativeMethodAccessorImpl.invoke(NativeMethodAccessorImpl.java:62)
	at sun.reflect.DelegatingMethodAccessorImpl.invoke(DelegatingMethodAccessorImpl.java:43)
	at java.lang.reflect.Method.invoke(Method.java:498)
	at org.apache.maven.surefire.util.ReflectionUtils.invokeMethodWithArray(ReflectionUtils.java:189)
	at org.apache.maven.surefire.booter.ProviderFactory$ProviderProxy.invoke(ProviderFactory.java:165)
	at org.apache.maven.surefire.booter.ProviderFactory.invokeProvider(ProviderFactory.java:85)
	at org.apache.maven.surefire.booter.ForkedBooter.runSuitesInProcess(ForkedBooter.java:115)
	at org.apache.maven.surefire.booter.ForkedBooter.main(ForkedBooter.java:75)
Caused by: Exception [EclipseLink-4002] (Eclipse Persistence Services - 2.7.6.v20200131-b7c997804f): org.eclipse.persistence.exceptions.DatabaseException
Internal Exception: org.h2.jdbc.JdbcSQLIntegrityConstraintViolationException: La columna &quot;DIRECCION&quot; no permite valores nulos (NULL)
NULL not allowed for column &quot;DIRECCION&quot;; SQL statement:
INSERT INTO CLIENTE (ID, CIUDAD, CODIGOPOSTAL, DIRECCION, ESTADO, FECHAALTA, FECHABAJA, IDENTIFICACION, PAIS, TIPOCLIENTE, USER_USER, DTYPE) VALUES (?, ?, ?, ?, ?, ?, ?, ?, ?, ?, ?, ?) [23502-200]
Error Code: 23502
Call: INSERT INTO CLIENTE (ID, CIUDAD, CODIGOPOSTAL, DIRECCION, ESTADO, FECHAALTA, FECHABAJA, IDENTIFICACION, PAIS, TIPOCLIENTE, USER_USER, DTYPE) VALUES (?, ?, ?, ?, ?, ?, ?, ?, ?, ?, ?, ?)
	bind =&gt; [12 parameters bound]
Query: InsertObjectQuery(Cliente{
id=1
identificacion=Avenia Plutarco
tipoCliente=null
estado=Activo
fechaAlta=Thu Apr 28 17:23:39 CEST 2022
fechaBaja=null
direccion=null
ciudad=Malaga
codigopostal=29004
pais=Espana
cuentasFintech={[]}}Empresa{
razon_social=UMA})
	at org.eclipse.persistence.exceptions.DatabaseException.sqlException(DatabaseException.java:333)
	at org.eclipse.persistence.internal.databaseaccess.DatabaseAccessor.executeDirectNoSelect(DatabaseAccessor.java:908)
	at org.eclipse.persistence.internal.databaseaccess.DatabaseAccessor.executeNoSelect(DatabaseAccessor.java:970)
	at org.eclipse.persistence.internal.databaseaccess.DatabaseAccessor.basicExecuteCall(DatabaseAccessor.java:640)
	at org.eclipse.persistence.internal.databaseaccess.DatabaseAccessor.executeCall(DatabaseAccessor.java:567)
	at org.eclipse.persistence.internal.sessions.AbstractSession.basicExecuteCall(AbstractSession.java:2099)
	at org.eclipse.persistence.sessions.server.ClientSession.executeCall(ClientSession.java:313)
	at org.eclipse.persistence.internal.queries.DatasourceCallQueryMechanism.executeCall(DatasourceCallQueryMechanism.java:275)
	at org.eclipse.persistence.internal.queries.DatasourceCallQueryMechanism.insertObject(DatasourceCallQueryMechanism.java:397)
	at org.eclipse.persistence.internal.queries.StatementQueryMechanism.insertObject(StatementQueryMechanism.java:167)
	at org.eclipse.persistence.internal.queries.StatementQueryMechanism.insertObject(StatementQueryMechanism.java:182)
	at org.eclipse.persistence.internal.queries.DatabaseQueryMechanism.insertObjectForWrite(DatabaseQueryMechanism.java:504)
	at org.eclipse.persistence.queries.InsertObjectQuery.executeCommit(InsertObjectQuery.java:82)
	at org.eclipse.persistence.queries.InsertObjectQuery.executeCommitWithChangeSet(InsertObjectQuery.java:92)
	at org.eclipse.persistence.internal.queries.DatabaseQueryMechanism.executeWriteWithChangeSet(DatabaseQueryMechanism.java:316)
	at org.eclipse.persistence.queries.WriteObjectQuery.executeDatabaseQuery(WriteObjectQuery.java:60)
	at org.eclipse.persistence.queries.DatabaseQuery.execute(DatabaseQuery.java:911)
	at org.eclipse.persistence.queries.DatabaseQuery.executeInUnitOfWork(DatabaseQuery.java:810)
	at org.eclipse.persistence.queries.ObjectLevelModifyQuery.executeInUnitOfWorkObjectLevelModifyQuery(ObjectLevelModifyQuery.java:110)
	at org.eclipse.persistence.queries.ObjectLevelModifyQuery.executeInUnitOfWork(ObjectLevelModifyQuery.java:87)
	at org.eclipse.persistence.internal.sessions.UnitOfWorkImpl.internalExecuteQuery(UnitOfWorkImpl.java:2983)
	at org.eclipse.persistence.internal.sessions.AbstractSession.executeQuery(AbstractSession.java:1898)
	at org.eclipse.persistence.internal.sessions.AbstractSession.executeQuery(AbstractSession.java:1880)
	at org.eclipse.persistence.internal.sessions.AbstractSession.executeQuery(AbstractSession.java:1830)
	at org.eclipse.persistence.internal.sessions.CommitManager.commitNewObjectsForClassWithChangeSet(CommitManager.java:229)
	at org.eclipse.persistence.internal.sessions.CommitManager.commitAllObjectsForClassWithChangeSet(CommitManager.java:196)
	at org.eclipse.persistence.internal.sessions.CommitManager.commitAllObjectsWithChangeSet(CommitManager.java:141)
	at org.eclipse.persistence.internal.sessions.AbstractSession.writeAllObjectsWithChangeSet(AbstractSession.java:4398)
	at org.eclipse.persistence.internal.sessions.UnitOfWorkImpl.commitToDatabase(UnitOfWorkImpl.java:1495)
	at org.eclipse.persistence.internal.sessions.UnitOfWorkImpl.commitToDatabaseWithChangeSet(UnitOfWorkImpl.java:1585)
	at org.eclipse.persistence.internal.sessions.RepeatableWriteUnitOfWork.commitRootUnitOfWork(RepeatableWriteUnitOfWork.java:280)
	at org.eclipse.persistence.internal.sessions.UnitOfWorkImpl.commitAndResume(UnitOfWorkImpl.java:1222)
	at org.eclipse.persistence.internal.jpa.transaction.EntityTransactionImpl.commit(EntityTransactionImpl.java:136)
	... 46 more
Caused by: org.h2.jdbc.JdbcSQLIntegrityConstraintViolationException: La columna &quot;DIRECCION&quot; no permite valores nulos (NULL)
NULL not allowed for column &quot;DIRECCION&quot;; SQL statement:
INSERT INTO CLIENTE (ID, CIUDAD, CODIGOPOSTAL, DIRECCION, ESTADO, FECHAALTA, FECHABAJA, IDENTIFICACION, PAIS, TIPOCLIENTE, USER_USER, DTYPE) VALUES (?, ?, ?, ?, ?, ?, ?, ?, ?, ?, ?, ?) [23502-200]
	at org.h2.message.DbException.getJdbcSQLException(DbException.java:459)
	at org.h2.message.DbException.getJdbcSQLException(DbException.java:429)
	at org.h2.message.DbException.get(DbException.java:205)
	at org.h2.message.DbException.get(DbException.java:181)
	at org.h2.table.Column.validateConvertUpdateSequence(Column.java:374)
	at org.h2.table.Table.validateConvertUpdateSequence(Table.java:845)
	at org.h2.command.dml.Insert.insertRows(Insert.java:187)
	at org.h2.command.dml.Insert.update(Insert.java:151)
	at org.h2.command.CommandContainer.update(CommandContainer.java:198)
	at org.h2.command.Command.executeUpdate(Command.java:251)
	at org.h2.jdbc.JdbcPreparedStatement.executeUpdateInternal(JdbcPreparedStatement.java:191)
	at org.h2.jdbc.JdbcPreparedStatement.executeUpdate(JdbcPreparedStatement.java:152)
	at org.eclipse.persistence.internal.databaseaccess.DatabaseAccessor.executeDirectNoSelect(DatabaseAccessor.java:898)
	... 77 more
</error>
    <system-out>[EL Warning]: 2022-04-28 17:23:39.067--UnitOfWork(1990220426)--Exception [EclipseLink-4002] (Eclipse Persistence Services - 2.7.6.v20200131-b7c997804f): org.eclipse.persistence.exceptions.DatabaseException
Internal Exception: org.h2.jdbc.JdbcSQLIntegrityConstraintViolationException: La columna &quot;DIRECCION&quot; no permite valores nulos (NULL)
NULL not allowed for column &quot;DIRECCION&quot;; SQL statement:
INSERT INTO CLIENTE (ID, CIUDAD, CODIGOPOSTAL, DIRECCION, ESTADO, FECHAALTA, FECHABAJA, IDENTIFICACION, PAIS, TIPOCLIENTE, USER_USER, DTYPE) VALUES (?, ?, ?, ?, ?, ?, ?, ?, ?, ?, ?, ?) [23502-200]
Error Code: 23502
Call: INSERT INTO CLIENTE (ID, CIUDAD, CODIGOPOSTAL, DIRECCION, ESTADO, FECHAALTA, FECHABAJA, IDENTIFICACION, PAIS, TIPOCLIENTE, USER_USER, DTYPE) VALUES (?, ?, ?, ?, ?, ?, ?, ?, ?, ?, ?, ?)
	bind =&gt; [12 parameters bound]
Query: InsertObjectQuery(Cliente{
id=1
identificacion=Avenia Plutarco
tipoCliente=null
estado=Activo
fechaAlta=Thu Apr 28 17:23:39 CEST 2022
fechaBaja=null
direccion=null
ciudad=Malaga
codigopostal=29004
pais=Espana
cuentasFintech={[]}}Empresa{
razon_social=UMA})
</system-out>
  </testcase>
  <testcase classname="ma3s.fintech.test.Administrador" name="testModifyNamePAutorizadaNoEsAdministrador" time="0.03">
    <error message="Exception [EclipseLink-4002] (Eclipse Persistence Services - 2.7.6.v20200131-b7c997804f): org.eclipse.persistence.exceptions.DatabaseException
Internal Exception: org.h2.jdbc.JdbcSQLIntegrityConstraintViolationException: La columna &quot;DIRECCION&quot; no permite valores nulos (NULL)
NULL not allowed for column &quot;DIRECCION&quot;; SQL statement:
INSERT INTO CLIENTE (ID, CIUDAD, CODIGOPOSTAL, DIRECCION, ESTADO, FECHAALTA, FECHABAJA, IDENTIFICACION, PAIS, TIPOCLIENTE, USER_USER, DTYPE) VALUES (?, ?, ?, ?, ?, ?, ?, ?, ?, ?, ?, ?) [23502-200]
Error Code: 23502
Call: INSERT INTO CLIENTE (ID, CIUDAD, CODIGOPOSTAL, DIRECCION, ESTADO, FECHAALTA, FECHABAJA, IDENTIFICACION, PAIS, TIPOCLIENTE, USER_USER, DTYPE) VALUES (?, ?, ?, ?, ?, ?, ?, ?, ?, ?, ?, ?)
	bind =&gt; [12 parameters bound]
Query: InsertObjectQuery(Cliente{
id=1
identificacion=Avenia Plutarco
tipoCliente=null
estado=Activo
fechaAlta=Thu Apr 28 17:23:39 CEST 2022
fechaBaja=null
direccion=null
ciudad=Malaga
codigopostal=29004
pais=Espana
cuentasFintech={[]}}Empresa{
razon_social=UMA})" type="javax.persistence.RollbackException">javax.persistence.RollbackException: Exception [EclipseLink-4002] (Eclipse Persistence Services - 2.7.6.v20200131-b7c997804f): org.eclipse.persistence.exceptions.DatabaseException
Internal Exception: org.h2.jdbc.JdbcSQLIntegrityConstraintViolationException: La columna &quot;DIRECCION&quot; no permite valores nulos (NULL)
NULL not allowed for column &quot;DIRECCION&quot;; SQL statement:
INSERT INTO CLIENTE (ID, CIUDAD, CODIGOPOSTAL, DIRECCION, ESTADO, FECHAALTA, FECHABAJA, IDENTIFICACION, PAIS, TIPOCLIENTE, USER_USER, DTYPE) VALUES (?, ?, ?, ?, ?, ?, ?, ?, ?, ?, ?, ?) [23502-200]
Error Code: 23502
Call: INSERT INTO CLIENTE (ID, CIUDAD, CODIGOPOSTAL, DIRECCION, ESTADO, FECHAALTA, FECHABAJA, IDENTIFICACION, PAIS, TIPOCLIENTE, USER_USER, DTYPE) VALUES (?, ?, ?, ?, ?, ?, ?, ?, ?, ?, ?, ?)
	bind =&gt; [12 parameters bound]
Query: InsertObjectQuery(Cliente{
id=1
identificacion=Avenia Plutarco
tipoCliente=null
estado=Activo
fechaAlta=Thu Apr 28 17:23:39 CEST 2022
fechaBaja=null
direccion=null
ciudad=Malaga
codigopostal=29004
pais=Espana
cuentasFintech={[]}}Empresa{
razon_social=UMA})
	at org.eclipse.persistence.internal.jpa.transaction.EntityTransactionImpl.commit(EntityTransactionImpl.java:161)
	at ma3s.fintech.test.BaseDatos.inicializaBaseDatos(BaseDatos.java:229)
	at ma3s.fintech.test.Administrador.setup(Administrador.java:39)
	at sun.reflect.NativeMethodAccessorImpl.invoke0(Native Method)
	at sun.reflect.NativeMethodAccessorImpl.invoke(NativeMethodAccessorImpl.java:62)
	at sun.reflect.DelegatingMethodAccessorImpl.invoke(DelegatingMethodAccessorImpl.java:43)
	at java.lang.reflect.Method.invoke(Method.java:498)
	at org.junit.runners.model.FrameworkMethod$1.runReflectiveCall(FrameworkMethod.java:59)
	at org.junit.internal.runners.model.ReflectiveCallable.run(ReflectiveCallable.java:12)
	at org.junit.runners.model.FrameworkMethod.invokeExplosively(FrameworkMethod.java:56)
	at org.junit.internal.runners.statements.RunBefores.invokeMethod(RunBefores.java:33)
	at org.junit.internal.runners.statements.RunBefores.evaluate(RunBefores.java:24)
	at org.junit.runners.ParentRunner$3.evaluate(ParentRunner.java:306)
	at org.junit.runners.BlockJUnit4ClassRunner$1.evaluate(BlockJUnit4ClassRunner.java:100)
	at org.junit.runners.ParentRunner.runLeaf(ParentRunner.java:366)
	at org.junit.runners.BlockJUnit4ClassRunner.runChild(BlockJUnit4ClassRunner.java:103)
	at org.junit.runners.BlockJUnit4ClassRunner.runChild(BlockJUnit4ClassRunner.java:63)
	at org.junit.runners.ParentRunner$4.run(ParentRunner.java:331)
	at org.junit.runners.ParentRunner$1.schedule(ParentRunner.java:79)
	at org.junit.runners.ParentRunner.runChildren(ParentRunner.java:329)
	at org.junit.runners.ParentRunner.access$100(ParentRunner.java:66)
	at org.junit.runners.ParentRunner$2.evaluate(ParentRunner.java:293)
	at org.junit.runners.ParentRunner$3.evaluate(ParentRunner.java:306)
	at org.junit.runners.ParentRunner.run(ParentRunner.java:413)
	at org.junit.runners.Suite.runChild(Suite.java:128)
	at org.junit.runners.Suite.runChild(Suite.java:27)
	at org.junit.runners.ParentRunner$4.run(ParentRunner.java:331)
	at org.junit.runners.ParentRunner$1.schedule(ParentRunner.java:79)
	at org.junit.runners.ParentRunner.runChildren(ParentRunner.java:329)
	at org.junit.runners.ParentRunner.access$100(ParentRunner.java:66)
	at org.junit.runners.ParentRunner$2.evaluate(ParentRunner.java:293)
	at org.junit.internal.runners.statements.RunBefores.evaluate(RunBefores.java:26)
	at org.junit.internal.runners.statements.RunAfters.evaluate(RunAfters.java:27)
	at org.junit.runners.ParentRunner$3.evaluate(ParentRunner.java:306)
	at org.junit.runners.ParentRunner.run(ParentRunner.java:413)
	at org.apache.maven.surefire.junit4.JUnit4Provider.execute(JUnit4Provider.java:252)
	at org.apache.maven.surefire.junit4.JUnit4Provider.executeTestSet(JUnit4Provider.java:141)
	at org.apache.maven.surefire.junit4.JUnit4Provider.invoke(JUnit4Provider.java:112)
	at sun.reflect.NativeMethodAccessorImpl.invoke0(Native Method)
	at sun.reflect.NativeMethodAccessorImpl.invoke(NativeMethodAccessorImpl.java:62)
	at sun.reflect.DelegatingMethodAccessorImpl.invoke(DelegatingMethodAccessorImpl.java:43)
	at java.lang.reflect.Method.invoke(Method.java:498)
	at org.apache.maven.surefire.util.ReflectionUtils.invokeMethodWithArray(ReflectionUtils.java:189)
	at org.apache.maven.surefire.booter.ProviderFactory$ProviderProxy.invoke(ProviderFactory.java:165)
	at org.apache.maven.surefire.booter.ProviderFactory.invokeProvider(ProviderFactory.java:85)
	at org.apache.maven.surefire.booter.ForkedBooter.runSuitesInProcess(ForkedBooter.java:115)
	at org.apache.maven.surefire.booter.ForkedBooter.main(ForkedBooter.java:75)
Caused by: Exception [EclipseLink-4002] (Eclipse Persistence Services - 2.7.6.v20200131-b7c997804f): org.eclipse.persistence.exceptions.DatabaseException
Internal Exception: org.h2.jdbc.JdbcSQLIntegrityConstraintViolationException: La columna &quot;DIRECCION&quot; no permite valores nulos (NULL)
NULL not allowed for column &quot;DIRECCION&quot;; SQL statement:
INSERT INTO CLIENTE (ID, CIUDAD, CODIGOPOSTAL, DIRECCION, ESTADO, FECHAALTA, FECHABAJA, IDENTIFICACION, PAIS, TIPOCLIENTE, USER_USER, DTYPE) VALUES (?, ?, ?, ?, ?, ?, ?, ?, ?, ?, ?, ?) [23502-200]
Error Code: 23502
Call: INSERT INTO CLIENTE (ID, CIUDAD, CODIGOPOSTAL, DIRECCION, ESTADO, FECHAALTA, FECHABAJA, IDENTIFICACION, PAIS, TIPOCLIENTE, USER_USER, DTYPE) VALUES (?, ?, ?, ?, ?, ?, ?, ?, ?, ?, ?, ?)
	bind =&gt; [12 parameters bound]
Query: InsertObjectQuery(Cliente{
id=1
identificacion=Avenia Plutarco
tipoCliente=null
estado=Activo
fechaAlta=Thu Apr 28 17:23:39 CEST 2022
fechaBaja=null
direccion=null
ciudad=Malaga
codigopostal=29004
pais=Espana
cuentasFintech={[]}}Empresa{
razon_social=UMA})
	at org.eclipse.persistence.exceptions.DatabaseException.sqlException(DatabaseException.java:333)
	at org.eclipse.persistence.internal.databaseaccess.DatabaseAccessor.executeDirectNoSelect(DatabaseAccessor.java:908)
	at org.eclipse.persistence.internal.databaseaccess.DatabaseAccessor.executeNoSelect(DatabaseAccessor.java:970)
	at org.eclipse.persistence.internal.databaseaccess.DatabaseAccessor.basicExecuteCall(DatabaseAccessor.java:640)
	at org.eclipse.persistence.internal.databaseaccess.DatabaseAccessor.executeCall(DatabaseAccessor.java:567)
	at org.eclipse.persistence.internal.sessions.AbstractSession.basicExecuteCall(AbstractSession.java:2099)
	at org.eclipse.persistence.sessions.server.ClientSession.executeCall(ClientSession.java:313)
	at org.eclipse.persistence.internal.queries.DatasourceCallQueryMechanism.executeCall(DatasourceCallQueryMechanism.java:275)
	at org.eclipse.persistence.internal.queries.DatasourceCallQueryMechanism.insertObject(DatasourceCallQueryMechanism.java:397)
	at org.eclipse.persistence.internal.queries.StatementQueryMechanism.insertObject(StatementQueryMechanism.java:167)
	at org.eclipse.persistence.internal.queries.StatementQueryMechanism.insertObject(StatementQueryMechanism.java:182)
	at org.eclipse.persistence.internal.queries.DatabaseQueryMechanism.insertObjectForWrite(DatabaseQueryMechanism.java:504)
	at org.eclipse.persistence.queries.InsertObjectQuery.executeCommit(InsertObjectQuery.java:82)
	at org.eclipse.persistence.queries.InsertObjectQuery.executeCommitWithChangeSet(InsertObjectQuery.java:92)
	at org.eclipse.persistence.internal.queries.DatabaseQueryMechanism.executeWriteWithChangeSet(DatabaseQueryMechanism.java:316)
	at org.eclipse.persistence.queries.WriteObjectQuery.executeDatabaseQuery(WriteObjectQuery.java:60)
	at org.eclipse.persistence.queries.DatabaseQuery.execute(DatabaseQuery.java:911)
	at org.eclipse.persistence.queries.DatabaseQuery.executeInUnitOfWork(DatabaseQuery.java:810)
	at org.eclipse.persistence.queries.ObjectLevelModifyQuery.executeInUnitOfWorkObjectLevelModifyQuery(ObjectLevelModifyQuery.java:110)
	at org.eclipse.persistence.queries.ObjectLevelModifyQuery.executeInUnitOfWork(ObjectLevelModifyQuery.java:87)
	at org.eclipse.persistence.internal.sessions.UnitOfWorkImpl.internalExecuteQuery(UnitOfWorkImpl.java:2983)
	at org.eclipse.persistence.internal.sessions.AbstractSession.executeQuery(AbstractSession.java:1898)
	at org.eclipse.persistence.internal.sessions.AbstractSession.executeQuery(AbstractSession.java:1880)
	at org.eclipse.persistence.internal.sessions.AbstractSession.executeQuery(AbstractSession.java:1830)
	at org.eclipse.persistence.internal.sessions.CommitManager.commitNewObjectsForClassWithChangeSet(CommitManager.java:229)
	at org.eclipse.persistence.internal.sessions.CommitManager.commitAllObjectsForClassWithChangeSet(CommitManager.java:196)
	at org.eclipse.persistence.internal.sessions.CommitManager.commitAllObjectsWithChangeSet(CommitManager.java:141)
	at org.eclipse.persistence.internal.sessions.AbstractSession.writeAllObjectsWithChangeSet(AbstractSession.java:4398)
	at org.eclipse.persistence.internal.sessions.UnitOfWorkImpl.commitToDatabase(UnitOfWorkImpl.java:1495)
	at org.eclipse.persistence.internal.sessions.UnitOfWorkImpl.commitToDatabaseWithChangeSet(UnitOfWorkImpl.java:1585)
	at org.eclipse.persistence.internal.sessions.RepeatableWriteUnitOfWork.commitRootUnitOfWork(RepeatableWriteUnitOfWork.java:280)
	at org.eclipse.persistence.internal.sessions.UnitOfWorkImpl.commitAndResume(UnitOfWorkImpl.java:1222)
	at org.eclipse.persistence.internal.jpa.transaction.EntityTransactionImpl.commit(EntityTransactionImpl.java:136)
	... 46 more
Caused by: org.h2.jdbc.JdbcSQLIntegrityConstraintViolationException: La columna &quot;DIRECCION&quot; no permite valores nulos (NULL)
NULL not allowed for column &quot;DIRECCION&quot;; SQL statement:
INSERT INTO CLIENTE (ID, CIUDAD, CODIGOPOSTAL, DIRECCION, ESTADO, FECHAALTA, FECHABAJA, IDENTIFICACION, PAIS, TIPOCLIENTE, USER_USER, DTYPE) VALUES (?, ?, ?, ?, ?, ?, ?, ?, ?, ?, ?, ?) [23502-200]
	at org.h2.message.DbException.getJdbcSQLException(DbException.java:459)
	at org.h2.message.DbException.getJdbcSQLException(DbException.java:429)
	at org.h2.message.DbException.get(DbException.java:205)
	at org.h2.message.DbException.get(DbException.java:181)
	at org.h2.table.Column.validateConvertUpdateSequence(Column.java:374)
	at org.h2.table.Table.validateConvertUpdateSequence(Table.java:845)
	at org.h2.command.dml.Insert.insertRows(Insert.java:187)
	at org.h2.command.dml.Insert.update(Insert.java:151)
	at org.h2.command.CommandContainer.update(CommandContainer.java:198)
	at org.h2.command.Command.executeUpdate(Command.java:251)
	at org.h2.jdbc.JdbcPreparedStatement.executeUpdateInternal(JdbcPreparedStatement.java:191)
	at org.h2.jdbc.JdbcPreparedStatement.executeUpdate(JdbcPreparedStatement.java:152)
	at org.eclipse.persistence.internal.databaseaccess.DatabaseAccessor.executeDirectNoSelect(DatabaseAccessor.java:898)
	... 77 more
</error>
    <system-out>[EL Warning]: 2022-04-28 17:23:39.098--UnitOfWork(1263615136)--Exception [EclipseLink-4002] (Eclipse Persistence Services - 2.7.6.v20200131-b7c997804f): org.eclipse.persistence.exceptions.DatabaseException
Internal Exception: org.h2.jdbc.JdbcSQLIntegrityConstraintViolationException: La columna &quot;DIRECCION&quot; no permite valores nulos (NULL)
NULL not allowed for column &quot;DIRECCION&quot;; SQL statement:
INSERT INTO CLIENTE (ID, CIUDAD, CODIGOPOSTAL, DIRECCION, ESTADO, FECHAALTA, FECHABAJA, IDENTIFICACION, PAIS, TIPOCLIENTE, USER_USER, DTYPE) VALUES (?, ?, ?, ?, ?, ?, ?, ?, ?, ?, ?, ?) [23502-200]
Error Code: 23502
Call: INSERT INTO CLIENTE (ID, CIUDAD, CODIGOPOSTAL, DIRECCION, ESTADO, FECHAALTA, FECHABAJA, IDENTIFICACION, PAIS, TIPOCLIENTE, USER_USER, DTYPE) VALUES (?, ?, ?, ?, ?, ?, ?, ?, ?, ?, ?, ?)
	bind =&gt; [12 parameters bound]
Query: InsertObjectQuery(Cliente{
id=1
identificacion=Avenia Plutarco
tipoCliente=null
estado=Activo
fechaAlta=Thu Apr 28 17:23:39 CEST 2022
fechaBaja=null
direccion=null
ciudad=Malaga
codigopostal=29004
pais=Espana
cuentasFintech={[]}}Empresa{
razon_social=UMA})
</system-out>
  </testcase>
  <testcase classname="ma3s.fintech.test.Administrador" name="testModifyEstadoPAutorizadaEstadoNoValido" time="0.035">
    <error message="Exception [EclipseLink-4002] (Eclipse Persistence Services - 2.7.6.v20200131-b7c997804f): org.eclipse.persistence.exceptions.DatabaseException
Internal Exception: org.h2.jdbc.JdbcSQLIntegrityConstraintViolationException: La columna &quot;DIRECCION&quot; no permite valores nulos (NULL)
NULL not allowed for column &quot;DIRECCION&quot;; SQL statement:
INSERT INTO CLIENTE (ID, CIUDAD, CODIGOPOSTAL, DIRECCION, ESTADO, FECHAALTA, FECHABAJA, IDENTIFICACION, PAIS, TIPOCLIENTE, USER_USER, DTYPE) VALUES (?, ?, ?, ?, ?, ?, ?, ?, ?, ?, ?, ?) [23502-200]
Error Code: 23502
Call: INSERT INTO CLIENTE (ID, CIUDAD, CODIGOPOSTAL, DIRECCION, ESTADO, FECHAALTA, FECHABAJA, IDENTIFICACION, PAIS, TIPOCLIENTE, USER_USER, DTYPE) VALUES (?, ?, ?, ?, ?, ?, ?, ?, ?, ?, ?, ?)
	bind =&gt; [12 parameters bound]
Query: InsertObjectQuery(Cliente{
id=2
identificacion=avenida de Murcia
tipoCliente=null
estado=Activo
fechaAlta=Thu Apr 28 17:23:39 CEST 2022
fechaBaja=null
direccion=null
ciudad=Murcia
codigopostal=29845
pais=Espana
cuentasFintech={[]}}Empresa{
razon_social=UCAM})" type="javax.persistence.RollbackException">javax.persistence.RollbackException: Exception [EclipseLink-4002] (Eclipse Persistence Services - 2.7.6.v20200131-b7c997804f): org.eclipse.persistence.exceptions.DatabaseException
Internal Exception: org.h2.jdbc.JdbcSQLIntegrityConstraintViolationException: La columna &quot;DIRECCION&quot; no permite valores nulos (NULL)
NULL not allowed for column &quot;DIRECCION&quot;; SQL statement:
INSERT INTO CLIENTE (ID, CIUDAD, CODIGOPOSTAL, DIRECCION, ESTADO, FECHAALTA, FECHABAJA, IDENTIFICACION, PAIS, TIPOCLIENTE, USER_USER, DTYPE) VALUES (?, ?, ?, ?, ?, ?, ?, ?, ?, ?, ?, ?) [23502-200]
Error Code: 23502
Call: INSERT INTO CLIENTE (ID, CIUDAD, CODIGOPOSTAL, DIRECCION, ESTADO, FECHAALTA, FECHABAJA, IDENTIFICACION, PAIS, TIPOCLIENTE, USER_USER, DTYPE) VALUES (?, ?, ?, ?, ?, ?, ?, ?, ?, ?, ?, ?)
	bind =&gt; [12 parameters bound]
Query: InsertObjectQuery(Cliente{
id=2
identificacion=avenida de Murcia
tipoCliente=null
estado=Activo
fechaAlta=Thu Apr 28 17:23:39 CEST 2022
fechaBaja=null
direccion=null
ciudad=Murcia
codigopostal=29845
pais=Espana
cuentasFintech={[]}}Empresa{
razon_social=UCAM})
	at org.eclipse.persistence.internal.jpa.transaction.EntityTransactionImpl.commit(EntityTransactionImpl.java:161)
	at ma3s.fintech.test.BaseDatos.inicializaBaseDatos(BaseDatos.java:229)
	at ma3s.fintech.test.Administrador.setup(Administrador.java:39)
	at sun.reflect.NativeMethodAccessorImpl.invoke0(Native Method)
	at sun.reflect.NativeMethodAccessorImpl.invoke(NativeMethodAccessorImpl.java:62)
	at sun.reflect.DelegatingMethodAccessorImpl.invoke(DelegatingMethodAccessorImpl.java:43)
	at java.lang.reflect.Method.invoke(Method.java:498)
	at org.junit.runners.model.FrameworkMethod$1.runReflectiveCall(FrameworkMethod.java:59)
	at org.junit.internal.runners.model.ReflectiveCallable.run(ReflectiveCallable.java:12)
	at org.junit.runners.model.FrameworkMethod.invokeExplosively(FrameworkMethod.java:56)
	at org.junit.internal.runners.statements.RunBefores.invokeMethod(RunBefores.java:33)
	at org.junit.internal.runners.statements.RunBefores.evaluate(RunBefores.java:24)
	at org.junit.runners.ParentRunner$3.evaluate(ParentRunner.java:306)
	at org.junit.runners.BlockJUnit4ClassRunner$1.evaluate(BlockJUnit4ClassRunner.java:100)
	at org.junit.runners.ParentRunner.runLeaf(ParentRunner.java:366)
	at org.junit.runners.BlockJUnit4ClassRunner.runChild(BlockJUnit4ClassRunner.java:103)
	at org.junit.runners.BlockJUnit4ClassRunner.runChild(BlockJUnit4ClassRunner.java:63)
	at org.junit.runners.ParentRunner$4.run(ParentRunner.java:331)
	at org.junit.runners.ParentRunner$1.schedule(ParentRunner.java:79)
	at org.junit.runners.ParentRunner.runChildren(ParentRunner.java:329)
	at org.junit.runners.ParentRunner.access$100(ParentRunner.java:66)
	at org.junit.runners.ParentRunner$2.evaluate(ParentRunner.java:293)
	at org.junit.runners.ParentRunner$3.evaluate(ParentRunner.java:306)
	at org.junit.runners.ParentRunner.run(ParentRunner.java:413)
	at org.junit.runners.Suite.runChild(Suite.java:128)
	at org.junit.runners.Suite.runChild(Suite.java:27)
	at org.junit.runners.ParentRunner$4.run(ParentRunner.java:331)
	at org.junit.runners.ParentRunner$1.schedule(ParentRunner.java:79)
	at org.junit.runners.ParentRunner.runChildren(ParentRunner.java:329)
	at org.junit.runners.ParentRunner.access$100(ParentRunner.java:66)
	at org.junit.runners.ParentRunner$2.evaluate(ParentRunner.java:293)
	at org.junit.internal.runners.statements.RunBefores.evaluate(RunBefores.java:26)
	at org.junit.internal.runners.statements.RunAfters.evaluate(RunAfters.java:27)
	at org.junit.runners.ParentRunner$3.evaluate(ParentRunner.java:306)
	at org.junit.runners.ParentRunner.run(ParentRunner.java:413)
	at org.apache.maven.surefire.junit4.JUnit4Provider.execute(JUnit4Provider.java:252)
	at org.apache.maven.surefire.junit4.JUnit4Provider.executeTestSet(JUnit4Provider.java:141)
	at org.apache.maven.surefire.junit4.JUnit4Provider.invoke(JUnit4Provider.java:112)
	at sun.reflect.NativeMethodAccessorImpl.invoke0(Native Method)
	at sun.reflect.NativeMethodAccessorImpl.invoke(NativeMethodAccessorImpl.java:62)
	at sun.reflect.DelegatingMethodAccessorImpl.invoke(DelegatingMethodAccessorImpl.java:43)
	at java.lang.reflect.Method.invoke(Method.java:498)
	at org.apache.maven.surefire.util.ReflectionUtils.invokeMethodWithArray(ReflectionUtils.java:189)
	at org.apache.maven.surefire.booter.ProviderFactory$ProviderProxy.invoke(ProviderFactory.java:165)
	at org.apache.maven.surefire.booter.ProviderFactory.invokeProvider(ProviderFactory.java:85)
	at org.apache.maven.surefire.booter.ForkedBooter.runSuitesInProcess(ForkedBooter.java:115)
	at org.apache.maven.surefire.booter.ForkedBooter.main(ForkedBooter.java:75)
Caused by: Exception [EclipseLink-4002] (Eclipse Persistence Services - 2.7.6.v20200131-b7c997804f): org.eclipse.persistence.exceptions.DatabaseException
Internal Exception: org.h2.jdbc.JdbcSQLIntegrityConstraintViolationException: La columna &quot;DIRECCION&quot; no permite valores nulos (NULL)
NULL not allowed for column &quot;DIRECCION&quot;; SQL statement:
INSERT INTO CLIENTE (ID, CIUDAD, CODIGOPOSTAL, DIRECCION, ESTADO, FECHAALTA, FECHABAJA, IDENTIFICACION, PAIS, TIPOCLIENTE, USER_USER, DTYPE) VALUES (?, ?, ?, ?, ?, ?, ?, ?, ?, ?, ?, ?) [23502-200]
Error Code: 23502
Call: INSERT INTO CLIENTE (ID, CIUDAD, CODIGOPOSTAL, DIRECCION, ESTADO, FECHAALTA, FECHABAJA, IDENTIFICACION, PAIS, TIPOCLIENTE, USER_USER, DTYPE) VALUES (?, ?, ?, ?, ?, ?, ?, ?, ?, ?, ?, ?)
	bind =&gt; [12 parameters bound]
Query: InsertObjectQuery(Cliente{
id=2
identificacion=avenida de Murcia
tipoCliente=null
estado=Activo
fechaAlta=Thu Apr 28 17:23:39 CEST 2022
fechaBaja=null
direccion=null
ciudad=Murcia
codigopostal=29845
pais=Espana
cuentasFintech={[]}}Empresa{
razon_social=UCAM})
	at org.eclipse.persistence.exceptions.DatabaseException.sqlException(DatabaseException.java:333)
	at org.eclipse.persistence.internal.databaseaccess.DatabaseAccessor.executeDirectNoSelect(DatabaseAccessor.java:908)
	at org.eclipse.persistence.internal.databaseaccess.DatabaseAccessor.executeNoSelect(DatabaseAccessor.java:970)
	at org.eclipse.persistence.internal.databaseaccess.DatabaseAccessor.basicExecuteCall(DatabaseAccessor.java:640)
	at org.eclipse.persistence.internal.databaseaccess.DatabaseAccessor.executeCall(DatabaseAccessor.java:567)
	at org.eclipse.persistence.internal.sessions.AbstractSession.basicExecuteCall(AbstractSession.java:2099)
	at org.eclipse.persistence.sessions.server.ClientSession.executeCall(ClientSession.java:313)
	at org.eclipse.persistence.internal.queries.DatasourceCallQueryMechanism.executeCall(DatasourceCallQueryMechanism.java:275)
	at org.eclipse.persistence.internal.queries.DatasourceCallQueryMechanism.insertObject(DatasourceCallQueryMechanism.java:397)
	at org.eclipse.persistence.internal.queries.StatementQueryMechanism.insertObject(StatementQueryMechanism.java:167)
	at org.eclipse.persistence.internal.queries.StatementQueryMechanism.insertObject(StatementQueryMechanism.java:182)
	at org.eclipse.persistence.internal.queries.DatabaseQueryMechanism.insertObjectForWrite(DatabaseQueryMechanism.java:504)
	at org.eclipse.persistence.queries.InsertObjectQuery.executeCommit(InsertObjectQuery.java:82)
	at org.eclipse.persistence.queries.InsertObjectQuery.executeCommitWithChangeSet(InsertObjectQuery.java:92)
	at org.eclipse.persistence.internal.queries.DatabaseQueryMechanism.executeWriteWithChangeSet(DatabaseQueryMechanism.java:316)
	at org.eclipse.persistence.queries.WriteObjectQuery.executeDatabaseQuery(WriteObjectQuery.java:60)
	at org.eclipse.persistence.queries.DatabaseQuery.execute(DatabaseQuery.java:911)
	at org.eclipse.persistence.queries.DatabaseQuery.executeInUnitOfWork(DatabaseQuery.java:810)
	at org.eclipse.persistence.queries.ObjectLevelModifyQuery.executeInUnitOfWorkObjectLevelModifyQuery(ObjectLevelModifyQuery.java:110)
	at org.eclipse.persistence.queries.ObjectLevelModifyQuery.executeInUnitOfWork(ObjectLevelModifyQuery.java:87)
	at org.eclipse.persistence.internal.sessions.UnitOfWorkImpl.internalExecuteQuery(UnitOfWorkImpl.java:2983)
	at org.eclipse.persistence.internal.sessions.AbstractSession.executeQuery(AbstractSession.java:1898)
	at org.eclipse.persistence.internal.sessions.AbstractSession.executeQuery(AbstractSession.java:1880)
	at org.eclipse.persistence.internal.sessions.AbstractSession.executeQuery(AbstractSession.java:1830)
	at org.eclipse.persistence.internal.sessions.CommitManager.commitNewObjectsForClassWithChangeSet(CommitManager.java:229)
	at org.eclipse.persistence.internal.sessions.CommitManager.commitAllObjectsForClassWithChangeSet(CommitManager.java:196)
	at org.eclipse.persistence.internal.sessions.CommitManager.commitAllObjectsWithChangeSet(CommitManager.java:141)
	at org.eclipse.persistence.internal.sessions.AbstractSession.writeAllObjectsWithChangeSet(AbstractSession.java:4398)
	at org.eclipse.persistence.internal.sessions.UnitOfWorkImpl.commitToDatabase(UnitOfWorkImpl.java:1495)
	at org.eclipse.persistence.internal.sessions.UnitOfWorkImpl.commitToDatabaseWithChangeSet(UnitOfWorkImpl.java:1585)
	at org.eclipse.persistence.internal.sessions.RepeatableWriteUnitOfWork.commitRootUnitOfWork(RepeatableWriteUnitOfWork.java:280)
	at org.eclipse.persistence.internal.sessions.UnitOfWorkImpl.commitAndResume(UnitOfWorkImpl.java:1222)
	at org.eclipse.persistence.internal.jpa.transaction.EntityTransactionImpl.commit(EntityTransactionImpl.java:136)
	... 46 more
Caused by: org.h2.jdbc.JdbcSQLIntegrityConstraintViolationException: La columna &quot;DIRECCION&quot; no permite valores nulos (NULL)
NULL not allowed for column &quot;DIRECCION&quot;; SQL statement:
INSERT INTO CLIENTE (ID, CIUDAD, CODIGOPOSTAL, DIRECCION, ESTADO, FECHAALTA, FECHABAJA, IDENTIFICACION, PAIS, TIPOCLIENTE, USER_USER, DTYPE) VALUES (?, ?, ?, ?, ?, ?, ?, ?, ?, ?, ?, ?) [23502-200]
	at org.h2.message.DbException.getJdbcSQLException(DbException.java:459)
	at org.h2.message.DbException.getJdbcSQLException(DbException.java:429)
	at org.h2.message.DbException.get(DbException.java:205)
	at org.h2.message.DbException.get(DbException.java:181)
	at org.h2.table.Column.validateConvertUpdateSequence(Column.java:374)
	at org.h2.table.Table.validateConvertUpdateSequence(Table.java:845)
	at org.h2.command.dml.Insert.insertRows(Insert.java:187)
	at org.h2.command.dml.Insert.update(Insert.java:151)
	at org.h2.command.CommandContainer.update(CommandContainer.java:198)
	at org.h2.command.Command.executeUpdate(Command.java:251)
	at org.h2.jdbc.JdbcPreparedStatement.executeUpdateInternal(JdbcPreparedStatement.java:191)
	at org.h2.jdbc.JdbcPreparedStatement.executeUpdate(JdbcPreparedStatement.java:152)
	at org.eclipse.persistence.internal.databaseaccess.DatabaseAccessor.executeDirectNoSelect(DatabaseAccessor.java:898)
	... 77 more
</error>
    <system-out>[EL Warning]: 2022-04-28 17:23:39.131--UnitOfWork(1182220214)--Exception [EclipseLink-4002] (Eclipse Persistence Services - 2.7.6.v20200131-b7c997804f): org.eclipse.persistence.exceptions.DatabaseException
Internal Exception: org.h2.jdbc.JdbcSQLIntegrityConstraintViolationException: La columna &quot;DIRECCION&quot; no permite valores nulos (NULL)
NULL not allowed for column &quot;DIRECCION&quot;; SQL statement:
INSERT INTO CLIENTE (ID, CIUDAD, CODIGOPOSTAL, DIRECCION, ESTADO, FECHAALTA, FECHABAJA, IDENTIFICACION, PAIS, TIPOCLIENTE, USER_USER, DTYPE) VALUES (?, ?, ?, ?, ?, ?, ?, ?, ?, ?, ?, ?) [23502-200]
Error Code: 23502
Call: INSERT INTO CLIENTE (ID, CIUDAD, CODIGOPOSTAL, DIRECCION, ESTADO, FECHAALTA, FECHABAJA, IDENTIFICACION, PAIS, TIPOCLIENTE, USER_USER, DTYPE) VALUES (?, ?, ?, ?, ?, ?, ?, ?, ?, ?, ?, ?)
	bind =&gt; [12 parameters bound]
Query: InsertObjectQuery(Cliente{
id=2
identificacion=avenida de Murcia
tipoCliente=null
estado=Activo
fechaAlta=Thu Apr 28 17:23:39 CEST 2022
fechaBaja=null
direccion=null
ciudad=Murcia
codigopostal=29845
pais=Espana
cuentasFintech={[]}}Empresa{
razon_social=UCAM})
</system-out>
  </testcase>
  <testcase classname="ma3s.fintech.test.Administrador" name="testModifyEstadoPAutorizadaCampoVacio" time="0.048">
    <error message="Exception [EclipseLink-4002] (Eclipse Persistence Services - 2.7.6.v20200131-b7c997804f): org.eclipse.persistence.exceptions.DatabaseException
Internal Exception: org.h2.jdbc.JdbcSQLIntegrityConstraintViolationException: La columna &quot;DIRECCION&quot; no permite valores nulos (NULL)
NULL not allowed for column &quot;DIRECCION&quot;; SQL statement:
INSERT INTO CLIENTE (ID, CIUDAD, CODIGOPOSTAL, DIRECCION, ESTADO, FECHAALTA, FECHABAJA, IDENTIFICACION, PAIS, TIPOCLIENTE, USER_USER, DTYPE) VALUES (?, ?, ?, ?, ?, ?, ?, ?, ?, ?, ?, ?) [23502-200]
Error Code: 23502
Call: INSERT INTO CLIENTE (ID, CIUDAD, CODIGOPOSTAL, DIRECCION, ESTADO, FECHAALTA, FECHABAJA, IDENTIFICACION, PAIS, TIPOCLIENTE, USER_USER, DTYPE) VALUES (?, ?, ?, ?, ?, ?, ?, ?, ?, ?, ?, ?)
	bind =&gt; [12 parameters bound]
Query: InsertObjectQuery(Cliente{
id=1
identificacion=Avenia Plutarco
tipoCliente=null
estado=Activo
fechaAlta=Thu Apr 28 17:23:39 CEST 2022
fechaBaja=null
direccion=null
ciudad=Malaga
codigopostal=29004
pais=Espana
cuentasFintech={[]}}Empresa{
razon_social=UMA})" type="javax.persistence.RollbackException">javax.persistence.RollbackException: Exception [EclipseLink-4002] (Eclipse Persistence Services - 2.7.6.v20200131-b7c997804f): org.eclipse.persistence.exceptions.DatabaseException
Internal Exception: org.h2.jdbc.JdbcSQLIntegrityConstraintViolationException: La columna &quot;DIRECCION&quot; no permite valores nulos (NULL)
NULL not allowed for column &quot;DIRECCION&quot;; SQL statement:
INSERT INTO CLIENTE (ID, CIUDAD, CODIGOPOSTAL, DIRECCION, ESTADO, FECHAALTA, FECHABAJA, IDENTIFICACION, PAIS, TIPOCLIENTE, USER_USER, DTYPE) VALUES (?, ?, ?, ?, ?, ?, ?, ?, ?, ?, ?, ?) [23502-200]
Error Code: 23502
Call: INSERT INTO CLIENTE (ID, CIUDAD, CODIGOPOSTAL, DIRECCION, ESTADO, FECHAALTA, FECHABAJA, IDENTIFICACION, PAIS, TIPOCLIENTE, USER_USER, DTYPE) VALUES (?, ?, ?, ?, ?, ?, ?, ?, ?, ?, ?, ?)
	bind =&gt; [12 parameters bound]
Query: InsertObjectQuery(Cliente{
id=1
identificacion=Avenia Plutarco
tipoCliente=null
estado=Activo
fechaAlta=Thu Apr 28 17:23:39 CEST 2022
fechaBaja=null
direccion=null
ciudad=Malaga
codigopostal=29004
pais=Espana
cuentasFintech={[]}}Empresa{
razon_social=UMA})
	at org.eclipse.persistence.internal.jpa.transaction.EntityTransactionImpl.commit(EntityTransactionImpl.java:161)
	at ma3s.fintech.test.BaseDatos.inicializaBaseDatos(BaseDatos.java:229)
	at ma3s.fintech.test.Administrador.setup(Administrador.java:39)
	at sun.reflect.NativeMethodAccessorImpl.invoke0(Native Method)
	at sun.reflect.NativeMethodAccessorImpl.invoke(NativeMethodAccessorImpl.java:62)
	at sun.reflect.DelegatingMethodAccessorImpl.invoke(DelegatingMethodAccessorImpl.java:43)
	at java.lang.reflect.Method.invoke(Method.java:498)
	at org.junit.runners.model.FrameworkMethod$1.runReflectiveCall(FrameworkMethod.java:59)
	at org.junit.internal.runners.model.ReflectiveCallable.run(ReflectiveCallable.java:12)
	at org.junit.runners.model.FrameworkMethod.invokeExplosively(FrameworkMethod.java:56)
	at org.junit.internal.runners.statements.RunBefores.invokeMethod(RunBefores.java:33)
	at org.junit.internal.runners.statements.RunBefores.evaluate(RunBefores.java:24)
	at org.junit.runners.ParentRunner$3.evaluate(ParentRunner.java:306)
	at org.junit.runners.BlockJUnit4ClassRunner$1.evaluate(BlockJUnit4ClassRunner.java:100)
	at org.junit.runners.ParentRunner.runLeaf(ParentRunner.java:366)
	at org.junit.runners.BlockJUnit4ClassRunner.runChild(BlockJUnit4ClassRunner.java:103)
	at org.junit.runners.BlockJUnit4ClassRunner.runChild(BlockJUnit4ClassRunner.java:63)
	at org.junit.runners.ParentRunner$4.run(ParentRunner.java:331)
	at org.junit.runners.ParentRunner$1.schedule(ParentRunner.java:79)
	at org.junit.runners.ParentRunner.runChildren(ParentRunner.java:329)
	at org.junit.runners.ParentRunner.access$100(ParentRunner.java:66)
	at org.junit.runners.ParentRunner$2.evaluate(ParentRunner.java:293)
	at org.junit.runners.ParentRunner$3.evaluate(ParentRunner.java:306)
	at org.junit.runners.ParentRunner.run(ParentRunner.java:413)
	at org.junit.runners.Suite.runChild(Suite.java:128)
	at org.junit.runners.Suite.runChild(Suite.java:27)
	at org.junit.runners.ParentRunner$4.run(ParentRunner.java:331)
	at org.junit.runners.ParentRunner$1.schedule(ParentRunner.java:79)
	at org.junit.runners.ParentRunner.runChildren(ParentRunner.java:329)
	at org.junit.runners.ParentRunner.access$100(ParentRunner.java:66)
	at org.junit.runners.ParentRunner$2.evaluate(ParentRunner.java:293)
	at org.junit.internal.runners.statements.RunBefores.evaluate(RunBefores.java:26)
	at org.junit.internal.runners.statements.RunAfters.evaluate(RunAfters.java:27)
	at org.junit.runners.ParentRunner$3.evaluate(ParentRunner.java:306)
	at org.junit.runners.ParentRunner.run(ParentRunner.java:413)
	at org.apache.maven.surefire.junit4.JUnit4Provider.execute(JUnit4Provider.java:252)
	at org.apache.maven.surefire.junit4.JUnit4Provider.executeTestSet(JUnit4Provider.java:141)
	at org.apache.maven.surefire.junit4.JUnit4Provider.invoke(JUnit4Provider.java:112)
	at sun.reflect.NativeMethodAccessorImpl.invoke0(Native Method)
	at sun.reflect.NativeMethodAccessorImpl.invoke(NativeMethodAccessorImpl.java:62)
	at sun.reflect.DelegatingMethodAccessorImpl.invoke(DelegatingMethodAccessorImpl.java:43)
	at java.lang.reflect.Method.invoke(Method.java:498)
	at org.apache.maven.surefire.util.ReflectionUtils.invokeMethodWithArray(ReflectionUtils.java:189)
	at org.apache.maven.surefire.booter.ProviderFactory$ProviderProxy.invoke(ProviderFactory.java:165)
	at org.apache.maven.surefire.booter.ProviderFactory.invokeProvider(ProviderFactory.java:85)
	at org.apache.maven.surefire.booter.ForkedBooter.runSuitesInProcess(ForkedBooter.java:115)
	at org.apache.maven.surefire.booter.ForkedBooter.main(ForkedBooter.java:75)
Caused by: Exception [EclipseLink-4002] (Eclipse Persistence Services - 2.7.6.v20200131-b7c997804f): org.eclipse.persistence.exceptions.DatabaseException
Internal Exception: org.h2.jdbc.JdbcSQLIntegrityConstraintViolationException: La columna &quot;DIRECCION&quot; no permite valores nulos (NULL)
NULL not allowed for column &quot;DIRECCION&quot;; SQL statement:
INSERT INTO CLIENTE (ID, CIUDAD, CODIGOPOSTAL, DIRECCION, ESTADO, FECHAALTA, FECHABAJA, IDENTIFICACION, PAIS, TIPOCLIENTE, USER_USER, DTYPE) VALUES (?, ?, ?, ?, ?, ?, ?, ?, ?, ?, ?, ?) [23502-200]
Error Code: 23502
Call: INSERT INTO CLIENTE (ID, CIUDAD, CODIGOPOSTAL, DIRECCION, ESTADO, FECHAALTA, FECHABAJA, IDENTIFICACION, PAIS, TIPOCLIENTE, USER_USER, DTYPE) VALUES (?, ?, ?, ?, ?, ?, ?, ?, ?, ?, ?, ?)
	bind =&gt; [12 parameters bound]
Query: InsertObjectQuery(Cliente{
id=1
identificacion=Avenia Plutarco
tipoCliente=null
estado=Activo
fechaAlta=Thu Apr 28 17:23:39 CEST 2022
fechaBaja=null
direccion=null
ciudad=Malaga
codigopostal=29004
pais=Espana
cuentasFintech={[]}}Empresa{
razon_social=UMA})
	at org.eclipse.persistence.exceptions.DatabaseException.sqlException(DatabaseException.java:333)
	at org.eclipse.persistence.internal.databaseaccess.DatabaseAccessor.executeDirectNoSelect(DatabaseAccessor.java:908)
	at org.eclipse.persistence.internal.databaseaccess.DatabaseAccessor.executeNoSelect(DatabaseAccessor.java:970)
	at org.eclipse.persistence.internal.databaseaccess.DatabaseAccessor.basicExecuteCall(DatabaseAccessor.java:640)
	at org.eclipse.persistence.internal.databaseaccess.DatabaseAccessor.executeCall(DatabaseAccessor.java:567)
	at org.eclipse.persistence.internal.sessions.AbstractSession.basicExecuteCall(AbstractSession.java:2099)
	at org.eclipse.persistence.sessions.server.ClientSession.executeCall(ClientSession.java:313)
	at org.eclipse.persistence.internal.queries.DatasourceCallQueryMechanism.executeCall(DatasourceCallQueryMechanism.java:275)
	at org.eclipse.persistence.internal.queries.DatasourceCallQueryMechanism.insertObject(DatasourceCallQueryMechanism.java:397)
	at org.eclipse.persistence.internal.queries.StatementQueryMechanism.insertObject(StatementQueryMechanism.java:167)
	at org.eclipse.persistence.internal.queries.StatementQueryMechanism.insertObject(StatementQueryMechanism.java:182)
	at org.eclipse.persistence.internal.queries.DatabaseQueryMechanism.insertObjectForWrite(DatabaseQueryMechanism.java:504)
	at org.eclipse.persistence.queries.InsertObjectQuery.executeCommit(InsertObjectQuery.java:82)
	at org.eclipse.persistence.queries.InsertObjectQuery.executeCommitWithChangeSet(InsertObjectQuery.java:92)
	at org.eclipse.persistence.internal.queries.DatabaseQueryMechanism.executeWriteWithChangeSet(DatabaseQueryMechanism.java:316)
	at org.eclipse.persistence.queries.WriteObjectQuery.executeDatabaseQuery(WriteObjectQuery.java:60)
	at org.eclipse.persistence.queries.DatabaseQuery.execute(DatabaseQuery.java:911)
	at org.eclipse.persistence.queries.DatabaseQuery.executeInUnitOfWork(DatabaseQuery.java:810)
	at org.eclipse.persistence.queries.ObjectLevelModifyQuery.executeInUnitOfWorkObjectLevelModifyQuery(ObjectLevelModifyQuery.java:110)
	at org.eclipse.persistence.queries.ObjectLevelModifyQuery.executeInUnitOfWork(ObjectLevelModifyQuery.java:87)
	at org.eclipse.persistence.internal.sessions.UnitOfWorkImpl.internalExecuteQuery(UnitOfWorkImpl.java:2983)
	at org.eclipse.persistence.internal.sessions.AbstractSession.executeQuery(AbstractSession.java:1898)
	at org.eclipse.persistence.internal.sessions.AbstractSession.executeQuery(AbstractSession.java:1880)
	at org.eclipse.persistence.internal.sessions.AbstractSession.executeQuery(AbstractSession.java:1830)
	at org.eclipse.persistence.internal.sessions.CommitManager.commitNewObjectsForClassWithChangeSet(CommitManager.java:229)
	at org.eclipse.persistence.internal.sessions.CommitManager.commitAllObjectsForClassWithChangeSet(CommitManager.java:196)
	at org.eclipse.persistence.internal.sessions.CommitManager.commitAllObjectsWithChangeSet(CommitManager.java:141)
	at org.eclipse.persistence.internal.sessions.AbstractSession.writeAllObjectsWithChangeSet(AbstractSession.java:4398)
	at org.eclipse.persistence.internal.sessions.UnitOfWorkImpl.commitToDatabase(UnitOfWorkImpl.java:1495)
	at org.eclipse.persistence.internal.sessions.UnitOfWorkImpl.commitToDatabaseWithChangeSet(UnitOfWorkImpl.java:1585)
	at org.eclipse.persistence.internal.sessions.RepeatableWriteUnitOfWork.commitRootUnitOfWork(RepeatableWriteUnitOfWork.java:280)
	at org.eclipse.persistence.internal.sessions.UnitOfWorkImpl.commitAndResume(UnitOfWorkImpl.java:1222)
	at org.eclipse.persistence.internal.jpa.transaction.EntityTransactionImpl.commit(EntityTransactionImpl.java:136)
	... 46 more
Caused by: org.h2.jdbc.JdbcSQLIntegrityConstraintViolationException: La columna &quot;DIRECCION&quot; no permite valores nulos (NULL)
NULL not allowed for column &quot;DIRECCION&quot;; SQL statement:
INSERT INTO CLIENTE (ID, CIUDAD, CODIGOPOSTAL, DIRECCION, ESTADO, FECHAALTA, FECHABAJA, IDENTIFICACION, PAIS, TIPOCLIENTE, USER_USER, DTYPE) VALUES (?, ?, ?, ?, ?, ?, ?, ?, ?, ?, ?, ?) [23502-200]
	at org.h2.message.DbException.getJdbcSQLException(DbException.java:459)
	at org.h2.message.DbException.getJdbcSQLException(DbException.java:429)
	at org.h2.message.DbException.get(DbException.java:205)
	at org.h2.message.DbException.get(DbException.java:181)
	at org.h2.table.Column.validateConvertUpdateSequence(Column.java:374)
	at org.h2.table.Table.validateConvertUpdateSequence(Table.java:845)
	at org.h2.command.dml.Insert.insertRows(Insert.java:187)
	at org.h2.command.dml.Insert.update(Insert.java:151)
	at org.h2.command.CommandContainer.update(CommandContainer.java:198)
	at org.h2.command.Command.executeUpdate(Command.java:251)
	at org.h2.jdbc.JdbcPreparedStatement.executeUpdateInternal(JdbcPreparedStatement.java:191)
	at org.h2.jdbc.JdbcPreparedStatement.executeUpdate(JdbcPreparedStatement.java:152)
	at org.eclipse.persistence.internal.databaseaccess.DatabaseAccessor.executeDirectNoSelect(DatabaseAccessor.java:898)
	... 77 more
</error>
    <system-out>[EL Warning]: 2022-04-28 17:23:39.18--UnitOfWork(722114505)--Exception [EclipseLink-4002] (Eclipse Persistence Services - 2.7.6.v20200131-b7c997804f): org.eclipse.persistence.exceptions.DatabaseException
Internal Exception: org.h2.jdbc.JdbcSQLIntegrityConstraintViolationException: La columna &quot;DIRECCION&quot; no permite valores nulos (NULL)
NULL not allowed for column &quot;DIRECCION&quot;; SQL statement:
INSERT INTO CLIENTE (ID, CIUDAD, CODIGOPOSTAL, DIRECCION, ESTADO, FECHAALTA, FECHABAJA, IDENTIFICACION, PAIS, TIPOCLIENTE, USER_USER, DTYPE) VALUES (?, ?, ?, ?, ?, ?, ?, ?, ?, ?, ?, ?) [23502-200]
Error Code: 23502
Call: INSERT INTO CLIENTE (ID, CIUDAD, CODIGOPOSTAL, DIRECCION, ESTADO, FECHAALTA, FECHABAJA, IDENTIFICACION, PAIS, TIPOCLIENTE, USER_USER, DTYPE) VALUES (?, ?, ?, ?, ?, ?, ?, ?, ?, ?, ?, ?)
	bind =&gt; [12 parameters bound]
Query: InsertObjectQuery(Cliente{
id=1
identificacion=Avenia Plutarco
tipoCliente=null
estado=Activo
fechaAlta=Thu Apr 28 17:23:39 CEST 2022
fechaBaja=null
direccion=null
ciudad=Malaga
codigopostal=29004
pais=Espana
cuentasFintech={[]}}Empresa{
razon_social=UMA})
</system-out>
  </testcase>
  <testcase classname="ma3s.fintech.test.Administrador" name="testAnaPersonaNoExistente" time="0.033">
    <error message="Exception [EclipseLink-4002] (Eclipse Persistence Services - 2.7.6.v20200131-b7c997804f): org.eclipse.persistence.exceptions.DatabaseException
Internal Exception: org.h2.jdbc.JdbcSQLIntegrityConstraintViolationException: La columna &quot;DIRECCION&quot; no permite valores nulos (NULL)
NULL not allowed for column &quot;DIRECCION&quot;; SQL statement:
INSERT INTO CLIENTE (ID, CIUDAD, CODIGOPOSTAL, DIRECCION, ESTADO, FECHAALTA, FECHABAJA, IDENTIFICACION, PAIS, TIPOCLIENTE, USER_USER, DTYPE) VALUES (?, ?, ?, ?, ?, ?, ?, ?, ?, ?, ?, ?) [23502-200]
Error Code: 23502
Call: INSERT INTO CLIENTE (ID, CIUDAD, CODIGOPOSTAL, DIRECCION, ESTADO, FECHAALTA, FECHABAJA, IDENTIFICACION, PAIS, TIPOCLIENTE, USER_USER, DTYPE) VALUES (?, ?, ?, ?, ?, ?, ?, ?, ?, ?, ?, ?)
	bind =&gt; [12 parameters bound]
Query: InsertObjectQuery(Cliente{
id=1
identificacion=Avenia Plutarco
tipoCliente=null
estado=Activo
fechaAlta=Thu Apr 28 17:23:39 CEST 2022
fechaBaja=null
direccion=null
ciudad=Malaga
codigopostal=29004
pais=Espana
cuentasFintech={[]}}Empresa{
razon_social=UMA})" type="javax.persistence.RollbackException">javax.persistence.RollbackException: Exception [EclipseLink-4002] (Eclipse Persistence Services - 2.7.6.v20200131-b7c997804f): org.eclipse.persistence.exceptions.DatabaseException
Internal Exception: org.h2.jdbc.JdbcSQLIntegrityConstraintViolationException: La columna &quot;DIRECCION&quot; no permite valores nulos (NULL)
NULL not allowed for column &quot;DIRECCION&quot;; SQL statement:
INSERT INTO CLIENTE (ID, CIUDAD, CODIGOPOSTAL, DIRECCION, ESTADO, FECHAALTA, FECHABAJA, IDENTIFICACION, PAIS, TIPOCLIENTE, USER_USER, DTYPE) VALUES (?, ?, ?, ?, ?, ?, ?, ?, ?, ?, ?, ?) [23502-200]
Error Code: 23502
Call: INSERT INTO CLIENTE (ID, CIUDAD, CODIGOPOSTAL, DIRECCION, ESTADO, FECHAALTA, FECHABAJA, IDENTIFICACION, PAIS, TIPOCLIENTE, USER_USER, DTYPE) VALUES (?, ?, ?, ?, ?, ?, ?, ?, ?, ?, ?, ?)
	bind =&gt; [12 parameters bound]
Query: InsertObjectQuery(Cliente{
id=1
identificacion=Avenia Plutarco
tipoCliente=null
estado=Activo
fechaAlta=Thu Apr 28 17:23:39 CEST 2022
fechaBaja=null
direccion=null
ciudad=Malaga
codigopostal=29004
pais=Espana
cuentasFintech={[]}}Empresa{
razon_social=UMA})
	at org.eclipse.persistence.internal.jpa.transaction.EntityTransactionImpl.commit(EntityTransactionImpl.java:161)
	at ma3s.fintech.test.BaseDatos.inicializaBaseDatos(BaseDatos.java:229)
	at ma3s.fintech.test.Administrador.setup(Administrador.java:39)
	at sun.reflect.GeneratedMethodAccessor25.invoke(Unknown Source)
	at sun.reflect.DelegatingMethodAccessorImpl.invoke(DelegatingMethodAccessorImpl.java:43)
	at java.lang.reflect.Method.invoke(Method.java:498)
	at org.junit.runners.model.FrameworkMethod$1.runReflectiveCall(FrameworkMethod.java:59)
	at org.junit.internal.runners.model.ReflectiveCallable.run(ReflectiveCallable.java:12)
	at org.junit.runners.model.FrameworkMethod.invokeExplosively(FrameworkMethod.java:56)
	at org.junit.internal.runners.statements.RunBefores.invokeMethod(RunBefores.java:33)
	at org.junit.internal.runners.statements.RunBefores.evaluate(RunBefores.java:24)
	at org.junit.runners.ParentRunner$3.evaluate(ParentRunner.java:306)
	at org.junit.runners.BlockJUnit4ClassRunner$1.evaluate(BlockJUnit4ClassRunner.java:100)
	at org.junit.runners.ParentRunner.runLeaf(ParentRunner.java:366)
	at org.junit.runners.BlockJUnit4ClassRunner.runChild(BlockJUnit4ClassRunner.java:103)
	at org.junit.runners.BlockJUnit4ClassRunner.runChild(BlockJUnit4ClassRunner.java:63)
	at org.junit.runners.ParentRunner$4.run(ParentRunner.java:331)
	at org.junit.runners.ParentRunner$1.schedule(ParentRunner.java:79)
	at org.junit.runners.ParentRunner.runChildren(ParentRunner.java:329)
	at org.junit.runners.ParentRunner.access$100(ParentRunner.java:66)
	at org.junit.runners.ParentRunner$2.evaluate(ParentRunner.java:293)
	at org.junit.runners.ParentRunner$3.evaluate(ParentRunner.java:306)
	at org.junit.runners.ParentRunner.run(ParentRunner.java:413)
	at org.junit.runners.Suite.runChild(Suite.java:128)
	at org.junit.runners.Suite.runChild(Suite.java:27)
	at org.junit.runners.ParentRunner$4.run(ParentRunner.java:331)
	at org.junit.runners.ParentRunner$1.schedule(ParentRunner.java:79)
	at org.junit.runners.ParentRunner.runChildren(ParentRunner.java:329)
	at org.junit.runners.ParentRunner.access$100(ParentRunner.java:66)
	at org.junit.runners.ParentRunner$2.evaluate(ParentRunner.java:293)
	at org.junit.internal.runners.statements.RunBefores.evaluate(RunBefores.java:26)
	at org.junit.internal.runners.statements.RunAfters.evaluate(RunAfters.java:27)
	at org.junit.runners.ParentRunner$3.evaluate(ParentRunner.java:306)
	at org.junit.runners.ParentRunner.run(ParentRunner.java:413)
	at org.apache.maven.surefire.junit4.JUnit4Provider.execute(JUnit4Provider.java:252)
	at org.apache.maven.surefire.junit4.JUnit4Provider.executeTestSet(JUnit4Provider.java:141)
	at org.apache.maven.surefire.junit4.JUnit4Provider.invoke(JUnit4Provider.java:112)
	at sun.reflect.NativeMethodAccessorImpl.invoke0(Native Method)
	at sun.reflect.NativeMethodAccessorImpl.invoke(NativeMethodAccessorImpl.java:62)
	at sun.reflect.DelegatingMethodAccessorImpl.invoke(DelegatingMethodAccessorImpl.java:43)
	at java.lang.reflect.Method.invoke(Method.java:498)
	at org.apache.maven.surefire.util.ReflectionUtils.invokeMethodWithArray(ReflectionUtils.java:189)
	at org.apache.maven.surefire.booter.ProviderFactory$ProviderProxy.invoke(ProviderFactory.java:165)
	at org.apache.maven.surefire.booter.ProviderFactory.invokeProvider(ProviderFactory.java:85)
	at org.apache.maven.surefire.booter.ForkedBooter.runSuitesInProcess(ForkedBooter.java:115)
	at org.apache.maven.surefire.booter.ForkedBooter.main(ForkedBooter.java:75)
Caused by: Exception [EclipseLink-4002] (Eclipse Persistence Services - 2.7.6.v20200131-b7c997804f): org.eclipse.persistence.exceptions.DatabaseException
Internal Exception: org.h2.jdbc.JdbcSQLIntegrityConstraintViolationException: La columna &quot;DIRECCION&quot; no permite valores nulos (NULL)
NULL not allowed for column &quot;DIRECCION&quot;; SQL statement:
INSERT INTO CLIENTE (ID, CIUDAD, CODIGOPOSTAL, DIRECCION, ESTADO, FECHAALTA, FECHABAJA, IDENTIFICACION, PAIS, TIPOCLIENTE, USER_USER, DTYPE) VALUES (?, ?, ?, ?, ?, ?, ?, ?, ?, ?, ?, ?) [23502-200]
Error Code: 23502
Call: INSERT INTO CLIENTE (ID, CIUDAD, CODIGOPOSTAL, DIRECCION, ESTADO, FECHAALTA, FECHABAJA, IDENTIFICACION, PAIS, TIPOCLIENTE, USER_USER, DTYPE) VALUES (?, ?, ?, ?, ?, ?, ?, ?, ?, ?, ?, ?)
	bind =&gt; [12 parameters bound]
Query: InsertObjectQuery(Cliente{
id=1
identificacion=Avenia Plutarco
tipoCliente=null
estado=Activo
fechaAlta=Thu Apr 28 17:23:39 CEST 2022
fechaBaja=null
direccion=null
ciudad=Malaga
codigopostal=29004
pais=Espana
cuentasFintech={[]}}Empresa{
razon_social=UMA})
	at org.eclipse.persistence.exceptions.DatabaseException.sqlException(DatabaseException.java:333)
	at org.eclipse.persistence.internal.databaseaccess.DatabaseAccessor.executeDirectNoSelect(DatabaseAccessor.java:908)
	at org.eclipse.persistence.internal.databaseaccess.DatabaseAccessor.executeNoSelect(DatabaseAccessor.java:970)
	at org.eclipse.persistence.internal.databaseaccess.DatabaseAccessor.basicExecuteCall(DatabaseAccessor.java:640)
	at org.eclipse.persistence.internal.databaseaccess.DatabaseAccessor.executeCall(DatabaseAccessor.java:567)
	at org.eclipse.persistence.internal.sessions.AbstractSession.basicExecuteCall(AbstractSession.java:2099)
	at org.eclipse.persistence.sessions.server.ClientSession.executeCall(ClientSession.java:313)
	at org.eclipse.persistence.internal.queries.DatasourceCallQueryMechanism.executeCall(DatasourceCallQueryMechanism.java:275)
	at org.eclipse.persistence.internal.queries.DatasourceCallQueryMechanism.insertObject(DatasourceCallQueryMechanism.java:397)
	at org.eclipse.persistence.internal.queries.StatementQueryMechanism.insertObject(StatementQueryMechanism.java:167)
	at org.eclipse.persistence.internal.queries.StatementQueryMechanism.insertObject(StatementQueryMechanism.java:182)
	at org.eclipse.persistence.internal.queries.DatabaseQueryMechanism.insertObjectForWrite(DatabaseQueryMechanism.java:504)
	at org.eclipse.persistence.queries.InsertObjectQuery.executeCommit(InsertObjectQuery.java:82)
	at org.eclipse.persistence.queries.InsertObjectQuery.executeCommitWithChangeSet(InsertObjectQuery.java:92)
	at org.eclipse.persistence.internal.queries.DatabaseQueryMechanism.executeWriteWithChangeSet(DatabaseQueryMechanism.java:316)
	at org.eclipse.persistence.queries.WriteObjectQuery.executeDatabaseQuery(WriteObjectQuery.java:60)
	at org.eclipse.persistence.queries.DatabaseQuery.execute(DatabaseQuery.java:911)
	at org.eclipse.persistence.queries.DatabaseQuery.executeInUnitOfWork(DatabaseQuery.java:810)
	at org.eclipse.persistence.queries.ObjectLevelModifyQuery.executeInUnitOfWorkObjectLevelModifyQuery(ObjectLevelModifyQuery.java:110)
	at org.eclipse.persistence.queries.ObjectLevelModifyQuery.executeInUnitOfWork(ObjectLevelModifyQuery.java:87)
	at org.eclipse.persistence.internal.sessions.UnitOfWorkImpl.internalExecuteQuery(UnitOfWorkImpl.java:2983)
	at org.eclipse.persistence.internal.sessions.AbstractSession.executeQuery(AbstractSession.java:1898)
	at org.eclipse.persistence.internal.sessions.AbstractSession.executeQuery(AbstractSession.java:1880)
	at org.eclipse.persistence.internal.sessions.AbstractSession.executeQuery(AbstractSession.java:1830)
	at org.eclipse.persistence.internal.sessions.CommitManager.commitNewObjectsForClassWithChangeSet(CommitManager.java:229)
	at org.eclipse.persistence.internal.sessions.CommitManager.commitAllObjectsForClassWithChangeSet(CommitManager.java:196)
	at org.eclipse.persistence.internal.sessions.CommitManager.commitAllObjectsWithChangeSet(CommitManager.java:141)
	at org.eclipse.persistence.internal.sessions.AbstractSession.writeAllObjectsWithChangeSet(AbstractSession.java:4398)
	at org.eclipse.persistence.internal.sessions.UnitOfWorkImpl.commitToDatabase(UnitOfWorkImpl.java:1495)
	at org.eclipse.persistence.internal.sessions.UnitOfWorkImpl.commitToDatabaseWithChangeSet(UnitOfWorkImpl.java:1585)
	at org.eclipse.persistence.internal.sessions.RepeatableWriteUnitOfWork.commitRootUnitOfWork(RepeatableWriteUnitOfWork.java:280)
	at org.eclipse.persistence.internal.sessions.UnitOfWorkImpl.commitAndResume(UnitOfWorkImpl.java:1222)
	at org.eclipse.persistence.internal.jpa.transaction.EntityTransactionImpl.commit(EntityTransactionImpl.java:136)
	... 45 more
Caused by: org.h2.jdbc.JdbcSQLIntegrityConstraintViolationException: La columna &quot;DIRECCION&quot; no permite valores nulos (NULL)
NULL not allowed for column &quot;DIRECCION&quot;; SQL statement:
INSERT INTO CLIENTE (ID, CIUDAD, CODIGOPOSTAL, DIRECCION, ESTADO, FECHAALTA, FECHABAJA, IDENTIFICACION, PAIS, TIPOCLIENTE, USER_USER, DTYPE) VALUES (?, ?, ?, ?, ?, ?, ?, ?, ?, ?, ?, ?) [23502-200]
	at org.h2.message.DbException.getJdbcSQLException(DbException.java:459)
	at org.h2.message.DbException.getJdbcSQLException(DbException.java:429)
	at org.h2.message.DbException.get(DbException.java:205)
	at org.h2.message.DbException.get(DbException.java:181)
	at org.h2.table.Column.validateConvertUpdateSequence(Column.java:374)
	at org.h2.table.Table.validateConvertUpdateSequence(Table.java:845)
	at org.h2.command.dml.Insert.insertRows(Insert.java:187)
	at org.h2.command.dml.Insert.update(Insert.java:151)
	at org.h2.command.CommandContainer.update(CommandContainer.java:198)
	at org.h2.command.Command.executeUpdate(Command.java:251)
	at org.h2.jdbc.JdbcPreparedStatement.executeUpdateInternal(JdbcPreparedStatement.java:191)
	at org.h2.jdbc.JdbcPreparedStatement.executeUpdate(JdbcPreparedStatement.java:152)
	at org.eclipse.persistence.internal.databaseaccess.DatabaseAccessor.executeDirectNoSelect(DatabaseAccessor.java:898)
	... 76 more
</error>
    <system-out>[EL Warning]: 2022-04-28 17:23:39.214--UnitOfWork(238120288)--Exception [EclipseLink-4002] (Eclipse Persistence Services - 2.7.6.v20200131-b7c997804f): org.eclipse.persistence.exceptions.DatabaseException
Internal Exception: org.h2.jdbc.JdbcSQLIntegrityConstraintViolationException: La columna &quot;DIRECCION&quot; no permite valores nulos (NULL)
NULL not allowed for column &quot;DIRECCION&quot;; SQL statement:
INSERT INTO CLIENTE (ID, CIUDAD, CODIGOPOSTAL, DIRECCION, ESTADO, FECHAALTA, FECHABAJA, IDENTIFICACION, PAIS, TIPOCLIENTE, USER_USER, DTYPE) VALUES (?, ?, ?, ?, ?, ?, ?, ?, ?, ?, ?, ?) [23502-200]
Error Code: 23502
Call: INSERT INTO CLIENTE (ID, CIUDAD, CODIGOPOSTAL, DIRECCION, ESTADO, FECHAALTA, FECHABAJA, IDENTIFICACION, PAIS, TIPOCLIENTE, USER_USER, DTYPE) VALUES (?, ?, ?, ?, ?, ?, ?, ?, ?, ?, ?, ?)
	bind =&gt; [12 parameters bound]
Query: InsertObjectQuery(Cliente{
id=1
identificacion=Avenia Plutarco
tipoCliente=null
estado=Activo
fechaAlta=Thu Apr 28 17:23:39 CEST 2022
fechaBaja=null
direccion=null
ciudad=Malaga
codigopostal=29004
pais=Espana
cuentasFintech={[]}}Empresa{
razon_social=UMA})
</system-out>
  </testcase>
  <testcase classname="ma3s.fintech.test.Administrador" name="testModifyFechaNacimientoPAutorizadaAdminNoExist" time="0.053">
    <error message="Exception [EclipseLink-4002] (Eclipse Persistence Services - 2.7.6.v20200131-b7c997804f): org.eclipse.persistence.exceptions.DatabaseException
Internal Exception: org.h2.jdbc.JdbcSQLIntegrityConstraintViolationException: La columna &quot;DIRECCION&quot; no permite valores nulos (NULL)
NULL not allowed for column &quot;DIRECCION&quot;; SQL statement:
INSERT INTO CLIENTE (ID, CIUDAD, CODIGOPOSTAL, DIRECCION, ESTADO, FECHAALTA, FECHABAJA, IDENTIFICACION, PAIS, TIPOCLIENTE, USER_USER, DTYPE) VALUES (?, ?, ?, ?, ?, ?, ?, ?, ?, ?, ?, ?) [23502-200]
Error Code: 23502
Call: INSERT INTO CLIENTE (ID, CIUDAD, CODIGOPOSTAL, DIRECCION, ESTADO, FECHAALTA, FECHABAJA, IDENTIFICACION, PAIS, TIPOCLIENTE, USER_USER, DTYPE) VALUES (?, ?, ?, ?, ?, ?, ?, ?, ?, ?, ?, ?)
	bind =&gt; [12 parameters bound]
Query: InsertObjectQuery(Cliente{
id=1
identificacion=Avenia Plutarco
tipoCliente=null
estado=Activo
fechaAlta=Thu Apr 28 17:23:39 CEST 2022
fechaBaja=null
direccion=null
ciudad=Malaga
codigopostal=29004
pais=Espana
cuentasFintech={[]}}Empresa{
razon_social=UMA})" type="javax.persistence.RollbackException">javax.persistence.RollbackException: Exception [EclipseLink-4002] (Eclipse Persistence Services - 2.7.6.v20200131-b7c997804f): org.eclipse.persistence.exceptions.DatabaseException
Internal Exception: org.h2.jdbc.JdbcSQLIntegrityConstraintViolationException: La columna &quot;DIRECCION&quot; no permite valores nulos (NULL)
NULL not allowed for column &quot;DIRECCION&quot;; SQL statement:
INSERT INTO CLIENTE (ID, CIUDAD, CODIGOPOSTAL, DIRECCION, ESTADO, FECHAALTA, FECHABAJA, IDENTIFICACION, PAIS, TIPOCLIENTE, USER_USER, DTYPE) VALUES (?, ?, ?, ?, ?, ?, ?, ?, ?, ?, ?, ?) [23502-200]
Error Code: 23502
Call: INSERT INTO CLIENTE (ID, CIUDAD, CODIGOPOSTAL, DIRECCION, ESTADO, FECHAALTA, FECHABAJA, IDENTIFICACION, PAIS, TIPOCLIENTE, USER_USER, DTYPE) VALUES (?, ?, ?, ?, ?, ?, ?, ?, ?, ?, ?, ?)
	bind =&gt; [12 parameters bound]
Query: InsertObjectQuery(Cliente{
id=1
identificacion=Avenia Plutarco
tipoCliente=null
estado=Activo
fechaAlta=Thu Apr 28 17:23:39 CEST 2022
fechaBaja=null
direccion=null
ciudad=Malaga
codigopostal=29004
pais=Espana
cuentasFintech={[]}}Empresa{
razon_social=UMA})
	at org.eclipse.persistence.internal.jpa.transaction.EntityTransactionImpl.commit(EntityTransactionImpl.java:161)
	at ma3s.fintech.test.BaseDatos.inicializaBaseDatos(BaseDatos.java:229)
	at ma3s.fintech.test.Administrador.setup(Administrador.java:39)
	at sun.reflect.GeneratedMethodAccessor25.invoke(Unknown Source)
	at sun.reflect.DelegatingMethodAccessorImpl.invoke(DelegatingMethodAccessorImpl.java:43)
	at java.lang.reflect.Method.invoke(Method.java:498)
	at org.junit.runners.model.FrameworkMethod$1.runReflectiveCall(FrameworkMethod.java:59)
	at org.junit.internal.runners.model.ReflectiveCallable.run(ReflectiveCallable.java:12)
	at org.junit.runners.model.FrameworkMethod.invokeExplosively(FrameworkMethod.java:56)
	at org.junit.internal.runners.statements.RunBefores.invokeMethod(RunBefores.java:33)
	at org.junit.internal.runners.statements.RunBefores.evaluate(RunBefores.java:24)
	at org.junit.runners.ParentRunner$3.evaluate(ParentRunner.java:306)
	at org.junit.runners.BlockJUnit4ClassRunner$1.evaluate(BlockJUnit4ClassRunner.java:100)
	at org.junit.runners.ParentRunner.runLeaf(ParentRunner.java:366)
	at org.junit.runners.BlockJUnit4ClassRunner.runChild(BlockJUnit4ClassRunner.java:103)
	at org.junit.runners.BlockJUnit4ClassRunner.runChild(BlockJUnit4ClassRunner.java:63)
	at org.junit.runners.ParentRunner$4.run(ParentRunner.java:331)
	at org.junit.runners.ParentRunner$1.schedule(ParentRunner.java:79)
	at org.junit.runners.ParentRunner.runChildren(ParentRunner.java:329)
	at org.junit.runners.ParentRunner.access$100(ParentRunner.java:66)
	at org.junit.runners.ParentRunner$2.evaluate(ParentRunner.java:293)
	at org.junit.runners.ParentRunner$3.evaluate(ParentRunner.java:306)
	at org.junit.runners.ParentRunner.run(ParentRunner.java:413)
	at org.junit.runners.Suite.runChild(Suite.java:128)
	at org.junit.runners.Suite.runChild(Suite.java:27)
	at org.junit.runners.ParentRunner$4.run(ParentRunner.java:331)
	at org.junit.runners.ParentRunner$1.schedule(ParentRunner.java:79)
	at org.junit.runners.ParentRunner.runChildren(ParentRunner.java:329)
	at org.junit.runners.ParentRunner.access$100(ParentRunner.java:66)
	at org.junit.runners.ParentRunner$2.evaluate(ParentRunner.java:293)
	at org.junit.internal.runners.statements.RunBefores.evaluate(RunBefores.java:26)
	at org.junit.internal.runners.statements.RunAfters.evaluate(RunAfters.java:27)
	at org.junit.runners.ParentRunner$3.evaluate(ParentRunner.java:306)
	at org.junit.runners.ParentRunner.run(ParentRunner.java:413)
	at org.apache.maven.surefire.junit4.JUnit4Provider.execute(JUnit4Provider.java:252)
	at org.apache.maven.surefire.junit4.JUnit4Provider.executeTestSet(JUnit4Provider.java:141)
	at org.apache.maven.surefire.junit4.JUnit4Provider.invoke(JUnit4Provider.java:112)
	at sun.reflect.NativeMethodAccessorImpl.invoke0(Native Method)
	at sun.reflect.NativeMethodAccessorImpl.invoke(NativeMethodAccessorImpl.java:62)
	at sun.reflect.DelegatingMethodAccessorImpl.invoke(DelegatingMethodAccessorImpl.java:43)
	at java.lang.reflect.Method.invoke(Method.java:498)
	at org.apache.maven.surefire.util.ReflectionUtils.invokeMethodWithArray(ReflectionUtils.java:189)
	at org.apache.maven.surefire.booter.ProviderFactory$ProviderProxy.invoke(ProviderFactory.java:165)
	at org.apache.maven.surefire.booter.ProviderFactory.invokeProvider(ProviderFactory.java:85)
	at org.apache.maven.surefire.booter.ForkedBooter.runSuitesInProcess(ForkedBooter.java:115)
	at org.apache.maven.surefire.booter.ForkedBooter.main(ForkedBooter.java:75)
Caused by: Exception [EclipseLink-4002] (Eclipse Persistence Services - 2.7.6.v20200131-b7c997804f): org.eclipse.persistence.exceptions.DatabaseException
Internal Exception: org.h2.jdbc.JdbcSQLIntegrityConstraintViolationException: La columna &quot;DIRECCION&quot; no permite valores nulos (NULL)
NULL not allowed for column &quot;DIRECCION&quot;; SQL statement:
INSERT INTO CLIENTE (ID, CIUDAD, CODIGOPOSTAL, DIRECCION, ESTADO, FECHAALTA, FECHABAJA, IDENTIFICACION, PAIS, TIPOCLIENTE, USER_USER, DTYPE) VALUES (?, ?, ?, ?, ?, ?, ?, ?, ?, ?, ?, ?) [23502-200]
Error Code: 23502
Call: INSERT INTO CLIENTE (ID, CIUDAD, CODIGOPOSTAL, DIRECCION, ESTADO, FECHAALTA, FECHABAJA, IDENTIFICACION, PAIS, TIPOCLIENTE, USER_USER, DTYPE) VALUES (?, ?, ?, ?, ?, ?, ?, ?, ?, ?, ?, ?)
	bind =&gt; [12 parameters bound]
Query: InsertObjectQuery(Cliente{
id=1
identificacion=Avenia Plutarco
tipoCliente=null
estado=Activo
fechaAlta=Thu Apr 28 17:23:39 CEST 2022
fechaBaja=null
direccion=null
ciudad=Malaga
codigopostal=29004
pais=Espana
cuentasFintech={[]}}Empresa{
razon_social=UMA})
	at org.eclipse.persistence.exceptions.DatabaseException.sqlException(DatabaseException.java:333)
	at org.eclipse.persistence.internal.databaseaccess.DatabaseAccessor.executeDirectNoSelect(DatabaseAccessor.java:908)
	at org.eclipse.persistence.internal.databaseaccess.DatabaseAccessor.executeNoSelect(DatabaseAccessor.java:970)
	at org.eclipse.persistence.internal.databaseaccess.DatabaseAccessor.basicExecuteCall(DatabaseAccessor.java:640)
	at org.eclipse.persistence.internal.databaseaccess.DatabaseAccessor.executeCall(DatabaseAccessor.java:567)
	at org.eclipse.persistence.internal.sessions.AbstractSession.basicExecuteCall(AbstractSession.java:2099)
	at org.eclipse.persistence.sessions.server.ClientSession.executeCall(ClientSession.java:313)
	at org.eclipse.persistence.internal.queries.DatasourceCallQueryMechanism.executeCall(DatasourceCallQueryMechanism.java:275)
	at org.eclipse.persistence.internal.queries.DatasourceCallQueryMechanism.insertObject(DatasourceCallQueryMechanism.java:397)
	at org.eclipse.persistence.internal.queries.StatementQueryMechanism.insertObject(StatementQueryMechanism.java:167)
	at org.eclipse.persistence.internal.queries.StatementQueryMechanism.insertObject(StatementQueryMechanism.java:182)
	at org.eclipse.persistence.internal.queries.DatabaseQueryMechanism.insertObjectForWrite(DatabaseQueryMechanism.java:504)
	at org.eclipse.persistence.queries.InsertObjectQuery.executeCommit(InsertObjectQuery.java:82)
	at org.eclipse.persistence.queries.InsertObjectQuery.executeCommitWithChangeSet(InsertObjectQuery.java:92)
	at org.eclipse.persistence.internal.queries.DatabaseQueryMechanism.executeWriteWithChangeSet(DatabaseQueryMechanism.java:316)
	at org.eclipse.persistence.queries.WriteObjectQuery.executeDatabaseQuery(WriteObjectQuery.java:60)
	at org.eclipse.persistence.queries.DatabaseQuery.execute(DatabaseQuery.java:911)
	at org.eclipse.persistence.queries.DatabaseQuery.executeInUnitOfWork(DatabaseQuery.java:810)
	at org.eclipse.persistence.queries.ObjectLevelModifyQuery.executeInUnitOfWorkObjectLevelModifyQuery(ObjectLevelModifyQuery.java:110)
	at org.eclipse.persistence.queries.ObjectLevelModifyQuery.executeInUnitOfWork(ObjectLevelModifyQuery.java:87)
	at org.eclipse.persistence.internal.sessions.UnitOfWorkImpl.internalExecuteQuery(UnitOfWorkImpl.java:2983)
	at org.eclipse.persistence.internal.sessions.AbstractSession.executeQuery(AbstractSession.java:1898)
	at org.eclipse.persistence.internal.sessions.AbstractSession.executeQuery(AbstractSession.java:1880)
	at org.eclipse.persistence.internal.sessions.AbstractSession.executeQuery(AbstractSession.java:1830)
	at org.eclipse.persistence.internal.sessions.CommitManager.commitNewObjectsForClassWithChangeSet(CommitManager.java:229)
	at org.eclipse.persistence.internal.sessions.CommitManager.commitAllObjectsForClassWithChangeSet(CommitManager.java:196)
	at org.eclipse.persistence.internal.sessions.CommitManager.commitAllObjectsWithChangeSet(CommitManager.java:141)
	at org.eclipse.persistence.internal.sessions.AbstractSession.writeAllObjectsWithChangeSet(AbstractSession.java:4398)
	at org.eclipse.persistence.internal.sessions.UnitOfWorkImpl.commitToDatabase(UnitOfWorkImpl.java:1495)
	at org.eclipse.persistence.internal.sessions.UnitOfWorkImpl.commitToDatabaseWithChangeSet(UnitOfWorkImpl.java:1585)
	at org.eclipse.persistence.internal.sessions.RepeatableWriteUnitOfWork.commitRootUnitOfWork(RepeatableWriteUnitOfWork.java:280)
	at org.eclipse.persistence.internal.sessions.UnitOfWorkImpl.commitAndResume(UnitOfWorkImpl.java:1222)
	at org.eclipse.persistence.internal.jpa.transaction.EntityTransactionImpl.commit(EntityTransactionImpl.java:136)
	... 45 more
Caused by: org.h2.jdbc.JdbcSQLIntegrityConstraintViolationException: La columna &quot;DIRECCION&quot; no permite valores nulos (NULL)
NULL not allowed for column &quot;DIRECCION&quot;; SQL statement:
INSERT INTO CLIENTE (ID, CIUDAD, CODIGOPOSTAL, DIRECCION, ESTADO, FECHAALTA, FECHABAJA, IDENTIFICACION, PAIS, TIPOCLIENTE, USER_USER, DTYPE) VALUES (?, ?, ?, ?, ?, ?, ?, ?, ?, ?, ?, ?) [23502-200]
	at org.h2.message.DbException.getJdbcSQLException(DbException.java:459)
	at org.h2.message.DbException.getJdbcSQLException(DbException.java:429)
	at org.h2.message.DbException.get(DbException.java:205)
	at org.h2.message.DbException.get(DbException.java:181)
	at org.h2.table.Column.validateConvertUpdateSequence(Column.java:374)
	at org.h2.table.Table.validateConvertUpdateSequence(Table.java:845)
	at org.h2.command.dml.Insert.insertRows(Insert.java:187)
	at org.h2.command.dml.Insert.update(Insert.java:151)
	at org.h2.command.CommandContainer.update(CommandContainer.java:198)
	at org.h2.command.Command.executeUpdate(Command.java:251)
	at org.h2.jdbc.JdbcPreparedStatement.executeUpdateInternal(JdbcPreparedStatement.java:191)
	at org.h2.jdbc.JdbcPreparedStatement.executeUpdate(JdbcPreparedStatement.java:152)
	at org.eclipse.persistence.internal.databaseaccess.DatabaseAccessor.executeDirectNoSelect(DatabaseAccessor.java:898)
	... 76 more
</error>
    <system-out>[EL Warning]: 2022-04-28 17:23:39.266--UnitOfWork(475072801)--Exception [EclipseLink-4002] (Eclipse Persistence Services - 2.7.6.v20200131-b7c997804f): org.eclipse.persistence.exceptions.DatabaseException
Internal Exception: org.h2.jdbc.JdbcSQLIntegrityConstraintViolationException: La columna &quot;DIRECCION&quot; no permite valores nulos (NULL)
NULL not allowed for column &quot;DIRECCION&quot;; SQL statement:
INSERT INTO CLIENTE (ID, CIUDAD, CODIGOPOSTAL, DIRECCION, ESTADO, FECHAALTA, FECHABAJA, IDENTIFICACION, PAIS, TIPOCLIENTE, USER_USER, DTYPE) VALUES (?, ?, ?, ?, ?, ?, ?, ?, ?, ?, ?, ?) [23502-200]
Error Code: 23502
Call: INSERT INTO CLIENTE (ID, CIUDAD, CODIGOPOSTAL, DIRECCION, ESTADO, FECHAALTA, FECHABAJA, IDENTIFICACION, PAIS, TIPOCLIENTE, USER_USER, DTYPE) VALUES (?, ?, ?, ?, ?, ?, ?, ?, ?, ?, ?, ?)
	bind =&gt; [12 parameters bound]
Query: InsertObjectQuery(Cliente{
id=1
identificacion=Avenia Plutarco
tipoCliente=null
estado=Activo
fechaAlta=Thu Apr 28 17:23:39 CEST 2022
fechaBaja=null
direccion=null
ciudad=Malaga
codigopostal=29004
pais=Espana
cuentasFintech={[]}}Empresa{
razon_social=UMA})
</system-out>
  </testcase>
  <testcase classname="ma3s.fintech.test.Administrador" name="testModifyIdentPAutorizadaCampoVacio" time="0.034">
    <error message="Exception [EclipseLink-4002] (Eclipse Persistence Services - 2.7.6.v20200131-b7c997804f): org.eclipse.persistence.exceptions.DatabaseException
Internal Exception: org.h2.jdbc.JdbcSQLIntegrityConstraintViolationException: La columna &quot;DIRECCION&quot; no permite valores nulos (NULL)
NULL not allowed for column &quot;DIRECCION&quot;; SQL statement:
INSERT INTO CLIENTE (ID, CIUDAD, CODIGOPOSTAL, DIRECCION, ESTADO, FECHAALTA, FECHABAJA, IDENTIFICACION, PAIS, TIPOCLIENTE, USER_USER, DTYPE) VALUES (?, ?, ?, ?, ?, ?, ?, ?, ?, ?, ?, ?) [23502-200]
Error Code: 23502
Call: INSERT INTO CLIENTE (ID, CIUDAD, CODIGOPOSTAL, DIRECCION, ESTADO, FECHAALTA, FECHABAJA, IDENTIFICACION, PAIS, TIPOCLIENTE, USER_USER, DTYPE) VALUES (?, ?, ?, ?, ?, ?, ?, ?, ?, ?, ?, ?)
	bind =&gt; [12 parameters bound]
Query: InsertObjectQuery(Cliente{
id=1
identificacion=Avenia Plutarco
tipoCliente=null
estado=Activo
fechaAlta=Thu Apr 28 17:23:39 CEST 2022
fechaBaja=null
direccion=null
ciudad=Malaga
codigopostal=29004
pais=Espana
cuentasFintech={[]}}Empresa{
razon_social=UMA})" type="javax.persistence.RollbackException">javax.persistence.RollbackException: Exception [EclipseLink-4002] (Eclipse Persistence Services - 2.7.6.v20200131-b7c997804f): org.eclipse.persistence.exceptions.DatabaseException
Internal Exception: org.h2.jdbc.JdbcSQLIntegrityConstraintViolationException: La columna &quot;DIRECCION&quot; no permite valores nulos (NULL)
NULL not allowed for column &quot;DIRECCION&quot;; SQL statement:
INSERT INTO CLIENTE (ID, CIUDAD, CODIGOPOSTAL, DIRECCION, ESTADO, FECHAALTA, FECHABAJA, IDENTIFICACION, PAIS, TIPOCLIENTE, USER_USER, DTYPE) VALUES (?, ?, ?, ?, ?, ?, ?, ?, ?, ?, ?, ?) [23502-200]
Error Code: 23502
Call: INSERT INTO CLIENTE (ID, CIUDAD, CODIGOPOSTAL, DIRECCION, ESTADO, FECHAALTA, FECHABAJA, IDENTIFICACION, PAIS, TIPOCLIENTE, USER_USER, DTYPE) VALUES (?, ?, ?, ?, ?, ?, ?, ?, ?, ?, ?, ?)
	bind =&gt; [12 parameters bound]
Query: InsertObjectQuery(Cliente{
id=1
identificacion=Avenia Plutarco
tipoCliente=null
estado=Activo
fechaAlta=Thu Apr 28 17:23:39 CEST 2022
fechaBaja=null
direccion=null
ciudad=Malaga
codigopostal=29004
pais=Espana
cuentasFintech={[]}}Empresa{
razon_social=UMA})
	at org.eclipse.persistence.internal.jpa.transaction.EntityTransactionImpl.commit(EntityTransactionImpl.java:161)
	at ma3s.fintech.test.BaseDatos.inicializaBaseDatos(BaseDatos.java:229)
	at ma3s.fintech.test.Administrador.setup(Administrador.java:39)
	at sun.reflect.GeneratedMethodAccessor25.invoke(Unknown Source)
	at sun.reflect.DelegatingMethodAccessorImpl.invoke(DelegatingMethodAccessorImpl.java:43)
	at java.lang.reflect.Method.invoke(Method.java:498)
	at org.junit.runners.model.FrameworkMethod$1.runReflectiveCall(FrameworkMethod.java:59)
	at org.junit.internal.runners.model.ReflectiveCallable.run(ReflectiveCallable.java:12)
	at org.junit.runners.model.FrameworkMethod.invokeExplosively(FrameworkMethod.java:56)
	at org.junit.internal.runners.statements.RunBefores.invokeMethod(RunBefores.java:33)
	at org.junit.internal.runners.statements.RunBefores.evaluate(RunBefores.java:24)
	at org.junit.runners.ParentRunner$3.evaluate(ParentRunner.java:306)
	at org.junit.runners.BlockJUnit4ClassRunner$1.evaluate(BlockJUnit4ClassRunner.java:100)
	at org.junit.runners.ParentRunner.runLeaf(ParentRunner.java:366)
	at org.junit.runners.BlockJUnit4ClassRunner.runChild(BlockJUnit4ClassRunner.java:103)
	at org.junit.runners.BlockJUnit4ClassRunner.runChild(BlockJUnit4ClassRunner.java:63)
	at org.junit.runners.ParentRunner$4.run(ParentRunner.java:331)
	at org.junit.runners.ParentRunner$1.schedule(ParentRunner.java:79)
	at org.junit.runners.ParentRunner.runChildren(ParentRunner.java:329)
	at org.junit.runners.ParentRunner.access$100(ParentRunner.java:66)
	at org.junit.runners.ParentRunner$2.evaluate(ParentRunner.java:293)
	at org.junit.runners.ParentRunner$3.evaluate(ParentRunner.java:306)
	at org.junit.runners.ParentRunner.run(ParentRunner.java:413)
	at org.junit.runners.Suite.runChild(Suite.java:128)
	at org.junit.runners.Suite.runChild(Suite.java:27)
	at org.junit.runners.ParentRunner$4.run(ParentRunner.java:331)
	at org.junit.runners.ParentRunner$1.schedule(ParentRunner.java:79)
	at org.junit.runners.ParentRunner.runChildren(ParentRunner.java:329)
	at org.junit.runners.ParentRunner.access$100(ParentRunner.java:66)
	at org.junit.runners.ParentRunner$2.evaluate(ParentRunner.java:293)
	at org.junit.internal.runners.statements.RunBefores.evaluate(RunBefores.java:26)
	at org.junit.internal.runners.statements.RunAfters.evaluate(RunAfters.java:27)
	at org.junit.runners.ParentRunner$3.evaluate(ParentRunner.java:306)
	at org.junit.runners.ParentRunner.run(ParentRunner.java:413)
	at org.apache.maven.surefire.junit4.JUnit4Provider.execute(JUnit4Provider.java:252)
	at org.apache.maven.surefire.junit4.JUnit4Provider.executeTestSet(JUnit4Provider.java:141)
	at org.apache.maven.surefire.junit4.JUnit4Provider.invoke(JUnit4Provider.java:112)
	at sun.reflect.NativeMethodAccessorImpl.invoke0(Native Method)
	at sun.reflect.NativeMethodAccessorImpl.invoke(NativeMethodAccessorImpl.java:62)
	at sun.reflect.DelegatingMethodAccessorImpl.invoke(DelegatingMethodAccessorImpl.java:43)
	at java.lang.reflect.Method.invoke(Method.java:498)
	at org.apache.maven.surefire.util.ReflectionUtils.invokeMethodWithArray(ReflectionUtils.java:189)
	at org.apache.maven.surefire.booter.ProviderFactory$ProviderProxy.invoke(ProviderFactory.java:165)
	at org.apache.maven.surefire.booter.ProviderFactory.invokeProvider(ProviderFactory.java:85)
	at org.apache.maven.surefire.booter.ForkedBooter.runSuitesInProcess(ForkedBooter.java:115)
	at org.apache.maven.surefire.booter.ForkedBooter.main(ForkedBooter.java:75)
Caused by: Exception [EclipseLink-4002] (Eclipse Persistence Services - 2.7.6.v20200131-b7c997804f): org.eclipse.persistence.exceptions.DatabaseException
Internal Exception: org.h2.jdbc.JdbcSQLIntegrityConstraintViolationException: La columna &quot;DIRECCION&quot; no permite valores nulos (NULL)
NULL not allowed for column &quot;DIRECCION&quot;; SQL statement:
INSERT INTO CLIENTE (ID, CIUDAD, CODIGOPOSTAL, DIRECCION, ESTADO, FECHAALTA, FECHABAJA, IDENTIFICACION, PAIS, TIPOCLIENTE, USER_USER, DTYPE) VALUES (?, ?, ?, ?, ?, ?, ?, ?, ?, ?, ?, ?) [23502-200]
Error Code: 23502
Call: INSERT INTO CLIENTE (ID, CIUDAD, CODIGOPOSTAL, DIRECCION, ESTADO, FECHAALTA, FECHABAJA, IDENTIFICACION, PAIS, TIPOCLIENTE, USER_USER, DTYPE) VALUES (?, ?, ?, ?, ?, ?, ?, ?, ?, ?, ?, ?)
	bind =&gt; [12 parameters bound]
Query: InsertObjectQuery(Cliente{
id=1
identificacion=Avenia Plutarco
tipoCliente=null
estado=Activo
fechaAlta=Thu Apr 28 17:23:39 CEST 2022
fechaBaja=null
direccion=null
ciudad=Malaga
codigopostal=29004
pais=Espana
cuentasFintech={[]}}Empresa{
razon_social=UMA})
	at org.eclipse.persistence.exceptions.DatabaseException.sqlException(DatabaseException.java:333)
	at org.eclipse.persistence.internal.databaseaccess.DatabaseAccessor.executeDirectNoSelect(DatabaseAccessor.java:908)
	at org.eclipse.persistence.internal.databaseaccess.DatabaseAccessor.executeNoSelect(DatabaseAccessor.java:970)
	at org.eclipse.persistence.internal.databaseaccess.DatabaseAccessor.basicExecuteCall(DatabaseAccessor.java:640)
	at org.eclipse.persistence.internal.databaseaccess.DatabaseAccessor.executeCall(DatabaseAccessor.java:567)
	at org.eclipse.persistence.internal.sessions.AbstractSession.basicExecuteCall(AbstractSession.java:2099)
	at org.eclipse.persistence.sessions.server.ClientSession.executeCall(ClientSession.java:313)
	at org.eclipse.persistence.internal.queries.DatasourceCallQueryMechanism.executeCall(DatasourceCallQueryMechanism.java:275)
	at org.eclipse.persistence.internal.queries.DatasourceCallQueryMechanism.insertObject(DatasourceCallQueryMechanism.java:397)
	at org.eclipse.persistence.internal.queries.StatementQueryMechanism.insertObject(StatementQueryMechanism.java:167)
	at org.eclipse.persistence.internal.queries.StatementQueryMechanism.insertObject(StatementQueryMechanism.java:182)
	at org.eclipse.persistence.internal.queries.DatabaseQueryMechanism.insertObjectForWrite(DatabaseQueryMechanism.java:504)
	at org.eclipse.persistence.queries.InsertObjectQuery.executeCommit(InsertObjectQuery.java:82)
	at org.eclipse.persistence.queries.InsertObjectQuery.executeCommitWithChangeSet(InsertObjectQuery.java:92)
	at org.eclipse.persistence.internal.queries.DatabaseQueryMechanism.executeWriteWithChangeSet(DatabaseQueryMechanism.java:316)
	at org.eclipse.persistence.queries.WriteObjectQuery.executeDatabaseQuery(WriteObjectQuery.java:60)
	at org.eclipse.persistence.queries.DatabaseQuery.execute(DatabaseQuery.java:911)
	at org.eclipse.persistence.queries.DatabaseQuery.executeInUnitOfWork(DatabaseQuery.java:810)
	at org.eclipse.persistence.queries.ObjectLevelModifyQuery.executeInUnitOfWorkObjectLevelModifyQuery(ObjectLevelModifyQuery.java:110)
	at org.eclipse.persistence.queries.ObjectLevelModifyQuery.executeInUnitOfWork(ObjectLevelModifyQuery.java:87)
	at org.eclipse.persistence.internal.sessions.UnitOfWorkImpl.internalExecuteQuery(UnitOfWorkImpl.java:2983)
	at org.eclipse.persistence.internal.sessions.AbstractSession.executeQuery(AbstractSession.java:1898)
	at org.eclipse.persistence.internal.sessions.AbstractSession.executeQuery(AbstractSession.java:1880)
	at org.eclipse.persistence.internal.sessions.AbstractSession.executeQuery(AbstractSession.java:1830)
	at org.eclipse.persistence.internal.sessions.CommitManager.commitNewObjectsForClassWithChangeSet(CommitManager.java:229)
	at org.eclipse.persistence.internal.sessions.CommitManager.commitAllObjectsForClassWithChangeSet(CommitManager.java:196)
	at org.eclipse.persistence.internal.sessions.CommitManager.commitAllObjectsWithChangeSet(CommitManager.java:141)
	at org.eclipse.persistence.internal.sessions.AbstractSession.writeAllObjectsWithChangeSet(AbstractSession.java:4398)
	at org.eclipse.persistence.internal.sessions.UnitOfWorkImpl.commitToDatabase(UnitOfWorkImpl.java:1495)
	at org.eclipse.persistence.internal.sessions.UnitOfWorkImpl.commitToDatabaseWithChangeSet(UnitOfWorkImpl.java:1585)
	at org.eclipse.persistence.internal.sessions.RepeatableWriteUnitOfWork.commitRootUnitOfWork(RepeatableWriteUnitOfWork.java:280)
	at org.eclipse.persistence.internal.sessions.UnitOfWorkImpl.commitAndResume(UnitOfWorkImpl.java:1222)
	at org.eclipse.persistence.internal.jpa.transaction.EntityTransactionImpl.commit(EntityTransactionImpl.java:136)
	... 45 more
Caused by: org.h2.jdbc.JdbcSQLIntegrityConstraintViolationException: La columna &quot;DIRECCION&quot; no permite valores nulos (NULL)
NULL not allowed for column &quot;DIRECCION&quot;; SQL statement:
INSERT INTO CLIENTE (ID, CIUDAD, CODIGOPOSTAL, DIRECCION, ESTADO, FECHAALTA, FECHABAJA, IDENTIFICACION, PAIS, TIPOCLIENTE, USER_USER, DTYPE) VALUES (?, ?, ?, ?, ?, ?, ?, ?, ?, ?, ?, ?) [23502-200]
	at org.h2.message.DbException.getJdbcSQLException(DbException.java:459)
	at org.h2.message.DbException.getJdbcSQLException(DbException.java:429)
	at org.h2.message.DbException.get(DbException.java:205)
	at org.h2.message.DbException.get(DbException.java:181)
	at org.h2.table.Column.validateConvertUpdateSequence(Column.java:374)
	at org.h2.table.Table.validateConvertUpdateSequence(Table.java:845)
	at org.h2.command.dml.Insert.insertRows(Insert.java:187)
	at org.h2.command.dml.Insert.update(Insert.java:151)
	at org.h2.command.CommandContainer.update(CommandContainer.java:198)
	at org.h2.command.Command.executeUpdate(Command.java:251)
	at org.h2.jdbc.JdbcPreparedStatement.executeUpdateInternal(JdbcPreparedStatement.java:191)
	at org.h2.jdbc.JdbcPreparedStatement.executeUpdate(JdbcPreparedStatement.java:152)
	at org.eclipse.persistence.internal.databaseaccess.DatabaseAccessor.executeDirectNoSelect(DatabaseAccessor.java:898)
	... 76 more
</error>
    <system-out>[EL Warning]: 2022-04-28 17:23:39.301--UnitOfWork(305482791)--Exception [EclipseLink-4002] (Eclipse Persistence Services - 2.7.6.v20200131-b7c997804f): org.eclipse.persistence.exceptions.DatabaseException
Internal Exception: org.h2.jdbc.JdbcSQLIntegrityConstraintViolationException: La columna &quot;DIRECCION&quot; no permite valores nulos (NULL)
NULL not allowed for column &quot;DIRECCION&quot;; SQL statement:
INSERT INTO CLIENTE (ID, CIUDAD, CODIGOPOSTAL, DIRECCION, ESTADO, FECHAALTA, FECHABAJA, IDENTIFICACION, PAIS, TIPOCLIENTE, USER_USER, DTYPE) VALUES (?, ?, ?, ?, ?, ?, ?, ?, ?, ?, ?, ?) [23502-200]
Error Code: 23502
Call: INSERT INTO CLIENTE (ID, CIUDAD, CODIGOPOSTAL, DIRECCION, ESTADO, FECHAALTA, FECHABAJA, IDENTIFICACION, PAIS, TIPOCLIENTE, USER_USER, DTYPE) VALUES (?, ?, ?, ?, ?, ?, ?, ?, ?, ?, ?, ?)
	bind =&gt; [12 parameters bound]
Query: InsertObjectQuery(Cliente{
id=1
identificacion=Avenia Plutarco
tipoCliente=null
estado=Activo
fechaAlta=Thu Apr 28 17:23:39 CEST 2022
fechaBaja=null
direccion=null
ciudad=Malaga
codigopostal=29004
pais=Espana
cuentasFintech={[]}}Empresa{
razon_social=UMA})
</system-out>
  </testcase>
  <testcase classname="ma3s.fintech.test.Administrador" name="testAccesoPersonalAdmValido" time="0.028">
    <error message="Exception [EclipseLink-4002] (Eclipse Persistence Services - 2.7.6.v20200131-b7c997804f): org.eclipse.persistence.exceptions.DatabaseException
Internal Exception: org.h2.jdbc.JdbcSQLIntegrityConstraintViolationException: La columna &quot;DIRECCION&quot; no permite valores nulos (NULL)
NULL not allowed for column &quot;DIRECCION&quot;; SQL statement:
INSERT INTO CLIENTE (ID, CIUDAD, CODIGOPOSTAL, DIRECCION, ESTADO, FECHAALTA, FECHABAJA, IDENTIFICACION, PAIS, TIPOCLIENTE, USER_USER, DTYPE) VALUES (?, ?, ?, ?, ?, ?, ?, ?, ?, ?, ?, ?) [23502-200]
Error Code: 23502
Call: INSERT INTO CLIENTE (ID, CIUDAD, CODIGOPOSTAL, DIRECCION, ESTADO, FECHAALTA, FECHABAJA, IDENTIFICACION, PAIS, TIPOCLIENTE, USER_USER, DTYPE) VALUES (?, ?, ?, ?, ?, ?, ?, ?, ?, ?, ?, ?)
	bind =&gt; [12 parameters bound]
Query: InsertObjectQuery(Cliente{
id=2
identificacion=avenida de Murcia
tipoCliente=null
estado=Activo
fechaAlta=Thu Apr 28 17:23:39 CEST 2022
fechaBaja=null
direccion=null
ciudad=Murcia
codigopostal=29845
pais=Espana
cuentasFintech={[]}}Empresa{
razon_social=UCAM})" type="javax.persistence.RollbackException">javax.persistence.RollbackException: Exception [EclipseLink-4002] (Eclipse Persistence Services - 2.7.6.v20200131-b7c997804f): org.eclipse.persistence.exceptions.DatabaseException
Internal Exception: org.h2.jdbc.JdbcSQLIntegrityConstraintViolationException: La columna &quot;DIRECCION&quot; no permite valores nulos (NULL)
NULL not allowed for column &quot;DIRECCION&quot;; SQL statement:
INSERT INTO CLIENTE (ID, CIUDAD, CODIGOPOSTAL, DIRECCION, ESTADO, FECHAALTA, FECHABAJA, IDENTIFICACION, PAIS, TIPOCLIENTE, USER_USER, DTYPE) VALUES (?, ?, ?, ?, ?, ?, ?, ?, ?, ?, ?, ?) [23502-200]
Error Code: 23502
Call: INSERT INTO CLIENTE (ID, CIUDAD, CODIGOPOSTAL, DIRECCION, ESTADO, FECHAALTA, FECHABAJA, IDENTIFICACION, PAIS, TIPOCLIENTE, USER_USER, DTYPE) VALUES (?, ?, ?, ?, ?, ?, ?, ?, ?, ?, ?, ?)
	bind =&gt; [12 parameters bound]
Query: InsertObjectQuery(Cliente{
id=2
identificacion=avenida de Murcia
tipoCliente=null
estado=Activo
fechaAlta=Thu Apr 28 17:23:39 CEST 2022
fechaBaja=null
direccion=null
ciudad=Murcia
codigopostal=29845
pais=Espana
cuentasFintech={[]}}Empresa{
razon_social=UCAM})
	at org.eclipse.persistence.internal.jpa.transaction.EntityTransactionImpl.commit(EntityTransactionImpl.java:161)
	at ma3s.fintech.test.BaseDatos.inicializaBaseDatos(BaseDatos.java:229)
	at ma3s.fintech.test.Administrador.setup(Administrador.java:39)
	at sun.reflect.GeneratedMethodAccessor25.invoke(Unknown Source)
	at sun.reflect.DelegatingMethodAccessorImpl.invoke(DelegatingMethodAccessorImpl.java:43)
	at java.lang.reflect.Method.invoke(Method.java:498)
	at org.junit.runners.model.FrameworkMethod$1.runReflectiveCall(FrameworkMethod.java:59)
	at org.junit.internal.runners.model.ReflectiveCallable.run(ReflectiveCallable.java:12)
	at org.junit.runners.model.FrameworkMethod.invokeExplosively(FrameworkMethod.java:56)
	at org.junit.internal.runners.statements.RunBefores.invokeMethod(RunBefores.java:33)
	at org.junit.internal.runners.statements.RunBefores.evaluate(RunBefores.java:24)
	at org.junit.runners.ParentRunner$3.evaluate(ParentRunner.java:306)
	at org.junit.runners.BlockJUnit4ClassRunner$1.evaluate(BlockJUnit4ClassRunner.java:100)
	at org.junit.runners.ParentRunner.runLeaf(ParentRunner.java:366)
	at org.junit.runners.BlockJUnit4ClassRunner.runChild(BlockJUnit4ClassRunner.java:103)
	at org.junit.runners.BlockJUnit4ClassRunner.runChild(BlockJUnit4ClassRunner.java:63)
	at org.junit.runners.ParentRunner$4.run(ParentRunner.java:331)
	at org.junit.runners.ParentRunner$1.schedule(ParentRunner.java:79)
	at org.junit.runners.ParentRunner.runChildren(ParentRunner.java:329)
	at org.junit.runners.ParentRunner.access$100(ParentRunner.java:66)
	at org.junit.runners.ParentRunner$2.evaluate(ParentRunner.java:293)
	at org.junit.runners.ParentRunner$3.evaluate(ParentRunner.java:306)
	at org.junit.runners.ParentRunner.run(ParentRunner.java:413)
	at org.junit.runners.Suite.runChild(Suite.java:128)
	at org.junit.runners.Suite.runChild(Suite.java:27)
	at org.junit.runners.ParentRunner$4.run(ParentRunner.java:331)
	at org.junit.runners.ParentRunner$1.schedule(ParentRunner.java:79)
	at org.junit.runners.ParentRunner.runChildren(ParentRunner.java:329)
	at org.junit.runners.ParentRunner.access$100(ParentRunner.java:66)
	at org.junit.runners.ParentRunner$2.evaluate(ParentRunner.java:293)
	at org.junit.internal.runners.statements.RunBefores.evaluate(RunBefores.java:26)
	at org.junit.internal.runners.statements.RunAfters.evaluate(RunAfters.java:27)
	at org.junit.runners.ParentRunner$3.evaluate(ParentRunner.java:306)
	at org.junit.runners.ParentRunner.run(ParentRunner.java:413)
	at org.apache.maven.surefire.junit4.JUnit4Provider.execute(JUnit4Provider.java:252)
	at org.apache.maven.surefire.junit4.JUnit4Provider.executeTestSet(JUnit4Provider.java:141)
	at org.apache.maven.surefire.junit4.JUnit4Provider.invoke(JUnit4Provider.java:112)
	at sun.reflect.NativeMethodAccessorImpl.invoke0(Native Method)
	at sun.reflect.NativeMethodAccessorImpl.invoke(NativeMethodAccessorImpl.java:62)
	at sun.reflect.DelegatingMethodAccessorImpl.invoke(DelegatingMethodAccessorImpl.java:43)
	at java.lang.reflect.Method.invoke(Method.java:498)
	at org.apache.maven.surefire.util.ReflectionUtils.invokeMethodWithArray(ReflectionUtils.java:189)
	at org.apache.maven.surefire.booter.ProviderFactory$ProviderProxy.invoke(ProviderFactory.java:165)
	at org.apache.maven.surefire.booter.ProviderFactory.invokeProvider(ProviderFactory.java:85)
	at org.apache.maven.surefire.booter.ForkedBooter.runSuitesInProcess(ForkedBooter.java:115)
	at org.apache.maven.surefire.booter.ForkedBooter.main(ForkedBooter.java:75)
Caused by: Exception [EclipseLink-4002] (Eclipse Persistence Services - 2.7.6.v20200131-b7c997804f): org.eclipse.persistence.exceptions.DatabaseException
Internal Exception: org.h2.jdbc.JdbcSQLIntegrityConstraintViolationException: La columna &quot;DIRECCION&quot; no permite valores nulos (NULL)
NULL not allowed for column &quot;DIRECCION&quot;; SQL statement:
INSERT INTO CLIENTE (ID, CIUDAD, CODIGOPOSTAL, DIRECCION, ESTADO, FECHAALTA, FECHABAJA, IDENTIFICACION, PAIS, TIPOCLIENTE, USER_USER, DTYPE) VALUES (?, ?, ?, ?, ?, ?, ?, ?, ?, ?, ?, ?) [23502-200]
Error Code: 23502
Call: INSERT INTO CLIENTE (ID, CIUDAD, CODIGOPOSTAL, DIRECCION, ESTADO, FECHAALTA, FECHABAJA, IDENTIFICACION, PAIS, TIPOCLIENTE, USER_USER, DTYPE) VALUES (?, ?, ?, ?, ?, ?, ?, ?, ?, ?, ?, ?)
	bind =&gt; [12 parameters bound]
Query: InsertObjectQuery(Cliente{
id=2
identificacion=avenida de Murcia
tipoCliente=null
estado=Activo
fechaAlta=Thu Apr 28 17:23:39 CEST 2022
fechaBaja=null
direccion=null
ciudad=Murcia
codigopostal=29845
pais=Espana
cuentasFintech={[]}}Empresa{
razon_social=UCAM})
	at org.eclipse.persistence.exceptions.DatabaseException.sqlException(DatabaseException.java:333)
	at org.eclipse.persistence.internal.databaseaccess.DatabaseAccessor.executeDirectNoSelect(DatabaseAccessor.java:908)
	at org.eclipse.persistence.internal.databaseaccess.DatabaseAccessor.executeNoSelect(DatabaseAccessor.java:970)
	at org.eclipse.persistence.internal.databaseaccess.DatabaseAccessor.basicExecuteCall(DatabaseAccessor.java:640)
	at org.eclipse.persistence.internal.databaseaccess.DatabaseAccessor.executeCall(DatabaseAccessor.java:567)
	at org.eclipse.persistence.internal.sessions.AbstractSession.basicExecuteCall(AbstractSession.java:2099)
	at org.eclipse.persistence.sessions.server.ClientSession.executeCall(ClientSession.java:313)
	at org.eclipse.persistence.internal.queries.DatasourceCallQueryMechanism.executeCall(DatasourceCallQueryMechanism.java:275)
	at org.eclipse.persistence.internal.queries.DatasourceCallQueryMechanism.insertObject(DatasourceCallQueryMechanism.java:397)
	at org.eclipse.persistence.internal.queries.StatementQueryMechanism.insertObject(StatementQueryMechanism.java:167)
	at org.eclipse.persistence.internal.queries.StatementQueryMechanism.insertObject(StatementQueryMechanism.java:182)
	at org.eclipse.persistence.internal.queries.DatabaseQueryMechanism.insertObjectForWrite(DatabaseQueryMechanism.java:504)
	at org.eclipse.persistence.queries.InsertObjectQuery.executeCommit(InsertObjectQuery.java:82)
	at org.eclipse.persistence.queries.InsertObjectQuery.executeCommitWithChangeSet(InsertObjectQuery.java:92)
	at org.eclipse.persistence.internal.queries.DatabaseQueryMechanism.executeWriteWithChangeSet(DatabaseQueryMechanism.java:316)
	at org.eclipse.persistence.queries.WriteObjectQuery.executeDatabaseQuery(WriteObjectQuery.java:60)
	at org.eclipse.persistence.queries.DatabaseQuery.execute(DatabaseQuery.java:911)
	at org.eclipse.persistence.queries.DatabaseQuery.executeInUnitOfWork(DatabaseQuery.java:810)
	at org.eclipse.persistence.queries.ObjectLevelModifyQuery.executeInUnitOfWorkObjectLevelModifyQuery(ObjectLevelModifyQuery.java:110)
	at org.eclipse.persistence.queries.ObjectLevelModifyQuery.executeInUnitOfWork(ObjectLevelModifyQuery.java:87)
	at org.eclipse.persistence.internal.sessions.UnitOfWorkImpl.internalExecuteQuery(UnitOfWorkImpl.java:2983)
	at org.eclipse.persistence.internal.sessions.AbstractSession.executeQuery(AbstractSession.java:1898)
	at org.eclipse.persistence.internal.sessions.AbstractSession.executeQuery(AbstractSession.java:1880)
	at org.eclipse.persistence.internal.sessions.AbstractSession.executeQuery(AbstractSession.java:1830)
	at org.eclipse.persistence.internal.sessions.CommitManager.commitNewObjectsForClassWithChangeSet(CommitManager.java:229)
	at org.eclipse.persistence.internal.sessions.CommitManager.commitAllObjectsForClassWithChangeSet(CommitManager.java:196)
	at org.eclipse.persistence.internal.sessions.CommitManager.commitAllObjectsWithChangeSet(CommitManager.java:141)
	at org.eclipse.persistence.internal.sessions.AbstractSession.writeAllObjectsWithChangeSet(AbstractSession.java:4398)
	at org.eclipse.persistence.internal.sessions.UnitOfWorkImpl.commitToDatabase(UnitOfWorkImpl.java:1495)
	at org.eclipse.persistence.internal.sessions.UnitOfWorkImpl.commitToDatabaseWithChangeSet(UnitOfWorkImpl.java:1585)
	at org.eclipse.persistence.internal.sessions.RepeatableWriteUnitOfWork.commitRootUnitOfWork(RepeatableWriteUnitOfWork.java:280)
	at org.eclipse.persistence.internal.sessions.UnitOfWorkImpl.commitAndResume(UnitOfWorkImpl.java:1222)
	at org.eclipse.persistence.internal.jpa.transaction.EntityTransactionImpl.commit(EntityTransactionImpl.java:136)
	... 45 more
Caused by: org.h2.jdbc.JdbcSQLIntegrityConstraintViolationException: La columna &quot;DIRECCION&quot; no permite valores nulos (NULL)
NULL not allowed for column &quot;DIRECCION&quot;; SQL statement:
INSERT INTO CLIENTE (ID, CIUDAD, CODIGOPOSTAL, DIRECCION, ESTADO, FECHAALTA, FECHABAJA, IDENTIFICACION, PAIS, TIPOCLIENTE, USER_USER, DTYPE) VALUES (?, ?, ?, ?, ?, ?, ?, ?, ?, ?, ?, ?) [23502-200]
	at org.h2.message.DbException.getJdbcSQLException(DbException.java:459)
	at org.h2.message.DbException.getJdbcSQLException(DbException.java:429)
	at org.h2.message.DbException.get(DbException.java:205)
	at org.h2.message.DbException.get(DbException.java:181)
	at org.h2.table.Column.validateConvertUpdateSequence(Column.java:374)
	at org.h2.table.Table.validateConvertUpdateSequence(Table.java:845)
	at org.h2.command.dml.Insert.insertRows(Insert.java:187)
	at org.h2.command.dml.Insert.update(Insert.java:151)
	at org.h2.command.CommandContainer.update(CommandContainer.java:198)
	at org.h2.command.Command.executeUpdate(Command.java:251)
	at org.h2.jdbc.JdbcPreparedStatement.executeUpdateInternal(JdbcPreparedStatement.java:191)
	at org.h2.jdbc.JdbcPreparedStatement.executeUpdate(JdbcPreparedStatement.java:152)
	at org.eclipse.persistence.internal.databaseaccess.DatabaseAccessor.executeDirectNoSelect(DatabaseAccessor.java:898)
	... 76 more
</error>
    <system-out>[EL Warning]: 2022-04-28 17:23:39.33--UnitOfWork(1684995431)--Exception [EclipseLink-4002] (Eclipse Persistence Services - 2.7.6.v20200131-b7c997804f): org.eclipse.persistence.exceptions.DatabaseException
Internal Exception: org.h2.jdbc.JdbcSQLIntegrityConstraintViolationException: La columna &quot;DIRECCION&quot; no permite valores nulos (NULL)
NULL not allowed for column &quot;DIRECCION&quot;; SQL statement:
INSERT INTO CLIENTE (ID, CIUDAD, CODIGOPOSTAL, DIRECCION, ESTADO, FECHAALTA, FECHABAJA, IDENTIFICACION, PAIS, TIPOCLIENTE, USER_USER, DTYPE) VALUES (?, ?, ?, ?, ?, ?, ?, ?, ?, ?, ?, ?) [23502-200]
Error Code: 23502
Call: INSERT INTO CLIENTE (ID, CIUDAD, CODIGOPOSTAL, DIRECCION, ESTADO, FECHAALTA, FECHABAJA, IDENTIFICACION, PAIS, TIPOCLIENTE, USER_USER, DTYPE) VALUES (?, ?, ?, ?, ?, ?, ?, ?, ?, ?, ?, ?)
	bind =&gt; [12 parameters bound]
Query: InsertObjectQuery(Cliente{
id=2
identificacion=avenida de Murcia
tipoCliente=null
estado=Activo
fechaAlta=Thu Apr 28 17:23:39 CEST 2022
fechaBaja=null
direccion=null
ciudad=Murcia
codigopostal=29845
pais=Espana
cuentasFintech={[]}}Empresa{
razon_social=UCAM})
</system-out>
  </testcase>
  <testcase classname="ma3s.fintech.test.Administrador" name="testModifySurNamePAutorizadaAdminNoExist" time="0.032">
    <error message="Exception [EclipseLink-4002] (Eclipse Persistence Services - 2.7.6.v20200131-b7c997804f): org.eclipse.persistence.exceptions.DatabaseException
Internal Exception: org.h2.jdbc.JdbcSQLIntegrityConstraintViolationException: La columna &quot;DIRECCION&quot; no permite valores nulos (NULL)
NULL not allowed for column &quot;DIRECCION&quot;; SQL statement:
INSERT INTO CLIENTE (ID, CIUDAD, CODIGOPOSTAL, DIRECCION, ESTADO, FECHAALTA, FECHABAJA, IDENTIFICACION, PAIS, TIPOCLIENTE, USER_USER, DTYPE) VALUES (?, ?, ?, ?, ?, ?, ?, ?, ?, ?, ?, ?) [23502-200]
Error Code: 23502
Call: INSERT INTO CLIENTE (ID, CIUDAD, CODIGOPOSTAL, DIRECCION, ESTADO, FECHAALTA, FECHABAJA, IDENTIFICACION, PAIS, TIPOCLIENTE, USER_USER, DTYPE) VALUES (?, ?, ?, ?, ?, ?, ?, ?, ?, ?, ?, ?)
	bind =&gt; [12 parameters bound]
Query: InsertObjectQuery(Cliente{
id=1
identificacion=Avenia Plutarco
tipoCliente=null
estado=Activo
fechaAlta=Thu Apr 28 17:23:39 CEST 2022
fechaBaja=null
direccion=null
ciudad=Malaga
codigopostal=29004
pais=Espana
cuentasFintech={[]}}Empresa{
razon_social=UMA})" type="javax.persistence.RollbackException">javax.persistence.RollbackException: Exception [EclipseLink-4002] (Eclipse Persistence Services - 2.7.6.v20200131-b7c997804f): org.eclipse.persistence.exceptions.DatabaseException
Internal Exception: org.h2.jdbc.JdbcSQLIntegrityConstraintViolationException: La columna &quot;DIRECCION&quot; no permite valores nulos (NULL)
NULL not allowed for column &quot;DIRECCION&quot;; SQL statement:
INSERT INTO CLIENTE (ID, CIUDAD, CODIGOPOSTAL, DIRECCION, ESTADO, FECHAALTA, FECHABAJA, IDENTIFICACION, PAIS, TIPOCLIENTE, USER_USER, DTYPE) VALUES (?, ?, ?, ?, ?, ?, ?, ?, ?, ?, ?, ?) [23502-200]
Error Code: 23502
Call: INSERT INTO CLIENTE (ID, CIUDAD, CODIGOPOSTAL, DIRECCION, ESTADO, FECHAALTA, FECHABAJA, IDENTIFICACION, PAIS, TIPOCLIENTE, USER_USER, DTYPE) VALUES (?, ?, ?, ?, ?, ?, ?, ?, ?, ?, ?, ?)
	bind =&gt; [12 parameters bound]
Query: InsertObjectQuery(Cliente{
id=1
identificacion=Avenia Plutarco
tipoCliente=null
estado=Activo
fechaAlta=Thu Apr 28 17:23:39 CEST 2022
fechaBaja=null
direccion=null
ciudad=Malaga
codigopostal=29004
pais=Espana
cuentasFintech={[]}}Empresa{
razon_social=UMA})
	at org.eclipse.persistence.internal.jpa.transaction.EntityTransactionImpl.commit(EntityTransactionImpl.java:161)
	at ma3s.fintech.test.BaseDatos.inicializaBaseDatos(BaseDatos.java:229)
	at ma3s.fintech.test.Administrador.setup(Administrador.java:39)
	at sun.reflect.GeneratedMethodAccessor25.invoke(Unknown Source)
	at sun.reflect.DelegatingMethodAccessorImpl.invoke(DelegatingMethodAccessorImpl.java:43)
	at java.lang.reflect.Method.invoke(Method.java:498)
	at org.junit.runners.model.FrameworkMethod$1.runReflectiveCall(FrameworkMethod.java:59)
	at org.junit.internal.runners.model.ReflectiveCallable.run(ReflectiveCallable.java:12)
	at org.junit.runners.model.FrameworkMethod.invokeExplosively(FrameworkMethod.java:56)
	at org.junit.internal.runners.statements.RunBefores.invokeMethod(RunBefores.java:33)
	at org.junit.internal.runners.statements.RunBefores.evaluate(RunBefores.java:24)
	at org.junit.runners.ParentRunner$3.evaluate(ParentRunner.java:306)
	at org.junit.runners.BlockJUnit4ClassRunner$1.evaluate(BlockJUnit4ClassRunner.java:100)
	at org.junit.runners.ParentRunner.runLeaf(ParentRunner.java:366)
	at org.junit.runners.BlockJUnit4ClassRunner.runChild(BlockJUnit4ClassRunner.java:103)
	at org.junit.runners.BlockJUnit4ClassRunner.runChild(BlockJUnit4ClassRunner.java:63)
	at org.junit.runners.ParentRunner$4.run(ParentRunner.java:331)
	at org.junit.runners.ParentRunner$1.schedule(ParentRunner.java:79)
	at org.junit.runners.ParentRunner.runChildren(ParentRunner.java:329)
	at org.junit.runners.ParentRunner.access$100(ParentRunner.java:66)
	at org.junit.runners.ParentRunner$2.evaluate(ParentRunner.java:293)
	at org.junit.runners.ParentRunner$3.evaluate(ParentRunner.java:306)
	at org.junit.runners.ParentRunner.run(ParentRunner.java:413)
	at org.junit.runners.Suite.runChild(Suite.java:128)
	at org.junit.runners.Suite.runChild(Suite.java:27)
	at org.junit.runners.ParentRunner$4.run(ParentRunner.java:331)
	at org.junit.runners.ParentRunner$1.schedule(ParentRunner.java:79)
	at org.junit.runners.ParentRunner.runChildren(ParentRunner.java:329)
	at org.junit.runners.ParentRunner.access$100(ParentRunner.java:66)
	at org.junit.runners.ParentRunner$2.evaluate(ParentRunner.java:293)
	at org.junit.internal.runners.statements.RunBefores.evaluate(RunBefores.java:26)
	at org.junit.internal.runners.statements.RunAfters.evaluate(RunAfters.java:27)
	at org.junit.runners.ParentRunner$3.evaluate(ParentRunner.java:306)
	at org.junit.runners.ParentRunner.run(ParentRunner.java:413)
	at org.apache.maven.surefire.junit4.JUnit4Provider.execute(JUnit4Provider.java:252)
	at org.apache.maven.surefire.junit4.JUnit4Provider.executeTestSet(JUnit4Provider.java:141)
	at org.apache.maven.surefire.junit4.JUnit4Provider.invoke(JUnit4Provider.java:112)
	at sun.reflect.NativeMethodAccessorImpl.invoke0(Native Method)
	at sun.reflect.NativeMethodAccessorImpl.invoke(NativeMethodAccessorImpl.java:62)
	at sun.reflect.DelegatingMethodAccessorImpl.invoke(DelegatingMethodAccessorImpl.java:43)
	at java.lang.reflect.Method.invoke(Method.java:498)
	at org.apache.maven.surefire.util.ReflectionUtils.invokeMethodWithArray(ReflectionUtils.java:189)
	at org.apache.maven.surefire.booter.ProviderFactory$ProviderProxy.invoke(ProviderFactory.java:165)
	at org.apache.maven.surefire.booter.ProviderFactory.invokeProvider(ProviderFactory.java:85)
	at org.apache.maven.surefire.booter.ForkedBooter.runSuitesInProcess(ForkedBooter.java:115)
	at org.apache.maven.surefire.booter.ForkedBooter.main(ForkedBooter.java:75)
Caused by: Exception [EclipseLink-4002] (Eclipse Persistence Services - 2.7.6.v20200131-b7c997804f): org.eclipse.persistence.exceptions.DatabaseException
Internal Exception: org.h2.jdbc.JdbcSQLIntegrityConstraintViolationException: La columna &quot;DIRECCION&quot; no permite valores nulos (NULL)
NULL not allowed for column &quot;DIRECCION&quot;; SQL statement:
INSERT INTO CLIENTE (ID, CIUDAD, CODIGOPOSTAL, DIRECCION, ESTADO, FECHAALTA, FECHABAJA, IDENTIFICACION, PAIS, TIPOCLIENTE, USER_USER, DTYPE) VALUES (?, ?, ?, ?, ?, ?, ?, ?, ?, ?, ?, ?) [23502-200]
Error Code: 23502
Call: INSERT INTO CLIENTE (ID, CIUDAD, CODIGOPOSTAL, DIRECCION, ESTADO, FECHAALTA, FECHABAJA, IDENTIFICACION, PAIS, TIPOCLIENTE, USER_USER, DTYPE) VALUES (?, ?, ?, ?, ?, ?, ?, ?, ?, ?, ?, ?)
	bind =&gt; [12 parameters bound]
Query: InsertObjectQuery(Cliente{
id=1
identificacion=Avenia Plutarco
tipoCliente=null
estado=Activo
fechaAlta=Thu Apr 28 17:23:39 CEST 2022
fechaBaja=null
direccion=null
ciudad=Malaga
codigopostal=29004
pais=Espana
cuentasFintech={[]}}Empresa{
razon_social=UMA})
	at org.eclipse.persistence.exceptions.DatabaseException.sqlException(DatabaseException.java:333)
	at org.eclipse.persistence.internal.databaseaccess.DatabaseAccessor.executeDirectNoSelect(DatabaseAccessor.java:908)
	at org.eclipse.persistence.internal.databaseaccess.DatabaseAccessor.executeNoSelect(DatabaseAccessor.java:970)
	at org.eclipse.persistence.internal.databaseaccess.DatabaseAccessor.basicExecuteCall(DatabaseAccessor.java:640)
	at org.eclipse.persistence.internal.databaseaccess.DatabaseAccessor.executeCall(DatabaseAccessor.java:567)
	at org.eclipse.persistence.internal.sessions.AbstractSession.basicExecuteCall(AbstractSession.java:2099)
	at org.eclipse.persistence.sessions.server.ClientSession.executeCall(ClientSession.java:313)
	at org.eclipse.persistence.internal.queries.DatasourceCallQueryMechanism.executeCall(DatasourceCallQueryMechanism.java:275)
	at org.eclipse.persistence.internal.queries.DatasourceCallQueryMechanism.insertObject(DatasourceCallQueryMechanism.java:397)
	at org.eclipse.persistence.internal.queries.StatementQueryMechanism.insertObject(StatementQueryMechanism.java:167)
	at org.eclipse.persistence.internal.queries.StatementQueryMechanism.insertObject(StatementQueryMechanism.java:182)
	at org.eclipse.persistence.internal.queries.DatabaseQueryMechanism.insertObjectForWrite(DatabaseQueryMechanism.java:504)
	at org.eclipse.persistence.queries.InsertObjectQuery.executeCommit(InsertObjectQuery.java:82)
	at org.eclipse.persistence.queries.InsertObjectQuery.executeCommitWithChangeSet(InsertObjectQuery.java:92)
	at org.eclipse.persistence.internal.queries.DatabaseQueryMechanism.executeWriteWithChangeSet(DatabaseQueryMechanism.java:316)
	at org.eclipse.persistence.queries.WriteObjectQuery.executeDatabaseQuery(WriteObjectQuery.java:60)
	at org.eclipse.persistence.queries.DatabaseQuery.execute(DatabaseQuery.java:911)
	at org.eclipse.persistence.queries.DatabaseQuery.executeInUnitOfWork(DatabaseQuery.java:810)
	at org.eclipse.persistence.queries.ObjectLevelModifyQuery.executeInUnitOfWorkObjectLevelModifyQuery(ObjectLevelModifyQuery.java:110)
	at org.eclipse.persistence.queries.ObjectLevelModifyQuery.executeInUnitOfWork(ObjectLevelModifyQuery.java:87)
	at org.eclipse.persistence.internal.sessions.UnitOfWorkImpl.internalExecuteQuery(UnitOfWorkImpl.java:2983)
	at org.eclipse.persistence.internal.sessions.AbstractSession.executeQuery(AbstractSession.java:1898)
	at org.eclipse.persistence.internal.sessions.AbstractSession.executeQuery(AbstractSession.java:1880)
	at org.eclipse.persistence.internal.sessions.AbstractSession.executeQuery(AbstractSession.java:1830)
	at org.eclipse.persistence.internal.sessions.CommitManager.commitNewObjectsForClassWithChangeSet(CommitManager.java:229)
	at org.eclipse.persistence.internal.sessions.CommitManager.commitAllObjectsForClassWithChangeSet(CommitManager.java:196)
	at org.eclipse.persistence.internal.sessions.CommitManager.commitAllObjectsWithChangeSet(CommitManager.java:141)
	at org.eclipse.persistence.internal.sessions.AbstractSession.writeAllObjectsWithChangeSet(AbstractSession.java:4398)
	at org.eclipse.persistence.internal.sessions.UnitOfWorkImpl.commitToDatabase(UnitOfWorkImpl.java:1495)
	at org.eclipse.persistence.internal.sessions.UnitOfWorkImpl.commitToDatabaseWithChangeSet(UnitOfWorkImpl.java:1585)
	at org.eclipse.persistence.internal.sessions.RepeatableWriteUnitOfWork.commitRootUnitOfWork(RepeatableWriteUnitOfWork.java:280)
	at org.eclipse.persistence.internal.sessions.UnitOfWorkImpl.commitAndResume(UnitOfWorkImpl.java:1222)
	at org.eclipse.persistence.internal.jpa.transaction.EntityTransactionImpl.commit(EntityTransactionImpl.java:136)
	... 45 more
Caused by: org.h2.jdbc.JdbcSQLIntegrityConstraintViolationException: La columna &quot;DIRECCION&quot; no permite valores nulos (NULL)
NULL not allowed for column &quot;DIRECCION&quot;; SQL statement:
INSERT INTO CLIENTE (ID, CIUDAD, CODIGOPOSTAL, DIRECCION, ESTADO, FECHAALTA, FECHABAJA, IDENTIFICACION, PAIS, TIPOCLIENTE, USER_USER, DTYPE) VALUES (?, ?, ?, ?, ?, ?, ?, ?, ?, ?, ?, ?) [23502-200]
	at org.h2.message.DbException.getJdbcSQLException(DbException.java:459)
	at org.h2.message.DbException.getJdbcSQLException(DbException.java:429)
	at org.h2.message.DbException.get(DbException.java:205)
	at org.h2.message.DbException.get(DbException.java:181)
	at org.h2.table.Column.validateConvertUpdateSequence(Column.java:374)
	at org.h2.table.Table.validateConvertUpdateSequence(Table.java:845)
	at org.h2.command.dml.Insert.insertRows(Insert.java:187)
	at org.h2.command.dml.Insert.update(Insert.java:151)
	at org.h2.command.CommandContainer.update(CommandContainer.java:198)
	at org.h2.command.Command.executeUpdate(Command.java:251)
	at org.h2.jdbc.JdbcPreparedStatement.executeUpdateInternal(JdbcPreparedStatement.java:191)
	at org.h2.jdbc.JdbcPreparedStatement.executeUpdate(JdbcPreparedStatement.java:152)
	at org.eclipse.persistence.internal.databaseaccess.DatabaseAccessor.executeDirectNoSelect(DatabaseAccessor.java:898)
	... 76 more
</error>
    <system-out>[EL Warning]: 2022-04-28 17:23:39.362--UnitOfWork(277958062)--Exception [EclipseLink-4002] (Eclipse Persistence Services - 2.7.6.v20200131-b7c997804f): org.eclipse.persistence.exceptions.DatabaseException
Internal Exception: org.h2.jdbc.JdbcSQLIntegrityConstraintViolationException: La columna &quot;DIRECCION&quot; no permite valores nulos (NULL)
NULL not allowed for column &quot;DIRECCION&quot;; SQL statement:
INSERT INTO CLIENTE (ID, CIUDAD, CODIGOPOSTAL, DIRECCION, ESTADO, FECHAALTA, FECHABAJA, IDENTIFICACION, PAIS, TIPOCLIENTE, USER_USER, DTYPE) VALUES (?, ?, ?, ?, ?, ?, ?, ?, ?, ?, ?, ?) [23502-200]
Error Code: 23502
Call: INSERT INTO CLIENTE (ID, CIUDAD, CODIGOPOSTAL, DIRECCION, ESTADO, FECHAALTA, FECHABAJA, IDENTIFICACION, PAIS, TIPOCLIENTE, USER_USER, DTYPE) VALUES (?, ?, ?, ?, ?, ?, ?, ?, ?, ?, ?, ?)
	bind =&gt; [12 parameters bound]
Query: InsertObjectQuery(Cliente{
id=1
identificacion=Avenia Plutarco
tipoCliente=null
estado=Activo
fechaAlta=Thu Apr 28 17:23:39 CEST 2022
fechaBaja=null
direccion=null
ciudad=Malaga
codigopostal=29004
pais=Espana
cuentasFintech={[]}}Empresa{
razon_social=UMA})
</system-out>
  </testcase>
  <testcase classname="ma3s.fintech.test.Administrador" name="testModifyFechaFinPAutorizadaCampoVacio" time="0.031">
    <error message="Exception [EclipseLink-4002] (Eclipse Persistence Services - 2.7.6.v20200131-b7c997804f): org.eclipse.persistence.exceptions.DatabaseException
Internal Exception: org.h2.jdbc.JdbcSQLIntegrityConstraintViolationException: La columna &quot;DIRECCION&quot; no permite valores nulos (NULL)
NULL not allowed for column &quot;DIRECCION&quot;; SQL statement:
INSERT INTO CLIENTE (ID, CIUDAD, CODIGOPOSTAL, DIRECCION, ESTADO, FECHAALTA, FECHABAJA, IDENTIFICACION, PAIS, TIPOCLIENTE, USER_USER, DTYPE) VALUES (?, ?, ?, ?, ?, ?, ?, ?, ?, ?, ?, ?) [23502-200]
Error Code: 23502
Call: INSERT INTO CLIENTE (ID, CIUDAD, CODIGOPOSTAL, DIRECCION, ESTADO, FECHAALTA, FECHABAJA, IDENTIFICACION, PAIS, TIPOCLIENTE, USER_USER, DTYPE) VALUES (?, ?, ?, ?, ?, ?, ?, ?, ?, ?, ?, ?)
	bind =&gt; [12 parameters bound]
Query: InsertObjectQuery(Cliente{
id=2
identificacion=avenida de Murcia
tipoCliente=null
estado=Activo
fechaAlta=Thu Apr 28 17:23:39 CEST 2022
fechaBaja=null
direccion=null
ciudad=Murcia
codigopostal=29845
pais=Espana
cuentasFintech={[]}}Empresa{
razon_social=UCAM})" type="javax.persistence.RollbackException">javax.persistence.RollbackException: Exception [EclipseLink-4002] (Eclipse Persistence Services - 2.7.6.v20200131-b7c997804f): org.eclipse.persistence.exceptions.DatabaseException
Internal Exception: org.h2.jdbc.JdbcSQLIntegrityConstraintViolationException: La columna &quot;DIRECCION&quot; no permite valores nulos (NULL)
NULL not allowed for column &quot;DIRECCION&quot;; SQL statement:
INSERT INTO CLIENTE (ID, CIUDAD, CODIGOPOSTAL, DIRECCION, ESTADO, FECHAALTA, FECHABAJA, IDENTIFICACION, PAIS, TIPOCLIENTE, USER_USER, DTYPE) VALUES (?, ?, ?, ?, ?, ?, ?, ?, ?, ?, ?, ?) [23502-200]
Error Code: 23502
Call: INSERT INTO CLIENTE (ID, CIUDAD, CODIGOPOSTAL, DIRECCION, ESTADO, FECHAALTA, FECHABAJA, IDENTIFICACION, PAIS, TIPOCLIENTE, USER_USER, DTYPE) VALUES (?, ?, ?, ?, ?, ?, ?, ?, ?, ?, ?, ?)
	bind =&gt; [12 parameters bound]
Query: InsertObjectQuery(Cliente{
id=2
identificacion=avenida de Murcia
tipoCliente=null
estado=Activo
fechaAlta=Thu Apr 28 17:23:39 CEST 2022
fechaBaja=null
direccion=null
ciudad=Murcia
codigopostal=29845
pais=Espana
cuentasFintech={[]}}Empresa{
razon_social=UCAM})
	at org.eclipse.persistence.internal.jpa.transaction.EntityTransactionImpl.commit(EntityTransactionImpl.java:161)
	at ma3s.fintech.test.BaseDatos.inicializaBaseDatos(BaseDatos.java:229)
	at ma3s.fintech.test.Administrador.setup(Administrador.java:39)
	at sun.reflect.GeneratedMethodAccessor25.invoke(Unknown Source)
	at sun.reflect.DelegatingMethodAccessorImpl.invoke(DelegatingMethodAccessorImpl.java:43)
	at java.lang.reflect.Method.invoke(Method.java:498)
	at org.junit.runners.model.FrameworkMethod$1.runReflectiveCall(FrameworkMethod.java:59)
	at org.junit.internal.runners.model.ReflectiveCallable.run(ReflectiveCallable.java:12)
	at org.junit.runners.model.FrameworkMethod.invokeExplosively(FrameworkMethod.java:56)
	at org.junit.internal.runners.statements.RunBefores.invokeMethod(RunBefores.java:33)
	at org.junit.internal.runners.statements.RunBefores.evaluate(RunBefores.java:24)
	at org.junit.runners.ParentRunner$3.evaluate(ParentRunner.java:306)
	at org.junit.runners.BlockJUnit4ClassRunner$1.evaluate(BlockJUnit4ClassRunner.java:100)
	at org.junit.runners.ParentRunner.runLeaf(ParentRunner.java:366)
	at org.junit.runners.BlockJUnit4ClassRunner.runChild(BlockJUnit4ClassRunner.java:103)
	at org.junit.runners.BlockJUnit4ClassRunner.runChild(BlockJUnit4ClassRunner.java:63)
	at org.junit.runners.ParentRunner$4.run(ParentRunner.java:331)
	at org.junit.runners.ParentRunner$1.schedule(ParentRunner.java:79)
	at org.junit.runners.ParentRunner.runChildren(ParentRunner.java:329)
	at org.junit.runners.ParentRunner.access$100(ParentRunner.java:66)
	at org.junit.runners.ParentRunner$2.evaluate(ParentRunner.java:293)
	at org.junit.runners.ParentRunner$3.evaluate(ParentRunner.java:306)
	at org.junit.runners.ParentRunner.run(ParentRunner.java:413)
	at org.junit.runners.Suite.runChild(Suite.java:128)
	at org.junit.runners.Suite.runChild(Suite.java:27)
	at org.junit.runners.ParentRunner$4.run(ParentRunner.java:331)
	at org.junit.runners.ParentRunner$1.schedule(ParentRunner.java:79)
	at org.junit.runners.ParentRunner.runChildren(ParentRunner.java:329)
	at org.junit.runners.ParentRunner.access$100(ParentRunner.java:66)
	at org.junit.runners.ParentRunner$2.evaluate(ParentRunner.java:293)
	at org.junit.internal.runners.statements.RunBefores.evaluate(RunBefores.java:26)
	at org.junit.internal.runners.statements.RunAfters.evaluate(RunAfters.java:27)
	at org.junit.runners.ParentRunner$3.evaluate(ParentRunner.java:306)
	at org.junit.runners.ParentRunner.run(ParentRunner.java:413)
	at org.apache.maven.surefire.junit4.JUnit4Provider.execute(JUnit4Provider.java:252)
	at org.apache.maven.surefire.junit4.JUnit4Provider.executeTestSet(JUnit4Provider.java:141)
	at org.apache.maven.surefire.junit4.JUnit4Provider.invoke(JUnit4Provider.java:112)
	at sun.reflect.NativeMethodAccessorImpl.invoke0(Native Method)
	at sun.reflect.NativeMethodAccessorImpl.invoke(NativeMethodAccessorImpl.java:62)
	at sun.reflect.DelegatingMethodAccessorImpl.invoke(DelegatingMethodAccessorImpl.java:43)
	at java.lang.reflect.Method.invoke(Method.java:498)
	at org.apache.maven.surefire.util.ReflectionUtils.invokeMethodWithArray(ReflectionUtils.java:189)
	at org.apache.maven.surefire.booter.ProviderFactory$ProviderProxy.invoke(ProviderFactory.java:165)
	at org.apache.maven.surefire.booter.ProviderFactory.invokeProvider(ProviderFactory.java:85)
	at org.apache.maven.surefire.booter.ForkedBooter.runSuitesInProcess(ForkedBooter.java:115)
	at org.apache.maven.surefire.booter.ForkedBooter.main(ForkedBooter.java:75)
Caused by: Exception [EclipseLink-4002] (Eclipse Persistence Services - 2.7.6.v20200131-b7c997804f): org.eclipse.persistence.exceptions.DatabaseException
Internal Exception: org.h2.jdbc.JdbcSQLIntegrityConstraintViolationException: La columna &quot;DIRECCION&quot; no permite valores nulos (NULL)
NULL not allowed for column &quot;DIRECCION&quot;; SQL statement:
INSERT INTO CLIENTE (ID, CIUDAD, CODIGOPOSTAL, DIRECCION, ESTADO, FECHAALTA, FECHABAJA, IDENTIFICACION, PAIS, TIPOCLIENTE, USER_USER, DTYPE) VALUES (?, ?, ?, ?, ?, ?, ?, ?, ?, ?, ?, ?) [23502-200]
Error Code: 23502
Call: INSERT INTO CLIENTE (ID, CIUDAD, CODIGOPOSTAL, DIRECCION, ESTADO, FECHAALTA, FECHABAJA, IDENTIFICACION, PAIS, TIPOCLIENTE, USER_USER, DTYPE) VALUES (?, ?, ?, ?, ?, ?, ?, ?, ?, ?, ?, ?)
	bind =&gt; [12 parameters bound]
Query: InsertObjectQuery(Cliente{
id=2
identificacion=avenida de Murcia
tipoCliente=null
estado=Activo
fechaAlta=Thu Apr 28 17:23:39 CEST 2022
fechaBaja=null
direccion=null
ciudad=Murcia
codigopostal=29845
pais=Espana
cuentasFintech={[]}}Empresa{
razon_social=UCAM})
	at org.eclipse.persistence.exceptions.DatabaseException.sqlException(DatabaseException.java:333)
	at org.eclipse.persistence.internal.databaseaccess.DatabaseAccessor.executeDirectNoSelect(DatabaseAccessor.java:908)
	at org.eclipse.persistence.internal.databaseaccess.DatabaseAccessor.executeNoSelect(DatabaseAccessor.java:970)
	at org.eclipse.persistence.internal.databaseaccess.DatabaseAccessor.basicExecuteCall(DatabaseAccessor.java:640)
	at org.eclipse.persistence.internal.databaseaccess.DatabaseAccessor.executeCall(DatabaseAccessor.java:567)
	at org.eclipse.persistence.internal.sessions.AbstractSession.basicExecuteCall(AbstractSession.java:2099)
	at org.eclipse.persistence.sessions.server.ClientSession.executeCall(ClientSession.java:313)
	at org.eclipse.persistence.internal.queries.DatasourceCallQueryMechanism.executeCall(DatasourceCallQueryMechanism.java:275)
	at org.eclipse.persistence.internal.queries.DatasourceCallQueryMechanism.insertObject(DatasourceCallQueryMechanism.java:397)
	at org.eclipse.persistence.internal.queries.StatementQueryMechanism.insertObject(StatementQueryMechanism.java:167)
	at org.eclipse.persistence.internal.queries.StatementQueryMechanism.insertObject(StatementQueryMechanism.java:182)
	at org.eclipse.persistence.internal.queries.DatabaseQueryMechanism.insertObjectForWrite(DatabaseQueryMechanism.java:504)
	at org.eclipse.persistence.queries.InsertObjectQuery.executeCommit(InsertObjectQuery.java:82)
	at org.eclipse.persistence.queries.InsertObjectQuery.executeCommitWithChangeSet(InsertObjectQuery.java:92)
	at org.eclipse.persistence.internal.queries.DatabaseQueryMechanism.executeWriteWithChangeSet(DatabaseQueryMechanism.java:316)
	at org.eclipse.persistence.queries.WriteObjectQuery.executeDatabaseQuery(WriteObjectQuery.java:60)
	at org.eclipse.persistence.queries.DatabaseQuery.execute(DatabaseQuery.java:911)
	at org.eclipse.persistence.queries.DatabaseQuery.executeInUnitOfWork(DatabaseQuery.java:810)
	at org.eclipse.persistence.queries.ObjectLevelModifyQuery.executeInUnitOfWorkObjectLevelModifyQuery(ObjectLevelModifyQuery.java:110)
	at org.eclipse.persistence.queries.ObjectLevelModifyQuery.executeInUnitOfWork(ObjectLevelModifyQuery.java:87)
	at org.eclipse.persistence.internal.sessions.UnitOfWorkImpl.internalExecuteQuery(UnitOfWorkImpl.java:2983)
	at org.eclipse.persistence.internal.sessions.AbstractSession.executeQuery(AbstractSession.java:1898)
	at org.eclipse.persistence.internal.sessions.AbstractSession.executeQuery(AbstractSession.java:1880)
	at org.eclipse.persistence.internal.sessions.AbstractSession.executeQuery(AbstractSession.java:1830)
	at org.eclipse.persistence.internal.sessions.CommitManager.commitNewObjectsForClassWithChangeSet(CommitManager.java:229)
	at org.eclipse.persistence.internal.sessions.CommitManager.commitAllObjectsForClassWithChangeSet(CommitManager.java:196)
	at org.eclipse.persistence.internal.sessions.CommitManager.commitAllObjectsWithChangeSet(CommitManager.java:141)
	at org.eclipse.persistence.internal.sessions.AbstractSession.writeAllObjectsWithChangeSet(AbstractSession.java:4398)
	at org.eclipse.persistence.internal.sessions.UnitOfWorkImpl.commitToDatabase(UnitOfWorkImpl.java:1495)
	at org.eclipse.persistence.internal.sessions.UnitOfWorkImpl.commitToDatabaseWithChangeSet(UnitOfWorkImpl.java:1585)
	at org.eclipse.persistence.internal.sessions.RepeatableWriteUnitOfWork.commitRootUnitOfWork(RepeatableWriteUnitOfWork.java:280)
	at org.eclipse.persistence.internal.sessions.UnitOfWorkImpl.commitAndResume(UnitOfWorkImpl.java:1222)
	at org.eclipse.persistence.internal.jpa.transaction.EntityTransactionImpl.commit(EntityTransactionImpl.java:136)
	... 45 more
Caused by: org.h2.jdbc.JdbcSQLIntegrityConstraintViolationException: La columna &quot;DIRECCION&quot; no permite valores nulos (NULL)
NULL not allowed for column &quot;DIRECCION&quot;; SQL statement:
INSERT INTO CLIENTE (ID, CIUDAD, CODIGOPOSTAL, DIRECCION, ESTADO, FECHAALTA, FECHABAJA, IDENTIFICACION, PAIS, TIPOCLIENTE, USER_USER, DTYPE) VALUES (?, ?, ?, ?, ?, ?, ?, ?, ?, ?, ?, ?) [23502-200]
	at org.h2.message.DbException.getJdbcSQLException(DbException.java:459)
	at org.h2.message.DbException.getJdbcSQLException(DbException.java:429)
	at org.h2.message.DbException.get(DbException.java:205)
	at org.h2.message.DbException.get(DbException.java:181)
	at org.h2.table.Column.validateConvertUpdateSequence(Column.java:374)
	at org.h2.table.Table.validateConvertUpdateSequence(Table.java:845)
	at org.h2.command.dml.Insert.insertRows(Insert.java:187)
	at org.h2.command.dml.Insert.update(Insert.java:151)
	at org.h2.command.CommandContainer.update(CommandContainer.java:198)
	at org.h2.command.Command.executeUpdate(Command.java:251)
	at org.h2.jdbc.JdbcPreparedStatement.executeUpdateInternal(JdbcPreparedStatement.java:191)
	at org.h2.jdbc.JdbcPreparedStatement.executeUpdate(JdbcPreparedStatement.java:152)
	at org.eclipse.persistence.internal.databaseaccess.DatabaseAccessor.executeDirectNoSelect(DatabaseAccessor.java:898)
	... 76 more
</error>
    <system-out>[EL Warning]: 2022-04-28 17:23:39.391--UnitOfWork(1584762734)--Exception [EclipseLink-4002] (Eclipse Persistence Services - 2.7.6.v20200131-b7c997804f): org.eclipse.persistence.exceptions.DatabaseException
Internal Exception: org.h2.jdbc.JdbcSQLIntegrityConstraintViolationException: La columna &quot;DIRECCION&quot; no permite valores nulos (NULL)
NULL not allowed for column &quot;DIRECCION&quot;; SQL statement:
INSERT INTO CLIENTE (ID, CIUDAD, CODIGOPOSTAL, DIRECCION, ESTADO, FECHAALTA, FECHABAJA, IDENTIFICACION, PAIS, TIPOCLIENTE, USER_USER, DTYPE) VALUES (?, ?, ?, ?, ?, ?, ?, ?, ?, ?, ?, ?) [23502-200]
Error Code: 23502
Call: INSERT INTO CLIENTE (ID, CIUDAD, CODIGOPOSTAL, DIRECCION, ESTADO, FECHAALTA, FECHABAJA, IDENTIFICACION, PAIS, TIPOCLIENTE, USER_USER, DTYPE) VALUES (?, ?, ?, ?, ?, ?, ?, ?, ?, ?, ?, ?)
	bind =&gt; [12 parameters bound]
Query: InsertObjectQuery(Cliente{
id=2
identificacion=avenida de Murcia
tipoCliente=null
estado=Activo
fechaAlta=Thu Apr 28 17:23:39 CEST 2022
fechaBaja=null
direccion=null
ciudad=Murcia
codigopostal=29845
pais=Espana
cuentasFintech={[]}}Empresa{
razon_social=UCAM})
</system-out>
  </testcase>
  <testcase classname="ma3s.fintech.test.Administrador" name="testAnaEmpresaNoRelac" time="0.031">
    <error message="Exception [EclipseLink-4002] (Eclipse Persistence Services - 2.7.6.v20200131-b7c997804f): org.eclipse.persistence.exceptions.DatabaseException
Internal Exception: org.h2.jdbc.JdbcSQLIntegrityConstraintViolationException: La columna &quot;DIRECCION&quot; no permite valores nulos (NULL)
NULL not allowed for column &quot;DIRECCION&quot;; SQL statement:
INSERT INTO CLIENTE (ID, CIUDAD, CODIGOPOSTAL, DIRECCION, ESTADO, FECHAALTA, FECHABAJA, IDENTIFICACION, PAIS, TIPOCLIENTE, USER_USER, DTYPE) VALUES (?, ?, ?, ?, ?, ?, ?, ?, ?, ?, ?, ?) [23502-200]
Error Code: 23502
Call: INSERT INTO CLIENTE (ID, CIUDAD, CODIGOPOSTAL, DIRECCION, ESTADO, FECHAALTA, FECHABAJA, IDENTIFICACION, PAIS, TIPOCLIENTE, USER_USER, DTYPE) VALUES (?, ?, ?, ?, ?, ?, ?, ?, ?, ?, ?, ?)
	bind =&gt; [12 parameters bound]
Query: InsertObjectQuery(Cliente{
id=1
identificacion=Avenia Plutarco
tipoCliente=null
estado=Activo
fechaAlta=Thu Apr 28 17:23:39 CEST 2022
fechaBaja=null
direccion=null
ciudad=Malaga
codigopostal=29004
pais=Espana
cuentasFintech={[]}}Empresa{
razon_social=UMA})" type="javax.persistence.RollbackException">javax.persistence.RollbackException: Exception [EclipseLink-4002] (Eclipse Persistence Services - 2.7.6.v20200131-b7c997804f): org.eclipse.persistence.exceptions.DatabaseException
Internal Exception: org.h2.jdbc.JdbcSQLIntegrityConstraintViolationException: La columna &quot;DIRECCION&quot; no permite valores nulos (NULL)
NULL not allowed for column &quot;DIRECCION&quot;; SQL statement:
INSERT INTO CLIENTE (ID, CIUDAD, CODIGOPOSTAL, DIRECCION, ESTADO, FECHAALTA, FECHABAJA, IDENTIFICACION, PAIS, TIPOCLIENTE, USER_USER, DTYPE) VALUES (?, ?, ?, ?, ?, ?, ?, ?, ?, ?, ?, ?) [23502-200]
Error Code: 23502
Call: INSERT INTO CLIENTE (ID, CIUDAD, CODIGOPOSTAL, DIRECCION, ESTADO, FECHAALTA, FECHABAJA, IDENTIFICACION, PAIS, TIPOCLIENTE, USER_USER, DTYPE) VALUES (?, ?, ?, ?, ?, ?, ?, ?, ?, ?, ?, ?)
	bind =&gt; [12 parameters bound]
Query: InsertObjectQuery(Cliente{
id=1
identificacion=Avenia Plutarco
tipoCliente=null
estado=Activo
fechaAlta=Thu Apr 28 17:23:39 CEST 2022
fechaBaja=null
direccion=null
ciudad=Malaga
codigopostal=29004
pais=Espana
cuentasFintech={[]}}Empresa{
razon_social=UMA})
	at org.eclipse.persistence.internal.jpa.transaction.EntityTransactionImpl.commit(EntityTransactionImpl.java:161)
	at ma3s.fintech.test.BaseDatos.inicializaBaseDatos(BaseDatos.java:229)
	at ma3s.fintech.test.Administrador.setup(Administrador.java:39)
	at sun.reflect.GeneratedMethodAccessor25.invoke(Unknown Source)
	at sun.reflect.DelegatingMethodAccessorImpl.invoke(DelegatingMethodAccessorImpl.java:43)
	at java.lang.reflect.Method.invoke(Method.java:498)
	at org.junit.runners.model.FrameworkMethod$1.runReflectiveCall(FrameworkMethod.java:59)
	at org.junit.internal.runners.model.ReflectiveCallable.run(ReflectiveCallable.java:12)
	at org.junit.runners.model.FrameworkMethod.invokeExplosively(FrameworkMethod.java:56)
	at org.junit.internal.runners.statements.RunBefores.invokeMethod(RunBefores.java:33)
	at org.junit.internal.runners.statements.RunBefores.evaluate(RunBefores.java:24)
	at org.junit.runners.ParentRunner$3.evaluate(ParentRunner.java:306)
	at org.junit.runners.BlockJUnit4ClassRunner$1.evaluate(BlockJUnit4ClassRunner.java:100)
	at org.junit.runners.ParentRunner.runLeaf(ParentRunner.java:366)
	at org.junit.runners.BlockJUnit4ClassRunner.runChild(BlockJUnit4ClassRunner.java:103)
	at org.junit.runners.BlockJUnit4ClassRunner.runChild(BlockJUnit4ClassRunner.java:63)
	at org.junit.runners.ParentRunner$4.run(ParentRunner.java:331)
	at org.junit.runners.ParentRunner$1.schedule(ParentRunner.java:79)
	at org.junit.runners.ParentRunner.runChildren(ParentRunner.java:329)
	at org.junit.runners.ParentRunner.access$100(ParentRunner.java:66)
	at org.junit.runners.ParentRunner$2.evaluate(ParentRunner.java:293)
	at org.junit.runners.ParentRunner$3.evaluate(ParentRunner.java:306)
	at org.junit.runners.ParentRunner.run(ParentRunner.java:413)
	at org.junit.runners.Suite.runChild(Suite.java:128)
	at org.junit.runners.Suite.runChild(Suite.java:27)
	at org.junit.runners.ParentRunner$4.run(ParentRunner.java:331)
	at org.junit.runners.ParentRunner$1.schedule(ParentRunner.java:79)
	at org.junit.runners.ParentRunner.runChildren(ParentRunner.java:329)
	at org.junit.runners.ParentRunner.access$100(ParentRunner.java:66)
	at org.junit.runners.ParentRunner$2.evaluate(ParentRunner.java:293)
	at org.junit.internal.runners.statements.RunBefores.evaluate(RunBefores.java:26)
	at org.junit.internal.runners.statements.RunAfters.evaluate(RunAfters.java:27)
	at org.junit.runners.ParentRunner$3.evaluate(ParentRunner.java:306)
	at org.junit.runners.ParentRunner.run(ParentRunner.java:413)
	at org.apache.maven.surefire.junit4.JUnit4Provider.execute(JUnit4Provider.java:252)
	at org.apache.maven.surefire.junit4.JUnit4Provider.executeTestSet(JUnit4Provider.java:141)
	at org.apache.maven.surefire.junit4.JUnit4Provider.invoke(JUnit4Provider.java:112)
	at sun.reflect.NativeMethodAccessorImpl.invoke0(Native Method)
	at sun.reflect.NativeMethodAccessorImpl.invoke(NativeMethodAccessorImpl.java:62)
	at sun.reflect.DelegatingMethodAccessorImpl.invoke(DelegatingMethodAccessorImpl.java:43)
	at java.lang.reflect.Method.invoke(Method.java:498)
	at org.apache.maven.surefire.util.ReflectionUtils.invokeMethodWithArray(ReflectionUtils.java:189)
	at org.apache.maven.surefire.booter.ProviderFactory$ProviderProxy.invoke(ProviderFactory.java:165)
	at org.apache.maven.surefire.booter.ProviderFactory.invokeProvider(ProviderFactory.java:85)
	at org.apache.maven.surefire.booter.ForkedBooter.runSuitesInProcess(ForkedBooter.java:115)
	at org.apache.maven.surefire.booter.ForkedBooter.main(ForkedBooter.java:75)
Caused by: Exception [EclipseLink-4002] (Eclipse Persistence Services - 2.7.6.v20200131-b7c997804f): org.eclipse.persistence.exceptions.DatabaseException
Internal Exception: org.h2.jdbc.JdbcSQLIntegrityConstraintViolationException: La columna &quot;DIRECCION&quot; no permite valores nulos (NULL)
NULL not allowed for column &quot;DIRECCION&quot;; SQL statement:
INSERT INTO CLIENTE (ID, CIUDAD, CODIGOPOSTAL, DIRECCION, ESTADO, FECHAALTA, FECHABAJA, IDENTIFICACION, PAIS, TIPOCLIENTE, USER_USER, DTYPE) VALUES (?, ?, ?, ?, ?, ?, ?, ?, ?, ?, ?, ?) [23502-200]
Error Code: 23502
Call: INSERT INTO CLIENTE (ID, CIUDAD, CODIGOPOSTAL, DIRECCION, ESTADO, FECHAALTA, FECHABAJA, IDENTIFICACION, PAIS, TIPOCLIENTE, USER_USER, DTYPE) VALUES (?, ?, ?, ?, ?, ?, ?, ?, ?, ?, ?, ?)
	bind =&gt; [12 parameters bound]
Query: InsertObjectQuery(Cliente{
id=1
identificacion=Avenia Plutarco
tipoCliente=null
estado=Activo
fechaAlta=Thu Apr 28 17:23:39 CEST 2022
fechaBaja=null
direccion=null
ciudad=Malaga
codigopostal=29004
pais=Espana
cuentasFintech={[]}}Empresa{
razon_social=UMA})
	at org.eclipse.persistence.exceptions.DatabaseException.sqlException(DatabaseException.java:333)
	at org.eclipse.persistence.internal.databaseaccess.DatabaseAccessor.executeDirectNoSelect(DatabaseAccessor.java:908)
	at org.eclipse.persistence.internal.databaseaccess.DatabaseAccessor.executeNoSelect(DatabaseAccessor.java:970)
	at org.eclipse.persistence.internal.databaseaccess.DatabaseAccessor.basicExecuteCall(DatabaseAccessor.java:640)
	at org.eclipse.persistence.internal.databaseaccess.DatabaseAccessor.executeCall(DatabaseAccessor.java:567)
	at org.eclipse.persistence.internal.sessions.AbstractSession.basicExecuteCall(AbstractSession.java:2099)
	at org.eclipse.persistence.sessions.server.ClientSession.executeCall(ClientSession.java:313)
	at org.eclipse.persistence.internal.queries.DatasourceCallQueryMechanism.executeCall(DatasourceCallQueryMechanism.java:275)
	at org.eclipse.persistence.internal.queries.DatasourceCallQueryMechanism.insertObject(DatasourceCallQueryMechanism.java:397)
	at org.eclipse.persistence.internal.queries.StatementQueryMechanism.insertObject(StatementQueryMechanism.java:167)
	at org.eclipse.persistence.internal.queries.StatementQueryMechanism.insertObject(StatementQueryMechanism.java:182)
	at org.eclipse.persistence.internal.queries.DatabaseQueryMechanism.insertObjectForWrite(DatabaseQueryMechanism.java:504)
	at org.eclipse.persistence.queries.InsertObjectQuery.executeCommit(InsertObjectQuery.java:82)
	at org.eclipse.persistence.queries.InsertObjectQuery.executeCommitWithChangeSet(InsertObjectQuery.java:92)
	at org.eclipse.persistence.internal.queries.DatabaseQueryMechanism.executeWriteWithChangeSet(DatabaseQueryMechanism.java:316)
	at org.eclipse.persistence.queries.WriteObjectQuery.executeDatabaseQuery(WriteObjectQuery.java:60)
	at org.eclipse.persistence.queries.DatabaseQuery.execute(DatabaseQuery.java:911)
	at org.eclipse.persistence.queries.DatabaseQuery.executeInUnitOfWork(DatabaseQuery.java:810)
	at org.eclipse.persistence.queries.ObjectLevelModifyQuery.executeInUnitOfWorkObjectLevelModifyQuery(ObjectLevelModifyQuery.java:110)
	at org.eclipse.persistence.queries.ObjectLevelModifyQuery.executeInUnitOfWork(ObjectLevelModifyQuery.java:87)
	at org.eclipse.persistence.internal.sessions.UnitOfWorkImpl.internalExecuteQuery(UnitOfWorkImpl.java:2983)
	at org.eclipse.persistence.internal.sessions.AbstractSession.executeQuery(AbstractSession.java:1898)
	at org.eclipse.persistence.internal.sessions.AbstractSession.executeQuery(AbstractSession.java:1880)
	at org.eclipse.persistence.internal.sessions.AbstractSession.executeQuery(AbstractSession.java:1830)
	at org.eclipse.persistence.internal.sessions.CommitManager.commitNewObjectsForClassWithChangeSet(CommitManager.java:229)
	at org.eclipse.persistence.internal.sessions.CommitManager.commitAllObjectsForClassWithChangeSet(CommitManager.java:196)
	at org.eclipse.persistence.internal.sessions.CommitManager.commitAllObjectsWithChangeSet(CommitManager.java:141)
	at org.eclipse.persistence.internal.sessions.AbstractSession.writeAllObjectsWithChangeSet(AbstractSession.java:4398)
	at org.eclipse.persistence.internal.sessions.UnitOfWorkImpl.commitToDatabase(UnitOfWorkImpl.java:1495)
	at org.eclipse.persistence.internal.sessions.UnitOfWorkImpl.commitToDatabaseWithChangeSet(UnitOfWorkImpl.java:1585)
	at org.eclipse.persistence.internal.sessions.RepeatableWriteUnitOfWork.commitRootUnitOfWork(RepeatableWriteUnitOfWork.java:280)
	at org.eclipse.persistence.internal.sessions.UnitOfWorkImpl.commitAndResume(UnitOfWorkImpl.java:1222)
	at org.eclipse.persistence.internal.jpa.transaction.EntityTransactionImpl.commit(EntityTransactionImpl.java:136)
	... 45 more
Caused by: org.h2.jdbc.JdbcSQLIntegrityConstraintViolationException: La columna &quot;DIRECCION&quot; no permite valores nulos (NULL)
NULL not allowed for column &quot;DIRECCION&quot;; SQL statement:
INSERT INTO CLIENTE (ID, CIUDAD, CODIGOPOSTAL, DIRECCION, ESTADO, FECHAALTA, FECHABAJA, IDENTIFICACION, PAIS, TIPOCLIENTE, USER_USER, DTYPE) VALUES (?, ?, ?, ?, ?, ?, ?, ?, ?, ?, ?, ?) [23502-200]
	at org.h2.message.DbException.getJdbcSQLException(DbException.java:459)
	at org.h2.message.DbException.getJdbcSQLException(DbException.java:429)
	at org.h2.message.DbException.get(DbException.java:205)
	at org.h2.message.DbException.get(DbException.java:181)
	at org.h2.table.Column.validateConvertUpdateSequence(Column.java:374)
	at org.h2.table.Table.validateConvertUpdateSequence(Table.java:845)
	at org.h2.command.dml.Insert.insertRows(Insert.java:187)
	at org.h2.command.dml.Insert.update(Insert.java:151)
	at org.h2.command.CommandContainer.update(CommandContainer.java:198)
	at org.h2.command.Command.executeUpdate(Command.java:251)
	at org.h2.jdbc.JdbcPreparedStatement.executeUpdateInternal(JdbcPreparedStatement.java:191)
	at org.h2.jdbc.JdbcPreparedStatement.executeUpdate(JdbcPreparedStatement.java:152)
	at org.eclipse.persistence.internal.databaseaccess.DatabaseAccessor.executeDirectNoSelect(DatabaseAccessor.java:898)
	... 76 more
</error>
    <system-out>[EL Warning]: 2022-04-28 17:23:39.425--UnitOfWork(1534928181)--Exception [EclipseLink-4002] (Eclipse Persistence Services - 2.7.6.v20200131-b7c997804f): org.eclipse.persistence.exceptions.DatabaseException
Internal Exception: org.h2.jdbc.JdbcSQLIntegrityConstraintViolationException: La columna &quot;DIRECCION&quot; no permite valores nulos (NULL)
NULL not allowed for column &quot;DIRECCION&quot;; SQL statement:
INSERT INTO CLIENTE (ID, CIUDAD, CODIGOPOSTAL, DIRECCION, ESTADO, FECHAALTA, FECHABAJA, IDENTIFICACION, PAIS, TIPOCLIENTE, USER_USER, DTYPE) VALUES (?, ?, ?, ?, ?, ?, ?, ?, ?, ?, ?, ?) [23502-200]
Error Code: 23502
Call: INSERT INTO CLIENTE (ID, CIUDAD, CODIGOPOSTAL, DIRECCION, ESTADO, FECHAALTA, FECHABAJA, IDENTIFICACION, PAIS, TIPOCLIENTE, USER_USER, DTYPE) VALUES (?, ?, ?, ?, ?, ?, ?, ?, ?, ?, ?, ?)
	bind =&gt; [12 parameters bound]
Query: InsertObjectQuery(Cliente{
id=1
identificacion=Avenia Plutarco
tipoCliente=null
estado=Activo
fechaAlta=Thu Apr 28 17:23:39 CEST 2022
fechaBaja=null
direccion=null
ciudad=Malaga
codigopostal=29004
pais=Espana
cuentasFintech={[]}}Empresa{
razon_social=UMA})
</system-out>
  </testcase>
  <testcase classname="ma3s.fintech.test.Administrador" name="testModifyAdressPAutorizadaNoEsAdministrador" time="0.036">
    <error message="Exception [EclipseLink-4002] (Eclipse Persistence Services - 2.7.6.v20200131-b7c997804f): org.eclipse.persistence.exceptions.DatabaseException
Internal Exception: org.h2.jdbc.JdbcSQLIntegrityConstraintViolationException: La columna &quot;DIRECCION&quot; no permite valores nulos (NULL)
NULL not allowed for column &quot;DIRECCION&quot;; SQL statement:
INSERT INTO CLIENTE (ID, CIUDAD, CODIGOPOSTAL, DIRECCION, ESTADO, FECHAALTA, FECHABAJA, IDENTIFICACION, PAIS, TIPOCLIENTE, USER_USER, DTYPE) VALUES (?, ?, ?, ?, ?, ?, ?, ?, ?, ?, ?, ?) [23502-200]
Error Code: 23502
Call: INSERT INTO CLIENTE (ID, CIUDAD, CODIGOPOSTAL, DIRECCION, ESTADO, FECHAALTA, FECHABAJA, IDENTIFICACION, PAIS, TIPOCLIENTE, USER_USER, DTYPE) VALUES (?, ?, ?, ?, ?, ?, ?, ?, ?, ?, ?, ?)
	bind =&gt; [12 parameters bound]
Query: InsertObjectQuery(Cliente{
id=1
identificacion=Avenia Plutarco
tipoCliente=null
estado=Activo
fechaAlta=Thu Apr 28 17:23:39 CEST 2022
fechaBaja=null
direccion=null
ciudad=Malaga
codigopostal=29004
pais=Espana
cuentasFintech={[]}}Empresa{
razon_social=UMA})" type="javax.persistence.RollbackException">javax.persistence.RollbackException: Exception [EclipseLink-4002] (Eclipse Persistence Services - 2.7.6.v20200131-b7c997804f): org.eclipse.persistence.exceptions.DatabaseException
Internal Exception: org.h2.jdbc.JdbcSQLIntegrityConstraintViolationException: La columna &quot;DIRECCION&quot; no permite valores nulos (NULL)
NULL not allowed for column &quot;DIRECCION&quot;; SQL statement:
INSERT INTO CLIENTE (ID, CIUDAD, CODIGOPOSTAL, DIRECCION, ESTADO, FECHAALTA, FECHABAJA, IDENTIFICACION, PAIS, TIPOCLIENTE, USER_USER, DTYPE) VALUES (?, ?, ?, ?, ?, ?, ?, ?, ?, ?, ?, ?) [23502-200]
Error Code: 23502
Call: INSERT INTO CLIENTE (ID, CIUDAD, CODIGOPOSTAL, DIRECCION, ESTADO, FECHAALTA, FECHABAJA, IDENTIFICACION, PAIS, TIPOCLIENTE, USER_USER, DTYPE) VALUES (?, ?, ?, ?, ?, ?, ?, ?, ?, ?, ?, ?)
	bind =&gt; [12 parameters bound]
Query: InsertObjectQuery(Cliente{
id=1
identificacion=Avenia Plutarco
tipoCliente=null
estado=Activo
fechaAlta=Thu Apr 28 17:23:39 CEST 2022
fechaBaja=null
direccion=null
ciudad=Malaga
codigopostal=29004
pais=Espana
cuentasFintech={[]}}Empresa{
razon_social=UMA})
	at org.eclipse.persistence.internal.jpa.transaction.EntityTransactionImpl.commit(EntityTransactionImpl.java:161)
	at ma3s.fintech.test.BaseDatos.inicializaBaseDatos(BaseDatos.java:229)
	at ma3s.fintech.test.Administrador.setup(Administrador.java:39)
	at sun.reflect.GeneratedMethodAccessor25.invoke(Unknown Source)
	at sun.reflect.DelegatingMethodAccessorImpl.invoke(DelegatingMethodAccessorImpl.java:43)
	at java.lang.reflect.Method.invoke(Method.java:498)
	at org.junit.runners.model.FrameworkMethod$1.runReflectiveCall(FrameworkMethod.java:59)
	at org.junit.internal.runners.model.ReflectiveCallable.run(ReflectiveCallable.java:12)
	at org.junit.runners.model.FrameworkMethod.invokeExplosively(FrameworkMethod.java:56)
	at org.junit.internal.runners.statements.RunBefores.invokeMethod(RunBefores.java:33)
	at org.junit.internal.runners.statements.RunBefores.evaluate(RunBefores.java:24)
	at org.junit.runners.ParentRunner$3.evaluate(ParentRunner.java:306)
	at org.junit.runners.BlockJUnit4ClassRunner$1.evaluate(BlockJUnit4ClassRunner.java:100)
	at org.junit.runners.ParentRunner.runLeaf(ParentRunner.java:366)
	at org.junit.runners.BlockJUnit4ClassRunner.runChild(BlockJUnit4ClassRunner.java:103)
	at org.junit.runners.BlockJUnit4ClassRunner.runChild(BlockJUnit4ClassRunner.java:63)
	at org.junit.runners.ParentRunner$4.run(ParentRunner.java:331)
	at org.junit.runners.ParentRunner$1.schedule(ParentRunner.java:79)
	at org.junit.runners.ParentRunner.runChildren(ParentRunner.java:329)
	at org.junit.runners.ParentRunner.access$100(ParentRunner.java:66)
	at org.junit.runners.ParentRunner$2.evaluate(ParentRunner.java:293)
	at org.junit.runners.ParentRunner$3.evaluate(ParentRunner.java:306)
	at org.junit.runners.ParentRunner.run(ParentRunner.java:413)
	at org.junit.runners.Suite.runChild(Suite.java:128)
	at org.junit.runners.Suite.runChild(Suite.java:27)
	at org.junit.runners.ParentRunner$4.run(ParentRunner.java:331)
	at org.junit.runners.ParentRunner$1.schedule(ParentRunner.java:79)
	at org.junit.runners.ParentRunner.runChildren(ParentRunner.java:329)
	at org.junit.runners.ParentRunner.access$100(ParentRunner.java:66)
	at org.junit.runners.ParentRunner$2.evaluate(ParentRunner.java:293)
	at org.junit.internal.runners.statements.RunBefores.evaluate(RunBefores.java:26)
	at org.junit.internal.runners.statements.RunAfters.evaluate(RunAfters.java:27)
	at org.junit.runners.ParentRunner$3.evaluate(ParentRunner.java:306)
	at org.junit.runners.ParentRunner.run(ParentRunner.java:413)
	at org.apache.maven.surefire.junit4.JUnit4Provider.execute(JUnit4Provider.java:252)
	at org.apache.maven.surefire.junit4.JUnit4Provider.executeTestSet(JUnit4Provider.java:141)
	at org.apache.maven.surefire.junit4.JUnit4Provider.invoke(JUnit4Provider.java:112)
	at sun.reflect.NativeMethodAccessorImpl.invoke0(Native Method)
	at sun.reflect.NativeMethodAccessorImpl.invoke(NativeMethodAccessorImpl.java:62)
	at sun.reflect.DelegatingMethodAccessorImpl.invoke(DelegatingMethodAccessorImpl.java:43)
	at java.lang.reflect.Method.invoke(Method.java:498)
	at org.apache.maven.surefire.util.ReflectionUtils.invokeMethodWithArray(ReflectionUtils.java:189)
	at org.apache.maven.surefire.booter.ProviderFactory$ProviderProxy.invoke(ProviderFactory.java:165)
	at org.apache.maven.surefire.booter.ProviderFactory.invokeProvider(ProviderFactory.java:85)
	at org.apache.maven.surefire.booter.ForkedBooter.runSuitesInProcess(ForkedBooter.java:115)
	at org.apache.maven.surefire.booter.ForkedBooter.main(ForkedBooter.java:75)
Caused by: Exception [EclipseLink-4002] (Eclipse Persistence Services - 2.7.6.v20200131-b7c997804f): org.eclipse.persistence.exceptions.DatabaseException
Internal Exception: org.h2.jdbc.JdbcSQLIntegrityConstraintViolationException: La columna &quot;DIRECCION&quot; no permite valores nulos (NULL)
NULL not allowed for column &quot;DIRECCION&quot;; SQL statement:
INSERT INTO CLIENTE (ID, CIUDAD, CODIGOPOSTAL, DIRECCION, ESTADO, FECHAALTA, FECHABAJA, IDENTIFICACION, PAIS, TIPOCLIENTE, USER_USER, DTYPE) VALUES (?, ?, ?, ?, ?, ?, ?, ?, ?, ?, ?, ?) [23502-200]
Error Code: 23502
Call: INSERT INTO CLIENTE (ID, CIUDAD, CODIGOPOSTAL, DIRECCION, ESTADO, FECHAALTA, FECHABAJA, IDENTIFICACION, PAIS, TIPOCLIENTE, USER_USER, DTYPE) VALUES (?, ?, ?, ?, ?, ?, ?, ?, ?, ?, ?, ?)
	bind =&gt; [12 parameters bound]
Query: InsertObjectQuery(Cliente{
id=1
identificacion=Avenia Plutarco
tipoCliente=null
estado=Activo
fechaAlta=Thu Apr 28 17:23:39 CEST 2022
fechaBaja=null
direccion=null
ciudad=Malaga
codigopostal=29004
pais=Espana
cuentasFintech={[]}}Empresa{
razon_social=UMA})
	at org.eclipse.persistence.exceptions.DatabaseException.sqlException(DatabaseException.java:333)
	at org.eclipse.persistence.internal.databaseaccess.DatabaseAccessor.executeDirectNoSelect(DatabaseAccessor.java:908)
	at org.eclipse.persistence.internal.databaseaccess.DatabaseAccessor.executeNoSelect(DatabaseAccessor.java:970)
	at org.eclipse.persistence.internal.databaseaccess.DatabaseAccessor.basicExecuteCall(DatabaseAccessor.java:640)
	at org.eclipse.persistence.internal.databaseaccess.DatabaseAccessor.executeCall(DatabaseAccessor.java:567)
	at org.eclipse.persistence.internal.sessions.AbstractSession.basicExecuteCall(AbstractSession.java:2099)
	at org.eclipse.persistence.sessions.server.ClientSession.executeCall(ClientSession.java:313)
	at org.eclipse.persistence.internal.queries.DatasourceCallQueryMechanism.executeCall(DatasourceCallQueryMechanism.java:275)
	at org.eclipse.persistence.internal.queries.DatasourceCallQueryMechanism.insertObject(DatasourceCallQueryMechanism.java:397)
	at org.eclipse.persistence.internal.queries.StatementQueryMechanism.insertObject(StatementQueryMechanism.java:167)
	at org.eclipse.persistence.internal.queries.StatementQueryMechanism.insertObject(StatementQueryMechanism.java:182)
	at org.eclipse.persistence.internal.queries.DatabaseQueryMechanism.insertObjectForWrite(DatabaseQueryMechanism.java:504)
	at org.eclipse.persistence.queries.InsertObjectQuery.executeCommit(InsertObjectQuery.java:82)
	at org.eclipse.persistence.queries.InsertObjectQuery.executeCommitWithChangeSet(InsertObjectQuery.java:92)
	at org.eclipse.persistence.internal.queries.DatabaseQueryMechanism.executeWriteWithChangeSet(DatabaseQueryMechanism.java:316)
	at org.eclipse.persistence.queries.WriteObjectQuery.executeDatabaseQuery(WriteObjectQuery.java:60)
	at org.eclipse.persistence.queries.DatabaseQuery.execute(DatabaseQuery.java:911)
	at org.eclipse.persistence.queries.DatabaseQuery.executeInUnitOfWork(DatabaseQuery.java:810)
	at org.eclipse.persistence.queries.ObjectLevelModifyQuery.executeInUnitOfWorkObjectLevelModifyQuery(ObjectLevelModifyQuery.java:110)
	at org.eclipse.persistence.queries.ObjectLevelModifyQuery.executeInUnitOfWork(ObjectLevelModifyQuery.java:87)
	at org.eclipse.persistence.internal.sessions.UnitOfWorkImpl.internalExecuteQuery(UnitOfWorkImpl.java:2983)
	at org.eclipse.persistence.internal.sessions.AbstractSession.executeQuery(AbstractSession.java:1898)
	at org.eclipse.persistence.internal.sessions.AbstractSession.executeQuery(AbstractSession.java:1880)
	at org.eclipse.persistence.internal.sessions.AbstractSession.executeQuery(AbstractSession.java:1830)
	at org.eclipse.persistence.internal.sessions.CommitManager.commitNewObjectsForClassWithChangeSet(CommitManager.java:229)
	at org.eclipse.persistence.internal.sessions.CommitManager.commitAllObjectsForClassWithChangeSet(CommitManager.java:196)
	at org.eclipse.persistence.internal.sessions.CommitManager.commitAllObjectsWithChangeSet(CommitManager.java:141)
	at org.eclipse.persistence.internal.sessions.AbstractSession.writeAllObjectsWithChangeSet(AbstractSession.java:4398)
	at org.eclipse.persistence.internal.sessions.UnitOfWorkImpl.commitToDatabase(UnitOfWorkImpl.java:1495)
	at org.eclipse.persistence.internal.sessions.UnitOfWorkImpl.commitToDatabaseWithChangeSet(UnitOfWorkImpl.java:1585)
	at org.eclipse.persistence.internal.sessions.RepeatableWriteUnitOfWork.commitRootUnitOfWork(RepeatableWriteUnitOfWork.java:280)
	at org.eclipse.persistence.internal.sessions.UnitOfWorkImpl.commitAndResume(UnitOfWorkImpl.java:1222)
	at org.eclipse.persistence.internal.jpa.transaction.EntityTransactionImpl.commit(EntityTransactionImpl.java:136)
	... 45 more
Caused by: org.h2.jdbc.JdbcSQLIntegrityConstraintViolationException: La columna &quot;DIRECCION&quot; no permite valores nulos (NULL)
NULL not allowed for column &quot;DIRECCION&quot;; SQL statement:
INSERT INTO CLIENTE (ID, CIUDAD, CODIGOPOSTAL, DIRECCION, ESTADO, FECHAALTA, FECHABAJA, IDENTIFICACION, PAIS, TIPOCLIENTE, USER_USER, DTYPE) VALUES (?, ?, ?, ?, ?, ?, ?, ?, ?, ?, ?, ?) [23502-200]
	at org.h2.message.DbException.getJdbcSQLException(DbException.java:459)
	at org.h2.message.DbException.getJdbcSQLException(DbException.java:429)
	at org.h2.message.DbException.get(DbException.java:205)
	at org.h2.message.DbException.get(DbException.java:181)
	at org.h2.table.Column.validateConvertUpdateSequence(Column.java:374)
	at org.h2.table.Table.validateConvertUpdateSequence(Table.java:845)
	at org.h2.command.dml.Insert.insertRows(Insert.java:187)
	at org.h2.command.dml.Insert.update(Insert.java:151)
	at org.h2.command.CommandContainer.update(CommandContainer.java:198)
	at org.h2.command.Command.executeUpdate(Command.java:251)
	at org.h2.jdbc.JdbcPreparedStatement.executeUpdateInternal(JdbcPreparedStatement.java:191)
	at org.h2.jdbc.JdbcPreparedStatement.executeUpdate(JdbcPreparedStatement.java:152)
	at org.eclipse.persistence.internal.databaseaccess.DatabaseAccessor.executeDirectNoSelect(DatabaseAccessor.java:898)
	... 76 more
</error>
    <system-out>[EL Warning]: 2022-04-28 17:23:39.46--UnitOfWork(1213406424)--Exception [EclipseLink-4002] (Eclipse Persistence Services - 2.7.6.v20200131-b7c997804f): org.eclipse.persistence.exceptions.DatabaseException
Internal Exception: org.h2.jdbc.JdbcSQLIntegrityConstraintViolationException: La columna &quot;DIRECCION&quot; no permite valores nulos (NULL)
NULL not allowed for column &quot;DIRECCION&quot;; SQL statement:
INSERT INTO CLIENTE (ID, CIUDAD, CODIGOPOSTAL, DIRECCION, ESTADO, FECHAALTA, FECHABAJA, IDENTIFICACION, PAIS, TIPOCLIENTE, USER_USER, DTYPE) VALUES (?, ?, ?, ?, ?, ?, ?, ?, ?, ?, ?, ?) [23502-200]
Error Code: 23502
Call: INSERT INTO CLIENTE (ID, CIUDAD, CODIGOPOSTAL, DIRECCION, ESTADO, FECHAALTA, FECHABAJA, IDENTIFICACION, PAIS, TIPOCLIENTE, USER_USER, DTYPE) VALUES (?, ?, ?, ?, ?, ?, ?, ?, ?, ?, ?, ?)
	bind =&gt; [12 parameters bound]
Query: InsertObjectQuery(Cliente{
id=1
identificacion=Avenia Plutarco
tipoCliente=null
estado=Activo
fechaAlta=Thu Apr 28 17:23:39 CEST 2022
fechaBaja=null
direccion=null
ciudad=Malaga
codigopostal=29004
pais=Espana
cuentasFintech={[]}}Empresa{
razon_social=UMA})
</system-out>
  </testcase>
  <testcase classname="ma3s.fintech.test.Administrador" name="testModifyNamePAutorizadaCampoVacio" time="0.039">
    <error message="Exception [EclipseLink-4002] (Eclipse Persistence Services - 2.7.6.v20200131-b7c997804f): org.eclipse.persistence.exceptions.DatabaseException
Internal Exception: org.h2.jdbc.JdbcSQLIntegrityConstraintViolationException: La columna &quot;DIRECCION&quot; no permite valores nulos (NULL)
NULL not allowed for column &quot;DIRECCION&quot;; SQL statement:
INSERT INTO CLIENTE (ID, CIUDAD, CODIGOPOSTAL, DIRECCION, ESTADO, FECHAALTA, FECHABAJA, IDENTIFICACION, PAIS, TIPOCLIENTE, USER_USER, DTYPE) VALUES (?, ?, ?, ?, ?, ?, ?, ?, ?, ?, ?, ?) [23502-200]
Error Code: 23502
Call: INSERT INTO CLIENTE (ID, CIUDAD, CODIGOPOSTAL, DIRECCION, ESTADO, FECHAALTA, FECHABAJA, IDENTIFICACION, PAIS, TIPOCLIENTE, USER_USER, DTYPE) VALUES (?, ?, ?, ?, ?, ?, ?, ?, ?, ?, ?, ?)
	bind =&gt; [12 parameters bound]
Query: InsertObjectQuery(Cliente{
id=1
identificacion=Avenia Plutarco
tipoCliente=null
estado=Activo
fechaAlta=Thu Apr 28 17:23:39 CEST 2022
fechaBaja=null
direccion=null
ciudad=Malaga
codigopostal=29004
pais=Espana
cuentasFintech={[]}}Empresa{
razon_social=UMA})" type="javax.persistence.RollbackException">javax.persistence.RollbackException: Exception [EclipseLink-4002] (Eclipse Persistence Services - 2.7.6.v20200131-b7c997804f): org.eclipse.persistence.exceptions.DatabaseException
Internal Exception: org.h2.jdbc.JdbcSQLIntegrityConstraintViolationException: La columna &quot;DIRECCION&quot; no permite valores nulos (NULL)
NULL not allowed for column &quot;DIRECCION&quot;; SQL statement:
INSERT INTO CLIENTE (ID, CIUDAD, CODIGOPOSTAL, DIRECCION, ESTADO, FECHAALTA, FECHABAJA, IDENTIFICACION, PAIS, TIPOCLIENTE, USER_USER, DTYPE) VALUES (?, ?, ?, ?, ?, ?, ?, ?, ?, ?, ?, ?) [23502-200]
Error Code: 23502
Call: INSERT INTO CLIENTE (ID, CIUDAD, CODIGOPOSTAL, DIRECCION, ESTADO, FECHAALTA, FECHABAJA, IDENTIFICACION, PAIS, TIPOCLIENTE, USER_USER, DTYPE) VALUES (?, ?, ?, ?, ?, ?, ?, ?, ?, ?, ?, ?)
	bind =&gt; [12 parameters bound]
Query: InsertObjectQuery(Cliente{
id=1
identificacion=Avenia Plutarco
tipoCliente=null
estado=Activo
fechaAlta=Thu Apr 28 17:23:39 CEST 2022
fechaBaja=null
direccion=null
ciudad=Malaga
codigopostal=29004
pais=Espana
cuentasFintech={[]}}Empresa{
razon_social=UMA})
	at org.eclipse.persistence.internal.jpa.transaction.EntityTransactionImpl.commit(EntityTransactionImpl.java:161)
	at ma3s.fintech.test.BaseDatos.inicializaBaseDatos(BaseDatos.java:229)
	at ma3s.fintech.test.Administrador.setup(Administrador.java:39)
	at sun.reflect.GeneratedMethodAccessor25.invoke(Unknown Source)
	at sun.reflect.DelegatingMethodAccessorImpl.invoke(DelegatingMethodAccessorImpl.java:43)
	at java.lang.reflect.Method.invoke(Method.java:498)
	at org.junit.runners.model.FrameworkMethod$1.runReflectiveCall(FrameworkMethod.java:59)
	at org.junit.internal.runners.model.ReflectiveCallable.run(ReflectiveCallable.java:12)
	at org.junit.runners.model.FrameworkMethod.invokeExplosively(FrameworkMethod.java:56)
	at org.junit.internal.runners.statements.RunBefores.invokeMethod(RunBefores.java:33)
	at org.junit.internal.runners.statements.RunBefores.evaluate(RunBefores.java:24)
	at org.junit.runners.ParentRunner$3.evaluate(ParentRunner.java:306)
	at org.junit.runners.BlockJUnit4ClassRunner$1.evaluate(BlockJUnit4ClassRunner.java:100)
	at org.junit.runners.ParentRunner.runLeaf(ParentRunner.java:366)
	at org.junit.runners.BlockJUnit4ClassRunner.runChild(BlockJUnit4ClassRunner.java:103)
	at org.junit.runners.BlockJUnit4ClassRunner.runChild(BlockJUnit4ClassRunner.java:63)
	at org.junit.runners.ParentRunner$4.run(ParentRunner.java:331)
	at org.junit.runners.ParentRunner$1.schedule(ParentRunner.java:79)
	at org.junit.runners.ParentRunner.runChildren(ParentRunner.java:329)
	at org.junit.runners.ParentRunner.access$100(ParentRunner.java:66)
	at org.junit.runners.ParentRunner$2.evaluate(ParentRunner.java:293)
	at org.junit.runners.ParentRunner$3.evaluate(ParentRunner.java:306)
	at org.junit.runners.ParentRunner.run(ParentRunner.java:413)
	at org.junit.runners.Suite.runChild(Suite.java:128)
	at org.junit.runners.Suite.runChild(Suite.java:27)
	at org.junit.runners.ParentRunner$4.run(ParentRunner.java:331)
	at org.junit.runners.ParentRunner$1.schedule(ParentRunner.java:79)
	at org.junit.runners.ParentRunner.runChildren(ParentRunner.java:329)
	at org.junit.runners.ParentRunner.access$100(ParentRunner.java:66)
	at org.junit.runners.ParentRunner$2.evaluate(ParentRunner.java:293)
	at org.junit.internal.runners.statements.RunBefores.evaluate(RunBefores.java:26)
	at org.junit.internal.runners.statements.RunAfters.evaluate(RunAfters.java:27)
	at org.junit.runners.ParentRunner$3.evaluate(ParentRunner.java:306)
	at org.junit.runners.ParentRunner.run(ParentRunner.java:413)
	at org.apache.maven.surefire.junit4.JUnit4Provider.execute(JUnit4Provider.java:252)
	at org.apache.maven.surefire.junit4.JUnit4Provider.executeTestSet(JUnit4Provider.java:141)
	at org.apache.maven.surefire.junit4.JUnit4Provider.invoke(JUnit4Provider.java:112)
	at sun.reflect.NativeMethodAccessorImpl.invoke0(Native Method)
	at sun.reflect.NativeMethodAccessorImpl.invoke(NativeMethodAccessorImpl.java:62)
	at sun.reflect.DelegatingMethodAccessorImpl.invoke(DelegatingMethodAccessorImpl.java:43)
	at java.lang.reflect.Method.invoke(Method.java:498)
	at org.apache.maven.surefire.util.ReflectionUtils.invokeMethodWithArray(ReflectionUtils.java:189)
	at org.apache.maven.surefire.booter.ProviderFactory$ProviderProxy.invoke(ProviderFactory.java:165)
	at org.apache.maven.surefire.booter.ProviderFactory.invokeProvider(ProviderFactory.java:85)
	at org.apache.maven.surefire.booter.ForkedBooter.runSuitesInProcess(ForkedBooter.java:115)
	at org.apache.maven.surefire.booter.ForkedBooter.main(ForkedBooter.java:75)
Caused by: Exception [EclipseLink-4002] (Eclipse Persistence Services - 2.7.6.v20200131-b7c997804f): org.eclipse.persistence.exceptions.DatabaseException
Internal Exception: org.h2.jdbc.JdbcSQLIntegrityConstraintViolationException: La columna &quot;DIRECCION&quot; no permite valores nulos (NULL)
NULL not allowed for column &quot;DIRECCION&quot;; SQL statement:
INSERT INTO CLIENTE (ID, CIUDAD, CODIGOPOSTAL, DIRECCION, ESTADO, FECHAALTA, FECHABAJA, IDENTIFICACION, PAIS, TIPOCLIENTE, USER_USER, DTYPE) VALUES (?, ?, ?, ?, ?, ?, ?, ?, ?, ?, ?, ?) [23502-200]
Error Code: 23502
Call: INSERT INTO CLIENTE (ID, CIUDAD, CODIGOPOSTAL, DIRECCION, ESTADO, FECHAALTA, FECHABAJA, IDENTIFICACION, PAIS, TIPOCLIENTE, USER_USER, DTYPE) VALUES (?, ?, ?, ?, ?, ?, ?, ?, ?, ?, ?, ?)
	bind =&gt; [12 parameters bound]
Query: InsertObjectQuery(Cliente{
id=1
identificacion=Avenia Plutarco
tipoCliente=null
estado=Activo
fechaAlta=Thu Apr 28 17:23:39 CEST 2022
fechaBaja=null
direccion=null
ciudad=Malaga
codigopostal=29004
pais=Espana
cuentasFintech={[]}}Empresa{
razon_social=UMA})
	at org.eclipse.persistence.exceptions.DatabaseException.sqlException(DatabaseException.java:333)
	at org.eclipse.persistence.internal.databaseaccess.DatabaseAccessor.executeDirectNoSelect(DatabaseAccessor.java:908)
	at org.eclipse.persistence.internal.databaseaccess.DatabaseAccessor.executeNoSelect(DatabaseAccessor.java:970)
	at org.eclipse.persistence.internal.databaseaccess.DatabaseAccessor.basicExecuteCall(DatabaseAccessor.java:640)
	at org.eclipse.persistence.internal.databaseaccess.DatabaseAccessor.executeCall(DatabaseAccessor.java:567)
	at org.eclipse.persistence.internal.sessions.AbstractSession.basicExecuteCall(AbstractSession.java:2099)
	at org.eclipse.persistence.sessions.server.ClientSession.executeCall(ClientSession.java:313)
	at org.eclipse.persistence.internal.queries.DatasourceCallQueryMechanism.executeCall(DatasourceCallQueryMechanism.java:275)
	at org.eclipse.persistence.internal.queries.DatasourceCallQueryMechanism.insertObject(DatasourceCallQueryMechanism.java:397)
	at org.eclipse.persistence.internal.queries.StatementQueryMechanism.insertObject(StatementQueryMechanism.java:167)
	at org.eclipse.persistence.internal.queries.StatementQueryMechanism.insertObject(StatementQueryMechanism.java:182)
	at org.eclipse.persistence.internal.queries.DatabaseQueryMechanism.insertObjectForWrite(DatabaseQueryMechanism.java:504)
	at org.eclipse.persistence.queries.InsertObjectQuery.executeCommit(InsertObjectQuery.java:82)
	at org.eclipse.persistence.queries.InsertObjectQuery.executeCommitWithChangeSet(InsertObjectQuery.java:92)
	at org.eclipse.persistence.internal.queries.DatabaseQueryMechanism.executeWriteWithChangeSet(DatabaseQueryMechanism.java:316)
	at org.eclipse.persistence.queries.WriteObjectQuery.executeDatabaseQuery(WriteObjectQuery.java:60)
	at org.eclipse.persistence.queries.DatabaseQuery.execute(DatabaseQuery.java:911)
	at org.eclipse.persistence.queries.DatabaseQuery.executeInUnitOfWork(DatabaseQuery.java:810)
	at org.eclipse.persistence.queries.ObjectLevelModifyQuery.executeInUnitOfWorkObjectLevelModifyQuery(ObjectLevelModifyQuery.java:110)
	at org.eclipse.persistence.queries.ObjectLevelModifyQuery.executeInUnitOfWork(ObjectLevelModifyQuery.java:87)
	at org.eclipse.persistence.internal.sessions.UnitOfWorkImpl.internalExecuteQuery(UnitOfWorkImpl.java:2983)
	at org.eclipse.persistence.internal.sessions.AbstractSession.executeQuery(AbstractSession.java:1898)
	at org.eclipse.persistence.internal.sessions.AbstractSession.executeQuery(AbstractSession.java:1880)
	at org.eclipse.persistence.internal.sessions.AbstractSession.executeQuery(AbstractSession.java:1830)
	at org.eclipse.persistence.internal.sessions.CommitManager.commitNewObjectsForClassWithChangeSet(CommitManager.java:229)
	at org.eclipse.persistence.internal.sessions.CommitManager.commitAllObjectsForClassWithChangeSet(CommitManager.java:196)
	at org.eclipse.persistence.internal.sessions.CommitManager.commitAllObjectsWithChangeSet(CommitManager.java:141)
	at org.eclipse.persistence.internal.sessions.AbstractSession.writeAllObjectsWithChangeSet(AbstractSession.java:4398)
	at org.eclipse.persistence.internal.sessions.UnitOfWorkImpl.commitToDatabase(UnitOfWorkImpl.java:1495)
	at org.eclipse.persistence.internal.sessions.UnitOfWorkImpl.commitToDatabaseWithChangeSet(UnitOfWorkImpl.java:1585)
	at org.eclipse.persistence.internal.sessions.RepeatableWriteUnitOfWork.commitRootUnitOfWork(RepeatableWriteUnitOfWork.java:280)
	at org.eclipse.persistence.internal.sessions.UnitOfWorkImpl.commitAndResume(UnitOfWorkImpl.java:1222)
	at org.eclipse.persistence.internal.jpa.transaction.EntityTransactionImpl.commit(EntityTransactionImpl.java:136)
	... 45 more
Caused by: org.h2.jdbc.JdbcSQLIntegrityConstraintViolationException: La columna &quot;DIRECCION&quot; no permite valores nulos (NULL)
NULL not allowed for column &quot;DIRECCION&quot;; SQL statement:
INSERT INTO CLIENTE (ID, CIUDAD, CODIGOPOSTAL, DIRECCION, ESTADO, FECHAALTA, FECHABAJA, IDENTIFICACION, PAIS, TIPOCLIENTE, USER_USER, DTYPE) VALUES (?, ?, ?, ?, ?, ?, ?, ?, ?, ?, ?, ?) [23502-200]
	at org.h2.message.DbException.getJdbcSQLException(DbException.java:459)
	at org.h2.message.DbException.getJdbcSQLException(DbException.java:429)
	at org.h2.message.DbException.get(DbException.java:205)
	at org.h2.message.DbException.get(DbException.java:181)
	at org.h2.table.Column.validateConvertUpdateSequence(Column.java:374)
	at org.h2.table.Table.validateConvertUpdateSequence(Table.java:845)
	at org.h2.command.dml.Insert.insertRows(Insert.java:187)
	at org.h2.command.dml.Insert.update(Insert.java:151)
	at org.h2.command.CommandContainer.update(CommandContainer.java:198)
	at org.h2.command.Command.executeUpdate(Command.java:251)
	at org.h2.jdbc.JdbcPreparedStatement.executeUpdateInternal(JdbcPreparedStatement.java:191)
	at org.h2.jdbc.JdbcPreparedStatement.executeUpdate(JdbcPreparedStatement.java:152)
	at org.eclipse.persistence.internal.databaseaccess.DatabaseAccessor.executeDirectNoSelect(DatabaseAccessor.java:898)
	... 76 more
</error>
    <system-out>[EL Warning]: 2022-04-28 17:23:39.5--UnitOfWork(1984763819)--Exception [EclipseLink-4002] (Eclipse Persistence Services - 2.7.6.v20200131-b7c997804f): org.eclipse.persistence.exceptions.DatabaseException
Internal Exception: org.h2.jdbc.JdbcSQLIntegrityConstraintViolationException: La columna &quot;DIRECCION&quot; no permite valores nulos (NULL)
NULL not allowed for column &quot;DIRECCION&quot;; SQL statement:
INSERT INTO CLIENTE (ID, CIUDAD, CODIGOPOSTAL, DIRECCION, ESTADO, FECHAALTA, FECHABAJA, IDENTIFICACION, PAIS, TIPOCLIENTE, USER_USER, DTYPE) VALUES (?, ?, ?, ?, ?, ?, ?, ?, ?, ?, ?, ?) [23502-200]
Error Code: 23502
Call: INSERT INTO CLIENTE (ID, CIUDAD, CODIGOPOSTAL, DIRECCION, ESTADO, FECHAALTA, FECHABAJA, IDENTIFICACION, PAIS, TIPOCLIENTE, USER_USER, DTYPE) VALUES (?, ?, ?, ?, ?, ?, ?, ?, ?, ?, ?, ?)
	bind =&gt; [12 parameters bound]
Query: InsertObjectQuery(Cliente{
id=1
identificacion=Avenia Plutarco
tipoCliente=null
estado=Activo
fechaAlta=Thu Apr 28 17:23:39 CEST 2022
fechaBaja=null
direccion=null
ciudad=Malaga
codigopostal=29004
pais=Espana
cuentasFintech={[]}}Empresa{
razon_social=UMA})
</system-out>
  </testcase>
  <testcase classname="ma3s.fintech.test.Administrador" name="testModifyFechaInicioPAutorizadaAdminNoExist" time="0.033">
    <error message="Exception [EclipseLink-4002] (Eclipse Persistence Services - 2.7.6.v20200131-b7c997804f): org.eclipse.persistence.exceptions.DatabaseException
Internal Exception: org.h2.jdbc.JdbcSQLIntegrityConstraintViolationException: La columna &quot;DIRECCION&quot; no permite valores nulos (NULL)
NULL not allowed for column &quot;DIRECCION&quot;; SQL statement:
INSERT INTO CLIENTE (ID, CIUDAD, CODIGOPOSTAL, DIRECCION, ESTADO, FECHAALTA, FECHABAJA, IDENTIFICACION, PAIS, TIPOCLIENTE, USER_USER, DTYPE) VALUES (?, ?, ?, ?, ?, ?, ?, ?, ?, ?, ?, ?) [23502-200]
Error Code: 23502
Call: INSERT INTO CLIENTE (ID, CIUDAD, CODIGOPOSTAL, DIRECCION, ESTADO, FECHAALTA, FECHABAJA, IDENTIFICACION, PAIS, TIPOCLIENTE, USER_USER, DTYPE) VALUES (?, ?, ?, ?, ?, ?, ?, ?, ?, ?, ?, ?)
	bind =&gt; [12 parameters bound]
Query: InsertObjectQuery(Cliente{
id=1
identificacion=Avenia Plutarco
tipoCliente=null
estado=Activo
fechaAlta=Thu Apr 28 17:23:39 CEST 2022
fechaBaja=null
direccion=null
ciudad=Malaga
codigopostal=29004
pais=Espana
cuentasFintech={[]}}Empresa{
razon_social=UMA})" type="javax.persistence.RollbackException">javax.persistence.RollbackException: Exception [EclipseLink-4002] (Eclipse Persistence Services - 2.7.6.v20200131-b7c997804f): org.eclipse.persistence.exceptions.DatabaseException
Internal Exception: org.h2.jdbc.JdbcSQLIntegrityConstraintViolationException: La columna &quot;DIRECCION&quot; no permite valores nulos (NULL)
NULL not allowed for column &quot;DIRECCION&quot;; SQL statement:
INSERT INTO CLIENTE (ID, CIUDAD, CODIGOPOSTAL, DIRECCION, ESTADO, FECHAALTA, FECHABAJA, IDENTIFICACION, PAIS, TIPOCLIENTE, USER_USER, DTYPE) VALUES (?, ?, ?, ?, ?, ?, ?, ?, ?, ?, ?, ?) [23502-200]
Error Code: 23502
Call: INSERT INTO CLIENTE (ID, CIUDAD, CODIGOPOSTAL, DIRECCION, ESTADO, FECHAALTA, FECHABAJA, IDENTIFICACION, PAIS, TIPOCLIENTE, USER_USER, DTYPE) VALUES (?, ?, ?, ?, ?, ?, ?, ?, ?, ?, ?, ?)
	bind =&gt; [12 parameters bound]
Query: InsertObjectQuery(Cliente{
id=1
identificacion=Avenia Plutarco
tipoCliente=null
estado=Activo
fechaAlta=Thu Apr 28 17:23:39 CEST 2022
fechaBaja=null
direccion=null
ciudad=Malaga
codigopostal=29004
pais=Espana
cuentasFintech={[]}}Empresa{
razon_social=UMA})
	at org.eclipse.persistence.internal.jpa.transaction.EntityTransactionImpl.commit(EntityTransactionImpl.java:161)
	at ma3s.fintech.test.BaseDatos.inicializaBaseDatos(BaseDatos.java:229)
	at ma3s.fintech.test.Administrador.setup(Administrador.java:39)
	at sun.reflect.GeneratedMethodAccessor25.invoke(Unknown Source)
	at sun.reflect.DelegatingMethodAccessorImpl.invoke(DelegatingMethodAccessorImpl.java:43)
	at java.lang.reflect.Method.invoke(Method.java:498)
	at org.junit.runners.model.FrameworkMethod$1.runReflectiveCall(FrameworkMethod.java:59)
	at org.junit.internal.runners.model.ReflectiveCallable.run(ReflectiveCallable.java:12)
	at org.junit.runners.model.FrameworkMethod.invokeExplosively(FrameworkMethod.java:56)
	at org.junit.internal.runners.statements.RunBefores.invokeMethod(RunBefores.java:33)
	at org.junit.internal.runners.statements.RunBefores.evaluate(RunBefores.java:24)
	at org.junit.runners.ParentRunner$3.evaluate(ParentRunner.java:306)
	at org.junit.runners.BlockJUnit4ClassRunner$1.evaluate(BlockJUnit4ClassRunner.java:100)
	at org.junit.runners.ParentRunner.runLeaf(ParentRunner.java:366)
	at org.junit.runners.BlockJUnit4ClassRunner.runChild(BlockJUnit4ClassRunner.java:103)
	at org.junit.runners.BlockJUnit4ClassRunner.runChild(BlockJUnit4ClassRunner.java:63)
	at org.junit.runners.ParentRunner$4.run(ParentRunner.java:331)
	at org.junit.runners.ParentRunner$1.schedule(ParentRunner.java:79)
	at org.junit.runners.ParentRunner.runChildren(ParentRunner.java:329)
	at org.junit.runners.ParentRunner.access$100(ParentRunner.java:66)
	at org.junit.runners.ParentRunner$2.evaluate(ParentRunner.java:293)
	at org.junit.runners.ParentRunner$3.evaluate(ParentRunner.java:306)
	at org.junit.runners.ParentRunner.run(ParentRunner.java:413)
	at org.junit.runners.Suite.runChild(Suite.java:128)
	at org.junit.runners.Suite.runChild(Suite.java:27)
	at org.junit.runners.ParentRunner$4.run(ParentRunner.java:331)
	at org.junit.runners.ParentRunner$1.schedule(ParentRunner.java:79)
	at org.junit.runners.ParentRunner.runChildren(ParentRunner.java:329)
	at org.junit.runners.ParentRunner.access$100(ParentRunner.java:66)
	at org.junit.runners.ParentRunner$2.evaluate(ParentRunner.java:293)
	at org.junit.internal.runners.statements.RunBefores.evaluate(RunBefores.java:26)
	at org.junit.internal.runners.statements.RunAfters.evaluate(RunAfters.java:27)
	at org.junit.runners.ParentRunner$3.evaluate(ParentRunner.java:306)
	at org.junit.runners.ParentRunner.run(ParentRunner.java:413)
	at org.apache.maven.surefire.junit4.JUnit4Provider.execute(JUnit4Provider.java:252)
	at org.apache.maven.surefire.junit4.JUnit4Provider.executeTestSet(JUnit4Provider.java:141)
	at org.apache.maven.surefire.junit4.JUnit4Provider.invoke(JUnit4Provider.java:112)
	at sun.reflect.NativeMethodAccessorImpl.invoke0(Native Method)
	at sun.reflect.NativeMethodAccessorImpl.invoke(NativeMethodAccessorImpl.java:62)
	at sun.reflect.DelegatingMethodAccessorImpl.invoke(DelegatingMethodAccessorImpl.java:43)
	at java.lang.reflect.Method.invoke(Method.java:498)
	at org.apache.maven.surefire.util.ReflectionUtils.invokeMethodWithArray(ReflectionUtils.java:189)
	at org.apache.maven.surefire.booter.ProviderFactory$ProviderProxy.invoke(ProviderFactory.java:165)
	at org.apache.maven.surefire.booter.ProviderFactory.invokeProvider(ProviderFactory.java:85)
	at org.apache.maven.surefire.booter.ForkedBooter.runSuitesInProcess(ForkedBooter.java:115)
	at org.apache.maven.surefire.booter.ForkedBooter.main(ForkedBooter.java:75)
Caused by: Exception [EclipseLink-4002] (Eclipse Persistence Services - 2.7.6.v20200131-b7c997804f): org.eclipse.persistence.exceptions.DatabaseException
Internal Exception: org.h2.jdbc.JdbcSQLIntegrityConstraintViolationException: La columna &quot;DIRECCION&quot; no permite valores nulos (NULL)
NULL not allowed for column &quot;DIRECCION&quot;; SQL statement:
INSERT INTO CLIENTE (ID, CIUDAD, CODIGOPOSTAL, DIRECCION, ESTADO, FECHAALTA, FECHABAJA, IDENTIFICACION, PAIS, TIPOCLIENTE, USER_USER, DTYPE) VALUES (?, ?, ?, ?, ?, ?, ?, ?, ?, ?, ?, ?) [23502-200]
Error Code: 23502
Call: INSERT INTO CLIENTE (ID, CIUDAD, CODIGOPOSTAL, DIRECCION, ESTADO, FECHAALTA, FECHABAJA, IDENTIFICACION, PAIS, TIPOCLIENTE, USER_USER, DTYPE) VALUES (?, ?, ?, ?, ?, ?, ?, ?, ?, ?, ?, ?)
	bind =&gt; [12 parameters bound]
Query: InsertObjectQuery(Cliente{
id=1
identificacion=Avenia Plutarco
tipoCliente=null
estado=Activo
fechaAlta=Thu Apr 28 17:23:39 CEST 2022
fechaBaja=null
direccion=null
ciudad=Malaga
codigopostal=29004
pais=Espana
cuentasFintech={[]}}Empresa{
razon_social=UMA})
	at org.eclipse.persistence.exceptions.DatabaseException.sqlException(DatabaseException.java:333)
	at org.eclipse.persistence.internal.databaseaccess.DatabaseAccessor.executeDirectNoSelect(DatabaseAccessor.java:908)
	at org.eclipse.persistence.internal.databaseaccess.DatabaseAccessor.executeNoSelect(DatabaseAccessor.java:970)
	at org.eclipse.persistence.internal.databaseaccess.DatabaseAccessor.basicExecuteCall(DatabaseAccessor.java:640)
	at org.eclipse.persistence.internal.databaseaccess.DatabaseAccessor.executeCall(DatabaseAccessor.java:567)
	at org.eclipse.persistence.internal.sessions.AbstractSession.basicExecuteCall(AbstractSession.java:2099)
	at org.eclipse.persistence.sessions.server.ClientSession.executeCall(ClientSession.java:313)
	at org.eclipse.persistence.internal.queries.DatasourceCallQueryMechanism.executeCall(DatasourceCallQueryMechanism.java:275)
	at org.eclipse.persistence.internal.queries.DatasourceCallQueryMechanism.insertObject(DatasourceCallQueryMechanism.java:397)
	at org.eclipse.persistence.internal.queries.StatementQueryMechanism.insertObject(StatementQueryMechanism.java:167)
	at org.eclipse.persistence.internal.queries.StatementQueryMechanism.insertObject(StatementQueryMechanism.java:182)
	at org.eclipse.persistence.internal.queries.DatabaseQueryMechanism.insertObjectForWrite(DatabaseQueryMechanism.java:504)
	at org.eclipse.persistence.queries.InsertObjectQuery.executeCommit(InsertObjectQuery.java:82)
	at org.eclipse.persistence.queries.InsertObjectQuery.executeCommitWithChangeSet(InsertObjectQuery.java:92)
	at org.eclipse.persistence.internal.queries.DatabaseQueryMechanism.executeWriteWithChangeSet(DatabaseQueryMechanism.java:316)
	at org.eclipse.persistence.queries.WriteObjectQuery.executeDatabaseQuery(WriteObjectQuery.java:60)
	at org.eclipse.persistence.queries.DatabaseQuery.execute(DatabaseQuery.java:911)
	at org.eclipse.persistence.queries.DatabaseQuery.executeInUnitOfWork(DatabaseQuery.java:810)
	at org.eclipse.persistence.queries.ObjectLevelModifyQuery.executeInUnitOfWorkObjectLevelModifyQuery(ObjectLevelModifyQuery.java:110)
	at org.eclipse.persistence.queries.ObjectLevelModifyQuery.executeInUnitOfWork(ObjectLevelModifyQuery.java:87)
	at org.eclipse.persistence.internal.sessions.UnitOfWorkImpl.internalExecuteQuery(UnitOfWorkImpl.java:2983)
	at org.eclipse.persistence.internal.sessions.AbstractSession.executeQuery(AbstractSession.java:1898)
	at org.eclipse.persistence.internal.sessions.AbstractSession.executeQuery(AbstractSession.java:1880)
	at org.eclipse.persistence.internal.sessions.AbstractSession.executeQuery(AbstractSession.java:1830)
	at org.eclipse.persistence.internal.sessions.CommitManager.commitNewObjectsForClassWithChangeSet(CommitManager.java:229)
	at org.eclipse.persistence.internal.sessions.CommitManager.commitAllObjectsForClassWithChangeSet(CommitManager.java:196)
	at org.eclipse.persistence.internal.sessions.CommitManager.commitAllObjectsWithChangeSet(CommitManager.java:141)
	at org.eclipse.persistence.internal.sessions.AbstractSession.writeAllObjectsWithChangeSet(AbstractSession.java:4398)
	at org.eclipse.persistence.internal.sessions.UnitOfWorkImpl.commitToDatabase(UnitOfWorkImpl.java:1495)
	at org.eclipse.persistence.internal.sessions.UnitOfWorkImpl.commitToDatabaseWithChangeSet(UnitOfWorkImpl.java:1585)
	at org.eclipse.persistence.internal.sessions.RepeatableWriteUnitOfWork.commitRootUnitOfWork(RepeatableWriteUnitOfWork.java:280)
	at org.eclipse.persistence.internal.sessions.UnitOfWorkImpl.commitAndResume(UnitOfWorkImpl.java:1222)
	at org.eclipse.persistence.internal.jpa.transaction.EntityTransactionImpl.commit(EntityTransactionImpl.java:136)
	... 45 more
Caused by: org.h2.jdbc.JdbcSQLIntegrityConstraintViolationException: La columna &quot;DIRECCION&quot; no permite valores nulos (NULL)
NULL not allowed for column &quot;DIRECCION&quot;; SQL statement:
INSERT INTO CLIENTE (ID, CIUDAD, CODIGOPOSTAL, DIRECCION, ESTADO, FECHAALTA, FECHABAJA, IDENTIFICACION, PAIS, TIPOCLIENTE, USER_USER, DTYPE) VALUES (?, ?, ?, ?, ?, ?, ?, ?, ?, ?, ?, ?) [23502-200]
	at org.h2.message.DbException.getJdbcSQLException(DbException.java:459)
	at org.h2.message.DbException.getJdbcSQLException(DbException.java:429)
	at org.h2.message.DbException.get(DbException.java:205)
	at org.h2.message.DbException.get(DbException.java:181)
	at org.h2.table.Column.validateConvertUpdateSequence(Column.java:374)
	at org.h2.table.Table.validateConvertUpdateSequence(Table.java:845)
	at org.h2.command.dml.Insert.insertRows(Insert.java:187)
	at org.h2.command.dml.Insert.update(Insert.java:151)
	at org.h2.command.CommandContainer.update(CommandContainer.java:198)
	at org.h2.command.Command.executeUpdate(Command.java:251)
	at org.h2.jdbc.JdbcPreparedStatement.executeUpdateInternal(JdbcPreparedStatement.java:191)
	at org.h2.jdbc.JdbcPreparedStatement.executeUpdate(JdbcPreparedStatement.java:152)
	at org.eclipse.persistence.internal.databaseaccess.DatabaseAccessor.executeDirectNoSelect(DatabaseAccessor.java:898)
	... 76 more
</error>
    <system-out>[EL Warning]: 2022-04-28 17:23:39.533--UnitOfWork(1971852018)--Exception [EclipseLink-4002] (Eclipse Persistence Services - 2.7.6.v20200131-b7c997804f): org.eclipse.persistence.exceptions.DatabaseException
Internal Exception: org.h2.jdbc.JdbcSQLIntegrityConstraintViolationException: La columna &quot;DIRECCION&quot; no permite valores nulos (NULL)
NULL not allowed for column &quot;DIRECCION&quot;; SQL statement:
INSERT INTO CLIENTE (ID, CIUDAD, CODIGOPOSTAL, DIRECCION, ESTADO, FECHAALTA, FECHABAJA, IDENTIFICACION, PAIS, TIPOCLIENTE, USER_USER, DTYPE) VALUES (?, ?, ?, ?, ?, ?, ?, ?, ?, ?, ?, ?) [23502-200]
Error Code: 23502
Call: INSERT INTO CLIENTE (ID, CIUDAD, CODIGOPOSTAL, DIRECCION, ESTADO, FECHAALTA, FECHABAJA, IDENTIFICACION, PAIS, TIPOCLIENTE, USER_USER, DTYPE) VALUES (?, ?, ?, ?, ?, ?, ?, ?, ?, ?, ?, ?)
	bind =&gt; [12 parameters bound]
Query: InsertObjectQuery(Cliente{
id=1
identificacion=Avenia Plutarco
tipoCliente=null
estado=Activo
fechaAlta=Thu Apr 28 17:23:39 CEST 2022
fechaBaja=null
direccion=null
ciudad=Malaga
codigopostal=29004
pais=Espana
cuentasFintech={[]}}Empresa{
razon_social=UMA})
</system-out>
  </testcase>
  <testcase classname="ma3s.fintech.test.Administrador" name="testModifyIdentPAutorizadaNoEsAdministrador" time="0.029">
    <error message="Exception [EclipseLink-4002] (Eclipse Persistence Services - 2.7.6.v20200131-b7c997804f): org.eclipse.persistence.exceptions.DatabaseException
Internal Exception: org.h2.jdbc.JdbcSQLIntegrityConstraintViolationException: La columna &quot;DIRECCION&quot; no permite valores nulos (NULL)
NULL not allowed for column &quot;DIRECCION&quot;; SQL statement:
INSERT INTO CLIENTE (ID, CIUDAD, CODIGOPOSTAL, DIRECCION, ESTADO, FECHAALTA, FECHABAJA, IDENTIFICACION, PAIS, TIPOCLIENTE, USER_USER, DTYPE) VALUES (?, ?, ?, ?, ?, ?, ?, ?, ?, ?, ?, ?) [23502-200]
Error Code: 23502
Call: INSERT INTO CLIENTE (ID, CIUDAD, CODIGOPOSTAL, DIRECCION, ESTADO, FECHAALTA, FECHABAJA, IDENTIFICACION, PAIS, TIPOCLIENTE, USER_USER, DTYPE) VALUES (?, ?, ?, ?, ?, ?, ?, ?, ?, ?, ?, ?)
	bind =&gt; [12 parameters bound]
Query: InsertObjectQuery(Cliente{
id=2
identificacion=avenida de Murcia
tipoCliente=null
estado=Activo
fechaAlta=Thu Apr 28 17:23:39 CEST 2022
fechaBaja=null
direccion=null
ciudad=Murcia
codigopostal=29845
pais=Espana
cuentasFintech={[]}}Empresa{
razon_social=UCAM})" type="javax.persistence.RollbackException">javax.persistence.RollbackException: Exception [EclipseLink-4002] (Eclipse Persistence Services - 2.7.6.v20200131-b7c997804f): org.eclipse.persistence.exceptions.DatabaseException
Internal Exception: org.h2.jdbc.JdbcSQLIntegrityConstraintViolationException: La columna &quot;DIRECCION&quot; no permite valores nulos (NULL)
NULL not allowed for column &quot;DIRECCION&quot;; SQL statement:
INSERT INTO CLIENTE (ID, CIUDAD, CODIGOPOSTAL, DIRECCION, ESTADO, FECHAALTA, FECHABAJA, IDENTIFICACION, PAIS, TIPOCLIENTE, USER_USER, DTYPE) VALUES (?, ?, ?, ?, ?, ?, ?, ?, ?, ?, ?, ?) [23502-200]
Error Code: 23502
Call: INSERT INTO CLIENTE (ID, CIUDAD, CODIGOPOSTAL, DIRECCION, ESTADO, FECHAALTA, FECHABAJA, IDENTIFICACION, PAIS, TIPOCLIENTE, USER_USER, DTYPE) VALUES (?, ?, ?, ?, ?, ?, ?, ?, ?, ?, ?, ?)
	bind =&gt; [12 parameters bound]
Query: InsertObjectQuery(Cliente{
id=2
identificacion=avenida de Murcia
tipoCliente=null
estado=Activo
fechaAlta=Thu Apr 28 17:23:39 CEST 2022
fechaBaja=null
direccion=null
ciudad=Murcia
codigopostal=29845
pais=Espana
cuentasFintech={[]}}Empresa{
razon_social=UCAM})
	at org.eclipse.persistence.internal.jpa.transaction.EntityTransactionImpl.commit(EntityTransactionImpl.java:161)
	at ma3s.fintech.test.BaseDatos.inicializaBaseDatos(BaseDatos.java:229)
	at ma3s.fintech.test.Administrador.setup(Administrador.java:39)
	at sun.reflect.GeneratedMethodAccessor25.invoke(Unknown Source)
	at sun.reflect.DelegatingMethodAccessorImpl.invoke(DelegatingMethodAccessorImpl.java:43)
	at java.lang.reflect.Method.invoke(Method.java:498)
	at org.junit.runners.model.FrameworkMethod$1.runReflectiveCall(FrameworkMethod.java:59)
	at org.junit.internal.runners.model.ReflectiveCallable.run(ReflectiveCallable.java:12)
	at org.junit.runners.model.FrameworkMethod.invokeExplosively(FrameworkMethod.java:56)
	at org.junit.internal.runners.statements.RunBefores.invokeMethod(RunBefores.java:33)
	at org.junit.internal.runners.statements.RunBefores.evaluate(RunBefores.java:24)
	at org.junit.runners.ParentRunner$3.evaluate(ParentRunner.java:306)
	at org.junit.runners.BlockJUnit4ClassRunner$1.evaluate(BlockJUnit4ClassRunner.java:100)
	at org.junit.runners.ParentRunner.runLeaf(ParentRunner.java:366)
	at org.junit.runners.BlockJUnit4ClassRunner.runChild(BlockJUnit4ClassRunner.java:103)
	at org.junit.runners.BlockJUnit4ClassRunner.runChild(BlockJUnit4ClassRunner.java:63)
	at org.junit.runners.ParentRunner$4.run(ParentRunner.java:331)
	at org.junit.runners.ParentRunner$1.schedule(ParentRunner.java:79)
	at org.junit.runners.ParentRunner.runChildren(ParentRunner.java:329)
	at org.junit.runners.ParentRunner.access$100(ParentRunner.java:66)
	at org.junit.runners.ParentRunner$2.evaluate(ParentRunner.java:293)
	at org.junit.runners.ParentRunner$3.evaluate(ParentRunner.java:306)
	at org.junit.runners.ParentRunner.run(ParentRunner.java:413)
	at org.junit.runners.Suite.runChild(Suite.java:128)
	at org.junit.runners.Suite.runChild(Suite.java:27)
	at org.junit.runners.ParentRunner$4.run(ParentRunner.java:331)
	at org.junit.runners.ParentRunner$1.schedule(ParentRunner.java:79)
	at org.junit.runners.ParentRunner.runChildren(ParentRunner.java:329)
	at org.junit.runners.ParentRunner.access$100(ParentRunner.java:66)
	at org.junit.runners.ParentRunner$2.evaluate(ParentRunner.java:293)
	at org.junit.internal.runners.statements.RunBefores.evaluate(RunBefores.java:26)
	at org.junit.internal.runners.statements.RunAfters.evaluate(RunAfters.java:27)
	at org.junit.runners.ParentRunner$3.evaluate(ParentRunner.java:306)
	at org.junit.runners.ParentRunner.run(ParentRunner.java:413)
	at org.apache.maven.surefire.junit4.JUnit4Provider.execute(JUnit4Provider.java:252)
	at org.apache.maven.surefire.junit4.JUnit4Provider.executeTestSet(JUnit4Provider.java:141)
	at org.apache.maven.surefire.junit4.JUnit4Provider.invoke(JUnit4Provider.java:112)
	at sun.reflect.NativeMethodAccessorImpl.invoke0(Native Method)
	at sun.reflect.NativeMethodAccessorImpl.invoke(NativeMethodAccessorImpl.java:62)
	at sun.reflect.DelegatingMethodAccessorImpl.invoke(DelegatingMethodAccessorImpl.java:43)
	at java.lang.reflect.Method.invoke(Method.java:498)
	at org.apache.maven.surefire.util.ReflectionUtils.invokeMethodWithArray(ReflectionUtils.java:189)
	at org.apache.maven.surefire.booter.ProviderFactory$ProviderProxy.invoke(ProviderFactory.java:165)
	at org.apache.maven.surefire.booter.ProviderFactory.invokeProvider(ProviderFactory.java:85)
	at org.apache.maven.surefire.booter.ForkedBooter.runSuitesInProcess(ForkedBooter.java:115)
	at org.apache.maven.surefire.booter.ForkedBooter.main(ForkedBooter.java:75)
Caused by: Exception [EclipseLink-4002] (Eclipse Persistence Services - 2.7.6.v20200131-b7c997804f): org.eclipse.persistence.exceptions.DatabaseException
Internal Exception: org.h2.jdbc.JdbcSQLIntegrityConstraintViolationException: La columna &quot;DIRECCION&quot; no permite valores nulos (NULL)
NULL not allowed for column &quot;DIRECCION&quot;; SQL statement:
INSERT INTO CLIENTE (ID, CIUDAD, CODIGOPOSTAL, DIRECCION, ESTADO, FECHAALTA, FECHABAJA, IDENTIFICACION, PAIS, TIPOCLIENTE, USER_USER, DTYPE) VALUES (?, ?, ?, ?, ?, ?, ?, ?, ?, ?, ?, ?) [23502-200]
Error Code: 23502
Call: INSERT INTO CLIENTE (ID, CIUDAD, CODIGOPOSTAL, DIRECCION, ESTADO, FECHAALTA, FECHABAJA, IDENTIFICACION, PAIS, TIPOCLIENTE, USER_USER, DTYPE) VALUES (?, ?, ?, ?, ?, ?, ?, ?, ?, ?, ?, ?)
	bind =&gt; [12 parameters bound]
Query: InsertObjectQuery(Cliente{
id=2
identificacion=avenida de Murcia
tipoCliente=null
estado=Activo
fechaAlta=Thu Apr 28 17:23:39 CEST 2022
fechaBaja=null
direccion=null
ciudad=Murcia
codigopostal=29845
pais=Espana
cuentasFintech={[]}}Empresa{
razon_social=UCAM})
	at org.eclipse.persistence.exceptions.DatabaseException.sqlException(DatabaseException.java:333)
	at org.eclipse.persistence.internal.databaseaccess.DatabaseAccessor.executeDirectNoSelect(DatabaseAccessor.java:908)
	at org.eclipse.persistence.internal.databaseaccess.DatabaseAccessor.executeNoSelect(DatabaseAccessor.java:970)
	at org.eclipse.persistence.internal.databaseaccess.DatabaseAccessor.basicExecuteCall(DatabaseAccessor.java:640)
	at org.eclipse.persistence.internal.databaseaccess.DatabaseAccessor.executeCall(DatabaseAccessor.java:567)
	at org.eclipse.persistence.internal.sessions.AbstractSession.basicExecuteCall(AbstractSession.java:2099)
	at org.eclipse.persistence.sessions.server.ClientSession.executeCall(ClientSession.java:313)
	at org.eclipse.persistence.internal.queries.DatasourceCallQueryMechanism.executeCall(DatasourceCallQueryMechanism.java:275)
	at org.eclipse.persistence.internal.queries.DatasourceCallQueryMechanism.insertObject(DatasourceCallQueryMechanism.java:397)
	at org.eclipse.persistence.internal.queries.StatementQueryMechanism.insertObject(StatementQueryMechanism.java:167)
	at org.eclipse.persistence.internal.queries.StatementQueryMechanism.insertObject(StatementQueryMechanism.java:182)
	at org.eclipse.persistence.internal.queries.DatabaseQueryMechanism.insertObjectForWrite(DatabaseQueryMechanism.java:504)
	at org.eclipse.persistence.queries.InsertObjectQuery.executeCommit(InsertObjectQuery.java:82)
	at org.eclipse.persistence.queries.InsertObjectQuery.executeCommitWithChangeSet(InsertObjectQuery.java:92)
	at org.eclipse.persistence.internal.queries.DatabaseQueryMechanism.executeWriteWithChangeSet(DatabaseQueryMechanism.java:316)
	at org.eclipse.persistence.queries.WriteObjectQuery.executeDatabaseQuery(WriteObjectQuery.java:60)
	at org.eclipse.persistence.queries.DatabaseQuery.execute(DatabaseQuery.java:911)
	at org.eclipse.persistence.queries.DatabaseQuery.executeInUnitOfWork(DatabaseQuery.java:810)
	at org.eclipse.persistence.queries.ObjectLevelModifyQuery.executeInUnitOfWorkObjectLevelModifyQuery(ObjectLevelModifyQuery.java:110)
	at org.eclipse.persistence.queries.ObjectLevelModifyQuery.executeInUnitOfWork(ObjectLevelModifyQuery.java:87)
	at org.eclipse.persistence.internal.sessions.UnitOfWorkImpl.internalExecuteQuery(UnitOfWorkImpl.java:2983)
	at org.eclipse.persistence.internal.sessions.AbstractSession.executeQuery(AbstractSession.java:1898)
	at org.eclipse.persistence.internal.sessions.AbstractSession.executeQuery(AbstractSession.java:1880)
	at org.eclipse.persistence.internal.sessions.AbstractSession.executeQuery(AbstractSession.java:1830)
	at org.eclipse.persistence.internal.sessions.CommitManager.commitNewObjectsForClassWithChangeSet(CommitManager.java:229)
	at org.eclipse.persistence.internal.sessions.CommitManager.commitAllObjectsForClassWithChangeSet(CommitManager.java:196)
	at org.eclipse.persistence.internal.sessions.CommitManager.commitAllObjectsWithChangeSet(CommitManager.java:141)
	at org.eclipse.persistence.internal.sessions.AbstractSession.writeAllObjectsWithChangeSet(AbstractSession.java:4398)
	at org.eclipse.persistence.internal.sessions.UnitOfWorkImpl.commitToDatabase(UnitOfWorkImpl.java:1495)
	at org.eclipse.persistence.internal.sessions.UnitOfWorkImpl.commitToDatabaseWithChangeSet(UnitOfWorkImpl.java:1585)
	at org.eclipse.persistence.internal.sessions.RepeatableWriteUnitOfWork.commitRootUnitOfWork(RepeatableWriteUnitOfWork.java:280)
	at org.eclipse.persistence.internal.sessions.UnitOfWorkImpl.commitAndResume(UnitOfWorkImpl.java:1222)
	at org.eclipse.persistence.internal.jpa.transaction.EntityTransactionImpl.commit(EntityTransactionImpl.java:136)
	... 45 more
Caused by: org.h2.jdbc.JdbcSQLIntegrityConstraintViolationException: La columna &quot;DIRECCION&quot; no permite valores nulos (NULL)
NULL not allowed for column &quot;DIRECCION&quot;; SQL statement:
INSERT INTO CLIENTE (ID, CIUDAD, CODIGOPOSTAL, DIRECCION, ESTADO, FECHAALTA, FECHABAJA, IDENTIFICACION, PAIS, TIPOCLIENTE, USER_USER, DTYPE) VALUES (?, ?, ?, ?, ?, ?, ?, ?, ?, ?, ?, ?) [23502-200]
	at org.h2.message.DbException.getJdbcSQLException(DbException.java:459)
	at org.h2.message.DbException.getJdbcSQLException(DbException.java:429)
	at org.h2.message.DbException.get(DbException.java:205)
	at org.h2.message.DbException.get(DbException.java:181)
	at org.h2.table.Column.validateConvertUpdateSequence(Column.java:374)
	at org.h2.table.Table.validateConvertUpdateSequence(Table.java:845)
	at org.h2.command.dml.Insert.insertRows(Insert.java:187)
	at org.h2.command.dml.Insert.update(Insert.java:151)
	at org.h2.command.CommandContainer.update(CommandContainer.java:198)
	at org.h2.command.Command.executeUpdate(Command.java:251)
	at org.h2.jdbc.JdbcPreparedStatement.executeUpdateInternal(JdbcPreparedStatement.java:191)
	at org.h2.jdbc.JdbcPreparedStatement.executeUpdate(JdbcPreparedStatement.java:152)
	at org.eclipse.persistence.internal.databaseaccess.DatabaseAccessor.executeDirectNoSelect(DatabaseAccessor.java:898)
	... 76 more
</error>
    <system-out>[EL Warning]: 2022-04-28 17:23:39.562--UnitOfWork(346560358)--Exception [EclipseLink-4002] (Eclipse Persistence Services - 2.7.6.v20200131-b7c997804f): org.eclipse.persistence.exceptions.DatabaseException
Internal Exception: org.h2.jdbc.JdbcSQLIntegrityConstraintViolationException: La columna &quot;DIRECCION&quot; no permite valores nulos (NULL)
NULL not allowed for column &quot;DIRECCION&quot;; SQL statement:
INSERT INTO CLIENTE (ID, CIUDAD, CODIGOPOSTAL, DIRECCION, ESTADO, FECHAALTA, FECHABAJA, IDENTIFICACION, PAIS, TIPOCLIENTE, USER_USER, DTYPE) VALUES (?, ?, ?, ?, ?, ?, ?, ?, ?, ?, ?, ?) [23502-200]
Error Code: 23502
Call: INSERT INTO CLIENTE (ID, CIUDAD, CODIGOPOSTAL, DIRECCION, ESTADO, FECHAALTA, FECHABAJA, IDENTIFICACION, PAIS, TIPOCLIENTE, USER_USER, DTYPE) VALUES (?, ?, ?, ?, ?, ?, ?, ?, ?, ?, ?, ?)
	bind =&gt; [12 parameters bound]
Query: InsertObjectQuery(Cliente{
id=2
identificacion=avenida de Murcia
tipoCliente=null
estado=Activo
fechaAlta=Thu Apr 28 17:23:39 CEST 2022
fechaBaja=null
direccion=null
ciudad=Murcia
codigopostal=29845
pais=Espana
cuentasFintech={[]}}Empresa{
razon_social=UCAM})
</system-out>
  </testcase>
  <testcase classname="ma3s.fintech.test.Administrador" name="testModifyFechaInicioPAutorizadaCampoVacio" time="0.034">
    <error message="Exception [EclipseLink-4002] (Eclipse Persistence Services - 2.7.6.v20200131-b7c997804f): org.eclipse.persistence.exceptions.DatabaseException
Internal Exception: org.h2.jdbc.JdbcSQLIntegrityConstraintViolationException: La columna &quot;DIRECCION&quot; no permite valores nulos (NULL)
NULL not allowed for column &quot;DIRECCION&quot;; SQL statement:
INSERT INTO CLIENTE (ID, CIUDAD, CODIGOPOSTAL, DIRECCION, ESTADO, FECHAALTA, FECHABAJA, IDENTIFICACION, PAIS, TIPOCLIENTE, USER_USER, DTYPE) VALUES (?, ?, ?, ?, ?, ?, ?, ?, ?, ?, ?, ?) [23502-200]
Error Code: 23502
Call: INSERT INTO CLIENTE (ID, CIUDAD, CODIGOPOSTAL, DIRECCION, ESTADO, FECHAALTA, FECHABAJA, IDENTIFICACION, PAIS, TIPOCLIENTE, USER_USER, DTYPE) VALUES (?, ?, ?, ?, ?, ?, ?, ?, ?, ?, ?, ?)
	bind =&gt; [12 parameters bound]
Query: InsertObjectQuery(Cliente{
id=2
identificacion=avenida de Murcia
tipoCliente=null
estado=Activo
fechaAlta=Thu Apr 28 17:23:39 CEST 2022
fechaBaja=null
direccion=null
ciudad=Murcia
codigopostal=29845
pais=Espana
cuentasFintech={[]}}Empresa{
razon_social=UCAM})" type="javax.persistence.RollbackException">javax.persistence.RollbackException: Exception [EclipseLink-4002] (Eclipse Persistence Services - 2.7.6.v20200131-b7c997804f): org.eclipse.persistence.exceptions.DatabaseException
Internal Exception: org.h2.jdbc.JdbcSQLIntegrityConstraintViolationException: La columna &quot;DIRECCION&quot; no permite valores nulos (NULL)
NULL not allowed for column &quot;DIRECCION&quot;; SQL statement:
INSERT INTO CLIENTE (ID, CIUDAD, CODIGOPOSTAL, DIRECCION, ESTADO, FECHAALTA, FECHABAJA, IDENTIFICACION, PAIS, TIPOCLIENTE, USER_USER, DTYPE) VALUES (?, ?, ?, ?, ?, ?, ?, ?, ?, ?, ?, ?) [23502-200]
Error Code: 23502
Call: INSERT INTO CLIENTE (ID, CIUDAD, CODIGOPOSTAL, DIRECCION, ESTADO, FECHAALTA, FECHABAJA, IDENTIFICACION, PAIS, TIPOCLIENTE, USER_USER, DTYPE) VALUES (?, ?, ?, ?, ?, ?, ?, ?, ?, ?, ?, ?)
	bind =&gt; [12 parameters bound]
Query: InsertObjectQuery(Cliente{
id=2
identificacion=avenida de Murcia
tipoCliente=null
estado=Activo
fechaAlta=Thu Apr 28 17:23:39 CEST 2022
fechaBaja=null
direccion=null
ciudad=Murcia
codigopostal=29845
pais=Espana
cuentasFintech={[]}}Empresa{
razon_social=UCAM})
	at org.eclipse.persistence.internal.jpa.transaction.EntityTransactionImpl.commit(EntityTransactionImpl.java:161)
	at ma3s.fintech.test.BaseDatos.inicializaBaseDatos(BaseDatos.java:229)
	at ma3s.fintech.test.Administrador.setup(Administrador.java:39)
	at sun.reflect.GeneratedMethodAccessor25.invoke(Unknown Source)
	at sun.reflect.DelegatingMethodAccessorImpl.invoke(DelegatingMethodAccessorImpl.java:43)
	at java.lang.reflect.Method.invoke(Method.java:498)
	at org.junit.runners.model.FrameworkMethod$1.runReflectiveCall(FrameworkMethod.java:59)
	at org.junit.internal.runners.model.ReflectiveCallable.run(ReflectiveCallable.java:12)
	at org.junit.runners.model.FrameworkMethod.invokeExplosively(FrameworkMethod.java:56)
	at org.junit.internal.runners.statements.RunBefores.invokeMethod(RunBefores.java:33)
	at org.junit.internal.runners.statements.RunBefores.evaluate(RunBefores.java:24)
	at org.junit.runners.ParentRunner$3.evaluate(ParentRunner.java:306)
	at org.junit.runners.BlockJUnit4ClassRunner$1.evaluate(BlockJUnit4ClassRunner.java:100)
	at org.junit.runners.ParentRunner.runLeaf(ParentRunner.java:366)
	at org.junit.runners.BlockJUnit4ClassRunner.runChild(BlockJUnit4ClassRunner.java:103)
	at org.junit.runners.BlockJUnit4ClassRunner.runChild(BlockJUnit4ClassRunner.java:63)
	at org.junit.runners.ParentRunner$4.run(ParentRunner.java:331)
	at org.junit.runners.ParentRunner$1.schedule(ParentRunner.java:79)
	at org.junit.runners.ParentRunner.runChildren(ParentRunner.java:329)
	at org.junit.runners.ParentRunner.access$100(ParentRunner.java:66)
	at org.junit.runners.ParentRunner$2.evaluate(ParentRunner.java:293)
	at org.junit.runners.ParentRunner$3.evaluate(ParentRunner.java:306)
	at org.junit.runners.ParentRunner.run(ParentRunner.java:413)
	at org.junit.runners.Suite.runChild(Suite.java:128)
	at org.junit.runners.Suite.runChild(Suite.java:27)
	at org.junit.runners.ParentRunner$4.run(ParentRunner.java:331)
	at org.junit.runners.ParentRunner$1.schedule(ParentRunner.java:79)
	at org.junit.runners.ParentRunner.runChildren(ParentRunner.java:329)
	at org.junit.runners.ParentRunner.access$100(ParentRunner.java:66)
	at org.junit.runners.ParentRunner$2.evaluate(ParentRunner.java:293)
	at org.junit.internal.runners.statements.RunBefores.evaluate(RunBefores.java:26)
	at org.junit.internal.runners.statements.RunAfters.evaluate(RunAfters.java:27)
	at org.junit.runners.ParentRunner$3.evaluate(ParentRunner.java:306)
	at org.junit.runners.ParentRunner.run(ParentRunner.java:413)
	at org.apache.maven.surefire.junit4.JUnit4Provider.execute(JUnit4Provider.java:252)
	at org.apache.maven.surefire.junit4.JUnit4Provider.executeTestSet(JUnit4Provider.java:141)
	at org.apache.maven.surefire.junit4.JUnit4Provider.invoke(JUnit4Provider.java:112)
	at sun.reflect.NativeMethodAccessorImpl.invoke0(Native Method)
	at sun.reflect.NativeMethodAccessorImpl.invoke(NativeMethodAccessorImpl.java:62)
	at sun.reflect.DelegatingMethodAccessorImpl.invoke(DelegatingMethodAccessorImpl.java:43)
	at java.lang.reflect.Method.invoke(Method.java:498)
	at org.apache.maven.surefire.util.ReflectionUtils.invokeMethodWithArray(ReflectionUtils.java:189)
	at org.apache.maven.surefire.booter.ProviderFactory$ProviderProxy.invoke(ProviderFactory.java:165)
	at org.apache.maven.surefire.booter.ProviderFactory.invokeProvider(ProviderFactory.java:85)
	at org.apache.maven.surefire.booter.ForkedBooter.runSuitesInProcess(ForkedBooter.java:115)
	at org.apache.maven.surefire.booter.ForkedBooter.main(ForkedBooter.java:75)
Caused by: Exception [EclipseLink-4002] (Eclipse Persistence Services - 2.7.6.v20200131-b7c997804f): org.eclipse.persistence.exceptions.DatabaseException
Internal Exception: org.h2.jdbc.JdbcSQLIntegrityConstraintViolationException: La columna &quot;DIRECCION&quot; no permite valores nulos (NULL)
NULL not allowed for column &quot;DIRECCION&quot;; SQL statement:
INSERT INTO CLIENTE (ID, CIUDAD, CODIGOPOSTAL, DIRECCION, ESTADO, FECHAALTA, FECHABAJA, IDENTIFICACION, PAIS, TIPOCLIENTE, USER_USER, DTYPE) VALUES (?, ?, ?, ?, ?, ?, ?, ?, ?, ?, ?, ?) [23502-200]
Error Code: 23502
Call: INSERT INTO CLIENTE (ID, CIUDAD, CODIGOPOSTAL, DIRECCION, ESTADO, FECHAALTA, FECHABAJA, IDENTIFICACION, PAIS, TIPOCLIENTE, USER_USER, DTYPE) VALUES (?, ?, ?, ?, ?, ?, ?, ?, ?, ?, ?, ?)
	bind =&gt; [12 parameters bound]
Query: InsertObjectQuery(Cliente{
id=2
identificacion=avenida de Murcia
tipoCliente=null
estado=Activo
fechaAlta=Thu Apr 28 17:23:39 CEST 2022
fechaBaja=null
direccion=null
ciudad=Murcia
codigopostal=29845
pais=Espana
cuentasFintech={[]}}Empresa{
razon_social=UCAM})
	at org.eclipse.persistence.exceptions.DatabaseException.sqlException(DatabaseException.java:333)
	at org.eclipse.persistence.internal.databaseaccess.DatabaseAccessor.executeDirectNoSelect(DatabaseAccessor.java:908)
	at org.eclipse.persistence.internal.databaseaccess.DatabaseAccessor.executeNoSelect(DatabaseAccessor.java:970)
	at org.eclipse.persistence.internal.databaseaccess.DatabaseAccessor.basicExecuteCall(DatabaseAccessor.java:640)
	at org.eclipse.persistence.internal.databaseaccess.DatabaseAccessor.executeCall(DatabaseAccessor.java:567)
	at org.eclipse.persistence.internal.sessions.AbstractSession.basicExecuteCall(AbstractSession.java:2099)
	at org.eclipse.persistence.sessions.server.ClientSession.executeCall(ClientSession.java:313)
	at org.eclipse.persistence.internal.queries.DatasourceCallQueryMechanism.executeCall(DatasourceCallQueryMechanism.java:275)
	at org.eclipse.persistence.internal.queries.DatasourceCallQueryMechanism.insertObject(DatasourceCallQueryMechanism.java:397)
	at org.eclipse.persistence.internal.queries.StatementQueryMechanism.insertObject(StatementQueryMechanism.java:167)
	at org.eclipse.persistence.internal.queries.StatementQueryMechanism.insertObject(StatementQueryMechanism.java:182)
	at org.eclipse.persistence.internal.queries.DatabaseQueryMechanism.insertObjectForWrite(DatabaseQueryMechanism.java:504)
	at org.eclipse.persistence.queries.InsertObjectQuery.executeCommit(InsertObjectQuery.java:82)
	at org.eclipse.persistence.queries.InsertObjectQuery.executeCommitWithChangeSet(InsertObjectQuery.java:92)
	at org.eclipse.persistence.internal.queries.DatabaseQueryMechanism.executeWriteWithChangeSet(DatabaseQueryMechanism.java:316)
	at org.eclipse.persistence.queries.WriteObjectQuery.executeDatabaseQuery(WriteObjectQuery.java:60)
	at org.eclipse.persistence.queries.DatabaseQuery.execute(DatabaseQuery.java:911)
	at org.eclipse.persistence.queries.DatabaseQuery.executeInUnitOfWork(DatabaseQuery.java:810)
	at org.eclipse.persistence.queries.ObjectLevelModifyQuery.executeInUnitOfWorkObjectLevelModifyQuery(ObjectLevelModifyQuery.java:110)
	at org.eclipse.persistence.queries.ObjectLevelModifyQuery.executeInUnitOfWork(ObjectLevelModifyQuery.java:87)
	at org.eclipse.persistence.internal.sessions.UnitOfWorkImpl.internalExecuteQuery(UnitOfWorkImpl.java:2983)
	at org.eclipse.persistence.internal.sessions.AbstractSession.executeQuery(AbstractSession.java:1898)
	at org.eclipse.persistence.internal.sessions.AbstractSession.executeQuery(AbstractSession.java:1880)
	at org.eclipse.persistence.internal.sessions.AbstractSession.executeQuery(AbstractSession.java:1830)
	at org.eclipse.persistence.internal.sessions.CommitManager.commitNewObjectsForClassWithChangeSet(CommitManager.java:229)
	at org.eclipse.persistence.internal.sessions.CommitManager.commitAllObjectsForClassWithChangeSet(CommitManager.java:196)
	at org.eclipse.persistence.internal.sessions.CommitManager.commitAllObjectsWithChangeSet(CommitManager.java:141)
	at org.eclipse.persistence.internal.sessions.AbstractSession.writeAllObjectsWithChangeSet(AbstractSession.java:4398)
	at org.eclipse.persistence.internal.sessions.UnitOfWorkImpl.commitToDatabase(UnitOfWorkImpl.java:1495)
	at org.eclipse.persistence.internal.sessions.UnitOfWorkImpl.commitToDatabaseWithChangeSet(UnitOfWorkImpl.java:1585)
	at org.eclipse.persistence.internal.sessions.RepeatableWriteUnitOfWork.commitRootUnitOfWork(RepeatableWriteUnitOfWork.java:280)
	at org.eclipse.persistence.internal.sessions.UnitOfWorkImpl.commitAndResume(UnitOfWorkImpl.java:1222)
	at org.eclipse.persistence.internal.jpa.transaction.EntityTransactionImpl.commit(EntityTransactionImpl.java:136)
	... 45 more
Caused by: org.h2.jdbc.JdbcSQLIntegrityConstraintViolationException: La columna &quot;DIRECCION&quot; no permite valores nulos (NULL)
NULL not allowed for column &quot;DIRECCION&quot;; SQL statement:
INSERT INTO CLIENTE (ID, CIUDAD, CODIGOPOSTAL, DIRECCION, ESTADO, FECHAALTA, FECHABAJA, IDENTIFICACION, PAIS, TIPOCLIENTE, USER_USER, DTYPE) VALUES (?, ?, ?, ?, ?, ?, ?, ?, ?, ?, ?, ?) [23502-200]
	at org.h2.message.DbException.getJdbcSQLException(DbException.java:459)
	at org.h2.message.DbException.getJdbcSQLException(DbException.java:429)
	at org.h2.message.DbException.get(DbException.java:205)
	at org.h2.message.DbException.get(DbException.java:181)
	at org.h2.table.Column.validateConvertUpdateSequence(Column.java:374)
	at org.h2.table.Table.validateConvertUpdateSequence(Table.java:845)
	at org.h2.command.dml.Insert.insertRows(Insert.java:187)
	at org.h2.command.dml.Insert.update(Insert.java:151)
	at org.h2.command.CommandContainer.update(CommandContainer.java:198)
	at org.h2.command.Command.executeUpdate(Command.java:251)
	at org.h2.jdbc.JdbcPreparedStatement.executeUpdateInternal(JdbcPreparedStatement.java:191)
	at org.h2.jdbc.JdbcPreparedStatement.executeUpdate(JdbcPreparedStatement.java:152)
	at org.eclipse.persistence.internal.databaseaccess.DatabaseAccessor.executeDirectNoSelect(DatabaseAccessor.java:898)
	... 76 more
</error>
    <system-out>[EL Warning]: 2022-04-28 17:23:39.595--UnitOfWork(740925072)--Exception [EclipseLink-4002] (Eclipse Persistence Services - 2.7.6.v20200131-b7c997804f): org.eclipse.persistence.exceptions.DatabaseException
Internal Exception: org.h2.jdbc.JdbcSQLIntegrityConstraintViolationException: La columna &quot;DIRECCION&quot; no permite valores nulos (NULL)
NULL not allowed for column &quot;DIRECCION&quot;; SQL statement:
INSERT INTO CLIENTE (ID, CIUDAD, CODIGOPOSTAL, DIRECCION, ESTADO, FECHAALTA, FECHABAJA, IDENTIFICACION, PAIS, TIPOCLIENTE, USER_USER, DTYPE) VALUES (?, ?, ?, ?, ?, ?, ?, ?, ?, ?, ?, ?) [23502-200]
Error Code: 23502
Call: INSERT INTO CLIENTE (ID, CIUDAD, CODIGOPOSTAL, DIRECCION, ESTADO, FECHAALTA, FECHABAJA, IDENTIFICACION, PAIS, TIPOCLIENTE, USER_USER, DTYPE) VALUES (?, ?, ?, ?, ?, ?, ?, ?, ?, ?, ?, ?)
	bind =&gt; [12 parameters bound]
Query: InsertObjectQuery(Cliente{
id=2
identificacion=avenida de Murcia
tipoCliente=null
estado=Activo
fechaAlta=Thu Apr 28 17:23:39 CEST 2022
fechaBaja=null
direccion=null
ciudad=Murcia
codigopostal=29845
pais=Espana
cuentasFintech={[]}}Empresa{
razon_social=UCAM})
</system-out>
  </testcase>
  <testcase classname="ma3s.fintech.test.Administrador" name="testModifyAdressPAutorizadaCampoVacio" time="0.026">
    <error message="Exception [EclipseLink-4002] (Eclipse Persistence Services - 2.7.6.v20200131-b7c997804f): org.eclipse.persistence.exceptions.DatabaseException
Internal Exception: org.h2.jdbc.JdbcSQLIntegrityConstraintViolationException: La columna &quot;DIRECCION&quot; no permite valores nulos (NULL)
NULL not allowed for column &quot;DIRECCION&quot;; SQL statement:
INSERT INTO CLIENTE (ID, CIUDAD, CODIGOPOSTAL, DIRECCION, ESTADO, FECHAALTA, FECHABAJA, IDENTIFICACION, PAIS, TIPOCLIENTE, USER_USER, DTYPE) VALUES (?, ?, ?, ?, ?, ?, ?, ?, ?, ?, ?, ?) [23502-200]
Error Code: 23502
Call: INSERT INTO CLIENTE (ID, CIUDAD, CODIGOPOSTAL, DIRECCION, ESTADO, FECHAALTA, FECHABAJA, IDENTIFICACION, PAIS, TIPOCLIENTE, USER_USER, DTYPE) VALUES (?, ?, ?, ?, ?, ?, ?, ?, ?, ?, ?, ?)
	bind =&gt; [12 parameters bound]
Query: InsertObjectQuery(Cliente{
id=2
identificacion=avenida de Murcia
tipoCliente=null
estado=Activo
fechaAlta=Thu Apr 28 17:23:39 CEST 2022
fechaBaja=null
direccion=null
ciudad=Murcia
codigopostal=29845
pais=Espana
cuentasFintech={[]}}Empresa{
razon_social=UCAM})" type="javax.persistence.RollbackException">javax.persistence.RollbackException: Exception [EclipseLink-4002] (Eclipse Persistence Services - 2.7.6.v20200131-b7c997804f): org.eclipse.persistence.exceptions.DatabaseException
Internal Exception: org.h2.jdbc.JdbcSQLIntegrityConstraintViolationException: La columna &quot;DIRECCION&quot; no permite valores nulos (NULL)
NULL not allowed for column &quot;DIRECCION&quot;; SQL statement:
INSERT INTO CLIENTE (ID, CIUDAD, CODIGOPOSTAL, DIRECCION, ESTADO, FECHAALTA, FECHABAJA, IDENTIFICACION, PAIS, TIPOCLIENTE, USER_USER, DTYPE) VALUES (?, ?, ?, ?, ?, ?, ?, ?, ?, ?, ?, ?) [23502-200]
Error Code: 23502
Call: INSERT INTO CLIENTE (ID, CIUDAD, CODIGOPOSTAL, DIRECCION, ESTADO, FECHAALTA, FECHABAJA, IDENTIFICACION, PAIS, TIPOCLIENTE, USER_USER, DTYPE) VALUES (?, ?, ?, ?, ?, ?, ?, ?, ?, ?, ?, ?)
	bind =&gt; [12 parameters bound]
Query: InsertObjectQuery(Cliente{
id=2
identificacion=avenida de Murcia
tipoCliente=null
estado=Activo
fechaAlta=Thu Apr 28 17:23:39 CEST 2022
fechaBaja=null
direccion=null
ciudad=Murcia
codigopostal=29845
pais=Espana
cuentasFintech={[]}}Empresa{
razon_social=UCAM})
	at org.eclipse.persistence.internal.jpa.transaction.EntityTransactionImpl.commit(EntityTransactionImpl.java:161)
	at ma3s.fintech.test.BaseDatos.inicializaBaseDatos(BaseDatos.java:229)
	at ma3s.fintech.test.Administrador.setup(Administrador.java:39)
	at sun.reflect.GeneratedMethodAccessor25.invoke(Unknown Source)
	at sun.reflect.DelegatingMethodAccessorImpl.invoke(DelegatingMethodAccessorImpl.java:43)
	at java.lang.reflect.Method.invoke(Method.java:498)
	at org.junit.runners.model.FrameworkMethod$1.runReflectiveCall(FrameworkMethod.java:59)
	at org.junit.internal.runners.model.ReflectiveCallable.run(ReflectiveCallable.java:12)
	at org.junit.runners.model.FrameworkMethod.invokeExplosively(FrameworkMethod.java:56)
	at org.junit.internal.runners.statements.RunBefores.invokeMethod(RunBefores.java:33)
	at org.junit.internal.runners.statements.RunBefores.evaluate(RunBefores.java:24)
	at org.junit.runners.ParentRunner$3.evaluate(ParentRunner.java:306)
	at org.junit.runners.BlockJUnit4ClassRunner$1.evaluate(BlockJUnit4ClassRunner.java:100)
	at org.junit.runners.ParentRunner.runLeaf(ParentRunner.java:366)
	at org.junit.runners.BlockJUnit4ClassRunner.runChild(BlockJUnit4ClassRunner.java:103)
	at org.junit.runners.BlockJUnit4ClassRunner.runChild(BlockJUnit4ClassRunner.java:63)
	at org.junit.runners.ParentRunner$4.run(ParentRunner.java:331)
	at org.junit.runners.ParentRunner$1.schedule(ParentRunner.java:79)
	at org.junit.runners.ParentRunner.runChildren(ParentRunner.java:329)
	at org.junit.runners.ParentRunner.access$100(ParentRunner.java:66)
	at org.junit.runners.ParentRunner$2.evaluate(ParentRunner.java:293)
	at org.junit.runners.ParentRunner$3.evaluate(ParentRunner.java:306)
	at org.junit.runners.ParentRunner.run(ParentRunner.java:413)
	at org.junit.runners.Suite.runChild(Suite.java:128)
	at org.junit.runners.Suite.runChild(Suite.java:27)
	at org.junit.runners.ParentRunner$4.run(ParentRunner.java:331)
	at org.junit.runners.ParentRunner$1.schedule(ParentRunner.java:79)
	at org.junit.runners.ParentRunner.runChildren(ParentRunner.java:329)
	at org.junit.runners.ParentRunner.access$100(ParentRunner.java:66)
	at org.junit.runners.ParentRunner$2.evaluate(ParentRunner.java:293)
	at org.junit.internal.runners.statements.RunBefores.evaluate(RunBefores.java:26)
	at org.junit.internal.runners.statements.RunAfters.evaluate(RunAfters.java:27)
	at org.junit.runners.ParentRunner$3.evaluate(ParentRunner.java:306)
	at org.junit.runners.ParentRunner.run(ParentRunner.java:413)
	at org.apache.maven.surefire.junit4.JUnit4Provider.execute(JUnit4Provider.java:252)
	at org.apache.maven.surefire.junit4.JUnit4Provider.executeTestSet(JUnit4Provider.java:141)
	at org.apache.maven.surefire.junit4.JUnit4Provider.invoke(JUnit4Provider.java:112)
	at sun.reflect.NativeMethodAccessorImpl.invoke0(Native Method)
	at sun.reflect.NativeMethodAccessorImpl.invoke(NativeMethodAccessorImpl.java:62)
	at sun.reflect.DelegatingMethodAccessorImpl.invoke(DelegatingMethodAccessorImpl.java:43)
	at java.lang.reflect.Method.invoke(Method.java:498)
	at org.apache.maven.surefire.util.ReflectionUtils.invokeMethodWithArray(ReflectionUtils.java:189)
	at org.apache.maven.surefire.booter.ProviderFactory$ProviderProxy.invoke(ProviderFactory.java:165)
	at org.apache.maven.surefire.booter.ProviderFactory.invokeProvider(ProviderFactory.java:85)
	at org.apache.maven.surefire.booter.ForkedBooter.runSuitesInProcess(ForkedBooter.java:115)
	at org.apache.maven.surefire.booter.ForkedBooter.main(ForkedBooter.java:75)
Caused by: Exception [EclipseLink-4002] (Eclipse Persistence Services - 2.7.6.v20200131-b7c997804f): org.eclipse.persistence.exceptions.DatabaseException
Internal Exception: org.h2.jdbc.JdbcSQLIntegrityConstraintViolationException: La columna &quot;DIRECCION&quot; no permite valores nulos (NULL)
NULL not allowed for column &quot;DIRECCION&quot;; SQL statement:
INSERT INTO CLIENTE (ID, CIUDAD, CODIGOPOSTAL, DIRECCION, ESTADO, FECHAALTA, FECHABAJA, IDENTIFICACION, PAIS, TIPOCLIENTE, USER_USER, DTYPE) VALUES (?, ?, ?, ?, ?, ?, ?, ?, ?, ?, ?, ?) [23502-200]
Error Code: 23502
Call: INSERT INTO CLIENTE (ID, CIUDAD, CODIGOPOSTAL, DIRECCION, ESTADO, FECHAALTA, FECHABAJA, IDENTIFICACION, PAIS, TIPOCLIENTE, USER_USER, DTYPE) VALUES (?, ?, ?, ?, ?, ?, ?, ?, ?, ?, ?, ?)
	bind =&gt; [12 parameters bound]
Query: InsertObjectQuery(Cliente{
id=2
identificacion=avenida de Murcia
tipoCliente=null
estado=Activo
fechaAlta=Thu Apr 28 17:23:39 CEST 2022
fechaBaja=null
direccion=null
ciudad=Murcia
codigopostal=29845
pais=Espana
cuentasFintech={[]}}Empresa{
razon_social=UCAM})
	at org.eclipse.persistence.exceptions.DatabaseException.sqlException(DatabaseException.java:333)
	at org.eclipse.persistence.internal.databaseaccess.DatabaseAccessor.executeDirectNoSelect(DatabaseAccessor.java:908)
	at org.eclipse.persistence.internal.databaseaccess.DatabaseAccessor.executeNoSelect(DatabaseAccessor.java:970)
	at org.eclipse.persistence.internal.databaseaccess.DatabaseAccessor.basicExecuteCall(DatabaseAccessor.java:640)
	at org.eclipse.persistence.internal.databaseaccess.DatabaseAccessor.executeCall(DatabaseAccessor.java:567)
	at org.eclipse.persistence.internal.sessions.AbstractSession.basicExecuteCall(AbstractSession.java:2099)
	at org.eclipse.persistence.sessions.server.ClientSession.executeCall(ClientSession.java:313)
	at org.eclipse.persistence.internal.queries.DatasourceCallQueryMechanism.executeCall(DatasourceCallQueryMechanism.java:275)
	at org.eclipse.persistence.internal.queries.DatasourceCallQueryMechanism.insertObject(DatasourceCallQueryMechanism.java:397)
	at org.eclipse.persistence.internal.queries.StatementQueryMechanism.insertObject(StatementQueryMechanism.java:167)
	at org.eclipse.persistence.internal.queries.StatementQueryMechanism.insertObject(StatementQueryMechanism.java:182)
	at org.eclipse.persistence.internal.queries.DatabaseQueryMechanism.insertObjectForWrite(DatabaseQueryMechanism.java:504)
	at org.eclipse.persistence.queries.InsertObjectQuery.executeCommit(InsertObjectQuery.java:82)
	at org.eclipse.persistence.queries.InsertObjectQuery.executeCommitWithChangeSet(InsertObjectQuery.java:92)
	at org.eclipse.persistence.internal.queries.DatabaseQueryMechanism.executeWriteWithChangeSet(DatabaseQueryMechanism.java:316)
	at org.eclipse.persistence.queries.WriteObjectQuery.executeDatabaseQuery(WriteObjectQuery.java:60)
	at org.eclipse.persistence.queries.DatabaseQuery.execute(DatabaseQuery.java:911)
	at org.eclipse.persistence.queries.DatabaseQuery.executeInUnitOfWork(DatabaseQuery.java:810)
	at org.eclipse.persistence.queries.ObjectLevelModifyQuery.executeInUnitOfWorkObjectLevelModifyQuery(ObjectLevelModifyQuery.java:110)
	at org.eclipse.persistence.queries.ObjectLevelModifyQuery.executeInUnitOfWork(ObjectLevelModifyQuery.java:87)
	at org.eclipse.persistence.internal.sessions.UnitOfWorkImpl.internalExecuteQuery(UnitOfWorkImpl.java:2983)
	at org.eclipse.persistence.internal.sessions.AbstractSession.executeQuery(AbstractSession.java:1898)
	at org.eclipse.persistence.internal.sessions.AbstractSession.executeQuery(AbstractSession.java:1880)
	at org.eclipse.persistence.internal.sessions.AbstractSession.executeQuery(AbstractSession.java:1830)
	at org.eclipse.persistence.internal.sessions.CommitManager.commitNewObjectsForClassWithChangeSet(CommitManager.java:229)
	at org.eclipse.persistence.internal.sessions.CommitManager.commitAllObjectsForClassWithChangeSet(CommitManager.java:196)
	at org.eclipse.persistence.internal.sessions.CommitManager.commitAllObjectsWithChangeSet(CommitManager.java:141)
	at org.eclipse.persistence.internal.sessions.AbstractSession.writeAllObjectsWithChangeSet(AbstractSession.java:4398)
	at org.eclipse.persistence.internal.sessions.UnitOfWorkImpl.commitToDatabase(UnitOfWorkImpl.java:1495)
	at org.eclipse.persistence.internal.sessions.UnitOfWorkImpl.commitToDatabaseWithChangeSet(UnitOfWorkImpl.java:1585)
	at org.eclipse.persistence.internal.sessions.RepeatableWriteUnitOfWork.commitRootUnitOfWork(RepeatableWriteUnitOfWork.java:280)
	at org.eclipse.persistence.internal.sessions.UnitOfWorkImpl.commitAndResume(UnitOfWorkImpl.java:1222)
	at org.eclipse.persistence.internal.jpa.transaction.EntityTransactionImpl.commit(EntityTransactionImpl.java:136)
	... 45 more
Caused by: org.h2.jdbc.JdbcSQLIntegrityConstraintViolationException: La columna &quot;DIRECCION&quot; no permite valores nulos (NULL)
NULL not allowed for column &quot;DIRECCION&quot;; SQL statement:
INSERT INTO CLIENTE (ID, CIUDAD, CODIGOPOSTAL, DIRECCION, ESTADO, FECHAALTA, FECHABAJA, IDENTIFICACION, PAIS, TIPOCLIENTE, USER_USER, DTYPE) VALUES (?, ?, ?, ?, ?, ?, ?, ?, ?, ?, ?, ?) [23502-200]
	at org.h2.message.DbException.getJdbcSQLException(DbException.java:459)
	at org.h2.message.DbException.getJdbcSQLException(DbException.java:429)
	at org.h2.message.DbException.get(DbException.java:205)
	at org.h2.message.DbException.get(DbException.java:181)
	at org.h2.table.Column.validateConvertUpdateSequence(Column.java:374)
	at org.h2.table.Table.validateConvertUpdateSequence(Table.java:845)
	at org.h2.command.dml.Insert.insertRows(Insert.java:187)
	at org.h2.command.dml.Insert.update(Insert.java:151)
	at org.h2.command.CommandContainer.update(CommandContainer.java:198)
	at org.h2.command.Command.executeUpdate(Command.java:251)
	at org.h2.jdbc.JdbcPreparedStatement.executeUpdateInternal(JdbcPreparedStatement.java:191)
	at org.h2.jdbc.JdbcPreparedStatement.executeUpdate(JdbcPreparedStatement.java:152)
	at org.eclipse.persistence.internal.databaseaccess.DatabaseAccessor.executeDirectNoSelect(DatabaseAccessor.java:898)
	... 76 more
</error>
    <system-out>[EL Warning]: 2022-04-28 17:23:39.623--UnitOfWork(1213911224)--Exception [EclipseLink-4002] (Eclipse Persistence Services - 2.7.6.v20200131-b7c997804f): org.eclipse.persistence.exceptions.DatabaseException
Internal Exception: org.h2.jdbc.JdbcSQLIntegrityConstraintViolationException: La columna &quot;DIRECCION&quot; no permite valores nulos (NULL)
NULL not allowed for column &quot;DIRECCION&quot;; SQL statement:
INSERT INTO CLIENTE (ID, CIUDAD, CODIGOPOSTAL, DIRECCION, ESTADO, FECHAALTA, FECHABAJA, IDENTIFICACION, PAIS, TIPOCLIENTE, USER_USER, DTYPE) VALUES (?, ?, ?, ?, ?, ?, ?, ?, ?, ?, ?, ?) [23502-200]
Error Code: 23502
Call: INSERT INTO CLIENTE (ID, CIUDAD, CODIGOPOSTAL, DIRECCION, ESTADO, FECHAALTA, FECHABAJA, IDENTIFICACION, PAIS, TIPOCLIENTE, USER_USER, DTYPE) VALUES (?, ?, ?, ?, ?, ?, ?, ?, ?, ?, ?, ?)
	bind =&gt; [12 parameters bound]
Query: InsertObjectQuery(Cliente{
id=2
identificacion=avenida de Murcia
tipoCliente=null
estado=Activo
fechaAlta=Thu Apr 28 17:23:39 CEST 2022
fechaBaja=null
direccion=null
ciudad=Murcia
codigopostal=29845
pais=Espana
cuentasFintech={[]}}Empresa{
razon_social=UCAM})
</system-out>
  </testcase>
  <testcase classname="ma3s.fintech.test.Administrador" name="testAccesoPersonalAdmContNoValida" time="0.052">
    <error message="Exception [EclipseLink-4002] (Eclipse Persistence Services - 2.7.6.v20200131-b7c997804f): org.eclipse.persistence.exceptions.DatabaseException
Internal Exception: org.h2.jdbc.JdbcSQLIntegrityConstraintViolationException: La columna &quot;DIRECCION&quot; no permite valores nulos (NULL)
NULL not allowed for column &quot;DIRECCION&quot;; SQL statement:
INSERT INTO CLIENTE (ID, CIUDAD, CODIGOPOSTAL, DIRECCION, ESTADO, FECHAALTA, FECHABAJA, IDENTIFICACION, PAIS, TIPOCLIENTE, USER_USER, DTYPE) VALUES (?, ?, ?, ?, ?, ?, ?, ?, ?, ?, ?, ?) [23502-200]
Error Code: 23502
Call: INSERT INTO CLIENTE (ID, CIUDAD, CODIGOPOSTAL, DIRECCION, ESTADO, FECHAALTA, FECHABAJA, IDENTIFICACION, PAIS, TIPOCLIENTE, USER_USER, DTYPE) VALUES (?, ?, ?, ?, ?, ?, ?, ?, ?, ?, ?, ?)
	bind =&gt; [12 parameters bound]
Query: InsertObjectQuery(Cliente{
id=1
identificacion=Avenia Plutarco
tipoCliente=null
estado=Activo
fechaAlta=Thu Apr 28 17:23:39 CEST 2022
fechaBaja=null
direccion=null
ciudad=Malaga
codigopostal=29004
pais=Espana
cuentasFintech={[]}}Empresa{
razon_social=UMA})" type="javax.persistence.RollbackException">javax.persistence.RollbackException: Exception [EclipseLink-4002] (Eclipse Persistence Services - 2.7.6.v20200131-b7c997804f): org.eclipse.persistence.exceptions.DatabaseException
Internal Exception: org.h2.jdbc.JdbcSQLIntegrityConstraintViolationException: La columna &quot;DIRECCION&quot; no permite valores nulos (NULL)
NULL not allowed for column &quot;DIRECCION&quot;; SQL statement:
INSERT INTO CLIENTE (ID, CIUDAD, CODIGOPOSTAL, DIRECCION, ESTADO, FECHAALTA, FECHABAJA, IDENTIFICACION, PAIS, TIPOCLIENTE, USER_USER, DTYPE) VALUES (?, ?, ?, ?, ?, ?, ?, ?, ?, ?, ?, ?) [23502-200]
Error Code: 23502
Call: INSERT INTO CLIENTE (ID, CIUDAD, CODIGOPOSTAL, DIRECCION, ESTADO, FECHAALTA, FECHABAJA, IDENTIFICACION, PAIS, TIPOCLIENTE, USER_USER, DTYPE) VALUES (?, ?, ?, ?, ?, ?, ?, ?, ?, ?, ?, ?)
	bind =&gt; [12 parameters bound]
Query: InsertObjectQuery(Cliente{
id=1
identificacion=Avenia Plutarco
tipoCliente=null
estado=Activo
fechaAlta=Thu Apr 28 17:23:39 CEST 2022
fechaBaja=null
direccion=null
ciudad=Malaga
codigopostal=29004
pais=Espana
cuentasFintech={[]}}Empresa{
razon_social=UMA})
	at org.eclipse.persistence.internal.jpa.transaction.EntityTransactionImpl.commit(EntityTransactionImpl.java:161)
	at ma3s.fintech.test.BaseDatos.inicializaBaseDatos(BaseDatos.java:229)
	at ma3s.fintech.test.Administrador.setup(Administrador.java:39)
	at sun.reflect.GeneratedMethodAccessor25.invoke(Unknown Source)
	at sun.reflect.DelegatingMethodAccessorImpl.invoke(DelegatingMethodAccessorImpl.java:43)
	at java.lang.reflect.Method.invoke(Method.java:498)
	at org.junit.runners.model.FrameworkMethod$1.runReflectiveCall(FrameworkMethod.java:59)
	at org.junit.internal.runners.model.ReflectiveCallable.run(ReflectiveCallable.java:12)
	at org.junit.runners.model.FrameworkMethod.invokeExplosively(FrameworkMethod.java:56)
	at org.junit.internal.runners.statements.RunBefores.invokeMethod(RunBefores.java:33)
	at org.junit.internal.runners.statements.RunBefores.evaluate(RunBefores.java:24)
	at org.junit.runners.ParentRunner$3.evaluate(ParentRunner.java:306)
	at org.junit.runners.BlockJUnit4ClassRunner$1.evaluate(BlockJUnit4ClassRunner.java:100)
	at org.junit.runners.ParentRunner.runLeaf(ParentRunner.java:366)
	at org.junit.runners.BlockJUnit4ClassRunner.runChild(BlockJUnit4ClassRunner.java:103)
	at org.junit.runners.BlockJUnit4ClassRunner.runChild(BlockJUnit4ClassRunner.java:63)
	at org.junit.runners.ParentRunner$4.run(ParentRunner.java:331)
	at org.junit.runners.ParentRunner$1.schedule(ParentRunner.java:79)
	at org.junit.runners.ParentRunner.runChildren(ParentRunner.java:329)
	at org.junit.runners.ParentRunner.access$100(ParentRunner.java:66)
	at org.junit.runners.ParentRunner$2.evaluate(ParentRunner.java:293)
	at org.junit.runners.ParentRunner$3.evaluate(ParentRunner.java:306)
	at org.junit.runners.ParentRunner.run(ParentRunner.java:413)
	at org.junit.runners.Suite.runChild(Suite.java:128)
	at org.junit.runners.Suite.runChild(Suite.java:27)
	at org.junit.runners.ParentRunner$4.run(ParentRunner.java:331)
	at org.junit.runners.ParentRunner$1.schedule(ParentRunner.java:79)
	at org.junit.runners.ParentRunner.runChildren(ParentRunner.java:329)
	at org.junit.runners.ParentRunner.access$100(ParentRunner.java:66)
	at org.junit.runners.ParentRunner$2.evaluate(ParentRunner.java:293)
	at org.junit.internal.runners.statements.RunBefores.evaluate(RunBefores.java:26)
	at org.junit.internal.runners.statements.RunAfters.evaluate(RunAfters.java:27)
	at org.junit.runners.ParentRunner$3.evaluate(ParentRunner.java:306)
	at org.junit.runners.ParentRunner.run(ParentRunner.java:413)
	at org.apache.maven.surefire.junit4.JUnit4Provider.execute(JUnit4Provider.java:252)
	at org.apache.maven.surefire.junit4.JUnit4Provider.executeTestSet(JUnit4Provider.java:141)
	at org.apache.maven.surefire.junit4.JUnit4Provider.invoke(JUnit4Provider.java:112)
	at sun.reflect.NativeMethodAccessorImpl.invoke0(Native Method)
	at sun.reflect.NativeMethodAccessorImpl.invoke(NativeMethodAccessorImpl.java:62)
	at sun.reflect.DelegatingMethodAccessorImpl.invoke(DelegatingMethodAccessorImpl.java:43)
	at java.lang.reflect.Method.invoke(Method.java:498)
	at org.apache.maven.surefire.util.ReflectionUtils.invokeMethodWithArray(ReflectionUtils.java:189)
	at org.apache.maven.surefire.booter.ProviderFactory$ProviderProxy.invoke(ProviderFactory.java:165)
	at org.apache.maven.surefire.booter.ProviderFactory.invokeProvider(ProviderFactory.java:85)
	at org.apache.maven.surefire.booter.ForkedBooter.runSuitesInProcess(ForkedBooter.java:115)
	at org.apache.maven.surefire.booter.ForkedBooter.main(ForkedBooter.java:75)
Caused by: Exception [EclipseLink-4002] (Eclipse Persistence Services - 2.7.6.v20200131-b7c997804f): org.eclipse.persistence.exceptions.DatabaseException
Internal Exception: org.h2.jdbc.JdbcSQLIntegrityConstraintViolationException: La columna &quot;DIRECCION&quot; no permite valores nulos (NULL)
NULL not allowed for column &quot;DIRECCION&quot;; SQL statement:
INSERT INTO CLIENTE (ID, CIUDAD, CODIGOPOSTAL, DIRECCION, ESTADO, FECHAALTA, FECHABAJA, IDENTIFICACION, PAIS, TIPOCLIENTE, USER_USER, DTYPE) VALUES (?, ?, ?, ?, ?, ?, ?, ?, ?, ?, ?, ?) [23502-200]
Error Code: 23502
Call: INSERT INTO CLIENTE (ID, CIUDAD, CODIGOPOSTAL, DIRECCION, ESTADO, FECHAALTA, FECHABAJA, IDENTIFICACION, PAIS, TIPOCLIENTE, USER_USER, DTYPE) VALUES (?, ?, ?, ?, ?, ?, ?, ?, ?, ?, ?, ?)
	bind =&gt; [12 parameters bound]
Query: InsertObjectQuery(Cliente{
id=1
identificacion=Avenia Plutarco
tipoCliente=null
estado=Activo
fechaAlta=Thu Apr 28 17:23:39 CEST 2022
fechaBaja=null
direccion=null
ciudad=Malaga
codigopostal=29004
pais=Espana
cuentasFintech={[]}}Empresa{
razon_social=UMA})
	at org.eclipse.persistence.exceptions.DatabaseException.sqlException(DatabaseException.java:333)
	at org.eclipse.persistence.internal.databaseaccess.DatabaseAccessor.executeDirectNoSelect(DatabaseAccessor.java:908)
	at org.eclipse.persistence.internal.databaseaccess.DatabaseAccessor.executeNoSelect(DatabaseAccessor.java:970)
	at org.eclipse.persistence.internal.databaseaccess.DatabaseAccessor.basicExecuteCall(DatabaseAccessor.java:640)
	at org.eclipse.persistence.internal.databaseaccess.DatabaseAccessor.executeCall(DatabaseAccessor.java:567)
	at org.eclipse.persistence.internal.sessions.AbstractSession.basicExecuteCall(AbstractSession.java:2099)
	at org.eclipse.persistence.sessions.server.ClientSession.executeCall(ClientSession.java:313)
	at org.eclipse.persistence.internal.queries.DatasourceCallQueryMechanism.executeCall(DatasourceCallQueryMechanism.java:275)
	at org.eclipse.persistence.internal.queries.DatasourceCallQueryMechanism.insertObject(DatasourceCallQueryMechanism.java:397)
	at org.eclipse.persistence.internal.queries.StatementQueryMechanism.insertObject(StatementQueryMechanism.java:167)
	at org.eclipse.persistence.internal.queries.StatementQueryMechanism.insertObject(StatementQueryMechanism.java:182)
	at org.eclipse.persistence.internal.queries.DatabaseQueryMechanism.insertObjectForWrite(DatabaseQueryMechanism.java:504)
	at org.eclipse.persistence.queries.InsertObjectQuery.executeCommit(InsertObjectQuery.java:82)
	at org.eclipse.persistence.queries.InsertObjectQuery.executeCommitWithChangeSet(InsertObjectQuery.java:92)
	at org.eclipse.persistence.internal.queries.DatabaseQueryMechanism.executeWriteWithChangeSet(DatabaseQueryMechanism.java:316)
	at org.eclipse.persistence.queries.WriteObjectQuery.executeDatabaseQuery(WriteObjectQuery.java:60)
	at org.eclipse.persistence.queries.DatabaseQuery.execute(DatabaseQuery.java:911)
	at org.eclipse.persistence.queries.DatabaseQuery.executeInUnitOfWork(DatabaseQuery.java:810)
	at org.eclipse.persistence.queries.ObjectLevelModifyQuery.executeInUnitOfWorkObjectLevelModifyQuery(ObjectLevelModifyQuery.java:110)
	at org.eclipse.persistence.queries.ObjectLevelModifyQuery.executeInUnitOfWork(ObjectLevelModifyQuery.java:87)
	at org.eclipse.persistence.internal.sessions.UnitOfWorkImpl.internalExecuteQuery(UnitOfWorkImpl.java:2983)
	at org.eclipse.persistence.internal.sessions.AbstractSession.executeQuery(AbstractSession.java:1898)
	at org.eclipse.persistence.internal.sessions.AbstractSession.executeQuery(AbstractSession.java:1880)
	at org.eclipse.persistence.internal.sessions.AbstractSession.executeQuery(AbstractSession.java:1830)
	at org.eclipse.persistence.internal.sessions.CommitManager.commitNewObjectsForClassWithChangeSet(CommitManager.java:229)
	at org.eclipse.persistence.internal.sessions.CommitManager.commitAllObjectsForClassWithChangeSet(CommitManager.java:196)
	at org.eclipse.persistence.internal.sessions.CommitManager.commitAllObjectsWithChangeSet(CommitManager.java:141)
	at org.eclipse.persistence.internal.sessions.AbstractSession.writeAllObjectsWithChangeSet(AbstractSession.java:4398)
	at org.eclipse.persistence.internal.sessions.UnitOfWorkImpl.commitToDatabase(UnitOfWorkImpl.java:1495)
	at org.eclipse.persistence.internal.sessions.UnitOfWorkImpl.commitToDatabaseWithChangeSet(UnitOfWorkImpl.java:1585)
	at org.eclipse.persistence.internal.sessions.RepeatableWriteUnitOfWork.commitRootUnitOfWork(RepeatableWriteUnitOfWork.java:280)
	at org.eclipse.persistence.internal.sessions.UnitOfWorkImpl.commitAndResume(UnitOfWorkImpl.java:1222)
	at org.eclipse.persistence.internal.jpa.transaction.EntityTransactionImpl.commit(EntityTransactionImpl.java:136)
	... 45 more
Caused by: org.h2.jdbc.JdbcSQLIntegrityConstraintViolationException: La columna &quot;DIRECCION&quot; no permite valores nulos (NULL)
NULL not allowed for column &quot;DIRECCION&quot;; SQL statement:
INSERT INTO CLIENTE (ID, CIUDAD, CODIGOPOSTAL, DIRECCION, ESTADO, FECHAALTA, FECHABAJA, IDENTIFICACION, PAIS, TIPOCLIENTE, USER_USER, DTYPE) VALUES (?, ?, ?, ?, ?, ?, ?, ?, ?, ?, ?, ?) [23502-200]
	at org.h2.message.DbException.getJdbcSQLException(DbException.java:459)
	at org.h2.message.DbException.getJdbcSQLException(DbException.java:429)
	at org.h2.message.DbException.get(DbException.java:205)
	at org.h2.message.DbException.get(DbException.java:181)
	at org.h2.table.Column.validateConvertUpdateSequence(Column.java:374)
	at org.h2.table.Table.validateConvertUpdateSequence(Table.java:845)
	at org.h2.command.dml.Insert.insertRows(Insert.java:187)
	at org.h2.command.dml.Insert.update(Insert.java:151)
	at org.h2.command.CommandContainer.update(CommandContainer.java:198)
	at org.h2.command.Command.executeUpdate(Command.java:251)
	at org.h2.jdbc.JdbcPreparedStatement.executeUpdateInternal(JdbcPreparedStatement.java:191)
	at org.h2.jdbc.JdbcPreparedStatement.executeUpdate(JdbcPreparedStatement.java:152)
	at org.eclipse.persistence.internal.databaseaccess.DatabaseAccessor.executeDirectNoSelect(DatabaseAccessor.java:898)
	... 76 more
</error>
    <system-out>[EL Warning]: 2022-04-28 17:23:39.676--UnitOfWork(2114767497)--Exception [EclipseLink-4002] (Eclipse Persistence Services - 2.7.6.v20200131-b7c997804f): org.eclipse.persistence.exceptions.DatabaseException
Internal Exception: org.h2.jdbc.JdbcSQLIntegrityConstraintViolationException: La columna &quot;DIRECCION&quot; no permite valores nulos (NULL)
NULL not allowed for column &quot;DIRECCION&quot;; SQL statement:
INSERT INTO CLIENTE (ID, CIUDAD, CODIGOPOSTAL, DIRECCION, ESTADO, FECHAALTA, FECHABAJA, IDENTIFICACION, PAIS, TIPOCLIENTE, USER_USER, DTYPE) VALUES (?, ?, ?, ?, ?, ?, ?, ?, ?, ?, ?, ?) [23502-200]
Error Code: 23502
Call: INSERT INTO CLIENTE (ID, CIUDAD, CODIGOPOSTAL, DIRECCION, ESTADO, FECHAALTA, FECHABAJA, IDENTIFICACION, PAIS, TIPOCLIENTE, USER_USER, DTYPE) VALUES (?, ?, ?, ?, ?, ?, ?, ?, ?, ?, ?, ?)
	bind =&gt; [12 parameters bound]
Query: InsertObjectQuery(Cliente{
id=1
identificacion=Avenia Plutarco
tipoCliente=null
estado=Activo
fechaAlta=Thu Apr 28 17:23:39 CEST 2022
fechaBaja=null
direccion=null
ciudad=Malaga
codigopostal=29004
pais=Espana
cuentasFintech={[]}}Empresa{
razon_social=UMA})
</system-out>
  </testcase>
  <testcase classname="ma3s.fintech.test.Administrador" name="testAnaPNoEsPersonaA" time="0.041">
    <error message="Exception [EclipseLink-4002] (Eclipse Persistence Services - 2.7.6.v20200131-b7c997804f): org.eclipse.persistence.exceptions.DatabaseException
Internal Exception: org.h2.jdbc.JdbcSQLIntegrityConstraintViolationException: La columna &quot;DIRECCION&quot; no permite valores nulos (NULL)
NULL not allowed for column &quot;DIRECCION&quot;; SQL statement:
INSERT INTO CLIENTE (ID, CIUDAD, CODIGOPOSTAL, DIRECCION, ESTADO, FECHAALTA, FECHABAJA, IDENTIFICACION, PAIS, TIPOCLIENTE, USER_USER, DTYPE) VALUES (?, ?, ?, ?, ?, ?, ?, ?, ?, ?, ?, ?) [23502-200]
Error Code: 23502
Call: INSERT INTO CLIENTE (ID, CIUDAD, CODIGOPOSTAL, DIRECCION, ESTADO, FECHAALTA, FECHABAJA, IDENTIFICACION, PAIS, TIPOCLIENTE, USER_USER, DTYPE) VALUES (?, ?, ?, ?, ?, ?, ?, ?, ?, ?, ?, ?)
	bind =&gt; [12 parameters bound]
Query: InsertObjectQuery(Cliente{
id=1
identificacion=Avenia Plutarco
tipoCliente=null
estado=Activo
fechaAlta=Thu Apr 28 17:23:39 CEST 2022
fechaBaja=null
direccion=null
ciudad=Malaga
codigopostal=29004
pais=Espana
cuentasFintech={[]}}Empresa{
razon_social=UMA})" type="javax.persistence.RollbackException">javax.persistence.RollbackException: Exception [EclipseLink-4002] (Eclipse Persistence Services - 2.7.6.v20200131-b7c997804f): org.eclipse.persistence.exceptions.DatabaseException
Internal Exception: org.h2.jdbc.JdbcSQLIntegrityConstraintViolationException: La columna &quot;DIRECCION&quot; no permite valores nulos (NULL)
NULL not allowed for column &quot;DIRECCION&quot;; SQL statement:
INSERT INTO CLIENTE (ID, CIUDAD, CODIGOPOSTAL, DIRECCION, ESTADO, FECHAALTA, FECHABAJA, IDENTIFICACION, PAIS, TIPOCLIENTE, USER_USER, DTYPE) VALUES (?, ?, ?, ?, ?, ?, ?, ?, ?, ?, ?, ?) [23502-200]
Error Code: 23502
Call: INSERT INTO CLIENTE (ID, CIUDAD, CODIGOPOSTAL, DIRECCION, ESTADO, FECHAALTA, FECHABAJA, IDENTIFICACION, PAIS, TIPOCLIENTE, USER_USER, DTYPE) VALUES (?, ?, ?, ?, ?, ?, ?, ?, ?, ?, ?, ?)
	bind =&gt; [12 parameters bound]
Query: InsertObjectQuery(Cliente{
id=1
identificacion=Avenia Plutarco
tipoCliente=null
estado=Activo
fechaAlta=Thu Apr 28 17:23:39 CEST 2022
fechaBaja=null
direccion=null
ciudad=Malaga
codigopostal=29004
pais=Espana
cuentasFintech={[]}}Empresa{
razon_social=UMA})
	at org.eclipse.persistence.internal.jpa.transaction.EntityTransactionImpl.commit(EntityTransactionImpl.java:161)
	at ma3s.fintech.test.BaseDatos.inicializaBaseDatos(BaseDatos.java:229)
	at ma3s.fintech.test.Administrador.setup(Administrador.java:39)
	at sun.reflect.GeneratedMethodAccessor25.invoke(Unknown Source)
	at sun.reflect.DelegatingMethodAccessorImpl.invoke(DelegatingMethodAccessorImpl.java:43)
	at java.lang.reflect.Method.invoke(Method.java:498)
	at org.junit.runners.model.FrameworkMethod$1.runReflectiveCall(FrameworkMethod.java:59)
	at org.junit.internal.runners.model.ReflectiveCallable.run(ReflectiveCallable.java:12)
	at org.junit.runners.model.FrameworkMethod.invokeExplosively(FrameworkMethod.java:56)
	at org.junit.internal.runners.statements.RunBefores.invokeMethod(RunBefores.java:33)
	at org.junit.internal.runners.statements.RunBefores.evaluate(RunBefores.java:24)
	at org.junit.runners.ParentRunner$3.evaluate(ParentRunner.java:306)
	at org.junit.runners.BlockJUnit4ClassRunner$1.evaluate(BlockJUnit4ClassRunner.java:100)
	at org.junit.runners.ParentRunner.runLeaf(ParentRunner.java:366)
	at org.junit.runners.BlockJUnit4ClassRunner.runChild(BlockJUnit4ClassRunner.java:103)
	at org.junit.runners.BlockJUnit4ClassRunner.runChild(BlockJUnit4ClassRunner.java:63)
	at org.junit.runners.ParentRunner$4.run(ParentRunner.java:331)
	at org.junit.runners.ParentRunner$1.schedule(ParentRunner.java:79)
	at org.junit.runners.ParentRunner.runChildren(ParentRunner.java:329)
	at org.junit.runners.ParentRunner.access$100(ParentRunner.java:66)
	at org.junit.runners.ParentRunner$2.evaluate(ParentRunner.java:293)
	at org.junit.runners.ParentRunner$3.evaluate(ParentRunner.java:306)
	at org.junit.runners.ParentRunner.run(ParentRunner.java:413)
	at org.junit.runners.Suite.runChild(Suite.java:128)
	at org.junit.runners.Suite.runChild(Suite.java:27)
	at org.junit.runners.ParentRunner$4.run(ParentRunner.java:331)
	at org.junit.runners.ParentRunner$1.schedule(ParentRunner.java:79)
	at org.junit.runners.ParentRunner.runChildren(ParentRunner.java:329)
	at org.junit.runners.ParentRunner.access$100(ParentRunner.java:66)
	at org.junit.runners.ParentRunner$2.evaluate(ParentRunner.java:293)
	at org.junit.internal.runners.statements.RunBefores.evaluate(RunBefores.java:26)
	at org.junit.internal.runners.statements.RunAfters.evaluate(RunAfters.java:27)
	at org.junit.runners.ParentRunner$3.evaluate(ParentRunner.java:306)
	at org.junit.runners.ParentRunner.run(ParentRunner.java:413)
	at org.apache.maven.surefire.junit4.JUnit4Provider.execute(JUnit4Provider.java:252)
	at org.apache.maven.surefire.junit4.JUnit4Provider.executeTestSet(JUnit4Provider.java:141)
	at org.apache.maven.surefire.junit4.JUnit4Provider.invoke(JUnit4Provider.java:112)
	at sun.reflect.NativeMethodAccessorImpl.invoke0(Native Method)
	at sun.reflect.NativeMethodAccessorImpl.invoke(NativeMethodAccessorImpl.java:62)
	at sun.reflect.DelegatingMethodAccessorImpl.invoke(DelegatingMethodAccessorImpl.java:43)
	at java.lang.reflect.Method.invoke(Method.java:498)
	at org.apache.maven.surefire.util.ReflectionUtils.invokeMethodWithArray(ReflectionUtils.java:189)
	at org.apache.maven.surefire.booter.ProviderFactory$ProviderProxy.invoke(ProviderFactory.java:165)
	at org.apache.maven.surefire.booter.ProviderFactory.invokeProvider(ProviderFactory.java:85)
	at org.apache.maven.surefire.booter.ForkedBooter.runSuitesInProcess(ForkedBooter.java:115)
	at org.apache.maven.surefire.booter.ForkedBooter.main(ForkedBooter.java:75)
Caused by: Exception [EclipseLink-4002] (Eclipse Persistence Services - 2.7.6.v20200131-b7c997804f): org.eclipse.persistence.exceptions.DatabaseException
Internal Exception: org.h2.jdbc.JdbcSQLIntegrityConstraintViolationException: La columna &quot;DIRECCION&quot; no permite valores nulos (NULL)
NULL not allowed for column &quot;DIRECCION&quot;; SQL statement:
INSERT INTO CLIENTE (ID, CIUDAD, CODIGOPOSTAL, DIRECCION, ESTADO, FECHAALTA, FECHABAJA, IDENTIFICACION, PAIS, TIPOCLIENTE, USER_USER, DTYPE) VALUES (?, ?, ?, ?, ?, ?, ?, ?, ?, ?, ?, ?) [23502-200]
Error Code: 23502
Call: INSERT INTO CLIENTE (ID, CIUDAD, CODIGOPOSTAL, DIRECCION, ESTADO, FECHAALTA, FECHABAJA, IDENTIFICACION, PAIS, TIPOCLIENTE, USER_USER, DTYPE) VALUES (?, ?, ?, ?, ?, ?, ?, ?, ?, ?, ?, ?)
	bind =&gt; [12 parameters bound]
Query: InsertObjectQuery(Cliente{
id=1
identificacion=Avenia Plutarco
tipoCliente=null
estado=Activo
fechaAlta=Thu Apr 28 17:23:39 CEST 2022
fechaBaja=null
direccion=null
ciudad=Malaga
codigopostal=29004
pais=Espana
cuentasFintech={[]}}Empresa{
razon_social=UMA})
	at org.eclipse.persistence.exceptions.DatabaseException.sqlException(DatabaseException.java:333)
	at org.eclipse.persistence.internal.databaseaccess.DatabaseAccessor.executeDirectNoSelect(DatabaseAccessor.java:908)
	at org.eclipse.persistence.internal.databaseaccess.DatabaseAccessor.executeNoSelect(DatabaseAccessor.java:970)
	at org.eclipse.persistence.internal.databaseaccess.DatabaseAccessor.basicExecuteCall(DatabaseAccessor.java:640)
	at org.eclipse.persistence.internal.databaseaccess.DatabaseAccessor.executeCall(DatabaseAccessor.java:567)
	at org.eclipse.persistence.internal.sessions.AbstractSession.basicExecuteCall(AbstractSession.java:2099)
	at org.eclipse.persistence.sessions.server.ClientSession.executeCall(ClientSession.java:313)
	at org.eclipse.persistence.internal.queries.DatasourceCallQueryMechanism.executeCall(DatasourceCallQueryMechanism.java:275)
	at org.eclipse.persistence.internal.queries.DatasourceCallQueryMechanism.insertObject(DatasourceCallQueryMechanism.java:397)
	at org.eclipse.persistence.internal.queries.StatementQueryMechanism.insertObject(StatementQueryMechanism.java:167)
	at org.eclipse.persistence.internal.queries.StatementQueryMechanism.insertObject(StatementQueryMechanism.java:182)
	at org.eclipse.persistence.internal.queries.DatabaseQueryMechanism.insertObjectForWrite(DatabaseQueryMechanism.java:504)
	at org.eclipse.persistence.queries.InsertObjectQuery.executeCommit(InsertObjectQuery.java:82)
	at org.eclipse.persistence.queries.InsertObjectQuery.executeCommitWithChangeSet(InsertObjectQuery.java:92)
	at org.eclipse.persistence.internal.queries.DatabaseQueryMechanism.executeWriteWithChangeSet(DatabaseQueryMechanism.java:316)
	at org.eclipse.persistence.queries.WriteObjectQuery.executeDatabaseQuery(WriteObjectQuery.java:60)
	at org.eclipse.persistence.queries.DatabaseQuery.execute(DatabaseQuery.java:911)
	at org.eclipse.persistence.queries.DatabaseQuery.executeInUnitOfWork(DatabaseQuery.java:810)
	at org.eclipse.persistence.queries.ObjectLevelModifyQuery.executeInUnitOfWorkObjectLevelModifyQuery(ObjectLevelModifyQuery.java:110)
	at org.eclipse.persistence.queries.ObjectLevelModifyQuery.executeInUnitOfWork(ObjectLevelModifyQuery.java:87)
	at org.eclipse.persistence.internal.sessions.UnitOfWorkImpl.internalExecuteQuery(UnitOfWorkImpl.java:2983)
	at org.eclipse.persistence.internal.sessions.AbstractSession.executeQuery(AbstractSession.java:1898)
	at org.eclipse.persistence.internal.sessions.AbstractSession.executeQuery(AbstractSession.java:1880)
	at org.eclipse.persistence.internal.sessions.AbstractSession.executeQuery(AbstractSession.java:1830)
	at org.eclipse.persistence.internal.sessions.CommitManager.commitNewObjectsForClassWithChangeSet(CommitManager.java:229)
	at org.eclipse.persistence.internal.sessions.CommitManager.commitAllObjectsForClassWithChangeSet(CommitManager.java:196)
	at org.eclipse.persistence.internal.sessions.CommitManager.commitAllObjectsWithChangeSet(CommitManager.java:141)
	at org.eclipse.persistence.internal.sessions.AbstractSession.writeAllObjectsWithChangeSet(AbstractSession.java:4398)
	at org.eclipse.persistence.internal.sessions.UnitOfWorkImpl.commitToDatabase(UnitOfWorkImpl.java:1495)
	at org.eclipse.persistence.internal.sessions.UnitOfWorkImpl.commitToDatabaseWithChangeSet(UnitOfWorkImpl.java:1585)
	at org.eclipse.persistence.internal.sessions.RepeatableWriteUnitOfWork.commitRootUnitOfWork(RepeatableWriteUnitOfWork.java:280)
	at org.eclipse.persistence.internal.sessions.UnitOfWorkImpl.commitAndResume(UnitOfWorkImpl.java:1222)
	at org.eclipse.persistence.internal.jpa.transaction.EntityTransactionImpl.commit(EntityTransactionImpl.java:136)
	... 45 more
Caused by: org.h2.jdbc.JdbcSQLIntegrityConstraintViolationException: La columna &quot;DIRECCION&quot; no permite valores nulos (NULL)
NULL not allowed for column &quot;DIRECCION&quot;; SQL statement:
INSERT INTO CLIENTE (ID, CIUDAD, CODIGOPOSTAL, DIRECCION, ESTADO, FECHAALTA, FECHABAJA, IDENTIFICACION, PAIS, TIPOCLIENTE, USER_USER, DTYPE) VALUES (?, ?, ?, ?, ?, ?, ?, ?, ?, ?, ?, ?) [23502-200]
	at org.h2.message.DbException.getJdbcSQLException(DbException.java:459)
	at org.h2.message.DbException.getJdbcSQLException(DbException.java:429)
	at org.h2.message.DbException.get(DbException.java:205)
	at org.h2.message.DbException.get(DbException.java:181)
	at org.h2.table.Column.validateConvertUpdateSequence(Column.java:374)
	at org.h2.table.Table.validateConvertUpdateSequence(Table.java:845)
	at org.h2.command.dml.Insert.insertRows(Insert.java:187)
	at org.h2.command.dml.Insert.update(Insert.java:151)
	at org.h2.command.CommandContainer.update(CommandContainer.java:198)
	at org.h2.command.Command.executeUpdate(Command.java:251)
	at org.h2.jdbc.JdbcPreparedStatement.executeUpdateInternal(JdbcPreparedStatement.java:191)
	at org.h2.jdbc.JdbcPreparedStatement.executeUpdate(JdbcPreparedStatement.java:152)
	at org.eclipse.persistence.internal.databaseaccess.DatabaseAccessor.executeDirectNoSelect(DatabaseAccessor.java:898)
	... 76 more
</error>
    <system-out>[EL Warning]: 2022-04-28 17:23:39.716--UnitOfWork(1259738361)--Exception [EclipseLink-4002] (Eclipse Persistence Services - 2.7.6.v20200131-b7c997804f): org.eclipse.persistence.exceptions.DatabaseException
Internal Exception: org.h2.jdbc.JdbcSQLIntegrityConstraintViolationException: La columna &quot;DIRECCION&quot; no permite valores nulos (NULL)
NULL not allowed for column &quot;DIRECCION&quot;; SQL statement:
INSERT INTO CLIENTE (ID, CIUDAD, CODIGOPOSTAL, DIRECCION, ESTADO, FECHAALTA, FECHABAJA, IDENTIFICACION, PAIS, TIPOCLIENTE, USER_USER, DTYPE) VALUES (?, ?, ?, ?, ?, ?, ?, ?, ?, ?, ?, ?) [23502-200]
Error Code: 23502
Call: INSERT INTO CLIENTE (ID, CIUDAD, CODIGOPOSTAL, DIRECCION, ESTADO, FECHAALTA, FECHABAJA, IDENTIFICACION, PAIS, TIPOCLIENTE, USER_USER, DTYPE) VALUES (?, ?, ?, ?, ?, ?, ?, ?, ?, ?, ?, ?)
	bind =&gt; [12 parameters bound]
Query: InsertObjectQuery(Cliente{
id=1
identificacion=Avenia Plutarco
tipoCliente=null
estado=Activo
fechaAlta=Thu Apr 28 17:23:39 CEST 2022
fechaBaja=null
direccion=null
ciudad=Malaga
codigopostal=29004
pais=Espana
cuentasFintech={[]}}Empresa{
razon_social=UMA})
</system-out>
  </testcase>
  <testcase classname="ma3s.fintech.test.Administrador" name="testModifyEstadoPAutorizadaAdminNoExist" time="0.04">
    <error message="Exception [EclipseLink-4002] (Eclipse Persistence Services - 2.7.6.v20200131-b7c997804f): org.eclipse.persistence.exceptions.DatabaseException
Internal Exception: org.h2.jdbc.JdbcSQLIntegrityConstraintViolationException: La columna &quot;DIRECCION&quot; no permite valores nulos (NULL)
NULL not allowed for column &quot;DIRECCION&quot;; SQL statement:
INSERT INTO CLIENTE (ID, CIUDAD, CODIGOPOSTAL, DIRECCION, ESTADO, FECHAALTA, FECHABAJA, IDENTIFICACION, PAIS, TIPOCLIENTE, USER_USER, DTYPE) VALUES (?, ?, ?, ?, ?, ?, ?, ?, ?, ?, ?, ?) [23502-200]
Error Code: 23502
Call: INSERT INTO CLIENTE (ID, CIUDAD, CODIGOPOSTAL, DIRECCION, ESTADO, FECHAALTA, FECHABAJA, IDENTIFICACION, PAIS, TIPOCLIENTE, USER_USER, DTYPE) VALUES (?, ?, ?, ?, ?, ?, ?, ?, ?, ?, ?, ?)
	bind =&gt; [12 parameters bound]
Query: InsertObjectQuery(Cliente{
id=1
identificacion=Avenia Plutarco
tipoCliente=null
estado=Activo
fechaAlta=Thu Apr 28 17:23:39 CEST 2022
fechaBaja=null
direccion=null
ciudad=Malaga
codigopostal=29004
pais=Espana
cuentasFintech={[]}}Empresa{
razon_social=UMA})" type="javax.persistence.RollbackException">javax.persistence.RollbackException: Exception [EclipseLink-4002] (Eclipse Persistence Services - 2.7.6.v20200131-b7c997804f): org.eclipse.persistence.exceptions.DatabaseException
Internal Exception: org.h2.jdbc.JdbcSQLIntegrityConstraintViolationException: La columna &quot;DIRECCION&quot; no permite valores nulos (NULL)
NULL not allowed for column &quot;DIRECCION&quot;; SQL statement:
INSERT INTO CLIENTE (ID, CIUDAD, CODIGOPOSTAL, DIRECCION, ESTADO, FECHAALTA, FECHABAJA, IDENTIFICACION, PAIS, TIPOCLIENTE, USER_USER, DTYPE) VALUES (?, ?, ?, ?, ?, ?, ?, ?, ?, ?, ?, ?) [23502-200]
Error Code: 23502
Call: INSERT INTO CLIENTE (ID, CIUDAD, CODIGOPOSTAL, DIRECCION, ESTADO, FECHAALTA, FECHABAJA, IDENTIFICACION, PAIS, TIPOCLIENTE, USER_USER, DTYPE) VALUES (?, ?, ?, ?, ?, ?, ?, ?, ?, ?, ?, ?)
	bind =&gt; [12 parameters bound]
Query: InsertObjectQuery(Cliente{
id=1
identificacion=Avenia Plutarco
tipoCliente=null
estado=Activo
fechaAlta=Thu Apr 28 17:23:39 CEST 2022
fechaBaja=null
direccion=null
ciudad=Malaga
codigopostal=29004
pais=Espana
cuentasFintech={[]}}Empresa{
razon_social=UMA})
	at org.eclipse.persistence.internal.jpa.transaction.EntityTransactionImpl.commit(EntityTransactionImpl.java:161)
	at ma3s.fintech.test.BaseDatos.inicializaBaseDatos(BaseDatos.java:229)
	at ma3s.fintech.test.Administrador.setup(Administrador.java:39)
	at sun.reflect.GeneratedMethodAccessor25.invoke(Unknown Source)
	at sun.reflect.DelegatingMethodAccessorImpl.invoke(DelegatingMethodAccessorImpl.java:43)
	at java.lang.reflect.Method.invoke(Method.java:498)
	at org.junit.runners.model.FrameworkMethod$1.runReflectiveCall(FrameworkMethod.java:59)
	at org.junit.internal.runners.model.ReflectiveCallable.run(ReflectiveCallable.java:12)
	at org.junit.runners.model.FrameworkMethod.invokeExplosively(FrameworkMethod.java:56)
	at org.junit.internal.runners.statements.RunBefores.invokeMethod(RunBefores.java:33)
	at org.junit.internal.runners.statements.RunBefores.evaluate(RunBefores.java:24)
	at org.junit.runners.ParentRunner$3.evaluate(ParentRunner.java:306)
	at org.junit.runners.BlockJUnit4ClassRunner$1.evaluate(BlockJUnit4ClassRunner.java:100)
	at org.junit.runners.ParentRunner.runLeaf(ParentRunner.java:366)
	at org.junit.runners.BlockJUnit4ClassRunner.runChild(BlockJUnit4ClassRunner.java:103)
	at org.junit.runners.BlockJUnit4ClassRunner.runChild(BlockJUnit4ClassRunner.java:63)
	at org.junit.runners.ParentRunner$4.run(ParentRunner.java:331)
	at org.junit.runners.ParentRunner$1.schedule(ParentRunner.java:79)
	at org.junit.runners.ParentRunner.runChildren(ParentRunner.java:329)
	at org.junit.runners.ParentRunner.access$100(ParentRunner.java:66)
	at org.junit.runners.ParentRunner$2.evaluate(ParentRunner.java:293)
	at org.junit.runners.ParentRunner$3.evaluate(ParentRunner.java:306)
	at org.junit.runners.ParentRunner.run(ParentRunner.java:413)
	at org.junit.runners.Suite.runChild(Suite.java:128)
	at org.junit.runners.Suite.runChild(Suite.java:27)
	at org.junit.runners.ParentRunner$4.run(ParentRunner.java:331)
	at org.junit.runners.ParentRunner$1.schedule(ParentRunner.java:79)
	at org.junit.runners.ParentRunner.runChildren(ParentRunner.java:329)
	at org.junit.runners.ParentRunner.access$100(ParentRunner.java:66)
	at org.junit.runners.ParentRunner$2.evaluate(ParentRunner.java:293)
	at org.junit.internal.runners.statements.RunBefores.evaluate(RunBefores.java:26)
	at org.junit.internal.runners.statements.RunAfters.evaluate(RunAfters.java:27)
	at org.junit.runners.ParentRunner$3.evaluate(ParentRunner.java:306)
	at org.junit.runners.ParentRunner.run(ParentRunner.java:413)
	at org.apache.maven.surefire.junit4.JUnit4Provider.execute(JUnit4Provider.java:252)
	at org.apache.maven.surefire.junit4.JUnit4Provider.executeTestSet(JUnit4Provider.java:141)
	at org.apache.maven.surefire.junit4.JUnit4Provider.invoke(JUnit4Provider.java:112)
	at sun.reflect.NativeMethodAccessorImpl.invoke0(Native Method)
	at sun.reflect.NativeMethodAccessorImpl.invoke(NativeMethodAccessorImpl.java:62)
	at sun.reflect.DelegatingMethodAccessorImpl.invoke(DelegatingMethodAccessorImpl.java:43)
	at java.lang.reflect.Method.invoke(Method.java:498)
	at org.apache.maven.surefire.util.ReflectionUtils.invokeMethodWithArray(ReflectionUtils.java:189)
	at org.apache.maven.surefire.booter.ProviderFactory$ProviderProxy.invoke(ProviderFactory.java:165)
	at org.apache.maven.surefire.booter.ProviderFactory.invokeProvider(ProviderFactory.java:85)
	at org.apache.maven.surefire.booter.ForkedBooter.runSuitesInProcess(ForkedBooter.java:115)
	at org.apache.maven.surefire.booter.ForkedBooter.main(ForkedBooter.java:75)
Caused by: Exception [EclipseLink-4002] (Eclipse Persistence Services - 2.7.6.v20200131-b7c997804f): org.eclipse.persistence.exceptions.DatabaseException
Internal Exception: org.h2.jdbc.JdbcSQLIntegrityConstraintViolationException: La columna &quot;DIRECCION&quot; no permite valores nulos (NULL)
NULL not allowed for column &quot;DIRECCION&quot;; SQL statement:
INSERT INTO CLIENTE (ID, CIUDAD, CODIGOPOSTAL, DIRECCION, ESTADO, FECHAALTA, FECHABAJA, IDENTIFICACION, PAIS, TIPOCLIENTE, USER_USER, DTYPE) VALUES (?, ?, ?, ?, ?, ?, ?, ?, ?, ?, ?, ?) [23502-200]
Error Code: 23502
Call: INSERT INTO CLIENTE (ID, CIUDAD, CODIGOPOSTAL, DIRECCION, ESTADO, FECHAALTA, FECHABAJA, IDENTIFICACION, PAIS, TIPOCLIENTE, USER_USER, DTYPE) VALUES (?, ?, ?, ?, ?, ?, ?, ?, ?, ?, ?, ?)
	bind =&gt; [12 parameters bound]
Query: InsertObjectQuery(Cliente{
id=1
identificacion=Avenia Plutarco
tipoCliente=null
estado=Activo
fechaAlta=Thu Apr 28 17:23:39 CEST 2022
fechaBaja=null
direccion=null
ciudad=Malaga
codigopostal=29004
pais=Espana
cuentasFintech={[]}}Empresa{
razon_social=UMA})
	at org.eclipse.persistence.exceptions.DatabaseException.sqlException(DatabaseException.java:333)
	at org.eclipse.persistence.internal.databaseaccess.DatabaseAccessor.executeDirectNoSelect(DatabaseAccessor.java:908)
	at org.eclipse.persistence.internal.databaseaccess.DatabaseAccessor.executeNoSelect(DatabaseAccessor.java:970)
	at org.eclipse.persistence.internal.databaseaccess.DatabaseAccessor.basicExecuteCall(DatabaseAccessor.java:640)
	at org.eclipse.persistence.internal.databaseaccess.DatabaseAccessor.executeCall(DatabaseAccessor.java:567)
	at org.eclipse.persistence.internal.sessions.AbstractSession.basicExecuteCall(AbstractSession.java:2099)
	at org.eclipse.persistence.sessions.server.ClientSession.executeCall(ClientSession.java:313)
	at org.eclipse.persistence.internal.queries.DatasourceCallQueryMechanism.executeCall(DatasourceCallQueryMechanism.java:275)
	at org.eclipse.persistence.internal.queries.DatasourceCallQueryMechanism.insertObject(DatasourceCallQueryMechanism.java:397)
	at org.eclipse.persistence.internal.queries.StatementQueryMechanism.insertObject(StatementQueryMechanism.java:167)
	at org.eclipse.persistence.internal.queries.StatementQueryMechanism.insertObject(StatementQueryMechanism.java:182)
	at org.eclipse.persistence.internal.queries.DatabaseQueryMechanism.insertObjectForWrite(DatabaseQueryMechanism.java:504)
	at org.eclipse.persistence.queries.InsertObjectQuery.executeCommit(InsertObjectQuery.java:82)
	at org.eclipse.persistence.queries.InsertObjectQuery.executeCommitWithChangeSet(InsertObjectQuery.java:92)
	at org.eclipse.persistence.internal.queries.DatabaseQueryMechanism.executeWriteWithChangeSet(DatabaseQueryMechanism.java:316)
	at org.eclipse.persistence.queries.WriteObjectQuery.executeDatabaseQuery(WriteObjectQuery.java:60)
	at org.eclipse.persistence.queries.DatabaseQuery.execute(DatabaseQuery.java:911)
	at org.eclipse.persistence.queries.DatabaseQuery.executeInUnitOfWork(DatabaseQuery.java:810)
	at org.eclipse.persistence.queries.ObjectLevelModifyQuery.executeInUnitOfWorkObjectLevelModifyQuery(ObjectLevelModifyQuery.java:110)
	at org.eclipse.persistence.queries.ObjectLevelModifyQuery.executeInUnitOfWork(ObjectLevelModifyQuery.java:87)
	at org.eclipse.persistence.internal.sessions.UnitOfWorkImpl.internalExecuteQuery(UnitOfWorkImpl.java:2983)
	at org.eclipse.persistence.internal.sessions.AbstractSession.executeQuery(AbstractSession.java:1898)
	at org.eclipse.persistence.internal.sessions.AbstractSession.executeQuery(AbstractSession.java:1880)
	at org.eclipse.persistence.internal.sessions.AbstractSession.executeQuery(AbstractSession.java:1830)
	at org.eclipse.persistence.internal.sessions.CommitManager.commitNewObjectsForClassWithChangeSet(CommitManager.java:229)
	at org.eclipse.persistence.internal.sessions.CommitManager.commitAllObjectsForClassWithChangeSet(CommitManager.java:196)
	at org.eclipse.persistence.internal.sessions.CommitManager.commitAllObjectsWithChangeSet(CommitManager.java:141)
	at org.eclipse.persistence.internal.sessions.AbstractSession.writeAllObjectsWithChangeSet(AbstractSession.java:4398)
	at org.eclipse.persistence.internal.sessions.UnitOfWorkImpl.commitToDatabase(UnitOfWorkImpl.java:1495)
	at org.eclipse.persistence.internal.sessions.UnitOfWorkImpl.commitToDatabaseWithChangeSet(UnitOfWorkImpl.java:1585)
	at org.eclipse.persistence.internal.sessions.RepeatableWriteUnitOfWork.commitRootUnitOfWork(RepeatableWriteUnitOfWork.java:280)
	at org.eclipse.persistence.internal.sessions.UnitOfWorkImpl.commitAndResume(UnitOfWorkImpl.java:1222)
	at org.eclipse.persistence.internal.jpa.transaction.EntityTransactionImpl.commit(EntityTransactionImpl.java:136)
	... 45 more
Caused by: org.h2.jdbc.JdbcSQLIntegrityConstraintViolationException: La columna &quot;DIRECCION&quot; no permite valores nulos (NULL)
NULL not allowed for column &quot;DIRECCION&quot;; SQL statement:
INSERT INTO CLIENTE (ID, CIUDAD, CODIGOPOSTAL, DIRECCION, ESTADO, FECHAALTA, FECHABAJA, IDENTIFICACION, PAIS, TIPOCLIENTE, USER_USER, DTYPE) VALUES (?, ?, ?, ?, ?, ?, ?, ?, ?, ?, ?, ?) [23502-200]
	at org.h2.message.DbException.getJdbcSQLException(DbException.java:459)
	at org.h2.message.DbException.getJdbcSQLException(DbException.java:429)
	at org.h2.message.DbException.get(DbException.java:205)
	at org.h2.message.DbException.get(DbException.java:181)
	at org.h2.table.Column.validateConvertUpdateSequence(Column.java:374)
	at org.h2.table.Table.validateConvertUpdateSequence(Table.java:845)
	at org.h2.command.dml.Insert.insertRows(Insert.java:187)
	at org.h2.command.dml.Insert.update(Insert.java:151)
	at org.h2.command.CommandContainer.update(CommandContainer.java:198)
	at org.h2.command.Command.executeUpdate(Command.java:251)
	at org.h2.jdbc.JdbcPreparedStatement.executeUpdateInternal(JdbcPreparedStatement.java:191)
	at org.h2.jdbc.JdbcPreparedStatement.executeUpdate(JdbcPreparedStatement.java:152)
	at org.eclipse.persistence.internal.databaseaccess.DatabaseAccessor.executeDirectNoSelect(DatabaseAccessor.java:898)
	... 76 more
</error>
    <system-out>[EL Warning]: 2022-04-28 17:23:39.751--UnitOfWork(1173304952)--Exception [EclipseLink-4002] (Eclipse Persistence Services - 2.7.6.v20200131-b7c997804f): org.eclipse.persistence.exceptions.DatabaseException
Internal Exception: org.h2.jdbc.JdbcSQLIntegrityConstraintViolationException: La columna &quot;DIRECCION&quot; no permite valores nulos (NULL)
NULL not allowed for column &quot;DIRECCION&quot;; SQL statement:
INSERT INTO CLIENTE (ID, CIUDAD, CODIGOPOSTAL, DIRECCION, ESTADO, FECHAALTA, FECHABAJA, IDENTIFICACION, PAIS, TIPOCLIENTE, USER_USER, DTYPE) VALUES (?, ?, ?, ?, ?, ?, ?, ?, ?, ?, ?, ?) [23502-200]
Error Code: 23502
Call: INSERT INTO CLIENTE (ID, CIUDAD, CODIGOPOSTAL, DIRECCION, ESTADO, FECHAALTA, FECHABAJA, IDENTIFICACION, PAIS, TIPOCLIENTE, USER_USER, DTYPE) VALUES (?, ?, ?, ?, ?, ?, ?, ?, ?, ?, ?, ?)
	bind =&gt; [12 parameters bound]
Query: InsertObjectQuery(Cliente{
id=1
identificacion=Avenia Plutarco
tipoCliente=null
estado=Activo
fechaAlta=Thu Apr 28 17:23:39 CEST 2022
fechaBaja=null
direccion=null
ciudad=Malaga
codigopostal=29004
pais=Espana
cuentasFintech={[]}}Empresa{
razon_social=UMA})
</system-out>
  </testcase>
  <testcase classname="ma3s.fintech.test.Administrador" name="testModifyFechaFinPAutorizadaNoEsAdministrador" time="0.041">
    <error message="Exception [EclipseLink-4002] (Eclipse Persistence Services - 2.7.6.v20200131-b7c997804f): org.eclipse.persistence.exceptions.DatabaseException
Internal Exception: org.h2.jdbc.JdbcSQLIntegrityConstraintViolationException: La columna &quot;DIRECCION&quot; no permite valores nulos (NULL)
NULL not allowed for column &quot;DIRECCION&quot;; SQL statement:
INSERT INTO CLIENTE (ID, CIUDAD, CODIGOPOSTAL, DIRECCION, ESTADO, FECHAALTA, FECHABAJA, IDENTIFICACION, PAIS, TIPOCLIENTE, USER_USER, DTYPE) VALUES (?, ?, ?, ?, ?, ?, ?, ?, ?, ?, ?, ?) [23502-200]
Error Code: 23502
Call: INSERT INTO CLIENTE (ID, CIUDAD, CODIGOPOSTAL, DIRECCION, ESTADO, FECHAALTA, FECHABAJA, IDENTIFICACION, PAIS, TIPOCLIENTE, USER_USER, DTYPE) VALUES (?, ?, ?, ?, ?, ?, ?, ?, ?, ?, ?, ?)
	bind =&gt; [12 parameters bound]
Query: InsertObjectQuery(Cliente{
id=2
identificacion=avenida de Murcia
tipoCliente=null
estado=Activo
fechaAlta=Thu Apr 28 17:23:39 CEST 2022
fechaBaja=null
direccion=null
ciudad=Murcia
codigopostal=29845
pais=Espana
cuentasFintech={[]}}Empresa{
razon_social=UCAM})" type="javax.persistence.RollbackException">javax.persistence.RollbackException: Exception [EclipseLink-4002] (Eclipse Persistence Services - 2.7.6.v20200131-b7c997804f): org.eclipse.persistence.exceptions.DatabaseException
Internal Exception: org.h2.jdbc.JdbcSQLIntegrityConstraintViolationException: La columna &quot;DIRECCION&quot; no permite valores nulos (NULL)
NULL not allowed for column &quot;DIRECCION&quot;; SQL statement:
INSERT INTO CLIENTE (ID, CIUDAD, CODIGOPOSTAL, DIRECCION, ESTADO, FECHAALTA, FECHABAJA, IDENTIFICACION, PAIS, TIPOCLIENTE, USER_USER, DTYPE) VALUES (?, ?, ?, ?, ?, ?, ?, ?, ?, ?, ?, ?) [23502-200]
Error Code: 23502
Call: INSERT INTO CLIENTE (ID, CIUDAD, CODIGOPOSTAL, DIRECCION, ESTADO, FECHAALTA, FECHABAJA, IDENTIFICACION, PAIS, TIPOCLIENTE, USER_USER, DTYPE) VALUES (?, ?, ?, ?, ?, ?, ?, ?, ?, ?, ?, ?)
	bind =&gt; [12 parameters bound]
Query: InsertObjectQuery(Cliente{
id=2
identificacion=avenida de Murcia
tipoCliente=null
estado=Activo
fechaAlta=Thu Apr 28 17:23:39 CEST 2022
fechaBaja=null
direccion=null
ciudad=Murcia
codigopostal=29845
pais=Espana
cuentasFintech={[]}}Empresa{
razon_social=UCAM})
	at org.eclipse.persistence.internal.jpa.transaction.EntityTransactionImpl.commit(EntityTransactionImpl.java:161)
	at ma3s.fintech.test.BaseDatos.inicializaBaseDatos(BaseDatos.java:229)
	at ma3s.fintech.test.Administrador.setup(Administrador.java:39)
	at sun.reflect.GeneratedMethodAccessor25.invoke(Unknown Source)
	at sun.reflect.DelegatingMethodAccessorImpl.invoke(DelegatingMethodAccessorImpl.java:43)
	at java.lang.reflect.Method.invoke(Method.java:498)
	at org.junit.runners.model.FrameworkMethod$1.runReflectiveCall(FrameworkMethod.java:59)
	at org.junit.internal.runners.model.ReflectiveCallable.run(ReflectiveCallable.java:12)
	at org.junit.runners.model.FrameworkMethod.invokeExplosively(FrameworkMethod.java:56)
	at org.junit.internal.runners.statements.RunBefores.invokeMethod(RunBefores.java:33)
	at org.junit.internal.runners.statements.RunBefores.evaluate(RunBefores.java:24)
	at org.junit.runners.ParentRunner$3.evaluate(ParentRunner.java:306)
	at org.junit.runners.BlockJUnit4ClassRunner$1.evaluate(BlockJUnit4ClassRunner.java:100)
	at org.junit.runners.ParentRunner.runLeaf(ParentRunner.java:366)
	at org.junit.runners.BlockJUnit4ClassRunner.runChild(BlockJUnit4ClassRunner.java:103)
	at org.junit.runners.BlockJUnit4ClassRunner.runChild(BlockJUnit4ClassRunner.java:63)
	at org.junit.runners.ParentRunner$4.run(ParentRunner.java:331)
	at org.junit.runners.ParentRunner$1.schedule(ParentRunner.java:79)
	at org.junit.runners.ParentRunner.runChildren(ParentRunner.java:329)
	at org.junit.runners.ParentRunner.access$100(ParentRunner.java:66)
	at org.junit.runners.ParentRunner$2.evaluate(ParentRunner.java:293)
	at org.junit.runners.ParentRunner$3.evaluate(ParentRunner.java:306)
	at org.junit.runners.ParentRunner.run(ParentRunner.java:413)
	at org.junit.runners.Suite.runChild(Suite.java:128)
	at org.junit.runners.Suite.runChild(Suite.java:27)
	at org.junit.runners.ParentRunner$4.run(ParentRunner.java:331)
	at org.junit.runners.ParentRunner$1.schedule(ParentRunner.java:79)
	at org.junit.runners.ParentRunner.runChildren(ParentRunner.java:329)
	at org.junit.runners.ParentRunner.access$100(ParentRunner.java:66)
	at org.junit.runners.ParentRunner$2.evaluate(ParentRunner.java:293)
	at org.junit.internal.runners.statements.RunBefores.evaluate(RunBefores.java:26)
	at org.junit.internal.runners.statements.RunAfters.evaluate(RunAfters.java:27)
	at org.junit.runners.ParentRunner$3.evaluate(ParentRunner.java:306)
	at org.junit.runners.ParentRunner.run(ParentRunner.java:413)
	at org.apache.maven.surefire.junit4.JUnit4Provider.execute(JUnit4Provider.java:252)
	at org.apache.maven.surefire.junit4.JUnit4Provider.executeTestSet(JUnit4Provider.java:141)
	at org.apache.maven.surefire.junit4.JUnit4Provider.invoke(JUnit4Provider.java:112)
	at sun.reflect.NativeMethodAccessorImpl.invoke0(Native Method)
	at sun.reflect.NativeMethodAccessorImpl.invoke(NativeMethodAccessorImpl.java:62)
	at sun.reflect.DelegatingMethodAccessorImpl.invoke(DelegatingMethodAccessorImpl.java:43)
	at java.lang.reflect.Method.invoke(Method.java:498)
	at org.apache.maven.surefire.util.ReflectionUtils.invokeMethodWithArray(ReflectionUtils.java:189)
	at org.apache.maven.surefire.booter.ProviderFactory$ProviderProxy.invoke(ProviderFactory.java:165)
	at org.apache.maven.surefire.booter.ProviderFactory.invokeProvider(ProviderFactory.java:85)
	at org.apache.maven.surefire.booter.ForkedBooter.runSuitesInProcess(ForkedBooter.java:115)
	at org.apache.maven.surefire.booter.ForkedBooter.main(ForkedBooter.java:75)
Caused by: Exception [EclipseLink-4002] (Eclipse Persistence Services - 2.7.6.v20200131-b7c997804f): org.eclipse.persistence.exceptions.DatabaseException
Internal Exception: org.h2.jdbc.JdbcSQLIntegrityConstraintViolationException: La columna &quot;DIRECCION&quot; no permite valores nulos (NULL)
NULL not allowed for column &quot;DIRECCION&quot;; SQL statement:
INSERT INTO CLIENTE (ID, CIUDAD, CODIGOPOSTAL, DIRECCION, ESTADO, FECHAALTA, FECHABAJA, IDENTIFICACION, PAIS, TIPOCLIENTE, USER_USER, DTYPE) VALUES (?, ?, ?, ?, ?, ?, ?, ?, ?, ?, ?, ?) [23502-200]
Error Code: 23502
Call: INSERT INTO CLIENTE (ID, CIUDAD, CODIGOPOSTAL, DIRECCION, ESTADO, FECHAALTA, FECHABAJA, IDENTIFICACION, PAIS, TIPOCLIENTE, USER_USER, DTYPE) VALUES (?, ?, ?, ?, ?, ?, ?, ?, ?, ?, ?, ?)
	bind =&gt; [12 parameters bound]
Query: InsertObjectQuery(Cliente{
id=2
identificacion=avenida de Murcia
tipoCliente=null
estado=Activo
fechaAlta=Thu Apr 28 17:23:39 CEST 2022
fechaBaja=null
direccion=null
ciudad=Murcia
codigopostal=29845
pais=Espana
cuentasFintech={[]}}Empresa{
razon_social=UCAM})
	at org.eclipse.persistence.exceptions.DatabaseException.sqlException(DatabaseException.java:333)
	at org.eclipse.persistence.internal.databaseaccess.DatabaseAccessor.executeDirectNoSelect(DatabaseAccessor.java:908)
	at org.eclipse.persistence.internal.databaseaccess.DatabaseAccessor.executeNoSelect(DatabaseAccessor.java:970)
	at org.eclipse.persistence.internal.databaseaccess.DatabaseAccessor.basicExecuteCall(DatabaseAccessor.java:640)
	at org.eclipse.persistence.internal.databaseaccess.DatabaseAccessor.executeCall(DatabaseAccessor.java:567)
	at org.eclipse.persistence.internal.sessions.AbstractSession.basicExecuteCall(AbstractSession.java:2099)
	at org.eclipse.persistence.sessions.server.ClientSession.executeCall(ClientSession.java:313)
	at org.eclipse.persistence.internal.queries.DatasourceCallQueryMechanism.executeCall(DatasourceCallQueryMechanism.java:275)
	at org.eclipse.persistence.internal.queries.DatasourceCallQueryMechanism.insertObject(DatasourceCallQueryMechanism.java:397)
	at org.eclipse.persistence.internal.queries.StatementQueryMechanism.insertObject(StatementQueryMechanism.java:167)
	at org.eclipse.persistence.internal.queries.StatementQueryMechanism.insertObject(StatementQueryMechanism.java:182)
	at org.eclipse.persistence.internal.queries.DatabaseQueryMechanism.insertObjectForWrite(DatabaseQueryMechanism.java:504)
	at org.eclipse.persistence.queries.InsertObjectQuery.executeCommit(InsertObjectQuery.java:82)
	at org.eclipse.persistence.queries.InsertObjectQuery.executeCommitWithChangeSet(InsertObjectQuery.java:92)
	at org.eclipse.persistence.internal.queries.DatabaseQueryMechanism.executeWriteWithChangeSet(DatabaseQueryMechanism.java:316)
	at org.eclipse.persistence.queries.WriteObjectQuery.executeDatabaseQuery(WriteObjectQuery.java:60)
	at org.eclipse.persistence.queries.DatabaseQuery.execute(DatabaseQuery.java:911)
	at org.eclipse.persistence.queries.DatabaseQuery.executeInUnitOfWork(DatabaseQuery.java:810)
	at org.eclipse.persistence.queries.ObjectLevelModifyQuery.executeInUnitOfWorkObjectLevelModifyQuery(ObjectLevelModifyQuery.java:110)
	at org.eclipse.persistence.queries.ObjectLevelModifyQuery.executeInUnitOfWork(ObjectLevelModifyQuery.java:87)
	at org.eclipse.persistence.internal.sessions.UnitOfWorkImpl.internalExecuteQuery(UnitOfWorkImpl.java:2983)
	at org.eclipse.persistence.internal.sessions.AbstractSession.executeQuery(AbstractSession.java:1898)
	at org.eclipse.persistence.internal.sessions.AbstractSession.executeQuery(AbstractSession.java:1880)
	at org.eclipse.persistence.internal.sessions.AbstractSession.executeQuery(AbstractSession.java:1830)
	at org.eclipse.persistence.internal.sessions.CommitManager.commitNewObjectsForClassWithChangeSet(CommitManager.java:229)
	at org.eclipse.persistence.internal.sessions.CommitManager.commitAllObjectsForClassWithChangeSet(CommitManager.java:196)
	at org.eclipse.persistence.internal.sessions.CommitManager.commitAllObjectsWithChangeSet(CommitManager.java:141)
	at org.eclipse.persistence.internal.sessions.AbstractSession.writeAllObjectsWithChangeSet(AbstractSession.java:4398)
	at org.eclipse.persistence.internal.sessions.UnitOfWorkImpl.commitToDatabase(UnitOfWorkImpl.java:1495)
	at org.eclipse.persistence.internal.sessions.UnitOfWorkImpl.commitToDatabaseWithChangeSet(UnitOfWorkImpl.java:1585)
	at org.eclipse.persistence.internal.sessions.RepeatableWriteUnitOfWork.commitRootUnitOfWork(RepeatableWriteUnitOfWork.java:280)
	at org.eclipse.persistence.internal.sessions.UnitOfWorkImpl.commitAndResume(UnitOfWorkImpl.java:1222)
	at org.eclipse.persistence.internal.jpa.transaction.EntityTransactionImpl.commit(EntityTransactionImpl.java:136)
	... 45 more
Caused by: org.h2.jdbc.JdbcSQLIntegrityConstraintViolationException: La columna &quot;DIRECCION&quot; no permite valores nulos (NULL)
NULL not allowed for column &quot;DIRECCION&quot;; SQL statement:
INSERT INTO CLIENTE (ID, CIUDAD, CODIGOPOSTAL, DIRECCION, ESTADO, FECHAALTA, FECHABAJA, IDENTIFICACION, PAIS, TIPOCLIENTE, USER_USER, DTYPE) VALUES (?, ?, ?, ?, ?, ?, ?, ?, ?, ?, ?, ?) [23502-200]
	at org.h2.message.DbException.getJdbcSQLException(DbException.java:459)
	at org.h2.message.DbException.getJdbcSQLException(DbException.java:429)
	at org.h2.message.DbException.get(DbException.java:205)
	at org.h2.message.DbException.get(DbException.java:181)
	at org.h2.table.Column.validateConvertUpdateSequence(Column.java:374)
	at org.h2.table.Table.validateConvertUpdateSequence(Table.java:845)
	at org.h2.command.dml.Insert.insertRows(Insert.java:187)
	at org.h2.command.dml.Insert.update(Insert.java:151)
	at org.h2.command.CommandContainer.update(CommandContainer.java:198)
	at org.h2.command.Command.executeUpdate(Command.java:251)
	at org.h2.jdbc.JdbcPreparedStatement.executeUpdateInternal(JdbcPreparedStatement.java:191)
	at org.h2.jdbc.JdbcPreparedStatement.executeUpdate(JdbcPreparedStatement.java:152)
	at org.eclipse.persistence.internal.databaseaccess.DatabaseAccessor.executeDirectNoSelect(DatabaseAccessor.java:898)
	... 76 more
</error>
    <system-out>[EL Warning]: 2022-04-28 17:23:39.797--UnitOfWork(627945556)--Exception [EclipseLink-4002] (Eclipse Persistence Services - 2.7.6.v20200131-b7c997804f): org.eclipse.persistence.exceptions.DatabaseException
Internal Exception: org.h2.jdbc.JdbcSQLIntegrityConstraintViolationException: La columna &quot;DIRECCION&quot; no permite valores nulos (NULL)
NULL not allowed for column &quot;DIRECCION&quot;; SQL statement:
INSERT INTO CLIENTE (ID, CIUDAD, CODIGOPOSTAL, DIRECCION, ESTADO, FECHAALTA, FECHABAJA, IDENTIFICACION, PAIS, TIPOCLIENTE, USER_USER, DTYPE) VALUES (?, ?, ?, ?, ?, ?, ?, ?, ?, ?, ?, ?) [23502-200]
Error Code: 23502
Call: INSERT INTO CLIENTE (ID, CIUDAD, CODIGOPOSTAL, DIRECCION, ESTADO, FECHAALTA, FECHABAJA, IDENTIFICACION, PAIS, TIPOCLIENTE, USER_USER, DTYPE) VALUES (?, ?, ?, ?, ?, ?, ?, ?, ?, ?, ?, ?)
	bind =&gt; [12 parameters bound]
Query: InsertObjectQuery(Cliente{
id=2
identificacion=avenida de Murcia
tipoCliente=null
estado=Activo
fechaAlta=Thu Apr 28 17:23:39 CEST 2022
fechaBaja=null
direccion=null
ciudad=Murcia
codigopostal=29845
pais=Espana
cuentasFintech={[]}}Empresa{
razon_social=UCAM})
</system-out>
  </testcase>
  <testcase classname="ma3s.fintech.test.Administrador" name="testModifyIdentPAutorizadaAdminNoExist" time="0.033">
    <error message="Exception [EclipseLink-4002] (Eclipse Persistence Services - 2.7.6.v20200131-b7c997804f): org.eclipse.persistence.exceptions.DatabaseException
Internal Exception: org.h2.jdbc.JdbcSQLIntegrityConstraintViolationException: La columna &quot;DIRECCION&quot; no permite valores nulos (NULL)
NULL not allowed for column &quot;DIRECCION&quot;; SQL statement:
INSERT INTO CLIENTE (ID, CIUDAD, CODIGOPOSTAL, DIRECCION, ESTADO, FECHAALTA, FECHABAJA, IDENTIFICACION, PAIS, TIPOCLIENTE, USER_USER, DTYPE) VALUES (?, ?, ?, ?, ?, ?, ?, ?, ?, ?, ?, ?) [23502-200]
Error Code: 23502
Call: INSERT INTO CLIENTE (ID, CIUDAD, CODIGOPOSTAL, DIRECCION, ESTADO, FECHAALTA, FECHABAJA, IDENTIFICACION, PAIS, TIPOCLIENTE, USER_USER, DTYPE) VALUES (?, ?, ?, ?, ?, ?, ?, ?, ?, ?, ?, ?)
	bind =&gt; [12 parameters bound]
Query: InsertObjectQuery(Cliente{
id=2
identificacion=avenida de Murcia
tipoCliente=null
estado=Activo
fechaAlta=Thu Apr 28 17:23:39 CEST 2022
fechaBaja=null
direccion=null
ciudad=Murcia
codigopostal=29845
pais=Espana
cuentasFintech={[]}}Empresa{
razon_social=UCAM})" type="javax.persistence.RollbackException">javax.persistence.RollbackException: Exception [EclipseLink-4002] (Eclipse Persistence Services - 2.7.6.v20200131-b7c997804f): org.eclipse.persistence.exceptions.DatabaseException
Internal Exception: org.h2.jdbc.JdbcSQLIntegrityConstraintViolationException: La columna &quot;DIRECCION&quot; no permite valores nulos (NULL)
NULL not allowed for column &quot;DIRECCION&quot;; SQL statement:
INSERT INTO CLIENTE (ID, CIUDAD, CODIGOPOSTAL, DIRECCION, ESTADO, FECHAALTA, FECHABAJA, IDENTIFICACION, PAIS, TIPOCLIENTE, USER_USER, DTYPE) VALUES (?, ?, ?, ?, ?, ?, ?, ?, ?, ?, ?, ?) [23502-200]
Error Code: 23502
Call: INSERT INTO CLIENTE (ID, CIUDAD, CODIGOPOSTAL, DIRECCION, ESTADO, FECHAALTA, FECHABAJA, IDENTIFICACION, PAIS, TIPOCLIENTE, USER_USER, DTYPE) VALUES (?, ?, ?, ?, ?, ?, ?, ?, ?, ?, ?, ?)
	bind =&gt; [12 parameters bound]
Query: InsertObjectQuery(Cliente{
id=2
identificacion=avenida de Murcia
tipoCliente=null
estado=Activo
fechaAlta=Thu Apr 28 17:23:39 CEST 2022
fechaBaja=null
direccion=null
ciudad=Murcia
codigopostal=29845
pais=Espana
cuentasFintech={[]}}Empresa{
razon_social=UCAM})
	at org.eclipse.persistence.internal.jpa.transaction.EntityTransactionImpl.commit(EntityTransactionImpl.java:161)
	at ma3s.fintech.test.BaseDatos.inicializaBaseDatos(BaseDatos.java:229)
	at ma3s.fintech.test.Administrador.setup(Administrador.java:39)
	at sun.reflect.GeneratedMethodAccessor25.invoke(Unknown Source)
	at sun.reflect.DelegatingMethodAccessorImpl.invoke(DelegatingMethodAccessorImpl.java:43)
	at java.lang.reflect.Method.invoke(Method.java:498)
	at org.junit.runners.model.FrameworkMethod$1.runReflectiveCall(FrameworkMethod.java:59)
	at org.junit.internal.runners.model.ReflectiveCallable.run(ReflectiveCallable.java:12)
	at org.junit.runners.model.FrameworkMethod.invokeExplosively(FrameworkMethod.java:56)
	at org.junit.internal.runners.statements.RunBefores.invokeMethod(RunBefores.java:33)
	at org.junit.internal.runners.statements.RunBefores.evaluate(RunBefores.java:24)
	at org.junit.runners.ParentRunner$3.evaluate(ParentRunner.java:306)
	at org.junit.runners.BlockJUnit4ClassRunner$1.evaluate(BlockJUnit4ClassRunner.java:100)
	at org.junit.runners.ParentRunner.runLeaf(ParentRunner.java:366)
	at org.junit.runners.BlockJUnit4ClassRunner.runChild(BlockJUnit4ClassRunner.java:103)
	at org.junit.runners.BlockJUnit4ClassRunner.runChild(BlockJUnit4ClassRunner.java:63)
	at org.junit.runners.ParentRunner$4.run(ParentRunner.java:331)
	at org.junit.runners.ParentRunner$1.schedule(ParentRunner.java:79)
	at org.junit.runners.ParentRunner.runChildren(ParentRunner.java:329)
	at org.junit.runners.ParentRunner.access$100(ParentRunner.java:66)
	at org.junit.runners.ParentRunner$2.evaluate(ParentRunner.java:293)
	at org.junit.runners.ParentRunner$3.evaluate(ParentRunner.java:306)
	at org.junit.runners.ParentRunner.run(ParentRunner.java:413)
	at org.junit.runners.Suite.runChild(Suite.java:128)
	at org.junit.runners.Suite.runChild(Suite.java:27)
	at org.junit.runners.ParentRunner$4.run(ParentRunner.java:331)
	at org.junit.runners.ParentRunner$1.schedule(ParentRunner.java:79)
	at org.junit.runners.ParentRunner.runChildren(ParentRunner.java:329)
	at org.junit.runners.ParentRunner.access$100(ParentRunner.java:66)
	at org.junit.runners.ParentRunner$2.evaluate(ParentRunner.java:293)
	at org.junit.internal.runners.statements.RunBefores.evaluate(RunBefores.java:26)
	at org.junit.internal.runners.statements.RunAfters.evaluate(RunAfters.java:27)
	at org.junit.runners.ParentRunner$3.evaluate(ParentRunner.java:306)
	at org.junit.runners.ParentRunner.run(ParentRunner.java:413)
	at org.apache.maven.surefire.junit4.JUnit4Provider.execute(JUnit4Provider.java:252)
	at org.apache.maven.surefire.junit4.JUnit4Provider.executeTestSet(JUnit4Provider.java:141)
	at org.apache.maven.surefire.junit4.JUnit4Provider.invoke(JUnit4Provider.java:112)
	at sun.reflect.NativeMethodAccessorImpl.invoke0(Native Method)
	at sun.reflect.NativeMethodAccessorImpl.invoke(NativeMethodAccessorImpl.java:62)
	at sun.reflect.DelegatingMethodAccessorImpl.invoke(DelegatingMethodAccessorImpl.java:43)
	at java.lang.reflect.Method.invoke(Method.java:498)
	at org.apache.maven.surefire.util.ReflectionUtils.invokeMethodWithArray(ReflectionUtils.java:189)
	at org.apache.maven.surefire.booter.ProviderFactory$ProviderProxy.invoke(ProviderFactory.java:165)
	at org.apache.maven.surefire.booter.ProviderFactory.invokeProvider(ProviderFactory.java:85)
	at org.apache.maven.surefire.booter.ForkedBooter.runSuitesInProcess(ForkedBooter.java:115)
	at org.apache.maven.surefire.booter.ForkedBooter.main(ForkedBooter.java:75)
Caused by: Exception [EclipseLink-4002] (Eclipse Persistence Services - 2.7.6.v20200131-b7c997804f): org.eclipse.persistence.exceptions.DatabaseException
Internal Exception: org.h2.jdbc.JdbcSQLIntegrityConstraintViolationException: La columna &quot;DIRECCION&quot; no permite valores nulos (NULL)
NULL not allowed for column &quot;DIRECCION&quot;; SQL statement:
INSERT INTO CLIENTE (ID, CIUDAD, CODIGOPOSTAL, DIRECCION, ESTADO, FECHAALTA, FECHABAJA, IDENTIFICACION, PAIS, TIPOCLIENTE, USER_USER, DTYPE) VALUES (?, ?, ?, ?, ?, ?, ?, ?, ?, ?, ?, ?) [23502-200]
Error Code: 23502
Call: INSERT INTO CLIENTE (ID, CIUDAD, CODIGOPOSTAL, DIRECCION, ESTADO, FECHAALTA, FECHABAJA, IDENTIFICACION, PAIS, TIPOCLIENTE, USER_USER, DTYPE) VALUES (?, ?, ?, ?, ?, ?, ?, ?, ?, ?, ?, ?)
	bind =&gt; [12 parameters bound]
Query: InsertObjectQuery(Cliente{
id=2
identificacion=avenida de Murcia
tipoCliente=null
estado=Activo
fechaAlta=Thu Apr 28 17:23:39 CEST 2022
fechaBaja=null
direccion=null
ciudad=Murcia
codigopostal=29845
pais=Espana
cuentasFintech={[]}}Empresa{
razon_social=UCAM})
	at org.eclipse.persistence.exceptions.DatabaseException.sqlException(DatabaseException.java:333)
	at org.eclipse.persistence.internal.databaseaccess.DatabaseAccessor.executeDirectNoSelect(DatabaseAccessor.java:908)
	at org.eclipse.persistence.internal.databaseaccess.DatabaseAccessor.executeNoSelect(DatabaseAccessor.java:970)
	at org.eclipse.persistence.internal.databaseaccess.DatabaseAccessor.basicExecuteCall(DatabaseAccessor.java:640)
	at org.eclipse.persistence.internal.databaseaccess.DatabaseAccessor.executeCall(DatabaseAccessor.java:567)
	at org.eclipse.persistence.internal.sessions.AbstractSession.basicExecuteCall(AbstractSession.java:2099)
	at org.eclipse.persistence.sessions.server.ClientSession.executeCall(ClientSession.java:313)
	at org.eclipse.persistence.internal.queries.DatasourceCallQueryMechanism.executeCall(DatasourceCallQueryMechanism.java:275)
	at org.eclipse.persistence.internal.queries.DatasourceCallQueryMechanism.insertObject(DatasourceCallQueryMechanism.java:397)
	at org.eclipse.persistence.internal.queries.StatementQueryMechanism.insertObject(StatementQueryMechanism.java:167)
	at org.eclipse.persistence.internal.queries.StatementQueryMechanism.insertObject(StatementQueryMechanism.java:182)
	at org.eclipse.persistence.internal.queries.DatabaseQueryMechanism.insertObjectForWrite(DatabaseQueryMechanism.java:504)
	at org.eclipse.persistence.queries.InsertObjectQuery.executeCommit(InsertObjectQuery.java:82)
	at org.eclipse.persistence.queries.InsertObjectQuery.executeCommitWithChangeSet(InsertObjectQuery.java:92)
	at org.eclipse.persistence.internal.queries.DatabaseQueryMechanism.executeWriteWithChangeSet(DatabaseQueryMechanism.java:316)
	at org.eclipse.persistence.queries.WriteObjectQuery.executeDatabaseQuery(WriteObjectQuery.java:60)
	at org.eclipse.persistence.queries.DatabaseQuery.execute(DatabaseQuery.java:911)
	at org.eclipse.persistence.queries.DatabaseQuery.executeInUnitOfWork(DatabaseQuery.java:810)
	at org.eclipse.persistence.queries.ObjectLevelModifyQuery.executeInUnitOfWorkObjectLevelModifyQuery(ObjectLevelModifyQuery.java:110)
	at org.eclipse.persistence.queries.ObjectLevelModifyQuery.executeInUnitOfWork(ObjectLevelModifyQuery.java:87)
	at org.eclipse.persistence.internal.sessions.UnitOfWorkImpl.internalExecuteQuery(UnitOfWorkImpl.java:2983)
	at org.eclipse.persistence.internal.sessions.AbstractSession.executeQuery(AbstractSession.java:1898)
	at org.eclipse.persistence.internal.sessions.AbstractSession.executeQuery(AbstractSession.java:1880)
	at org.eclipse.persistence.internal.sessions.AbstractSession.executeQuery(AbstractSession.java:1830)
	at org.eclipse.persistence.internal.sessions.CommitManager.commitNewObjectsForClassWithChangeSet(CommitManager.java:229)
	at org.eclipse.persistence.internal.sessions.CommitManager.commitAllObjectsForClassWithChangeSet(CommitManager.java:196)
	at org.eclipse.persistence.internal.sessions.CommitManager.commitAllObjectsWithChangeSet(CommitManager.java:141)
	at org.eclipse.persistence.internal.sessions.AbstractSession.writeAllObjectsWithChangeSet(AbstractSession.java:4398)
	at org.eclipse.persistence.internal.sessions.UnitOfWorkImpl.commitToDatabase(UnitOfWorkImpl.java:1495)
	at org.eclipse.persistence.internal.sessions.UnitOfWorkImpl.commitToDatabaseWithChangeSet(UnitOfWorkImpl.java:1585)
	at org.eclipse.persistence.internal.sessions.RepeatableWriteUnitOfWork.commitRootUnitOfWork(RepeatableWriteUnitOfWork.java:280)
	at org.eclipse.persistence.internal.sessions.UnitOfWorkImpl.commitAndResume(UnitOfWorkImpl.java:1222)
	at org.eclipse.persistence.internal.jpa.transaction.EntityTransactionImpl.commit(EntityTransactionImpl.java:136)
	... 45 more
Caused by: org.h2.jdbc.JdbcSQLIntegrityConstraintViolationException: La columna &quot;DIRECCION&quot; no permite valores nulos (NULL)
NULL not allowed for column &quot;DIRECCION&quot;; SQL statement:
INSERT INTO CLIENTE (ID, CIUDAD, CODIGOPOSTAL, DIRECCION, ESTADO, FECHAALTA, FECHABAJA, IDENTIFICACION, PAIS, TIPOCLIENTE, USER_USER, DTYPE) VALUES (?, ?, ?, ?, ?, ?, ?, ?, ?, ?, ?, ?) [23502-200]
	at org.h2.message.DbException.getJdbcSQLException(DbException.java:459)
	at org.h2.message.DbException.getJdbcSQLException(DbException.java:429)
	at org.h2.message.DbException.get(DbException.java:205)
	at org.h2.message.DbException.get(DbException.java:181)
	at org.h2.table.Column.validateConvertUpdateSequence(Column.java:374)
	at org.h2.table.Table.validateConvertUpdateSequence(Table.java:845)
	at org.h2.command.dml.Insert.insertRows(Insert.java:187)
	at org.h2.command.dml.Insert.update(Insert.java:151)
	at org.h2.command.CommandContainer.update(CommandContainer.java:198)
	at org.h2.command.Command.executeUpdate(Command.java:251)
	at org.h2.jdbc.JdbcPreparedStatement.executeUpdateInternal(JdbcPreparedStatement.java:191)
	at org.h2.jdbc.JdbcPreparedStatement.executeUpdate(JdbcPreparedStatement.java:152)
	at org.eclipse.persistence.internal.databaseaccess.DatabaseAccessor.executeDirectNoSelect(DatabaseAccessor.java:898)
	... 76 more
</error>
    <system-out>[EL Warning]: 2022-04-28 17:23:39.831--UnitOfWork(1996211239)--Exception [EclipseLink-4002] (Eclipse Persistence Services - 2.7.6.v20200131-b7c997804f): org.eclipse.persistence.exceptions.DatabaseException
Internal Exception: org.h2.jdbc.JdbcSQLIntegrityConstraintViolationException: La columna &quot;DIRECCION&quot; no permite valores nulos (NULL)
NULL not allowed for column &quot;DIRECCION&quot;; SQL statement:
INSERT INTO CLIENTE (ID, CIUDAD, CODIGOPOSTAL, DIRECCION, ESTADO, FECHAALTA, FECHABAJA, IDENTIFICACION, PAIS, TIPOCLIENTE, USER_USER, DTYPE) VALUES (?, ?, ?, ?, ?, ?, ?, ?, ?, ?, ?, ?) [23502-200]
Error Code: 23502
Call: INSERT INTO CLIENTE (ID, CIUDAD, CODIGOPOSTAL, DIRECCION, ESTADO, FECHAALTA, FECHABAJA, IDENTIFICACION, PAIS, TIPOCLIENTE, USER_USER, DTYPE) VALUES (?, ?, ?, ?, ?, ?, ?, ?, ?, ?, ?, ?)
	bind =&gt; [12 parameters bound]
Query: InsertObjectQuery(Cliente{
id=2
identificacion=avenida de Murcia
tipoCliente=null
estado=Activo
fechaAlta=Thu Apr 28 17:23:39 CEST 2022
fechaBaja=null
direccion=null
ciudad=Murcia
codigopostal=29845
pais=Espana
cuentasFintech={[]}}Empresa{
razon_social=UCAM})
</system-out>
  </testcase>
  <testcase classname="ma3s.fintech.test.Administrador" name="testAccesoPersonalAdmNoValido" time="0.032">
    <error message="Exception [EclipseLink-4002] (Eclipse Persistence Services - 2.7.6.v20200131-b7c997804f): org.eclipse.persistence.exceptions.DatabaseException
Internal Exception: org.h2.jdbc.JdbcSQLIntegrityConstraintViolationException: La columna &quot;DIRECCION&quot; no permite valores nulos (NULL)
NULL not allowed for column &quot;DIRECCION&quot;; SQL statement:
INSERT INTO CLIENTE (ID, CIUDAD, CODIGOPOSTAL, DIRECCION, ESTADO, FECHAALTA, FECHABAJA, IDENTIFICACION, PAIS, TIPOCLIENTE, USER_USER, DTYPE) VALUES (?, ?, ?, ?, ?, ?, ?, ?, ?, ?, ?, ?) [23502-200]
Error Code: 23502
Call: INSERT INTO CLIENTE (ID, CIUDAD, CODIGOPOSTAL, DIRECCION, ESTADO, FECHAALTA, FECHABAJA, IDENTIFICACION, PAIS, TIPOCLIENTE, USER_USER, DTYPE) VALUES (?, ?, ?, ?, ?, ?, ?, ?, ?, ?, ?, ?)
	bind =&gt; [12 parameters bound]
Query: InsertObjectQuery(Cliente{
id=1
identificacion=Avenia Plutarco
tipoCliente=null
estado=Activo
fechaAlta=Thu Apr 28 17:23:39 CEST 2022
fechaBaja=null
direccion=null
ciudad=Malaga
codigopostal=29004
pais=Espana
cuentasFintech={[]}}Empresa{
razon_social=UMA})" type="javax.persistence.RollbackException">javax.persistence.RollbackException: Exception [EclipseLink-4002] (Eclipse Persistence Services - 2.7.6.v20200131-b7c997804f): org.eclipse.persistence.exceptions.DatabaseException
Internal Exception: org.h2.jdbc.JdbcSQLIntegrityConstraintViolationException: La columna &quot;DIRECCION&quot; no permite valores nulos (NULL)
NULL not allowed for column &quot;DIRECCION&quot;; SQL statement:
INSERT INTO CLIENTE (ID, CIUDAD, CODIGOPOSTAL, DIRECCION, ESTADO, FECHAALTA, FECHABAJA, IDENTIFICACION, PAIS, TIPOCLIENTE, USER_USER, DTYPE) VALUES (?, ?, ?, ?, ?, ?, ?, ?, ?, ?, ?, ?) [23502-200]
Error Code: 23502
Call: INSERT INTO CLIENTE (ID, CIUDAD, CODIGOPOSTAL, DIRECCION, ESTADO, FECHAALTA, FECHABAJA, IDENTIFICACION, PAIS, TIPOCLIENTE, USER_USER, DTYPE) VALUES (?, ?, ?, ?, ?, ?, ?, ?, ?, ?, ?, ?)
	bind =&gt; [12 parameters bound]
Query: InsertObjectQuery(Cliente{
id=1
identificacion=Avenia Plutarco
tipoCliente=null
estado=Activo
fechaAlta=Thu Apr 28 17:23:39 CEST 2022
fechaBaja=null
direccion=null
ciudad=Malaga
codigopostal=29004
pais=Espana
cuentasFintech={[]}}Empresa{
razon_social=UMA})
	at org.eclipse.persistence.internal.jpa.transaction.EntityTransactionImpl.commit(EntityTransactionImpl.java:161)
	at ma3s.fintech.test.BaseDatos.inicializaBaseDatos(BaseDatos.java:229)
	at ma3s.fintech.test.Administrador.setup(Administrador.java:39)
	at sun.reflect.GeneratedMethodAccessor25.invoke(Unknown Source)
	at sun.reflect.DelegatingMethodAccessorImpl.invoke(DelegatingMethodAccessorImpl.java:43)
	at java.lang.reflect.Method.invoke(Method.java:498)
	at org.junit.runners.model.FrameworkMethod$1.runReflectiveCall(FrameworkMethod.java:59)
	at org.junit.internal.runners.model.ReflectiveCallable.run(ReflectiveCallable.java:12)
	at org.junit.runners.model.FrameworkMethod.invokeExplosively(FrameworkMethod.java:56)
	at org.junit.internal.runners.statements.RunBefores.invokeMethod(RunBefores.java:33)
	at org.junit.internal.runners.statements.RunBefores.evaluate(RunBefores.java:24)
	at org.junit.runners.ParentRunner$3.evaluate(ParentRunner.java:306)
	at org.junit.runners.BlockJUnit4ClassRunner$1.evaluate(BlockJUnit4ClassRunner.java:100)
	at org.junit.runners.ParentRunner.runLeaf(ParentRunner.java:366)
	at org.junit.runners.BlockJUnit4ClassRunner.runChild(BlockJUnit4ClassRunner.java:103)
	at org.junit.runners.BlockJUnit4ClassRunner.runChild(BlockJUnit4ClassRunner.java:63)
	at org.junit.runners.ParentRunner$4.run(ParentRunner.java:331)
	at org.junit.runners.ParentRunner$1.schedule(ParentRunner.java:79)
	at org.junit.runners.ParentRunner.runChildren(ParentRunner.java:329)
	at org.junit.runners.ParentRunner.access$100(ParentRunner.java:66)
	at org.junit.runners.ParentRunner$2.evaluate(ParentRunner.java:293)
	at org.junit.runners.ParentRunner$3.evaluate(ParentRunner.java:306)
	at org.junit.runners.ParentRunner.run(ParentRunner.java:413)
	at org.junit.runners.Suite.runChild(Suite.java:128)
	at org.junit.runners.Suite.runChild(Suite.java:27)
	at org.junit.runners.ParentRunner$4.run(ParentRunner.java:331)
	at org.junit.runners.ParentRunner$1.schedule(ParentRunner.java:79)
	at org.junit.runners.ParentRunner.runChildren(ParentRunner.java:329)
	at org.junit.runners.ParentRunner.access$100(ParentRunner.java:66)
	at org.junit.runners.ParentRunner$2.evaluate(ParentRunner.java:293)
	at org.junit.internal.runners.statements.RunBefores.evaluate(RunBefores.java:26)
	at org.junit.internal.runners.statements.RunAfters.evaluate(RunAfters.java:27)
	at org.junit.runners.ParentRunner$3.evaluate(ParentRunner.java:306)
	at org.junit.runners.ParentRunner.run(ParentRunner.java:413)
	at org.apache.maven.surefire.junit4.JUnit4Provider.execute(JUnit4Provider.java:252)
	at org.apache.maven.surefire.junit4.JUnit4Provider.executeTestSet(JUnit4Provider.java:141)
	at org.apache.maven.surefire.junit4.JUnit4Provider.invoke(JUnit4Provider.java:112)
	at sun.reflect.NativeMethodAccessorImpl.invoke0(Native Method)
	at sun.reflect.NativeMethodAccessorImpl.invoke(NativeMethodAccessorImpl.java:62)
	at sun.reflect.DelegatingMethodAccessorImpl.invoke(DelegatingMethodAccessorImpl.java:43)
	at java.lang.reflect.Method.invoke(Method.java:498)
	at org.apache.maven.surefire.util.ReflectionUtils.invokeMethodWithArray(ReflectionUtils.java:189)
	at org.apache.maven.surefire.booter.ProviderFactory$ProviderProxy.invoke(ProviderFactory.java:165)
	at org.apache.maven.surefire.booter.ProviderFactory.invokeProvider(ProviderFactory.java:85)
	at org.apache.maven.surefire.booter.ForkedBooter.runSuitesInProcess(ForkedBooter.java:115)
	at org.apache.maven.surefire.booter.ForkedBooter.main(ForkedBooter.java:75)
Caused by: Exception [EclipseLink-4002] (Eclipse Persistence Services - 2.7.6.v20200131-b7c997804f): org.eclipse.persistence.exceptions.DatabaseException
Internal Exception: org.h2.jdbc.JdbcSQLIntegrityConstraintViolationException: La columna &quot;DIRECCION&quot; no permite valores nulos (NULL)
NULL not allowed for column &quot;DIRECCION&quot;; SQL statement:
INSERT INTO CLIENTE (ID, CIUDAD, CODIGOPOSTAL, DIRECCION, ESTADO, FECHAALTA, FECHABAJA, IDENTIFICACION, PAIS, TIPOCLIENTE, USER_USER, DTYPE) VALUES (?, ?, ?, ?, ?, ?, ?, ?, ?, ?, ?, ?) [23502-200]
Error Code: 23502
Call: INSERT INTO CLIENTE (ID, CIUDAD, CODIGOPOSTAL, DIRECCION, ESTADO, FECHAALTA, FECHABAJA, IDENTIFICACION, PAIS, TIPOCLIENTE, USER_USER, DTYPE) VALUES (?, ?, ?, ?, ?, ?, ?, ?, ?, ?, ?, ?)
	bind =&gt; [12 parameters bound]
Query: InsertObjectQuery(Cliente{
id=1
identificacion=Avenia Plutarco
tipoCliente=null
estado=Activo
fechaAlta=Thu Apr 28 17:23:39 CEST 2022
fechaBaja=null
direccion=null
ciudad=Malaga
codigopostal=29004
pais=Espana
cuentasFintech={[]}}Empresa{
razon_social=UMA})
	at org.eclipse.persistence.exceptions.DatabaseException.sqlException(DatabaseException.java:333)
	at org.eclipse.persistence.internal.databaseaccess.DatabaseAccessor.executeDirectNoSelect(DatabaseAccessor.java:908)
	at org.eclipse.persistence.internal.databaseaccess.DatabaseAccessor.executeNoSelect(DatabaseAccessor.java:970)
	at org.eclipse.persistence.internal.databaseaccess.DatabaseAccessor.basicExecuteCall(DatabaseAccessor.java:640)
	at org.eclipse.persistence.internal.databaseaccess.DatabaseAccessor.executeCall(DatabaseAccessor.java:567)
	at org.eclipse.persistence.internal.sessions.AbstractSession.basicExecuteCall(AbstractSession.java:2099)
	at org.eclipse.persistence.sessions.server.ClientSession.executeCall(ClientSession.java:313)
	at org.eclipse.persistence.internal.queries.DatasourceCallQueryMechanism.executeCall(DatasourceCallQueryMechanism.java:275)
	at org.eclipse.persistence.internal.queries.DatasourceCallQueryMechanism.insertObject(DatasourceCallQueryMechanism.java:397)
	at org.eclipse.persistence.internal.queries.StatementQueryMechanism.insertObject(StatementQueryMechanism.java:167)
	at org.eclipse.persistence.internal.queries.StatementQueryMechanism.insertObject(StatementQueryMechanism.java:182)
	at org.eclipse.persistence.internal.queries.DatabaseQueryMechanism.insertObjectForWrite(DatabaseQueryMechanism.java:504)
	at org.eclipse.persistence.queries.InsertObjectQuery.executeCommit(InsertObjectQuery.java:82)
	at org.eclipse.persistence.queries.InsertObjectQuery.executeCommitWithChangeSet(InsertObjectQuery.java:92)
	at org.eclipse.persistence.internal.queries.DatabaseQueryMechanism.executeWriteWithChangeSet(DatabaseQueryMechanism.java:316)
	at org.eclipse.persistence.queries.WriteObjectQuery.executeDatabaseQuery(WriteObjectQuery.java:60)
	at org.eclipse.persistence.queries.DatabaseQuery.execute(DatabaseQuery.java:911)
	at org.eclipse.persistence.queries.DatabaseQuery.executeInUnitOfWork(DatabaseQuery.java:810)
	at org.eclipse.persistence.queries.ObjectLevelModifyQuery.executeInUnitOfWorkObjectLevelModifyQuery(ObjectLevelModifyQuery.java:110)
	at org.eclipse.persistence.queries.ObjectLevelModifyQuery.executeInUnitOfWork(ObjectLevelModifyQuery.java:87)
	at org.eclipse.persistence.internal.sessions.UnitOfWorkImpl.internalExecuteQuery(UnitOfWorkImpl.java:2983)
	at org.eclipse.persistence.internal.sessions.AbstractSession.executeQuery(AbstractSession.java:1898)
	at org.eclipse.persistence.internal.sessions.AbstractSession.executeQuery(AbstractSession.java:1880)
	at org.eclipse.persistence.internal.sessions.AbstractSession.executeQuery(AbstractSession.java:1830)
	at org.eclipse.persistence.internal.sessions.CommitManager.commitNewObjectsForClassWithChangeSet(CommitManager.java:229)
	at org.eclipse.persistence.internal.sessions.CommitManager.commitAllObjectsForClassWithChangeSet(CommitManager.java:196)
	at org.eclipse.persistence.internal.sessions.CommitManager.commitAllObjectsWithChangeSet(CommitManager.java:141)
	at org.eclipse.persistence.internal.sessions.AbstractSession.writeAllObjectsWithChangeSet(AbstractSession.java:4398)
	at org.eclipse.persistence.internal.sessions.UnitOfWorkImpl.commitToDatabase(UnitOfWorkImpl.java:1495)
	at org.eclipse.persistence.internal.sessions.UnitOfWorkImpl.commitToDatabaseWithChangeSet(UnitOfWorkImpl.java:1585)
	at org.eclipse.persistence.internal.sessions.RepeatableWriteUnitOfWork.commitRootUnitOfWork(RepeatableWriteUnitOfWork.java:280)
	at org.eclipse.persistence.internal.sessions.UnitOfWorkImpl.commitAndResume(UnitOfWorkImpl.java:1222)
	at org.eclipse.persistence.internal.jpa.transaction.EntityTransactionImpl.commit(EntityTransactionImpl.java:136)
	... 45 more
Caused by: org.h2.jdbc.JdbcSQLIntegrityConstraintViolationException: La columna &quot;DIRECCION&quot; no permite valores nulos (NULL)
NULL not allowed for column &quot;DIRECCION&quot;; SQL statement:
INSERT INTO CLIENTE (ID, CIUDAD, CODIGOPOSTAL, DIRECCION, ESTADO, FECHAALTA, FECHABAJA, IDENTIFICACION, PAIS, TIPOCLIENTE, USER_USER, DTYPE) VALUES (?, ?, ?, ?, ?, ?, ?, ?, ?, ?, ?, ?) [23502-200]
	at org.h2.message.DbException.getJdbcSQLException(DbException.java:459)
	at org.h2.message.DbException.getJdbcSQLException(DbException.java:429)
	at org.h2.message.DbException.get(DbException.java:205)
	at org.h2.message.DbException.get(DbException.java:181)
	at org.h2.table.Column.validateConvertUpdateSequence(Column.java:374)
	at org.h2.table.Table.validateConvertUpdateSequence(Table.java:845)
	at org.h2.command.dml.Insert.insertRows(Insert.java:187)
	at org.h2.command.dml.Insert.update(Insert.java:151)
	at org.h2.command.CommandContainer.update(CommandContainer.java:198)
	at org.h2.command.Command.executeUpdate(Command.java:251)
	at org.h2.jdbc.JdbcPreparedStatement.executeUpdateInternal(JdbcPreparedStatement.java:191)
	at org.h2.jdbc.JdbcPreparedStatement.executeUpdate(JdbcPreparedStatement.java:152)
	at org.eclipse.persistence.internal.databaseaccess.DatabaseAccessor.executeDirectNoSelect(DatabaseAccessor.java:898)
	... 76 more
</error>
    <system-out>[EL Warning]: 2022-04-28 17:23:39.864--UnitOfWork(940578938)--Exception [EclipseLink-4002] (Eclipse Persistence Services - 2.7.6.v20200131-b7c997804f): org.eclipse.persistence.exceptions.DatabaseException
Internal Exception: org.h2.jdbc.JdbcSQLIntegrityConstraintViolationException: La columna &quot;DIRECCION&quot; no permite valores nulos (NULL)
NULL not allowed for column &quot;DIRECCION&quot;; SQL statement:
INSERT INTO CLIENTE (ID, CIUDAD, CODIGOPOSTAL, DIRECCION, ESTADO, FECHAALTA, FECHABAJA, IDENTIFICACION, PAIS, TIPOCLIENTE, USER_USER, DTYPE) VALUES (?, ?, ?, ?, ?, ?, ?, ?, ?, ?, ?, ?) [23502-200]
Error Code: 23502
Call: INSERT INTO CLIENTE (ID, CIUDAD, CODIGOPOSTAL, DIRECCION, ESTADO, FECHAALTA, FECHABAJA, IDENTIFICACION, PAIS, TIPOCLIENTE, USER_USER, DTYPE) VALUES (?, ?, ?, ?, ?, ?, ?, ?, ?, ?, ?, ?)
	bind =&gt; [12 parameters bound]
Query: InsertObjectQuery(Cliente{
id=1
identificacion=Avenia Plutarco
tipoCliente=null
estado=Activo
fechaAlta=Thu Apr 28 17:23:39 CEST 2022
fechaBaja=null
direccion=null
ciudad=Malaga
codigopostal=29004
pais=Espana
cuentasFintech={[]}}Empresa{
razon_social=UMA})
</system-out>
  </testcase>
  <testcase classname="ma3s.fintech.test.Administrador" name="testModifySurNamePAutorizadaCampoVacio" time="0.033">
    <error message="Exception [EclipseLink-4002] (Eclipse Persistence Services - 2.7.6.v20200131-b7c997804f): org.eclipse.persistence.exceptions.DatabaseException
Internal Exception: org.h2.jdbc.JdbcSQLIntegrityConstraintViolationException: La columna &quot;DIRECCION&quot; no permite valores nulos (NULL)
NULL not allowed for column &quot;DIRECCION&quot;; SQL statement:
INSERT INTO CLIENTE (ID, CIUDAD, CODIGOPOSTAL, DIRECCION, ESTADO, FECHAALTA, FECHABAJA, IDENTIFICACION, PAIS, TIPOCLIENTE, USER_USER, DTYPE) VALUES (?, ?, ?, ?, ?, ?, ?, ?, ?, ?, ?, ?) [23502-200]
Error Code: 23502
Call: INSERT INTO CLIENTE (ID, CIUDAD, CODIGOPOSTAL, DIRECCION, ESTADO, FECHAALTA, FECHABAJA, IDENTIFICACION, PAIS, TIPOCLIENTE, USER_USER, DTYPE) VALUES (?, ?, ?, ?, ?, ?, ?, ?, ?, ?, ?, ?)
	bind =&gt; [12 parameters bound]
Query: InsertObjectQuery(Cliente{
id=1
identificacion=Avenia Plutarco
tipoCliente=null
estado=Activo
fechaAlta=Thu Apr 28 17:23:39 CEST 2022
fechaBaja=null
direccion=null
ciudad=Malaga
codigopostal=29004
pais=Espana
cuentasFintech={[]}}Empresa{
razon_social=UMA})" type="javax.persistence.RollbackException">javax.persistence.RollbackException: Exception [EclipseLink-4002] (Eclipse Persistence Services - 2.7.6.v20200131-b7c997804f): org.eclipse.persistence.exceptions.DatabaseException
Internal Exception: org.h2.jdbc.JdbcSQLIntegrityConstraintViolationException: La columna &quot;DIRECCION&quot; no permite valores nulos (NULL)
NULL not allowed for column &quot;DIRECCION&quot;; SQL statement:
INSERT INTO CLIENTE (ID, CIUDAD, CODIGOPOSTAL, DIRECCION, ESTADO, FECHAALTA, FECHABAJA, IDENTIFICACION, PAIS, TIPOCLIENTE, USER_USER, DTYPE) VALUES (?, ?, ?, ?, ?, ?, ?, ?, ?, ?, ?, ?) [23502-200]
Error Code: 23502
Call: INSERT INTO CLIENTE (ID, CIUDAD, CODIGOPOSTAL, DIRECCION, ESTADO, FECHAALTA, FECHABAJA, IDENTIFICACION, PAIS, TIPOCLIENTE, USER_USER, DTYPE) VALUES (?, ?, ?, ?, ?, ?, ?, ?, ?, ?, ?, ?)
	bind =&gt; [12 parameters bound]
Query: InsertObjectQuery(Cliente{
id=1
identificacion=Avenia Plutarco
tipoCliente=null
estado=Activo
fechaAlta=Thu Apr 28 17:23:39 CEST 2022
fechaBaja=null
direccion=null
ciudad=Malaga
codigopostal=29004
pais=Espana
cuentasFintech={[]}}Empresa{
razon_social=UMA})
	at org.eclipse.persistence.internal.jpa.transaction.EntityTransactionImpl.commit(EntityTransactionImpl.java:161)
	at ma3s.fintech.test.BaseDatos.inicializaBaseDatos(BaseDatos.java:229)
	at ma3s.fintech.test.Administrador.setup(Administrador.java:39)
	at sun.reflect.GeneratedMethodAccessor25.invoke(Unknown Source)
	at sun.reflect.DelegatingMethodAccessorImpl.invoke(DelegatingMethodAccessorImpl.java:43)
	at java.lang.reflect.Method.invoke(Method.java:498)
	at org.junit.runners.model.FrameworkMethod$1.runReflectiveCall(FrameworkMethod.java:59)
	at org.junit.internal.runners.model.ReflectiveCallable.run(ReflectiveCallable.java:12)
	at org.junit.runners.model.FrameworkMethod.invokeExplosively(FrameworkMethod.java:56)
	at org.junit.internal.runners.statements.RunBefores.invokeMethod(RunBefores.java:33)
	at org.junit.internal.runners.statements.RunBefores.evaluate(RunBefores.java:24)
	at org.junit.runners.ParentRunner$3.evaluate(ParentRunner.java:306)
	at org.junit.runners.BlockJUnit4ClassRunner$1.evaluate(BlockJUnit4ClassRunner.java:100)
	at org.junit.runners.ParentRunner.runLeaf(ParentRunner.java:366)
	at org.junit.runners.BlockJUnit4ClassRunner.runChild(BlockJUnit4ClassRunner.java:103)
	at org.junit.runners.BlockJUnit4ClassRunner.runChild(BlockJUnit4ClassRunner.java:63)
	at org.junit.runners.ParentRunner$4.run(ParentRunner.java:331)
	at org.junit.runners.ParentRunner$1.schedule(ParentRunner.java:79)
	at org.junit.runners.ParentRunner.runChildren(ParentRunner.java:329)
	at org.junit.runners.ParentRunner.access$100(ParentRunner.java:66)
	at org.junit.runners.ParentRunner$2.evaluate(ParentRunner.java:293)
	at org.junit.runners.ParentRunner$3.evaluate(ParentRunner.java:306)
	at org.junit.runners.ParentRunner.run(ParentRunner.java:413)
	at org.junit.runners.Suite.runChild(Suite.java:128)
	at org.junit.runners.Suite.runChild(Suite.java:27)
	at org.junit.runners.ParentRunner$4.run(ParentRunner.java:331)
	at org.junit.runners.ParentRunner$1.schedule(ParentRunner.java:79)
	at org.junit.runners.ParentRunner.runChildren(ParentRunner.java:329)
	at org.junit.runners.ParentRunner.access$100(ParentRunner.java:66)
	at org.junit.runners.ParentRunner$2.evaluate(ParentRunner.java:293)
	at org.junit.internal.runners.statements.RunBefores.evaluate(RunBefores.java:26)
	at org.junit.internal.runners.statements.RunAfters.evaluate(RunAfters.java:27)
	at org.junit.runners.ParentRunner$3.evaluate(ParentRunner.java:306)
	at org.junit.runners.ParentRunner.run(ParentRunner.java:413)
	at org.apache.maven.surefire.junit4.JUnit4Provider.execute(JUnit4Provider.java:252)
	at org.apache.maven.surefire.junit4.JUnit4Provider.executeTestSet(JUnit4Provider.java:141)
	at org.apache.maven.surefire.junit4.JUnit4Provider.invoke(JUnit4Provider.java:112)
	at sun.reflect.NativeMethodAccessorImpl.invoke0(Native Method)
	at sun.reflect.NativeMethodAccessorImpl.invoke(NativeMethodAccessorImpl.java:62)
	at sun.reflect.DelegatingMethodAccessorImpl.invoke(DelegatingMethodAccessorImpl.java:43)
	at java.lang.reflect.Method.invoke(Method.java:498)
	at org.apache.maven.surefire.util.ReflectionUtils.invokeMethodWithArray(ReflectionUtils.java:189)
	at org.apache.maven.surefire.booter.ProviderFactory$ProviderProxy.invoke(ProviderFactory.java:165)
	at org.apache.maven.surefire.booter.ProviderFactory.invokeProvider(ProviderFactory.java:85)
	at org.apache.maven.surefire.booter.ForkedBooter.runSuitesInProcess(ForkedBooter.java:115)
	at org.apache.maven.surefire.booter.ForkedBooter.main(ForkedBooter.java:75)
Caused by: Exception [EclipseLink-4002] (Eclipse Persistence Services - 2.7.6.v20200131-b7c997804f): org.eclipse.persistence.exceptions.DatabaseException
Internal Exception: org.h2.jdbc.JdbcSQLIntegrityConstraintViolationException: La columna &quot;DIRECCION&quot; no permite valores nulos (NULL)
NULL not allowed for column &quot;DIRECCION&quot;; SQL statement:
INSERT INTO CLIENTE (ID, CIUDAD, CODIGOPOSTAL, DIRECCION, ESTADO, FECHAALTA, FECHABAJA, IDENTIFICACION, PAIS, TIPOCLIENTE, USER_USER, DTYPE) VALUES (?, ?, ?, ?, ?, ?, ?, ?, ?, ?, ?, ?) [23502-200]
Error Code: 23502
Call: INSERT INTO CLIENTE (ID, CIUDAD, CODIGOPOSTAL, DIRECCION, ESTADO, FECHAALTA, FECHABAJA, IDENTIFICACION, PAIS, TIPOCLIENTE, USER_USER, DTYPE) VALUES (?, ?, ?, ?, ?, ?, ?, ?, ?, ?, ?, ?)
	bind =&gt; [12 parameters bound]
Query: InsertObjectQuery(Cliente{
id=1
identificacion=Avenia Plutarco
tipoCliente=null
estado=Activo
fechaAlta=Thu Apr 28 17:23:39 CEST 2022
fechaBaja=null
direccion=null
ciudad=Malaga
codigopostal=29004
pais=Espana
cuentasFintech={[]}}Empresa{
razon_social=UMA})
	at org.eclipse.persistence.exceptions.DatabaseException.sqlException(DatabaseException.java:333)
	at org.eclipse.persistence.internal.databaseaccess.DatabaseAccessor.executeDirectNoSelect(DatabaseAccessor.java:908)
	at org.eclipse.persistence.internal.databaseaccess.DatabaseAccessor.executeNoSelect(DatabaseAccessor.java:970)
	at org.eclipse.persistence.internal.databaseaccess.DatabaseAccessor.basicExecuteCall(DatabaseAccessor.java:640)
	at org.eclipse.persistence.internal.databaseaccess.DatabaseAccessor.executeCall(DatabaseAccessor.java:567)
	at org.eclipse.persistence.internal.sessions.AbstractSession.basicExecuteCall(AbstractSession.java:2099)
	at org.eclipse.persistence.sessions.server.ClientSession.executeCall(ClientSession.java:313)
	at org.eclipse.persistence.internal.queries.DatasourceCallQueryMechanism.executeCall(DatasourceCallQueryMechanism.java:275)
	at org.eclipse.persistence.internal.queries.DatasourceCallQueryMechanism.insertObject(DatasourceCallQueryMechanism.java:397)
	at org.eclipse.persistence.internal.queries.StatementQueryMechanism.insertObject(StatementQueryMechanism.java:167)
	at org.eclipse.persistence.internal.queries.StatementQueryMechanism.insertObject(StatementQueryMechanism.java:182)
	at org.eclipse.persistence.internal.queries.DatabaseQueryMechanism.insertObjectForWrite(DatabaseQueryMechanism.java:504)
	at org.eclipse.persistence.queries.InsertObjectQuery.executeCommit(InsertObjectQuery.java:82)
	at org.eclipse.persistence.queries.InsertObjectQuery.executeCommitWithChangeSet(InsertObjectQuery.java:92)
	at org.eclipse.persistence.internal.queries.DatabaseQueryMechanism.executeWriteWithChangeSet(DatabaseQueryMechanism.java:316)
	at org.eclipse.persistence.queries.WriteObjectQuery.executeDatabaseQuery(WriteObjectQuery.java:60)
	at org.eclipse.persistence.queries.DatabaseQuery.execute(DatabaseQuery.java:911)
	at org.eclipse.persistence.queries.DatabaseQuery.executeInUnitOfWork(DatabaseQuery.java:810)
	at org.eclipse.persistence.queries.ObjectLevelModifyQuery.executeInUnitOfWorkObjectLevelModifyQuery(ObjectLevelModifyQuery.java:110)
	at org.eclipse.persistence.queries.ObjectLevelModifyQuery.executeInUnitOfWork(ObjectLevelModifyQuery.java:87)
	at org.eclipse.persistence.internal.sessions.UnitOfWorkImpl.internalExecuteQuery(UnitOfWorkImpl.java:2983)
	at org.eclipse.persistence.internal.sessions.AbstractSession.executeQuery(AbstractSession.java:1898)
	at org.eclipse.persistence.internal.sessions.AbstractSession.executeQuery(AbstractSession.java:1880)
	at org.eclipse.persistence.internal.sessions.AbstractSession.executeQuery(AbstractSession.java:1830)
	at org.eclipse.persistence.internal.sessions.CommitManager.commitNewObjectsForClassWithChangeSet(CommitManager.java:229)
	at org.eclipse.persistence.internal.sessions.CommitManager.commitAllObjectsForClassWithChangeSet(CommitManager.java:196)
	at org.eclipse.persistence.internal.sessions.CommitManager.commitAllObjectsWithChangeSet(CommitManager.java:141)
	at org.eclipse.persistence.internal.sessions.AbstractSession.writeAllObjectsWithChangeSet(AbstractSession.java:4398)
	at org.eclipse.persistence.internal.sessions.UnitOfWorkImpl.commitToDatabase(UnitOfWorkImpl.java:1495)
	at org.eclipse.persistence.internal.sessions.UnitOfWorkImpl.commitToDatabaseWithChangeSet(UnitOfWorkImpl.java:1585)
	at org.eclipse.persistence.internal.sessions.RepeatableWriteUnitOfWork.commitRootUnitOfWork(RepeatableWriteUnitOfWork.java:280)
	at org.eclipse.persistence.internal.sessions.UnitOfWorkImpl.commitAndResume(UnitOfWorkImpl.java:1222)
	at org.eclipse.persistence.internal.jpa.transaction.EntityTransactionImpl.commit(EntityTransactionImpl.java:136)
	... 45 more
Caused by: org.h2.jdbc.JdbcSQLIntegrityConstraintViolationException: La columna &quot;DIRECCION&quot; no permite valores nulos (NULL)
NULL not allowed for column &quot;DIRECCION&quot;; SQL statement:
INSERT INTO CLIENTE (ID, CIUDAD, CODIGOPOSTAL, DIRECCION, ESTADO, FECHAALTA, FECHABAJA, IDENTIFICACION, PAIS, TIPOCLIENTE, USER_USER, DTYPE) VALUES (?, ?, ?, ?, ?, ?, ?, ?, ?, ?, ?, ?) [23502-200]
	at org.h2.message.DbException.getJdbcSQLException(DbException.java:459)
	at org.h2.message.DbException.getJdbcSQLException(DbException.java:429)
	at org.h2.message.DbException.get(DbException.java:205)
	at org.h2.message.DbException.get(DbException.java:181)
	at org.h2.table.Column.validateConvertUpdateSequence(Column.java:374)
	at org.h2.table.Table.validateConvertUpdateSequence(Table.java:845)
	at org.h2.command.dml.Insert.insertRows(Insert.java:187)
	at org.h2.command.dml.Insert.update(Insert.java:151)
	at org.h2.command.CommandContainer.update(CommandContainer.java:198)
	at org.h2.command.Command.executeUpdate(Command.java:251)
	at org.h2.jdbc.JdbcPreparedStatement.executeUpdateInternal(JdbcPreparedStatement.java:191)
	at org.h2.jdbc.JdbcPreparedStatement.executeUpdate(JdbcPreparedStatement.java:152)
	at org.eclipse.persistence.internal.databaseaccess.DatabaseAccessor.executeDirectNoSelect(DatabaseAccessor.java:898)
	... 76 more
</error>
    <system-out>[EL Warning]: 2022-04-28 17:23:39.898--UnitOfWork(886317720)--Exception [EclipseLink-4002] (Eclipse Persistence Services - 2.7.6.v20200131-b7c997804f): org.eclipse.persistence.exceptions.DatabaseException
Internal Exception: org.h2.jdbc.JdbcSQLIntegrityConstraintViolationException: La columna &quot;DIRECCION&quot; no permite valores nulos (NULL)
NULL not allowed for column &quot;DIRECCION&quot;; SQL statement:
INSERT INTO CLIENTE (ID, CIUDAD, CODIGOPOSTAL, DIRECCION, ESTADO, FECHAALTA, FECHABAJA, IDENTIFICACION, PAIS, TIPOCLIENTE, USER_USER, DTYPE) VALUES (?, ?, ?, ?, ?, ?, ?, ?, ?, ?, ?, ?) [23502-200]
Error Code: 23502
Call: INSERT INTO CLIENTE (ID, CIUDAD, CODIGOPOSTAL, DIRECCION, ESTADO, FECHAALTA, FECHABAJA, IDENTIFICACION, PAIS, TIPOCLIENTE, USER_USER, DTYPE) VALUES (?, ?, ?, ?, ?, ?, ?, ?, ?, ?, ?, ?)
	bind =&gt; [12 parameters bound]
Query: InsertObjectQuery(Cliente{
id=1
identificacion=Avenia Plutarco
tipoCliente=null
estado=Activo
fechaAlta=Thu Apr 28 17:23:39 CEST 2022
fechaBaja=null
direccion=null
ciudad=Malaga
codigopostal=29004
pais=Espana
cuentasFintech={[]}}Empresa{
razon_social=UMA})
</system-out>
  </testcase>
  <testcase classname="ma3s.fintech.test.Autorizados" name="testDarBajaErrorNoEsPAutorizada" time="0.037">
    <error message="Exception [EclipseLink-4002] (Eclipse Persistence Services - 2.7.6.v20200131-b7c997804f): org.eclipse.persistence.exceptions.DatabaseException
Internal Exception: org.h2.jdbc.JdbcSQLIntegrityConstraintViolationException: La columna &quot;DIRECCION&quot; no permite valores nulos (NULL)
NULL not allowed for column &quot;DIRECCION&quot;; SQL statement:
INSERT INTO CLIENTE (ID, CIUDAD, CODIGOPOSTAL, DIRECCION, ESTADO, FECHAALTA, FECHABAJA, IDENTIFICACION, PAIS, TIPOCLIENTE, USER_USER, DTYPE) VALUES (?, ?, ?, ?, ?, ?, ?, ?, ?, ?, ?, ?) [23502-200]
Error Code: 23502
Call: INSERT INTO CLIENTE (ID, CIUDAD, CODIGOPOSTAL, DIRECCION, ESTADO, FECHAALTA, FECHABAJA, IDENTIFICACION, PAIS, TIPOCLIENTE, USER_USER, DTYPE) VALUES (?, ?, ?, ?, ?, ?, ?, ?, ?, ?, ?, ?)
	bind =&gt; [12 parameters bound]
Query: InsertObjectQuery(Cliente{
id=1
identificacion=Avenia Plutarco
tipoCliente=null
estado=Activo
fechaAlta=Thu Apr 28 17:23:39 CEST 2022
fechaBaja=null
direccion=null
ciudad=Malaga
codigopostal=29004
pais=Espana
cuentasFintech={[]}}Empresa{
razon_social=UMA})" type="javax.persistence.RollbackException">javax.persistence.RollbackException: Exception [EclipseLink-4002] (Eclipse Persistence Services - 2.7.6.v20200131-b7c997804f): org.eclipse.persistence.exceptions.DatabaseException
Internal Exception: org.h2.jdbc.JdbcSQLIntegrityConstraintViolationException: La columna &quot;DIRECCION&quot; no permite valores nulos (NULL)
NULL not allowed for column &quot;DIRECCION&quot;; SQL statement:
INSERT INTO CLIENTE (ID, CIUDAD, CODIGOPOSTAL, DIRECCION, ESTADO, FECHAALTA, FECHABAJA, IDENTIFICACION, PAIS, TIPOCLIENTE, USER_USER, DTYPE) VALUES (?, ?, ?, ?, ?, ?, ?, ?, ?, ?, ?, ?) [23502-200]
Error Code: 23502
Call: INSERT INTO CLIENTE (ID, CIUDAD, CODIGOPOSTAL, DIRECCION, ESTADO, FECHAALTA, FECHABAJA, IDENTIFICACION, PAIS, TIPOCLIENTE, USER_USER, DTYPE) VALUES (?, ?, ?, ?, ?, ?, ?, ?, ?, ?, ?, ?)
	bind =&gt; [12 parameters bound]
Query: InsertObjectQuery(Cliente{
id=1
identificacion=Avenia Plutarco
tipoCliente=null
estado=Activo
fechaAlta=Thu Apr 28 17:23:39 CEST 2022
fechaBaja=null
direccion=null
ciudad=Malaga
codigopostal=29004
pais=Espana
cuentasFintech={[]}}Empresa{
razon_social=UMA})
	at org.eclipse.persistence.internal.jpa.transaction.EntityTransactionImpl.commit(EntityTransactionImpl.java:161)
	at ma3s.fintech.test.BaseDatos.inicializaBaseDatos(BaseDatos.java:229)
	at ma3s.fintech.test.Autorizados.setup(Autorizados.java:24)
	at sun.reflect.NativeMethodAccessorImpl.invoke0(Native Method)
	at sun.reflect.NativeMethodAccessorImpl.invoke(NativeMethodAccessorImpl.java:62)
	at sun.reflect.DelegatingMethodAccessorImpl.invoke(DelegatingMethodAccessorImpl.java:43)
	at java.lang.reflect.Method.invoke(Method.java:498)
	at org.junit.runners.model.FrameworkMethod$1.runReflectiveCall(FrameworkMethod.java:59)
	at org.junit.internal.runners.model.ReflectiveCallable.run(ReflectiveCallable.java:12)
	at org.junit.runners.model.FrameworkMethod.invokeExplosively(FrameworkMethod.java:56)
	at org.junit.internal.runners.statements.RunBefores.invokeMethod(RunBefores.java:33)
	at org.junit.internal.runners.statements.RunBefores.evaluate(RunBefores.java:24)
	at org.junit.runners.ParentRunner$3.evaluate(ParentRunner.java:306)
	at org.junit.runners.BlockJUnit4ClassRunner$1.evaluate(BlockJUnit4ClassRunner.java:100)
	at org.junit.runners.ParentRunner.runLeaf(ParentRunner.java:366)
	at org.junit.runners.BlockJUnit4ClassRunner.runChild(BlockJUnit4ClassRunner.java:103)
	at org.junit.runners.BlockJUnit4ClassRunner.runChild(BlockJUnit4ClassRunner.java:63)
	at org.junit.runners.ParentRunner$4.run(ParentRunner.java:331)
	at org.junit.runners.ParentRunner$1.schedule(ParentRunner.java:79)
	at org.junit.runners.ParentRunner.runChildren(ParentRunner.java:329)
	at org.junit.runners.ParentRunner.access$100(ParentRunner.java:66)
	at org.junit.runners.ParentRunner$2.evaluate(ParentRunner.java:293)
	at org.junit.runners.ParentRunner$3.evaluate(ParentRunner.java:306)
	at org.junit.runners.ParentRunner.run(ParentRunner.java:413)
	at org.junit.runners.Suite.runChild(Suite.java:128)
	at org.junit.runners.Suite.runChild(Suite.java:27)
	at org.junit.runners.ParentRunner$4.run(ParentRunner.java:331)
	at org.junit.runners.ParentRunner$1.schedule(ParentRunner.java:79)
	at org.junit.runners.ParentRunner.runChildren(ParentRunner.java:329)
	at org.junit.runners.ParentRunner.access$100(ParentRunner.java:66)
	at org.junit.runners.ParentRunner$2.evaluate(ParentRunner.java:293)
	at org.junit.internal.runners.statements.RunBefores.evaluate(RunBefores.java:26)
	at org.junit.internal.runners.statements.RunAfters.evaluate(RunAfters.java:27)
	at org.junit.runners.ParentRunner$3.evaluate(ParentRunner.java:306)
	at org.junit.runners.ParentRunner.run(ParentRunner.java:413)
	at org.apache.maven.surefire.junit4.JUnit4Provider.execute(JUnit4Provider.java:252)
	at org.apache.maven.surefire.junit4.JUnit4Provider.executeTestSet(JUnit4Provider.java:141)
	at org.apache.maven.surefire.junit4.JUnit4Provider.invoke(JUnit4Provider.java:112)
	at sun.reflect.NativeMethodAccessorImpl.invoke0(Native Method)
	at sun.reflect.NativeMethodAccessorImpl.invoke(NativeMethodAccessorImpl.java:62)
	at sun.reflect.DelegatingMethodAccessorImpl.invoke(DelegatingMethodAccessorImpl.java:43)
	at java.lang.reflect.Method.invoke(Method.java:498)
	at org.apache.maven.surefire.util.ReflectionUtils.invokeMethodWithArray(ReflectionUtils.java:189)
	at org.apache.maven.surefire.booter.ProviderFactory$ProviderProxy.invoke(ProviderFactory.java:165)
	at org.apache.maven.surefire.booter.ProviderFactory.invokeProvider(ProviderFactory.java:85)
	at org.apache.maven.surefire.booter.ForkedBooter.runSuitesInProcess(ForkedBooter.java:115)
	at org.apache.maven.surefire.booter.ForkedBooter.main(ForkedBooter.java:75)
Caused by: Exception [EclipseLink-4002] (Eclipse Persistence Services - 2.7.6.v20200131-b7c997804f): org.eclipse.persistence.exceptions.DatabaseException
Internal Exception: org.h2.jdbc.JdbcSQLIntegrityConstraintViolationException: La columna &quot;DIRECCION&quot; no permite valores nulos (NULL)
NULL not allowed for column &quot;DIRECCION&quot;; SQL statement:
INSERT INTO CLIENTE (ID, CIUDAD, CODIGOPOSTAL, DIRECCION, ESTADO, FECHAALTA, FECHABAJA, IDENTIFICACION, PAIS, TIPOCLIENTE, USER_USER, DTYPE) VALUES (?, ?, ?, ?, ?, ?, ?, ?, ?, ?, ?, ?) [23502-200]
Error Code: 23502
Call: INSERT INTO CLIENTE (ID, CIUDAD, CODIGOPOSTAL, DIRECCION, ESTADO, FECHAALTA, FECHABAJA, IDENTIFICACION, PAIS, TIPOCLIENTE, USER_USER, DTYPE) VALUES (?, ?, ?, ?, ?, ?, ?, ?, ?, ?, ?, ?)
	bind =&gt; [12 parameters bound]
Query: InsertObjectQuery(Cliente{
id=1
identificacion=Avenia Plutarco
tipoCliente=null
estado=Activo
fechaAlta=Thu Apr 28 17:23:39 CEST 2022
fechaBaja=null
direccion=null
ciudad=Malaga
codigopostal=29004
pais=Espana
cuentasFintech={[]}}Empresa{
razon_social=UMA})
	at org.eclipse.persistence.exceptions.DatabaseException.sqlException(DatabaseException.java:333)
	at org.eclipse.persistence.internal.databaseaccess.DatabaseAccessor.executeDirectNoSelect(DatabaseAccessor.java:908)
	at org.eclipse.persistence.internal.databaseaccess.DatabaseAccessor.executeNoSelect(DatabaseAccessor.java:970)
	at org.eclipse.persistence.internal.databaseaccess.DatabaseAccessor.basicExecuteCall(DatabaseAccessor.java:640)
	at org.eclipse.persistence.internal.databaseaccess.DatabaseAccessor.executeCall(DatabaseAccessor.java:567)
	at org.eclipse.persistence.internal.sessions.AbstractSession.basicExecuteCall(AbstractSession.java:2099)
	at org.eclipse.persistence.sessions.server.ClientSession.executeCall(ClientSession.java:313)
	at org.eclipse.persistence.internal.queries.DatasourceCallQueryMechanism.executeCall(DatasourceCallQueryMechanism.java:275)
	at org.eclipse.persistence.internal.queries.DatasourceCallQueryMechanism.insertObject(DatasourceCallQueryMechanism.java:397)
	at org.eclipse.persistence.internal.queries.StatementQueryMechanism.insertObject(StatementQueryMechanism.java:167)
	at org.eclipse.persistence.internal.queries.StatementQueryMechanism.insertObject(StatementQueryMechanism.java:182)
	at org.eclipse.persistence.internal.queries.DatabaseQueryMechanism.insertObjectForWrite(DatabaseQueryMechanism.java:504)
	at org.eclipse.persistence.queries.InsertObjectQuery.executeCommit(InsertObjectQuery.java:82)
	at org.eclipse.persistence.queries.InsertObjectQuery.executeCommitWithChangeSet(InsertObjectQuery.java:92)
	at org.eclipse.persistence.internal.queries.DatabaseQueryMechanism.executeWriteWithChangeSet(DatabaseQueryMechanism.java:316)
	at org.eclipse.persistence.queries.WriteObjectQuery.executeDatabaseQuery(WriteObjectQuery.java:60)
	at org.eclipse.persistence.queries.DatabaseQuery.execute(DatabaseQuery.java:911)
	at org.eclipse.persistence.queries.DatabaseQuery.executeInUnitOfWork(DatabaseQuery.java:810)
	at org.eclipse.persistence.queries.ObjectLevelModifyQuery.executeInUnitOfWorkObjectLevelModifyQuery(ObjectLevelModifyQuery.java:110)
	at org.eclipse.persistence.queries.ObjectLevelModifyQuery.executeInUnitOfWork(ObjectLevelModifyQuery.java:87)
	at org.eclipse.persistence.internal.sessions.UnitOfWorkImpl.internalExecuteQuery(UnitOfWorkImpl.java:2983)
	at org.eclipse.persistence.internal.sessions.AbstractSession.executeQuery(AbstractSession.java:1898)
	at org.eclipse.persistence.internal.sessions.AbstractSession.executeQuery(AbstractSession.java:1880)
	at org.eclipse.persistence.internal.sessions.AbstractSession.executeQuery(AbstractSession.java:1830)
	at org.eclipse.persistence.internal.sessions.CommitManager.commitNewObjectsForClassWithChangeSet(CommitManager.java:229)
	at org.eclipse.persistence.internal.sessions.CommitManager.commitAllObjectsForClassWithChangeSet(CommitManager.java:196)
	at org.eclipse.persistence.internal.sessions.CommitManager.commitAllObjectsWithChangeSet(CommitManager.java:141)
	at org.eclipse.persistence.internal.sessions.AbstractSession.writeAllObjectsWithChangeSet(AbstractSession.java:4398)
	at org.eclipse.persistence.internal.sessions.UnitOfWorkImpl.commitToDatabase(UnitOfWorkImpl.java:1495)
	at org.eclipse.persistence.internal.sessions.UnitOfWorkImpl.commitToDatabaseWithChangeSet(UnitOfWorkImpl.java:1585)
	at org.eclipse.persistence.internal.sessions.RepeatableWriteUnitOfWork.commitRootUnitOfWork(RepeatableWriteUnitOfWork.java:280)
	at org.eclipse.persistence.internal.sessions.UnitOfWorkImpl.commitAndResume(UnitOfWorkImpl.java:1222)
	at org.eclipse.persistence.internal.jpa.transaction.EntityTransactionImpl.commit(EntityTransactionImpl.java:136)
	... 46 more
Caused by: org.h2.jdbc.JdbcSQLIntegrityConstraintViolationException: La columna &quot;DIRECCION&quot; no permite valores nulos (NULL)
NULL not allowed for column &quot;DIRECCION&quot;; SQL statement:
INSERT INTO CLIENTE (ID, CIUDAD, CODIGOPOSTAL, DIRECCION, ESTADO, FECHAALTA, FECHABAJA, IDENTIFICACION, PAIS, TIPOCLIENTE, USER_USER, DTYPE) VALUES (?, ?, ?, ?, ?, ?, ?, ?, ?, ?, ?, ?) [23502-200]
	at org.h2.message.DbException.getJdbcSQLException(DbException.java:459)
	at org.h2.message.DbException.getJdbcSQLException(DbException.java:429)
	at org.h2.message.DbException.get(DbException.java:205)
	at org.h2.message.DbException.get(DbException.java:181)
	at org.h2.table.Column.validateConvertUpdateSequence(Column.java:374)
	at org.h2.table.Table.validateConvertUpdateSequence(Table.java:845)
	at org.h2.command.dml.Insert.insertRows(Insert.java:187)
	at org.h2.command.dml.Insert.update(Insert.java:151)
	at org.h2.command.CommandContainer.update(CommandContainer.java:198)
	at org.h2.command.Command.executeUpdate(Command.java:251)
	at org.h2.jdbc.JdbcPreparedStatement.executeUpdateInternal(JdbcPreparedStatement.java:191)
	at org.h2.jdbc.JdbcPreparedStatement.executeUpdate(JdbcPreparedStatement.java:152)
	at org.eclipse.persistence.internal.databaseaccess.DatabaseAccessor.executeDirectNoSelect(DatabaseAccessor.java:898)
	... 77 more
</error>
    <system-out>[EL Warning]: 2022-04-28 17:23:39.934--UnitOfWork(1462626028)--Exception [EclipseLink-4002] (Eclipse Persistence Services - 2.7.6.v20200131-b7c997804f): org.eclipse.persistence.exceptions.DatabaseException
Internal Exception: org.h2.jdbc.JdbcSQLIntegrityConstraintViolationException: La columna &quot;DIRECCION&quot; no permite valores nulos (NULL)
NULL not allowed for column &quot;DIRECCION&quot;; SQL statement:
INSERT INTO CLIENTE (ID, CIUDAD, CODIGOPOSTAL, DIRECCION, ESTADO, FECHAALTA, FECHABAJA, IDENTIFICACION, PAIS, TIPOCLIENTE, USER_USER, DTYPE) VALUES (?, ?, ?, ?, ?, ?, ?, ?, ?, ?, ?, ?) [23502-200]
Error Code: 23502
Call: INSERT INTO CLIENTE (ID, CIUDAD, CODIGOPOSTAL, DIRECCION, ESTADO, FECHAALTA, FECHABAJA, IDENTIFICACION, PAIS, TIPOCLIENTE, USER_USER, DTYPE) VALUES (?, ?, ?, ?, ?, ?, ?, ?, ?, ?, ?, ?)
	bind =&gt; [12 parameters bound]
Query: InsertObjectQuery(Cliente{
id=1
identificacion=Avenia Plutarco
tipoCliente=null
estado=Activo
fechaAlta=Thu Apr 28 17:23:39 CEST 2022
fechaBaja=null
direccion=null
ciudad=Malaga
codigopostal=29004
pais=Espana
cuentasFintech={[]}}Empresa{
razon_social=UMA})
</system-out>
  </testcase>
  <testcase classname="ma3s.fintech.test.Autorizados" name="testDarBaja" time="0.035">
    <error message="Exception [EclipseLink-4002] (Eclipse Persistence Services - 2.7.6.v20200131-b7c997804f): org.eclipse.persistence.exceptions.DatabaseException
Internal Exception: org.h2.jdbc.JdbcSQLIntegrityConstraintViolationException: La columna &quot;DIRECCION&quot; no permite valores nulos (NULL)
NULL not allowed for column &quot;DIRECCION&quot;; SQL statement:
INSERT INTO CLIENTE (ID, CIUDAD, CODIGOPOSTAL, DIRECCION, ESTADO, FECHAALTA, FECHABAJA, IDENTIFICACION, PAIS, TIPOCLIENTE, USER_USER, DTYPE) VALUES (?, ?, ?, ?, ?, ?, ?, ?, ?, ?, ?, ?) [23502-200]
Error Code: 23502
Call: INSERT INTO CLIENTE (ID, CIUDAD, CODIGOPOSTAL, DIRECCION, ESTADO, FECHAALTA, FECHABAJA, IDENTIFICACION, PAIS, TIPOCLIENTE, USER_USER, DTYPE) VALUES (?, ?, ?, ?, ?, ?, ?, ?, ?, ?, ?, ?)
	bind =&gt; [12 parameters bound]
Query: InsertObjectQuery(Cliente{
id=1
identificacion=Avenia Plutarco
tipoCliente=null
estado=Activo
fechaAlta=Thu Apr 28 17:23:39 CEST 2022
fechaBaja=null
direccion=null
ciudad=Malaga
codigopostal=29004
pais=Espana
cuentasFintech={[]}}Empresa{
razon_social=UMA})" type="javax.persistence.RollbackException">javax.persistence.RollbackException: Exception [EclipseLink-4002] (Eclipse Persistence Services - 2.7.6.v20200131-b7c997804f): org.eclipse.persistence.exceptions.DatabaseException
Internal Exception: org.h2.jdbc.JdbcSQLIntegrityConstraintViolationException: La columna &quot;DIRECCION&quot; no permite valores nulos (NULL)
NULL not allowed for column &quot;DIRECCION&quot;; SQL statement:
INSERT INTO CLIENTE (ID, CIUDAD, CODIGOPOSTAL, DIRECCION, ESTADO, FECHAALTA, FECHABAJA, IDENTIFICACION, PAIS, TIPOCLIENTE, USER_USER, DTYPE) VALUES (?, ?, ?, ?, ?, ?, ?, ?, ?, ?, ?, ?) [23502-200]
Error Code: 23502
Call: INSERT INTO CLIENTE (ID, CIUDAD, CODIGOPOSTAL, DIRECCION, ESTADO, FECHAALTA, FECHABAJA, IDENTIFICACION, PAIS, TIPOCLIENTE, USER_USER, DTYPE) VALUES (?, ?, ?, ?, ?, ?, ?, ?, ?, ?, ?, ?)
	bind =&gt; [12 parameters bound]
Query: InsertObjectQuery(Cliente{
id=1
identificacion=Avenia Plutarco
tipoCliente=null
estado=Activo
fechaAlta=Thu Apr 28 17:23:39 CEST 2022
fechaBaja=null
direccion=null
ciudad=Malaga
codigopostal=29004
pais=Espana
cuentasFintech={[]}}Empresa{
razon_social=UMA})
	at org.eclipse.persistence.internal.jpa.transaction.EntityTransactionImpl.commit(EntityTransactionImpl.java:161)
	at ma3s.fintech.test.BaseDatos.inicializaBaseDatos(BaseDatos.java:229)
	at ma3s.fintech.test.Autorizados.setup(Autorizados.java:24)
	at sun.reflect.NativeMethodAccessorImpl.invoke0(Native Method)
	at sun.reflect.NativeMethodAccessorImpl.invoke(NativeMethodAccessorImpl.java:62)
	at sun.reflect.DelegatingMethodAccessorImpl.invoke(DelegatingMethodAccessorImpl.java:43)
	at java.lang.reflect.Method.invoke(Method.java:498)
	at org.junit.runners.model.FrameworkMethod$1.runReflectiveCall(FrameworkMethod.java:59)
	at org.junit.internal.runners.model.ReflectiveCallable.run(ReflectiveCallable.java:12)
	at org.junit.runners.model.FrameworkMethod.invokeExplosively(FrameworkMethod.java:56)
	at org.junit.internal.runners.statements.RunBefores.invokeMethod(RunBefores.java:33)
	at org.junit.internal.runners.statements.RunBefores.evaluate(RunBefores.java:24)
	at org.junit.runners.ParentRunner$3.evaluate(ParentRunner.java:306)
	at org.junit.runners.BlockJUnit4ClassRunner$1.evaluate(BlockJUnit4ClassRunner.java:100)
	at org.junit.runners.ParentRunner.runLeaf(ParentRunner.java:366)
	at org.junit.runners.BlockJUnit4ClassRunner.runChild(BlockJUnit4ClassRunner.java:103)
	at org.junit.runners.BlockJUnit4ClassRunner.runChild(BlockJUnit4ClassRunner.java:63)
	at org.junit.runners.ParentRunner$4.run(ParentRunner.java:331)
	at org.junit.runners.ParentRunner$1.schedule(ParentRunner.java:79)
	at org.junit.runners.ParentRunner.runChildren(ParentRunner.java:329)
	at org.junit.runners.ParentRunner.access$100(ParentRunner.java:66)
	at org.junit.runners.ParentRunner$2.evaluate(ParentRunner.java:293)
	at org.junit.runners.ParentRunner$3.evaluate(ParentRunner.java:306)
	at org.junit.runners.ParentRunner.run(ParentRunner.java:413)
	at org.junit.runners.Suite.runChild(Suite.java:128)
	at org.junit.runners.Suite.runChild(Suite.java:27)
	at org.junit.runners.ParentRunner$4.run(ParentRunner.java:331)
	at org.junit.runners.ParentRunner$1.schedule(ParentRunner.java:79)
	at org.junit.runners.ParentRunner.runChildren(ParentRunner.java:329)
	at org.junit.runners.ParentRunner.access$100(ParentRunner.java:66)
	at org.junit.runners.ParentRunner$2.evaluate(ParentRunner.java:293)
	at org.junit.internal.runners.statements.RunBefores.evaluate(RunBefores.java:26)
	at org.junit.internal.runners.statements.RunAfters.evaluate(RunAfters.java:27)
	at org.junit.runners.ParentRunner$3.evaluate(ParentRunner.java:306)
	at org.junit.runners.ParentRunner.run(ParentRunner.java:413)
	at org.apache.maven.surefire.junit4.JUnit4Provider.execute(JUnit4Provider.java:252)
	at org.apache.maven.surefire.junit4.JUnit4Provider.executeTestSet(JUnit4Provider.java:141)
	at org.apache.maven.surefire.junit4.JUnit4Provider.invoke(JUnit4Provider.java:112)
	at sun.reflect.NativeMethodAccessorImpl.invoke0(Native Method)
	at sun.reflect.NativeMethodAccessorImpl.invoke(NativeMethodAccessorImpl.java:62)
	at sun.reflect.DelegatingMethodAccessorImpl.invoke(DelegatingMethodAccessorImpl.java:43)
	at java.lang.reflect.Method.invoke(Method.java:498)
	at org.apache.maven.surefire.util.ReflectionUtils.invokeMethodWithArray(ReflectionUtils.java:189)
	at org.apache.maven.surefire.booter.ProviderFactory$ProviderProxy.invoke(ProviderFactory.java:165)
	at org.apache.maven.surefire.booter.ProviderFactory.invokeProvider(ProviderFactory.java:85)
	at org.apache.maven.surefire.booter.ForkedBooter.runSuitesInProcess(ForkedBooter.java:115)
	at org.apache.maven.surefire.booter.ForkedBooter.main(ForkedBooter.java:75)
Caused by: Exception [EclipseLink-4002] (Eclipse Persistence Services - 2.7.6.v20200131-b7c997804f): org.eclipse.persistence.exceptions.DatabaseException
Internal Exception: org.h2.jdbc.JdbcSQLIntegrityConstraintViolationException: La columna &quot;DIRECCION&quot; no permite valores nulos (NULL)
NULL not allowed for column &quot;DIRECCION&quot;; SQL statement:
INSERT INTO CLIENTE (ID, CIUDAD, CODIGOPOSTAL, DIRECCION, ESTADO, FECHAALTA, FECHABAJA, IDENTIFICACION, PAIS, TIPOCLIENTE, USER_USER, DTYPE) VALUES (?, ?, ?, ?, ?, ?, ?, ?, ?, ?, ?, ?) [23502-200]
Error Code: 23502
Call: INSERT INTO CLIENTE (ID, CIUDAD, CODIGOPOSTAL, DIRECCION, ESTADO, FECHAALTA, FECHABAJA, IDENTIFICACION, PAIS, TIPOCLIENTE, USER_USER, DTYPE) VALUES (?, ?, ?, ?, ?, ?, ?, ?, ?, ?, ?, ?)
	bind =&gt; [12 parameters bound]
Query: InsertObjectQuery(Cliente{
id=1
identificacion=Avenia Plutarco
tipoCliente=null
estado=Activo
fechaAlta=Thu Apr 28 17:23:39 CEST 2022
fechaBaja=null
direccion=null
ciudad=Malaga
codigopostal=29004
pais=Espana
cuentasFintech={[]}}Empresa{
razon_social=UMA})
	at org.eclipse.persistence.exceptions.DatabaseException.sqlException(DatabaseException.java:333)
	at org.eclipse.persistence.internal.databaseaccess.DatabaseAccessor.executeDirectNoSelect(DatabaseAccessor.java:908)
	at org.eclipse.persistence.internal.databaseaccess.DatabaseAccessor.executeNoSelect(DatabaseAccessor.java:970)
	at org.eclipse.persistence.internal.databaseaccess.DatabaseAccessor.basicExecuteCall(DatabaseAccessor.java:640)
	at org.eclipse.persistence.internal.databaseaccess.DatabaseAccessor.executeCall(DatabaseAccessor.java:567)
	at org.eclipse.persistence.internal.sessions.AbstractSession.basicExecuteCall(AbstractSession.java:2099)
	at org.eclipse.persistence.sessions.server.ClientSession.executeCall(ClientSession.java:313)
	at org.eclipse.persistence.internal.queries.DatasourceCallQueryMechanism.executeCall(DatasourceCallQueryMechanism.java:275)
	at org.eclipse.persistence.internal.queries.DatasourceCallQueryMechanism.insertObject(DatasourceCallQueryMechanism.java:397)
	at org.eclipse.persistence.internal.queries.StatementQueryMechanism.insertObject(StatementQueryMechanism.java:167)
	at org.eclipse.persistence.internal.queries.StatementQueryMechanism.insertObject(StatementQueryMechanism.java:182)
	at org.eclipse.persistence.internal.queries.DatabaseQueryMechanism.insertObjectForWrite(DatabaseQueryMechanism.java:504)
	at org.eclipse.persistence.queries.InsertObjectQuery.executeCommit(InsertObjectQuery.java:82)
	at org.eclipse.persistence.queries.InsertObjectQuery.executeCommitWithChangeSet(InsertObjectQuery.java:92)
	at org.eclipse.persistence.internal.queries.DatabaseQueryMechanism.executeWriteWithChangeSet(DatabaseQueryMechanism.java:316)
	at org.eclipse.persistence.queries.WriteObjectQuery.executeDatabaseQuery(WriteObjectQuery.java:60)
	at org.eclipse.persistence.queries.DatabaseQuery.execute(DatabaseQuery.java:911)
	at org.eclipse.persistence.queries.DatabaseQuery.executeInUnitOfWork(DatabaseQuery.java:810)
	at org.eclipse.persistence.queries.ObjectLevelModifyQuery.executeInUnitOfWorkObjectLevelModifyQuery(ObjectLevelModifyQuery.java:110)
	at org.eclipse.persistence.queries.ObjectLevelModifyQuery.executeInUnitOfWork(ObjectLevelModifyQuery.java:87)
	at org.eclipse.persistence.internal.sessions.UnitOfWorkImpl.internalExecuteQuery(UnitOfWorkImpl.java:2983)
	at org.eclipse.persistence.internal.sessions.AbstractSession.executeQuery(AbstractSession.java:1898)
	at org.eclipse.persistence.internal.sessions.AbstractSession.executeQuery(AbstractSession.java:1880)
	at org.eclipse.persistence.internal.sessions.AbstractSession.executeQuery(AbstractSession.java:1830)
	at org.eclipse.persistence.internal.sessions.CommitManager.commitNewObjectsForClassWithChangeSet(CommitManager.java:229)
	at org.eclipse.persistence.internal.sessions.CommitManager.commitAllObjectsForClassWithChangeSet(CommitManager.java:196)
	at org.eclipse.persistence.internal.sessions.CommitManager.commitAllObjectsWithChangeSet(CommitManager.java:141)
	at org.eclipse.persistence.internal.sessions.AbstractSession.writeAllObjectsWithChangeSet(AbstractSession.java:4398)
	at org.eclipse.persistence.internal.sessions.UnitOfWorkImpl.commitToDatabase(UnitOfWorkImpl.java:1495)
	at org.eclipse.persistence.internal.sessions.UnitOfWorkImpl.commitToDatabaseWithChangeSet(UnitOfWorkImpl.java:1585)
	at org.eclipse.persistence.internal.sessions.RepeatableWriteUnitOfWork.commitRootUnitOfWork(RepeatableWriteUnitOfWork.java:280)
	at org.eclipse.persistence.internal.sessions.UnitOfWorkImpl.commitAndResume(UnitOfWorkImpl.java:1222)
	at org.eclipse.persistence.internal.jpa.transaction.EntityTransactionImpl.commit(EntityTransactionImpl.java:136)
	... 46 more
Caused by: org.h2.jdbc.JdbcSQLIntegrityConstraintViolationException: La columna &quot;DIRECCION&quot; no permite valores nulos (NULL)
NULL not allowed for column &quot;DIRECCION&quot;; SQL statement:
INSERT INTO CLIENTE (ID, CIUDAD, CODIGOPOSTAL, DIRECCION, ESTADO, FECHAALTA, FECHABAJA, IDENTIFICACION, PAIS, TIPOCLIENTE, USER_USER, DTYPE) VALUES (?, ?, ?, ?, ?, ?, ?, ?, ?, ?, ?, ?) [23502-200]
	at org.h2.message.DbException.getJdbcSQLException(DbException.java:459)
	at org.h2.message.DbException.getJdbcSQLException(DbException.java:429)
	at org.h2.message.DbException.get(DbException.java:205)
	at org.h2.message.DbException.get(DbException.java:181)
	at org.h2.table.Column.validateConvertUpdateSequence(Column.java:374)
	at org.h2.table.Table.validateConvertUpdateSequence(Table.java:845)
	at org.h2.command.dml.Insert.insertRows(Insert.java:187)
	at org.h2.command.dml.Insert.update(Insert.java:151)
	at org.h2.command.CommandContainer.update(CommandContainer.java:198)
	at org.h2.command.Command.executeUpdate(Command.java:251)
	at org.h2.jdbc.JdbcPreparedStatement.executeUpdateInternal(JdbcPreparedStatement.java:191)
	at org.h2.jdbc.JdbcPreparedStatement.executeUpdate(JdbcPreparedStatement.java:152)
	at org.eclipse.persistence.internal.databaseaccess.DatabaseAccessor.executeDirectNoSelect(DatabaseAccessor.java:898)
	... 77 more
</error>
    <system-out>[EL Warning]: 2022-04-28 17:23:39.97--UnitOfWork(480315231)--Exception [EclipseLink-4002] (Eclipse Persistence Services - 2.7.6.v20200131-b7c997804f): org.eclipse.persistence.exceptions.DatabaseException
Internal Exception: org.h2.jdbc.JdbcSQLIntegrityConstraintViolationException: La columna &quot;DIRECCION&quot; no permite valores nulos (NULL)
NULL not allowed for column &quot;DIRECCION&quot;; SQL statement:
INSERT INTO CLIENTE (ID, CIUDAD, CODIGOPOSTAL, DIRECCION, ESTADO, FECHAALTA, FECHABAJA, IDENTIFICACION, PAIS, TIPOCLIENTE, USER_USER, DTYPE) VALUES (?, ?, ?, ?, ?, ?, ?, ?, ?, ?, ?, ?) [23502-200]
Error Code: 23502
Call: INSERT INTO CLIENTE (ID, CIUDAD, CODIGOPOSTAL, DIRECCION, ESTADO, FECHAALTA, FECHABAJA, IDENTIFICACION, PAIS, TIPOCLIENTE, USER_USER, DTYPE) VALUES (?, ?, ?, ?, ?, ?, ?, ?, ?, ?, ?, ?)
	bind =&gt; [12 parameters bound]
Query: InsertObjectQuery(Cliente{
id=1
identificacion=Avenia Plutarco
tipoCliente=null
estado=Activo
fechaAlta=Thu Apr 28 17:23:39 CEST 2022
fechaBaja=null
direccion=null
ciudad=Malaga
codigopostal=29004
pais=Espana
cuentasFintech={[]}}Empresa{
razon_social=UMA})
</system-out>
  </testcase>
  <testcase classname="ma3s.fintech.test.Autorizados" name="testDarBajaErrorPersonaNoExiste" time="0.033">
    <error message="Exception [EclipseLink-4002] (Eclipse Persistence Services - 2.7.6.v20200131-b7c997804f): org.eclipse.persistence.exceptions.DatabaseException
Internal Exception: org.h2.jdbc.JdbcSQLIntegrityConstraintViolationException: La columna &quot;DIRECCION&quot; no permite valores nulos (NULL)
NULL not allowed for column &quot;DIRECCION&quot;; SQL statement:
INSERT INTO CLIENTE (ID, CIUDAD, CODIGOPOSTAL, DIRECCION, ESTADO, FECHAALTA, FECHABAJA, IDENTIFICACION, PAIS, TIPOCLIENTE, USER_USER, DTYPE) VALUES (?, ?, ?, ?, ?, ?, ?, ?, ?, ?, ?, ?) [23502-200]
Error Code: 23502
Call: INSERT INTO CLIENTE (ID, CIUDAD, CODIGOPOSTAL, DIRECCION, ESTADO, FECHAALTA, FECHABAJA, IDENTIFICACION, PAIS, TIPOCLIENTE, USER_USER, DTYPE) VALUES (?, ?, ?, ?, ?, ?, ?, ?, ?, ?, ?, ?)
	bind =&gt; [12 parameters bound]
Query: InsertObjectQuery(Cliente{
id=1
identificacion=Avenia Plutarco
tipoCliente=null
estado=Activo
fechaAlta=Thu Apr 28 17:23:40 CEST 2022
fechaBaja=null
direccion=null
ciudad=Malaga
codigopostal=29004
pais=Espana
cuentasFintech={[]}}Empresa{
razon_social=UMA})" type="javax.persistence.RollbackException">javax.persistence.RollbackException: Exception [EclipseLink-4002] (Eclipse Persistence Services - 2.7.6.v20200131-b7c997804f): org.eclipse.persistence.exceptions.DatabaseException
Internal Exception: org.h2.jdbc.JdbcSQLIntegrityConstraintViolationException: La columna &quot;DIRECCION&quot; no permite valores nulos (NULL)
NULL not allowed for column &quot;DIRECCION&quot;; SQL statement:
INSERT INTO CLIENTE (ID, CIUDAD, CODIGOPOSTAL, DIRECCION, ESTADO, FECHAALTA, FECHABAJA, IDENTIFICACION, PAIS, TIPOCLIENTE, USER_USER, DTYPE) VALUES (?, ?, ?, ?, ?, ?, ?, ?, ?, ?, ?, ?) [23502-200]
Error Code: 23502
Call: INSERT INTO CLIENTE (ID, CIUDAD, CODIGOPOSTAL, DIRECCION, ESTADO, FECHAALTA, FECHABAJA, IDENTIFICACION, PAIS, TIPOCLIENTE, USER_USER, DTYPE) VALUES (?, ?, ?, ?, ?, ?, ?, ?, ?, ?, ?, ?)
	bind =&gt; [12 parameters bound]
Query: InsertObjectQuery(Cliente{
id=1
identificacion=Avenia Plutarco
tipoCliente=null
estado=Activo
fechaAlta=Thu Apr 28 17:23:40 CEST 2022
fechaBaja=null
direccion=null
ciudad=Malaga
codigopostal=29004
pais=Espana
cuentasFintech={[]}}Empresa{
razon_social=UMA})
	at org.eclipse.persistence.internal.jpa.transaction.EntityTransactionImpl.commit(EntityTransactionImpl.java:161)
	at ma3s.fintech.test.BaseDatos.inicializaBaseDatos(BaseDatos.java:229)
	at ma3s.fintech.test.Autorizados.setup(Autorizados.java:24)
	at sun.reflect.NativeMethodAccessorImpl.invoke0(Native Method)
	at sun.reflect.NativeMethodAccessorImpl.invoke(NativeMethodAccessorImpl.java:62)
	at sun.reflect.DelegatingMethodAccessorImpl.invoke(DelegatingMethodAccessorImpl.java:43)
	at java.lang.reflect.Method.invoke(Method.java:498)
	at org.junit.runners.model.FrameworkMethod$1.runReflectiveCall(FrameworkMethod.java:59)
	at org.junit.internal.runners.model.ReflectiveCallable.run(ReflectiveCallable.java:12)
	at org.junit.runners.model.FrameworkMethod.invokeExplosively(FrameworkMethod.java:56)
	at org.junit.internal.runners.statements.RunBefores.invokeMethod(RunBefores.java:33)
	at org.junit.internal.runners.statements.RunBefores.evaluate(RunBefores.java:24)
	at org.junit.runners.ParentRunner$3.evaluate(ParentRunner.java:306)
	at org.junit.runners.BlockJUnit4ClassRunner$1.evaluate(BlockJUnit4ClassRunner.java:100)
	at org.junit.runners.ParentRunner.runLeaf(ParentRunner.java:366)
	at org.junit.runners.BlockJUnit4ClassRunner.runChild(BlockJUnit4ClassRunner.java:103)
	at org.junit.runners.BlockJUnit4ClassRunner.runChild(BlockJUnit4ClassRunner.java:63)
	at org.junit.runners.ParentRunner$4.run(ParentRunner.java:331)
	at org.junit.runners.ParentRunner$1.schedule(ParentRunner.java:79)
	at org.junit.runners.ParentRunner.runChildren(ParentRunner.java:329)
	at org.junit.runners.ParentRunner.access$100(ParentRunner.java:66)
	at org.junit.runners.ParentRunner$2.evaluate(ParentRunner.java:293)
	at org.junit.runners.ParentRunner$3.evaluate(ParentRunner.java:306)
	at org.junit.runners.ParentRunner.run(ParentRunner.java:413)
	at org.junit.runners.Suite.runChild(Suite.java:128)
	at org.junit.runners.Suite.runChild(Suite.java:27)
	at org.junit.runners.ParentRunner$4.run(ParentRunner.java:331)
	at org.junit.runners.ParentRunner$1.schedule(ParentRunner.java:79)
	at org.junit.runners.ParentRunner.runChildren(ParentRunner.java:329)
	at org.junit.runners.ParentRunner.access$100(ParentRunner.java:66)
	at org.junit.runners.ParentRunner$2.evaluate(ParentRunner.java:293)
	at org.junit.internal.runners.statements.RunBefores.evaluate(RunBefores.java:26)
	at org.junit.internal.runners.statements.RunAfters.evaluate(RunAfters.java:27)
	at org.junit.runners.ParentRunner$3.evaluate(ParentRunner.java:306)
	at org.junit.runners.ParentRunner.run(ParentRunner.java:413)
	at org.apache.maven.surefire.junit4.JUnit4Provider.execute(JUnit4Provider.java:252)
	at org.apache.maven.surefire.junit4.JUnit4Provider.executeTestSet(JUnit4Provider.java:141)
	at org.apache.maven.surefire.junit4.JUnit4Provider.invoke(JUnit4Provider.java:112)
	at sun.reflect.NativeMethodAccessorImpl.invoke0(Native Method)
	at sun.reflect.NativeMethodAccessorImpl.invoke(NativeMethodAccessorImpl.java:62)
	at sun.reflect.DelegatingMethodAccessorImpl.invoke(DelegatingMethodAccessorImpl.java:43)
	at java.lang.reflect.Method.invoke(Method.java:498)
	at org.apache.maven.surefire.util.ReflectionUtils.invokeMethodWithArray(ReflectionUtils.java:189)
	at org.apache.maven.surefire.booter.ProviderFactory$ProviderProxy.invoke(ProviderFactory.java:165)
	at org.apache.maven.surefire.booter.ProviderFactory.invokeProvider(ProviderFactory.java:85)
	at org.apache.maven.surefire.booter.ForkedBooter.runSuitesInProcess(ForkedBooter.java:115)
	at org.apache.maven.surefire.booter.ForkedBooter.main(ForkedBooter.java:75)
Caused by: Exception [EclipseLink-4002] (Eclipse Persistence Services - 2.7.6.v20200131-b7c997804f): org.eclipse.persistence.exceptions.DatabaseException
Internal Exception: org.h2.jdbc.JdbcSQLIntegrityConstraintViolationException: La columna &quot;DIRECCION&quot; no permite valores nulos (NULL)
NULL not allowed for column &quot;DIRECCION&quot;; SQL statement:
INSERT INTO CLIENTE (ID, CIUDAD, CODIGOPOSTAL, DIRECCION, ESTADO, FECHAALTA, FECHABAJA, IDENTIFICACION, PAIS, TIPOCLIENTE, USER_USER, DTYPE) VALUES (?, ?, ?, ?, ?, ?, ?, ?, ?, ?, ?, ?) [23502-200]
Error Code: 23502
Call: INSERT INTO CLIENTE (ID, CIUDAD, CODIGOPOSTAL, DIRECCION, ESTADO, FECHAALTA, FECHABAJA, IDENTIFICACION, PAIS, TIPOCLIENTE, USER_USER, DTYPE) VALUES (?, ?, ?, ?, ?, ?, ?, ?, ?, ?, ?, ?)
	bind =&gt; [12 parameters bound]
Query: InsertObjectQuery(Cliente{
id=1
identificacion=Avenia Plutarco
tipoCliente=null
estado=Activo
fechaAlta=Thu Apr 28 17:23:40 CEST 2022
fechaBaja=null
direccion=null
ciudad=Malaga
codigopostal=29004
pais=Espana
cuentasFintech={[]}}Empresa{
razon_social=UMA})
	at org.eclipse.persistence.exceptions.DatabaseException.sqlException(DatabaseException.java:333)
	at org.eclipse.persistence.internal.databaseaccess.DatabaseAccessor.executeDirectNoSelect(DatabaseAccessor.java:908)
	at org.eclipse.persistence.internal.databaseaccess.DatabaseAccessor.executeNoSelect(DatabaseAccessor.java:970)
	at org.eclipse.persistence.internal.databaseaccess.DatabaseAccessor.basicExecuteCall(DatabaseAccessor.java:640)
	at org.eclipse.persistence.internal.databaseaccess.DatabaseAccessor.executeCall(DatabaseAccessor.java:567)
	at org.eclipse.persistence.internal.sessions.AbstractSession.basicExecuteCall(AbstractSession.java:2099)
	at org.eclipse.persistence.sessions.server.ClientSession.executeCall(ClientSession.java:313)
	at org.eclipse.persistence.internal.queries.DatasourceCallQueryMechanism.executeCall(DatasourceCallQueryMechanism.java:275)
	at org.eclipse.persistence.internal.queries.DatasourceCallQueryMechanism.insertObject(DatasourceCallQueryMechanism.java:397)
	at org.eclipse.persistence.internal.queries.StatementQueryMechanism.insertObject(StatementQueryMechanism.java:167)
	at org.eclipse.persistence.internal.queries.StatementQueryMechanism.insertObject(StatementQueryMechanism.java:182)
	at org.eclipse.persistence.internal.queries.DatabaseQueryMechanism.insertObjectForWrite(DatabaseQueryMechanism.java:504)
	at org.eclipse.persistence.queries.InsertObjectQuery.executeCommit(InsertObjectQuery.java:82)
	at org.eclipse.persistence.queries.InsertObjectQuery.executeCommitWithChangeSet(InsertObjectQuery.java:92)
	at org.eclipse.persistence.internal.queries.DatabaseQueryMechanism.executeWriteWithChangeSet(DatabaseQueryMechanism.java:316)
	at org.eclipse.persistence.queries.WriteObjectQuery.executeDatabaseQuery(WriteObjectQuery.java:60)
	at org.eclipse.persistence.queries.DatabaseQuery.execute(DatabaseQuery.java:911)
	at org.eclipse.persistence.queries.DatabaseQuery.executeInUnitOfWork(DatabaseQuery.java:810)
	at org.eclipse.persistence.queries.ObjectLevelModifyQuery.executeInUnitOfWorkObjectLevelModifyQuery(ObjectLevelModifyQuery.java:110)
	at org.eclipse.persistence.queries.ObjectLevelModifyQuery.executeInUnitOfWork(ObjectLevelModifyQuery.java:87)
	at org.eclipse.persistence.internal.sessions.UnitOfWorkImpl.internalExecuteQuery(UnitOfWorkImpl.java:2983)
	at org.eclipse.persistence.internal.sessions.AbstractSession.executeQuery(AbstractSession.java:1898)
	at org.eclipse.persistence.internal.sessions.AbstractSession.executeQuery(AbstractSession.java:1880)
	at org.eclipse.persistence.internal.sessions.AbstractSession.executeQuery(AbstractSession.java:1830)
	at org.eclipse.persistence.internal.sessions.CommitManager.commitNewObjectsForClassWithChangeSet(CommitManager.java:229)
	at org.eclipse.persistence.internal.sessions.CommitManager.commitAllObjectsForClassWithChangeSet(CommitManager.java:196)
	at org.eclipse.persistence.internal.sessions.CommitManager.commitAllObjectsWithChangeSet(CommitManager.java:141)
	at org.eclipse.persistence.internal.sessions.AbstractSession.writeAllObjectsWithChangeSet(AbstractSession.java:4398)
	at org.eclipse.persistence.internal.sessions.UnitOfWorkImpl.commitToDatabase(UnitOfWorkImpl.java:1495)
	at org.eclipse.persistence.internal.sessions.UnitOfWorkImpl.commitToDatabaseWithChangeSet(UnitOfWorkImpl.java:1585)
	at org.eclipse.persistence.internal.sessions.RepeatableWriteUnitOfWork.commitRootUnitOfWork(RepeatableWriteUnitOfWork.java:280)
	at org.eclipse.persistence.internal.sessions.UnitOfWorkImpl.commitAndResume(UnitOfWorkImpl.java:1222)
	at org.eclipse.persistence.internal.jpa.transaction.EntityTransactionImpl.commit(EntityTransactionImpl.java:136)
	... 46 more
Caused by: org.h2.jdbc.JdbcSQLIntegrityConstraintViolationException: La columna &quot;DIRECCION&quot; no permite valores nulos (NULL)
NULL not allowed for column &quot;DIRECCION&quot;; SQL statement:
INSERT INTO CLIENTE (ID, CIUDAD, CODIGOPOSTAL, DIRECCION, ESTADO, FECHAALTA, FECHABAJA, IDENTIFICACION, PAIS, TIPOCLIENTE, USER_USER, DTYPE) VALUES (?, ?, ?, ?, ?, ?, ?, ?, ?, ?, ?, ?) [23502-200]
	at org.h2.message.DbException.getJdbcSQLException(DbException.java:459)
	at org.h2.message.DbException.getJdbcSQLException(DbException.java:429)
	at org.h2.message.DbException.get(DbException.java:205)
	at org.h2.message.DbException.get(DbException.java:181)
	at org.h2.table.Column.validateConvertUpdateSequence(Column.java:374)
	at org.h2.table.Table.validateConvertUpdateSequence(Table.java:845)
	at org.h2.command.dml.Insert.insertRows(Insert.java:187)
	at org.h2.command.dml.Insert.update(Insert.java:151)
	at org.h2.command.CommandContainer.update(CommandContainer.java:198)
	at org.h2.command.Command.executeUpdate(Command.java:251)
	at org.h2.jdbc.JdbcPreparedStatement.executeUpdateInternal(JdbcPreparedStatement.java:191)
	at org.h2.jdbc.JdbcPreparedStatement.executeUpdate(JdbcPreparedStatement.java:152)
	at org.eclipse.persistence.internal.databaseaccess.DatabaseAccessor.executeDirectNoSelect(DatabaseAccessor.java:898)
	... 77 more
</error>
    <system-out>[EL Warning]: 2022-04-28 17:23:40.004--UnitOfWork(1965726731)--Exception [EclipseLink-4002] (Eclipse Persistence Services - 2.7.6.v20200131-b7c997804f): org.eclipse.persistence.exceptions.DatabaseException
Internal Exception: org.h2.jdbc.JdbcSQLIntegrityConstraintViolationException: La columna &quot;DIRECCION&quot; no permite valores nulos (NULL)
NULL not allowed for column &quot;DIRECCION&quot;; SQL statement:
INSERT INTO CLIENTE (ID, CIUDAD, CODIGOPOSTAL, DIRECCION, ESTADO, FECHAALTA, FECHABAJA, IDENTIFICACION, PAIS, TIPOCLIENTE, USER_USER, DTYPE) VALUES (?, ?, ?, ?, ?, ?, ?, ?, ?, ?, ?, ?) [23502-200]
Error Code: 23502
Call: INSERT INTO CLIENTE (ID, CIUDAD, CODIGOPOSTAL, DIRECCION, ESTADO, FECHAALTA, FECHABAJA, IDENTIFICACION, PAIS, TIPOCLIENTE, USER_USER, DTYPE) VALUES (?, ?, ?, ?, ?, ?, ?, ?, ?, ?, ?, ?)
	bind =&gt; [12 parameters bound]
Query: InsertObjectQuery(Cliente{
id=1
identificacion=Avenia Plutarco
tipoCliente=null
estado=Activo
fechaAlta=Thu Apr 28 17:23:40 CEST 2022
fechaBaja=null
direccion=null
ciudad=Malaga
codigopostal=29004
pais=Espana
cuentasFintech={[]}}Empresa{
razon_social=UMA})
</system-out>
  </testcase>
</testsuite>