<?xml version="1.0" encoding="UTF-8" ?>
<testsuite tests="110" failures="43" name="ma3s.fintech.test.SuiteTest" time="18.744" errors="0" skipped="0">
  <properties>
    <property name="java.runtime.name" value="Java(TM) SE Runtime Environment"/>
    <property name="sun.boot.library.path" value="C:\Program Files\Java\jdk1.8.0_202\jre\bin"/>
    <property name="java.vm.version" value="25.202-b08"/>
    <property name="java.vm.vendor" value="Oracle Corporation"/>
    <property name="maven.multiModuleProjectDirectory" value="C:\Users\Adrián\IdeaProjects\MA3S_Proyecto\fintech"/>
    <property name="java.vendor.url" value="http://java.oracle.com/"/>
    <property name="path.separator" value=";"/>
    <property name="guice.disable.misplaced.annotation.check" value="true"/>
    <property name="java.vm.name" value="Java HotSpot(TM) 64-Bit Server VM"/>
    <property name="file.encoding.pkg" value="sun.io"/>
    <property name="user.script" value=""/>
    <property name="user.country" value="ES"/>
    <property name="sun.java.launcher" value="SUN_STANDARD"/>
    <property name="sun.os.patch.level" value=""/>
    <property name="java.vm.specification.name" value="Java Virtual Machine Specification"/>
    <property name="user.dir" value="C:\Users\Adrián\IdeaProjects\MA3S_Proyecto\fintech"/>
    <property name="java.runtime.version" value="1.8.0_202-b08"/>
    <property name="java.awt.graphicsenv" value="sun.awt.Win32GraphicsEnvironment"/>
    <property name="java.endorsed.dirs" value="C:\Program Files\Java\jdk1.8.0_202\jre\lib\endorsed"/>
    <property name="os.arch" value="amd64"/>
    <property name="java.io.tmpdir" value="C:\Users\ADRIN~1\AppData\Local\Temp\"/>
    <property name="line.separator" value="
"/>
    <property name="java.vm.specification.vendor" value="Oracle Corporation"/>
    <property name="user.variant" value=""/>
    <property name="os.name" value="Windows 10"/>
    <property name="classworlds.conf" value="C:\Program Files\Maven\apache-maven-3.8.5\bin\m2.conf"/>
    <property name="sun.jnu.encoding" value="Cp1252"/>
    <property name="java.library.path" value="C:\Program Files\Java\jdk1.8.0_202\bin;C:\Windows\Sun\Java\bin;C:\Windows\system32;C:\Windows;C:\Program Files\Maven\apache-maven-3.8.5\bin;C:\Program Files (x86)\Common Files\Oracle\Java\javapath;C:\Program Files\Common Files\Oracle\Java\javapath;C:\Program Files\Haskell\bin;C:\Program Files\Haskell Platform\8.6.5\lib\extralibs\bin;C:\Program Files\Haskell Platform\8.6.5\bin;C:\Windows\system32;C:\Windows;C:\Windows\System32\Wbem;C:\Windows\System32\WindowsPowerShell\v1.0\;C:\Windows\System32\OpenSSH\;C:\Program Files\Haskell Platform\8.6.5\mingw\bin;C:\yagarto-20121222\bin;C:\Program Files\Git\cmd;C:\HashiCorp\Vagrant\bin;C:\Program Files\Docker\Docker\resources\bin;C:\ProgramData\DockerDesktop\version-bin;C:\Users\Adrián\AppData\Local\Programs\Python\Python39\Scripts\;C:\Users\Adrián\AppData\Local\Programs\Python\Python39\;C:\Users\Adrián\AppData\Roaming\cabal\bin;C:\Users\Adrián\AppData\Roaming\local\bin;C:\Users\Adrián\AppData\Local\Microsoft\WindowsApps;C:\Users\Adrián\AppData\Local\Programs\Microsoft VS Code\bin;."/>
    <property name="maven.conf" value="C:\Program Files\Maven\apache-maven-3.8.5/conf"/>
    <property name="java.specification.name" value="Java Platform API Specification"/>
    <property name="java.class.version" value="52.0"/>
    <property name="sun.management.compiler" value="HotSpot 64-Bit Tiered Compilers"/>
    <property name="os.version" value="10.0"/>
    <property name="library.jansi.path" value="C:\Program Files\Maven\apache-maven-3.8.5\lib\jansi-native"/>
    <property name="user.home" value="C:\Users\Adrián"/>
    <property name="user.timezone" value="Europe/Paris"/>
    <property name="java.awt.printerjob" value="sun.awt.windows.WPrinterJob"/>
    <property name="java.specification.version" value="1.8"/>
    <property name="file.encoding" value="Cp1252"/>
    <property name="user.name" value="Adrián"/>
    <property name="java.class.path" value="C:\Program Files\Maven\apache-maven-3.8.5\boot\plexus-classworlds-2.6.0.jar"/>
    <property name="java.vm.specification.version" value="1.8"/>
    <property name="sun.arch.data.model" value="64"/>
    <property name="java.home" value="C:\Program Files\Java\jdk1.8.0_202\jre"/>
    <property name="sun.java.command" value="org.codehaus.plexus.classworlds.launcher.Launcher test"/>
    <property name="java.specification.vendor" value="Oracle Corporation"/>
    <property name="user.language" value="es"/>
    <property name="awt.toolkit" value="sun.awt.windows.WToolkit"/>
    <property name="java.vm.info" value="mixed mode"/>
    <property name="java.version" value="1.8.0_202"/>
    <property name="java.ext.dirs" value="C:\Program Files\Java\jdk1.8.0_202\jre\lib\ext;C:\Windows\Sun\Java\lib\ext"/>
    <property name="sun.boot.class.path" value="C:\Program Files\Java\jdk1.8.0_202\jre\lib\resources.jar;C:\Program Files\Java\jdk1.8.0_202\jre\lib\rt.jar;C:\Program Files\Java\jdk1.8.0_202\jre\lib\sunrsasign.jar;C:\Program Files\Java\jdk1.8.0_202\jre\lib\jsse.jar;C:\Program Files\Java\jdk1.8.0_202\jre\lib\jce.jar;C:\Program Files\Java\jdk1.8.0_202\jre\lib\charsets.jar;C:\Program Files\Java\jdk1.8.0_202\jre\lib\jfr.jar;C:\Program Files\Java\jdk1.8.0_202\jre\classes"/>
    <property name="sun.stderr.encoding" value="cp850"/>
    <property name="java.vendor" value="Oracle Corporation"/>
    <property name="maven.home" value="C:\Program Files\Maven\apache-maven-3.8.5"/>
    <property name="file.separator" value="\"/>
    <property name="java.vendor.url.bug" value="http://bugreport.sun.com/bugreport/"/>
    <property name="sun.cpu.endian" value="little"/>
    <property name="sun.io.unicode.encoding" value="UnicodeLittle"/>
    <property name="sun.stdout.encoding" value="cp850"/>
    <property name="sun.desktop" value="windows"/>
    <property name="sun.cpu.isalist" value="amd64"/>
  </properties>
  <testcase classname="ma3s.fintech.test.Cuentas" name="testCierreCuentaOk" time="0.684">
    <failure message="No debe lanzar una excepcion" type="java.lang.AssertionError">java.lang.AssertionError: No debe lanzar una excepcion
	at org.junit.Assert.fail(Assert.java:89)
	at ma3s.fintech.test.Cuentas.testCierreCuentaOk(Cuentas.java:236)
	at sun.reflect.NativeMethodAccessorImpl.invoke0(Native Method)
	at sun.reflect.NativeMethodAccessorImpl.invoke(NativeMethodAccessorImpl.java:62)
	at sun.reflect.DelegatingMethodAccessorImpl.invoke(DelegatingMethodAccessorImpl.java:43)
	at java.lang.reflect.Method.invoke(Method.java:498)
	at org.junit.runners.model.FrameworkMethod$1.runReflectiveCall(FrameworkMethod.java:59)
	at org.junit.internal.runners.model.ReflectiveCallable.run(ReflectiveCallable.java:12)
	at org.junit.runners.model.FrameworkMethod.invokeExplosively(FrameworkMethod.java:56)
	at org.junit.internal.runners.statements.InvokeMethod.evaluate(InvokeMethod.java:17)
	at org.junit.internal.runners.statements.RunBefores.evaluate(RunBefores.java:26)
	at org.junit.runners.ParentRunner$3.evaluate(ParentRunner.java:306)
	at org.junit.runners.BlockJUnit4ClassRunner$1.evaluate(BlockJUnit4ClassRunner.java:100)
	at org.junit.runners.ParentRunner.runLeaf(ParentRunner.java:366)
	at org.junit.runners.BlockJUnit4ClassRunner.runChild(BlockJUnit4ClassRunner.java:103)
	at org.junit.runners.BlockJUnit4ClassRunner.runChild(BlockJUnit4ClassRunner.java:63)
	at org.junit.runners.ParentRunner$4.run(ParentRunner.java:331)
	at org.junit.runners.ParentRunner$1.schedule(ParentRunner.java:79)
	at org.junit.runners.ParentRunner.runChildren(ParentRunner.java:329)
	at org.junit.runners.ParentRunner.access$100(ParentRunner.java:66)
	at org.junit.runners.ParentRunner$2.evaluate(ParentRunner.java:293)
	at org.junit.runners.ParentRunner$3.evaluate(ParentRunner.java:306)
	at org.junit.runners.ParentRunner.run(ParentRunner.java:413)
	at org.junit.runners.Suite.runChild(Suite.java:128)
	at org.junit.runners.Suite.runChild(Suite.java:27)
	at org.junit.runners.ParentRunner$4.run(ParentRunner.java:331)
	at org.junit.runners.ParentRunner$1.schedule(ParentRunner.java:79)
	at org.junit.runners.ParentRunner.runChildren(ParentRunner.java:329)
	at org.junit.runners.ParentRunner.access$100(ParentRunner.java:66)
	at org.junit.runners.ParentRunner$2.evaluate(ParentRunner.java:293)
	at org.junit.internal.runners.statements.RunBefores.evaluate(RunBefores.java:26)
	at org.junit.internal.runners.statements.RunAfters.evaluate(RunAfters.java:27)
	at org.junit.runners.ParentRunner$3.evaluate(ParentRunner.java:306)
	at org.junit.runners.ParentRunner.run(ParentRunner.java:413)
	at org.apache.maven.surefire.junit4.JUnit4Provider.execute(JUnit4Provider.java:252)
	at org.apache.maven.surefire.junit4.JUnit4Provider.executeTestSet(JUnit4Provider.java:141)
	at org.apache.maven.surefire.junit4.JUnit4Provider.invoke(JUnit4Provider.java:112)
	at sun.reflect.NativeMethodAccessorImpl.invoke0(Native Method)
	at sun.reflect.NativeMethodAccessorImpl.invoke(NativeMethodAccessorImpl.java:62)
	at sun.reflect.DelegatingMethodAccessorImpl.invoke(DelegatingMethodAccessorImpl.java:43)
	at java.lang.reflect.Method.invoke(Method.java:498)
	at org.apache.maven.surefire.util.ReflectionUtils.invokeMethodWithArray(ReflectionUtils.java:189)
	at org.apache.maven.surefire.booter.ProviderFactory$ProviderProxy.invoke(ProviderFactory.java:165)
	at org.apache.maven.surefire.booter.ProviderFactory.invokeProvider(ProviderFactory.java:85)
	at org.apache.maven.surefire.booter.ForkedBooter.runSuitesInProcess(ForkedBooter.java:115)
	at org.apache.maven.surefire.booter.ForkedBooter.main(ForkedBooter.java:75)
</failure>
    <system-out>[EL Info]: 2022-04-28 16:59:47.489--ServerSession(1233268652)--EclipseLink, version: Eclipse Persistence Services - 2.7.6.v20200131-b7c997804f
[EL Info]: connection: 2022-04-28 16:59:47.511--ServerSession(1233268652)--/file:/C:/Users/Adrián/IdeaProjects/MA3S_Proyecto/fintech/fintech-ejb/target/test-classes/_FintechEjbTest login successful
[EL Info]: connection: 2022-04-28 16:59:47.817--ServerSession(1233268652)--/file:/C:/Users/Adrián/IdeaProjects/MA3S_Proyecto/fintech/fintech-ejb/target/test-classes/_FintechEjbTest logout successful
</system-out>
    <system-err>abr 28, 2022 4:58:02 PM org.glassfish.ejb.embedded.EJBContainerProviderImpl getValidFile
ADVERTENCIA: EJB6008:Specified or calculated application server instance [C:\Users\Adrián\.m2\repository\org\glassfish\main\extras\glassfish-embedded-all\domains\domain1] does not exist.
abr 28, 2022 4:58:03 PM org.glassfish.ejb.embedded.EJBContainerProviderImpl createContainer
INFORMACIÓN: [EJBContainerProviderImpl] Using config file location: file:/C:/Users/ADRIN~1/AppData/Local/Temp/domain1102941576966831102xml
abr 28, 2022 4:58:03 PM org.glassfish.ejb.embedded.EJBContainerProviderImpl createContainer
INFORMACIÓN: [EJBContainerProviderImpl] Using runtime class: class com.sun.enterprise.glassfish.bootstrap.StaticGlassFishRuntime
abr 28, 2022 4:58:04 PM com.sun.enterprise.v3.server.CommonClassLoaderServiceImpl findDerbyClient
INFORMACIÓN: Cannot find javadb client jar file, derby jdbc driver will not be available by default.
abr 28, 2022 4:58:05 PM org.hibernate.validator.internal.util.Version &lt;clinit&gt;
INFO: HV000001: Hibernate Validator null
abr 28, 2022 4:58:06 PM org.glassfish.security.services.impl.authorization.AuthorizationServiceImpl initialize
INFORMACIÓN: Authorization Service has successfully initialized.
abr 28, 2022 4:58:07 PM com.sun.enterprise.security.ssl.impl.SecuritySupportImpl checkCertificateDates
GRAVE: The SSL certificate has expired: [
[
  Version: V3
  Subject: CN=localhost, OU=GlassFish, O=Sun Microsystems, L=Santa Clara, ST=California, C=US
  Signature Algorithm: SHA1withRSA, OID = 1.2.840.113549.1.1.5

  Key:  Sun RSA public key, 1024 bits
  modulus: 145607243452859689580129548866124791697266876389020072346169573106005067922351621693980274409566977123703120560397141987498630922827852965950283535196583826176478163336993643826795231487853960699742178569310586812871660687609669142799497192378661602695305819033929044820179434366507221428988785371476479913059
  public exponent: 65537
  Validity: [From: Tue Jul 07 10:27:35 CEST 2009,
               To: Fri Jul 05 10:27:35 CEST 2019]
  Issuer: CN=localhost, OU=GlassFish, O=Sun Microsystems, L=Santa Clara, ST=California, C=US
  SerialNumber: [    4a5306f7]

Certificate Extensions: 1
[1]: ObjectId: 2.5.29.14 Criticality=false
SubjectKeyIdentifier [
KeyIdentifier [
0000: 8F FB 7A 0A BF 38 54 A6   0D 9D CC 28 F8 7A B2 25  ..z..8T....(.z.%
0010: F2 F8 A1 99                                        ....
]
]

]
  Algorithm: [SHA1withRSA]
  Signature:
0000: 7A 53 96 EE 26 C0 6C 06   A5 68 45 43 49 A8 21 B7  zS..&amp;.l..hECI.!.
0010: 03 E3 3C 22 97 76 B0 EC   0C F1 11 C9 D7 67 20 CA  ..&lt;&quot;.v.......g .
0020: E5 0E 29 F8 64 FA C5 5A   FA D9 34 76 39 61 C4 21  ..).d..Z..4v9a.!
0030: 82 A1 C5 27 D8 B7 B3 1B   6C 95 3B 01 6C C3 15 0F  ...&apos;....l.;.l...
0040: B4 4D 50 E3 8F E9 CC 96   CC FF 95 2B 61 7C 30 D4  .MP........+a.0.
0050: B1 00 0F 9E 4C 1B F8 08   DC 4C 30 CC 0E CB FC 92  ....L....L0.....
0060: B3 C5 D5 F5 01 84 33 40   CA 42 B1 A3 2C 88 89 B9  ......3@.B..,...
0070: 04 90 F3 2C C5 FA E4 A2   DC 16 17 4A 02 A7 ED 94  ...,.......J....

]
abr 28, 2022 4:58:07 PM com.sun.enterprise.security.ssl.impl.SecuritySupportImpl checkCertificateDates
GRAVE: The SSL certificate has expired: [
[
  Version: V3
  Subject: CN=localhost, OU=GlassFish, O=Sun Microsystems, L=Santa Clara, ST=California, C=US
  Signature Algorithm: SHA1withRSA, OID = 1.2.840.113549.1.1.5

  Key:  Sun RSA public key, 1024 bits
  modulus: 145607243452859689580129548866124791697266876389020072346169573106005067922351621693980274409566977123703120560397141987498630922827852965950283535196583826176478163336993643826795231487853960699742178569310586812871660687609669142799497192378661602695305819033929044820179434366507221428988785371476479913059
  public exponent: 65537
  Validity: [From: Tue Jul 07 10:27:35 CEST 2009,
               To: Fri Jul 05 10:27:35 CEST 2019]
  Issuer: CN=localhost, OU=GlassFish, O=Sun Microsystems, L=Santa Clara, ST=California, C=US
  SerialNumber: [    4a5306f7]

Certificate Extensions: 1
[1]: ObjectId: 2.5.29.14 Criticality=false
SubjectKeyIdentifier [
KeyIdentifier [
0000: 8F FB 7A 0A BF 38 54 A6   0D 9D CC 28 F8 7A B2 25  ..z..8T....(.z.%
0010: F2 F8 A1 99                                        ....
]
]

]
  Algorithm: [SHA1withRSA]
  Signature:
0000: 7A 53 96 EE 26 C0 6C 06   A5 68 45 43 49 A8 21 B7  zS..&amp;.l..hECI.!.
0010: 03 E3 3C 22 97 76 B0 EC   0C F1 11 C9 D7 67 20 CA  ..&lt;&quot;.v.......g .
0020: E5 0E 29 F8 64 FA C5 5A   FA D9 34 76 39 61 C4 21  ..).d..Z..4v9a.!
0030: 82 A1 C5 27 D8 B7 B3 1B   6C 95 3B 01 6C C3 15 0F  ...&apos;....l.;.l...
0040: B4 4D 50 E3 8F E9 CC 96   CC FF 95 2B 61 7C 30 D4  .MP........+a.0.
0050: B1 00 0F 9E 4C 1B F8 08   DC 4C 30 CC 0E CB FC 92  ....L....L0.....
0060: B3 C5 D5 F5 01 84 33 40   CA 42 B1 A3 2C 88 89 B9  ......3@.B..,...
0070: 04 90 F3 2C C5 FA E4 A2   DC 16 17 4A 02 A7 ED 94  ...,.......J....

]
abr 28, 2022 4:58:07 PM com.sun.enterprise.v3.server.AppServerStartup postStartupJob
INFORMACIÓN: Undefined Product Name - define product and version info in config/branding  0.0.0  (0) startup time : Embedded (1.297ms), startup services(2.972ms), total(4.269ms)
abr 28, 2022 4:58:07 PM com.sun.jts.CosTransactions.DefaultTransactionService setServerName
INFORMACIÓN: JTS5014: Recoverable JTS instance, serverId = [100]
abr 28, 2022 4:58:08 PM org.glassfish.admin.mbeanserver.JMXStartupService$JMXConnectorsStarterThread run
INFORMACIÓN: JMXStartupService has disabled JMXConnector system
abr 28, 2022 4:58:08 PM com.sun.enterprise.connectors.jms.util.JmsRaUtil getInstalledMqVersion
ADVERTENCIA: Check for a new version of MQ installation failed : C:\Users\ADRIN~1\AppData\Local\Temp\gfembed3147602532104233148tmp\lib\install\applications\jmsra\..\imqjmsra.rar (El sistema no puede encontrar el archivo especificado):C:\Users\ADRIN~1\AppData\Local\Temp\gfembed3147602532104233148tmp\lib\install\applications\jmsra\imqjmsra.rar
abr 28, 2022 4:58:09 PM org.glassfish.ejb.embedded.EJBContainerProviderImpl skipJar
INFORMACIÓN: ... skipping entry with a Manifest file with a special attribute: glassfish-embedded-all-5.1.0.jar
abr 28, 2022 4:58:09 PM org.glassfish.deployment.common.GenericAnnotationDetector scanArchive
ADVERTENCIA: NCLS-DEPLOYMENT-00009
abr 28, 2022 4:58:09 PM org.glassfish.ejb.embedded.DeploymentElement getOrCreateApplication
INFORMACIÓN: [DeploymentElement] adding EJB module to ScatteredArchive classes
abr 28, 2022 4:58:09 PM org.glassfish.ejb.embedded.DeploymentElement getOrCreateApplication
INFORMACIÓN: [DeploymentElement] adding library to ScatteredArchive classes
abr 28, 2022 4:58:09 PM org.glassfish.ejb.embedded.DeploymentElement getOrCreateApplication
INFORMACIÓN: [DeploymentElement] adding library to ScatteredArchive test-classes
abr 28, 2022 4:58:09 PM org.glassfish.ejb.embedded.DeploymentElement getOrCreateApplication
INFORMACIÓN: [DeploymentElement] adding library to ScatteredArchive ojdbc8-21.5.0.0.jar
abr 28, 2022 4:58:09 PM org.glassfish.ejb.embedded.DeploymentElement getOrCreateApplication
INFORMACIÓN: [DeploymentElement] adding library to ScatteredArchive jakarta.persistence-2.2.3.jar
abr 28, 2022 4:58:09 PM org.glassfish.ejb.embedded.DeploymentElement getOrCreateApplication
INFORMACIÓN: [DeploymentElement] adding library to ScatteredArchive tools.jar
abr 28, 2022 4:58:09 PM org.glassfish.ejb.embedded.DeploymentElement getOrCreateApplication
INFORMACIÓN: [DeploymentElement] adding library to ScatteredArchive eclipselink-2.7.6.jar
abr 28, 2022 4:58:09 PM org.glassfish.ejb.embedded.DeploymentElement getOrCreateApplication
INFORMACIÓN: [DeploymentElement] adding library to ScatteredArchive activation-1.1.jar
abr 28, 2022 4:58:09 PM org.glassfish.ejb.embedded.DeploymentElement getOrCreateApplication
INFORMACIÓN: [DeploymentElement] adding library to ScatteredArchive anotaciones-1.0.0.jar
abr 28, 2022 4:58:09 PM org.glassfish.ejb.embedded.DeploymentElement getOrCreateApplication
INFORMACIÓN: [DeploymentElement] adding library to ScatteredArchive commonj.sdo-2.1.1.jar
abr 28, 2022 4:58:09 PM org.glassfish.ejb.embedded.DeploymentElement getOrCreateApplication
INFORMACIÓN: [DeploymentElement] adding library to ScatteredArchive javax.mail-1.6.0.jar
abr 28, 2022 4:58:09 PM org.glassfish.ejb.embedded.DeploymentElement getOrCreateApplication
INFORMACIÓN: [DeploymentElement] adding library to ScatteredArchive hamcrest-core-1.3.jar
abr 28, 2022 4:58:09 PM org.glassfish.ejb.embedded.DeploymentElement getOrCreateApplication
INFORMACIÓN: [DeploymentElement] adding library to ScatteredArchive commons-csv-1.9.0.jar
abr 28, 2022 4:58:09 PM org.glassfish.ejb.embedded.DeploymentElement getOrCreateApplication
INFORMACIÓN: [DeploymentElement] adding library to ScatteredArchive junit-4.13.jar
abr 28, 2022 4:58:09 PM org.glassfish.ejb.embedded.DeploymentElement getOrCreateApplication
INFORMACIÓN: [DeploymentElement] adding library to ScatteredArchive javaee-api-8.0.jar
abr 28, 2022 4:58:09 PM org.glassfish.ejb.embedded.DeploymentElement getOrCreateApplication
INFORMACIÓN: [DeploymentElement] adding library to ScatteredArchive h2-1.4.200.jar
abr 28, 2022 4:58:09 PM org.glassfish.ejb.embedded.EJBContainerImpl deploy
INFORMACIÓN: [EJBContainerImpl] Deploying app: org.glassfish.embeddable.archive.ScatteredArchive@7712c315
abr 28, 2022 4:58:09 PM org.glassfish.ejb.embedded.EJBContainerImpl deploy
INFORMACIÓN: [EJBContainerImpl] GlassFish status: STARTED
abr 28, 2022 4:58:09 PM org.glassfish.ejb.embedded.EJBContainerImpl deploy
INFORMACIÓN: [EJBContainerImpl] Deploying as a ScatteredArchive
abr 28, 2022 4:58:56 PM org.glassfish.hk2.classmodel.reflect.Parser$5 on
GRAVE: Exception while visiting META-INF/versions/10/org/h2/util/NetUtils2.class of size 876
java.lang.IllegalArgumentException
	at org.glassfish.hk2.external.org.objectweb.asm.ClassReader.&lt;init&gt;(ClassReader.java:160)
	at org.glassfish.hk2.external.org.objectweb.asm.ClassReader.&lt;init&gt;(ClassReader.java:143)
	at org.glassfish.hk2.external.org.objectweb.asm.ClassReader.&lt;init&gt;(ClassReader.java:418)
	at org.glassfish.hk2.classmodel.reflect.Parser$5.on(Parser.java:335)
	at com.sun.enterprise.v3.server.ReadableArchiveScannerAdapter.handleEntry(ReadableArchiveScannerAdapter.java:141)
	at com.sun.enterprise.v3.server.ReadableArchiveScannerAdapter.onSelectedEntries(ReadableArchiveScannerAdapter.java:103)
	at org.glassfish.hk2.classmodel.reflect.Parser.doJob(Parser.java:321)
	at org.glassfish.hk2.classmodel.reflect.Parser.access$300(Parser.java:44)
	at org.glassfish.hk2.classmodel.reflect.Parser$3.call(Parser.java:280)
	at org.glassfish.hk2.classmodel.reflect.Parser$3.call(Parser.java:269)
	at java.util.concurrent.FutureTask.run(FutureTask.java:266)
	at java.util.concurrent.ThreadPoolExecutor.runWorker(ThreadPoolExecutor.java:1149)
	at java.util.concurrent.ThreadPoolExecutor$Worker.run(ThreadPoolExecutor.java:624)
	at java.lang.Thread.run(Thread.java:748)

abr 28, 2022 4:59:15 PM com.sun.enterprise.security.SecurityLifecycle &lt;init&gt;
INFORMACIÓN: Java security manager is disabled.
abr 28, 2022 4:59:15 PM com.sun.enterprise.security.SecurityLifecycle onInitialization
INFORMACIÓN: Entering Security Startup Service.
abr 28, 2022 4:59:15 PM com.sun.enterprise.security.PolicyLoader loadPolicy
INFORMACIÓN: Loading policy provider com.sun.enterprise.security.jacc.provider.SimplePolicyProvider.
abr 28, 2022 4:59:15 PM com.sun.enterprise.security.auth.realm.Realm doInstantiate
INFORMACIÓN: Realm [admin-realm] of classtype [com.sun.enterprise.security.auth.realm.file.FileRealm] successfully created.
abr 28, 2022 4:59:15 PM com.sun.enterprise.security.auth.realm.Realm doInstantiate
INFORMACIÓN: Realm [file] of classtype [com.sun.enterprise.security.auth.realm.file.FileRealm] successfully created.
abr 28, 2022 4:59:15 PM com.sun.enterprise.security.auth.realm.Realm doInstantiate
INFORMACIÓN: Realm [certificate] of classtype [com.sun.enterprise.security.auth.realm.certificate.CertificateRealm] successfully created.
abr 28, 2022 4:59:15 PM com.sun.enterprise.security.SecurityLifecycle onInitialization
INFORMACIÓN: Security Service(s) started successfully.
abr 28, 2022 4:59:34 PM org.eclipse.persistence.session./file:/C:/Users/ADRIN~1/AppData/Local/Temp/gfembed3147602532104233148tmp/applications/classes/_FintechEjb
INFORMACIÓN: EclipseLink, version: Eclipse Persistence Services - 2.7.6.v20200131-b7c997804f
abr 28, 2022 4:59:35 PM org.eclipse.persistence.session./file:/C:/Users/ADRIN~1/AppData/Local/Temp/gfembed3147602532104233148tmp/applications/classes/_FintechEjb.connection
INFORMACIÓN: /file:/C:/Users/ADRIN~1/AppData/Local/Temp/gfembed3147602532104233148tmp/applications/classes/_FintechEjb login successful
abr 28, 2022 4:59:36 PM com.sun.ejb.containers.BaseContainer initializeHome
INFORMACIÓN: Portable JNDI names for EJB EliminarAutorizados: [java:global/classes/EliminarAutorizados, java:global/classes/EliminarAutorizados!ma3s.fintech.ejb.GestionEliminarAutorizados]
abr 28, 2022 4:59:36 PM com.sun.ejb.containers.BaseContainer initializeHome
INFORMACIÓN: Portable JNDI names for EJB AperturaCuenta: [java:global/classes/AperturaCuenta!ma3s.fintech.ejb.GestionAperturaCuenta, java:global/classes/AperturaCuenta]
abr 28, 2022 4:59:36 PM com.sun.ejb.containers.BaseContainer initializeHome
INFORMACIÓN: Portable JNDI names for EJB ConcesionAutorizacion: [java:global/classes/ConcesionAutorizacion!ma3s.fintech.ejb.GestionConcesionAutorizacion, java:global/classes/ConcesionAutorizacion]
abr 28, 2022 4:59:36 PM com.sun.ejb.containers.BaseContainer initializeHome
INFORMACIÓN: Portable JNDI names for EJB AnadirAutorizados: [java:global/classes/AnadirAutorizados, java:global/classes/AnadirAutorizados!ma3s.fintech.ejb.GestionAnadirAutorizados]
abr 28, 2022 4:59:36 PM com.sun.ejb.containers.BaseContainer initializeHome
INFORMACIÓN: Portable JNDI names for EJB GeneracionInfHolanda: [java:global/classes/GeneracionInfHolanda!ma3s.fintech.ejb.GestionInfHolanda, java:global/classes/GeneracionInfHolanda]
abr 28, 2022 4:59:36 PM com.sun.ejb.containers.BaseContainer initializeHome
INFORMACIÓN: Portable JNDI names for EJB CierreCuenta: [java:global/classes/CierreCuenta, java:global/classes/CierreCuenta!ma3s.fintech.ejb.GestionCierreCuenta]
abr 28, 2022 4:59:36 PM com.sun.ejb.containers.BaseContainer initializeHome
INFORMACIÓN: Portable JNDI names for EJB ModificarCliente: [java:global/classes/ModificarCliente, java:global/classes/ModificarCliente!ma3s.fintech.ejb.GestionModificarCliente]
abr 28, 2022 4:59:36 PM com.sun.ejb.containers.BaseContainer initializeHome
INFORMACIÓN: Portable JNDI names for EJB ModificarPAutorizada: [java:global/classes/ModificarPAutorizada, java:global/classes/ModificarPAutorizada!ma3s.fintech.ejb.GestionModificarPAutorizada]
abr 28, 2022 4:59:36 PM com.sun.ejb.containers.BaseContainer initializeHome
INFORMACIÓN: Portable JNDI names for EJB AccesoAplicacion: [java:global/classes/AccesoAplicacion, java:global/classes/AccesoAplicacion!ma3s.fintech.ejb.GestionAccesoAplicacion]
abr 28, 2022 4:59:36 PM com.sun.ejb.containers.BaseContainer initializeHome
INFORMACIÓN: Portable JNDI names for EJB GenerarCSV: [java:global/classes/GenerarCSV, java:global/classes/GenerarCSV!ma3s.fintech.ejb.GestionGenerarCSV]
abr 28, 2022 4:59:36 PM com.sun.ejb.containers.BaseContainer initializeHome
INFORMACIÓN: Portable JNDI names for EJB AltaCliente: [java:global/classes/AltaCliente, java:global/classes/AltaCliente!ma3s.fintech.ejb.GestionAltaCliente]
abr 28, 2022 4:59:36 PM com.sun.ejb.containers.BaseContainer initializeHome
INFORMACIÓN: Portable JNDI names for EJB BajaCliente: [java:global/classes/BajaCliente!ma3s.fintech.ejb.GestionBajaCliente, java:global/classes/BajaCliente]
abr 28, 2022 4:59:36 PM com.sun.ejb.containers.BaseContainer initializeHome
INFORMACIÓN: Portable JNDI names for EJB Transferencias: [java:global/classes/Transferencias!ma3s.fintech.ejb.GestionTransferencia, java:global/classes/Transferencias]
abr 28, 2022 4:59:36 PM com.sun.ejb.containers.BaseContainer initializeHome
INFORMACIÓN: Portable JNDI names for EJB AccesoPersonal: [java:global/classes/AccesoPersonal, java:global/classes/AccesoPersonal!ma3s.fintech.ejb.GestionAccesoPersonal]
abr 28, 2022 4:59:36 PM org.jboss.weld.bootstrap.WeldStartup &lt;clinit&gt;
INFO: WELD-000900: 3.0.0 (Final)
abr 28, 2022 4:59:45 PM org.jboss.weld.event.ExtensionObserverMethodImpl checkRequiredTypeAnnotations
INFO: WELD-000411: Observer method [BackedAnnotatedMethod] public org.hibernate.validator.cdi.ValidationExtension.processAnnotatedType(@Observes ProcessAnnotatedType&lt;T&gt;) receives events for all annotated types. Consider restricting events using @WithAnnotations or a generic type with bounds.
abr 28, 2022 4:59:45 PM org.jboss.weld.event.ExtensionObserverMethodImpl checkRequiredTypeAnnotations
INFO: WELD-000411: Observer method [BackedAnnotatedMethod] private org.glassfish.jersey.ext.cdi1x.internal.CdiComponentProvider.processAnnotatedType(@Observes ProcessAnnotatedType) receives events for all annotated types. Consider restricting events using @WithAnnotations or a generic type with bounds.
abr 28, 2022 4:59:45 PM org.jboss.weld.event.ExtensionObserverMethodImpl checkRequiredTypeAnnotations
INFO: WELD-000411: Observer method [BackedAnnotatedMethod] public org.glassfish.jms.injection.JMSCDIExtension.processAnnotatedType(@Observes ProcessAnnotatedType&lt;T&gt;) receives events for all annotated types. Consider restricting events using @WithAnnotations or a generic type with bounds.
abr 28, 2022 4:59:45 PM org.jboss.weld.event.ExtensionObserverMethodImpl checkRequiredTypeAnnotations
INFO: WELD-000411: Observer method [BackedAnnotatedMethod] org.glassfish.sse.impl.ServerSentEventCdiExtension.processAnnotatedType(@Observes ProcessAnnotatedType&lt;T&gt;, BeanManager) receives events for all annotated types. Consider restricting events using @WithAnnotations or a generic type with bounds.
abr 28, 2022 4:59:45 PM org.jboss.weld.bootstrap.events.BeforeBeanDiscoveryImpl addAnnotatedType
WARN: WELD-000146: BeforeBeanDiscovery.addAnnotatedType(AnnotatedType&lt;?&gt;) used for class com.sun.faces.flow.FlowDiscoveryCDIHelper is deprecated from CDI 1.1!
abr 28, 2022 4:59:45 PM org.jboss.weld.bootstrap.events.BeforeBeanDiscoveryImpl addAnnotatedType
WARN: WELD-000146: BeforeBeanDiscovery.addAnnotatedType(AnnotatedType&lt;?&gt;) used for class org.glassfish.jersey.ext.cdi1x.transaction.internal.WebAppExceptionHolder is deprecated from CDI 1.1!
abr 28, 2022 4:59:45 PM org.jboss.weld.bootstrap.events.BeforeBeanDiscoveryImpl addAnnotatedType
WARN: WELD-000146: BeforeBeanDiscovery.addAnnotatedType(AnnotatedType&lt;?&gt;) used for class org.glassfish.jersey.ext.cdi1x.transaction.internal.WebAppExceptionInterceptor is deprecated from CDI 1.1!
abr 28, 2022 4:59:45 PM org.jboss.weld.bootstrap.events.BeforeBeanDiscoveryImpl addAnnotatedType
WARN: WELD-000146: BeforeBeanDiscovery.addAnnotatedType(AnnotatedType&lt;?&gt;) used for class org.glassfish.jersey.ext.cdi1x.transaction.internal.TransactionalExceptionMapper is deprecated from CDI 1.1!
abr 28, 2022 4:59:45 PM org.jboss.weld.bootstrap.events.BeforeBeanDiscoveryImpl addAnnotatedType
WARN: WELD-000146: BeforeBeanDiscovery.addAnnotatedType(AnnotatedType&lt;?&gt;) used for class org.glassfish.cdi.transaction.TransactionalInterceptorMandatory is deprecated from CDI 1.1!
abr 28, 2022 4:59:45 PM org.jboss.weld.bootstrap.events.BeforeBeanDiscoveryImpl addAnnotatedType
WARN: WELD-000146: BeforeBeanDiscovery.addAnnotatedType(AnnotatedType&lt;?&gt;) used for class org.glassfish.cdi.transaction.TransactionalInterceptorNever is deprecated from CDI 1.1!
abr 28, 2022 4:59:45 PM org.jboss.weld.bootstrap.events.BeforeBeanDiscoveryImpl addAnnotatedType
WARN: WELD-000146: BeforeBeanDiscovery.addAnnotatedType(AnnotatedType&lt;?&gt;) used for class org.glassfish.cdi.transaction.TransactionalInterceptorNotSupported is deprecated from CDI 1.1!
abr 28, 2022 4:59:45 PM org.jboss.weld.bootstrap.events.BeforeBeanDiscoveryImpl addAnnotatedType
WARN: WELD-000146: BeforeBeanDiscovery.addAnnotatedType(AnnotatedType&lt;?&gt;) used for class org.glassfish.cdi.transaction.TransactionalInterceptorRequired is deprecated from CDI 1.1!
abr 28, 2022 4:59:45 PM org.jboss.weld.bootstrap.events.BeforeBeanDiscoveryImpl addAnnotatedType
WARN: WELD-000146: BeforeBeanDiscovery.addAnnotatedType(AnnotatedType&lt;?&gt;) used for class org.glassfish.cdi.transaction.TransactionalInterceptorRequiresNew is deprecated from CDI 1.1!
abr 28, 2022 4:59:45 PM org.jboss.weld.bootstrap.events.BeforeBeanDiscoveryImpl addAnnotatedType
WARN: WELD-000146: BeforeBeanDiscovery.addAnnotatedType(AnnotatedType&lt;?&gt;) used for class org.glassfish.cdi.transaction.TransactionalInterceptorSupports is deprecated from CDI 1.1!
abr 28, 2022 4:59:45 PM org.jboss.weld.bootstrap.events.BeforeBeanDiscoveryImpl addAnnotatedType
WARN: WELD-000146: BeforeBeanDiscovery.addAnnotatedType(AnnotatedType&lt;?&gt;) used for class com.ibm.jbatch.container.cdi.BatchProducerBean is deprecated from CDI 1.1!
abr 28, 2022 4:59:45 PM org.jboss.weld.bootstrap.events.BeforeBeanDiscoveryImpl addAnnotatedType
WARN: WELD-000146: BeforeBeanDiscovery.addAnnotatedType(AnnotatedType&lt;?&gt;) used for class org.glassfish.jersey.ext.cdi1x.internal.CdiComponentProvider$JaxRsParamProducer is deprecated from CDI 1.1!
abr 28, 2022 4:59:45 PM org.jboss.weld.bootstrap.events.BeforeBeanDiscoveryImpl addAnnotatedType
WARN: WELD-000146: BeforeBeanDiscovery.addAnnotatedType(AnnotatedType&lt;?&gt;) used for class org.glassfish.jersey.ext.cdi1x.servlet.internal.CdiExternalRequestScope is deprecated from CDI 1.1!
abr 28, 2022 4:59:47 PM org.glassfish.deployment.admin.DeployCommand execute
INFORMACIÓN: classes was successfully deployed in 85.151 milliseconds.
</system-err>
  </testcase>
  <testcase classname="ma3s.fintech.test.Cuentas" name="testCierreUsuarioNoEncontrado" time="0.352">
    <failure message="Debe lanzar una excepcion UsuarioNoEncontrado" type="java.lang.AssertionError">java.lang.AssertionError: Debe lanzar una excepcion UsuarioNoEncontrado
	at org.junit.Assert.fail(Assert.java:89)
	at ma3s.fintech.test.Cuentas.testCierreUsuarioNoEncontrado(Cuentas.java:182)
	at sun.reflect.NativeMethodAccessorImpl.invoke0(Native Method)
	at sun.reflect.NativeMethodAccessorImpl.invoke(NativeMethodAccessorImpl.java:62)
	at sun.reflect.DelegatingMethodAccessorImpl.invoke(DelegatingMethodAccessorImpl.java:43)
	at java.lang.reflect.Method.invoke(Method.java:498)
	at org.junit.runners.model.FrameworkMethod$1.runReflectiveCall(FrameworkMethod.java:59)
	at org.junit.internal.runners.model.ReflectiveCallable.run(ReflectiveCallable.java:12)
	at org.junit.runners.model.FrameworkMethod.invokeExplosively(FrameworkMethod.java:56)
	at org.junit.internal.runners.statements.InvokeMethod.evaluate(InvokeMethod.java:17)
	at org.junit.internal.runners.statements.RunBefores.evaluate(RunBefores.java:26)
	at org.junit.runners.ParentRunner$3.evaluate(ParentRunner.java:306)
	at org.junit.runners.BlockJUnit4ClassRunner$1.evaluate(BlockJUnit4ClassRunner.java:100)
	at org.junit.runners.ParentRunner.runLeaf(ParentRunner.java:366)
	at org.junit.runners.BlockJUnit4ClassRunner.runChild(BlockJUnit4ClassRunner.java:103)
	at org.junit.runners.BlockJUnit4ClassRunner.runChild(BlockJUnit4ClassRunner.java:63)
	at org.junit.runners.ParentRunner$4.run(ParentRunner.java:331)
	at org.junit.runners.ParentRunner$1.schedule(ParentRunner.java:79)
	at org.junit.runners.ParentRunner.runChildren(ParentRunner.java:329)
	at org.junit.runners.ParentRunner.access$100(ParentRunner.java:66)
	at org.junit.runners.ParentRunner$2.evaluate(ParentRunner.java:293)
	at org.junit.runners.ParentRunner$3.evaluate(ParentRunner.java:306)
	at org.junit.runners.ParentRunner.run(ParentRunner.java:413)
	at org.junit.runners.Suite.runChild(Suite.java:128)
	at org.junit.runners.Suite.runChild(Suite.java:27)
	at org.junit.runners.ParentRunner$4.run(ParentRunner.java:331)
	at org.junit.runners.ParentRunner$1.schedule(ParentRunner.java:79)
	at org.junit.runners.ParentRunner.runChildren(ParentRunner.java:329)
	at org.junit.runners.ParentRunner.access$100(ParentRunner.java:66)
	at org.junit.runners.ParentRunner$2.evaluate(ParentRunner.java:293)
	at org.junit.internal.runners.statements.RunBefores.evaluate(RunBefores.java:26)
	at org.junit.internal.runners.statements.RunAfters.evaluate(RunAfters.java:27)
	at org.junit.runners.ParentRunner$3.evaluate(ParentRunner.java:306)
	at org.junit.runners.ParentRunner.run(ParentRunner.java:413)
	at org.apache.maven.surefire.junit4.JUnit4Provider.execute(JUnit4Provider.java:252)
	at org.apache.maven.surefire.junit4.JUnit4Provider.executeTestSet(JUnit4Provider.java:141)
	at org.apache.maven.surefire.junit4.JUnit4Provider.invoke(JUnit4Provider.java:112)
	at sun.reflect.NativeMethodAccessorImpl.invoke0(Native Method)
	at sun.reflect.NativeMethodAccessorImpl.invoke(NativeMethodAccessorImpl.java:62)
	at sun.reflect.DelegatingMethodAccessorImpl.invoke(DelegatingMethodAccessorImpl.java:43)
	at java.lang.reflect.Method.invoke(Method.java:498)
	at org.apache.maven.surefire.util.ReflectionUtils.invokeMethodWithArray(ReflectionUtils.java:189)
	at org.apache.maven.surefire.booter.ProviderFactory$ProviderProxy.invoke(ProviderFactory.java:165)
	at org.apache.maven.surefire.booter.ProviderFactory.invokeProvider(ProviderFactory.java:85)
	at org.apache.maven.surefire.booter.ForkedBooter.runSuitesInProcess(ForkedBooter.java:115)
	at org.apache.maven.surefire.booter.ForkedBooter.main(ForkedBooter.java:75)
</failure>
    <system-out>[EL Info]: 2022-04-28 16:59:48.074--ServerSession(722735399)--EclipseLink, version: Eclipse Persistence Services - 2.7.6.v20200131-b7c997804f
[EL Info]: connection: 2022-04-28 16:59:48.094--ServerSession(722735399)--/file:/C:/Users/Adrián/IdeaProjects/MA3S_Proyecto/fintech/fintech-ejb/target/test-classes/_FintechEjbTest login successful
[EL Info]: connection: 2022-04-28 16:59:48.293--ServerSession(722735399)--/file:/C:/Users/Adrián/IdeaProjects/MA3S_Proyecto/fintech/fintech-ejb/target/test-classes/_FintechEjbTest logout successful
</system-out>
  </testcase>
  <testcase classname="ma3s.fintech.test.Cuentas" name="testCierreCuentaUsuarioIncorrecto" time="0.608">
    <failure message="Debe lanzar una excepcion UsuarioIncorrecto" type="java.lang.AssertionError">java.lang.AssertionError: Debe lanzar una excepcion UsuarioIncorrecto
	at org.junit.Assert.fail(Assert.java:89)
	at ma3s.fintech.test.Cuentas.testCierreCuentaUsuarioIncorrecto(Cuentas.java:209)
	at sun.reflect.NativeMethodAccessorImpl.invoke0(Native Method)
	at sun.reflect.NativeMethodAccessorImpl.invoke(NativeMethodAccessorImpl.java:62)
	at sun.reflect.DelegatingMethodAccessorImpl.invoke(DelegatingMethodAccessorImpl.java:43)
	at java.lang.reflect.Method.invoke(Method.java:498)
	at org.junit.runners.model.FrameworkMethod$1.runReflectiveCall(FrameworkMethod.java:59)
	at org.junit.internal.runners.model.ReflectiveCallable.run(ReflectiveCallable.java:12)
	at org.junit.runners.model.FrameworkMethod.invokeExplosively(FrameworkMethod.java:56)
	at org.junit.internal.runners.statements.InvokeMethod.evaluate(InvokeMethod.java:17)
	at org.junit.internal.runners.statements.RunBefores.evaluate(RunBefores.java:26)
	at org.junit.runners.ParentRunner$3.evaluate(ParentRunner.java:306)
	at org.junit.runners.BlockJUnit4ClassRunner$1.evaluate(BlockJUnit4ClassRunner.java:100)
	at org.junit.runners.ParentRunner.runLeaf(ParentRunner.java:366)
	at org.junit.runners.BlockJUnit4ClassRunner.runChild(BlockJUnit4ClassRunner.java:103)
	at org.junit.runners.BlockJUnit4ClassRunner.runChild(BlockJUnit4ClassRunner.java:63)
	at org.junit.runners.ParentRunner$4.run(ParentRunner.java:331)
	at org.junit.runners.ParentRunner$1.schedule(ParentRunner.java:79)
	at org.junit.runners.ParentRunner.runChildren(ParentRunner.java:329)
	at org.junit.runners.ParentRunner.access$100(ParentRunner.java:66)
	at org.junit.runners.ParentRunner$2.evaluate(ParentRunner.java:293)
	at org.junit.runners.ParentRunner$3.evaluate(ParentRunner.java:306)
	at org.junit.runners.ParentRunner.run(ParentRunner.java:413)
	at org.junit.runners.Suite.runChild(Suite.java:128)
	at org.junit.runners.Suite.runChild(Suite.java:27)
	at org.junit.runners.ParentRunner$4.run(ParentRunner.java:331)
	at org.junit.runners.ParentRunner$1.schedule(ParentRunner.java:79)
	at org.junit.runners.ParentRunner.runChildren(ParentRunner.java:329)
	at org.junit.runners.ParentRunner.access$100(ParentRunner.java:66)
	at org.junit.runners.ParentRunner$2.evaluate(ParentRunner.java:293)
	at org.junit.internal.runners.statements.RunBefores.evaluate(RunBefores.java:26)
	at org.junit.internal.runners.statements.RunAfters.evaluate(RunAfters.java:27)
	at org.junit.runners.ParentRunner$3.evaluate(ParentRunner.java:306)
	at org.junit.runners.ParentRunner.run(ParentRunner.java:413)
	at org.apache.maven.surefire.junit4.JUnit4Provider.execute(JUnit4Provider.java:252)
	at org.apache.maven.surefire.junit4.JUnit4Provider.executeTestSet(JUnit4Provider.java:141)
	at org.apache.maven.surefire.junit4.JUnit4Provider.invoke(JUnit4Provider.java:112)
	at sun.reflect.NativeMethodAccessorImpl.invoke0(Native Method)
	at sun.reflect.NativeMethodAccessorImpl.invoke(NativeMethodAccessorImpl.java:62)
	at sun.reflect.DelegatingMethodAccessorImpl.invoke(DelegatingMethodAccessorImpl.java:43)
	at java.lang.reflect.Method.invoke(Method.java:498)
	at org.apache.maven.surefire.util.ReflectionUtils.invokeMethodWithArray(ReflectionUtils.java:189)
	at org.apache.maven.surefire.booter.ProviderFactory$ProviderProxy.invoke(ProviderFactory.java:165)
	at org.apache.maven.surefire.booter.ProviderFactory.invokeProvider(ProviderFactory.java:85)
	at org.apache.maven.surefire.booter.ForkedBooter.runSuitesInProcess(ForkedBooter.java:115)
	at org.apache.maven.surefire.booter.ForkedBooter.main(ForkedBooter.java:75)
</failure>
    <system-out>[EL Info]: 2022-04-28 16:59:48.405--ServerSession(817259365)--EclipseLink, version: Eclipse Persistence Services - 2.7.6.v20200131-b7c997804f
[EL Info]: connection: 2022-04-28 16:59:48.418--ServerSession(817259365)--/file:/C:/Users/Adrián/IdeaProjects/MA3S_Proyecto/fintech/fintech-ejb/target/test-classes/_FintechEjbTest login successful
[EL Info]: connection: 2022-04-28 16:59:48.903--ServerSession(817259365)--/file:/C:/Users/Adrián/IdeaProjects/MA3S_Proyecto/fintech/fintech-ejb/target/test-classes/_FintechEjbTest logout successful
</system-out>
  </testcase>
  <testcase classname="ma3s.fintech.test.Cuentas" name="testAperturaCuentaSegregadaOk" time="0.225"/>
  <testcase classname="ma3s.fintech.test.Cuentas" name="testAperturaCuentaSegregada" time="0.257"/>
  <testcase classname="ma3s.fintech.test.Cuentas" name="testAperturaCuentaPooled" time="0.237">
    <failure message="Debe lanzar una excepcion" type="java.lang.AssertionError">java.lang.AssertionError: Debe lanzar una excepcion
	at org.junit.Assert.fail(Assert.java:89)
	at ma3s.fintech.test.Cuentas.testAperturaCuentaPooled(Cuentas.java:44)
	at sun.reflect.NativeMethodAccessorImpl.invoke0(Native Method)
	at sun.reflect.NativeMethodAccessorImpl.invoke(NativeMethodAccessorImpl.java:62)
	at sun.reflect.DelegatingMethodAccessorImpl.invoke(DelegatingMethodAccessorImpl.java:43)
	at java.lang.reflect.Method.invoke(Method.java:498)
	at org.junit.runners.model.FrameworkMethod$1.runReflectiveCall(FrameworkMethod.java:59)
	at org.junit.internal.runners.model.ReflectiveCallable.run(ReflectiveCallable.java:12)
	at org.junit.runners.model.FrameworkMethod.invokeExplosively(FrameworkMethod.java:56)
	at org.junit.internal.runners.statements.InvokeMethod.evaluate(InvokeMethod.java:17)
	at org.junit.internal.runners.statements.RunBefores.evaluate(RunBefores.java:26)
	at org.junit.runners.ParentRunner$3.evaluate(ParentRunner.java:306)
	at org.junit.runners.BlockJUnit4ClassRunner$1.evaluate(BlockJUnit4ClassRunner.java:100)
	at org.junit.runners.ParentRunner.runLeaf(ParentRunner.java:366)
	at org.junit.runners.BlockJUnit4ClassRunner.runChild(BlockJUnit4ClassRunner.java:103)
	at org.junit.runners.BlockJUnit4ClassRunner.runChild(BlockJUnit4ClassRunner.java:63)
	at org.junit.runners.ParentRunner$4.run(ParentRunner.java:331)
	at org.junit.runners.ParentRunner$1.schedule(ParentRunner.java:79)
	at org.junit.runners.ParentRunner.runChildren(ParentRunner.java:329)
	at org.junit.runners.ParentRunner.access$100(ParentRunner.java:66)
	at org.junit.runners.ParentRunner$2.evaluate(ParentRunner.java:293)
	at org.junit.runners.ParentRunner$3.evaluate(ParentRunner.java:306)
	at org.junit.runners.ParentRunner.run(ParentRunner.java:413)
	at org.junit.runners.Suite.runChild(Suite.java:128)
	at org.junit.runners.Suite.runChild(Suite.java:27)
	at org.junit.runners.ParentRunner$4.run(ParentRunner.java:331)
	at org.junit.runners.ParentRunner$1.schedule(ParentRunner.java:79)
	at org.junit.runners.ParentRunner.runChildren(ParentRunner.java:329)
	at org.junit.runners.ParentRunner.access$100(ParentRunner.java:66)
	at org.junit.runners.ParentRunner$2.evaluate(ParentRunner.java:293)
	at org.junit.internal.runners.statements.RunBefores.evaluate(RunBefores.java:26)
	at org.junit.internal.runners.statements.RunAfters.evaluate(RunAfters.java:27)
	at org.junit.runners.ParentRunner$3.evaluate(ParentRunner.java:306)
	at org.junit.runners.ParentRunner.run(ParentRunner.java:413)
	at org.apache.maven.surefire.junit4.JUnit4Provider.execute(JUnit4Provider.java:252)
	at org.apache.maven.surefire.junit4.JUnit4Provider.executeTestSet(JUnit4Provider.java:141)
	at org.apache.maven.surefire.junit4.JUnit4Provider.invoke(JUnit4Provider.java:112)
	at sun.reflect.NativeMethodAccessorImpl.invoke0(Native Method)
	at sun.reflect.NativeMethodAccessorImpl.invoke(NativeMethodAccessorImpl.java:62)
	at sun.reflect.DelegatingMethodAccessorImpl.invoke(DelegatingMethodAccessorImpl.java:43)
	at java.lang.reflect.Method.invoke(Method.java:498)
	at org.apache.maven.surefire.util.ReflectionUtils.invokeMethodWithArray(ReflectionUtils.java:189)
	at org.apache.maven.surefire.booter.ProviderFactory$ProviderProxy.invoke(ProviderFactory.java:165)
	at org.apache.maven.surefire.booter.ProviderFactory.invokeProvider(ProviderFactory.java:85)
	at org.apache.maven.surefire.booter.ForkedBooter.runSuitesInProcess(ForkedBooter.java:115)
	at org.apache.maven.surefire.booter.ForkedBooter.main(ForkedBooter.java:75)
</failure>
    <system-out>[EL Info]: 2022-04-28 16:59:49.476--ServerSession(1180448750)--EclipseLink, version: Eclipse Persistence Services - 2.7.6.v20200131-b7c997804f
[EL Info]: connection: 2022-04-28 16:59:49.485--ServerSession(1180448750)--/file:/C:/Users/Adrián/IdeaProjects/MA3S_Proyecto/fintech/fintech-ejb/target/test-classes/_FintechEjbTest login successful
[EL Info]: connection: 2022-04-28 16:59:49.614--ServerSession(1180448750)--/file:/C:/Users/Adrián/IdeaProjects/MA3S_Proyecto/fintech/fintech-ejb/target/test-classes/_FintechEjbTest logout successful
</system-out>
  </testcase>
  <testcase classname="ma3s.fintech.test.Cuentas" name="testAperturaCuentaPooledOk" time="0.221"/>
  <testcase classname="ma3s.fintech.test.Cuentas" name="testCierreCuentaNoVacia" time="0.209">
    <failure message="Debe lanzar una excepcion CuentaNoVacia" type="java.lang.AssertionError">java.lang.AssertionError: Debe lanzar una excepcion CuentaNoVacia
	at org.junit.Assert.fail(Assert.java:89)
	at ma3s.fintech.test.Cuentas.testCierreCuentaNoVacia(Cuentas.java:155)
	at sun.reflect.NativeMethodAccessorImpl.invoke0(Native Method)
	at sun.reflect.NativeMethodAccessorImpl.invoke(NativeMethodAccessorImpl.java:62)
	at sun.reflect.DelegatingMethodAccessorImpl.invoke(DelegatingMethodAccessorImpl.java:43)
	at java.lang.reflect.Method.invoke(Method.java:498)
	at org.junit.runners.model.FrameworkMethod$1.runReflectiveCall(FrameworkMethod.java:59)
	at org.junit.internal.runners.model.ReflectiveCallable.run(ReflectiveCallable.java:12)
	at org.junit.runners.model.FrameworkMethod.invokeExplosively(FrameworkMethod.java:56)
	at org.junit.internal.runners.statements.InvokeMethod.evaluate(InvokeMethod.java:17)
	at org.junit.internal.runners.statements.RunBefores.evaluate(RunBefores.java:26)
	at org.junit.runners.ParentRunner$3.evaluate(ParentRunner.java:306)
	at org.junit.runners.BlockJUnit4ClassRunner$1.evaluate(BlockJUnit4ClassRunner.java:100)
	at org.junit.runners.ParentRunner.runLeaf(ParentRunner.java:366)
	at org.junit.runners.BlockJUnit4ClassRunner.runChild(BlockJUnit4ClassRunner.java:103)
	at org.junit.runners.BlockJUnit4ClassRunner.runChild(BlockJUnit4ClassRunner.java:63)
	at org.junit.runners.ParentRunner$4.run(ParentRunner.java:331)
	at org.junit.runners.ParentRunner$1.schedule(ParentRunner.java:79)
	at org.junit.runners.ParentRunner.runChildren(ParentRunner.java:329)
	at org.junit.runners.ParentRunner.access$100(ParentRunner.java:66)
	at org.junit.runners.ParentRunner$2.evaluate(ParentRunner.java:293)
	at org.junit.runners.ParentRunner$3.evaluate(ParentRunner.java:306)
	at org.junit.runners.ParentRunner.run(ParentRunner.java:413)
	at org.junit.runners.Suite.runChild(Suite.java:128)
	at org.junit.runners.Suite.runChild(Suite.java:27)
	at org.junit.runners.ParentRunner$4.run(ParentRunner.java:331)
	at org.junit.runners.ParentRunner$1.schedule(ParentRunner.java:79)
	at org.junit.runners.ParentRunner.runChildren(ParentRunner.java:329)
	at org.junit.runners.ParentRunner.access$100(ParentRunner.java:66)
	at org.junit.runners.ParentRunner$2.evaluate(ParentRunner.java:293)
	at org.junit.internal.runners.statements.RunBefores.evaluate(RunBefores.java:26)
	at org.junit.internal.runners.statements.RunAfters.evaluate(RunAfters.java:27)
	at org.junit.runners.ParentRunner$3.evaluate(ParentRunner.java:306)
	at org.junit.runners.ParentRunner.run(ParentRunner.java:413)
	at org.apache.maven.surefire.junit4.JUnit4Provider.execute(JUnit4Provider.java:252)
	at org.apache.maven.surefire.junit4.JUnit4Provider.executeTestSet(JUnit4Provider.java:141)
	at org.apache.maven.surefire.junit4.JUnit4Provider.invoke(JUnit4Provider.java:112)
	at sun.reflect.NativeMethodAccessorImpl.invoke0(Native Method)
	at sun.reflect.NativeMethodAccessorImpl.invoke(NativeMethodAccessorImpl.java:62)
	at sun.reflect.DelegatingMethodAccessorImpl.invoke(DelegatingMethodAccessorImpl.java:43)
	at java.lang.reflect.Method.invoke(Method.java:498)
	at org.apache.maven.surefire.util.ReflectionUtils.invokeMethodWithArray(ReflectionUtils.java:189)
	at org.apache.maven.surefire.booter.ProviderFactory$ProviderProxy.invoke(ProviderFactory.java:165)
	at org.apache.maven.surefire.booter.ProviderFactory.invokeProvider(ProviderFactory.java:85)
	at org.apache.maven.surefire.booter.ForkedBooter.runSuitesInProcess(ForkedBooter.java:115)
	at org.apache.maven.surefire.booter.ForkedBooter.main(ForkedBooter.java:75)
</failure>
    <system-out>[EL Info]: 2022-04-28 16:59:49.928--ServerSession(869895230)--EclipseLink, version: Eclipse Persistence Services - 2.7.6.v20200131-b7c997804f
[EL Info]: connection: 2022-04-28 16:59:49.936--ServerSession(869895230)--/file:/C:/Users/Adrián/IdeaProjects/MA3S_Proyecto/fintech/fintech-ejb/target/test-classes/_FintechEjbTest login successful
[EL Info]: connection: 2022-04-28 16:59:50.049--ServerSession(869895230)--/file:/C:/Users/Adrián/IdeaProjects/MA3S_Proyecto/fintech/fintech-ejb/target/test-classes/_FintechEjbTest logout successful
</system-out>
  </testcase>
  <testcase classname="ma3s.fintech.test.Cuentas" name="testCierreCuentaNoExistente" time="0.247"/>
  <testcase classname="ma3s.fintech.test.Transacciones" name="TestTransferenciaClienteConCamposVacio" time="0.232"/>
  <testcase classname="ma3s.fintech.test.Transacciones" name="TestTransferenciaPAutorizadaErrorCuentaOrigen" time="0.221"/>
  <testcase classname="ma3s.fintech.test.Transacciones" name="TestTransferenciaClientePorUsuarioNoExistente" time="0.232"/>
  <testcase classname="ma3s.fintech.test.Usuarios" name="testAutorizarLecturaOk" time="0.236">
    <failure message="No debe lanzar una excepcion" type="java.lang.AssertionError">java.lang.AssertionError: No debe lanzar una excepcion
	at org.junit.Assert.fail(Assert.java:89)
	at ma3s.fintech.test.Usuarios.testAutorizarLecturaOk(Usuarios.java:84)
	at sun.reflect.NativeMethodAccessorImpl.invoke0(Native Method)
	at sun.reflect.NativeMethodAccessorImpl.invoke(NativeMethodAccessorImpl.java:62)
	at sun.reflect.DelegatingMethodAccessorImpl.invoke(DelegatingMethodAccessorImpl.java:43)
	at java.lang.reflect.Method.invoke(Method.java:498)
	at org.junit.runners.model.FrameworkMethod$1.runReflectiveCall(FrameworkMethod.java:59)
	at org.junit.internal.runners.model.ReflectiveCallable.run(ReflectiveCallable.java:12)
	at org.junit.runners.model.FrameworkMethod.invokeExplosively(FrameworkMethod.java:56)
	at org.junit.internal.runners.statements.InvokeMethod.evaluate(InvokeMethod.java:17)
	at org.junit.internal.runners.statements.RunBefores.evaluate(RunBefores.java:26)
	at org.junit.runners.ParentRunner$3.evaluate(ParentRunner.java:306)
	at org.junit.runners.BlockJUnit4ClassRunner$1.evaluate(BlockJUnit4ClassRunner.java:100)
	at org.junit.runners.ParentRunner.runLeaf(ParentRunner.java:366)
	at org.junit.runners.BlockJUnit4ClassRunner.runChild(BlockJUnit4ClassRunner.java:103)
	at org.junit.runners.BlockJUnit4ClassRunner.runChild(BlockJUnit4ClassRunner.java:63)
	at org.junit.runners.ParentRunner$4.run(ParentRunner.java:331)
	at org.junit.runners.ParentRunner$1.schedule(ParentRunner.java:79)
	at org.junit.runners.ParentRunner.runChildren(ParentRunner.java:329)
	at org.junit.runners.ParentRunner.access$100(ParentRunner.java:66)
	at org.junit.runners.ParentRunner$2.evaluate(ParentRunner.java:293)
	at org.junit.runners.ParentRunner$3.evaluate(ParentRunner.java:306)
	at org.junit.runners.ParentRunner.run(ParentRunner.java:413)
	at org.junit.runners.Suite.runChild(Suite.java:128)
	at org.junit.runners.Suite.runChild(Suite.java:27)
	at org.junit.runners.ParentRunner$4.run(ParentRunner.java:331)
	at org.junit.runners.ParentRunner$1.schedule(ParentRunner.java:79)
	at org.junit.runners.ParentRunner.runChildren(ParentRunner.java:329)
	at org.junit.runners.ParentRunner.access$100(ParentRunner.java:66)
	at org.junit.runners.ParentRunner$2.evaluate(ParentRunner.java:293)
	at org.junit.internal.runners.statements.RunBefores.evaluate(RunBefores.java:26)
	at org.junit.internal.runners.statements.RunAfters.evaluate(RunAfters.java:27)
	at org.junit.runners.ParentRunner$3.evaluate(ParentRunner.java:306)
	at org.junit.runners.ParentRunner.run(ParentRunner.java:413)
	at org.apache.maven.surefire.junit4.JUnit4Provider.execute(JUnit4Provider.java:252)
	at org.apache.maven.surefire.junit4.JUnit4Provider.executeTestSet(JUnit4Provider.java:141)
	at org.apache.maven.surefire.junit4.JUnit4Provider.invoke(JUnit4Provider.java:112)
	at sun.reflect.NativeMethodAccessorImpl.invoke0(Native Method)
	at sun.reflect.NativeMethodAccessorImpl.invoke(NativeMethodAccessorImpl.java:62)
	at sun.reflect.DelegatingMethodAccessorImpl.invoke(DelegatingMethodAccessorImpl.java:43)
	at java.lang.reflect.Method.invoke(Method.java:498)
	at org.apache.maven.surefire.util.ReflectionUtils.invokeMethodWithArray(ReflectionUtils.java:189)
	at org.apache.maven.surefire.booter.ProviderFactory$ProviderProxy.invoke(ProviderFactory.java:165)
	at org.apache.maven.surefire.booter.ProviderFactory.invokeProvider(ProviderFactory.java:85)
	at org.apache.maven.surefire.booter.ForkedBooter.runSuitesInProcess(ForkedBooter.java:115)
	at org.apache.maven.surefire.booter.ForkedBooter.main(ForkedBooter.java:75)
</failure>
    <system-out>[EL Info]: 2022-04-28 16:59:51.101--ServerSession(868473561)--EclipseLink, version: Eclipse Persistence Services - 2.7.6.v20200131-b7c997804f
[EL Info]: connection: 2022-04-28 16:59:51.112--ServerSession(868473561)--/file:/C:/Users/Adrián/IdeaProjects/MA3S_Proyecto/fintech/fintech-ejb/target/test-classes/_FintechEjbTest login successful
[EL Info]: connection: 2022-04-28 16:59:51.221--ServerSession(868473561)--/file:/C:/Users/Adrián/IdeaProjects/MA3S_Proyecto/fintech/fintech-ejb/target/test-classes/_FintechEjbTest logout successful
</system-out>
  </testcase>
  <testcase classname="ma3s.fintech.test.Usuarios" name="testAutorizarOperacioOk" time="0.182">
    <failure message="No debe lanzar una excepcion" type="java.lang.AssertionError">java.lang.AssertionError: No debe lanzar una excepcion
	at org.junit.Assert.fail(Assert.java:89)
	at ma3s.fintech.test.Usuarios.testAutorizarOperacioOk(Usuarios.java:102)
	at sun.reflect.NativeMethodAccessorImpl.invoke0(Native Method)
	at sun.reflect.NativeMethodAccessorImpl.invoke(NativeMethodAccessorImpl.java:62)
	at sun.reflect.DelegatingMethodAccessorImpl.invoke(DelegatingMethodAccessorImpl.java:43)
	at java.lang.reflect.Method.invoke(Method.java:498)
	at org.junit.runners.model.FrameworkMethod$1.runReflectiveCall(FrameworkMethod.java:59)
	at org.junit.internal.runners.model.ReflectiveCallable.run(ReflectiveCallable.java:12)
	at org.junit.runners.model.FrameworkMethod.invokeExplosively(FrameworkMethod.java:56)
	at org.junit.internal.runners.statements.InvokeMethod.evaluate(InvokeMethod.java:17)
	at org.junit.internal.runners.statements.RunBefores.evaluate(RunBefores.java:26)
	at org.junit.runners.ParentRunner$3.evaluate(ParentRunner.java:306)
	at org.junit.runners.BlockJUnit4ClassRunner$1.evaluate(BlockJUnit4ClassRunner.java:100)
	at org.junit.runners.ParentRunner.runLeaf(ParentRunner.java:366)
	at org.junit.runners.BlockJUnit4ClassRunner.runChild(BlockJUnit4ClassRunner.java:103)
	at org.junit.runners.BlockJUnit4ClassRunner.runChild(BlockJUnit4ClassRunner.java:63)
	at org.junit.runners.ParentRunner$4.run(ParentRunner.java:331)
	at org.junit.runners.ParentRunner$1.schedule(ParentRunner.java:79)
	at org.junit.runners.ParentRunner.runChildren(ParentRunner.java:329)
	at org.junit.runners.ParentRunner.access$100(ParentRunner.java:66)
	at org.junit.runners.ParentRunner$2.evaluate(ParentRunner.java:293)
	at org.junit.runners.ParentRunner$3.evaluate(ParentRunner.java:306)
	at org.junit.runners.ParentRunner.run(ParentRunner.java:413)
	at org.junit.runners.Suite.runChild(Suite.java:128)
	at org.junit.runners.Suite.runChild(Suite.java:27)
	at org.junit.runners.ParentRunner$4.run(ParentRunner.java:331)
	at org.junit.runners.ParentRunner$1.schedule(ParentRunner.java:79)
	at org.junit.runners.ParentRunner.runChildren(ParentRunner.java:329)
	at org.junit.runners.ParentRunner.access$100(ParentRunner.java:66)
	at org.junit.runners.ParentRunner$2.evaluate(ParentRunner.java:293)
	at org.junit.internal.runners.statements.RunBefores.evaluate(RunBefores.java:26)
	at org.junit.internal.runners.statements.RunAfters.evaluate(RunAfters.java:27)
	at org.junit.runners.ParentRunner$3.evaluate(ParentRunner.java:306)
	at org.junit.runners.ParentRunner.run(ParentRunner.java:413)
	at org.apache.maven.surefire.junit4.JUnit4Provider.execute(JUnit4Provider.java:252)
	at org.apache.maven.surefire.junit4.JUnit4Provider.executeTestSet(JUnit4Provider.java:141)
	at org.apache.maven.surefire.junit4.JUnit4Provider.invoke(JUnit4Provider.java:112)
	at sun.reflect.NativeMethodAccessorImpl.invoke0(Native Method)
	at sun.reflect.NativeMethodAccessorImpl.invoke(NativeMethodAccessorImpl.java:62)
	at sun.reflect.DelegatingMethodAccessorImpl.invoke(DelegatingMethodAccessorImpl.java:43)
	at java.lang.reflect.Method.invoke(Method.java:498)
	at org.apache.maven.surefire.util.ReflectionUtils.invokeMethodWithArray(ReflectionUtils.java:189)
	at org.apache.maven.surefire.booter.ProviderFactory$ProviderProxy.invoke(ProviderFactory.java:165)
	at org.apache.maven.surefire.booter.ProviderFactory.invokeProvider(ProviderFactory.java:85)
	at org.apache.maven.surefire.booter.ForkedBooter.runSuitesInProcess(ForkedBooter.java:115)
	at org.apache.maven.surefire.booter.ForkedBooter.main(ForkedBooter.java:75)
</failure>
    <system-out>[EL Info]: 2022-04-28 16:59:51.326--ServerSession(1971814218)--EclipseLink, version: Eclipse Persistence Services - 2.7.6.v20200131-b7c997804f
[EL Info]: connection: 2022-04-28 16:59:51.335--ServerSession(1971814218)--/file:/C:/Users/Adrián/IdeaProjects/MA3S_Proyecto/fintech/fintech-ejb/target/test-classes/_FintechEjbTest login successful
[EL Info]: connection: 2022-04-28 16:59:51.413--ServerSession(1971814218)--/file:/C:/Users/Adrián/IdeaProjects/MA3S_Proyecto/fintech/fintech-ejb/target/test-classes/_FintechEjbTest logout successful
</system-out>
  </testcase>
  <testcase classname="ma3s.fintech.test.Usuarios" name="testAccederAplicacion" time="0.189">
    <failure message="No Debe lanzar una excepcion " type="java.lang.AssertionError">java.lang.AssertionError: No Debe lanzar una excepcion 
	at org.junit.Assert.fail(Assert.java:89)
	at ma3s.fintech.test.Usuarios.testAccederAplicacion(Usuarios.java:119)
	at sun.reflect.NativeMethodAccessorImpl.invoke0(Native Method)
	at sun.reflect.NativeMethodAccessorImpl.invoke(NativeMethodAccessorImpl.java:62)
	at sun.reflect.DelegatingMethodAccessorImpl.invoke(DelegatingMethodAccessorImpl.java:43)
	at java.lang.reflect.Method.invoke(Method.java:498)
	at org.junit.runners.model.FrameworkMethod$1.runReflectiveCall(FrameworkMethod.java:59)
	at org.junit.internal.runners.model.ReflectiveCallable.run(ReflectiveCallable.java:12)
	at org.junit.runners.model.FrameworkMethod.invokeExplosively(FrameworkMethod.java:56)
	at org.junit.internal.runners.statements.InvokeMethod.evaluate(InvokeMethod.java:17)
	at org.junit.internal.runners.statements.RunBefores.evaluate(RunBefores.java:26)
	at org.junit.runners.ParentRunner$3.evaluate(ParentRunner.java:306)
	at org.junit.runners.BlockJUnit4ClassRunner$1.evaluate(BlockJUnit4ClassRunner.java:100)
	at org.junit.runners.ParentRunner.runLeaf(ParentRunner.java:366)
	at org.junit.runners.BlockJUnit4ClassRunner.runChild(BlockJUnit4ClassRunner.java:103)
	at org.junit.runners.BlockJUnit4ClassRunner.runChild(BlockJUnit4ClassRunner.java:63)
	at org.junit.runners.ParentRunner$4.run(ParentRunner.java:331)
	at org.junit.runners.ParentRunner$1.schedule(ParentRunner.java:79)
	at org.junit.runners.ParentRunner.runChildren(ParentRunner.java:329)
	at org.junit.runners.ParentRunner.access$100(ParentRunner.java:66)
	at org.junit.runners.ParentRunner$2.evaluate(ParentRunner.java:293)
	at org.junit.runners.ParentRunner$3.evaluate(ParentRunner.java:306)
	at org.junit.runners.ParentRunner.run(ParentRunner.java:413)
	at org.junit.runners.Suite.runChild(Suite.java:128)
	at org.junit.runners.Suite.runChild(Suite.java:27)
	at org.junit.runners.ParentRunner$4.run(ParentRunner.java:331)
	at org.junit.runners.ParentRunner$1.schedule(ParentRunner.java:79)
	at org.junit.runners.ParentRunner.runChildren(ParentRunner.java:329)
	at org.junit.runners.ParentRunner.access$100(ParentRunner.java:66)
	at org.junit.runners.ParentRunner$2.evaluate(ParentRunner.java:293)
	at org.junit.internal.runners.statements.RunBefores.evaluate(RunBefores.java:26)
	at org.junit.internal.runners.statements.RunAfters.evaluate(RunAfters.java:27)
	at org.junit.runners.ParentRunner$3.evaluate(ParentRunner.java:306)
	at org.junit.runners.ParentRunner.run(ParentRunner.java:413)
	at org.apache.maven.surefire.junit4.JUnit4Provider.execute(JUnit4Provider.java:252)
	at org.apache.maven.surefire.junit4.JUnit4Provider.executeTestSet(JUnit4Provider.java:141)
	at org.apache.maven.surefire.junit4.JUnit4Provider.invoke(JUnit4Provider.java:112)
	at sun.reflect.NativeMethodAccessorImpl.invoke0(Native Method)
	at sun.reflect.NativeMethodAccessorImpl.invoke(NativeMethodAccessorImpl.java:62)
	at sun.reflect.DelegatingMethodAccessorImpl.invoke(DelegatingMethodAccessorImpl.java:43)
	at java.lang.reflect.Method.invoke(Method.java:498)
	at org.apache.maven.surefire.util.ReflectionUtils.invokeMethodWithArray(ReflectionUtils.java:189)
	at org.apache.maven.surefire.booter.ProviderFactory$ProviderProxy.invoke(ProviderFactory.java:165)
	at org.apache.maven.surefire.booter.ProviderFactory.invokeProvider(ProviderFactory.java:85)
	at org.apache.maven.surefire.booter.ForkedBooter.runSuitesInProcess(ForkedBooter.java:115)
	at org.apache.maven.surefire.booter.ForkedBooter.main(ForkedBooter.java:75)
</failure>
    <system-out>[EL Info]: 2022-04-28 16:59:51.49--ServerSession(1364999142)--EclipseLink, version: Eclipse Persistence Services - 2.7.6.v20200131-b7c997804f
[EL Info]: connection: 2022-04-28 16:59:51.502--ServerSession(1364999142)--/file:/C:/Users/Adrián/IdeaProjects/MA3S_Proyecto/fintech/fintech-ejb/target/test-classes/_FintechEjbTest login successful
[EL Info]: connection: 2022-04-28 16:59:51.593--ServerSession(1364999142)--/file:/C:/Users/Adrián/IdeaProjects/MA3S_Proyecto/fintech/fintech-ejb/target/test-classes/_FintechEjbTest logout successful
</system-out>
  </testcase>
  <testcase classname="ma3s.fintech.test.Usuarios" name="testAutorizarLectura" time="0.171"/>
  <testcase classname="ma3s.fintech.test.Usuarios" name="testAccederAplicacionErrorPersona" time="0.16">
    <failure message="Debe lanzar una excepcion PersonaNoExisteException" type="java.lang.AssertionError">java.lang.AssertionError: Debe lanzar una excepcion PersonaNoExisteException
	at org.junit.Assert.fail(Assert.java:89)
	at ma3s.fintech.test.Usuarios.testAccederAplicacionErrorPersona(Usuarios.java:151)
	at sun.reflect.NativeMethodAccessorImpl.invoke0(Native Method)
	at sun.reflect.NativeMethodAccessorImpl.invoke(NativeMethodAccessorImpl.java:62)
	at sun.reflect.DelegatingMethodAccessorImpl.invoke(DelegatingMethodAccessorImpl.java:43)
	at java.lang.reflect.Method.invoke(Method.java:498)
	at org.junit.runners.model.FrameworkMethod$1.runReflectiveCall(FrameworkMethod.java:59)
	at org.junit.internal.runners.model.ReflectiveCallable.run(ReflectiveCallable.java:12)
	at org.junit.runners.model.FrameworkMethod.invokeExplosively(FrameworkMethod.java:56)
	at org.junit.internal.runners.statements.InvokeMethod.evaluate(InvokeMethod.java:17)
	at org.junit.internal.runners.statements.RunBefores.evaluate(RunBefores.java:26)
	at org.junit.runners.ParentRunner$3.evaluate(ParentRunner.java:306)
	at org.junit.runners.BlockJUnit4ClassRunner$1.evaluate(BlockJUnit4ClassRunner.java:100)
	at org.junit.runners.ParentRunner.runLeaf(ParentRunner.java:366)
	at org.junit.runners.BlockJUnit4ClassRunner.runChild(BlockJUnit4ClassRunner.java:103)
	at org.junit.runners.BlockJUnit4ClassRunner.runChild(BlockJUnit4ClassRunner.java:63)
	at org.junit.runners.ParentRunner$4.run(ParentRunner.java:331)
	at org.junit.runners.ParentRunner$1.schedule(ParentRunner.java:79)
	at org.junit.runners.ParentRunner.runChildren(ParentRunner.java:329)
	at org.junit.runners.ParentRunner.access$100(ParentRunner.java:66)
	at org.junit.runners.ParentRunner$2.evaluate(ParentRunner.java:293)
	at org.junit.runners.ParentRunner$3.evaluate(ParentRunner.java:306)
	at org.junit.runners.ParentRunner.run(ParentRunner.java:413)
	at org.junit.runners.Suite.runChild(Suite.java:128)
	at org.junit.runners.Suite.runChild(Suite.java:27)
	at org.junit.runners.ParentRunner$4.run(ParentRunner.java:331)
	at org.junit.runners.ParentRunner$1.schedule(ParentRunner.java:79)
	at org.junit.runners.ParentRunner.runChildren(ParentRunner.java:329)
	at org.junit.runners.ParentRunner.access$100(ParentRunner.java:66)
	at org.junit.runners.ParentRunner$2.evaluate(ParentRunner.java:293)
	at org.junit.internal.runners.statements.RunBefores.evaluate(RunBefores.java:26)
	at org.junit.internal.runners.statements.RunAfters.evaluate(RunAfters.java:27)
	at org.junit.runners.ParentRunner$3.evaluate(ParentRunner.java:306)
	at org.junit.runners.ParentRunner.run(ParentRunner.java:413)
	at org.apache.maven.surefire.junit4.JUnit4Provider.execute(JUnit4Provider.java:252)
	at org.apache.maven.surefire.junit4.JUnit4Provider.executeTestSet(JUnit4Provider.java:141)
	at org.apache.maven.surefire.junit4.JUnit4Provider.invoke(JUnit4Provider.java:112)
	at sun.reflect.NativeMethodAccessorImpl.invoke0(Native Method)
	at sun.reflect.NativeMethodAccessorImpl.invoke(NativeMethodAccessorImpl.java:62)
	at sun.reflect.DelegatingMethodAccessorImpl.invoke(DelegatingMethodAccessorImpl.java:43)
	at java.lang.reflect.Method.invoke(Method.java:498)
	at org.apache.maven.surefire.util.ReflectionUtils.invokeMethodWithArray(ReflectionUtils.java:189)
	at org.apache.maven.surefire.booter.ProviderFactory$ProviderProxy.invoke(ProviderFactory.java:165)
	at org.apache.maven.surefire.booter.ProviderFactory.invokeProvider(ProviderFactory.java:85)
	at org.apache.maven.surefire.booter.ForkedBooter.runSuitesInProcess(ForkedBooter.java:115)
	at org.apache.maven.surefire.booter.ForkedBooter.main(ForkedBooter.java:75)
</failure>
    <system-out>[EL Info]: 2022-04-28 16:59:51.848--ServerSession(1990117247)--EclipseLink, version: Eclipse Persistence Services - 2.7.6.v20200131-b7c997804f
[EL Info]: connection: 2022-04-28 16:59:51.854--ServerSession(1990117247)--/file:/C:/Users/Adrián/IdeaProjects/MA3S_Proyecto/fintech/fintech-ejb/target/test-classes/_FintechEjbTest login successful
[EL Info]: connection: 2022-04-28 16:59:51.934--ServerSession(1990117247)--/file:/C:/Users/Adrián/IdeaProjects/MA3S_Proyecto/fintech/fintech-ejb/target/test-classes/_FintechEjbTest logout successful
</system-out>
  </testcase>
  <testcase classname="ma3s.fintech.test.Usuarios" name="testAccederAplicacionErrorUsuario" time="0.167"/>
  <testcase classname="ma3s.fintech.test.Usuarios" name="testAutorizarOperacion" time="0.173"/>
  <testcase classname="ma3s.fintech.test.Reportes" name="testPAutoError" time="0.166"/>
  <testcase classname="ma3s.fintech.test.Reportes" name="testGestionInfNoValido" time="0.168"/>
  <testcase classname="ma3s.fintech.test.Reportes" name="testPAuto" time="0.141"/>
  <testcase classname="ma3s.fintech.test.Reportes" name="testGestionInfValido" time="0.141"/>
  <testcase classname="ma3s.fintech.test.Reportes" name="testGestionClienteApiError" time="0.17"/>
  <testcase classname="ma3s.fintech.test.Reportes" name="testGestionClienteApi" time="0.204"/>
  <testcase classname="ma3s.fintech.test.Clientes" name="testModCiudadEmpresaCampoVacio" time="0.176">
    <failure message="Debe lanzar la excepción de campo vacio" type="java.lang.AssertionError">java.lang.AssertionError: Debe lanzar la excepción de campo vacio
	at org.junit.Assert.fail(Assert.java:89)
	at ma3s.fintech.test.Clientes.testModCiudadEmpresaCampoVacio(Clientes.java:250)
	at sun.reflect.NativeMethodAccessorImpl.invoke0(Native Method)
	at sun.reflect.NativeMethodAccessorImpl.invoke(NativeMethodAccessorImpl.java:62)
	at sun.reflect.DelegatingMethodAccessorImpl.invoke(DelegatingMethodAccessorImpl.java:43)
	at java.lang.reflect.Method.invoke(Method.java:498)
	at org.junit.runners.model.FrameworkMethod$1.runReflectiveCall(FrameworkMethod.java:59)
	at org.junit.internal.runners.model.ReflectiveCallable.run(ReflectiveCallable.java:12)
	at org.junit.runners.model.FrameworkMethod.invokeExplosively(FrameworkMethod.java:56)
	at org.junit.internal.runners.statements.InvokeMethod.evaluate(InvokeMethod.java:17)
	at org.junit.internal.runners.statements.RunBefores.evaluate(RunBefores.java:26)
	at org.junit.runners.ParentRunner$3.evaluate(ParentRunner.java:306)
	at org.junit.runners.BlockJUnit4ClassRunner$1.evaluate(BlockJUnit4ClassRunner.java:100)
	at org.junit.runners.ParentRunner.runLeaf(ParentRunner.java:366)
	at org.junit.runners.BlockJUnit4ClassRunner.runChild(BlockJUnit4ClassRunner.java:103)
	at org.junit.runners.BlockJUnit4ClassRunner.runChild(BlockJUnit4ClassRunner.java:63)
	at org.junit.runners.ParentRunner$4.run(ParentRunner.java:331)
	at org.junit.runners.ParentRunner$1.schedule(ParentRunner.java:79)
	at org.junit.runners.ParentRunner.runChildren(ParentRunner.java:329)
	at org.junit.runners.ParentRunner.access$100(ParentRunner.java:66)
	at org.junit.runners.ParentRunner$2.evaluate(ParentRunner.java:293)
	at org.junit.runners.ParentRunner$3.evaluate(ParentRunner.java:306)
	at org.junit.runners.ParentRunner.run(ParentRunner.java:413)
	at org.junit.runners.Suite.runChild(Suite.java:128)
	at org.junit.runners.Suite.runChild(Suite.java:27)
	at org.junit.runners.ParentRunner$4.run(ParentRunner.java:331)
	at org.junit.runners.ParentRunner$1.schedule(ParentRunner.java:79)
	at org.junit.runners.ParentRunner.runChildren(ParentRunner.java:329)
	at org.junit.runners.ParentRunner.access$100(ParentRunner.java:66)
	at org.junit.runners.ParentRunner$2.evaluate(ParentRunner.java:293)
	at org.junit.internal.runners.statements.RunBefores.evaluate(RunBefores.java:26)
	at org.junit.internal.runners.statements.RunAfters.evaluate(RunAfters.java:27)
	at org.junit.runners.ParentRunner$3.evaluate(ParentRunner.java:306)
	at org.junit.runners.ParentRunner.run(ParentRunner.java:413)
	at org.apache.maven.surefire.junit4.JUnit4Provider.execute(JUnit4Provider.java:252)
	at org.apache.maven.surefire.junit4.JUnit4Provider.executeTestSet(JUnit4Provider.java:141)
	at org.apache.maven.surefire.junit4.JUnit4Provider.invoke(JUnit4Provider.java:112)
	at sun.reflect.NativeMethodAccessorImpl.invoke0(Native Method)
	at sun.reflect.NativeMethodAccessorImpl.invoke(NativeMethodAccessorImpl.java:62)
	at sun.reflect.DelegatingMethodAccessorImpl.invoke(DelegatingMethodAccessorImpl.java:43)
	at java.lang.reflect.Method.invoke(Method.java:498)
	at org.apache.maven.surefire.util.ReflectionUtils.invokeMethodWithArray(ReflectionUtils.java:189)
	at org.apache.maven.surefire.booter.ProviderFactory$ProviderProxy.invoke(ProviderFactory.java:165)
	at org.apache.maven.surefire.booter.ProviderFactory.invokeProvider(ProviderFactory.java:85)
	at org.apache.maven.surefire.booter.ForkedBooter.runSuitesInProcess(ForkedBooter.java:115)
	at org.apache.maven.surefire.booter.ForkedBooter.main(ForkedBooter.java:75)
</failure>
    <system-out>[EL Info]: 2022-04-28 16:59:53.352--ServerSession(194756558)--EclipseLink, version: Eclipse Persistence Services - 2.7.6.v20200131-b7c997804f
[EL Info]: connection: 2022-04-28 16:59:53.359--ServerSession(194756558)--/file:/C:/Users/Adrián/IdeaProjects/MA3S_Proyecto/fintech/fintech-ejb/target/test-classes/_FintechEjbTest login successful
[EL Info]: connection: 2022-04-28 16:59:53.435--ServerSession(194756558)--/file:/C:/Users/Adrián/IdeaProjects/MA3S_Proyecto/fintech/fintech-ejb/target/test-classes/_FintechEjbTest logout successful
</system-out>
  </testcase>
  <testcase classname="ma3s.fintech.test.Clientes" name="testDarAltaIndividualCampoVacio" time="0.195"/>
  <testcase classname="ma3s.fintech.test.Clientes" name="testModCodigoPostalIndividualCampoVacio" time="0.203">
    <failure message="Debe lanzar la excepción de campo vacio" type="java.lang.AssertionError">java.lang.AssertionError: Debe lanzar la excepción de campo vacio
	at org.junit.Assert.fail(Assert.java:89)
	at ma3s.fintech.test.Clientes.testModCodigoPostalIndividualCampoVacio(Clientes.java:480)
	at sun.reflect.NativeMethodAccessorImpl.invoke0(Native Method)
	at sun.reflect.NativeMethodAccessorImpl.invoke(NativeMethodAccessorImpl.java:62)
	at sun.reflect.DelegatingMethodAccessorImpl.invoke(DelegatingMethodAccessorImpl.java:43)
	at java.lang.reflect.Method.invoke(Method.java:498)
	at org.junit.runners.model.FrameworkMethod$1.runReflectiveCall(FrameworkMethod.java:59)
	at org.junit.internal.runners.model.ReflectiveCallable.run(ReflectiveCallable.java:12)
	at org.junit.runners.model.FrameworkMethod.invokeExplosively(FrameworkMethod.java:56)
	at org.junit.internal.runners.statements.InvokeMethod.evaluate(InvokeMethod.java:17)
	at org.junit.internal.runners.statements.RunBefores.evaluate(RunBefores.java:26)
	at org.junit.runners.ParentRunner$3.evaluate(ParentRunner.java:306)
	at org.junit.runners.BlockJUnit4ClassRunner$1.evaluate(BlockJUnit4ClassRunner.java:100)
	at org.junit.runners.ParentRunner.runLeaf(ParentRunner.java:366)
	at org.junit.runners.BlockJUnit4ClassRunner.runChild(BlockJUnit4ClassRunner.java:103)
	at org.junit.runners.BlockJUnit4ClassRunner.runChild(BlockJUnit4ClassRunner.java:63)
	at org.junit.runners.ParentRunner$4.run(ParentRunner.java:331)
	at org.junit.runners.ParentRunner$1.schedule(ParentRunner.java:79)
	at org.junit.runners.ParentRunner.runChildren(ParentRunner.java:329)
	at org.junit.runners.ParentRunner.access$100(ParentRunner.java:66)
	at org.junit.runners.ParentRunner$2.evaluate(ParentRunner.java:293)
	at org.junit.runners.ParentRunner$3.evaluate(ParentRunner.java:306)
	at org.junit.runners.ParentRunner.run(ParentRunner.java:413)
	at org.junit.runners.Suite.runChild(Suite.java:128)
	at org.junit.runners.Suite.runChild(Suite.java:27)
	at org.junit.runners.ParentRunner$4.run(ParentRunner.java:331)
	at org.junit.runners.ParentRunner$1.schedule(ParentRunner.java:79)
	at org.junit.runners.ParentRunner.runChildren(ParentRunner.java:329)
	at org.junit.runners.ParentRunner.access$100(ParentRunner.java:66)
	at org.junit.runners.ParentRunner$2.evaluate(ParentRunner.java:293)
	at org.junit.internal.runners.statements.RunBefores.evaluate(RunBefores.java:26)
	at org.junit.internal.runners.statements.RunAfters.evaluate(RunAfters.java:27)
	at org.junit.runners.ParentRunner$3.evaluate(ParentRunner.java:306)
	at org.junit.runners.ParentRunner.run(ParentRunner.java:413)
	at org.apache.maven.surefire.junit4.JUnit4Provider.execute(JUnit4Provider.java:252)
	at org.apache.maven.surefire.junit4.JUnit4Provider.executeTestSet(JUnit4Provider.java:141)
	at org.apache.maven.surefire.junit4.JUnit4Provider.invoke(JUnit4Provider.java:112)
	at sun.reflect.NativeMethodAccessorImpl.invoke0(Native Method)
	at sun.reflect.NativeMethodAccessorImpl.invoke(NativeMethodAccessorImpl.java:62)
	at sun.reflect.DelegatingMethodAccessorImpl.invoke(DelegatingMethodAccessorImpl.java:43)
	at java.lang.reflect.Method.invoke(Method.java:498)
	at org.apache.maven.surefire.util.ReflectionUtils.invokeMethodWithArray(ReflectionUtils.java:189)
	at org.apache.maven.surefire.booter.ProviderFactory$ProviderProxy.invoke(ProviderFactory.java:165)
	at org.apache.maven.surefire.booter.ProviderFactory.invokeProvider(ProviderFactory.java:85)
	at org.apache.maven.surefire.booter.ForkedBooter.runSuitesInProcess(ForkedBooter.java:115)
	at org.apache.maven.surefire.booter.ForkedBooter.main(ForkedBooter.java:75)
</failure>
    <system-out>[EL Info]: 2022-04-28 16:59:53.732--ServerSession(232120699)--EclipseLink, version: Eclipse Persistence Services - 2.7.6.v20200131-b7c997804f
[EL Info]: connection: 2022-04-28 16:59:53.744--ServerSession(232120699)--/file:/C:/Users/Adrián/IdeaProjects/MA3S_Proyecto/fintech/fintech-ejb/target/test-classes/_FintechEjbTest login successful
[EL Info]: connection: 2022-04-28 16:59:53.836--ServerSession(232120699)--/file:/C:/Users/Adrián/IdeaProjects/MA3S_Proyecto/fintech/fintech-ejb/target/test-classes/_FintechEjbTest logout successful
</system-out>
  </testcase>
  <testcase classname="ma3s.fintech.test.Clientes" name="testDarAltaIndividualClienteYaExistente" time="0.579"/>
  <testcase classname="ma3s.fintech.test.Clientes" name="testModCiudadEmpresaNoExistente" time="0.164"/>
  <testcase classname="ma3s.fintech.test.Clientes" name="testModRazonSocialEmpresaNoExistente" time="0.189"/>
  <testcase classname="ma3s.fintech.test.Clientes" name="testModFechaNacimientoIndividualIndividualNoExistenteException" time="0.19"/>
  <testcase classname="ma3s.fintech.test.Clientes" name="testDarBajaClienteCuentaAbierta" time="0.183">
    <failure message="No debe lanzar excepción" type="java.lang.AssertionError">java.lang.AssertionError: No debe lanzar excepción
	at org.junit.Assert.fail(Assert.java:89)
	at ma3s.fintech.test.Clientes.testDarBajaClienteCuentaAbierta(Clientes.java:679)
	at sun.reflect.NativeMethodAccessorImpl.invoke0(Native Method)
	at sun.reflect.NativeMethodAccessorImpl.invoke(NativeMethodAccessorImpl.java:62)
	at sun.reflect.DelegatingMethodAccessorImpl.invoke(DelegatingMethodAccessorImpl.java:43)
	at java.lang.reflect.Method.invoke(Method.java:498)
	at org.junit.runners.model.FrameworkMethod$1.runReflectiveCall(FrameworkMethod.java:59)
	at org.junit.internal.runners.model.ReflectiveCallable.run(ReflectiveCallable.java:12)
	at org.junit.runners.model.FrameworkMethod.invokeExplosively(FrameworkMethod.java:56)
	at org.junit.internal.runners.statements.InvokeMethod.evaluate(InvokeMethod.java:17)
	at org.junit.internal.runners.statements.RunBefores.evaluate(RunBefores.java:26)
	at org.junit.runners.ParentRunner$3.evaluate(ParentRunner.java:306)
	at org.junit.runners.BlockJUnit4ClassRunner$1.evaluate(BlockJUnit4ClassRunner.java:100)
	at org.junit.runners.ParentRunner.runLeaf(ParentRunner.java:366)
	at org.junit.runners.BlockJUnit4ClassRunner.runChild(BlockJUnit4ClassRunner.java:103)
	at org.junit.runners.BlockJUnit4ClassRunner.runChild(BlockJUnit4ClassRunner.java:63)
	at org.junit.runners.ParentRunner$4.run(ParentRunner.java:331)
	at org.junit.runners.ParentRunner$1.schedule(ParentRunner.java:79)
	at org.junit.runners.ParentRunner.runChildren(ParentRunner.java:329)
	at org.junit.runners.ParentRunner.access$100(ParentRunner.java:66)
	at org.junit.runners.ParentRunner$2.evaluate(ParentRunner.java:293)
	at org.junit.runners.ParentRunner$3.evaluate(ParentRunner.java:306)
	at org.junit.runners.ParentRunner.run(ParentRunner.java:413)
	at org.junit.runners.Suite.runChild(Suite.java:128)
	at org.junit.runners.Suite.runChild(Suite.java:27)
	at org.junit.runners.ParentRunner$4.run(ParentRunner.java:331)
	at org.junit.runners.ParentRunner$1.schedule(ParentRunner.java:79)
	at org.junit.runners.ParentRunner.runChildren(ParentRunner.java:329)
	at org.junit.runners.ParentRunner.access$100(ParentRunner.java:66)
	at org.junit.runners.ParentRunner$2.evaluate(ParentRunner.java:293)
	at org.junit.internal.runners.statements.RunBefores.evaluate(RunBefores.java:26)
	at org.junit.internal.runners.statements.RunAfters.evaluate(RunAfters.java:27)
	at org.junit.runners.ParentRunner$3.evaluate(ParentRunner.java:306)
	at org.junit.runners.ParentRunner.run(ParentRunner.java:413)
	at org.apache.maven.surefire.junit4.JUnit4Provider.execute(JUnit4Provider.java:252)
	at org.apache.maven.surefire.junit4.JUnit4Provider.executeTestSet(JUnit4Provider.java:141)
	at org.apache.maven.surefire.junit4.JUnit4Provider.invoke(JUnit4Provider.java:112)
	at sun.reflect.NativeMethodAccessorImpl.invoke0(Native Method)
	at sun.reflect.NativeMethodAccessorImpl.invoke(NativeMethodAccessorImpl.java:62)
	at sun.reflect.DelegatingMethodAccessorImpl.invoke(DelegatingMethodAccessorImpl.java:43)
	at java.lang.reflect.Method.invoke(Method.java:498)
	at org.apache.maven.surefire.util.ReflectionUtils.invokeMethodWithArray(ReflectionUtils.java:189)
	at org.apache.maven.surefire.booter.ProviderFactory$ProviderProxy.invoke(ProviderFactory.java:165)
	at org.apache.maven.surefire.booter.ProviderFactory.invokeProvider(ProviderFactory.java:85)
	at org.apache.maven.surefire.booter.ForkedBooter.runSuitesInProcess(ForkedBooter.java:115)
	at org.apache.maven.surefire.booter.ForkedBooter.main(ForkedBooter.java:75)
</failure>
    <system-out>[EL Info]: 2022-04-28 16:59:55.06--ServerSession(1318697547)--EclipseLink, version: Eclipse Persistence Services - 2.7.6.v20200131-b7c997804f
[EL Info]: connection: 2022-04-28 16:59:55.068--ServerSession(1318697547)--/file:/C:/Users/Adrián/IdeaProjects/MA3S_Proyecto/fintech/fintech-ejb/target/test-classes/_FintechEjbTest login successful
[EL Info]: connection: 2022-04-28 16:59:55.14--ServerSession(1318697547)--/file:/C:/Users/Adrián/IdeaProjects/MA3S_Proyecto/fintech/fintech-ejb/target/test-classes/_FintechEjbTest logout successful
</system-out>
  </testcase>
  <testcase classname="ma3s.fintech.test.Clientes" name="testModRazonSocialEmpresa" time="0.185">
    <failure message="Lanzó excepción al modificar" type="java.lang.AssertionError">java.lang.AssertionError: Lanzó excepción al modificar
	at org.junit.Assert.fail(Assert.java:89)
	at ma3s.fintech.test.Clientes.testModRazonSocialEmpresa(Clientes.java:350)
	at sun.reflect.NativeMethodAccessorImpl.invoke0(Native Method)
	at sun.reflect.NativeMethodAccessorImpl.invoke(NativeMethodAccessorImpl.java:62)
	at sun.reflect.DelegatingMethodAccessorImpl.invoke(DelegatingMethodAccessorImpl.java:43)
	at java.lang.reflect.Method.invoke(Method.java:498)
	at org.junit.runners.model.FrameworkMethod$1.runReflectiveCall(FrameworkMethod.java:59)
	at org.junit.internal.runners.model.ReflectiveCallable.run(ReflectiveCallable.java:12)
	at org.junit.runners.model.FrameworkMethod.invokeExplosively(FrameworkMethod.java:56)
	at org.junit.internal.runners.statements.InvokeMethod.evaluate(InvokeMethod.java:17)
	at org.junit.internal.runners.statements.RunBefores.evaluate(RunBefores.java:26)
	at org.junit.runners.ParentRunner$3.evaluate(ParentRunner.java:306)
	at org.junit.runners.BlockJUnit4ClassRunner$1.evaluate(BlockJUnit4ClassRunner.java:100)
	at org.junit.runners.ParentRunner.runLeaf(ParentRunner.java:366)
	at org.junit.runners.BlockJUnit4ClassRunner.runChild(BlockJUnit4ClassRunner.java:103)
	at org.junit.runners.BlockJUnit4ClassRunner.runChild(BlockJUnit4ClassRunner.java:63)
	at org.junit.runners.ParentRunner$4.run(ParentRunner.java:331)
	at org.junit.runners.ParentRunner$1.schedule(ParentRunner.java:79)
	at org.junit.runners.ParentRunner.runChildren(ParentRunner.java:329)
	at org.junit.runners.ParentRunner.access$100(ParentRunner.java:66)
	at org.junit.runners.ParentRunner$2.evaluate(ParentRunner.java:293)
	at org.junit.runners.ParentRunner$3.evaluate(ParentRunner.java:306)
	at org.junit.runners.ParentRunner.run(ParentRunner.java:413)
	at org.junit.runners.Suite.runChild(Suite.java:128)
	at org.junit.runners.Suite.runChild(Suite.java:27)
	at org.junit.runners.ParentRunner$4.run(ParentRunner.java:331)
	at org.junit.runners.ParentRunner$1.schedule(ParentRunner.java:79)
	at org.junit.runners.ParentRunner.runChildren(ParentRunner.java:329)
	at org.junit.runners.ParentRunner.access$100(ParentRunner.java:66)
	at org.junit.runners.ParentRunner$2.evaluate(ParentRunner.java:293)
	at org.junit.internal.runners.statements.RunBefores.evaluate(RunBefores.java:26)
	at org.junit.internal.runners.statements.RunAfters.evaluate(RunAfters.java:27)
	at org.junit.runners.ParentRunner$3.evaluate(ParentRunner.java:306)
	at org.junit.runners.ParentRunner.run(ParentRunner.java:413)
	at org.apache.maven.surefire.junit4.JUnit4Provider.execute(JUnit4Provider.java:252)
	at org.apache.maven.surefire.junit4.JUnit4Provider.executeTestSet(JUnit4Provider.java:141)
	at org.apache.maven.surefire.junit4.JUnit4Provider.invoke(JUnit4Provider.java:112)
	at sun.reflect.NativeMethodAccessorImpl.invoke0(Native Method)
	at sun.reflect.NativeMethodAccessorImpl.invoke(NativeMethodAccessorImpl.java:62)
	at sun.reflect.DelegatingMethodAccessorImpl.invoke(DelegatingMethodAccessorImpl.java:43)
	at java.lang.reflect.Method.invoke(Method.java:498)
	at org.apache.maven.surefire.util.ReflectionUtils.invokeMethodWithArray(ReflectionUtils.java:189)
	at org.apache.maven.surefire.booter.ProviderFactory$ProviderProxy.invoke(ProviderFactory.java:165)
	at org.apache.maven.surefire.booter.ProviderFactory.invokeProvider(ProviderFactory.java:85)
	at org.apache.maven.surefire.booter.ForkedBooter.runSuitesInProcess(ForkedBooter.java:115)
	at org.apache.maven.surefire.booter.ForkedBooter.main(ForkedBooter.java:75)
</failure>
    <system-out>[EL Info]: 2022-04-28 16:59:55.251--ServerSession(42744445)--EclipseLink, version: Eclipse Persistence Services - 2.7.6.v20200131-b7c997804f
[EL Info]: connection: 2022-04-28 16:59:55.258--ServerSession(42744445)--/file:/C:/Users/Adrián/IdeaProjects/MA3S_Proyecto/fintech/fintech-ejb/target/test-classes/_FintechEjbTest login successful
[EL Info]: connection: 2022-04-28 16:59:55.329--ServerSession(42744445)--/file:/C:/Users/Adrián/IdeaProjects/MA3S_Proyecto/fintech/fintech-ejb/target/test-classes/_FintechEjbTest logout successful
</system-out>
  </testcase>
  <testcase classname="ma3s.fintech.test.Clientes" name="testModNombreIndividual" time="0.163">
    <failure message="Lanzó excepción al modificar" type="java.lang.AssertionError">java.lang.AssertionError: Lanzó excepción al modificar
	at org.junit.Assert.fail(Assert.java:89)
	at ma3s.fintech.test.Clientes.testModNombreIndividual(Clientes.java:542)
	at sun.reflect.NativeMethodAccessorImpl.invoke0(Native Method)
	at sun.reflect.NativeMethodAccessorImpl.invoke(NativeMethodAccessorImpl.java:62)
	at sun.reflect.DelegatingMethodAccessorImpl.invoke(DelegatingMethodAccessorImpl.java:43)
	at java.lang.reflect.Method.invoke(Method.java:498)
	at org.junit.runners.model.FrameworkMethod$1.runReflectiveCall(FrameworkMethod.java:59)
	at org.junit.internal.runners.model.ReflectiveCallable.run(ReflectiveCallable.java:12)
	at org.junit.runners.model.FrameworkMethod.invokeExplosively(FrameworkMethod.java:56)
	at org.junit.internal.runners.statements.InvokeMethod.evaluate(InvokeMethod.java:17)
	at org.junit.internal.runners.statements.RunBefores.evaluate(RunBefores.java:26)
	at org.junit.runners.ParentRunner$3.evaluate(ParentRunner.java:306)
	at org.junit.runners.BlockJUnit4ClassRunner$1.evaluate(BlockJUnit4ClassRunner.java:100)
	at org.junit.runners.ParentRunner.runLeaf(ParentRunner.java:366)
	at org.junit.runners.BlockJUnit4ClassRunner.runChild(BlockJUnit4ClassRunner.java:103)
	at org.junit.runners.BlockJUnit4ClassRunner.runChild(BlockJUnit4ClassRunner.java:63)
	at org.junit.runners.ParentRunner$4.run(ParentRunner.java:331)
	at org.junit.runners.ParentRunner$1.schedule(ParentRunner.java:79)
	at org.junit.runners.ParentRunner.runChildren(ParentRunner.java:329)
	at org.junit.runners.ParentRunner.access$100(ParentRunner.java:66)
	at org.junit.runners.ParentRunner$2.evaluate(ParentRunner.java:293)
	at org.junit.runners.ParentRunner$3.evaluate(ParentRunner.java:306)
	at org.junit.runners.ParentRunner.run(ParentRunner.java:413)
	at org.junit.runners.Suite.runChild(Suite.java:128)
	at org.junit.runners.Suite.runChild(Suite.java:27)
	at org.junit.runners.ParentRunner$4.run(ParentRunner.java:331)
	at org.junit.runners.ParentRunner$1.schedule(ParentRunner.java:79)
	at org.junit.runners.ParentRunner.runChildren(ParentRunner.java:329)
	at org.junit.runners.ParentRunner.access$100(ParentRunner.java:66)
	at org.junit.runners.ParentRunner$2.evaluate(ParentRunner.java:293)
	at org.junit.internal.runners.statements.RunBefores.evaluate(RunBefores.java:26)
	at org.junit.internal.runners.statements.RunAfters.evaluate(RunAfters.java:27)
	at org.junit.runners.ParentRunner$3.evaluate(ParentRunner.java:306)
	at org.junit.runners.ParentRunner.run(ParentRunner.java:413)
	at org.apache.maven.surefire.junit4.JUnit4Provider.execute(JUnit4Provider.java:252)
	at org.apache.maven.surefire.junit4.JUnit4Provider.executeTestSet(JUnit4Provider.java:141)
	at org.apache.maven.surefire.junit4.JUnit4Provider.invoke(JUnit4Provider.java:112)
	at sun.reflect.NativeMethodAccessorImpl.invoke0(Native Method)
	at sun.reflect.NativeMethodAccessorImpl.invoke(NativeMethodAccessorImpl.java:62)
	at sun.reflect.DelegatingMethodAccessorImpl.invoke(DelegatingMethodAccessorImpl.java:43)
	at java.lang.reflect.Method.invoke(Method.java:498)
	at org.apache.maven.surefire.util.ReflectionUtils.invokeMethodWithArray(ReflectionUtils.java:189)
	at org.apache.maven.surefire.booter.ProviderFactory$ProviderProxy.invoke(ProviderFactory.java:165)
	at org.apache.maven.surefire.booter.ProviderFactory.invokeProvider(ProviderFactory.java:85)
	at org.apache.maven.surefire.booter.ForkedBooter.runSuitesInProcess(ForkedBooter.java:115)
	at org.apache.maven.surefire.booter.ForkedBooter.main(ForkedBooter.java:75)
</failure>
    <system-out>[EL Info]: 2022-04-28 16:59:55.42--ServerSession(782828476)--EclipseLink, version: Eclipse Persistence Services - 2.7.6.v20200131-b7c997804f
[EL Info]: connection: 2022-04-28 16:59:55.425--ServerSession(782828476)--/file:/C:/Users/Adrián/IdeaProjects/MA3S_Proyecto/fintech/fintech-ejb/target/test-classes/_FintechEjbTest login successful
[EL Info]: connection: 2022-04-28 16:59:55.489--ServerSession(782828476)--/file:/C:/Users/Adrián/IdeaProjects/MA3S_Proyecto/fintech/fintech-ejb/target/test-classes/_FintechEjbTest logout successful
</system-out>
  </testcase>
  <testcase classname="ma3s.fintech.test.Clientes" name="testModApellidoIndividualIndividualNoExistenteException" time="0.212"/>
  <testcase classname="ma3s.fintech.test.Clientes" name="testModCodigoPostalIndividualIndividualNoExistenteException" time="0.209"/>
  <testcase classname="ma3s.fintech.test.Clientes" name="testModCiudadIndividual" time="0.201">
    <failure message="Lanzó excepción al modificar" type="java.lang.AssertionError">java.lang.AssertionError: Lanzó excepción al modificar
	at org.junit.Assert.fail(Assert.java:89)
	at ma3s.fintech.test.Clientes.testModCiudadIndividual(Clientes.java:428)
	at sun.reflect.NativeMethodAccessorImpl.invoke0(Native Method)
	at sun.reflect.NativeMethodAccessorImpl.invoke(NativeMethodAccessorImpl.java:62)
	at sun.reflect.DelegatingMethodAccessorImpl.invoke(DelegatingMethodAccessorImpl.java:43)
	at java.lang.reflect.Method.invoke(Method.java:498)
	at org.junit.runners.model.FrameworkMethod$1.runReflectiveCall(FrameworkMethod.java:59)
	at org.junit.internal.runners.model.ReflectiveCallable.run(ReflectiveCallable.java:12)
	at org.junit.runners.model.FrameworkMethod.invokeExplosively(FrameworkMethod.java:56)
	at org.junit.internal.runners.statements.InvokeMethod.evaluate(InvokeMethod.java:17)
	at org.junit.internal.runners.statements.RunBefores.evaluate(RunBefores.java:26)
	at org.junit.runners.ParentRunner$3.evaluate(ParentRunner.java:306)
	at org.junit.runners.BlockJUnit4ClassRunner$1.evaluate(BlockJUnit4ClassRunner.java:100)
	at org.junit.runners.ParentRunner.runLeaf(ParentRunner.java:366)
	at org.junit.runners.BlockJUnit4ClassRunner.runChild(BlockJUnit4ClassRunner.java:103)
	at org.junit.runners.BlockJUnit4ClassRunner.runChild(BlockJUnit4ClassRunner.java:63)
	at org.junit.runners.ParentRunner$4.run(ParentRunner.java:331)
	at org.junit.runners.ParentRunner$1.schedule(ParentRunner.java:79)
	at org.junit.runners.ParentRunner.runChildren(ParentRunner.java:329)
	at org.junit.runners.ParentRunner.access$100(ParentRunner.java:66)
	at org.junit.runners.ParentRunner$2.evaluate(ParentRunner.java:293)
	at org.junit.runners.ParentRunner$3.evaluate(ParentRunner.java:306)
	at org.junit.runners.ParentRunner.run(ParentRunner.java:413)
	at org.junit.runners.Suite.runChild(Suite.java:128)
	at org.junit.runners.Suite.runChild(Suite.java:27)
	at org.junit.runners.ParentRunner$4.run(ParentRunner.java:331)
	at org.junit.runners.ParentRunner$1.schedule(ParentRunner.java:79)
	at org.junit.runners.ParentRunner.runChildren(ParentRunner.java:329)
	at org.junit.runners.ParentRunner.access$100(ParentRunner.java:66)
	at org.junit.runners.ParentRunner$2.evaluate(ParentRunner.java:293)
	at org.junit.internal.runners.statements.RunBefores.evaluate(RunBefores.java:26)
	at org.junit.internal.runners.statements.RunAfters.evaluate(RunAfters.java:27)
	at org.junit.runners.ParentRunner$3.evaluate(ParentRunner.java:306)
	at org.junit.runners.ParentRunner.run(ParentRunner.java:413)
	at org.apache.maven.surefire.junit4.JUnit4Provider.execute(JUnit4Provider.java:252)
	at org.apache.maven.surefire.junit4.JUnit4Provider.executeTestSet(JUnit4Provider.java:141)
	at org.apache.maven.surefire.junit4.JUnit4Provider.invoke(JUnit4Provider.java:112)
	at sun.reflect.NativeMethodAccessorImpl.invoke0(Native Method)
	at sun.reflect.NativeMethodAccessorImpl.invoke(NativeMethodAccessorImpl.java:62)
	at sun.reflect.DelegatingMethodAccessorImpl.invoke(DelegatingMethodAccessorImpl.java:43)
	at java.lang.reflect.Method.invoke(Method.java:498)
	at org.apache.maven.surefire.util.ReflectionUtils.invokeMethodWithArray(ReflectionUtils.java:189)
	at org.apache.maven.surefire.booter.ProviderFactory$ProviderProxy.invoke(ProviderFactory.java:165)
	at org.apache.maven.surefire.booter.ProviderFactory.invokeProvider(ProviderFactory.java:85)
	at org.apache.maven.surefire.booter.ForkedBooter.runSuitesInProcess(ForkedBooter.java:115)
	at org.apache.maven.surefire.booter.ForkedBooter.main(ForkedBooter.java:75)
</failure>
    <system-out>[EL Info]: 2022-04-28 16:59:56.029--ServerSession(1462433240)--EclipseLink, version: Eclipse Persistence Services - 2.7.6.v20200131-b7c997804f
[EL Info]: connection: 2022-04-28 16:59:56.036--ServerSession(1462433240)--/file:/C:/Users/Adrián/IdeaProjects/MA3S_Proyecto/fintech/fintech-ejb/target/test-classes/_FintechEjbTest login successful
[EL Info]: connection: 2022-04-28 16:59:56.115--ServerSession(1462433240)--/file:/C:/Users/Adrián/IdeaProjects/MA3S_Proyecto/fintech/fintech-ejb/target/test-classes/_FintechEjbTest logout successful
</system-out>
  </testcase>
  <testcase classname="ma3s.fintech.test.Clientes" name="testModNombreIndividualIndividualNoExistenteException" time="0.244"/>
  <testcase classname="ma3s.fintech.test.Clientes" name="testModCiudadIndividualCampoVacio" time="0.156">
    <failure message="Debe lanzar la excepción de campo vacio" type="java.lang.AssertionError">java.lang.AssertionError: Debe lanzar la excepción de campo vacio
	at org.junit.Assert.fail(Assert.java:89)
	at ma3s.fintech.test.Clientes.testModCiudadIndividualCampoVacio(Clientes.java:442)
	at sun.reflect.NativeMethodAccessorImpl.invoke0(Native Method)
	at sun.reflect.NativeMethodAccessorImpl.invoke(NativeMethodAccessorImpl.java:62)
	at sun.reflect.DelegatingMethodAccessorImpl.invoke(DelegatingMethodAccessorImpl.java:43)
	at java.lang.reflect.Method.invoke(Method.java:498)
	at org.junit.runners.model.FrameworkMethod$1.runReflectiveCall(FrameworkMethod.java:59)
	at org.junit.internal.runners.model.ReflectiveCallable.run(ReflectiveCallable.java:12)
	at org.junit.runners.model.FrameworkMethod.invokeExplosively(FrameworkMethod.java:56)
	at org.junit.internal.runners.statements.InvokeMethod.evaluate(InvokeMethod.java:17)
	at org.junit.internal.runners.statements.RunBefores.evaluate(RunBefores.java:26)
	at org.junit.runners.ParentRunner$3.evaluate(ParentRunner.java:306)
	at org.junit.runners.BlockJUnit4ClassRunner$1.evaluate(BlockJUnit4ClassRunner.java:100)
	at org.junit.runners.ParentRunner.runLeaf(ParentRunner.java:366)
	at org.junit.runners.BlockJUnit4ClassRunner.runChild(BlockJUnit4ClassRunner.java:103)
	at org.junit.runners.BlockJUnit4ClassRunner.runChild(BlockJUnit4ClassRunner.java:63)
	at org.junit.runners.ParentRunner$4.run(ParentRunner.java:331)
	at org.junit.runners.ParentRunner$1.schedule(ParentRunner.java:79)
	at org.junit.runners.ParentRunner.runChildren(ParentRunner.java:329)
	at org.junit.runners.ParentRunner.access$100(ParentRunner.java:66)
	at org.junit.runners.ParentRunner$2.evaluate(ParentRunner.java:293)
	at org.junit.runners.ParentRunner$3.evaluate(ParentRunner.java:306)
	at org.junit.runners.ParentRunner.run(ParentRunner.java:413)
	at org.junit.runners.Suite.runChild(Suite.java:128)
	at org.junit.runners.Suite.runChild(Suite.java:27)
	at org.junit.runners.ParentRunner$4.run(ParentRunner.java:331)
	at org.junit.runners.ParentRunner$1.schedule(ParentRunner.java:79)
	at org.junit.runners.ParentRunner.runChildren(ParentRunner.java:329)
	at org.junit.runners.ParentRunner.access$100(ParentRunner.java:66)
	at org.junit.runners.ParentRunner$2.evaluate(ParentRunner.java:293)
	at org.junit.internal.runners.statements.RunBefores.evaluate(RunBefores.java:26)
	at org.junit.internal.runners.statements.RunAfters.evaluate(RunAfters.java:27)
	at org.junit.runners.ParentRunner$3.evaluate(ParentRunner.java:306)
	at org.junit.runners.ParentRunner.run(ParentRunner.java:413)
	at org.apache.maven.surefire.junit4.JUnit4Provider.execute(JUnit4Provider.java:252)
	at org.apache.maven.surefire.junit4.JUnit4Provider.executeTestSet(JUnit4Provider.java:141)
	at org.apache.maven.surefire.junit4.JUnit4Provider.invoke(JUnit4Provider.java:112)
	at sun.reflect.NativeMethodAccessorImpl.invoke0(Native Method)
	at sun.reflect.NativeMethodAccessorImpl.invoke(NativeMethodAccessorImpl.java:62)
	at sun.reflect.DelegatingMethodAccessorImpl.invoke(DelegatingMethodAccessorImpl.java:43)
	at java.lang.reflect.Method.invoke(Method.java:498)
	at org.apache.maven.surefire.util.ReflectionUtils.invokeMethodWithArray(ReflectionUtils.java:189)
	at org.apache.maven.surefire.booter.ProviderFactory$ProviderProxy.invoke(ProviderFactory.java:165)
	at org.apache.maven.surefire.booter.ProviderFactory.invokeProvider(ProviderFactory.java:85)
	at org.apache.maven.surefire.booter.ForkedBooter.runSuitesInProcess(ForkedBooter.java:115)
	at org.apache.maven.surefire.booter.ForkedBooter.main(ForkedBooter.java:75)
</failure>
    <system-out>[EL Info]: 2022-04-28 16:59:56.441--ServerSession(1175588783)--EclipseLink, version: Eclipse Persistence Services - 2.7.6.v20200131-b7c997804f
[EL Info]: connection: 2022-04-28 16:59:56.449--ServerSession(1175588783)--/file:/C:/Users/Adrián/IdeaProjects/MA3S_Proyecto/fintech/fintech-ejb/target/test-classes/_FintechEjbTest login successful
[EL Info]: connection: 2022-04-28 16:59:56.516--ServerSession(1175588783)--/file:/C:/Users/Adrián/IdeaProjects/MA3S_Proyecto/fintech/fintech-ejb/target/test-classes/_FintechEjbTest logout successful
</system-out>
  </testcase>
  <testcase classname="ma3s.fintech.test.Clientes" name="testModDireccionEmpresaNoExistente" time="0.124"/>
  <testcase classname="ma3s.fintech.test.Clientes" name="testDarAltaIndividual" time="0.162"/>
  <testcase classname="ma3s.fintech.test.Clientes" name="testDarBajaClienteClienteNoExiste" time="0.127"/>
  <testcase classname="ma3s.fintech.test.Clientes" name="testModCiudadEmpresa" time="0.124">
    <failure message="Lanzó excepción al modificar" type="java.lang.AssertionError">java.lang.AssertionError: Lanzó excepción al modificar
	at org.junit.Assert.fail(Assert.java:89)
	at ma3s.fintech.test.Clientes.testModCiudadEmpresa(Clientes.java:236)
	at sun.reflect.NativeMethodAccessorImpl.invoke0(Native Method)
	at sun.reflect.NativeMethodAccessorImpl.invoke(NativeMethodAccessorImpl.java:62)
	at sun.reflect.DelegatingMethodAccessorImpl.invoke(DelegatingMethodAccessorImpl.java:43)
	at java.lang.reflect.Method.invoke(Method.java:498)
	at org.junit.runners.model.FrameworkMethod$1.runReflectiveCall(FrameworkMethod.java:59)
	at org.junit.internal.runners.model.ReflectiveCallable.run(ReflectiveCallable.java:12)
	at org.junit.runners.model.FrameworkMethod.invokeExplosively(FrameworkMethod.java:56)
	at org.junit.internal.runners.statements.InvokeMethod.evaluate(InvokeMethod.java:17)
	at org.junit.internal.runners.statements.RunBefores.evaluate(RunBefores.java:26)
	at org.junit.runners.ParentRunner$3.evaluate(ParentRunner.java:306)
	at org.junit.runners.BlockJUnit4ClassRunner$1.evaluate(BlockJUnit4ClassRunner.java:100)
	at org.junit.runners.ParentRunner.runLeaf(ParentRunner.java:366)
	at org.junit.runners.BlockJUnit4ClassRunner.runChild(BlockJUnit4ClassRunner.java:103)
	at org.junit.runners.BlockJUnit4ClassRunner.runChild(BlockJUnit4ClassRunner.java:63)
	at org.junit.runners.ParentRunner$4.run(ParentRunner.java:331)
	at org.junit.runners.ParentRunner$1.schedule(ParentRunner.java:79)
	at org.junit.runners.ParentRunner.runChildren(ParentRunner.java:329)
	at org.junit.runners.ParentRunner.access$100(ParentRunner.java:66)
	at org.junit.runners.ParentRunner$2.evaluate(ParentRunner.java:293)
	at org.junit.runners.ParentRunner$3.evaluate(ParentRunner.java:306)
	at org.junit.runners.ParentRunner.run(ParentRunner.java:413)
	at org.junit.runners.Suite.runChild(Suite.java:128)
	at org.junit.runners.Suite.runChild(Suite.java:27)
	at org.junit.runners.ParentRunner$4.run(ParentRunner.java:331)
	at org.junit.runners.ParentRunner$1.schedule(ParentRunner.java:79)
	at org.junit.runners.ParentRunner.runChildren(ParentRunner.java:329)
	at org.junit.runners.ParentRunner.access$100(ParentRunner.java:66)
	at org.junit.runners.ParentRunner$2.evaluate(ParentRunner.java:293)
	at org.junit.internal.runners.statements.RunBefores.evaluate(RunBefores.java:26)
	at org.junit.internal.runners.statements.RunAfters.evaluate(RunAfters.java:27)
	at org.junit.runners.ParentRunner$3.evaluate(ParentRunner.java:306)
	at org.junit.runners.ParentRunner.run(ParentRunner.java:413)
	at org.apache.maven.surefire.junit4.JUnit4Provider.execute(JUnit4Provider.java:252)
	at org.apache.maven.surefire.junit4.JUnit4Provider.executeTestSet(JUnit4Provider.java:141)
	at org.apache.maven.surefire.junit4.JUnit4Provider.invoke(JUnit4Provider.java:112)
	at sun.reflect.NativeMethodAccessorImpl.invoke0(Native Method)
	at sun.reflect.NativeMethodAccessorImpl.invoke(NativeMethodAccessorImpl.java:62)
	at sun.reflect.DelegatingMethodAccessorImpl.invoke(DelegatingMethodAccessorImpl.java:43)
	at java.lang.reflect.Method.invoke(Method.java:498)
	at org.apache.maven.surefire.util.ReflectionUtils.invokeMethodWithArray(ReflectionUtils.java:189)
	at org.apache.maven.surefire.booter.ProviderFactory$ProviderProxy.invoke(ProviderFactory.java:165)
	at org.apache.maven.surefire.booter.ProviderFactory.invokeProvider(ProviderFactory.java:85)
	at org.apache.maven.surefire.booter.ForkedBooter.runSuitesInProcess(ForkedBooter.java:115)
	at org.apache.maven.surefire.booter.ForkedBooter.main(ForkedBooter.java:75)
</failure>
    <system-out>[EL Info]: 2022-04-28 16:59:57.004--ServerSession(1811956158)--EclipseLink, version: Eclipse Persistence Services - 2.7.6.v20200131-b7c997804f
[EL Info]: connection: 2022-04-28 16:59:57.01--ServerSession(1811956158)--/file:/C:/Users/Adrián/IdeaProjects/MA3S_Proyecto/fintech/fintech-ejb/target/test-classes/_FintechEjbTest login successful
[EL Info]: connection: 2022-04-28 16:59:57.053--ServerSession(1811956158)--/file:/C:/Users/Adrián/IdeaProjects/MA3S_Proyecto/fintech/fintech-ejb/target/test-classes/_FintechEjbTest logout successful
</system-out>
  </testcase>
  <testcase classname="ma3s.fintech.test.Clientes" name="testModCodigoPostalEmpresa" time="0.16">
    <failure message="Lanzó excepción al modificar" type="java.lang.AssertionError">java.lang.AssertionError: Lanzó excepción al modificar
	at org.junit.Assert.fail(Assert.java:89)
	at ma3s.fintech.test.Clientes.testModCodigoPostalEmpresa(Clientes.java:275)
	at sun.reflect.NativeMethodAccessorImpl.invoke0(Native Method)
	at sun.reflect.NativeMethodAccessorImpl.invoke(NativeMethodAccessorImpl.java:62)
	at sun.reflect.DelegatingMethodAccessorImpl.invoke(DelegatingMethodAccessorImpl.java:43)
	at java.lang.reflect.Method.invoke(Method.java:498)
	at org.junit.runners.model.FrameworkMethod$1.runReflectiveCall(FrameworkMethod.java:59)
	at org.junit.internal.runners.model.ReflectiveCallable.run(ReflectiveCallable.java:12)
	at org.junit.runners.model.FrameworkMethod.invokeExplosively(FrameworkMethod.java:56)
	at org.junit.internal.runners.statements.InvokeMethod.evaluate(InvokeMethod.java:17)
	at org.junit.internal.runners.statements.RunBefores.evaluate(RunBefores.java:26)
	at org.junit.runners.ParentRunner$3.evaluate(ParentRunner.java:306)
	at org.junit.runners.BlockJUnit4ClassRunner$1.evaluate(BlockJUnit4ClassRunner.java:100)
	at org.junit.runners.ParentRunner.runLeaf(ParentRunner.java:366)
	at org.junit.runners.BlockJUnit4ClassRunner.runChild(BlockJUnit4ClassRunner.java:103)
	at org.junit.runners.BlockJUnit4ClassRunner.runChild(BlockJUnit4ClassRunner.java:63)
	at org.junit.runners.ParentRunner$4.run(ParentRunner.java:331)
	at org.junit.runners.ParentRunner$1.schedule(ParentRunner.java:79)
	at org.junit.runners.ParentRunner.runChildren(ParentRunner.java:329)
	at org.junit.runners.ParentRunner.access$100(ParentRunner.java:66)
	at org.junit.runners.ParentRunner$2.evaluate(ParentRunner.java:293)
	at org.junit.runners.ParentRunner$3.evaluate(ParentRunner.java:306)
	at org.junit.runners.ParentRunner.run(ParentRunner.java:413)
	at org.junit.runners.Suite.runChild(Suite.java:128)
	at org.junit.runners.Suite.runChild(Suite.java:27)
	at org.junit.runners.ParentRunner$4.run(ParentRunner.java:331)
	at org.junit.runners.ParentRunner$1.schedule(ParentRunner.java:79)
	at org.junit.runners.ParentRunner.runChildren(ParentRunner.java:329)
	at org.junit.runners.ParentRunner.access$100(ParentRunner.java:66)
	at org.junit.runners.ParentRunner$2.evaluate(ParentRunner.java:293)
	at org.junit.internal.runners.statements.RunBefores.evaluate(RunBefores.java:26)
	at org.junit.internal.runners.statements.RunAfters.evaluate(RunAfters.java:27)
	at org.junit.runners.ParentRunner$3.evaluate(ParentRunner.java:306)
	at org.junit.runners.ParentRunner.run(ParentRunner.java:413)
	at org.apache.maven.surefire.junit4.JUnit4Provider.execute(JUnit4Provider.java:252)
	at org.apache.maven.surefire.junit4.JUnit4Provider.executeTestSet(JUnit4Provider.java:141)
	at org.apache.maven.surefire.junit4.JUnit4Provider.invoke(JUnit4Provider.java:112)
	at sun.reflect.NativeMethodAccessorImpl.invoke0(Native Method)
	at sun.reflect.NativeMethodAccessorImpl.invoke(NativeMethodAccessorImpl.java:62)
	at sun.reflect.DelegatingMethodAccessorImpl.invoke(DelegatingMethodAccessorImpl.java:43)
	at java.lang.reflect.Method.invoke(Method.java:498)
	at org.apache.maven.surefire.util.ReflectionUtils.invokeMethodWithArray(ReflectionUtils.java:189)
	at org.apache.maven.surefire.booter.ProviderFactory$ProviderProxy.invoke(ProviderFactory.java:165)
	at org.apache.maven.surefire.booter.ProviderFactory.invokeProvider(ProviderFactory.java:85)
	at org.apache.maven.surefire.booter.ForkedBooter.runSuitesInProcess(ForkedBooter.java:115)
	at org.apache.maven.surefire.booter.ForkedBooter.main(ForkedBooter.java:75)
</failure>
    <system-out>[EL Info]: 2022-04-28 16:59:57.148--ServerSession(2016905958)--EclipseLink, version: Eclipse Persistence Services - 2.7.6.v20200131-b7c997804f
[EL Info]: connection: 2022-04-28 16:59:57.155--ServerSession(2016905958)--/file:/C:/Users/Adrián/IdeaProjects/MA3S_Proyecto/fintech/fintech-ejb/target/test-classes/_FintechEjbTest login successful
[EL Info]: connection: 2022-04-28 16:59:57.211--ServerSession(2016905958)--/file:/C:/Users/Adrián/IdeaProjects/MA3S_Proyecto/fintech/fintech-ejb/target/test-classes/_FintechEjbTest logout successful
</system-out>
  </testcase>
  <testcase classname="ma3s.fintech.test.Clientes" name="testModCodigoPostalCampoVacio" time="0.178">
    <failure message="Debe lanzar la excepción de campo vacio" type="java.lang.AssertionError">java.lang.AssertionError: Debe lanzar la excepción de campo vacio
	at org.junit.Assert.fail(Assert.java:89)
	at ma3s.fintech.test.Clientes.testModCodigoPostalCampoVacio(Clientes.java:289)
	at sun.reflect.NativeMethodAccessorImpl.invoke0(Native Method)
	at sun.reflect.NativeMethodAccessorImpl.invoke(NativeMethodAccessorImpl.java:62)
	at sun.reflect.DelegatingMethodAccessorImpl.invoke(DelegatingMethodAccessorImpl.java:43)
	at java.lang.reflect.Method.invoke(Method.java:498)
	at org.junit.runners.model.FrameworkMethod$1.runReflectiveCall(FrameworkMethod.java:59)
	at org.junit.internal.runners.model.ReflectiveCallable.run(ReflectiveCallable.java:12)
	at org.junit.runners.model.FrameworkMethod.invokeExplosively(FrameworkMethod.java:56)
	at org.junit.internal.runners.statements.InvokeMethod.evaluate(InvokeMethod.java:17)
	at org.junit.internal.runners.statements.RunBefores.evaluate(RunBefores.java:26)
	at org.junit.runners.ParentRunner$3.evaluate(ParentRunner.java:306)
	at org.junit.runners.BlockJUnit4ClassRunner$1.evaluate(BlockJUnit4ClassRunner.java:100)
	at org.junit.runners.ParentRunner.runLeaf(ParentRunner.java:366)
	at org.junit.runners.BlockJUnit4ClassRunner.runChild(BlockJUnit4ClassRunner.java:103)
	at org.junit.runners.BlockJUnit4ClassRunner.runChild(BlockJUnit4ClassRunner.java:63)
	at org.junit.runners.ParentRunner$4.run(ParentRunner.java:331)
	at org.junit.runners.ParentRunner$1.schedule(ParentRunner.java:79)
	at org.junit.runners.ParentRunner.runChildren(ParentRunner.java:329)
	at org.junit.runners.ParentRunner.access$100(ParentRunner.java:66)
	at org.junit.runners.ParentRunner$2.evaluate(ParentRunner.java:293)
	at org.junit.runners.ParentRunner$3.evaluate(ParentRunner.java:306)
	at org.junit.runners.ParentRunner.run(ParentRunner.java:413)
	at org.junit.runners.Suite.runChild(Suite.java:128)
	at org.junit.runners.Suite.runChild(Suite.java:27)
	at org.junit.runners.ParentRunner$4.run(ParentRunner.java:331)
	at org.junit.runners.ParentRunner$1.schedule(ParentRunner.java:79)
	at org.junit.runners.ParentRunner.runChildren(ParentRunner.java:329)
	at org.junit.runners.ParentRunner.access$100(ParentRunner.java:66)
	at org.junit.runners.ParentRunner$2.evaluate(ParentRunner.java:293)
	at org.junit.internal.runners.statements.RunBefores.evaluate(RunBefores.java:26)
	at org.junit.internal.runners.statements.RunAfters.evaluate(RunAfters.java:27)
	at org.junit.runners.ParentRunner$3.evaluate(ParentRunner.java:306)
	at org.junit.runners.ParentRunner.run(ParentRunner.java:413)
	at org.apache.maven.surefire.junit4.JUnit4Provider.execute(JUnit4Provider.java:252)
	at org.apache.maven.surefire.junit4.JUnit4Provider.executeTestSet(JUnit4Provider.java:141)
	at org.apache.maven.surefire.junit4.JUnit4Provider.invoke(JUnit4Provider.java:112)
	at sun.reflect.NativeMethodAccessorImpl.invoke0(Native Method)
	at sun.reflect.NativeMethodAccessorImpl.invoke(NativeMethodAccessorImpl.java:62)
	at sun.reflect.DelegatingMethodAccessorImpl.invoke(DelegatingMethodAccessorImpl.java:43)
	at java.lang.reflect.Method.invoke(Method.java:498)
	at org.apache.maven.surefire.util.ReflectionUtils.invokeMethodWithArray(ReflectionUtils.java:189)
	at org.apache.maven.surefire.booter.ProviderFactory$ProviderProxy.invoke(ProviderFactory.java:165)
	at org.apache.maven.surefire.booter.ProviderFactory.invokeProvider(ProviderFactory.java:85)
	at org.apache.maven.surefire.booter.ForkedBooter.runSuitesInProcess(ForkedBooter.java:115)
	at org.apache.maven.surefire.booter.ForkedBooter.main(ForkedBooter.java:75)
</failure>
    <system-out>[EL Info]: 2022-04-28 16:59:57.318--ServerSession(1691948828)--EclipseLink, version: Eclipse Persistence Services - 2.7.6.v20200131-b7c997804f
[EL Info]: connection: 2022-04-28 16:59:57.324--ServerSession(1691948828)--/file:/C:/Users/Adrián/IdeaProjects/MA3S_Proyecto/fintech/fintech-ejb/target/test-classes/_FintechEjbTest login successful
[EL Info]: connection: 2022-04-28 16:59:57.391--ServerSession(1691948828)--/file:/C:/Users/Adrián/IdeaProjects/MA3S_Proyecto/fintech/fintech-ejb/target/test-classes/_FintechEjbTest logout successful
</system-out>
  </testcase>
  <testcase classname="ma3s.fintech.test.Clientes" name="testModPaisEmpresa" time="0.173">
    <failure message="Lanzó excepción al modificar" type="java.lang.AssertionError">java.lang.AssertionError: Lanzó excepción al modificar
	at org.junit.Assert.fail(Assert.java:89)
	at ma3s.fintech.test.Clientes.testModPaisEmpresa(Clientes.java:312)
	at sun.reflect.NativeMethodAccessorImpl.invoke0(Native Method)
	at sun.reflect.NativeMethodAccessorImpl.invoke(NativeMethodAccessorImpl.java:62)
	at sun.reflect.DelegatingMethodAccessorImpl.invoke(DelegatingMethodAccessorImpl.java:43)
	at java.lang.reflect.Method.invoke(Method.java:498)
	at org.junit.runners.model.FrameworkMethod$1.runReflectiveCall(FrameworkMethod.java:59)
	at org.junit.internal.runners.model.ReflectiveCallable.run(ReflectiveCallable.java:12)
	at org.junit.runners.model.FrameworkMethod.invokeExplosively(FrameworkMethod.java:56)
	at org.junit.internal.runners.statements.InvokeMethod.evaluate(InvokeMethod.java:17)
	at org.junit.internal.runners.statements.RunBefores.evaluate(RunBefores.java:26)
	at org.junit.runners.ParentRunner$3.evaluate(ParentRunner.java:306)
	at org.junit.runners.BlockJUnit4ClassRunner$1.evaluate(BlockJUnit4ClassRunner.java:100)
	at org.junit.runners.ParentRunner.runLeaf(ParentRunner.java:366)
	at org.junit.runners.BlockJUnit4ClassRunner.runChild(BlockJUnit4ClassRunner.java:103)
	at org.junit.runners.BlockJUnit4ClassRunner.runChild(BlockJUnit4ClassRunner.java:63)
	at org.junit.runners.ParentRunner$4.run(ParentRunner.java:331)
	at org.junit.runners.ParentRunner$1.schedule(ParentRunner.java:79)
	at org.junit.runners.ParentRunner.runChildren(ParentRunner.java:329)
	at org.junit.runners.ParentRunner.access$100(ParentRunner.java:66)
	at org.junit.runners.ParentRunner$2.evaluate(ParentRunner.java:293)
	at org.junit.runners.ParentRunner$3.evaluate(ParentRunner.java:306)
	at org.junit.runners.ParentRunner.run(ParentRunner.java:413)
	at org.junit.runners.Suite.runChild(Suite.java:128)
	at org.junit.runners.Suite.runChild(Suite.java:27)
	at org.junit.runners.ParentRunner$4.run(ParentRunner.java:331)
	at org.junit.runners.ParentRunner$1.schedule(ParentRunner.java:79)
	at org.junit.runners.ParentRunner.runChildren(ParentRunner.java:329)
	at org.junit.runners.ParentRunner.access$100(ParentRunner.java:66)
	at org.junit.runners.ParentRunner$2.evaluate(ParentRunner.java:293)
	at org.junit.internal.runners.statements.RunBefores.evaluate(RunBefores.java:26)
	at org.junit.internal.runners.statements.RunAfters.evaluate(RunAfters.java:27)
	at org.junit.runners.ParentRunner$3.evaluate(ParentRunner.java:306)
	at org.junit.runners.ParentRunner.run(ParentRunner.java:413)
	at org.apache.maven.surefire.junit4.JUnit4Provider.execute(JUnit4Provider.java:252)
	at org.apache.maven.surefire.junit4.JUnit4Provider.executeTestSet(JUnit4Provider.java:141)
	at org.apache.maven.surefire.junit4.JUnit4Provider.invoke(JUnit4Provider.java:112)
	at sun.reflect.NativeMethodAccessorImpl.invoke0(Native Method)
	at sun.reflect.NativeMethodAccessorImpl.invoke(NativeMethodAccessorImpl.java:62)
	at sun.reflect.DelegatingMethodAccessorImpl.invoke(DelegatingMethodAccessorImpl.java:43)
	at java.lang.reflect.Method.invoke(Method.java:498)
	at org.apache.maven.surefire.util.ReflectionUtils.invokeMethodWithArray(ReflectionUtils.java:189)
	at org.apache.maven.surefire.booter.ProviderFactory$ProviderProxy.invoke(ProviderFactory.java:165)
	at org.apache.maven.surefire.booter.ProviderFactory.invokeProvider(ProviderFactory.java:85)
	at org.apache.maven.surefire.booter.ForkedBooter.runSuitesInProcess(ForkedBooter.java:115)
	at org.apache.maven.surefire.booter.ForkedBooter.main(ForkedBooter.java:75)
</failure>
    <system-out>[EL Info]: 2022-04-28 16:59:57.493--ServerSession(63535504)--EclipseLink, version: Eclipse Persistence Services - 2.7.6.v20200131-b7c997804f
[EL Info]: connection: 2022-04-28 16:59:57.5--ServerSession(63535504)--/file:/C:/Users/Adrián/IdeaProjects/MA3S_Proyecto/fintech/fintech-ejb/target/test-classes/_FintechEjbTest login successful
[EL Info]: connection: 2022-04-28 16:59:57.564--ServerSession(63535504)--/file:/C:/Users/Adrián/IdeaProjects/MA3S_Proyecto/fintech/fintech-ejb/target/test-classes/_FintechEjbTest logout successful
</system-out>
  </testcase>
  <testcase classname="ma3s.fintech.test.Clientes" name="testModDireccionIndividualIndividualNoExistenteException" time="0.152"/>
  <testcase classname="ma3s.fintech.test.Clientes" name="testDarAltaEmpresaCampoVacio" time="0.152"/>
  <testcase classname="ma3s.fintech.test.Clientes" name="testModFechaNacimientoIndividualCampoVacio" time="0.142">
    <failure message="Debe lanzar la excepción de campo vacio" type="java.lang.AssertionError">java.lang.AssertionError: Debe lanzar la excepción de campo vacio
	at org.junit.Assert.fail(Assert.java:89)
	at ma3s.fintech.test.Clientes.testModFechaNacimientoIndividualCampoVacio(Clientes.java:632)
	at sun.reflect.NativeMethodAccessorImpl.invoke0(Native Method)
	at sun.reflect.NativeMethodAccessorImpl.invoke(NativeMethodAccessorImpl.java:62)
	at sun.reflect.DelegatingMethodAccessorImpl.invoke(DelegatingMethodAccessorImpl.java:43)
	at java.lang.reflect.Method.invoke(Method.java:498)
	at org.junit.runners.model.FrameworkMethod$1.runReflectiveCall(FrameworkMethod.java:59)
	at org.junit.internal.runners.model.ReflectiveCallable.run(ReflectiveCallable.java:12)
	at org.junit.runners.model.FrameworkMethod.invokeExplosively(FrameworkMethod.java:56)
	at org.junit.internal.runners.statements.InvokeMethod.evaluate(InvokeMethod.java:17)
	at org.junit.internal.runners.statements.RunBefores.evaluate(RunBefores.java:26)
	at org.junit.runners.ParentRunner$3.evaluate(ParentRunner.java:306)
	at org.junit.runners.BlockJUnit4ClassRunner$1.evaluate(BlockJUnit4ClassRunner.java:100)
	at org.junit.runners.ParentRunner.runLeaf(ParentRunner.java:366)
	at org.junit.runners.BlockJUnit4ClassRunner.runChild(BlockJUnit4ClassRunner.java:103)
	at org.junit.runners.BlockJUnit4ClassRunner.runChild(BlockJUnit4ClassRunner.java:63)
	at org.junit.runners.ParentRunner$4.run(ParentRunner.java:331)
	at org.junit.runners.ParentRunner$1.schedule(ParentRunner.java:79)
	at org.junit.runners.ParentRunner.runChildren(ParentRunner.java:329)
	at org.junit.runners.ParentRunner.access$100(ParentRunner.java:66)
	at org.junit.runners.ParentRunner$2.evaluate(ParentRunner.java:293)
	at org.junit.runners.ParentRunner$3.evaluate(ParentRunner.java:306)
	at org.junit.runners.ParentRunner.run(ParentRunner.java:413)
	at org.junit.runners.Suite.runChild(Suite.java:128)
	at org.junit.runners.Suite.runChild(Suite.java:27)
	at org.junit.runners.ParentRunner$4.run(ParentRunner.java:331)
	at org.junit.runners.ParentRunner$1.schedule(ParentRunner.java:79)
	at org.junit.runners.ParentRunner.runChildren(ParentRunner.java:329)
	at org.junit.runners.ParentRunner.access$100(ParentRunner.java:66)
	at org.junit.runners.ParentRunner$2.evaluate(ParentRunner.java:293)
	at org.junit.internal.runners.statements.RunBefores.evaluate(RunBefores.java:26)
	at org.junit.internal.runners.statements.RunAfters.evaluate(RunAfters.java:27)
	at org.junit.runners.ParentRunner$3.evaluate(ParentRunner.java:306)
	at org.junit.runners.ParentRunner.run(ParentRunner.java:413)
	at org.apache.maven.surefire.junit4.JUnit4Provider.execute(JUnit4Provider.java:252)
	at org.apache.maven.surefire.junit4.JUnit4Provider.executeTestSet(JUnit4Provider.java:141)
	at org.apache.maven.surefire.junit4.JUnit4Provider.invoke(JUnit4Provider.java:112)
	at sun.reflect.NativeMethodAccessorImpl.invoke0(Native Method)
	at sun.reflect.NativeMethodAccessorImpl.invoke(NativeMethodAccessorImpl.java:62)
	at sun.reflect.DelegatingMethodAccessorImpl.invoke(DelegatingMethodAccessorImpl.java:43)
	at java.lang.reflect.Method.invoke(Method.java:498)
	at org.apache.maven.surefire.util.ReflectionUtils.invokeMethodWithArray(ReflectionUtils.java:189)
	at org.apache.maven.surefire.booter.ProviderFactory$ProviderProxy.invoke(ProviderFactory.java:165)
	at org.apache.maven.surefire.booter.ProviderFactory.invokeProvider(ProviderFactory.java:85)
	at org.apache.maven.surefire.booter.ForkedBooter.runSuitesInProcess(ForkedBooter.java:115)
	at org.apache.maven.surefire.booter.ForkedBooter.main(ForkedBooter.java:75)
</failure>
    <system-out>[EL Info]: 2022-04-28 16:59:57.956--ServerSession(1829750189)--EclipseLink, version: Eclipse Persistence Services - 2.7.6.v20200131-b7c997804f
[EL Info]: connection: 2022-04-28 16:59:57.964--ServerSession(1829750189)--/file:/C:/Users/Adrián/IdeaProjects/MA3S_Proyecto/fintech/fintech-ejb/target/test-classes/_FintechEjbTest login successful
[EL Info]: connection: 2022-04-28 16:59:58.011--ServerSession(1829750189)--/file:/C:/Users/Adrián/IdeaProjects/MA3S_Proyecto/fintech/fintech-ejb/target/test-classes/_FintechEjbTest logout successful
</system-out>
  </testcase>
  <testcase classname="ma3s.fintech.test.Clientes" name="testModPaisIndividualIndividualNoExistenteException" time="0.16"/>
  <testcase classname="ma3s.fintech.test.Clientes" name="testModCiudadIndividualIndividualNoExistenteException" time="0.147"/>
  <testcase classname="ma3s.fintech.test.Clientes" name="testDarBajaCliente" time="0.17">
    <failure message="No debe lanzar excepción" type="java.lang.AssertionError">java.lang.AssertionError: No debe lanzar excepción
	at org.junit.Assert.fail(Assert.java:89)
	at ma3s.fintech.test.Clientes.testDarBajaCliente(Clientes.java:656)
	at sun.reflect.NativeMethodAccessorImpl.invoke0(Native Method)
	at sun.reflect.NativeMethodAccessorImpl.invoke(NativeMethodAccessorImpl.java:62)
	at sun.reflect.DelegatingMethodAccessorImpl.invoke(DelegatingMethodAccessorImpl.java:43)
	at java.lang.reflect.Method.invoke(Method.java:498)
	at org.junit.runners.model.FrameworkMethod$1.runReflectiveCall(FrameworkMethod.java:59)
	at org.junit.internal.runners.model.ReflectiveCallable.run(ReflectiveCallable.java:12)
	at org.junit.runners.model.FrameworkMethod.invokeExplosively(FrameworkMethod.java:56)
	at org.junit.internal.runners.statements.InvokeMethod.evaluate(InvokeMethod.java:17)
	at org.junit.internal.runners.statements.RunBefores.evaluate(RunBefores.java:26)
	at org.junit.runners.ParentRunner$3.evaluate(ParentRunner.java:306)
	at org.junit.runners.BlockJUnit4ClassRunner$1.evaluate(BlockJUnit4ClassRunner.java:100)
	at org.junit.runners.ParentRunner.runLeaf(ParentRunner.java:366)
	at org.junit.runners.BlockJUnit4ClassRunner.runChild(BlockJUnit4ClassRunner.java:103)
	at org.junit.runners.BlockJUnit4ClassRunner.runChild(BlockJUnit4ClassRunner.java:63)
	at org.junit.runners.ParentRunner$4.run(ParentRunner.java:331)
	at org.junit.runners.ParentRunner$1.schedule(ParentRunner.java:79)
	at org.junit.runners.ParentRunner.runChildren(ParentRunner.java:329)
	at org.junit.runners.ParentRunner.access$100(ParentRunner.java:66)
	at org.junit.runners.ParentRunner$2.evaluate(ParentRunner.java:293)
	at org.junit.runners.ParentRunner$3.evaluate(ParentRunner.java:306)
	at org.junit.runners.ParentRunner.run(ParentRunner.java:413)
	at org.junit.runners.Suite.runChild(Suite.java:128)
	at org.junit.runners.Suite.runChild(Suite.java:27)
	at org.junit.runners.ParentRunner$4.run(ParentRunner.java:331)
	at org.junit.runners.ParentRunner$1.schedule(ParentRunner.java:79)
	at org.junit.runners.ParentRunner.runChildren(ParentRunner.java:329)
	at org.junit.runners.ParentRunner.access$100(ParentRunner.java:66)
	at org.junit.runners.ParentRunner$2.evaluate(ParentRunner.java:293)
	at org.junit.internal.runners.statements.RunBefores.evaluate(RunBefores.java:26)
	at org.junit.internal.runners.statements.RunAfters.evaluate(RunAfters.java:27)
	at org.junit.runners.ParentRunner$3.evaluate(ParentRunner.java:306)
	at org.junit.runners.ParentRunner.run(ParentRunner.java:413)
	at org.apache.maven.surefire.junit4.JUnit4Provider.execute(JUnit4Provider.java:252)
	at org.apache.maven.surefire.junit4.JUnit4Provider.executeTestSet(JUnit4Provider.java:141)
	at org.apache.maven.surefire.junit4.JUnit4Provider.invoke(JUnit4Provider.java:112)
	at sun.reflect.NativeMethodAccessorImpl.invoke0(Native Method)
	at sun.reflect.NativeMethodAccessorImpl.invoke(NativeMethodAccessorImpl.java:62)
	at sun.reflect.DelegatingMethodAccessorImpl.invoke(DelegatingMethodAccessorImpl.java:43)
	at java.lang.reflect.Method.invoke(Method.java:498)
	at org.apache.maven.surefire.util.ReflectionUtils.invokeMethodWithArray(ReflectionUtils.java:189)
	at org.apache.maven.surefire.booter.ProviderFactory$ProviderProxy.invoke(ProviderFactory.java:165)
	at org.apache.maven.surefire.booter.ProviderFactory.invokeProvider(ProviderFactory.java:85)
	at org.apache.maven.surefire.booter.ForkedBooter.runSuitesInProcess(ForkedBooter.java:115)
	at org.apache.maven.surefire.booter.ForkedBooter.main(ForkedBooter.java:75)
</failure>
    <system-out>[EL Info]: 2022-04-28 16:59:58.409--ServerSession(642579399)--EclipseLink, version: Eclipse Persistence Services - 2.7.6.v20200131-b7c997804f
[EL Info]: connection: 2022-04-28 16:59:58.416--ServerSession(642579399)--/file:/C:/Users/Adrián/IdeaProjects/MA3S_Proyecto/fintech/fintech-ejb/target/test-classes/_FintechEjbTest login successful
[EL Info]: connection: 2022-04-28 16:59:58.488--ServerSession(642579399)--/file:/C:/Users/Adrián/IdeaProjects/MA3S_Proyecto/fintech/fintech-ejb/target/test-classes/_FintechEjbTest logout successful
</system-out>
  </testcase>
  <testcase classname="ma3s.fintech.test.Clientes" name="testModRazonSocialEmpresaCampoVacio" time="0.174">
    <failure message="Debe lanzar la excepción de campo vacio" type="java.lang.AssertionError">java.lang.AssertionError: Debe lanzar la excepción de campo vacio
	at org.junit.Assert.fail(Assert.java:89)
	at ma3s.fintech.test.Clientes.testModRazonSocialEmpresaCampoVacio(Clientes.java:364)
	at sun.reflect.NativeMethodAccessorImpl.invoke0(Native Method)
	at sun.reflect.NativeMethodAccessorImpl.invoke(NativeMethodAccessorImpl.java:62)
	at sun.reflect.DelegatingMethodAccessorImpl.invoke(DelegatingMethodAccessorImpl.java:43)
	at java.lang.reflect.Method.invoke(Method.java:498)
	at org.junit.runners.model.FrameworkMethod$1.runReflectiveCall(FrameworkMethod.java:59)
	at org.junit.internal.runners.model.ReflectiveCallable.run(ReflectiveCallable.java:12)
	at org.junit.runners.model.FrameworkMethod.invokeExplosively(FrameworkMethod.java:56)
	at org.junit.internal.runners.statements.InvokeMethod.evaluate(InvokeMethod.java:17)
	at org.junit.internal.runners.statements.RunBefores.evaluate(RunBefores.java:26)
	at org.junit.runners.ParentRunner$3.evaluate(ParentRunner.java:306)
	at org.junit.runners.BlockJUnit4ClassRunner$1.evaluate(BlockJUnit4ClassRunner.java:100)
	at org.junit.runners.ParentRunner.runLeaf(ParentRunner.java:366)
	at org.junit.runners.BlockJUnit4ClassRunner.runChild(BlockJUnit4ClassRunner.java:103)
	at org.junit.runners.BlockJUnit4ClassRunner.runChild(BlockJUnit4ClassRunner.java:63)
	at org.junit.runners.ParentRunner$4.run(ParentRunner.java:331)
	at org.junit.runners.ParentRunner$1.schedule(ParentRunner.java:79)
	at org.junit.runners.ParentRunner.runChildren(ParentRunner.java:329)
	at org.junit.runners.ParentRunner.access$100(ParentRunner.java:66)
	at org.junit.runners.ParentRunner$2.evaluate(ParentRunner.java:293)
	at org.junit.runners.ParentRunner$3.evaluate(ParentRunner.java:306)
	at org.junit.runners.ParentRunner.run(ParentRunner.java:413)
	at org.junit.runners.Suite.runChild(Suite.java:128)
	at org.junit.runners.Suite.runChild(Suite.java:27)
	at org.junit.runners.ParentRunner$4.run(ParentRunner.java:331)
	at org.junit.runners.ParentRunner$1.schedule(ParentRunner.java:79)
	at org.junit.runners.ParentRunner.runChildren(ParentRunner.java:329)
	at org.junit.runners.ParentRunner.access$100(ParentRunner.java:66)
	at org.junit.runners.ParentRunner$2.evaluate(ParentRunner.java:293)
	at org.junit.internal.runners.statements.RunBefores.evaluate(RunBefores.java:26)
	at org.junit.internal.runners.statements.RunAfters.evaluate(RunAfters.java:27)
	at org.junit.runners.ParentRunner$3.evaluate(ParentRunner.java:306)
	at org.junit.runners.ParentRunner.run(ParentRunner.java:413)
	at org.apache.maven.surefire.junit4.JUnit4Provider.execute(JUnit4Provider.java:252)
	at org.apache.maven.surefire.junit4.JUnit4Provider.executeTestSet(JUnit4Provider.java:141)
	at org.apache.maven.surefire.junit4.JUnit4Provider.invoke(JUnit4Provider.java:112)
	at sun.reflect.NativeMethodAccessorImpl.invoke0(Native Method)
	at sun.reflect.NativeMethodAccessorImpl.invoke(NativeMethodAccessorImpl.java:62)
	at sun.reflect.DelegatingMethodAccessorImpl.invoke(DelegatingMethodAccessorImpl.java:43)
	at java.lang.reflect.Method.invoke(Method.java:498)
	at org.apache.maven.surefire.util.ReflectionUtils.invokeMethodWithArray(ReflectionUtils.java:189)
	at org.apache.maven.surefire.booter.ProviderFactory$ProviderProxy.invoke(ProviderFactory.java:165)
	at org.apache.maven.surefire.booter.ProviderFactory.invokeProvider(ProviderFactory.java:85)
	at org.apache.maven.surefire.booter.ForkedBooter.runSuitesInProcess(ForkedBooter.java:115)
	at org.apache.maven.surefire.booter.ForkedBooter.main(ForkedBooter.java:75)
</failure>
    <system-out>[EL Info]: 2022-04-28 16:59:58.589--ServerSession(1635547768)--EclipseLink, version: Eclipse Persistence Services - 2.7.6.v20200131-b7c997804f
[EL Info]: connection: 2022-04-28 16:59:58.595--ServerSession(1635547768)--/file:/C:/Users/Adrián/IdeaProjects/MA3S_Proyecto/fintech/fintech-ejb/target/test-classes/_FintechEjbTest login successful
[EL Info]: connection: 2022-04-28 16:59:58.662--ServerSession(1635547768)--/file:/C:/Users/Adrián/IdeaProjects/MA3S_Proyecto/fintech/fintech-ejb/target/test-classes/_FintechEjbTest logout successful
</system-out>
  </testcase>
  <testcase classname="ma3s.fintech.test.Clientes" name="testModDireccionEmpresa" time="0.143">
    <failure message="Lanzó excepción al modificar" type="java.lang.AssertionError">java.lang.AssertionError: Lanzó excepción al modificar
	at org.junit.Assert.fail(Assert.java:89)
	at ma3s.fintech.test.Clientes.testModDireccionEmpresa(Clientes.java:197)
	at sun.reflect.NativeMethodAccessorImpl.invoke0(Native Method)
	at sun.reflect.NativeMethodAccessorImpl.invoke(NativeMethodAccessorImpl.java:62)
	at sun.reflect.DelegatingMethodAccessorImpl.invoke(DelegatingMethodAccessorImpl.java:43)
	at java.lang.reflect.Method.invoke(Method.java:498)
	at org.junit.runners.model.FrameworkMethod$1.runReflectiveCall(FrameworkMethod.java:59)
	at org.junit.internal.runners.model.ReflectiveCallable.run(ReflectiveCallable.java:12)
	at org.junit.runners.model.FrameworkMethod.invokeExplosively(FrameworkMethod.java:56)
	at org.junit.internal.runners.statements.InvokeMethod.evaluate(InvokeMethod.java:17)
	at org.junit.internal.runners.statements.RunBefores.evaluate(RunBefores.java:26)
	at org.junit.runners.ParentRunner$3.evaluate(ParentRunner.java:306)
	at org.junit.runners.BlockJUnit4ClassRunner$1.evaluate(BlockJUnit4ClassRunner.java:100)
	at org.junit.runners.ParentRunner.runLeaf(ParentRunner.java:366)
	at org.junit.runners.BlockJUnit4ClassRunner.runChild(BlockJUnit4ClassRunner.java:103)
	at org.junit.runners.BlockJUnit4ClassRunner.runChild(BlockJUnit4ClassRunner.java:63)
	at org.junit.runners.ParentRunner$4.run(ParentRunner.java:331)
	at org.junit.runners.ParentRunner$1.schedule(ParentRunner.java:79)
	at org.junit.runners.ParentRunner.runChildren(ParentRunner.java:329)
	at org.junit.runners.ParentRunner.access$100(ParentRunner.java:66)
	at org.junit.runners.ParentRunner$2.evaluate(ParentRunner.java:293)
	at org.junit.runners.ParentRunner$3.evaluate(ParentRunner.java:306)
	at org.junit.runners.ParentRunner.run(ParentRunner.java:413)
	at org.junit.runners.Suite.runChild(Suite.java:128)
	at org.junit.runners.Suite.runChild(Suite.java:27)
	at org.junit.runners.ParentRunner$4.run(ParentRunner.java:331)
	at org.junit.runners.ParentRunner$1.schedule(ParentRunner.java:79)
	at org.junit.runners.ParentRunner.runChildren(ParentRunner.java:329)
	at org.junit.runners.ParentRunner.access$100(ParentRunner.java:66)
	at org.junit.runners.ParentRunner$2.evaluate(ParentRunner.java:293)
	at org.junit.internal.runners.statements.RunBefores.evaluate(RunBefores.java:26)
	at org.junit.internal.runners.statements.RunAfters.evaluate(RunAfters.java:27)
	at org.junit.runners.ParentRunner$3.evaluate(ParentRunner.java:306)
	at org.junit.runners.ParentRunner.run(ParentRunner.java:413)
	at org.apache.maven.surefire.junit4.JUnit4Provider.execute(JUnit4Provider.java:252)
	at org.apache.maven.surefire.junit4.JUnit4Provider.executeTestSet(JUnit4Provider.java:141)
	at org.apache.maven.surefire.junit4.JUnit4Provider.invoke(JUnit4Provider.java:112)
	at sun.reflect.NativeMethodAccessorImpl.invoke0(Native Method)
	at sun.reflect.NativeMethodAccessorImpl.invoke(NativeMethodAccessorImpl.java:62)
	at sun.reflect.DelegatingMethodAccessorImpl.invoke(DelegatingMethodAccessorImpl.java:43)
	at java.lang.reflect.Method.invoke(Method.java:498)
	at org.apache.maven.surefire.util.ReflectionUtils.invokeMethodWithArray(ReflectionUtils.java:189)
	at org.apache.maven.surefire.booter.ProviderFactory$ProviderProxy.invoke(ProviderFactory.java:165)
	at org.apache.maven.surefire.booter.ProviderFactory.invokeProvider(ProviderFactory.java:85)
	at org.apache.maven.surefire.booter.ForkedBooter.runSuitesInProcess(ForkedBooter.java:115)
	at org.apache.maven.surefire.booter.ForkedBooter.main(ForkedBooter.java:75)
</failure>
    <system-out>[EL Info]: 2022-04-28 16:59:58.738--ServerSession(588774030)--EclipseLink, version: Eclipse Persistence Services - 2.7.6.v20200131-b7c997804f
[EL Info]: connection: 2022-04-28 16:59:58.744--ServerSession(588774030)--/file:/C:/Users/Adrián/IdeaProjects/MA3S_Proyecto/fintech/fintech-ejb/target/test-classes/_FintechEjbTest login successful
[EL Info]: connection: 2022-04-28 16:59:58.805--ServerSession(588774030)--/file:/C:/Users/Adrián/IdeaProjects/MA3S_Proyecto/fintech/fintech-ejb/target/test-classes/_FintechEjbTest logout successful
</system-out>
  </testcase>
  <testcase classname="ma3s.fintech.test.Clientes" name="testModCodigoPostalIndividual" time="0.17">
    <failure message="Lanzó excepción al modificar" type="java.lang.AssertionError">java.lang.AssertionError: Lanzó excepción al modificar
	at org.junit.Assert.fail(Assert.java:89)
	at ma3s.fintech.test.Clientes.testModCodigoPostalIndividual(Clientes.java:466)
	at sun.reflect.NativeMethodAccessorImpl.invoke0(Native Method)
	at sun.reflect.NativeMethodAccessorImpl.invoke(NativeMethodAccessorImpl.java:62)
	at sun.reflect.DelegatingMethodAccessorImpl.invoke(DelegatingMethodAccessorImpl.java:43)
	at java.lang.reflect.Method.invoke(Method.java:498)
	at org.junit.runners.model.FrameworkMethod$1.runReflectiveCall(FrameworkMethod.java:59)
	at org.junit.internal.runners.model.ReflectiveCallable.run(ReflectiveCallable.java:12)
	at org.junit.runners.model.FrameworkMethod.invokeExplosively(FrameworkMethod.java:56)
	at org.junit.internal.runners.statements.InvokeMethod.evaluate(InvokeMethod.java:17)
	at org.junit.internal.runners.statements.RunBefores.evaluate(RunBefores.java:26)
	at org.junit.runners.ParentRunner$3.evaluate(ParentRunner.java:306)
	at org.junit.runners.BlockJUnit4ClassRunner$1.evaluate(BlockJUnit4ClassRunner.java:100)
	at org.junit.runners.ParentRunner.runLeaf(ParentRunner.java:366)
	at org.junit.runners.BlockJUnit4ClassRunner.runChild(BlockJUnit4ClassRunner.java:103)
	at org.junit.runners.BlockJUnit4ClassRunner.runChild(BlockJUnit4ClassRunner.java:63)
	at org.junit.runners.ParentRunner$4.run(ParentRunner.java:331)
	at org.junit.runners.ParentRunner$1.schedule(ParentRunner.java:79)
	at org.junit.runners.ParentRunner.runChildren(ParentRunner.java:329)
	at org.junit.runners.ParentRunner.access$100(ParentRunner.java:66)
	at org.junit.runners.ParentRunner$2.evaluate(ParentRunner.java:293)
	at org.junit.runners.ParentRunner$3.evaluate(ParentRunner.java:306)
	at org.junit.runners.ParentRunner.run(ParentRunner.java:413)
	at org.junit.runners.Suite.runChild(Suite.java:128)
	at org.junit.runners.Suite.runChild(Suite.java:27)
	at org.junit.runners.ParentRunner$4.run(ParentRunner.java:331)
	at org.junit.runners.ParentRunner$1.schedule(ParentRunner.java:79)
	at org.junit.runners.ParentRunner.runChildren(ParentRunner.java:329)
	at org.junit.runners.ParentRunner.access$100(ParentRunner.java:66)
	at org.junit.runners.ParentRunner$2.evaluate(ParentRunner.java:293)
	at org.junit.internal.runners.statements.RunBefores.evaluate(RunBefores.java:26)
	at org.junit.internal.runners.statements.RunAfters.evaluate(RunAfters.java:27)
	at org.junit.runners.ParentRunner$3.evaluate(ParentRunner.java:306)
	at org.junit.runners.ParentRunner.run(ParentRunner.java:413)
	at org.apache.maven.surefire.junit4.JUnit4Provider.execute(JUnit4Provider.java:252)
	at org.apache.maven.surefire.junit4.JUnit4Provider.executeTestSet(JUnit4Provider.java:141)
	at org.apache.maven.surefire.junit4.JUnit4Provider.invoke(JUnit4Provider.java:112)
	at sun.reflect.NativeMethodAccessorImpl.invoke0(Native Method)
	at sun.reflect.NativeMethodAccessorImpl.invoke(NativeMethodAccessorImpl.java:62)
	at sun.reflect.DelegatingMethodAccessorImpl.invoke(DelegatingMethodAccessorImpl.java:43)
	at java.lang.reflect.Method.invoke(Method.java:498)
	at org.apache.maven.surefire.util.ReflectionUtils.invokeMethodWithArray(ReflectionUtils.java:189)
	at org.apache.maven.surefire.booter.ProviderFactory$ProviderProxy.invoke(ProviderFactory.java:165)
	at org.apache.maven.surefire.booter.ProviderFactory.invokeProvider(ProviderFactory.java:85)
	at org.apache.maven.surefire.booter.ForkedBooter.runSuitesInProcess(ForkedBooter.java:115)
	at org.apache.maven.surefire.booter.ForkedBooter.main(ForkedBooter.java:75)
</failure>
    <system-out>[EL Info]: 2022-04-28 16:59:58.904--ServerSession(973382213)--EclipseLink, version: Eclipse Persistence Services - 2.7.6.v20200131-b7c997804f
[EL Info]: connection: 2022-04-28 16:59:58.909--ServerSession(973382213)--/file:/C:/Users/Adrián/IdeaProjects/MA3S_Proyecto/fintech/fintech-ejb/target/test-classes/_FintechEjbTest login successful
[EL Info]: connection: 2022-04-28 16:59:58.974--ServerSession(973382213)--/file:/C:/Users/Adrián/IdeaProjects/MA3S_Proyecto/fintech/fintech-ejb/target/test-classes/_FintechEjbTest logout successful
</system-out>
  </testcase>
  <testcase classname="ma3s.fintech.test.Clientes" name="testModDireccionIndividual" time="0.127">
    <failure message="Lanzó excepción al modificar" type="java.lang.AssertionError">java.lang.AssertionError: Lanzó excepción al modificar
	at org.junit.Assert.fail(Assert.java:89)
	at ma3s.fintech.test.Clientes.testModDireccionIndividual(Clientes.java:389)
	at sun.reflect.NativeMethodAccessorImpl.invoke0(Native Method)
	at sun.reflect.NativeMethodAccessorImpl.invoke(NativeMethodAccessorImpl.java:62)
	at sun.reflect.DelegatingMethodAccessorImpl.invoke(DelegatingMethodAccessorImpl.java:43)
	at java.lang.reflect.Method.invoke(Method.java:498)
	at org.junit.runners.model.FrameworkMethod$1.runReflectiveCall(FrameworkMethod.java:59)
	at org.junit.internal.runners.model.ReflectiveCallable.run(ReflectiveCallable.java:12)
	at org.junit.runners.model.FrameworkMethod.invokeExplosively(FrameworkMethod.java:56)
	at org.junit.internal.runners.statements.InvokeMethod.evaluate(InvokeMethod.java:17)
	at org.junit.internal.runners.statements.RunBefores.evaluate(RunBefores.java:26)
	at org.junit.runners.ParentRunner$3.evaluate(ParentRunner.java:306)
	at org.junit.runners.BlockJUnit4ClassRunner$1.evaluate(BlockJUnit4ClassRunner.java:100)
	at org.junit.runners.ParentRunner.runLeaf(ParentRunner.java:366)
	at org.junit.runners.BlockJUnit4ClassRunner.runChild(BlockJUnit4ClassRunner.java:103)
	at org.junit.runners.BlockJUnit4ClassRunner.runChild(BlockJUnit4ClassRunner.java:63)
	at org.junit.runners.ParentRunner$4.run(ParentRunner.java:331)
	at org.junit.runners.ParentRunner$1.schedule(ParentRunner.java:79)
	at org.junit.runners.ParentRunner.runChildren(ParentRunner.java:329)
	at org.junit.runners.ParentRunner.access$100(ParentRunner.java:66)
	at org.junit.runners.ParentRunner$2.evaluate(ParentRunner.java:293)
	at org.junit.runners.ParentRunner$3.evaluate(ParentRunner.java:306)
	at org.junit.runners.ParentRunner.run(ParentRunner.java:413)
	at org.junit.runners.Suite.runChild(Suite.java:128)
	at org.junit.runners.Suite.runChild(Suite.java:27)
	at org.junit.runners.ParentRunner$4.run(ParentRunner.java:331)
	at org.junit.runners.ParentRunner$1.schedule(ParentRunner.java:79)
	at org.junit.runners.ParentRunner.runChildren(ParentRunner.java:329)
	at org.junit.runners.ParentRunner.access$100(ParentRunner.java:66)
	at org.junit.runners.ParentRunner$2.evaluate(ParentRunner.java:293)
	at org.junit.internal.runners.statements.RunBefores.evaluate(RunBefores.java:26)
	at org.junit.internal.runners.statements.RunAfters.evaluate(RunAfters.java:27)
	at org.junit.runners.ParentRunner$3.evaluate(ParentRunner.java:306)
	at org.junit.runners.ParentRunner.run(ParentRunner.java:413)
	at org.apache.maven.surefire.junit4.JUnit4Provider.execute(JUnit4Provider.java:252)
	at org.apache.maven.surefire.junit4.JUnit4Provider.executeTestSet(JUnit4Provider.java:141)
	at org.apache.maven.surefire.junit4.JUnit4Provider.invoke(JUnit4Provider.java:112)
	at sun.reflect.NativeMethodAccessorImpl.invoke0(Native Method)
	at sun.reflect.NativeMethodAccessorImpl.invoke(NativeMethodAccessorImpl.java:62)
	at sun.reflect.DelegatingMethodAccessorImpl.invoke(DelegatingMethodAccessorImpl.java:43)
	at java.lang.reflect.Method.invoke(Method.java:498)
	at org.apache.maven.surefire.util.ReflectionUtils.invokeMethodWithArray(ReflectionUtils.java:189)
	at org.apache.maven.surefire.booter.ProviderFactory$ProviderProxy.invoke(ProviderFactory.java:165)
	at org.apache.maven.surefire.booter.ProviderFactory.invokeProvider(ProviderFactory.java:85)
	at org.apache.maven.surefire.booter.ForkedBooter.runSuitesInProcess(ForkedBooter.java:115)
	at org.apache.maven.surefire.booter.ForkedBooter.main(ForkedBooter.java:75)
</failure>
    <system-out>[EL Info]: 2022-04-28 16:59:59.046--ServerSession(1843819376)--EclipseLink, version: Eclipse Persistence Services - 2.7.6.v20200131-b7c997804f
[EL Info]: connection: 2022-04-28 16:59:59.051--ServerSession(1843819376)--/file:/C:/Users/Adrián/IdeaProjects/MA3S_Proyecto/fintech/fintech-ejb/target/test-classes/_FintechEjbTest login successful
[EL Info]: connection: 2022-04-28 16:59:59.102--ServerSession(1843819376)--/file:/C:/Users/Adrián/IdeaProjects/MA3S_Proyecto/fintech/fintech-ejb/target/test-classes/_FintechEjbTest logout successful
</system-out>
  </testcase>
  <testcase classname="ma3s.fintech.test.Clientes" name="testModDireccionIndividualCampoVacio" time="0.135">
    <failure message="Debe lanzar la excepción de campo vacio" type="java.lang.AssertionError">java.lang.AssertionError: Debe lanzar la excepción de campo vacio
	at org.junit.Assert.fail(Assert.java:89)
	at ma3s.fintech.test.Clientes.testModDireccionIndividualCampoVacio(Clientes.java:403)
	at sun.reflect.NativeMethodAccessorImpl.invoke0(Native Method)
	at sun.reflect.NativeMethodAccessorImpl.invoke(NativeMethodAccessorImpl.java:62)
	at sun.reflect.DelegatingMethodAccessorImpl.invoke(DelegatingMethodAccessorImpl.java:43)
	at java.lang.reflect.Method.invoke(Method.java:498)
	at org.junit.runners.model.FrameworkMethod$1.runReflectiveCall(FrameworkMethod.java:59)
	at org.junit.internal.runners.model.ReflectiveCallable.run(ReflectiveCallable.java:12)
	at org.junit.runners.model.FrameworkMethod.invokeExplosively(FrameworkMethod.java:56)
	at org.junit.internal.runners.statements.InvokeMethod.evaluate(InvokeMethod.java:17)
	at org.junit.internal.runners.statements.RunBefores.evaluate(RunBefores.java:26)
	at org.junit.runners.ParentRunner$3.evaluate(ParentRunner.java:306)
	at org.junit.runners.BlockJUnit4ClassRunner$1.evaluate(BlockJUnit4ClassRunner.java:100)
	at org.junit.runners.ParentRunner.runLeaf(ParentRunner.java:366)
	at org.junit.runners.BlockJUnit4ClassRunner.runChild(BlockJUnit4ClassRunner.java:103)
	at org.junit.runners.BlockJUnit4ClassRunner.runChild(BlockJUnit4ClassRunner.java:63)
	at org.junit.runners.ParentRunner$4.run(ParentRunner.java:331)
	at org.junit.runners.ParentRunner$1.schedule(ParentRunner.java:79)
	at org.junit.runners.ParentRunner.runChildren(ParentRunner.java:329)
	at org.junit.runners.ParentRunner.access$100(ParentRunner.java:66)
	at org.junit.runners.ParentRunner$2.evaluate(ParentRunner.java:293)
	at org.junit.runners.ParentRunner$3.evaluate(ParentRunner.java:306)
	at org.junit.runners.ParentRunner.run(ParentRunner.java:413)
	at org.junit.runners.Suite.runChild(Suite.java:128)
	at org.junit.runners.Suite.runChild(Suite.java:27)
	at org.junit.runners.ParentRunner$4.run(ParentRunner.java:331)
	at org.junit.runners.ParentRunner$1.schedule(ParentRunner.java:79)
	at org.junit.runners.ParentRunner.runChildren(ParentRunner.java:329)
	at org.junit.runners.ParentRunner.access$100(ParentRunner.java:66)
	at org.junit.runners.ParentRunner$2.evaluate(ParentRunner.java:293)
	at org.junit.internal.runners.statements.RunBefores.evaluate(RunBefores.java:26)
	at org.junit.internal.runners.statements.RunAfters.evaluate(RunAfters.java:27)
	at org.junit.runners.ParentRunner$3.evaluate(ParentRunner.java:306)
	at org.junit.runners.ParentRunner.run(ParentRunner.java:413)
	at org.apache.maven.surefire.junit4.JUnit4Provider.execute(JUnit4Provider.java:252)
	at org.apache.maven.surefire.junit4.JUnit4Provider.executeTestSet(JUnit4Provider.java:141)
	at org.apache.maven.surefire.junit4.JUnit4Provider.invoke(JUnit4Provider.java:112)
	at sun.reflect.NativeMethodAccessorImpl.invoke0(Native Method)
	at sun.reflect.NativeMethodAccessorImpl.invoke(NativeMethodAccessorImpl.java:62)
	at sun.reflect.DelegatingMethodAccessorImpl.invoke(DelegatingMethodAccessorImpl.java:43)
	at java.lang.reflect.Method.invoke(Method.java:498)
	at org.apache.maven.surefire.util.ReflectionUtils.invokeMethodWithArray(ReflectionUtils.java:189)
	at org.apache.maven.surefire.booter.ProviderFactory$ProviderProxy.invoke(ProviderFactory.java:165)
	at org.apache.maven.surefire.booter.ProviderFactory.invokeProvider(ProviderFactory.java:85)
	at org.apache.maven.surefire.booter.ForkedBooter.runSuitesInProcess(ForkedBooter.java:115)
	at org.apache.maven.surefire.booter.ForkedBooter.main(ForkedBooter.java:75)
</failure>
    <system-out>[EL Info]: 2022-04-28 16:59:59.187--ServerSession(1837107370)--EclipseLink, version: Eclipse Persistence Services - 2.7.6.v20200131-b7c997804f
[EL Info]: connection: 2022-04-28 16:59:59.192--ServerSession(1837107370)--/file:/C:/Users/Adrián/IdeaProjects/MA3S_Proyecto/fintech/fintech-ejb/target/test-classes/_FintechEjbTest login successful
[EL Info]: connection: 2022-04-28 16:59:59.238--ServerSession(1837107370)--/file:/C:/Users/Adrián/IdeaProjects/MA3S_Proyecto/fintech/fintech-ejb/target/test-classes/_FintechEjbTest logout successful
</system-out>
  </testcase>
  <testcase classname="ma3s.fintech.test.Clientes" name="testModPaisIndividualCampoVacio" time="0.155">
    <failure message="Debe lanzar la excepción de campo vacio" type="java.lang.AssertionError">java.lang.AssertionError: Debe lanzar la excepción de campo vacio
	at org.junit.Assert.fail(Assert.java:89)
	at ma3s.fintech.test.Clientes.testModPaisIndividualCampoVacio(Clientes.java:518)
	at sun.reflect.NativeMethodAccessorImpl.invoke0(Native Method)
	at sun.reflect.NativeMethodAccessorImpl.invoke(NativeMethodAccessorImpl.java:62)
	at sun.reflect.DelegatingMethodAccessorImpl.invoke(DelegatingMethodAccessorImpl.java:43)
	at java.lang.reflect.Method.invoke(Method.java:498)
	at org.junit.runners.model.FrameworkMethod$1.runReflectiveCall(FrameworkMethod.java:59)
	at org.junit.internal.runners.model.ReflectiveCallable.run(ReflectiveCallable.java:12)
	at org.junit.runners.model.FrameworkMethod.invokeExplosively(FrameworkMethod.java:56)
	at org.junit.internal.runners.statements.InvokeMethod.evaluate(InvokeMethod.java:17)
	at org.junit.internal.runners.statements.RunBefores.evaluate(RunBefores.java:26)
	at org.junit.runners.ParentRunner$3.evaluate(ParentRunner.java:306)
	at org.junit.runners.BlockJUnit4ClassRunner$1.evaluate(BlockJUnit4ClassRunner.java:100)
	at org.junit.runners.ParentRunner.runLeaf(ParentRunner.java:366)
	at org.junit.runners.BlockJUnit4ClassRunner.runChild(BlockJUnit4ClassRunner.java:103)
	at org.junit.runners.BlockJUnit4ClassRunner.runChild(BlockJUnit4ClassRunner.java:63)
	at org.junit.runners.ParentRunner$4.run(ParentRunner.java:331)
	at org.junit.runners.ParentRunner$1.schedule(ParentRunner.java:79)
	at org.junit.runners.ParentRunner.runChildren(ParentRunner.java:329)
	at org.junit.runners.ParentRunner.access$100(ParentRunner.java:66)
	at org.junit.runners.ParentRunner$2.evaluate(ParentRunner.java:293)
	at org.junit.runners.ParentRunner$3.evaluate(ParentRunner.java:306)
	at org.junit.runners.ParentRunner.run(ParentRunner.java:413)
	at org.junit.runners.Suite.runChild(Suite.java:128)
	at org.junit.runners.Suite.runChild(Suite.java:27)
	at org.junit.runners.ParentRunner$4.run(ParentRunner.java:331)
	at org.junit.runners.ParentRunner$1.schedule(ParentRunner.java:79)
	at org.junit.runners.ParentRunner.runChildren(ParentRunner.java:329)
	at org.junit.runners.ParentRunner.access$100(ParentRunner.java:66)
	at org.junit.runners.ParentRunner$2.evaluate(ParentRunner.java:293)
	at org.junit.internal.runners.statements.RunBefores.evaluate(RunBefores.java:26)
	at org.junit.internal.runners.statements.RunAfters.evaluate(RunAfters.java:27)
	at org.junit.runners.ParentRunner$3.evaluate(ParentRunner.java:306)
	at org.junit.runners.ParentRunner.run(ParentRunner.java:413)
	at org.apache.maven.surefire.junit4.JUnit4Provider.execute(JUnit4Provider.java:252)
	at org.apache.maven.surefire.junit4.JUnit4Provider.executeTestSet(JUnit4Provider.java:141)
	at org.apache.maven.surefire.junit4.JUnit4Provider.invoke(JUnit4Provider.java:112)
	at sun.reflect.NativeMethodAccessorImpl.invoke0(Native Method)
	at sun.reflect.NativeMethodAccessorImpl.invoke(NativeMethodAccessorImpl.java:62)
	at sun.reflect.DelegatingMethodAccessorImpl.invoke(DelegatingMethodAccessorImpl.java:43)
	at java.lang.reflect.Method.invoke(Method.java:498)
	at org.apache.maven.surefire.util.ReflectionUtils.invokeMethodWithArray(ReflectionUtils.java:189)
	at org.apache.maven.surefire.booter.ProviderFactory$ProviderProxy.invoke(ProviderFactory.java:165)
	at org.apache.maven.surefire.booter.ProviderFactory.invokeProvider(ProviderFactory.java:85)
	at org.apache.maven.surefire.booter.ForkedBooter.runSuitesInProcess(ForkedBooter.java:115)
	at org.apache.maven.surefire.booter.ForkedBooter.main(ForkedBooter.java:75)
</failure>
    <system-out>[EL Info]: 2022-04-28 16:59:59.324--ServerSession(295593117)--EclipseLink, version: Eclipse Persistence Services - 2.7.6.v20200131-b7c997804f
[EL Info]: connection: 2022-04-28 16:59:59.329--ServerSession(295593117)--/file:/C:/Users/Adrián/IdeaProjects/MA3S_Proyecto/fintech/fintech-ejb/target/test-classes/_FintechEjbTest login successful
[EL Info]: connection: 2022-04-28 16:59:59.392--ServerSession(295593117)--/file:/C:/Users/Adrián/IdeaProjects/MA3S_Proyecto/fintech/fintech-ejb/target/test-classes/_FintechEjbTest logout successful
</system-out>
  </testcase>
  <testcase classname="ma3s.fintech.test.Clientes" name="testDarAltaEmpresa" time="0.132"/>
  <testcase classname="ma3s.fintech.test.Clientes" name="testModPaisEmpresaNoExistente" time="0.145"/>
  <testcase classname="ma3s.fintech.test.Clientes" name="testModPaisIndividual" time="0.157">
    <failure message="Lanzó excepción al modificar" type="java.lang.AssertionError">java.lang.AssertionError: Lanzó excepción al modificar
	at org.junit.Assert.fail(Assert.java:89)
	at ma3s.fintech.test.Clientes.testModPaisIndividual(Clientes.java:504)
	at sun.reflect.NativeMethodAccessorImpl.invoke0(Native Method)
	at sun.reflect.NativeMethodAccessorImpl.invoke(NativeMethodAccessorImpl.java:62)
	at sun.reflect.DelegatingMethodAccessorImpl.invoke(DelegatingMethodAccessorImpl.java:43)
	at java.lang.reflect.Method.invoke(Method.java:498)
	at org.junit.runners.model.FrameworkMethod$1.runReflectiveCall(FrameworkMethod.java:59)
	at org.junit.internal.runners.model.ReflectiveCallable.run(ReflectiveCallable.java:12)
	at org.junit.runners.model.FrameworkMethod.invokeExplosively(FrameworkMethod.java:56)
	at org.junit.internal.runners.statements.InvokeMethod.evaluate(InvokeMethod.java:17)
	at org.junit.internal.runners.statements.RunBefores.evaluate(RunBefores.java:26)
	at org.junit.runners.ParentRunner$3.evaluate(ParentRunner.java:306)
	at org.junit.runners.BlockJUnit4ClassRunner$1.evaluate(BlockJUnit4ClassRunner.java:100)
	at org.junit.runners.ParentRunner.runLeaf(ParentRunner.java:366)
	at org.junit.runners.BlockJUnit4ClassRunner.runChild(BlockJUnit4ClassRunner.java:103)
	at org.junit.runners.BlockJUnit4ClassRunner.runChild(BlockJUnit4ClassRunner.java:63)
	at org.junit.runners.ParentRunner$4.run(ParentRunner.java:331)
	at org.junit.runners.ParentRunner$1.schedule(ParentRunner.java:79)
	at org.junit.runners.ParentRunner.runChildren(ParentRunner.java:329)
	at org.junit.runners.ParentRunner.access$100(ParentRunner.java:66)
	at org.junit.runners.ParentRunner$2.evaluate(ParentRunner.java:293)
	at org.junit.runners.ParentRunner$3.evaluate(ParentRunner.java:306)
	at org.junit.runners.ParentRunner.run(ParentRunner.java:413)
	at org.junit.runners.Suite.runChild(Suite.java:128)
	at org.junit.runners.Suite.runChild(Suite.java:27)
	at org.junit.runners.ParentRunner$4.run(ParentRunner.java:331)
	at org.junit.runners.ParentRunner$1.schedule(ParentRunner.java:79)
	at org.junit.runners.ParentRunner.runChildren(ParentRunner.java:329)
	at org.junit.runners.ParentRunner.access$100(ParentRunner.java:66)
	at org.junit.runners.ParentRunner$2.evaluate(ParentRunner.java:293)
	at org.junit.internal.runners.statements.RunBefores.evaluate(RunBefores.java:26)
	at org.junit.internal.runners.statements.RunAfters.evaluate(RunAfters.java:27)
	at org.junit.runners.ParentRunner$3.evaluate(ParentRunner.java:306)
	at org.junit.runners.ParentRunner.run(ParentRunner.java:413)
	at org.apache.maven.surefire.junit4.JUnit4Provider.execute(JUnit4Provider.java:252)
	at org.apache.maven.surefire.junit4.JUnit4Provider.executeTestSet(JUnit4Provider.java:141)
	at org.apache.maven.surefire.junit4.JUnit4Provider.invoke(JUnit4Provider.java:112)
	at sun.reflect.NativeMethodAccessorImpl.invoke0(Native Method)
	at sun.reflect.NativeMethodAccessorImpl.invoke(NativeMethodAccessorImpl.java:62)
	at sun.reflect.DelegatingMethodAccessorImpl.invoke(DelegatingMethodAccessorImpl.java:43)
	at java.lang.reflect.Method.invoke(Method.java:498)
	at org.apache.maven.surefire.util.ReflectionUtils.invokeMethodWithArray(ReflectionUtils.java:189)
	at org.apache.maven.surefire.booter.ProviderFactory$ProviderProxy.invoke(ProviderFactory.java:165)
	at org.apache.maven.surefire.booter.ProviderFactory.invokeProvider(ProviderFactory.java:85)
	at org.apache.maven.surefire.booter.ForkedBooter.runSuitesInProcess(ForkedBooter.java:115)
	at org.apache.maven.surefire.booter.ForkedBooter.main(ForkedBooter.java:75)
</failure>
    <system-out>[EL Info]: 2022-04-28 16:59:59.763--ServerSession(2019798012)--EclipseLink, version: Eclipse Persistence Services - 2.7.6.v20200131-b7c997804f
[EL Info]: connection: 2022-04-28 16:59:59.767--ServerSession(2019798012)--/file:/C:/Users/Adrián/IdeaProjects/MA3S_Proyecto/fintech/fintech-ejb/target/test-classes/_FintechEjbTest login successful
[EL Info]: connection: 2022-04-28 16:59:59.827--ServerSession(2019798012)--/file:/C:/Users/Adrián/IdeaProjects/MA3S_Proyecto/fintech/fintech-ejb/target/test-classes/_FintechEjbTest logout successful
</system-out>
  </testcase>
  <testcase classname="ma3s.fintech.test.Clientes" name="testDarAltaEmpresaClienteYaExistente" time="0.17"/>
  <testcase classname="ma3s.fintech.test.Clientes" name="testModPaisEmpresaCampoVacio" time="0.158">
    <failure message="Debe lanzar la excepción de campo vacio" type="java.lang.AssertionError">java.lang.AssertionError: Debe lanzar la excepción de campo vacio
	at org.junit.Assert.fail(Assert.java:89)
	at ma3s.fintech.test.Clientes.testModPaisEmpresaCampoVacio(Clientes.java:326)
	at sun.reflect.NativeMethodAccessorImpl.invoke0(Native Method)
	at sun.reflect.NativeMethodAccessorImpl.invoke(NativeMethodAccessorImpl.java:62)
	at sun.reflect.DelegatingMethodAccessorImpl.invoke(DelegatingMethodAccessorImpl.java:43)
	at java.lang.reflect.Method.invoke(Method.java:498)
	at org.junit.runners.model.FrameworkMethod$1.runReflectiveCall(FrameworkMethod.java:59)
	at org.junit.internal.runners.model.ReflectiveCallable.run(ReflectiveCallable.java:12)
	at org.junit.runners.model.FrameworkMethod.invokeExplosively(FrameworkMethod.java:56)
	at org.junit.internal.runners.statements.InvokeMethod.evaluate(InvokeMethod.java:17)
	at org.junit.internal.runners.statements.RunBefores.evaluate(RunBefores.java:26)
	at org.junit.runners.ParentRunner$3.evaluate(ParentRunner.java:306)
	at org.junit.runners.BlockJUnit4ClassRunner$1.evaluate(BlockJUnit4ClassRunner.java:100)
	at org.junit.runners.ParentRunner.runLeaf(ParentRunner.java:366)
	at org.junit.runners.BlockJUnit4ClassRunner.runChild(BlockJUnit4ClassRunner.java:103)
	at org.junit.runners.BlockJUnit4ClassRunner.runChild(BlockJUnit4ClassRunner.java:63)
	at org.junit.runners.ParentRunner$4.run(ParentRunner.java:331)
	at org.junit.runners.ParentRunner$1.schedule(ParentRunner.java:79)
	at org.junit.runners.ParentRunner.runChildren(ParentRunner.java:329)
	at org.junit.runners.ParentRunner.access$100(ParentRunner.java:66)
	at org.junit.runners.ParentRunner$2.evaluate(ParentRunner.java:293)
	at org.junit.runners.ParentRunner$3.evaluate(ParentRunner.java:306)
	at org.junit.runners.ParentRunner.run(ParentRunner.java:413)
	at org.junit.runners.Suite.runChild(Suite.java:128)
	at org.junit.runners.Suite.runChild(Suite.java:27)
	at org.junit.runners.ParentRunner$4.run(ParentRunner.java:331)
	at org.junit.runners.ParentRunner$1.schedule(ParentRunner.java:79)
	at org.junit.runners.ParentRunner.runChildren(ParentRunner.java:329)
	at org.junit.runners.ParentRunner.access$100(ParentRunner.java:66)
	at org.junit.runners.ParentRunner$2.evaluate(ParentRunner.java:293)
	at org.junit.internal.runners.statements.RunBefores.evaluate(RunBefores.java:26)
	at org.junit.internal.runners.statements.RunAfters.evaluate(RunAfters.java:27)
	at org.junit.runners.ParentRunner$3.evaluate(ParentRunner.java:306)
	at org.junit.runners.ParentRunner.run(ParentRunner.java:413)
	at org.apache.maven.surefire.junit4.JUnit4Provider.execute(JUnit4Provider.java:252)
	at org.apache.maven.surefire.junit4.JUnit4Provider.executeTestSet(JUnit4Provider.java:141)
	at org.apache.maven.surefire.junit4.JUnit4Provider.invoke(JUnit4Provider.java:112)
	at sun.reflect.NativeMethodAccessorImpl.invoke0(Native Method)
	at sun.reflect.NativeMethodAccessorImpl.invoke(NativeMethodAccessorImpl.java:62)
	at sun.reflect.DelegatingMethodAccessorImpl.invoke(DelegatingMethodAccessorImpl.java:43)
	at java.lang.reflect.Method.invoke(Method.java:498)
	at org.apache.maven.surefire.util.ReflectionUtils.invokeMethodWithArray(ReflectionUtils.java:189)
	at org.apache.maven.surefire.booter.ProviderFactory$ProviderProxy.invoke(ProviderFactory.java:165)
	at org.apache.maven.surefire.booter.ProviderFactory.invokeProvider(ProviderFactory.java:85)
	at org.apache.maven.surefire.booter.ForkedBooter.runSuitesInProcess(ForkedBooter.java:115)
	at org.apache.maven.surefire.booter.ForkedBooter.main(ForkedBooter.java:75)
</failure>
    <system-out>[EL Info]: 2022-04-28 17:00:00.081--ServerSession(1621334468)--EclipseLink, version: Eclipse Persistence Services - 2.7.6.v20200131-b7c997804f
[EL Info]: connection: 2022-04-28 17:00:00.087--ServerSession(1621334468)--/file:/C:/Users/Adrián/IdeaProjects/MA3S_Proyecto/fintech/fintech-ejb/target/test-classes/_FintechEjbTest login successful
[EL Info]: connection: 2022-04-28 17:00:00.156--ServerSession(1621334468)--/file:/C:/Users/Adrián/IdeaProjects/MA3S_Proyecto/fintech/fintech-ejb/target/test-classes/_FintechEjbTest logout successful
</system-out>
  </testcase>
  <testcase classname="ma3s.fintech.test.Clientes" name="testDarBajaClienteCampoVacio" time="0.128"/>
  <testcase classname="ma3s.fintech.test.Clientes" name="testModFechaNacimientoIndividual" time="0.129">
    <failure message="Lanzó excepción al modificar" type="java.lang.AssertionError">java.lang.AssertionError: Lanzó excepción al modificar
	at org.junit.Assert.fail(Assert.java:89)
	at ma3s.fintech.test.Clientes.testModFechaNacimientoIndividual(Clientes.java:618)
	at sun.reflect.NativeMethodAccessorImpl.invoke0(Native Method)
	at sun.reflect.NativeMethodAccessorImpl.invoke(NativeMethodAccessorImpl.java:62)
	at sun.reflect.DelegatingMethodAccessorImpl.invoke(DelegatingMethodAccessorImpl.java:43)
	at java.lang.reflect.Method.invoke(Method.java:498)
	at org.junit.runners.model.FrameworkMethod$1.runReflectiveCall(FrameworkMethod.java:59)
	at org.junit.internal.runners.model.ReflectiveCallable.run(ReflectiveCallable.java:12)
	at org.junit.runners.model.FrameworkMethod.invokeExplosively(FrameworkMethod.java:56)
	at org.junit.internal.runners.statements.InvokeMethod.evaluate(InvokeMethod.java:17)
	at org.junit.internal.runners.statements.RunBefores.evaluate(RunBefores.java:26)
	at org.junit.runners.ParentRunner$3.evaluate(ParentRunner.java:306)
	at org.junit.runners.BlockJUnit4ClassRunner$1.evaluate(BlockJUnit4ClassRunner.java:100)
	at org.junit.runners.ParentRunner.runLeaf(ParentRunner.java:366)
	at org.junit.runners.BlockJUnit4ClassRunner.runChild(BlockJUnit4ClassRunner.java:103)
	at org.junit.runners.BlockJUnit4ClassRunner.runChild(BlockJUnit4ClassRunner.java:63)
	at org.junit.runners.ParentRunner$4.run(ParentRunner.java:331)
	at org.junit.runners.ParentRunner$1.schedule(ParentRunner.java:79)
	at org.junit.runners.ParentRunner.runChildren(ParentRunner.java:329)
	at org.junit.runners.ParentRunner.access$100(ParentRunner.java:66)
	at org.junit.runners.ParentRunner$2.evaluate(ParentRunner.java:293)
	at org.junit.runners.ParentRunner$3.evaluate(ParentRunner.java:306)
	at org.junit.runners.ParentRunner.run(ParentRunner.java:413)
	at org.junit.runners.Suite.runChild(Suite.java:128)
	at org.junit.runners.Suite.runChild(Suite.java:27)
	at org.junit.runners.ParentRunner$4.run(ParentRunner.java:331)
	at org.junit.runners.ParentRunner$1.schedule(ParentRunner.java:79)
	at org.junit.runners.ParentRunner.runChildren(ParentRunner.java:329)
	at org.junit.runners.ParentRunner.access$100(ParentRunner.java:66)
	at org.junit.runners.ParentRunner$2.evaluate(ParentRunner.java:293)
	at org.junit.internal.runners.statements.RunBefores.evaluate(RunBefores.java:26)
	at org.junit.internal.runners.statements.RunAfters.evaluate(RunAfters.java:27)
	at org.junit.runners.ParentRunner$3.evaluate(ParentRunner.java:306)
	at org.junit.runners.ParentRunner.run(ParentRunner.java:413)
	at org.apache.maven.surefire.junit4.JUnit4Provider.execute(JUnit4Provider.java:252)
	at org.apache.maven.surefire.junit4.JUnit4Provider.executeTestSet(JUnit4Provider.java:141)
	at org.apache.maven.surefire.junit4.JUnit4Provider.invoke(JUnit4Provider.java:112)
	at sun.reflect.NativeMethodAccessorImpl.invoke0(Native Method)
	at sun.reflect.NativeMethodAccessorImpl.invoke(NativeMethodAccessorImpl.java:62)
	at sun.reflect.DelegatingMethodAccessorImpl.invoke(DelegatingMethodAccessorImpl.java:43)
	at java.lang.reflect.Method.invoke(Method.java:498)
	at org.apache.maven.surefire.util.ReflectionUtils.invokeMethodWithArray(ReflectionUtils.java:189)
	at org.apache.maven.surefire.booter.ProviderFactory$ProviderProxy.invoke(ProviderFactory.java:165)
	at org.apache.maven.surefire.booter.ProviderFactory.invokeProvider(ProviderFactory.java:85)
	at org.apache.maven.surefire.booter.ForkedBooter.runSuitesInProcess(ForkedBooter.java:115)
	at org.apache.maven.surefire.booter.ForkedBooter.main(ForkedBooter.java:75)
</failure>
    <system-out>[EL Info]: 2022-04-28 17:00:00.356--ServerSession(1624333121)--EclipseLink, version: Eclipse Persistence Services - 2.7.6.v20200131-b7c997804f
[EL Info]: connection: 2022-04-28 17:00:00.36--ServerSession(1624333121)--/file:/C:/Users/Adrián/IdeaProjects/MA3S_Proyecto/fintech/fintech-ejb/target/test-classes/_FintechEjbTest login successful
[EL Info]: connection: 2022-04-28 17:00:00.411--ServerSession(1624333121)--/file:/C:/Users/Adrián/IdeaProjects/MA3S_Proyecto/fintech/fintech-ejb/target/test-classes/_FintechEjbTest logout successful
</system-out>
  </testcase>
  <testcase classname="ma3s.fintech.test.Clientes" name="testModDireccionEmpresaCampoVacio" time="0.11">
    <failure message="Debe lanzar la excepción de campo vacio" type="java.lang.AssertionError">java.lang.AssertionError: Debe lanzar la excepción de campo vacio
	at org.junit.Assert.fail(Assert.java:89)
	at ma3s.fintech.test.Clientes.testModDireccionEmpresaCampoVacio(Clientes.java:211)
	at sun.reflect.NativeMethodAccessorImpl.invoke0(Native Method)
	at sun.reflect.NativeMethodAccessorImpl.invoke(NativeMethodAccessorImpl.java:62)
	at sun.reflect.DelegatingMethodAccessorImpl.invoke(DelegatingMethodAccessorImpl.java:43)
	at java.lang.reflect.Method.invoke(Method.java:498)
	at org.junit.runners.model.FrameworkMethod$1.runReflectiveCall(FrameworkMethod.java:59)
	at org.junit.internal.runners.model.ReflectiveCallable.run(ReflectiveCallable.java:12)
	at org.junit.runners.model.FrameworkMethod.invokeExplosively(FrameworkMethod.java:56)
	at org.junit.internal.runners.statements.InvokeMethod.evaluate(InvokeMethod.java:17)
	at org.junit.internal.runners.statements.RunBefores.evaluate(RunBefores.java:26)
	at org.junit.runners.ParentRunner$3.evaluate(ParentRunner.java:306)
	at org.junit.runners.BlockJUnit4ClassRunner$1.evaluate(BlockJUnit4ClassRunner.java:100)
	at org.junit.runners.ParentRunner.runLeaf(ParentRunner.java:366)
	at org.junit.runners.BlockJUnit4ClassRunner.runChild(BlockJUnit4ClassRunner.java:103)
	at org.junit.runners.BlockJUnit4ClassRunner.runChild(BlockJUnit4ClassRunner.java:63)
	at org.junit.runners.ParentRunner$4.run(ParentRunner.java:331)
	at org.junit.runners.ParentRunner$1.schedule(ParentRunner.java:79)
	at org.junit.runners.ParentRunner.runChildren(ParentRunner.java:329)
	at org.junit.runners.ParentRunner.access$100(ParentRunner.java:66)
	at org.junit.runners.ParentRunner$2.evaluate(ParentRunner.java:293)
	at org.junit.runners.ParentRunner$3.evaluate(ParentRunner.java:306)
	at org.junit.runners.ParentRunner.run(ParentRunner.java:413)
	at org.junit.runners.Suite.runChild(Suite.java:128)
	at org.junit.runners.Suite.runChild(Suite.java:27)
	at org.junit.runners.ParentRunner$4.run(ParentRunner.java:331)
	at org.junit.runners.ParentRunner$1.schedule(ParentRunner.java:79)
	at org.junit.runners.ParentRunner.runChildren(ParentRunner.java:329)
	at org.junit.runners.ParentRunner.access$100(ParentRunner.java:66)
	at org.junit.runners.ParentRunner$2.evaluate(ParentRunner.java:293)
	at org.junit.internal.runners.statements.RunBefores.evaluate(RunBefores.java:26)
	at org.junit.internal.runners.statements.RunAfters.evaluate(RunAfters.java:27)
	at org.junit.runners.ParentRunner$3.evaluate(ParentRunner.java:306)
	at org.junit.runners.ParentRunner.run(ParentRunner.java:413)
	at org.apache.maven.surefire.junit4.JUnit4Provider.execute(JUnit4Provider.java:252)
	at org.apache.maven.surefire.junit4.JUnit4Provider.executeTestSet(JUnit4Provider.java:141)
	at org.apache.maven.surefire.junit4.JUnit4Provider.invoke(JUnit4Provider.java:112)
	at sun.reflect.NativeMethodAccessorImpl.invoke0(Native Method)
	at sun.reflect.NativeMethodAccessorImpl.invoke(NativeMethodAccessorImpl.java:62)
	at sun.reflect.DelegatingMethodAccessorImpl.invoke(DelegatingMethodAccessorImpl.java:43)
	at java.lang.reflect.Method.invoke(Method.java:498)
	at org.apache.maven.surefire.util.ReflectionUtils.invokeMethodWithArray(ReflectionUtils.java:189)
	at org.apache.maven.surefire.booter.ProviderFactory$ProviderProxy.invoke(ProviderFactory.java:165)
	at org.apache.maven.surefire.booter.ProviderFactory.invokeProvider(ProviderFactory.java:85)
	at org.apache.maven.surefire.booter.ForkedBooter.runSuitesInProcess(ForkedBooter.java:115)
	at org.apache.maven.surefire.booter.ForkedBooter.main(ForkedBooter.java:75)
</failure>
    <system-out>[EL Info]: 2022-04-28 17:00:00.485--ServerSession(153738257)--EclipseLink, version: Eclipse Persistence Services - 2.7.6.v20200131-b7c997804f
[EL Info]: connection: 2022-04-28 17:00:00.49--ServerSession(153738257)--/file:/C:/Users/Adrián/IdeaProjects/MA3S_Proyecto/fintech/fintech-ejb/target/test-classes/_FintechEjbTest login successful
[EL Info]: connection: 2022-04-28 17:00:00.523--ServerSession(153738257)--/file:/C:/Users/Adrián/IdeaProjects/MA3S_Proyecto/fintech/fintech-ejb/target/test-classes/_FintechEjbTest logout successful
</system-out>
  </testcase>
  <testcase classname="ma3s.fintech.test.Clientes" name="testModApellidoIndividual" time="0.112">
    <failure message="Lanzó excepción al modificar" type="java.lang.AssertionError">java.lang.AssertionError: Lanzó excepción al modificar
	at org.junit.Assert.fail(Assert.java:89)
	at ma3s.fintech.test.Clientes.testModApellidoIndividual(Clientes.java:580)
	at sun.reflect.NativeMethodAccessorImpl.invoke0(Native Method)
	at sun.reflect.NativeMethodAccessorImpl.invoke(NativeMethodAccessorImpl.java:62)
	at sun.reflect.DelegatingMethodAccessorImpl.invoke(DelegatingMethodAccessorImpl.java:43)
	at java.lang.reflect.Method.invoke(Method.java:498)
	at org.junit.runners.model.FrameworkMethod$1.runReflectiveCall(FrameworkMethod.java:59)
	at org.junit.internal.runners.model.ReflectiveCallable.run(ReflectiveCallable.java:12)
	at org.junit.runners.model.FrameworkMethod.invokeExplosively(FrameworkMethod.java:56)
	at org.junit.internal.runners.statements.InvokeMethod.evaluate(InvokeMethod.java:17)
	at org.junit.internal.runners.statements.RunBefores.evaluate(RunBefores.java:26)
	at org.junit.runners.ParentRunner$3.evaluate(ParentRunner.java:306)
	at org.junit.runners.BlockJUnit4ClassRunner$1.evaluate(BlockJUnit4ClassRunner.java:100)
	at org.junit.runners.ParentRunner.runLeaf(ParentRunner.java:366)
	at org.junit.runners.BlockJUnit4ClassRunner.runChild(BlockJUnit4ClassRunner.java:103)
	at org.junit.runners.BlockJUnit4ClassRunner.runChild(BlockJUnit4ClassRunner.java:63)
	at org.junit.runners.ParentRunner$4.run(ParentRunner.java:331)
	at org.junit.runners.ParentRunner$1.schedule(ParentRunner.java:79)
	at org.junit.runners.ParentRunner.runChildren(ParentRunner.java:329)
	at org.junit.runners.ParentRunner.access$100(ParentRunner.java:66)
	at org.junit.runners.ParentRunner$2.evaluate(ParentRunner.java:293)
	at org.junit.runners.ParentRunner$3.evaluate(ParentRunner.java:306)
	at org.junit.runners.ParentRunner.run(ParentRunner.java:413)
	at org.junit.runners.Suite.runChild(Suite.java:128)
	at org.junit.runners.Suite.runChild(Suite.java:27)
	at org.junit.runners.ParentRunner$4.run(ParentRunner.java:331)
	at org.junit.runners.ParentRunner$1.schedule(ParentRunner.java:79)
	at org.junit.runners.ParentRunner.runChildren(ParentRunner.java:329)
	at org.junit.runners.ParentRunner.access$100(ParentRunner.java:66)
	at org.junit.runners.ParentRunner$2.evaluate(ParentRunner.java:293)
	at org.junit.internal.runners.statements.RunBefores.evaluate(RunBefores.java:26)
	at org.junit.internal.runners.statements.RunAfters.evaluate(RunAfters.java:27)
	at org.junit.runners.ParentRunner$3.evaluate(ParentRunner.java:306)
	at org.junit.runners.ParentRunner.run(ParentRunner.java:413)
	at org.apache.maven.surefire.junit4.JUnit4Provider.execute(JUnit4Provider.java:252)
	at org.apache.maven.surefire.junit4.JUnit4Provider.executeTestSet(JUnit4Provider.java:141)
	at org.apache.maven.surefire.junit4.JUnit4Provider.invoke(JUnit4Provider.java:112)
	at sun.reflect.NativeMethodAccessorImpl.invoke0(Native Method)
	at sun.reflect.NativeMethodAccessorImpl.invoke(NativeMethodAccessorImpl.java:62)
	at sun.reflect.DelegatingMethodAccessorImpl.invoke(DelegatingMethodAccessorImpl.java:43)
	at java.lang.reflect.Method.invoke(Method.java:498)
	at org.apache.maven.surefire.util.ReflectionUtils.invokeMethodWithArray(ReflectionUtils.java:189)
	at org.apache.maven.surefire.booter.ProviderFactory$ProviderProxy.invoke(ProviderFactory.java:165)
	at org.apache.maven.surefire.booter.ProviderFactory.invokeProvider(ProviderFactory.java:85)
	at org.apache.maven.surefire.booter.ForkedBooter.runSuitesInProcess(ForkedBooter.java:115)
	at org.apache.maven.surefire.booter.ForkedBooter.main(ForkedBooter.java:75)
</failure>
    <system-out>[EL Info]: 2022-04-28 17:00:00.59--ServerSession(275136657)--EclipseLink, version: Eclipse Persistence Services - 2.7.6.v20200131-b7c997804f
[EL Info]: connection: 2022-04-28 17:00:00.594--ServerSession(275136657)--/file:/C:/Users/Adrián/IdeaProjects/MA3S_Proyecto/fintech/fintech-ejb/target/test-classes/_FintechEjbTest login successful
[EL Info]: connection: 2022-04-28 17:00:00.636--ServerSession(275136657)--/file:/C:/Users/Adrián/IdeaProjects/MA3S_Proyecto/fintech/fintech-ejb/target/test-classes/_FintechEjbTest logout successful
</system-out>
  </testcase>
  <testcase classname="ma3s.fintech.test.Clientes" name="testModNombreIndividualCampoVacio" time="0.133">
    <failure message="Debe lanzar la excepción de campo vacio" type="java.lang.AssertionError">java.lang.AssertionError: Debe lanzar la excepción de campo vacio
	at org.junit.Assert.fail(Assert.java:89)
	at ma3s.fintech.test.Clientes.testModNombreIndividualCampoVacio(Clientes.java:556)
	at sun.reflect.NativeMethodAccessorImpl.invoke0(Native Method)
	at sun.reflect.NativeMethodAccessorImpl.invoke(NativeMethodAccessorImpl.java:62)
	at sun.reflect.DelegatingMethodAccessorImpl.invoke(DelegatingMethodAccessorImpl.java:43)
	at java.lang.reflect.Method.invoke(Method.java:498)
	at org.junit.runners.model.FrameworkMethod$1.runReflectiveCall(FrameworkMethod.java:59)
	at org.junit.internal.runners.model.ReflectiveCallable.run(ReflectiveCallable.java:12)
	at org.junit.runners.model.FrameworkMethod.invokeExplosively(FrameworkMethod.java:56)
	at org.junit.internal.runners.statements.InvokeMethod.evaluate(InvokeMethod.java:17)
	at org.junit.internal.runners.statements.RunBefores.evaluate(RunBefores.java:26)
	at org.junit.runners.ParentRunner$3.evaluate(ParentRunner.java:306)
	at org.junit.runners.BlockJUnit4ClassRunner$1.evaluate(BlockJUnit4ClassRunner.java:100)
	at org.junit.runners.ParentRunner.runLeaf(ParentRunner.java:366)
	at org.junit.runners.BlockJUnit4ClassRunner.runChild(BlockJUnit4ClassRunner.java:103)
	at org.junit.runners.BlockJUnit4ClassRunner.runChild(BlockJUnit4ClassRunner.java:63)
	at org.junit.runners.ParentRunner$4.run(ParentRunner.java:331)
	at org.junit.runners.ParentRunner$1.schedule(ParentRunner.java:79)
	at org.junit.runners.ParentRunner.runChildren(ParentRunner.java:329)
	at org.junit.runners.ParentRunner.access$100(ParentRunner.java:66)
	at org.junit.runners.ParentRunner$2.evaluate(ParentRunner.java:293)
	at org.junit.runners.ParentRunner$3.evaluate(ParentRunner.java:306)
	at org.junit.runners.ParentRunner.run(ParentRunner.java:413)
	at org.junit.runners.Suite.runChild(Suite.java:128)
	at org.junit.runners.Suite.runChild(Suite.java:27)
	at org.junit.runners.ParentRunner$4.run(ParentRunner.java:331)
	at org.junit.runners.ParentRunner$1.schedule(ParentRunner.java:79)
	at org.junit.runners.ParentRunner.runChildren(ParentRunner.java:329)
	at org.junit.runners.ParentRunner.access$100(ParentRunner.java:66)
	at org.junit.runners.ParentRunner$2.evaluate(ParentRunner.java:293)
	at org.junit.internal.runners.statements.RunBefores.evaluate(RunBefores.java:26)
	at org.junit.internal.runners.statements.RunAfters.evaluate(RunAfters.java:27)
	at org.junit.runners.ParentRunner$3.evaluate(ParentRunner.java:306)
	at org.junit.runners.ParentRunner.run(ParentRunner.java:413)
	at org.apache.maven.surefire.junit4.JUnit4Provider.execute(JUnit4Provider.java:252)
	at org.apache.maven.surefire.junit4.JUnit4Provider.executeTestSet(JUnit4Provider.java:141)
	at org.apache.maven.surefire.junit4.JUnit4Provider.invoke(JUnit4Provider.java:112)
	at sun.reflect.NativeMethodAccessorImpl.invoke0(Native Method)
	at sun.reflect.NativeMethodAccessorImpl.invoke(NativeMethodAccessorImpl.java:62)
	at sun.reflect.DelegatingMethodAccessorImpl.invoke(DelegatingMethodAccessorImpl.java:43)
	at java.lang.reflect.Method.invoke(Method.java:498)
	at org.apache.maven.surefire.util.ReflectionUtils.invokeMethodWithArray(ReflectionUtils.java:189)
	at org.apache.maven.surefire.booter.ProviderFactory$ProviderProxy.invoke(ProviderFactory.java:165)
	at org.apache.maven.surefire.booter.ProviderFactory.invokeProvider(ProviderFactory.java:85)
	at org.apache.maven.surefire.booter.ForkedBooter.runSuitesInProcess(ForkedBooter.java:115)
	at org.apache.maven.surefire.booter.ForkedBooter.main(ForkedBooter.java:75)
</failure>
    <system-out>[EL Info]: 2022-04-28 17:00:00.719--ServerSession(1946519798)--EclipseLink, version: Eclipse Persistence Services - 2.7.6.v20200131-b7c997804f
[EL Info]: connection: 2022-04-28 17:00:00.724--ServerSession(1946519798)--/file:/C:/Users/Adrián/IdeaProjects/MA3S_Proyecto/fintech/fintech-ejb/target/test-classes/_FintechEjbTest login successful
[EL Info]: connection: 2022-04-28 17:00:00.769--ServerSession(1946519798)--/file:/C:/Users/Adrián/IdeaProjects/MA3S_Proyecto/fintech/fintech-ejb/target/test-classes/_FintechEjbTest logout successful
</system-out>
  </testcase>
  <testcase classname="ma3s.fintech.test.Clientes" name="testModApellidoIndividualCampoVacio" time="0.127">
    <failure message="Debe lanzar la excepción de campo vacio" type="java.lang.AssertionError">java.lang.AssertionError: Debe lanzar la excepción de campo vacio
	at org.junit.Assert.fail(Assert.java:89)
	at ma3s.fintech.test.Clientes.testModApellidoIndividualCampoVacio(Clientes.java:594)
	at sun.reflect.NativeMethodAccessorImpl.invoke0(Native Method)
	at sun.reflect.NativeMethodAccessorImpl.invoke(NativeMethodAccessorImpl.java:62)
	at sun.reflect.DelegatingMethodAccessorImpl.invoke(DelegatingMethodAccessorImpl.java:43)
	at java.lang.reflect.Method.invoke(Method.java:498)
	at org.junit.runners.model.FrameworkMethod$1.runReflectiveCall(FrameworkMethod.java:59)
	at org.junit.internal.runners.model.ReflectiveCallable.run(ReflectiveCallable.java:12)
	at org.junit.runners.model.FrameworkMethod.invokeExplosively(FrameworkMethod.java:56)
	at org.junit.internal.runners.statements.InvokeMethod.evaluate(InvokeMethod.java:17)
	at org.junit.internal.runners.statements.RunBefores.evaluate(RunBefores.java:26)
	at org.junit.runners.ParentRunner$3.evaluate(ParentRunner.java:306)
	at org.junit.runners.BlockJUnit4ClassRunner$1.evaluate(BlockJUnit4ClassRunner.java:100)
	at org.junit.runners.ParentRunner.runLeaf(ParentRunner.java:366)
	at org.junit.runners.BlockJUnit4ClassRunner.runChild(BlockJUnit4ClassRunner.java:103)
	at org.junit.runners.BlockJUnit4ClassRunner.runChild(BlockJUnit4ClassRunner.java:63)
	at org.junit.runners.ParentRunner$4.run(ParentRunner.java:331)
	at org.junit.runners.ParentRunner$1.schedule(ParentRunner.java:79)
	at org.junit.runners.ParentRunner.runChildren(ParentRunner.java:329)
	at org.junit.runners.ParentRunner.access$100(ParentRunner.java:66)
	at org.junit.runners.ParentRunner$2.evaluate(ParentRunner.java:293)
	at org.junit.runners.ParentRunner$3.evaluate(ParentRunner.java:306)
	at org.junit.runners.ParentRunner.run(ParentRunner.java:413)
	at org.junit.runners.Suite.runChild(Suite.java:128)
	at org.junit.runners.Suite.runChild(Suite.java:27)
	at org.junit.runners.ParentRunner$4.run(ParentRunner.java:331)
	at org.junit.runners.ParentRunner$1.schedule(ParentRunner.java:79)
	at org.junit.runners.ParentRunner.runChildren(ParentRunner.java:329)
	at org.junit.runners.ParentRunner.access$100(ParentRunner.java:66)
	at org.junit.runners.ParentRunner$2.evaluate(ParentRunner.java:293)
	at org.junit.internal.runners.statements.RunBefores.evaluate(RunBefores.java:26)
	at org.junit.internal.runners.statements.RunAfters.evaluate(RunAfters.java:27)
	at org.junit.runners.ParentRunner$3.evaluate(ParentRunner.java:306)
	at org.junit.runners.ParentRunner.run(ParentRunner.java:413)
	at org.apache.maven.surefire.junit4.JUnit4Provider.execute(JUnit4Provider.java:252)
	at org.apache.maven.surefire.junit4.JUnit4Provider.executeTestSet(JUnit4Provider.java:141)
	at org.apache.maven.surefire.junit4.JUnit4Provider.invoke(JUnit4Provider.java:112)
	at sun.reflect.NativeMethodAccessorImpl.invoke0(Native Method)
	at sun.reflect.NativeMethodAccessorImpl.invoke(NativeMethodAccessorImpl.java:62)
	at sun.reflect.DelegatingMethodAccessorImpl.invoke(DelegatingMethodAccessorImpl.java:43)
	at java.lang.reflect.Method.invoke(Method.java:498)
	at org.apache.maven.surefire.util.ReflectionUtils.invokeMethodWithArray(ReflectionUtils.java:189)
	at org.apache.maven.surefire.booter.ProviderFactory$ProviderProxy.invoke(ProviderFactory.java:165)
	at org.apache.maven.surefire.booter.ProviderFactory.invokeProvider(ProviderFactory.java:85)
	at org.apache.maven.surefire.booter.ForkedBooter.runSuitesInProcess(ForkedBooter.java:115)
	at org.apache.maven.surefire.booter.ForkedBooter.main(ForkedBooter.java:75)
</failure>
    <system-out>[EL Info]: 2022-04-28 17:00:00.843--ServerSession(465840546)--EclipseLink, version: Eclipse Persistence Services - 2.7.6.v20200131-b7c997804f
[EL Info]: connection: 2022-04-28 17:00:00.848--ServerSession(465840546)--/file:/C:/Users/Adrián/IdeaProjects/MA3S_Proyecto/fintech/fintech-ejb/target/test-classes/_FintechEjbTest login successful
[EL Info]: connection: 2022-04-28 17:00:00.897--ServerSession(465840546)--/file:/C:/Users/Adrián/IdeaProjects/MA3S_Proyecto/fintech/fintech-ejb/target/test-classes/_FintechEjbTest logout successful
</system-out>
  </testcase>
  <testcase classname="ma3s.fintech.test.Clientes" name="testModCodigoPostalNoExistente" time="0.124"/>
  <testcase classname="ma3s.fintech.test.Administrador" name="testModifyFechaFinPAutorizadaAdminNoExist" time="0.117"/>
  <testcase classname="ma3s.fintech.test.Administrador" name="testGenerarCSVfallo" time="0.149">
    <failure message="Debe lanzar una excepcion" type="java.lang.AssertionError">java.lang.AssertionError: Debe lanzar una excepcion
	at org.junit.Assert.fail(Assert.java:89)
	at ma3s.fintech.test.Administrador.testGenerarCSVfallo(Administrador.java:373)
	at sun.reflect.NativeMethodAccessorImpl.invoke0(Native Method)
	at sun.reflect.NativeMethodAccessorImpl.invoke(NativeMethodAccessorImpl.java:62)
	at sun.reflect.DelegatingMethodAccessorImpl.invoke(DelegatingMethodAccessorImpl.java:43)
	at java.lang.reflect.Method.invoke(Method.java:498)
	at org.junit.runners.model.FrameworkMethod$1.runReflectiveCall(FrameworkMethod.java:59)
	at org.junit.internal.runners.model.ReflectiveCallable.run(ReflectiveCallable.java:12)
	at org.junit.runners.model.FrameworkMethod.invokeExplosively(FrameworkMethod.java:56)
	at org.junit.internal.runners.statements.InvokeMethod.evaluate(InvokeMethod.java:17)
	at org.junit.internal.runners.statements.RunBefores.evaluate(RunBefores.java:26)
	at org.junit.runners.ParentRunner$3.evaluate(ParentRunner.java:306)
	at org.junit.runners.BlockJUnit4ClassRunner$1.evaluate(BlockJUnit4ClassRunner.java:100)
	at org.junit.runners.ParentRunner.runLeaf(ParentRunner.java:366)
	at org.junit.runners.BlockJUnit4ClassRunner.runChild(BlockJUnit4ClassRunner.java:103)
	at org.junit.runners.BlockJUnit4ClassRunner.runChild(BlockJUnit4ClassRunner.java:63)
	at org.junit.runners.ParentRunner$4.run(ParentRunner.java:331)
	at org.junit.runners.ParentRunner$1.schedule(ParentRunner.java:79)
	at org.junit.runners.ParentRunner.runChildren(ParentRunner.java:329)
	at org.junit.runners.ParentRunner.access$100(ParentRunner.java:66)
	at org.junit.runners.ParentRunner$2.evaluate(ParentRunner.java:293)
	at org.junit.runners.ParentRunner$3.evaluate(ParentRunner.java:306)
	at org.junit.runners.ParentRunner.run(ParentRunner.java:413)
	at org.junit.runners.Suite.runChild(Suite.java:128)
	at org.junit.runners.Suite.runChild(Suite.java:27)
	at org.junit.runners.ParentRunner$4.run(ParentRunner.java:331)
	at org.junit.runners.ParentRunner$1.schedule(ParentRunner.java:79)
	at org.junit.runners.ParentRunner.runChildren(ParentRunner.java:329)
	at org.junit.runners.ParentRunner.access$100(ParentRunner.java:66)
	at org.junit.runners.ParentRunner$2.evaluate(ParentRunner.java:293)
	at org.junit.internal.runners.statements.RunBefores.evaluate(RunBefores.java:26)
	at org.junit.internal.runners.statements.RunAfters.evaluate(RunAfters.java:27)
	at org.junit.runners.ParentRunner$3.evaluate(ParentRunner.java:306)
	at org.junit.runners.ParentRunner.run(ParentRunner.java:413)
	at org.apache.maven.surefire.junit4.JUnit4Provider.execute(JUnit4Provider.java:252)
	at org.apache.maven.surefire.junit4.JUnit4Provider.executeTestSet(JUnit4Provider.java:141)
	at org.apache.maven.surefire.junit4.JUnit4Provider.invoke(JUnit4Provider.java:112)
	at sun.reflect.NativeMethodAccessorImpl.invoke0(Native Method)
	at sun.reflect.NativeMethodAccessorImpl.invoke(NativeMethodAccessorImpl.java:62)
	at sun.reflect.DelegatingMethodAccessorImpl.invoke(DelegatingMethodAccessorImpl.java:43)
	at java.lang.reflect.Method.invoke(Method.java:498)
	at org.apache.maven.surefire.util.ReflectionUtils.invokeMethodWithArray(ReflectionUtils.java:189)
	at org.apache.maven.surefire.booter.ProviderFactory$ProviderProxy.invoke(ProviderFactory.java:165)
	at org.apache.maven.surefire.booter.ProviderFactory.invokeProvider(ProviderFactory.java:85)
	at org.apache.maven.surefire.booter.ForkedBooter.runSuitesInProcess(ForkedBooter.java:115)
	at org.apache.maven.surefire.booter.ForkedBooter.main(ForkedBooter.java:75)
</failure>
    <system-out>[EL Info]: 2022-04-28 17:00:01.23--ServerSession(840448019)--EclipseLink, version: Eclipse Persistence Services - 2.7.6.v20200131-b7c997804f
[EL Info]: connection: 2022-04-28 17:00:01.235--ServerSession(840448019)--/file:/C:/Users/Adrián/IdeaProjects/MA3S_Proyecto/fintech/fintech-ejb/target/test-classes/_FintechEjbTest login successful
[EL Info]: connection: 2022-04-28 17:00:01.283--ServerSession(840448019)--/file:/C:/Users/Adrián/IdeaProjects/MA3S_Proyecto/fintech/fintech-ejb/target/test-classes/_FintechEjbTest logout successful
</system-out>
  </testcase>
  <testcase classname="ma3s.fintech.test.Administrador" name="testModifyNamePAutorizadaAdminNoExist" time="0.168"/>
  <testcase classname="ma3s.fintech.test.Administrador" name="testModifyFechaNacimientoPAutorizadaNoEsAdministrador" time="0.132"/>
  <testcase classname="ma3s.fintech.test.Administrador" name="testModifySurNamePAutorizadaNoEsAdministrador" time="0.118"/>
  <testcase classname="ma3s.fintech.test.Administrador" name="testModifyFechaNacimientoPAutorizadaCampoVacio" time="0.131"/>
  <testcase classname="ma3s.fintech.test.Administrador" name="testModifyEstadoPAutorizadaNoEsAdministrador" time="0.123"/>
  <testcase classname="ma3s.fintech.test.Administrador" name="testModifyFechaInicioPAutorizadaNoEsAdministrador" time="0.106"/>
  <testcase classname="ma3s.fintech.test.Administrador" name="testAnaPNoEsEmpresa" time="0.123"/>
  <testcase classname="ma3s.fintech.test.Administrador" name="testAccesoPersonalAdmNoEncontrado" time="0.121"/>
  <testcase classname="ma3s.fintech.test.Administrador" name="testGenerarCSV" time="0.124">
    <failure message="No Debe lanzar una excepcion " type="java.lang.AssertionError">java.lang.AssertionError: No Debe lanzar una excepcion 
	at org.junit.Assert.fail(Assert.java:89)
	at ma3s.fintech.test.Administrador.testGenerarCSV(Administrador.java:342)
	at sun.reflect.NativeMethodAccessorImpl.invoke0(Native Method)
	at sun.reflect.NativeMethodAccessorImpl.invoke(NativeMethodAccessorImpl.java:62)
	at sun.reflect.DelegatingMethodAccessorImpl.invoke(DelegatingMethodAccessorImpl.java:43)
	at java.lang.reflect.Method.invoke(Method.java:498)
	at org.junit.runners.model.FrameworkMethod$1.runReflectiveCall(FrameworkMethod.java:59)
	at org.junit.internal.runners.model.ReflectiveCallable.run(ReflectiveCallable.java:12)
	at org.junit.runners.model.FrameworkMethod.invokeExplosively(FrameworkMethod.java:56)
	at org.junit.internal.runners.statements.InvokeMethod.evaluate(InvokeMethod.java:17)
	at org.junit.internal.runners.statements.RunBefores.evaluate(RunBefores.java:26)
	at org.junit.runners.ParentRunner$3.evaluate(ParentRunner.java:306)
	at org.junit.runners.BlockJUnit4ClassRunner$1.evaluate(BlockJUnit4ClassRunner.java:100)
	at org.junit.runners.ParentRunner.runLeaf(ParentRunner.java:366)
	at org.junit.runners.BlockJUnit4ClassRunner.runChild(BlockJUnit4ClassRunner.java:103)
	at org.junit.runners.BlockJUnit4ClassRunner.runChild(BlockJUnit4ClassRunner.java:63)
	at org.junit.runners.ParentRunner$4.run(ParentRunner.java:331)
	at org.junit.runners.ParentRunner$1.schedule(ParentRunner.java:79)
	at org.junit.runners.ParentRunner.runChildren(ParentRunner.java:329)
	at org.junit.runners.ParentRunner.access$100(ParentRunner.java:66)
	at org.junit.runners.ParentRunner$2.evaluate(ParentRunner.java:293)
	at org.junit.runners.ParentRunner$3.evaluate(ParentRunner.java:306)
	at org.junit.runners.ParentRunner.run(ParentRunner.java:413)
	at org.junit.runners.Suite.runChild(Suite.java:128)
	at org.junit.runners.Suite.runChild(Suite.java:27)
	at org.junit.runners.ParentRunner$4.run(ParentRunner.java:331)
	at org.junit.runners.ParentRunner$1.schedule(ParentRunner.java:79)
	at org.junit.runners.ParentRunner.runChildren(ParentRunner.java:329)
	at org.junit.runners.ParentRunner.access$100(ParentRunner.java:66)
	at org.junit.runners.ParentRunner$2.evaluate(ParentRunner.java:293)
	at org.junit.internal.runners.statements.RunBefores.evaluate(RunBefores.java:26)
	at org.junit.internal.runners.statements.RunAfters.evaluate(RunAfters.java:27)
	at org.junit.runners.ParentRunner$3.evaluate(ParentRunner.java:306)
	at org.junit.runners.ParentRunner.run(ParentRunner.java:413)
	at org.apache.maven.surefire.junit4.JUnit4Provider.execute(JUnit4Provider.java:252)
	at org.apache.maven.surefire.junit4.JUnit4Provider.executeTestSet(JUnit4Provider.java:141)
	at org.apache.maven.surefire.junit4.JUnit4Provider.invoke(JUnit4Provider.java:112)
	at sun.reflect.NativeMethodAccessorImpl.invoke0(Native Method)
	at sun.reflect.NativeMethodAccessorImpl.invoke(NativeMethodAccessorImpl.java:62)
	at sun.reflect.DelegatingMethodAccessorImpl.invoke(DelegatingMethodAccessorImpl.java:43)
	at java.lang.reflect.Method.invoke(Method.java:498)
	at org.apache.maven.surefire.util.ReflectionUtils.invokeMethodWithArray(ReflectionUtils.java:189)
	at org.apache.maven.surefire.booter.ProviderFactory$ProviderProxy.invoke(ProviderFactory.java:165)
	at org.apache.maven.surefire.booter.ProviderFactory.invokeProvider(ProviderFactory.java:85)
	at org.apache.maven.surefire.booter.ForkedBooter.runSuitesInProcess(ForkedBooter.java:115)
	at org.apache.maven.surefire.booter.ForkedBooter.main(ForkedBooter.java:75)
</failure>
    <system-out>[EL Info]: 2022-04-28 17:00:02.377--ServerSession(1220695329)--EclipseLink, version: Eclipse Persistence Services - 2.7.6.v20200131-b7c997804f
[EL Info]: connection: 2022-04-28 17:00:02.382--ServerSession(1220695329)--/file:/C:/Users/Adrián/IdeaProjects/MA3S_Proyecto/fintech/fintech-ejb/target/test-classes/_FintechEjbTest login successful
[EL Info]: connection: 2022-04-28 17:00:02.433--ServerSession(1220695329)--/file:/C:/Users/Adrián/IdeaProjects/MA3S_Proyecto/fintech/fintech-ejb/target/test-classes/_FintechEjbTest logout successful
</system-out>
  </testcase>
  <testcase classname="ma3s.fintech.test.Administrador" name="testModifyAdressPAutorizadaAdminNoExist" time="0.136"/>
  <testcase classname="ma3s.fintech.test.Administrador" name="testAnaEmpresaCorrecto" time="0.15">
    <failure message="No Debe lanzar una excepcion " type="java.lang.AssertionError">java.lang.AssertionError: No Debe lanzar una excepcion 
	at org.junit.Assert.fail(Assert.java:89)
	at ma3s.fintech.test.Administrador.testAnaEmpresaCorrecto(Administrador.java:314)
	at sun.reflect.NativeMethodAccessorImpl.invoke0(Native Method)
	at sun.reflect.NativeMethodAccessorImpl.invoke(NativeMethodAccessorImpl.java:62)
	at sun.reflect.DelegatingMethodAccessorImpl.invoke(DelegatingMethodAccessorImpl.java:43)
	at java.lang.reflect.Method.invoke(Method.java:498)
	at org.junit.runners.model.FrameworkMethod$1.runReflectiveCall(FrameworkMethod.java:59)
	at org.junit.internal.runners.model.ReflectiveCallable.run(ReflectiveCallable.java:12)
	at org.junit.runners.model.FrameworkMethod.invokeExplosively(FrameworkMethod.java:56)
	at org.junit.internal.runners.statements.InvokeMethod.evaluate(InvokeMethod.java:17)
	at org.junit.internal.runners.statements.RunBefores.evaluate(RunBefores.java:26)
	at org.junit.runners.ParentRunner$3.evaluate(ParentRunner.java:306)
	at org.junit.runners.BlockJUnit4ClassRunner$1.evaluate(BlockJUnit4ClassRunner.java:100)
	at org.junit.runners.ParentRunner.runLeaf(ParentRunner.java:366)
	at org.junit.runners.BlockJUnit4ClassRunner.runChild(BlockJUnit4ClassRunner.java:103)
	at org.junit.runners.BlockJUnit4ClassRunner.runChild(BlockJUnit4ClassRunner.java:63)
	at org.junit.runners.ParentRunner$4.run(ParentRunner.java:331)
	at org.junit.runners.ParentRunner$1.schedule(ParentRunner.java:79)
	at org.junit.runners.ParentRunner.runChildren(ParentRunner.java:329)
	at org.junit.runners.ParentRunner.access$100(ParentRunner.java:66)
	at org.junit.runners.ParentRunner$2.evaluate(ParentRunner.java:293)
	at org.junit.runners.ParentRunner$3.evaluate(ParentRunner.java:306)
	at org.junit.runners.ParentRunner.run(ParentRunner.java:413)
	at org.junit.runners.Suite.runChild(Suite.java:128)
	at org.junit.runners.Suite.runChild(Suite.java:27)
	at org.junit.runners.ParentRunner$4.run(ParentRunner.java:331)
	at org.junit.runners.ParentRunner$1.schedule(ParentRunner.java:79)
	at org.junit.runners.ParentRunner.runChildren(ParentRunner.java:329)
	at org.junit.runners.ParentRunner.access$100(ParentRunner.java:66)
	at org.junit.runners.ParentRunner$2.evaluate(ParentRunner.java:293)
	at org.junit.internal.runners.statements.RunBefores.evaluate(RunBefores.java:26)
	at org.junit.internal.runners.statements.RunAfters.evaluate(RunAfters.java:27)
	at org.junit.runners.ParentRunner$3.evaluate(ParentRunner.java:306)
	at org.junit.runners.ParentRunner.run(ParentRunner.java:413)
	at org.apache.maven.surefire.junit4.JUnit4Provider.execute(JUnit4Provider.java:252)
	at org.apache.maven.surefire.junit4.JUnit4Provider.executeTestSet(JUnit4Provider.java:141)
	at org.apache.maven.surefire.junit4.JUnit4Provider.invoke(JUnit4Provider.java:112)
	at sun.reflect.NativeMethodAccessorImpl.invoke0(Native Method)
	at sun.reflect.NativeMethodAccessorImpl.invoke(NativeMethodAccessorImpl.java:62)
	at sun.reflect.DelegatingMethodAccessorImpl.invoke(DelegatingMethodAccessorImpl.java:43)
	at java.lang.reflect.Method.invoke(Method.java:498)
	at org.apache.maven.surefire.util.ReflectionUtils.invokeMethodWithArray(ReflectionUtils.java:189)
	at org.apache.maven.surefire.booter.ProviderFactory$ProviderProxy.invoke(ProviderFactory.java:165)
	at org.apache.maven.surefire.booter.ProviderFactory.invokeProvider(ProviderFactory.java:85)
	at org.apache.maven.surefire.booter.ForkedBooter.runSuitesInProcess(ForkedBooter.java:115)
	at org.apache.maven.surefire.booter.ForkedBooter.main(ForkedBooter.java:75)
</failure>
    <system-out>[EL Info]: 2022-04-28 17:00:02.657--ServerSession(1278332360)--EclipseLink, version: Eclipse Persistence Services - 2.7.6.v20200131-b7c997804f
[EL Info]: connection: 2022-04-28 17:00:02.66--ServerSession(1278332360)--/file:/C:/Users/Adrián/IdeaProjects/MA3S_Proyecto/fintech/fintech-ejb/target/test-classes/_FintechEjbTest login successful
[EL Info]: connection: 2022-04-28 17:00:02.717--ServerSession(1278332360)--/file:/C:/Users/Adrián/IdeaProjects/MA3S_Proyecto/fintech/fintech-ejb/target/test-classes/_FintechEjbTest logout successful
</system-out>
  </testcase>
  <testcase classname="ma3s.fintech.test.Administrador" name="testModifyNamePAutorizadaNoEsAdministrador" time="0.138"/>
  <testcase classname="ma3s.fintech.test.Administrador" name="testModifyEstadoPAutorizadaEstadoNoValido" time="0.166"/>
  <testcase classname="ma3s.fintech.test.Administrador" name="testModifyEstadoPAutorizadaCampoVacio" time="0.245"/>
  <testcase classname="ma3s.fintech.test.Administrador" name="testAnaPersonaNoExistente" time="0.152">
    <failure message="Debe lanzar una excepcion tipo NoEsPersona " type="java.lang.AssertionError">java.lang.AssertionError: Debe lanzar una excepcion tipo NoEsPersona 
	at org.junit.Assert.fail(Assert.java:89)
	at ma3s.fintech.test.Administrador.testAnaPersonaNoExistente(Administrador.java:236)
	at sun.reflect.NativeMethodAccessorImpl.invoke0(Native Method)
	at sun.reflect.NativeMethodAccessorImpl.invoke(NativeMethodAccessorImpl.java:62)
	at sun.reflect.DelegatingMethodAccessorImpl.invoke(DelegatingMethodAccessorImpl.java:43)
	at java.lang.reflect.Method.invoke(Method.java:498)
	at org.junit.runners.model.FrameworkMethod$1.runReflectiveCall(FrameworkMethod.java:59)
	at org.junit.internal.runners.model.ReflectiveCallable.run(ReflectiveCallable.java:12)
	at org.junit.runners.model.FrameworkMethod.invokeExplosively(FrameworkMethod.java:56)
	at org.junit.internal.runners.statements.InvokeMethod.evaluate(InvokeMethod.java:17)
	at org.junit.internal.runners.statements.RunBefores.evaluate(RunBefores.java:26)
	at org.junit.runners.ParentRunner$3.evaluate(ParentRunner.java:306)
	at org.junit.runners.BlockJUnit4ClassRunner$1.evaluate(BlockJUnit4ClassRunner.java:100)
	at org.junit.runners.ParentRunner.runLeaf(ParentRunner.java:366)
	at org.junit.runners.BlockJUnit4ClassRunner.runChild(BlockJUnit4ClassRunner.java:103)
	at org.junit.runners.BlockJUnit4ClassRunner.runChild(BlockJUnit4ClassRunner.java:63)
	at org.junit.runners.ParentRunner$4.run(ParentRunner.java:331)
	at org.junit.runners.ParentRunner$1.schedule(ParentRunner.java:79)
	at org.junit.runners.ParentRunner.runChildren(ParentRunner.java:329)
	at org.junit.runners.ParentRunner.access$100(ParentRunner.java:66)
	at org.junit.runners.ParentRunner$2.evaluate(ParentRunner.java:293)
	at org.junit.runners.ParentRunner$3.evaluate(ParentRunner.java:306)
	at org.junit.runners.ParentRunner.run(ParentRunner.java:413)
	at org.junit.runners.Suite.runChild(Suite.java:128)
	at org.junit.runners.Suite.runChild(Suite.java:27)
	at org.junit.runners.ParentRunner$4.run(ParentRunner.java:331)
	at org.junit.runners.ParentRunner$1.schedule(ParentRunner.java:79)
	at org.junit.runners.ParentRunner.runChildren(ParentRunner.java:329)
	at org.junit.runners.ParentRunner.access$100(ParentRunner.java:66)
	at org.junit.runners.ParentRunner$2.evaluate(ParentRunner.java:293)
	at org.junit.internal.runners.statements.RunBefores.evaluate(RunBefores.java:26)
	at org.junit.internal.runners.statements.RunAfters.evaluate(RunAfters.java:27)
	at org.junit.runners.ParentRunner$3.evaluate(ParentRunner.java:306)
	at org.junit.runners.ParentRunner.run(ParentRunner.java:413)
	at org.apache.maven.surefire.junit4.JUnit4Provider.execute(JUnit4Provider.java:252)
	at org.apache.maven.surefire.junit4.JUnit4Provider.executeTestSet(JUnit4Provider.java:141)
	at org.apache.maven.surefire.junit4.JUnit4Provider.invoke(JUnit4Provider.java:112)
	at sun.reflect.NativeMethodAccessorImpl.invoke0(Native Method)
	at sun.reflect.NativeMethodAccessorImpl.invoke(NativeMethodAccessorImpl.java:62)
	at sun.reflect.DelegatingMethodAccessorImpl.invoke(DelegatingMethodAccessorImpl.java:43)
	at java.lang.reflect.Method.invoke(Method.java:498)
	at org.apache.maven.surefire.util.ReflectionUtils.invokeMethodWithArray(ReflectionUtils.java:189)
	at org.apache.maven.surefire.booter.ProviderFactory$ProviderProxy.invoke(ProviderFactory.java:165)
	at org.apache.maven.surefire.booter.ProviderFactory.invokeProvider(ProviderFactory.java:85)
	at org.apache.maven.surefire.booter.ForkedBooter.runSuitesInProcess(ForkedBooter.java:115)
	at org.apache.maven.surefire.booter.ForkedBooter.main(ForkedBooter.java:75)
</failure>
    <system-out>[EL Info]: 2022-04-28 17:00:03.363--ServerSession(1441188514)--EclipseLink, version: Eclipse Persistence Services - 2.7.6.v20200131-b7c997804f
[EL Info]: connection: 2022-04-28 17:00:03.369--ServerSession(1441188514)--/file:/C:/Users/Adrián/IdeaProjects/MA3S_Proyecto/fintech/fintech-ejb/target/test-classes/_FintechEjbTest login successful
[EL Info]: connection: 2022-04-28 17:00:03.421--ServerSession(1441188514)--/file:/C:/Users/Adrián/IdeaProjects/MA3S_Proyecto/fintech/fintech-ejb/target/test-classes/_FintechEjbTest logout successful
</system-out>
  </testcase>
  <testcase classname="ma3s.fintech.test.Administrador" name="testModifyFechaNacimientoPAutorizadaAdminNoExist" time="0.138"/>
  <testcase classname="ma3s.fintech.test.Administrador" name="testModifyIdentPAutorizadaCampoVacio" time="0.121"/>
  <testcase classname="ma3s.fintech.test.Administrador" name="testAccesoPersonalAdmValido" time="0.14"/>
  <testcase classname="ma3s.fintech.test.Administrador" name="testModifySurNamePAutorizadaAdminNoExist" time="0.11"/>
  <testcase classname="ma3s.fintech.test.Administrador" name="testModifyFechaFinPAutorizadaCampoVacio" time="0.127"/>
  <testcase classname="ma3s.fintech.test.Administrador" name="testAnaEmpresaNoRelac" time="0.126">
    <failure message="Debe lanzar una excepcion tipo EmpresaNoRelac " type="java.lang.AssertionError">java.lang.AssertionError: Debe lanzar una excepcion tipo EmpresaNoRelac 
	at org.junit.Assert.fail(Assert.java:89)
	at ma3s.fintech.test.Administrador.testAnaEmpresaNoRelac(Administrador.java:276)
	at sun.reflect.NativeMethodAccessorImpl.invoke0(Native Method)
	at sun.reflect.NativeMethodAccessorImpl.invoke(NativeMethodAccessorImpl.java:62)
	at sun.reflect.DelegatingMethodAccessorImpl.invoke(DelegatingMethodAccessorImpl.java:43)
	at java.lang.reflect.Method.invoke(Method.java:498)
	at org.junit.runners.model.FrameworkMethod$1.runReflectiveCall(FrameworkMethod.java:59)
	at org.junit.internal.runners.model.ReflectiveCallable.run(ReflectiveCallable.java:12)
	at org.junit.runners.model.FrameworkMethod.invokeExplosively(FrameworkMethod.java:56)
	at org.junit.internal.runners.statements.InvokeMethod.evaluate(InvokeMethod.java:17)
	at org.junit.internal.runners.statements.RunBefores.evaluate(RunBefores.java:26)
	at org.junit.runners.ParentRunner$3.evaluate(ParentRunner.java:306)
	at org.junit.runners.BlockJUnit4ClassRunner$1.evaluate(BlockJUnit4ClassRunner.java:100)
	at org.junit.runners.ParentRunner.runLeaf(ParentRunner.java:366)
	at org.junit.runners.BlockJUnit4ClassRunner.runChild(BlockJUnit4ClassRunner.java:103)
	at org.junit.runners.BlockJUnit4ClassRunner.runChild(BlockJUnit4ClassRunner.java:63)
	at org.junit.runners.ParentRunner$4.run(ParentRunner.java:331)
	at org.junit.runners.ParentRunner$1.schedule(ParentRunner.java:79)
	at org.junit.runners.ParentRunner.runChildren(ParentRunner.java:329)
	at org.junit.runners.ParentRunner.access$100(ParentRunner.java:66)
	at org.junit.runners.ParentRunner$2.evaluate(ParentRunner.java:293)
	at org.junit.runners.ParentRunner$3.evaluate(ParentRunner.java:306)
	at org.junit.runners.ParentRunner.run(ParentRunner.java:413)
	at org.junit.runners.Suite.runChild(Suite.java:128)
	at org.junit.runners.Suite.runChild(Suite.java:27)
	at org.junit.runners.ParentRunner$4.run(ParentRunner.java:331)
	at org.junit.runners.ParentRunner$1.schedule(ParentRunner.java:79)
	at org.junit.runners.ParentRunner.runChildren(ParentRunner.java:329)
	at org.junit.runners.ParentRunner.access$100(ParentRunner.java:66)
	at org.junit.runners.ParentRunner$2.evaluate(ParentRunner.java:293)
	at org.junit.internal.runners.statements.RunBefores.evaluate(RunBefores.java:26)
	at org.junit.internal.runners.statements.RunAfters.evaluate(RunAfters.java:27)
	at org.junit.runners.ParentRunner$3.evaluate(ParentRunner.java:306)
	at org.junit.runners.ParentRunner.run(ParentRunner.java:413)
	at org.apache.maven.surefire.junit4.JUnit4Provider.execute(JUnit4Provider.java:252)
	at org.apache.maven.surefire.junit4.JUnit4Provider.executeTestSet(JUnit4Provider.java:141)
	at org.apache.maven.surefire.junit4.JUnit4Provider.invoke(JUnit4Provider.java:112)
	at sun.reflect.NativeMethodAccessorImpl.invoke0(Native Method)
	at sun.reflect.NativeMethodAccessorImpl.invoke(NativeMethodAccessorImpl.java:62)
	at sun.reflect.DelegatingMethodAccessorImpl.invoke(DelegatingMethodAccessorImpl.java:43)
	at java.lang.reflect.Method.invoke(Method.java:498)
	at org.apache.maven.surefire.util.ReflectionUtils.invokeMethodWithArray(ReflectionUtils.java:189)
	at org.apache.maven.surefire.booter.ProviderFactory$ProviderProxy.invoke(ProviderFactory.java:165)
	at org.apache.maven.surefire.booter.ProviderFactory.invokeProvider(ProviderFactory.java:85)
	at org.apache.maven.surefire.booter.ForkedBooter.runSuitesInProcess(ForkedBooter.java:115)
	at org.apache.maven.surefire.booter.ForkedBooter.main(ForkedBooter.java:75)
</failure>
    <system-out>[EL Info]: 2022-04-28 17:00:04.146--ServerSession(961893095)--EclipseLink, version: Eclipse Persistence Services - 2.7.6.v20200131-b7c997804f
[EL Info]: connection: 2022-04-28 17:00:04.149--ServerSession(961893095)--/file:/C:/Users/Adrián/IdeaProjects/MA3S_Proyecto/fintech/fintech-ejb/target/test-classes/_FintechEjbTest login successful
[EL Info]: connection: 2022-04-28 17:00:04.184--ServerSession(961893095)--/file:/C:/Users/Adrián/IdeaProjects/MA3S_Proyecto/fintech/fintech-ejb/target/test-classes/_FintechEjbTest logout successful
</system-out>
  </testcase>
  <testcase classname="ma3s.fintech.test.Administrador" name="testModifyAdressPAutorizadaNoEsAdministrador" time="0.115"/>
  <testcase classname="ma3s.fintech.test.Administrador" name="testModifyNamePAutorizadaCampoVacio" time="0.122"/>
  <testcase classname="ma3s.fintech.test.Administrador" name="testModifyFechaInicioPAutorizadaAdminNoExist" time="0.111"/>
  <testcase classname="ma3s.fintech.test.Administrador" name="testModifyIdentPAutorizadaNoEsAdministrador" time="0.117"/>
  <testcase classname="ma3s.fintech.test.Administrador" name="testModifyFechaInicioPAutorizadaCampoVacio" time="0.087"/>
  <testcase classname="ma3s.fintech.test.Administrador" name="testModifyAdressPAutorizadaCampoVacio" time="0.124"/>
  <testcase classname="ma3s.fintech.test.Administrador" name="testAccesoPersonalAdmContNoValida" time="0.138"/>
  <testcase classname="ma3s.fintech.test.Administrador" name="testAnaPNoEsPersonaA" time="0.094"/>
  <testcase classname="ma3s.fintech.test.Administrador" name="testModifyEstadoPAutorizadaAdminNoExist" time="0.105"/>
  <testcase classname="ma3s.fintech.test.Administrador" name="testModifyFechaFinPAutorizadaNoEsAdministrador" time="0.131"/>
  <testcase classname="ma3s.fintech.test.Administrador" name="testModifyIdentPAutorizadaAdminNoExist" time="0.102"/>
  <testcase classname="ma3s.fintech.test.Administrador" name="testAccesoPersonalAdmNoValido" time="0.132"/>
  <testcase classname="ma3s.fintech.test.Administrador" name="testModifySurNamePAutorizadaCampoVacio" time="0.102"/>
  <testcase classname="ma3s.fintech.test.Autorizados" name="testDarBajaErrorNoEsPAutorizada" time="0.121">
    <failure message="Debe lanzar una excepcion NoEsPAutorizadaException" type="java.lang.AssertionError">java.lang.AssertionError: Debe lanzar una excepcion NoEsPAutorizadaException
	at org.junit.Assert.fail(Assert.java:89)
	at ma3s.fintech.test.Autorizados.testDarBajaErrorNoEsPAutorizada(Autorizados.java:110)
	at sun.reflect.NativeMethodAccessorImpl.invoke0(Native Method)
	at sun.reflect.NativeMethodAccessorImpl.invoke(NativeMethodAccessorImpl.java:62)
	at sun.reflect.DelegatingMethodAccessorImpl.invoke(DelegatingMethodAccessorImpl.java:43)
	at java.lang.reflect.Method.invoke(Method.java:498)
	at org.junit.runners.model.FrameworkMethod$1.runReflectiveCall(FrameworkMethod.java:59)
	at org.junit.internal.runners.model.ReflectiveCallable.run(ReflectiveCallable.java:12)
	at org.junit.runners.model.FrameworkMethod.invokeExplosively(FrameworkMethod.java:56)
	at org.junit.internal.runners.statements.InvokeMethod.evaluate(InvokeMethod.java:17)
	at org.junit.internal.runners.statements.RunBefores.evaluate(RunBefores.java:26)
	at org.junit.runners.ParentRunner$3.evaluate(ParentRunner.java:306)
	at org.junit.runners.BlockJUnit4ClassRunner$1.evaluate(BlockJUnit4ClassRunner.java:100)
	at org.junit.runners.ParentRunner.runLeaf(ParentRunner.java:366)
	at org.junit.runners.BlockJUnit4ClassRunner.runChild(BlockJUnit4ClassRunner.java:103)
	at org.junit.runners.BlockJUnit4ClassRunner.runChild(BlockJUnit4ClassRunner.java:63)
	at org.junit.runners.ParentRunner$4.run(ParentRunner.java:331)
	at org.junit.runners.ParentRunner$1.schedule(ParentRunner.java:79)
	at org.junit.runners.ParentRunner.runChildren(ParentRunner.java:329)
	at org.junit.runners.ParentRunner.access$100(ParentRunner.java:66)
	at org.junit.runners.ParentRunner$2.evaluate(ParentRunner.java:293)
	at org.junit.runners.ParentRunner$3.evaluate(ParentRunner.java:306)
	at org.junit.runners.ParentRunner.run(ParentRunner.java:413)
	at org.junit.runners.Suite.runChild(Suite.java:128)
	at org.junit.runners.Suite.runChild(Suite.java:27)
	at org.junit.runners.ParentRunner$4.run(ParentRunner.java:331)
	at org.junit.runners.ParentRunner$1.schedule(ParentRunner.java:79)
	at org.junit.runners.ParentRunner.runChildren(ParentRunner.java:329)
	at org.junit.runners.ParentRunner.access$100(ParentRunner.java:66)
	at org.junit.runners.ParentRunner$2.evaluate(ParentRunner.java:293)
	at org.junit.internal.runners.statements.RunBefores.evaluate(RunBefores.java:26)
	at org.junit.internal.runners.statements.RunAfters.evaluate(RunAfters.java:27)
	at org.junit.runners.ParentRunner$3.evaluate(ParentRunner.java:306)
	at org.junit.runners.ParentRunner.run(ParentRunner.java:413)
	at org.apache.maven.surefire.junit4.JUnit4Provider.execute(JUnit4Provider.java:252)
	at org.apache.maven.surefire.junit4.JUnit4Provider.executeTestSet(JUnit4Provider.java:141)
	at org.apache.maven.surefire.junit4.JUnit4Provider.invoke(JUnit4Provider.java:112)
	at sun.reflect.NativeMethodAccessorImpl.invoke0(Native Method)
	at sun.reflect.NativeMethodAccessorImpl.invoke(NativeMethodAccessorImpl.java:62)
	at sun.reflect.DelegatingMethodAccessorImpl.invoke(DelegatingMethodAccessorImpl.java:43)
	at java.lang.reflect.Method.invoke(Method.java:498)
	at org.apache.maven.surefire.util.ReflectionUtils.invokeMethodWithArray(ReflectionUtils.java:189)
	at org.apache.maven.surefire.booter.ProviderFactory$ProviderProxy.invoke(ProviderFactory.java:165)
	at org.apache.maven.surefire.booter.ProviderFactory.invokeProvider(ProviderFactory.java:85)
	at org.apache.maven.surefire.booter.ForkedBooter.runSuitesInProcess(ForkedBooter.java:115)
	at org.apache.maven.surefire.booter.ForkedBooter.main(ForkedBooter.java:75)
</failure>
    <system-out>[EL Info]: 2022-04-28 17:00:05.754--ServerSession(773533630)--EclipseLink, version: Eclipse Persistence Services - 2.7.6.v20200131-b7c997804f
[EL Info]: connection: 2022-04-28 17:00:05.757--ServerSession(773533630)--/file:/C:/Users/Adrián/IdeaProjects/MA3S_Proyecto/fintech/fintech-ejb/target/test-classes/_FintechEjbTest login successful
[EL Info]: connection: 2022-04-28 17:00:05.785--ServerSession(773533630)--/file:/C:/Users/Adrián/IdeaProjects/MA3S_Proyecto/fintech/fintech-ejb/target/test-classes/_FintechEjbTest logout successful
</system-out>
  </testcase>
  <testcase classname="ma3s.fintech.test.Autorizados" name="testDarBaja" time="0.111">
    <failure message="No Debe lanzar una excepcion " type="java.lang.AssertionError">java.lang.AssertionError: No Debe lanzar una excepcion 
	at org.junit.Assert.fail(Assert.java:89)
	at ma3s.fintech.test.Autorizados.testDarBaja(Autorizados.java:53)
	at sun.reflect.NativeMethodAccessorImpl.invoke0(Native Method)
	at sun.reflect.NativeMethodAccessorImpl.invoke(NativeMethodAccessorImpl.java:62)
	at sun.reflect.DelegatingMethodAccessorImpl.invoke(DelegatingMethodAccessorImpl.java:43)
	at java.lang.reflect.Method.invoke(Method.java:498)
	at org.junit.runners.model.FrameworkMethod$1.runReflectiveCall(FrameworkMethod.java:59)
	at org.junit.internal.runners.model.ReflectiveCallable.run(ReflectiveCallable.java:12)
	at org.junit.runners.model.FrameworkMethod.invokeExplosively(FrameworkMethod.java:56)
	at org.junit.internal.runners.statements.InvokeMethod.evaluate(InvokeMethod.java:17)
	at org.junit.internal.runners.statements.RunBefores.evaluate(RunBefores.java:26)
	at org.junit.runners.ParentRunner$3.evaluate(ParentRunner.java:306)
	at org.junit.runners.BlockJUnit4ClassRunner$1.evaluate(BlockJUnit4ClassRunner.java:100)
	at org.junit.runners.ParentRunner.runLeaf(ParentRunner.java:366)
	at org.junit.runners.BlockJUnit4ClassRunner.runChild(BlockJUnit4ClassRunner.java:103)
	at org.junit.runners.BlockJUnit4ClassRunner.runChild(BlockJUnit4ClassRunner.java:63)
	at org.junit.runners.ParentRunner$4.run(ParentRunner.java:331)
	at org.junit.runners.ParentRunner$1.schedule(ParentRunner.java:79)
	at org.junit.runners.ParentRunner.runChildren(ParentRunner.java:329)
	at org.junit.runners.ParentRunner.access$100(ParentRunner.java:66)
	at org.junit.runners.ParentRunner$2.evaluate(ParentRunner.java:293)
	at org.junit.runners.ParentRunner$3.evaluate(ParentRunner.java:306)
	at org.junit.runners.ParentRunner.run(ParentRunner.java:413)
	at org.junit.runners.Suite.runChild(Suite.java:128)
	at org.junit.runners.Suite.runChild(Suite.java:27)
	at org.junit.runners.ParentRunner$4.run(ParentRunner.java:331)
	at org.junit.runners.ParentRunner$1.schedule(ParentRunner.java:79)
	at org.junit.runners.ParentRunner.runChildren(ParentRunner.java:329)
	at org.junit.runners.ParentRunner.access$100(ParentRunner.java:66)
	at org.junit.runners.ParentRunner$2.evaluate(ParentRunner.java:293)
	at org.junit.internal.runners.statements.RunBefores.evaluate(RunBefores.java:26)
	at org.junit.internal.runners.statements.RunAfters.evaluate(RunAfters.java:27)
	at org.junit.runners.ParentRunner$3.evaluate(ParentRunner.java:306)
	at org.junit.runners.ParentRunner.run(ParentRunner.java:413)
	at org.apache.maven.surefire.junit4.JUnit4Provider.execute(JUnit4Provider.java:252)
	at org.apache.maven.surefire.junit4.JUnit4Provider.executeTestSet(JUnit4Provider.java:141)
	at org.apache.maven.surefire.junit4.JUnit4Provider.invoke(JUnit4Provider.java:112)
	at sun.reflect.NativeMethodAccessorImpl.invoke0(Native Method)
	at sun.reflect.NativeMethodAccessorImpl.invoke(NativeMethodAccessorImpl.java:62)
	at sun.reflect.DelegatingMethodAccessorImpl.invoke(DelegatingMethodAccessorImpl.java:43)
	at java.lang.reflect.Method.invoke(Method.java:498)
	at org.apache.maven.surefire.util.ReflectionUtils.invokeMethodWithArray(ReflectionUtils.java:189)
	at org.apache.maven.surefire.booter.ProviderFactory$ProviderProxy.invoke(ProviderFactory.java:165)
	at org.apache.maven.surefire.booter.ProviderFactory.invokeProvider(ProviderFactory.java:85)
	at org.apache.maven.surefire.booter.ForkedBooter.runSuitesInProcess(ForkedBooter.java:115)
	at org.apache.maven.surefire.booter.ForkedBooter.main(ForkedBooter.java:75)
</failure>
    <system-out>[EL Info]: 2022-04-28 17:00:05.861--ServerSession(1209811335)--EclipseLink, version: Eclipse Persistence Services - 2.7.6.v20200131-b7c997804f
[EL Info]: connection: 2022-04-28 17:00:05.865--ServerSession(1209811335)--/file:/C:/Users/Adrián/IdeaProjects/MA3S_Proyecto/fintech/fintech-ejb/target/test-classes/_FintechEjbTest login successful
[EL Info]: connection: 2022-04-28 17:00:05.902--ServerSession(1209811335)--/file:/C:/Users/Adrián/IdeaProjects/MA3S_Proyecto/fintech/fintech-ejb/target/test-classes/_FintechEjbTest logout successful
</system-out>
  </testcase>
  <testcase classname="ma3s.fintech.test.Autorizados" name="testDarBajaErrorPersonaNoExiste" time="0.129">
    <failure message="Debe lanzar una excepcion PersonaNoExisteException" type="java.lang.AssertionError">java.lang.AssertionError: Debe lanzar una excepcion PersonaNoExisteException
	at org.junit.Assert.fail(Assert.java:89)
	at ma3s.fintech.test.Autorizados.testDarBajaErrorPersonaNoExiste(Autorizados.java:82)
	at sun.reflect.NativeMethodAccessorImpl.invoke0(Native Method)
	at sun.reflect.NativeMethodAccessorImpl.invoke(NativeMethodAccessorImpl.java:62)
	at sun.reflect.DelegatingMethodAccessorImpl.invoke(DelegatingMethodAccessorImpl.java:43)
	at java.lang.reflect.Method.invoke(Method.java:498)
	at org.junit.runners.model.FrameworkMethod$1.runReflectiveCall(FrameworkMethod.java:59)
	at org.junit.internal.runners.model.ReflectiveCallable.run(ReflectiveCallable.java:12)
	at org.junit.runners.model.FrameworkMethod.invokeExplosively(FrameworkMethod.java:56)
	at org.junit.internal.runners.statements.InvokeMethod.evaluate(InvokeMethod.java:17)
	at org.junit.internal.runners.statements.RunBefores.evaluate(RunBefores.java:26)
	at org.junit.runners.ParentRunner$3.evaluate(ParentRunner.java:306)
	at org.junit.runners.BlockJUnit4ClassRunner$1.evaluate(BlockJUnit4ClassRunner.java:100)
	at org.junit.runners.ParentRunner.runLeaf(ParentRunner.java:366)
	at org.junit.runners.BlockJUnit4ClassRunner.runChild(BlockJUnit4ClassRunner.java:103)
	at org.junit.runners.BlockJUnit4ClassRunner.runChild(BlockJUnit4ClassRunner.java:63)
	at org.junit.runners.ParentRunner$4.run(ParentRunner.java:331)
	at org.junit.runners.ParentRunner$1.schedule(ParentRunner.java:79)
	at org.junit.runners.ParentRunner.runChildren(ParentRunner.java:329)
	at org.junit.runners.ParentRunner.access$100(ParentRunner.java:66)
	at org.junit.runners.ParentRunner$2.evaluate(ParentRunner.java:293)
	at org.junit.runners.ParentRunner$3.evaluate(ParentRunner.java:306)
	at org.junit.runners.ParentRunner.run(ParentRunner.java:413)
	at org.junit.runners.Suite.runChild(Suite.java:128)
	at org.junit.runners.Suite.runChild(Suite.java:27)
	at org.junit.runners.ParentRunner$4.run(ParentRunner.java:331)
	at org.junit.runners.ParentRunner$1.schedule(ParentRunner.java:79)
	at org.junit.runners.ParentRunner.runChildren(ParentRunner.java:329)
	at org.junit.runners.ParentRunner.access$100(ParentRunner.java:66)
	at org.junit.runners.ParentRunner$2.evaluate(ParentRunner.java:293)
	at org.junit.internal.runners.statements.RunBefores.evaluate(RunBefores.java:26)
	at org.junit.internal.runners.statements.RunAfters.evaluate(RunAfters.java:27)
	at org.junit.runners.ParentRunner$3.evaluate(ParentRunner.java:306)
	at org.junit.runners.ParentRunner.run(ParentRunner.java:413)
	at org.apache.maven.surefire.junit4.JUnit4Provider.execute(JUnit4Provider.java:252)
	at org.apache.maven.surefire.junit4.JUnit4Provider.executeTestSet(JUnit4Provider.java:141)
	at org.apache.maven.surefire.junit4.JUnit4Provider.invoke(JUnit4Provider.java:112)
	at sun.reflect.NativeMethodAccessorImpl.invoke0(Native Method)
	at sun.reflect.NativeMethodAccessorImpl.invoke(NativeMethodAccessorImpl.java:62)
	at sun.reflect.DelegatingMethodAccessorImpl.invoke(DelegatingMethodAccessorImpl.java:43)
	at java.lang.reflect.Method.invoke(Method.java:498)
	at org.apache.maven.surefire.util.ReflectionUtils.invokeMethodWithArray(ReflectionUtils.java:189)
	at org.apache.maven.surefire.booter.ProviderFactory$ProviderProxy.invoke(ProviderFactory.java:165)
	at org.apache.maven.surefire.booter.ProviderFactory.invokeProvider(ProviderFactory.java:85)
	at org.apache.maven.surefire.booter.ForkedBooter.runSuitesInProcess(ForkedBooter.java:115)
	at org.apache.maven.surefire.booter.ForkedBooter.main(ForkedBooter.java:75)
</failure>
    <system-out>[EL Info]: 2022-04-28 17:00:05.991--ServerSession(79581855)--EclipseLink, version: Eclipse Persistence Services - 2.7.6.v20200131-b7c997804f
[EL Info]: connection: 2022-04-28 17:00:05.995--ServerSession(79581855)--/file:/C:/Users/Adrián/IdeaProjects/MA3S_Proyecto/fintech/fintech-ejb/target/test-classes/_FintechEjbTest login successful
[EL Info]: connection: 2022-04-28 17:00:06.032--ServerSession(79581855)--/file:/C:/Users/Adrián/IdeaProjects/MA3S_Proyecto/fintech/fintech-ejb/target/test-classes/_FintechEjbTest logout successful
</system-out>
  </testcase>
</testsuite>