<?xml version="1.0" encoding="UTF-8" ?>
<testsuite tests="110" failures="0" name="ma3s.fintech.test.SuiteTest" time="19.652" errors="0" skipped="0">
  <properties>
    <property name="java.runtime.name" value="Java(TM) SE Runtime Environment"/>
    <property name="sun.boot.library.path" value="C:\Program Files\Java\jdk1.8.0_202\jre\bin"/>
    <property name="java.vm.version" value="25.202-b08"/>
    <property name="java.vm.vendor" value="Oracle Corporation"/>
    <property name="maven.multiModuleProjectDirectory" value="C:\Users\Adrián\IdeaProjects\MA3S_Proyecto\fintech"/>
    <property name="java.vendor.url" value="http://java.oracle.com/"/>
    <property name="path.separator" value=";"/>
    <property name="guice.disable.misplaced.annotation.check" value="true"/>
    <property name="java.vm.name" value="Java HotSpot(TM) 64-Bit Server VM"/>
    <property name="file.encoding.pkg" value="sun.io"/>
    <property name="user.script" value=""/>
    <property name="user.country" value="ES"/>
    <property name="sun.java.launcher" value="SUN_STANDARD"/>
    <property name="sun.os.patch.level" value=""/>
    <property name="java.vm.specification.name" value="Java Virtual Machine Specification"/>
    <property name="user.dir" value="C:\Users\Adrián\IdeaProjects\MA3S_Proyecto\fintech"/>
    <property name="java.runtime.version" value="1.8.0_202-b08"/>
    <property name="java.awt.graphicsenv" value="sun.awt.Win32GraphicsEnvironment"/>
    <property name="java.endorsed.dirs" value="C:\Program Files\Java\jdk1.8.0_202\jre\lib\endorsed"/>
    <property name="os.arch" value="amd64"/>
    <property name="java.io.tmpdir" value="C:\Users\ADRIN~1\AppData\Local\Temp\"/>
    <property name="line.separator" value="
"/>
    <property name="java.vm.specification.vendor" value="Oracle Corporation"/>
    <property name="user.variant" value=""/>
    <property name="os.name" value="Windows 10"/>
    <property name="classworlds.conf" value="C:\Program Files\Maven\apache-maven-3.8.5\bin\m2.conf"/>
    <property name="sun.jnu.encoding" value="Cp1252"/>
    <property name="java.library.path" value="C:\Program Files\Java\jdk1.8.0_202\bin;C:\Windows\Sun\Java\bin;C:\Windows\system32;C:\Windows;C:\Program Files\Maven\apache-maven-3.8.5\bin;C:\Program Files (x86)\Common Files\Oracle\Java\javapath;C:\Program Files\Common Files\Oracle\Java\javapath;C:\Program Files\Haskell\bin;C:\Program Files\Haskell Platform\8.6.5\lib\extralibs\bin;C:\Program Files\Haskell Platform\8.6.5\bin;C:\Windows\system32;C:\Windows;C:\Windows\System32\Wbem;C:\Windows\System32\WindowsPowerShell\v1.0\;C:\Windows\System32\OpenSSH\;C:\Program Files\Haskell Platform\8.6.5\mingw\bin;C:\yagarto-20121222\bin;C:\Program Files\Git\cmd;C:\HashiCorp\Vagrant\bin;C:\Program Files\Docker\Docker\resources\bin;C:\ProgramData\DockerDesktop\version-bin;C:\Users\Adrián\AppData\Local\Programs\Python\Python39\Scripts\;C:\Users\Adrián\AppData\Local\Programs\Python\Python39\;C:\Users\Adrián\AppData\Roaming\cabal\bin;C:\Users\Adrián\AppData\Roaming\local\bin;C:\Users\Adrián\AppData\Local\Microsoft\WindowsApps;C:\Users\Adrián\AppData\Local\Programs\Microsoft VS Code\bin;."/>
    <property name="maven.conf" value="C:\Program Files\Maven\apache-maven-3.8.5/conf"/>
    <property name="java.specification.name" value="Java Platform API Specification"/>
    <property name="java.class.version" value="52.0"/>
    <property name="sun.management.compiler" value="HotSpot 64-Bit Tiered Compilers"/>
    <property name="os.version" value="10.0"/>
    <property name="library.jansi.path" value="C:\Program Files\Maven\apache-maven-3.8.5\lib\jansi-native"/>
    <property name="user.home" value="C:\Users\Adrián"/>
    <property name="user.timezone" value="Europe/Paris"/>
    <property name="java.awt.printerjob" value="sun.awt.windows.WPrinterJob"/>
    <property name="java.specification.version" value="1.8"/>
    <property name="file.encoding" value="Cp1252"/>
    <property name="user.name" value="Adrián"/>
    <property name="java.class.path" value="C:\Program Files\Maven\apache-maven-3.8.5\boot\plexus-classworlds-2.6.0.jar"/>
    <property name="java.vm.specification.version" value="1.8"/>
    <property name="sun.arch.data.model" value="64"/>
    <property name="java.home" value="C:\Program Files\Java\jdk1.8.0_202\jre"/>
    <property name="sun.java.command" value="org.codehaus.plexus.classworlds.launcher.Launcher test"/>
    <property name="java.specification.vendor" value="Oracle Corporation"/>
    <property name="user.language" value="es"/>
    <property name="awt.toolkit" value="sun.awt.windows.WToolkit"/>
    <property name="java.vm.info" value="mixed mode"/>
    <property name="java.version" value="1.8.0_202"/>
    <property name="java.ext.dirs" value="C:\Program Files\Java\jdk1.8.0_202\jre\lib\ext;C:\Windows\Sun\Java\lib\ext"/>
    <property name="sun.boot.class.path" value="C:\Program Files\Java\jdk1.8.0_202\jre\lib\resources.jar;C:\Program Files\Java\jdk1.8.0_202\jre\lib\rt.jar;C:\Program Files\Java\jdk1.8.0_202\jre\lib\sunrsasign.jar;C:\Program Files\Java\jdk1.8.0_202\jre\lib\jsse.jar;C:\Program Files\Java\jdk1.8.0_202\jre\lib\jce.jar;C:\Program Files\Java\jdk1.8.0_202\jre\lib\charsets.jar;C:\Program Files\Java\jdk1.8.0_202\jre\lib\jfr.jar;C:\Program Files\Java\jdk1.8.0_202\jre\classes"/>
    <property name="sun.stderr.encoding" value="cp850"/>
    <property name="java.vendor" value="Oracle Corporation"/>
    <property name="maven.home" value="C:\Program Files\Maven\apache-maven-3.8.5"/>
    <property name="file.separator" value="\"/>
    <property name="java.vendor.url.bug" value="http://bugreport.sun.com/bugreport/"/>
    <property name="sun.cpu.endian" value="little"/>
    <property name="sun.io.unicode.encoding" value="UnicodeLittle"/>
    <property name="sun.stdout.encoding" value="cp850"/>
    <property name="sun.desktop" value="windows"/>
    <property name="sun.cpu.isalist" value="amd64"/>
  </properties>
  <testcase classname="ma3s.fintech.test.Cuentas" name="testCierreCuentaOk" time="0.8"/>
  <testcase classname="ma3s.fintech.test.Cuentas" name="testCierreUsuarioNoEncontrado" time="0.749"/>
  <testcase classname="ma3s.fintech.test.Cuentas" name="testCierreCuentaUsuarioIncorrecto" time="0.28"/>
  <testcase classname="ma3s.fintech.test.Cuentas" name="testAperturaCuentaSegregadaOk" time="0.277"/>
  <testcase classname="ma3s.fintech.test.Cuentas" name="testAperturaCuentaSegregada" time="0.281"/>
  <testcase classname="ma3s.fintech.test.Cuentas" name="testAperturaCuentaPooled" time="0.247"/>
  <testcase classname="ma3s.fintech.test.Cuentas" name="testAperturaCuentaPooledOk" time="0.234"/>
  <testcase classname="ma3s.fintech.test.Cuentas" name="testCierreCuentaNoVacia" time="0.269"/>
  <testcase classname="ma3s.fintech.test.Cuentas" name="testCierreCuentaNoExistente" time="0.237"/>
  <testcase classname="ma3s.fintech.test.Transacciones" name="TestTransferenciaClienteConCamposVacio" time="0.245"/>
  <testcase classname="ma3s.fintech.test.Transacciones" name="TestTransferenciaPAutorizadaErrorCuentaOrigen" time="0.208"/>
  <testcase classname="ma3s.fintech.test.Transacciones" name="TestTransferenciaClientePorUsuarioNoExistente" time="0.215"/>
  <testcase classname="ma3s.fintech.test.Usuarios" name="testAutorizarLecturaOk" time="0.574"/>
  <testcase classname="ma3s.fintech.test.Usuarios" name="testAutorizarOperacioOk" time="0.198"/>
  <testcase classname="ma3s.fintech.test.Usuarios" name="testAccederAplicacion" time="0.242"/>
  <testcase classname="ma3s.fintech.test.Usuarios" name="testAutorizarLectura" time="0.232"/>
  <testcase classname="ma3s.fintech.test.Usuarios" name="testAccederAplicacionErrorUsuario" time="0.213"/>
  <testcase classname="ma3s.fintech.test.Usuarios" name="testAutorizarOperacion" time="0.223"/>
  <testcase classname="ma3s.fintech.test.Reportes" name="testPAutoError" time="0.196"/>
  <testcase classname="ma3s.fintech.test.Reportes" name="testGestionInfNoValido" time="0.201"/>
  <testcase classname="ma3s.fintech.test.Reportes" name="testPAuto" time="0.197"/>
  <testcase classname="ma3s.fintech.test.Reportes" name="testGestionInfValido" time="0.17"/>
  <testcase classname="ma3s.fintech.test.Reportes" name="testGestionClienteApiError" time="0.164"/>
  <testcase classname="ma3s.fintech.test.Reportes" name="testGestionClienteApi" time="0.199"/>
  <testcase classname="ma3s.fintech.test.Clientes" name="testModCiudadEmpresaCampoVacio" time="0.184"/>
  <testcase classname="ma3s.fintech.test.Clientes" name="testDarAltaIndividualCampoVacio" time="0.181"/>
  <testcase classname="ma3s.fintech.test.Clientes" name="testModCodigoPostalIndividualCampoVacio" time="0.175"/>
  <testcase classname="ma3s.fintech.test.Clientes" name="testDarAltaIndividualClienteYaExistente" time="0.146"/>
  <testcase classname="ma3s.fintech.test.Clientes" name="testModCiudadEmpresaNoExistente" time="0.193"/>
  <testcase classname="ma3s.fintech.test.Clientes" name="testModRazonSocialEmpresaNoExistente" time="0.157"/>
  <testcase classname="ma3s.fintech.test.Clientes" name="testModFechaNacimientoIndividualIndividualNoExistenteException" time="0.175"/>
  <testcase classname="ma3s.fintech.test.Clientes" name="testDarBajaClienteCuentaAbierta" time="0.163"/>
  <testcase classname="ma3s.fintech.test.Clientes" name="testModRazonSocialEmpresa" time="0.159"/>
  <testcase classname="ma3s.fintech.test.Clientes" name="testModNombreIndividual" time="0.147"/>
  <testcase classname="ma3s.fintech.test.Clientes" name="testModApellidoIndividualIndividualNoExistenteException" time="0.18"/>
  <testcase classname="ma3s.fintech.test.Clientes" name="testModCodigoPostalIndividualIndividualNoExistenteException" time="0.165"/>
  <testcase classname="ma3s.fintech.test.Clientes" name="testModCiudadIndividual" time="0.179"/>
  <testcase classname="ma3s.fintech.test.Clientes" name="testModNombreIndividualIndividualNoExistenteException" time="0.189"/>
  <testcase classname="ma3s.fintech.test.Clientes" name="testModCiudadIndividualCampoVacio" time="0.263"/>
  <testcase classname="ma3s.fintech.test.Clientes" name="testModDireccionEmpresaNoExistente" time="0.144"/>
  <testcase classname="ma3s.fintech.test.Clientes" name="testDarAltaIndividual" time="0.118"/>
  <testcase classname="ma3s.fintech.test.Clientes" name="testDarBajaClienteClienteNoExiste" time="0.14"/>
  <testcase classname="ma3s.fintech.test.Clientes" name="testModCiudadEmpresa" time="0.166"/>
  <testcase classname="ma3s.fintech.test.Clientes" name="testModCodigoPostalEmpresa" time="0.143"/>
  <testcase classname="ma3s.fintech.test.Clientes" name="testModCodigoPostalCampoVacio" time="0.146"/>
  <testcase classname="ma3s.fintech.test.Clientes" name="testModPaisEmpresa" time="0.169"/>
  <testcase classname="ma3s.fintech.test.Clientes" name="testModDireccionIndividualIndividualNoExistenteException" time="0.151"/>
  <testcase classname="ma3s.fintech.test.Clientes" name="testDarAltaEmpresaCampoVacio" time="0.152"/>
  <testcase classname="ma3s.fintech.test.Clientes" name="testModFechaNacimientoIndividualCampoVacio" time="0.157"/>
  <testcase classname="ma3s.fintech.test.Clientes" name="testModPaisIndividualIndividualNoExistenteException" time="0.155"/>
  <testcase classname="ma3s.fintech.test.Clientes" name="testModCiudadIndividualIndividualNoExistenteException" time="0.158"/>
  <testcase classname="ma3s.fintech.test.Clientes" name="testDarBajaCliente" time="0.194"/>
  <testcase classname="ma3s.fintech.test.Clientes" name="testModRazonSocialEmpresaCampoVacio" time="0.138"/>
  <testcase classname="ma3s.fintech.test.Clientes" name="testModDireccionEmpresa" time="0.153"/>
  <testcase classname="ma3s.fintech.test.Clientes" name="testModCodigoPostalIndividual" time="0.144"/>
  <testcase classname="ma3s.fintech.test.Clientes" name="testModDireccionIndividual" time="0.169"/>
  <testcase classname="ma3s.fintech.test.Clientes" name="testModDireccionIndividualCampoVacio" time="0.152"/>
  <testcase classname="ma3s.fintech.test.Clientes" name="testModPaisIndividualCampoVacio" time="0.151"/>
  <testcase classname="ma3s.fintech.test.Clientes" name="testDarAltaEmpresa" time="0.144"/>
  <testcase classname="ma3s.fintech.test.Clientes" name="testModPaisEmpresaNoExistente" time="0.158"/>
  <testcase classname="ma3s.fintech.test.Clientes" name="testModPaisIndividual" time="0.14"/>
  <testcase classname="ma3s.fintech.test.Clientes" name="testDarAltaEmpresaClienteYaExistente" time="0.166"/>
  <testcase classname="ma3s.fintech.test.Clientes" name="testModPaisEmpresaCampoVacio" time="0.185"/>
  <testcase classname="ma3s.fintech.test.Clientes" name="testDarBajaClienteCampoVacio" time="0.121"/>
  <testcase classname="ma3s.fintech.test.Clientes" name="testModFechaNacimientoIndividual" time="0.129"/>
  <testcase classname="ma3s.fintech.test.Clientes" name="testModDireccionEmpresaCampoVacio" time="0.149"/>
  <testcase classname="ma3s.fintech.test.Clientes" name="testModApellidoIndividual" time="0.139"/>
  <testcase classname="ma3s.fintech.test.Clientes" name="testModNombreIndividualCampoVacio" time="0.125"/>
  <testcase classname="ma3s.fintech.test.Clientes" name="testModApellidoIndividualCampoVacio" time="0.132"/>
  <testcase classname="ma3s.fintech.test.Clientes" name="testModCodigoPostalNoExistente" time="0.124"/>
  <testcase classname="ma3s.fintech.test.Administrador" name="testModifyFechaFinPAutorizadaAdminNoExist" time="0.144"/>
  <testcase classname="ma3s.fintech.test.Administrador" name="testGenerarCSVfallo" time="0.148"/>
  <testcase classname="ma3s.fintech.test.Administrador" name="testModifyNamePAutorizadaAdminNoExist" time="0.154"/>
  <testcase classname="ma3s.fintech.test.Administrador" name="testModifyFechaNacimientoPAutorizadaNoEsAdministrador" time="0.145"/>
  <testcase classname="ma3s.fintech.test.Administrador" name="testModifySurNamePAutorizadaNoEsAdministrador" time="0.142"/>
  <testcase classname="ma3s.fintech.test.Administrador" name="testModifyFechaNacimientoPAutorizadaCampoVacio" time="0.124"/>
  <testcase classname="ma3s.fintech.test.Administrador" name="testModifyEstadoPAutorizadaNoEsAdministrador" time="0.107"/>
  <testcase classname="ma3s.fintech.test.Administrador" name="testModifyFechaInicioPAutorizadaNoEsAdministrador" time="0.129"/>
  <testcase classname="ma3s.fintech.test.Administrador" name="testAnaPNoEsEmpresa" time="0.197"/>
  <testcase classname="ma3s.fintech.test.Administrador" name="testAccesoPersonalAdmNoEncontrado" time="0.185"/>
  <testcase classname="ma3s.fintech.test.Administrador" name="testGenerarCSV" time="0.235"/>
  <testcase classname="ma3s.fintech.test.Administrador" name="testModifyAdressPAutorizadaAdminNoExist" time="0.12"/>
  <testcase classname="ma3s.fintech.test.Administrador" name="testAnaEmpresaCorrecto" time="0.143"/>
  <testcase classname="ma3s.fintech.test.Administrador" name="testGenerarCSVfalloIndividual" time="0.145"/>
  <testcase classname="ma3s.fintech.test.Administrador" name="testModifyNamePAutorizadaNoEsAdministrador" time="0.264"/>
  <testcase classname="ma3s.fintech.test.Administrador" name="testModifyEstadoPAutorizadaEstadoNoValido" time="0.138"/>
  <testcase classname="ma3s.fintech.test.Administrador" name="testModifyEstadoPAutorizadaCampoVacio" time="0.14"/>
  <testcase classname="ma3s.fintech.test.Administrador" name="testAnaPersonaNoExistente" time="0.123"/>
  <testcase classname="ma3s.fintech.test.Administrador" name="testModifyFechaNacimientoPAutorizadaAdminNoExist" time="0.137"/>
  <testcase classname="ma3s.fintech.test.Administrador" name="testModifyIdentPAutorizadaCampoVacio" time="0.123"/>
  <testcase classname="ma3s.fintech.test.Administrador" name="testAccesoPersonalAdmValido" time="0.131"/>
  <testcase classname="ma3s.fintech.test.Administrador" name="testModifySurNamePAutorizadaAdminNoExist" time="0.131"/>
  <testcase classname="ma3s.fintech.test.Administrador" name="testModifyFechaFinPAutorizadaCampoVacio" time="0.134"/>
  <testcase classname="ma3s.fintech.test.Administrador" name="testAnaEmpresaNoRelac" time="0.122"/>
  <testcase classname="ma3s.fintech.test.Administrador" name="testModifyAdressPAutorizadaNoEsAdministrador" time="0.127"/>
  <testcase classname="ma3s.fintech.test.Administrador" name="testModifyNamePAutorizadaCampoVacio" time="0.118"/>
  <testcase classname="ma3s.fintech.test.Administrador" name="testModifyFechaInicioPAutorizadaAdminNoExist" time="0.097"/>
  <testcase classname="ma3s.fintech.test.Administrador" name="testModifyIdentPAutorizadaNoEsAdministrador" time="0.144"/>
  <testcase classname="ma3s.fintech.test.Administrador" name="testModifyFechaInicioPAutorizadaCampoVacio" time="0.139"/>
  <testcase classname="ma3s.fintech.test.Administrador" name="testModifyAdressPAutorizadaCampoVacio" time="0.126"/>
  <testcase classname="ma3s.fintech.test.Administrador" name="testAccesoPersonalAdmContNoValida" time="0.132"/>
  <testcase classname="ma3s.fintech.test.Administrador" name="testAnaPNoEsPersonaA" time="0.124"/>
  <testcase classname="ma3s.fintech.test.Administrador" name="testModifyEstadoPAutorizadaAdminNoExist" time="0.127"/>
  <testcase classname="ma3s.fintech.test.Administrador" name="testModifyFechaFinPAutorizadaNoEsAdministrador" time="0.136"/>
  <testcase classname="ma3s.fintech.test.Administrador" name="testModifyIdentPAutorizadaAdminNoExist" time="0.133"/>
  <testcase classname="ma3s.fintech.test.Administrador" name="testAccesoPersonalAdmNoValido" time="0.131"/>
  <testcase classname="ma3s.fintech.test.Administrador" name="testModifySurNamePAutorizadaCampoVacio" time="0.12"/>
  <testcase classname="ma3s.fintech.test.Autorizados" name="testDarBajaErrorNoEsPAutorizada" time="0.108"/>
  <testcase classname="ma3s.fintech.test.Autorizados" name="testDarBaja" time="0.112"/>
  <testcase classname="ma3s.fintech.test.Autorizados" name="testDarBajaErrorPersonaNoExiste" time="0.098"/>
</testsuite>